[2024-11-12T11:27:38.185+0000] {local_task_job_runner.py:123} INFO - ::group::Pre task execution logs
[2024-11-12T11:27:38.517+0000] {taskinstance.py:2612} INFO - Dependencies all met for dep_context=non-requeueable deps ti=<TaskInstance: add_data_API.run_API_fin scheduled__2024-11-01T12:00:00+00:00 [queued]>
[2024-11-12T11:27:38.605+0000] {taskinstance.py:2612} INFO - Dependencies all met for dep_context=requeueable deps ti=<TaskInstance: add_data_API.run_API_fin scheduled__2024-11-01T12:00:00+00:00 [queued]>
[2024-11-12T11:27:38.613+0000] {taskinstance.py:2865} INFO - Starting attempt 1 of 2
[2024-11-12T11:27:38.785+0000] {taskinstance.py:2888} INFO - Executing <Task(PythonOperator): run_API_fin> on 2024-11-01 12:00:00+00:00
[2024-11-12T11:27:38.884+0000] {standard_task_runner.py:104} INFO - Running: ['***', 'tasks', 'run', 'add_data_API', 'run_API_fin', 'scheduled__2024-11-01T12:00:00+00:00', '--job-id', '455', '--raw', '--subdir', 'DAGS_FOLDER/insert_data_fin.py', '--cfg-path', '/tmp/tmpjyyxa0jl']
[2024-11-12T11:27:38.900+0000] {standard_task_runner.py:105} INFO - Job 455: Subtask run_API_fin
[2024-11-12T11:27:38.894+0000] {warnings.py:112} WARNING - /home/***/.local/lib/python3.12/site-packages/***/task/task_runner/standard_task_runner.py:70: DeprecationWarning: This process (pid=98) is multi-threaded, use of fork() may lead to deadlocks in the child.
  pid = os.fork()

[2024-11-12T11:27:38.976+0000] {standard_task_runner.py:72} INFO - Started process 129 to run task
[2024-11-12T11:27:49.032+0000] {cli_action_loggers.py:177} WARNING - Failed to log action (psycopg2.OperationalError) could not translate host name "postgres" to address: Temporary failure in name resolution

(Background on this error at: https://sqlalche.me/e/14/e3q8)
[2024-11-12T11:27:56.339+0000] {job.py:229} INFO - Heartbeat recovered after 18.52 seconds
[2024-11-12T11:27:56.566+0000] {task_command.py:467} INFO - Running <TaskInstance: add_data_API.run_API_fin scheduled__2024-11-01T12:00:00+00:00 [running]> on host 97974acde2c9
[2024-11-12T11:27:56.877+0000] {taskinstance.py:3131} INFO - Exporting env vars: AIRFLOW_CTX_DAG_OWNER='***' AIRFLOW_CTX_DAG_ID='add_data_API' AIRFLOW_CTX_TASK_ID='run_API_fin' AIRFLOW_CTX_EXECUTION_DATE='2024-11-01T12:00:00+00:00' AIRFLOW_CTX_TRY_NUMBER='1' AIRFLOW_CTX_DAG_RUN_ID='scheduled__2024-11-01T12:00:00+00:00'
[2024-11-12T11:27:56.910+0000] {logging_mixin.py:190} INFO - Task instance is in running state
[2024-11-12T11:27:56.917+0000] {logging_mixin.py:190} INFO -  Previous state of the Task instance: queued
[2024-11-12T11:27:56.918+0000] {logging_mixin.py:190} INFO - Current task name:run_API_fin state:running start_date:2024-11-12 11:27:38.522529+00:00
[2024-11-12T11:27:56.923+0000] {logging_mixin.py:190} INFO - Dag name:add_data_API and current dag run status:running
[2024-11-12T11:27:56.935+0000] {taskinstance.py:731} INFO - ::endgroup::
[2024-11-12T11:27:57.193+0000] {logging_mixin.py:190} INFO - Erreur lors de l'exécution du script : Command '['python3', '/OneDrive/Documents/GitHub/Projet_EDD/script/getAPI_fin.py']' returned non-zero exit status 2.
[2024-11-12T11:27:57.194+0000] {python.py:240} INFO - Done. Returned value was: None
[2024-11-12T11:27:57.257+0000] {taskinstance.py:340} INFO - ::group::Post task execution logs
[2024-11-12T11:27:57.266+0000] {taskinstance.py:352} INFO - Marking task as SUCCESS. dag_id=add_data_API, task_id=run_API_fin, run_id=scheduled__2024-11-01T12:00:00+00:00, execution_date=20241101T120000, start_date=20241112T112738, end_date=20241112T112757
[2024-11-12T11:27:57.336+0000] {logging_mixin.py:190} INFO - Task instance in success state
[2024-11-12T11:27:57.338+0000] {logging_mixin.py:190} INFO -  Previous state of the Task instance: running
[2024-11-12T11:27:57.341+0000] {logging_mixin.py:190} INFO - Dag name:add_data_API queued_at:2024-11-12 11:25:55.288752+00:00
[2024-11-12T11:27:57.343+0000] {logging_mixin.py:190} INFO - Task hostname:97974acde2c9 operator:PythonOperator
[2024-11-12T11:27:57.390+0000] {local_task_job_runner.py:266} INFO - Task exited with return code 0
[2024-11-12T11:27:57.409+0000] {local_task_job_runner.py:245} INFO - ::endgroup::
