[2024-11-12T11:28:54.844+0000] {local_task_job_runner.py:123} INFO - ::group::Pre task execution logs
[2024-11-12T11:28:55.026+0000] {taskinstance.py:2612} INFO - Dependencies all met for dep_context=non-requeueable deps ti=<TaskInstance: add_data_API.run_API_news scheduled__2024-11-03T18:00:00+00:00 [queued]>
[2024-11-12T11:28:55.057+0000] {taskinstance.py:2612} INFO - Dependencies all met for dep_context=requeueable deps ti=<TaskInstance: add_data_API.run_API_news scheduled__2024-11-03T18:00:00+00:00 [queued]>
[2024-11-12T11:28:55.059+0000] {taskinstance.py:2865} INFO - Starting attempt 1 of 2
[2024-11-12T11:28:55.112+0000] {taskinstance.py:2888} INFO - Executing <Task(PythonOperator): run_API_news> on 2024-11-03 18:00:00+00:00
[2024-11-12T11:28:55.183+0000] {warnings.py:112} WARNING - /home/***/.local/lib/python3.12/site-packages/***/task/task_runner/standard_task_runner.py:70: DeprecationWarning: This process (pid=151) is multi-threaded, use of fork() may lead to deadlocks in the child.
  pid = os.fork()

[2024-11-12T11:28:55.195+0000] {standard_task_runner.py:72} INFO - Started process 176 to run task
[2024-11-12T11:28:55.205+0000] {standard_task_runner.py:104} INFO - Running: ['***', 'tasks', 'run', 'add_data_API', 'run_API_news', 'scheduled__2024-11-03T18:00:00+00:00', '--job-id', '461', '--raw', '--subdir', 'DAGS_FOLDER/insert_data_fin.py', '--cfg-path', '/tmp/tmp_aeogfnm']
[2024-11-12T11:28:55.210+0000] {standard_task_runner.py:105} INFO - Job 461: Subtask run_API_news
[2024-11-12T11:28:55.540+0000] {task_command.py:467} INFO - Running <TaskInstance: add_data_API.run_API_news scheduled__2024-11-03T18:00:00+00:00 [running]> on host 97974acde2c9
[2024-11-12T11:28:56.202+0000] {taskinstance.py:3131} INFO - Exporting env vars: AIRFLOW_CTX_DAG_OWNER='***' AIRFLOW_CTX_DAG_ID='add_data_API' AIRFLOW_CTX_TASK_ID='run_API_news' AIRFLOW_CTX_EXECUTION_DATE='2024-11-03T18:00:00+00:00' AIRFLOW_CTX_TRY_NUMBER='1' AIRFLOW_CTX_DAG_RUN_ID='scheduled__2024-11-03T18:00:00+00:00'
[2024-11-12T11:28:56.210+0000] {logging_mixin.py:190} INFO - Task instance is in running state
[2024-11-12T11:28:56.236+0000] {logging_mixin.py:190} INFO -  Previous state of the Task instance: queued
[2024-11-12T11:28:56.239+0000] {logging_mixin.py:190} INFO - Current task name:run_API_news state:running start_date:2024-11-12 11:28:55.028330+00:00
[2024-11-12T11:28:56.241+0000] {logging_mixin.py:190} INFO - Dag name:add_data_API and current dag run status:running
[2024-11-12T11:28:56.243+0000] {taskinstance.py:731} INFO - ::endgroup::
[2024-11-12T11:28:56.501+0000] {logging_mixin.py:190} INFO - Erreur lors de l'exécution du script : Command '['python3', '/OneDrive/Documents/GitHub/Projet_EDD/script/getAPI.py']' returned non-zero exit status 2.
[2024-11-12T11:28:56.502+0000] {python.py:240} INFO - Done. Returned value was: None
[2024-11-12T11:28:56.550+0000] {taskinstance.py:340} INFO - ::group::Post task execution logs
[2024-11-12T11:28:56.556+0000] {taskinstance.py:352} INFO - Marking task as SUCCESS. dag_id=add_data_API, task_id=run_API_news, run_id=scheduled__2024-11-03T18:00:00+00:00, execution_date=20241103T180000, start_date=20241112T112855, end_date=20241112T112856
[2024-11-12T11:28:56.615+0000] {logging_mixin.py:190} INFO - Task instance in success state
[2024-11-12T11:28:56.617+0000] {logging_mixin.py:190} INFO -  Previous state of the Task instance: running
[2024-11-12T11:28:56.620+0000] {logging_mixin.py:190} INFO - Dag name:add_data_API queued_at:2024-11-12 11:26:52.981522+00:00
[2024-11-12T11:28:56.621+0000] {logging_mixin.py:190} INFO - Task hostname:97974acde2c9 operator:PythonOperator
[2024-11-12T11:28:56.693+0000] {local_task_job_runner.py:266} INFO - Task exited with return code 0
[2024-11-12T11:28:56.753+0000] {taskinstance.py:3900} INFO - 0 downstream tasks scheduled from follow-on schedule check
[2024-11-12T11:28:56.773+0000] {local_task_job_runner.py:245} INFO - ::endgroup::
