[2024-11-19T08:07:27.414+0000] {processor.py:186} INFO - Started process (PID=135) to work on /opt/airflow/dags/insert_data.py
[2024-11-19T08:07:27.416+0000] {processor.py:914} INFO - Processing file /opt/airflow/dags/insert_data.py for tasks to queue
[2024-11-19T08:07:27.420+0000] {logging_mixin.py:190} INFO - [2024-11-19T08:07:27.420+0000] {dagbag.py:588} INFO - Filling up the DagBag from /opt/airflow/dags/insert_data.py
[2024-11-19T08:07:27.445+0000] {processor.py:925} INFO - DAG(s) 'sentiment_analysis_kafka_dag' retrieved from /opt/airflow/dags/insert_data.py
[2024-11-19T08:07:27.638+0000] {logging_mixin.py:190} INFO - [2024-11-19T08:07:27.637+0000] {dag.py:3239} INFO - Sync 1 DAGs
[2024-11-19T08:07:27.679+0000] {logging_mixin.py:190} INFO - [2024-11-19T08:07:27.678+0000] {dag.py:4180} INFO - Setting next_dagrun for sentiment_analysis_kafka_dag to 2024-11-01 00:00:00+00:00, run_after=2024-11-01 08:00:00+00:00
[2024-11-19T08:07:27.745+0000] {processor.py:208} INFO - Processing /opt/airflow/dags/insert_data.py took 0.344 seconds
[2024-11-19T08:07:58.758+0000] {processor.py:186} INFO - Started process (PID=203) to work on /opt/airflow/dags/insert_data.py
[2024-11-19T08:07:58.759+0000] {processor.py:914} INFO - Processing file /opt/airflow/dags/insert_data.py for tasks to queue
[2024-11-19T08:07:58.762+0000] {logging_mixin.py:190} INFO - [2024-11-19T08:07:58.762+0000] {dagbag.py:588} INFO - Filling up the DagBag from /opt/airflow/dags/insert_data.py
[2024-11-19T08:07:58.786+0000] {processor.py:925} INFO - DAG(s) 'sentiment_analysis_kafka_dag' retrieved from /opt/airflow/dags/insert_data.py
[2024-11-19T08:07:58.811+0000] {logging_mixin.py:190} INFO - [2024-11-19T08:07:58.811+0000] {dag.py:3239} INFO - Sync 1 DAGs
[2024-11-19T08:07:58.841+0000] {logging_mixin.py:190} INFO - [2024-11-19T08:07:58.840+0000] {dag.py:4180} INFO - Setting next_dagrun for sentiment_analysis_kafka_dag to 2024-11-01 00:00:00+00:00, run_after=2024-11-01 08:00:00+00:00
[2024-11-19T08:07:58.865+0000] {processor.py:208} INFO - Processing /opt/airflow/dags/insert_data.py took 0.115 seconds
[2024-11-19T08:08:29.299+0000] {processor.py:186} INFO - Started process (PID=268) to work on /opt/airflow/dags/insert_data.py
[2024-11-19T08:08:29.300+0000] {processor.py:914} INFO - Processing file /opt/airflow/dags/insert_data.py for tasks to queue
[2024-11-19T08:08:29.305+0000] {logging_mixin.py:190} INFO - [2024-11-19T08:08:29.304+0000] {dagbag.py:588} INFO - Filling up the DagBag from /opt/airflow/dags/insert_data.py
[2024-11-19T08:08:29.330+0000] {processor.py:925} INFO - DAG(s) 'sentiment_analysis_kafka_dag' retrieved from /opt/airflow/dags/insert_data.py
[2024-11-19T08:08:29.362+0000] {logging_mixin.py:190} INFO - [2024-11-19T08:08:29.362+0000] {dag.py:3239} INFO - Sync 1 DAGs
[2024-11-19T08:08:29.413+0000] {logging_mixin.py:190} INFO - [2024-11-19T08:08:29.413+0000] {dag.py:4180} INFO - Setting next_dagrun for sentiment_analysis_kafka_dag to 2024-11-01 00:00:00+00:00, run_after=2024-11-01 08:00:00+00:00
[2024-11-19T08:08:29.440+0000] {processor.py:208} INFO - Processing /opt/airflow/dags/insert_data.py took 0.149 seconds
[2024-11-19T08:09:00.815+0000] {processor.py:186} INFO - Started process (PID=338) to work on /opt/airflow/dags/insert_data.py
[2024-11-19T08:09:00.817+0000] {processor.py:914} INFO - Processing file /opt/airflow/dags/insert_data.py for tasks to queue
[2024-11-19T08:09:00.820+0000] {logging_mixin.py:190} INFO - [2024-11-19T08:09:00.819+0000] {dagbag.py:588} INFO - Filling up the DagBag from /opt/airflow/dags/insert_data.py
[2024-11-19T08:09:00.865+0000] {processor.py:925} INFO - DAG(s) 'sentiment_analysis_kafka_dag' retrieved from /opt/airflow/dags/insert_data.py
[2024-11-19T08:09:00.898+0000] {logging_mixin.py:190} INFO - [2024-11-19T08:09:00.897+0000] {dag.py:3239} INFO - Sync 1 DAGs
[2024-11-19T08:09:00.933+0000] {logging_mixin.py:190} INFO - [2024-11-19T08:09:00.933+0000] {dag.py:4180} INFO - Setting next_dagrun for sentiment_analysis_kafka_dag to 2024-11-01 00:00:00+00:00, run_after=2024-11-01 08:00:00+00:00
[2024-11-19T08:09:00.963+0000] {processor.py:208} INFO - Processing /opt/airflow/dags/insert_data.py took 0.156 seconds
[2024-11-19T08:09:31.041+0000] {processor.py:186} INFO - Started process (PID=403) to work on /opt/airflow/dags/insert_data.py
[2024-11-19T08:09:31.042+0000] {processor.py:914} INFO - Processing file /opt/airflow/dags/insert_data.py for tasks to queue
[2024-11-19T08:09:31.045+0000] {logging_mixin.py:190} INFO - [2024-11-19T08:09:31.045+0000] {dagbag.py:588} INFO - Filling up the DagBag from /opt/airflow/dags/insert_data.py
[2024-11-19T08:09:31.064+0000] {processor.py:925} INFO - DAG(s) 'sentiment_analysis_kafka_dag' retrieved from /opt/airflow/dags/insert_data.py
[2024-11-19T08:09:31.083+0000] {logging_mixin.py:190} INFO - [2024-11-19T08:09:31.082+0000] {dag.py:3239} INFO - Sync 1 DAGs
[2024-11-19T08:09:31.110+0000] {logging_mixin.py:190} INFO - [2024-11-19T08:09:31.110+0000] {dag.py:4180} INFO - Setting next_dagrun for sentiment_analysis_kafka_dag to 2024-11-01 00:00:00+00:00, run_after=2024-11-01 08:00:00+00:00
[2024-11-19T08:09:31.131+0000] {processor.py:208} INFO - Processing /opt/airflow/dags/insert_data.py took 0.096 seconds
[2024-11-19T08:10:02.244+0000] {processor.py:186} INFO - Started process (PID=469) to work on /opt/airflow/dags/insert_data.py
[2024-11-19T08:10:02.245+0000] {processor.py:914} INFO - Processing file /opt/airflow/dags/insert_data.py for tasks to queue
[2024-11-19T08:10:02.249+0000] {logging_mixin.py:190} INFO - [2024-11-19T08:10:02.248+0000] {dagbag.py:588} INFO - Filling up the DagBag from /opt/airflow/dags/insert_data.py
[2024-11-19T08:10:02.272+0000] {processor.py:925} INFO - DAG(s) 'sentiment_analysis_kafka_dag' retrieved from /opt/airflow/dags/insert_data.py
[2024-11-19T08:10:02.295+0000] {logging_mixin.py:190} INFO - [2024-11-19T08:10:02.294+0000] {dag.py:3239} INFO - Sync 1 DAGs
[2024-11-19T08:10:02.335+0000] {logging_mixin.py:190} INFO - [2024-11-19T08:10:02.335+0000] {dag.py:4180} INFO - Setting next_dagrun for sentiment_analysis_kafka_dag to 2024-11-01 00:00:00+00:00, run_after=2024-11-01 08:00:00+00:00
[2024-11-19T08:10:02.362+0000] {processor.py:208} INFO - Processing /opt/airflow/dags/insert_data.py took 0.126 seconds
[2024-11-19T08:10:33.014+0000] {processor.py:186} INFO - Started process (PID=534) to work on /opt/airflow/dags/insert_data.py
[2024-11-19T08:10:33.016+0000] {processor.py:914} INFO - Processing file /opt/airflow/dags/insert_data.py for tasks to queue
[2024-11-19T08:10:33.018+0000] {logging_mixin.py:190} INFO - [2024-11-19T08:10:33.018+0000] {dagbag.py:588} INFO - Filling up the DagBag from /opt/airflow/dags/insert_data.py
[2024-11-19T08:10:33.037+0000] {processor.py:925} INFO - DAG(s) 'sentiment_analysis_kafka_dag' retrieved from /opt/airflow/dags/insert_data.py
[2024-11-19T08:10:33.059+0000] {logging_mixin.py:190} INFO - [2024-11-19T08:10:33.059+0000] {dag.py:3239} INFO - Sync 1 DAGs
[2024-11-19T08:10:33.086+0000] {logging_mixin.py:190} INFO - [2024-11-19T08:10:33.086+0000] {dag.py:4180} INFO - Setting next_dagrun for sentiment_analysis_kafka_dag to 2024-11-01 00:00:00+00:00, run_after=2024-11-01 08:00:00+00:00
[2024-11-19T08:10:33.111+0000] {processor.py:208} INFO - Processing /opt/airflow/dags/insert_data.py took 0.104 seconds
[2024-11-19T08:11:03.553+0000] {processor.py:186} INFO - Started process (PID=599) to work on /opt/airflow/dags/insert_data.py
[2024-11-19T08:11:03.554+0000] {processor.py:914} INFO - Processing file /opt/airflow/dags/insert_data.py for tasks to queue
[2024-11-19T08:11:03.558+0000] {logging_mixin.py:190} INFO - [2024-11-19T08:11:03.558+0000] {dagbag.py:588} INFO - Filling up the DagBag from /opt/airflow/dags/insert_data.py
[2024-11-19T08:11:03.582+0000] {processor.py:925} INFO - DAG(s) 'sentiment_analysis_kafka_dag' retrieved from /opt/airflow/dags/insert_data.py
[2024-11-19T08:11:03.612+0000] {logging_mixin.py:190} INFO - [2024-11-19T08:11:03.610+0000] {dag.py:3239} INFO - Sync 1 DAGs
[2024-11-19T08:11:03.716+0000] {logging_mixin.py:190} INFO - [2024-11-19T08:11:03.715+0000] {dag.py:4180} INFO - Setting next_dagrun for sentiment_analysis_kafka_dag to 2024-11-01 00:00:00+00:00, run_after=2024-11-01 08:00:00+00:00
[2024-11-19T08:11:03.770+0000] {processor.py:208} INFO - Processing /opt/airflow/dags/insert_data.py took 0.227 seconds
[2024-11-19T08:11:34.373+0000] {processor.py:186} INFO - Started process (PID=664) to work on /opt/airflow/dags/insert_data.py
[2024-11-19T08:11:34.374+0000] {processor.py:914} INFO - Processing file /opt/airflow/dags/insert_data.py for tasks to queue
[2024-11-19T08:11:34.378+0000] {logging_mixin.py:190} INFO - [2024-11-19T08:11:34.377+0000] {dagbag.py:588} INFO - Filling up the DagBag from /opt/airflow/dags/insert_data.py
[2024-11-19T08:11:34.399+0000] {processor.py:925} INFO - DAG(s) 'sentiment_analysis_kafka_dag' retrieved from /opt/airflow/dags/insert_data.py
[2024-11-19T08:11:34.424+0000] {logging_mixin.py:190} INFO - [2024-11-19T08:11:34.423+0000] {dag.py:3239} INFO - Sync 1 DAGs
[2024-11-19T08:11:34.484+0000] {logging_mixin.py:190} INFO - [2024-11-19T08:11:34.484+0000] {dag.py:4180} INFO - Setting next_dagrun for sentiment_analysis_kafka_dag to 2024-11-01 00:00:00+00:00, run_after=2024-11-01 08:00:00+00:00
[2024-11-19T08:11:34.516+0000] {processor.py:208} INFO - Processing /opt/airflow/dags/insert_data.py took 0.150 seconds
[2024-11-19T08:12:05.183+0000] {processor.py:186} INFO - Started process (PID=729) to work on /opt/airflow/dags/insert_data.py
[2024-11-19T08:12:05.185+0000] {processor.py:914} INFO - Processing file /opt/airflow/dags/insert_data.py for tasks to queue
[2024-11-19T08:12:05.188+0000] {logging_mixin.py:190} INFO - [2024-11-19T08:12:05.187+0000] {dagbag.py:588} INFO - Filling up the DagBag from /opt/airflow/dags/insert_data.py
[2024-11-19T08:12:05.207+0000] {processor.py:925} INFO - DAG(s) 'sentiment_analysis_kafka_dag' retrieved from /opt/airflow/dags/insert_data.py
[2024-11-19T08:12:05.229+0000] {logging_mixin.py:190} INFO - [2024-11-19T08:12:05.228+0000] {dag.py:3239} INFO - Sync 1 DAGs
[2024-11-19T08:12:05.257+0000] {logging_mixin.py:190} INFO - [2024-11-19T08:12:05.256+0000] {dag.py:4180} INFO - Setting next_dagrun for sentiment_analysis_kafka_dag to 2024-11-01 00:00:00+00:00, run_after=2024-11-01 08:00:00+00:00
[2024-11-19T08:12:05.279+0000] {processor.py:208} INFO - Processing /opt/airflow/dags/insert_data.py took 0.105 seconds
[2024-11-19T08:12:36.061+0000] {processor.py:186} INFO - Started process (PID=794) to work on /opt/airflow/dags/insert_data.py
[2024-11-19T08:12:36.062+0000] {processor.py:914} INFO - Processing file /opt/airflow/dags/insert_data.py for tasks to queue
[2024-11-19T08:12:36.065+0000] {logging_mixin.py:190} INFO - [2024-11-19T08:12:36.065+0000] {dagbag.py:588} INFO - Filling up the DagBag from /opt/airflow/dags/insert_data.py
[2024-11-19T08:12:36.085+0000] {processor.py:925} INFO - DAG(s) 'sentiment_analysis_kafka_dag' retrieved from /opt/airflow/dags/insert_data.py
[2024-11-19T08:12:36.105+0000] {logging_mixin.py:190} INFO - [2024-11-19T08:12:36.105+0000] {dag.py:3239} INFO - Sync 1 DAGs
[2024-11-19T08:12:36.132+0000] {logging_mixin.py:190} INFO - [2024-11-19T08:12:36.132+0000] {dag.py:4180} INFO - Setting next_dagrun for sentiment_analysis_kafka_dag to 2024-11-01 00:00:00+00:00, run_after=2024-11-01 08:00:00+00:00
[2024-11-19T08:12:36.153+0000] {processor.py:208} INFO - Processing /opt/airflow/dags/insert_data.py took 0.099 seconds
[2024-11-19T08:13:06.711+0000] {processor.py:186} INFO - Started process (PID=859) to work on /opt/airflow/dags/insert_data.py
[2024-11-19T08:13:06.712+0000] {processor.py:914} INFO - Processing file /opt/airflow/dags/insert_data.py for tasks to queue
[2024-11-19T08:13:06.716+0000] {logging_mixin.py:190} INFO - [2024-11-19T08:13:06.716+0000] {dagbag.py:588} INFO - Filling up the DagBag from /opt/airflow/dags/insert_data.py
[2024-11-19T08:13:06.739+0000] {processor.py:925} INFO - DAG(s) 'sentiment_analysis_kafka_dag' retrieved from /opt/airflow/dags/insert_data.py
[2024-11-19T08:13:06.760+0000] {logging_mixin.py:190} INFO - [2024-11-19T08:13:06.760+0000] {dag.py:3239} INFO - Sync 1 DAGs
[2024-11-19T08:13:06.791+0000] {logging_mixin.py:190} INFO - [2024-11-19T08:13:06.791+0000] {dag.py:4180} INFO - Setting next_dagrun for sentiment_analysis_kafka_dag to 2024-11-01 00:00:00+00:00, run_after=2024-11-01 08:00:00+00:00
[2024-11-19T08:13:06.815+0000] {processor.py:208} INFO - Processing /opt/airflow/dags/insert_data.py took 0.112 seconds
[2024-11-19T08:13:37.251+0000] {processor.py:186} INFO - Started process (PID=924) to work on /opt/airflow/dags/insert_data.py
[2024-11-19T08:13:37.252+0000] {processor.py:914} INFO - Processing file /opt/airflow/dags/insert_data.py for tasks to queue
[2024-11-19T08:13:37.256+0000] {logging_mixin.py:190} INFO - [2024-11-19T08:13:37.255+0000] {dagbag.py:588} INFO - Filling up the DagBag from /opt/airflow/dags/insert_data.py
[2024-11-19T08:13:37.275+0000] {processor.py:925} INFO - DAG(s) 'sentiment_analysis_kafka_dag' retrieved from /opt/airflow/dags/insert_data.py
[2024-11-19T08:13:37.295+0000] {logging_mixin.py:190} INFO - [2024-11-19T08:13:37.295+0000] {dag.py:3239} INFO - Sync 1 DAGs
[2024-11-19T08:13:37.321+0000] {logging_mixin.py:190} INFO - [2024-11-19T08:13:37.321+0000] {dag.py:4180} INFO - Setting next_dagrun for sentiment_analysis_kafka_dag to 2024-11-01 00:00:00+00:00, run_after=2024-11-01 08:00:00+00:00
[2024-11-19T08:13:37.344+0000] {processor.py:208} INFO - Processing /opt/airflow/dags/insert_data.py took 0.100 seconds
[2024-11-19T08:14:07.501+0000] {processor.py:186} INFO - Started process (PID=989) to work on /opt/airflow/dags/insert_data.py
[2024-11-19T08:14:07.503+0000] {processor.py:914} INFO - Processing file /opt/airflow/dags/insert_data.py for tasks to queue
[2024-11-19T08:14:07.506+0000] {logging_mixin.py:190} INFO - [2024-11-19T08:14:07.506+0000] {dagbag.py:588} INFO - Filling up the DagBag from /opt/airflow/dags/insert_data.py
[2024-11-19T08:14:07.530+0000] {processor.py:925} INFO - DAG(s) 'sentiment_analysis_kafka_dag' retrieved from /opt/airflow/dags/insert_data.py
[2024-11-19T08:14:07.555+0000] {logging_mixin.py:190} INFO - [2024-11-19T08:14:07.554+0000] {dag.py:3239} INFO - Sync 1 DAGs
[2024-11-19T08:14:07.584+0000] {logging_mixin.py:190} INFO - [2024-11-19T08:14:07.583+0000] {dag.py:4180} INFO - Setting next_dagrun for sentiment_analysis_kafka_dag to 2024-11-01 00:00:00+00:00, run_after=2024-11-01 08:00:00+00:00
[2024-11-19T08:14:07.606+0000] {processor.py:208} INFO - Processing /opt/airflow/dags/insert_data.py took 0.115 seconds
[2024-11-19T08:14:37.857+0000] {processor.py:186} INFO - Started process (PID=1054) to work on /opt/airflow/dags/insert_data.py
[2024-11-19T08:14:37.859+0000] {processor.py:914} INFO - Processing file /opt/airflow/dags/insert_data.py for tasks to queue
[2024-11-19T08:14:37.863+0000] {logging_mixin.py:190} INFO - [2024-11-19T08:14:37.863+0000] {dagbag.py:588} INFO - Filling up the DagBag from /opt/airflow/dags/insert_data.py
[2024-11-19T08:14:37.888+0000] {processor.py:925} INFO - DAG(s) 'sentiment_analysis_kafka_dag' retrieved from /opt/airflow/dags/insert_data.py
[2024-11-19T08:14:37.914+0000] {logging_mixin.py:190} INFO - [2024-11-19T08:14:37.914+0000] {dag.py:3239} INFO - Sync 1 DAGs
[2024-11-19T08:14:37.956+0000] {logging_mixin.py:190} INFO - [2024-11-19T08:14:37.956+0000] {dag.py:4180} INFO - Setting next_dagrun for sentiment_analysis_kafka_dag to 2024-11-01 00:00:00+00:00, run_after=2024-11-01 08:00:00+00:00
[2024-11-19T08:14:37.990+0000] {processor.py:208} INFO - Processing /opt/airflow/dags/insert_data.py took 0.145 seconds
[2024-11-19T08:15:08.205+0000] {processor.py:186} INFO - Started process (PID=1119) to work on /opt/airflow/dags/insert_data.py
[2024-11-19T08:15:08.206+0000] {processor.py:914} INFO - Processing file /opt/airflow/dags/insert_data.py for tasks to queue
[2024-11-19T08:15:08.209+0000] {logging_mixin.py:190} INFO - [2024-11-19T08:15:08.209+0000] {dagbag.py:588} INFO - Filling up the DagBag from /opt/airflow/dags/insert_data.py
[2024-11-19T08:15:08.229+0000] {processor.py:925} INFO - DAG(s) 'sentiment_analysis_kafka_dag' retrieved from /opt/airflow/dags/insert_data.py
[2024-11-19T08:15:08.249+0000] {logging_mixin.py:190} INFO - [2024-11-19T08:15:08.248+0000] {dag.py:3239} INFO - Sync 1 DAGs
[2024-11-19T08:15:08.276+0000] {logging_mixin.py:190} INFO - [2024-11-19T08:15:08.275+0000] {dag.py:4180} INFO - Setting next_dagrun for sentiment_analysis_kafka_dag to 2024-11-01 00:00:00+00:00, run_after=2024-11-01 08:00:00+00:00
[2024-11-19T08:15:08.296+0000] {processor.py:208} INFO - Processing /opt/airflow/dags/insert_data.py took 0.097 seconds
[2024-11-19T08:15:38.533+0000] {processor.py:186} INFO - Started process (PID=1184) to work on /opt/airflow/dags/insert_data.py
[2024-11-19T08:15:38.534+0000] {processor.py:914} INFO - Processing file /opt/airflow/dags/insert_data.py for tasks to queue
[2024-11-19T08:15:38.538+0000] {logging_mixin.py:190} INFO - [2024-11-19T08:15:38.537+0000] {dagbag.py:588} INFO - Filling up the DagBag from /opt/airflow/dags/insert_data.py
[2024-11-19T08:15:38.558+0000] {processor.py:925} INFO - DAG(s) 'sentiment_analysis_kafka_dag' retrieved from /opt/airflow/dags/insert_data.py
[2024-11-19T08:15:38.579+0000] {logging_mixin.py:190} INFO - [2024-11-19T08:15:38.579+0000] {dag.py:3239} INFO - Sync 1 DAGs
[2024-11-19T08:15:38.606+0000] {logging_mixin.py:190} INFO - [2024-11-19T08:15:38.606+0000] {dag.py:4180} INFO - Setting next_dagrun for sentiment_analysis_kafka_dag to 2024-11-01 00:00:00+00:00, run_after=2024-11-01 08:00:00+00:00
[2024-11-19T08:15:38.635+0000] {processor.py:208} INFO - Processing /opt/airflow/dags/insert_data.py took 0.109 seconds
[2024-11-19T08:16:09.381+0000] {processor.py:186} INFO - Started process (PID=1249) to work on /opt/airflow/dags/insert_data.py
[2024-11-19T08:16:09.383+0000] {processor.py:914} INFO - Processing file /opt/airflow/dags/insert_data.py for tasks to queue
[2024-11-19T08:16:09.387+0000] {logging_mixin.py:190} INFO - [2024-11-19T08:16:09.386+0000] {dagbag.py:588} INFO - Filling up the DagBag from /opt/airflow/dags/insert_data.py
[2024-11-19T08:16:09.405+0000] {processor.py:925} INFO - DAG(s) 'sentiment_analysis_kafka_dag' retrieved from /opt/airflow/dags/insert_data.py
[2024-11-19T08:16:09.437+0000] {logging_mixin.py:190} INFO - [2024-11-19T08:16:09.436+0000] {dag.py:3239} INFO - Sync 1 DAGs
[2024-11-19T08:16:09.473+0000] {logging_mixin.py:190} INFO - [2024-11-19T08:16:09.472+0000] {dag.py:4180} INFO - Setting next_dagrun for sentiment_analysis_kafka_dag to 2024-11-01 00:00:00+00:00, run_after=2024-11-01 08:00:00+00:00
[2024-11-19T08:16:09.512+0000] {processor.py:208} INFO - Processing /opt/airflow/dags/insert_data.py took 0.140 seconds
[2024-11-19T08:16:39.937+0000] {processor.py:186} INFO - Started process (PID=1314) to work on /opt/airflow/dags/insert_data.py
[2024-11-19T08:16:39.939+0000] {processor.py:914} INFO - Processing file /opt/airflow/dags/insert_data.py for tasks to queue
[2024-11-19T08:16:39.941+0000] {logging_mixin.py:190} INFO - [2024-11-19T08:16:39.941+0000] {dagbag.py:588} INFO - Filling up the DagBag from /opt/airflow/dags/insert_data.py
[2024-11-19T08:16:39.960+0000] {processor.py:925} INFO - DAG(s) 'sentiment_analysis_kafka_dag' retrieved from /opt/airflow/dags/insert_data.py
[2024-11-19T08:16:39.981+0000] {logging_mixin.py:190} INFO - [2024-11-19T08:16:39.980+0000] {dag.py:3239} INFO - Sync 1 DAGs
[2024-11-19T08:16:40.007+0000] {logging_mixin.py:190} INFO - [2024-11-19T08:16:40.007+0000] {dag.py:4180} INFO - Setting next_dagrun for sentiment_analysis_kafka_dag to 2024-11-01 00:00:00+00:00, run_after=2024-11-01 08:00:00+00:00
[2024-11-19T08:16:40.030+0000] {processor.py:208} INFO - Processing /opt/airflow/dags/insert_data.py took 0.099 seconds
[2024-11-19T08:17:13.348+0000] {processor.py:186} INFO - Started process (PID=1382) to work on /opt/airflow/dags/insert_data.py
[2024-11-19T08:17:13.350+0000] {processor.py:914} INFO - Processing file /opt/airflow/dags/insert_data.py for tasks to queue
[2024-11-19T08:17:13.354+0000] {logging_mixin.py:190} INFO - [2024-11-19T08:17:13.353+0000] {dagbag.py:588} INFO - Filling up the DagBag from /opt/airflow/dags/insert_data.py
[2024-11-19T08:17:13.393+0000] {processor.py:925} INFO - DAG(s) 'sentiment_analysis_kafka_dag' retrieved from /opt/airflow/dags/insert_data.py
[2024-11-19T08:17:13.426+0000] {logging_mixin.py:190} INFO - [2024-11-19T08:17:13.426+0000] {dag.py:3239} INFO - Sync 1 DAGs
[2024-11-19T08:17:13.483+0000] {logging_mixin.py:190} INFO - [2024-11-19T08:17:13.483+0000] {dag.py:4180} INFO - Setting next_dagrun for sentiment_analysis_kafka_dag to 2024-11-01 00:00:00+00:00, run_after=2024-11-01 08:00:00+00:00
[2024-11-19T08:17:13.519+0000] {processor.py:208} INFO - Processing /opt/airflow/dags/insert_data.py took 0.179 seconds
[2024-11-19T08:17:44.109+0000] {processor.py:186} INFO - Started process (PID=1447) to work on /opt/airflow/dags/insert_data.py
[2024-11-19T08:17:44.110+0000] {processor.py:914} INFO - Processing file /opt/airflow/dags/insert_data.py for tasks to queue
[2024-11-19T08:17:44.113+0000] {logging_mixin.py:190} INFO - [2024-11-19T08:17:44.112+0000] {dagbag.py:588} INFO - Filling up the DagBag from /opt/airflow/dags/insert_data.py
[2024-11-19T08:17:44.131+0000] {processor.py:925} INFO - DAG(s) 'sentiment_analysis_kafka_dag' retrieved from /opt/airflow/dags/insert_data.py
[2024-11-19T08:17:44.152+0000] {logging_mixin.py:190} INFO - [2024-11-19T08:17:44.152+0000] {dag.py:3239} INFO - Sync 1 DAGs
[2024-11-19T08:17:44.183+0000] {logging_mixin.py:190} INFO - [2024-11-19T08:17:44.183+0000] {dag.py:4180} INFO - Setting next_dagrun for sentiment_analysis_kafka_dag to 2024-11-01 00:00:00+00:00, run_after=2024-11-01 08:00:00+00:00
[2024-11-19T08:17:44.205+0000] {processor.py:208} INFO - Processing /opt/airflow/dags/insert_data.py took 0.102 seconds
[2024-11-19T08:18:14.764+0000] {processor.py:186} INFO - Started process (PID=1512) to work on /opt/airflow/dags/insert_data.py
[2024-11-19T08:18:14.766+0000] {processor.py:914} INFO - Processing file /opt/airflow/dags/insert_data.py for tasks to queue
[2024-11-19T08:18:14.768+0000] {logging_mixin.py:190} INFO - [2024-11-19T08:18:14.768+0000] {dagbag.py:588} INFO - Filling up the DagBag from /opt/airflow/dags/insert_data.py
[2024-11-19T08:18:14.786+0000] {processor.py:925} INFO - DAG(s) 'sentiment_analysis_kafka_dag' retrieved from /opt/airflow/dags/insert_data.py
[2024-11-19T08:18:14.809+0000] {logging_mixin.py:190} INFO - [2024-11-19T08:18:14.808+0000] {dag.py:3239} INFO - Sync 1 DAGs
[2024-11-19T08:18:14.845+0000] {logging_mixin.py:190} INFO - [2024-11-19T08:18:14.845+0000] {dag.py:4180} INFO - Setting next_dagrun for sentiment_analysis_kafka_dag to 2024-11-01 00:00:00+00:00, run_after=2024-11-01 08:00:00+00:00
[2024-11-19T08:18:14.874+0000] {processor.py:208} INFO - Processing /opt/airflow/dags/insert_data.py took 0.116 seconds
[2024-11-19T08:18:50.905+0000] {processor.py:186} INFO - Started process (PID=1577) to work on /opt/airflow/dags/insert_data.py
[2024-11-19T08:18:50.907+0000] {processor.py:914} INFO - Processing file /opt/airflow/dags/insert_data.py for tasks to queue
[2024-11-19T08:18:50.911+0000] {logging_mixin.py:190} INFO - [2024-11-19T08:18:50.910+0000] {dagbag.py:588} INFO - Filling up the DagBag from /opt/airflow/dags/insert_data.py
[2024-11-19T08:18:50.935+0000] {processor.py:925} INFO - DAG(s) 'sentiment_analysis_kafka_dag' retrieved from /opt/airflow/dags/insert_data.py
[2024-11-19T08:18:50.958+0000] {logging_mixin.py:190} INFO - [2024-11-19T08:18:50.958+0000] {dag.py:3239} INFO - Sync 1 DAGs
[2024-11-19T08:18:50.987+0000] {logging_mixin.py:190} INFO - [2024-11-19T08:18:50.987+0000] {dag.py:4180} INFO - Setting next_dagrun for sentiment_analysis_kafka_dag to 2024-11-01 00:00:00+00:00, run_after=2024-11-01 08:00:00+00:00
[2024-11-19T08:18:51.010+0000] {processor.py:208} INFO - Processing /opt/airflow/dags/insert_data.py took 0.112 seconds
[2024-11-19T08:19:27.587+0000] {processor.py:186} INFO - Started process (PID=1642) to work on /opt/airflow/dags/insert_data.py
[2024-11-19T08:19:27.589+0000] {processor.py:914} INFO - Processing file /opt/airflow/dags/insert_data.py for tasks to queue
[2024-11-19T08:19:27.596+0000] {logging_mixin.py:190} INFO - [2024-11-19T08:19:27.595+0000] {dagbag.py:588} INFO - Filling up the DagBag from /opt/airflow/dags/insert_data.py
[2024-11-19T08:19:27.662+0000] {processor.py:925} INFO - DAG(s) 'sentiment_analysis_kafka_dag' retrieved from /opt/airflow/dags/insert_data.py
[2024-11-19T08:19:27.720+0000] {logging_mixin.py:190} INFO - [2024-11-19T08:19:27.720+0000] {dag.py:3239} INFO - Sync 1 DAGs
[2024-11-19T08:19:27.769+0000] {logging_mixin.py:190} INFO - [2024-11-19T08:19:27.769+0000] {dag.py:4180} INFO - Setting next_dagrun for sentiment_analysis_kafka_dag to 2024-11-01 00:00:00+00:00, run_after=2024-11-01 08:00:00+00:00
[2024-11-19T08:19:27.802+0000] {processor.py:208} INFO - Processing /opt/airflow/dags/insert_data.py took 0.232 seconds
[2024-11-19T08:19:58.589+0000] {processor.py:186} INFO - Started process (PID=1708) to work on /opt/airflow/dags/insert_data.py
[2024-11-19T08:19:58.591+0000] {processor.py:914} INFO - Processing file /opt/airflow/dags/insert_data.py for tasks to queue
[2024-11-19T08:19:58.595+0000] {logging_mixin.py:190} INFO - [2024-11-19T08:19:58.594+0000] {dagbag.py:588} INFO - Filling up the DagBag from /opt/airflow/dags/insert_data.py
[2024-11-19T08:19:58.624+0000] {processor.py:925} INFO - DAG(s) 'sentiment_analysis_kafka_dag' retrieved from /opt/airflow/dags/insert_data.py
[2024-11-19T08:19:58.653+0000] {logging_mixin.py:190} INFO - [2024-11-19T08:19:58.652+0000] {dag.py:3239} INFO - Sync 1 DAGs
[2024-11-19T08:19:58.687+0000] {logging_mixin.py:190} INFO - [2024-11-19T08:19:58.687+0000] {dag.py:4180} INFO - Setting next_dagrun for sentiment_analysis_kafka_dag to 2024-11-01 00:00:00+00:00, run_after=2024-11-01 08:00:00+00:00
[2024-11-19T08:19:58.716+0000] {processor.py:208} INFO - Processing /opt/airflow/dags/insert_data.py took 0.139 seconds
[2024-11-19T08:20:29.536+0000] {processor.py:186} INFO - Started process (PID=1773) to work on /opt/airflow/dags/insert_data.py
[2024-11-19T08:20:29.539+0000] {processor.py:914} INFO - Processing file /opt/airflow/dags/insert_data.py for tasks to queue
[2024-11-19T08:20:29.543+0000] {logging_mixin.py:190} INFO - [2024-11-19T08:20:29.542+0000] {dagbag.py:588} INFO - Filling up the DagBag from /opt/airflow/dags/insert_data.py
[2024-11-19T08:20:29.573+0000] {processor.py:925} INFO - DAG(s) 'sentiment_analysis_kafka_dag' retrieved from /opt/airflow/dags/insert_data.py
[2024-11-19T08:20:29.605+0000] {logging_mixin.py:190} INFO - [2024-11-19T08:20:29.605+0000] {dag.py:3239} INFO - Sync 1 DAGs
[2024-11-19T08:20:29.647+0000] {logging_mixin.py:190} INFO - [2024-11-19T08:20:29.646+0000] {dag.py:4180} INFO - Setting next_dagrun for sentiment_analysis_kafka_dag to 2024-11-01 00:00:00+00:00, run_after=2024-11-01 08:00:00+00:00
[2024-11-19T08:20:29.677+0000] {processor.py:208} INFO - Processing /opt/airflow/dags/insert_data.py took 0.152 seconds
[2024-11-19T08:21:02.337+0000] {processor.py:186} INFO - Started process (PID=1847) to work on /opt/airflow/dags/insert_data.py
[2024-11-19T08:21:02.339+0000] {processor.py:914} INFO - Processing file /opt/airflow/dags/insert_data.py for tasks to queue
[2024-11-19T08:21:02.344+0000] {logging_mixin.py:190} INFO - [2024-11-19T08:21:02.343+0000] {dagbag.py:588} INFO - Filling up the DagBag from /opt/airflow/dags/insert_data.py
[2024-11-19T08:21:02.390+0000] {processor.py:925} INFO - DAG(s) 'sentiment_analysis_kafka_dag' retrieved from /opt/airflow/dags/insert_data.py
[2024-11-19T08:21:02.495+0000] {logging_mixin.py:190} INFO - [2024-11-19T08:21:02.495+0000] {dag.py:3239} INFO - Sync 1 DAGs
[2024-11-19T08:21:02.581+0000] {logging_mixin.py:190} INFO - [2024-11-19T08:21:02.580+0000] {dag.py:4180} INFO - Setting next_dagrun for sentiment_analysis_kafka_dag to 2024-11-01 00:00:00+00:00, run_after=2024-11-01 08:00:00+00:00
[2024-11-19T08:21:02.644+0000] {processor.py:208} INFO - Processing /opt/airflow/dags/insert_data.py took 0.316 seconds
[2024-11-19T08:23:06.568+0000] {processor.py:186} INFO - Started process (PID=117) to work on /opt/airflow/dags/insert_data.py
[2024-11-19T08:23:06.569+0000] {processor.py:914} INFO - Processing file /opt/airflow/dags/insert_data.py for tasks to queue
[2024-11-19T08:23:06.572+0000] {logging_mixin.py:190} INFO - [2024-11-19T08:23:06.572+0000] {dagbag.py:588} INFO - Filling up the DagBag from /opt/airflow/dags/insert_data.py
[2024-11-19T08:23:06.590+0000] {processor.py:925} INFO - DAG(s) 'sentiment_analysis_kafka_dag' retrieved from /opt/airflow/dags/insert_data.py
[2024-11-19T08:23:06.611+0000] {logging_mixin.py:190} INFO - [2024-11-19T08:23:06.611+0000] {dag.py:3239} INFO - Sync 1 DAGs
[2024-11-19T08:23:06.637+0000] {logging_mixin.py:190} INFO - [2024-11-19T08:23:06.636+0000] {dag.py:4180} INFO - Setting next_dagrun for sentiment_analysis_kafka_dag to 2024-11-01 00:00:00+00:00, run_after=2024-11-01 08:00:00+00:00
[2024-11-19T08:23:06.657+0000] {processor.py:208} INFO - Processing /opt/airflow/dags/insert_data.py took 0.095 seconds
[2024-11-19T08:23:39.142+0000] {processor.py:186} INFO - Started process (PID=182) to work on /opt/airflow/dags/insert_data.py
[2024-11-19T08:23:39.144+0000] {processor.py:914} INFO - Processing file /opt/airflow/dags/insert_data.py for tasks to queue
[2024-11-19T08:23:39.150+0000] {logging_mixin.py:190} INFO - [2024-11-19T08:23:39.148+0000] {dagbag.py:588} INFO - Filling up the DagBag from /opt/airflow/dags/insert_data.py
[2024-11-19T08:23:39.176+0000] {processor.py:925} INFO - DAG(s) 'sentiment_analysis_kafka_dag' retrieved from /opt/airflow/dags/insert_data.py
[2024-11-19T08:23:39.206+0000] {logging_mixin.py:190} INFO - [2024-11-19T08:23:39.205+0000] {dag.py:3239} INFO - Sync 1 DAGs
[2024-11-19T08:23:39.250+0000] {logging_mixin.py:190} INFO - [2024-11-19T08:23:39.250+0000] {dag.py:4180} INFO - Setting next_dagrun for sentiment_analysis_kafka_dag to 2024-11-01 00:00:00+00:00, run_after=2024-11-01 08:00:00+00:00
[2024-11-19T08:23:39.291+0000] {processor.py:208} INFO - Processing /opt/airflow/dags/insert_data.py took 0.156 seconds
[2024-11-19T08:24:10.337+0000] {processor.py:186} INFO - Started process (PID=248) to work on /opt/airflow/dags/insert_data.py
[2024-11-19T08:24:10.339+0000] {processor.py:914} INFO - Processing file /opt/airflow/dags/insert_data.py for tasks to queue
[2024-11-19T08:24:10.342+0000] {logging_mixin.py:190} INFO - [2024-11-19T08:24:10.342+0000] {dagbag.py:588} INFO - Filling up the DagBag from /opt/airflow/dags/insert_data.py
[2024-11-19T08:24:10.363+0000] {processor.py:925} INFO - DAG(s) 'sentiment_analysis_kafka_dag' retrieved from /opt/airflow/dags/insert_data.py
[2024-11-19T08:24:10.388+0000] {logging_mixin.py:190} INFO - [2024-11-19T08:24:10.388+0000] {dag.py:3239} INFO - Sync 1 DAGs
[2024-11-19T08:24:10.416+0000] {logging_mixin.py:190} INFO - [2024-11-19T08:24:10.415+0000] {dag.py:4180} INFO - Setting next_dagrun for sentiment_analysis_kafka_dag to 2024-11-01 00:00:00+00:00, run_after=2024-11-01 08:00:00+00:00
[2024-11-19T08:24:10.440+0000] {processor.py:208} INFO - Processing /opt/airflow/dags/insert_data.py took 0.109 seconds
[2024-11-19T08:24:42.021+0000] {processor.py:186} INFO - Started process (PID=313) to work on /opt/airflow/dags/insert_data.py
[2024-11-19T08:24:42.022+0000] {processor.py:914} INFO - Processing file /opt/airflow/dags/insert_data.py for tasks to queue
[2024-11-19T08:24:42.026+0000] {logging_mixin.py:190} INFO - [2024-11-19T08:24:42.025+0000] {dagbag.py:588} INFO - Filling up the DagBag from /opt/airflow/dags/insert_data.py
[2024-11-19T08:24:42.059+0000] {processor.py:925} INFO - DAG(s) 'sentiment_analysis_kafka_dag' retrieved from /opt/airflow/dags/insert_data.py
[2024-11-19T08:24:42.090+0000] {logging_mixin.py:190} INFO - [2024-11-19T08:24:42.090+0000] {dag.py:3239} INFO - Sync 1 DAGs
[2024-11-19T08:24:42.162+0000] {logging_mixin.py:190} INFO - [2024-11-19T08:24:42.161+0000] {dag.py:4180} INFO - Setting next_dagrun for sentiment_analysis_kafka_dag to 2024-11-01 00:00:00+00:00, run_after=2024-11-01 08:00:00+00:00
[2024-11-19T08:24:42.206+0000] {processor.py:208} INFO - Processing /opt/airflow/dags/insert_data.py took 0.194 seconds
[2024-11-19T08:25:13.081+0000] {processor.py:186} INFO - Started process (PID=377) to work on /opt/airflow/dags/insert_data.py
[2024-11-19T08:25:13.082+0000] {processor.py:914} INFO - Processing file /opt/airflow/dags/insert_data.py for tasks to queue
[2024-11-19T08:25:13.085+0000] {logging_mixin.py:190} INFO - [2024-11-19T08:25:13.084+0000] {dagbag.py:588} INFO - Filling up the DagBag from /opt/airflow/dags/insert_data.py
[2024-11-19T08:25:13.103+0000] {processor.py:925} INFO - DAG(s) 'sentiment_analysis_kafka_dag' retrieved from /opt/airflow/dags/insert_data.py
[2024-11-19T08:25:13.124+0000] {logging_mixin.py:190} INFO - [2024-11-19T08:25:13.123+0000] {dag.py:3239} INFO - Sync 1 DAGs
[2024-11-19T08:25:13.151+0000] {logging_mixin.py:190} INFO - [2024-11-19T08:25:13.150+0000] {dag.py:4180} INFO - Setting next_dagrun for sentiment_analysis_kafka_dag to 2024-11-01 00:00:00+00:00, run_after=2024-11-01 08:00:00+00:00
[2024-11-19T08:25:13.179+0000] {processor.py:208} INFO - Processing /opt/airflow/dags/insert_data.py took 0.105 seconds
[2024-11-19T08:25:44.046+0000] {processor.py:186} INFO - Started process (PID=442) to work on /opt/airflow/dags/insert_data.py
[2024-11-19T08:25:44.048+0000] {processor.py:914} INFO - Processing file /opt/airflow/dags/insert_data.py for tasks to queue
[2024-11-19T08:25:44.050+0000] {logging_mixin.py:190} INFO - [2024-11-19T08:25:44.050+0000] {dagbag.py:588} INFO - Filling up the DagBag from /opt/airflow/dags/insert_data.py
[2024-11-19T08:25:44.069+0000] {processor.py:925} INFO - DAG(s) 'sentiment_analysis_kafka_dag' retrieved from /opt/airflow/dags/insert_data.py
[2024-11-19T08:25:44.090+0000] {logging_mixin.py:190} INFO - [2024-11-19T08:25:44.089+0000] {dag.py:3239} INFO - Sync 1 DAGs
[2024-11-19T08:25:44.116+0000] {logging_mixin.py:190} INFO - [2024-11-19T08:25:44.116+0000] {dag.py:4180} INFO - Setting next_dagrun for sentiment_analysis_kafka_dag to 2024-11-01 00:00:00+00:00, run_after=2024-11-01 08:00:00+00:00
[2024-11-19T08:25:44.141+0000] {processor.py:208} INFO - Processing /opt/airflow/dags/insert_data.py took 0.101 seconds
[2024-11-19T08:26:14.791+0000] {processor.py:186} INFO - Started process (PID=507) to work on /opt/airflow/dags/insert_data.py
[2024-11-19T08:26:14.793+0000] {processor.py:914} INFO - Processing file /opt/airflow/dags/insert_data.py for tasks to queue
[2024-11-19T08:26:14.796+0000] {logging_mixin.py:190} INFO - [2024-11-19T08:26:14.796+0000] {dagbag.py:588} INFO - Filling up the DagBag from /opt/airflow/dags/insert_data.py
[2024-11-19T08:26:14.817+0000] {processor.py:925} INFO - DAG(s) 'sentiment_analysis_kafka_dag' retrieved from /opt/airflow/dags/insert_data.py
[2024-11-19T08:26:14.844+0000] {logging_mixin.py:190} INFO - [2024-11-19T08:26:14.844+0000] {dag.py:3239} INFO - Sync 1 DAGs
[2024-11-19T08:26:14.887+0000] {logging_mixin.py:190} INFO - [2024-11-19T08:26:14.886+0000] {dag.py:4180} INFO - Setting next_dagrun for sentiment_analysis_kafka_dag to 2024-11-01 00:00:00+00:00, run_after=2024-11-01 08:00:00+00:00
[2024-11-19T08:26:14.920+0000] {processor.py:208} INFO - Processing /opt/airflow/dags/insert_data.py took 0.137 seconds
[2024-11-19T08:26:46.576+0000] {processor.py:186} INFO - Started process (PID=572) to work on /opt/airflow/dags/insert_data.py
[2024-11-19T08:26:46.577+0000] {processor.py:914} INFO - Processing file /opt/airflow/dags/insert_data.py for tasks to queue
[2024-11-19T08:26:46.581+0000] {logging_mixin.py:190} INFO - [2024-11-19T08:26:46.580+0000] {dagbag.py:588} INFO - Filling up the DagBag from /opt/airflow/dags/insert_data.py
[2024-11-19T08:26:46.603+0000] {processor.py:925} INFO - DAG(s) 'sentiment_analysis_kafka_dag' retrieved from /opt/airflow/dags/insert_data.py
[2024-11-19T08:26:46.625+0000] {logging_mixin.py:190} INFO - [2024-11-19T08:26:46.625+0000] {dag.py:3239} INFO - Sync 1 DAGs
[2024-11-19T08:26:46.655+0000] {logging_mixin.py:190} INFO - [2024-11-19T08:26:46.655+0000] {dag.py:4180} INFO - Setting next_dagrun for sentiment_analysis_kafka_dag to 2024-11-01 00:00:00+00:00, run_after=2024-11-01 08:00:00+00:00
[2024-11-19T08:26:46.680+0000] {processor.py:208} INFO - Processing /opt/airflow/dags/insert_data.py took 0.111 seconds
[2024-11-19T08:27:17.571+0000] {processor.py:186} INFO - Started process (PID=637) to work on /opt/airflow/dags/insert_data.py
[2024-11-19T08:27:17.572+0000] {processor.py:914} INFO - Processing file /opt/airflow/dags/insert_data.py for tasks to queue
[2024-11-19T08:27:17.577+0000] {logging_mixin.py:190} INFO - [2024-11-19T08:27:17.576+0000] {dagbag.py:588} INFO - Filling up the DagBag from /opt/airflow/dags/insert_data.py
[2024-11-19T08:27:17.602+0000] {processor.py:925} INFO - DAG(s) 'sentiment_analysis_kafka_dag' retrieved from /opt/airflow/dags/insert_data.py
[2024-11-19T08:27:17.627+0000] {logging_mixin.py:190} INFO - [2024-11-19T08:27:17.626+0000] {dag.py:3239} INFO - Sync 1 DAGs
[2024-11-19T08:27:17.654+0000] {logging_mixin.py:190} INFO - [2024-11-19T08:27:17.654+0000] {dag.py:4180} INFO - Setting next_dagrun for sentiment_analysis_kafka_dag to 2024-11-01 00:00:00+00:00, run_after=2024-11-01 08:00:00+00:00
[2024-11-19T08:27:17.680+0000] {processor.py:208} INFO - Processing /opt/airflow/dags/insert_data.py took 0.116 seconds
[2024-11-19T08:28:45.010+0000] {processor.py:186} INFO - Started process (PID=743) to work on /opt/airflow/dags/insert_data.py
[2024-11-19T08:28:45.012+0000] {processor.py:914} INFO - Processing file /opt/airflow/dags/insert_data.py for tasks to queue
[2024-11-19T08:28:45.015+0000] {logging_mixin.py:190} INFO - [2024-11-19T08:28:45.015+0000] {dagbag.py:588} INFO - Filling up the DagBag from /opt/airflow/dags/insert_data.py
[2024-11-19T08:28:45.040+0000] {processor.py:925} INFO - DAG(s) 'sentiment_analysis_kafka_dag' retrieved from /opt/airflow/dags/insert_data.py
[2024-11-19T08:28:45.069+0000] {logging_mixin.py:190} INFO - [2024-11-19T08:28:45.069+0000] {dag.py:3239} INFO - Sync 1 DAGs
[2024-11-19T08:28:45.106+0000] {logging_mixin.py:190} INFO - [2024-11-19T08:28:45.106+0000] {dag.py:4180} INFO - Setting next_dagrun for sentiment_analysis_kafka_dag to 2024-11-01 00:00:00+00:00, run_after=2024-11-01 08:00:00+00:00
[2024-11-19T08:28:45.132+0000] {processor.py:208} INFO - Processing /opt/airflow/dags/insert_data.py took 0.131 seconds
[2024-11-19T08:29:16.909+0000] {processor.py:186} INFO - Started process (PID=808) to work on /opt/airflow/dags/insert_data.py
[2024-11-19T08:29:16.911+0000] {processor.py:914} INFO - Processing file /opt/airflow/dags/insert_data.py for tasks to queue
[2024-11-19T08:29:16.915+0000] {logging_mixin.py:190} INFO - [2024-11-19T08:29:16.914+0000] {dagbag.py:588} INFO - Filling up the DagBag from /opt/airflow/dags/insert_data.py
[2024-11-19T08:29:16.943+0000] {processor.py:925} INFO - DAG(s) 'sentiment_analysis_kafka_dag' retrieved from /opt/airflow/dags/insert_data.py
[2024-11-19T08:29:16.974+0000] {logging_mixin.py:190} INFO - [2024-11-19T08:29:16.974+0000] {dag.py:3239} INFO - Sync 1 DAGs
[2024-11-19T08:29:17.014+0000] {logging_mixin.py:190} INFO - [2024-11-19T08:29:17.014+0000] {dag.py:4180} INFO - Setting next_dagrun for sentiment_analysis_kafka_dag to 2024-11-01 00:00:00+00:00, run_after=2024-11-01 08:00:00+00:00
[2024-11-19T08:29:17.062+0000] {processor.py:208} INFO - Processing /opt/airflow/dags/insert_data.py took 0.162 seconds
[2024-11-19T08:29:47.135+0000] {processor.py:186} INFO - Started process (PID=873) to work on /opt/airflow/dags/insert_data.py
[2024-11-19T08:29:47.137+0000] {processor.py:914} INFO - Processing file /opt/airflow/dags/insert_data.py for tasks to queue
[2024-11-19T08:29:47.139+0000] {logging_mixin.py:190} INFO - [2024-11-19T08:29:47.139+0000] {dagbag.py:588} INFO - Filling up the DagBag from /opt/airflow/dags/insert_data.py
[2024-11-19T08:29:47.157+0000] {processor.py:925} INFO - DAG(s) 'sentiment_analysis_kafka_dag' retrieved from /opt/airflow/dags/insert_data.py
[2024-11-19T08:29:47.178+0000] {logging_mixin.py:190} INFO - [2024-11-19T08:29:47.178+0000] {dag.py:3239} INFO - Sync 1 DAGs
[2024-11-19T08:29:47.204+0000] {logging_mixin.py:190} INFO - [2024-11-19T08:29:47.204+0000] {dag.py:4180} INFO - Setting next_dagrun for sentiment_analysis_kafka_dag to 2024-11-01 00:00:00+00:00, run_after=2024-11-01 08:00:00+00:00
[2024-11-19T08:29:47.225+0000] {processor.py:208} INFO - Processing /opt/airflow/dags/insert_data.py took 0.096 seconds
[2024-11-19T08:30:17.851+0000] {processor.py:186} INFO - Started process (PID=938) to work on /opt/airflow/dags/insert_data.py
[2024-11-19T08:30:17.853+0000] {processor.py:914} INFO - Processing file /opt/airflow/dags/insert_data.py for tasks to queue
[2024-11-19T08:30:17.857+0000] {logging_mixin.py:190} INFO - [2024-11-19T08:30:17.856+0000] {dagbag.py:588} INFO - Filling up the DagBag from /opt/airflow/dags/insert_data.py
[2024-11-19T08:30:17.881+0000] {processor.py:925} INFO - DAG(s) 'sentiment_analysis_kafka_dag' retrieved from /opt/airflow/dags/insert_data.py
[2024-11-19T08:30:17.906+0000] {logging_mixin.py:190} INFO - [2024-11-19T08:30:17.905+0000] {dag.py:3239} INFO - Sync 1 DAGs
[2024-11-19T08:30:17.934+0000] {logging_mixin.py:190} INFO - [2024-11-19T08:30:17.934+0000] {dag.py:4180} INFO - Setting next_dagrun for sentiment_analysis_kafka_dag to 2024-11-01 00:00:00+00:00, run_after=2024-11-01 08:00:00+00:00
[2024-11-19T08:30:17.957+0000] {processor.py:208} INFO - Processing /opt/airflow/dags/insert_data.py took 0.112 seconds
[2024-11-19T08:30:48.227+0000] {processor.py:186} INFO - Started process (PID=1003) to work on /opt/airflow/dags/insert_data.py
[2024-11-19T08:30:48.228+0000] {processor.py:914} INFO - Processing file /opt/airflow/dags/insert_data.py for tasks to queue
[2024-11-19T08:30:48.231+0000] {logging_mixin.py:190} INFO - [2024-11-19T08:30:48.231+0000] {dagbag.py:588} INFO - Filling up the DagBag from /opt/airflow/dags/insert_data.py
[2024-11-19T08:30:48.252+0000] {processor.py:925} INFO - DAG(s) 'sentiment_analysis_kafka_dag' retrieved from /opt/airflow/dags/insert_data.py
[2024-11-19T08:30:48.278+0000] {logging_mixin.py:190} INFO - [2024-11-19T08:30:48.277+0000] {dag.py:3239} INFO - Sync 1 DAGs
[2024-11-19T08:30:48.319+0000] {logging_mixin.py:190} INFO - [2024-11-19T08:30:48.319+0000] {dag.py:4180} INFO - Setting next_dagrun for sentiment_analysis_kafka_dag to 2024-11-01 00:00:00+00:00, run_after=2024-11-01 08:00:00+00:00
[2024-11-19T08:30:48.352+0000] {processor.py:208} INFO - Processing /opt/airflow/dags/insert_data.py took 0.131 seconds
[2024-11-19T08:31:19.184+0000] {processor.py:186} INFO - Started process (PID=1068) to work on /opt/airflow/dags/insert_data.py
[2024-11-19T08:31:19.185+0000] {processor.py:914} INFO - Processing file /opt/airflow/dags/insert_data.py for tasks to queue
[2024-11-19T08:31:19.188+0000] {logging_mixin.py:190} INFO - [2024-11-19T08:31:19.187+0000] {dagbag.py:588} INFO - Filling up the DagBag from /opt/airflow/dags/insert_data.py
[2024-11-19T08:31:19.210+0000] {processor.py:925} INFO - DAG(s) 'sentiment_analysis_kafka_dag' retrieved from /opt/airflow/dags/insert_data.py
[2024-11-19T08:31:19.228+0000] {logging_mixin.py:190} INFO - [2024-11-19T08:31:19.228+0000] {dag.py:3239} INFO - Sync 1 DAGs
[2024-11-19T08:31:19.254+0000] {logging_mixin.py:190} INFO - [2024-11-19T08:31:19.254+0000] {dag.py:4180} INFO - Setting next_dagrun for sentiment_analysis_kafka_dag to 2024-11-01 00:00:00+00:00, run_after=2024-11-01 08:00:00+00:00
[2024-11-19T08:31:19.274+0000] {processor.py:208} INFO - Processing /opt/airflow/dags/insert_data.py took 0.097 seconds
[2024-11-19T08:31:45.353+0000] {processor.py:186} INFO - Started process (PID=1099) to work on /opt/airflow/dags/insert_data.py
[2024-11-19T08:31:45.354+0000] {processor.py:914} INFO - Processing file /opt/airflow/dags/insert_data.py for tasks to queue
[2024-11-19T08:31:45.360+0000] {logging_mixin.py:190} INFO - [2024-11-19T08:31:45.359+0000] {dagbag.py:588} INFO - Filling up the DagBag from /opt/airflow/dags/insert_data.py
[2024-11-19T08:31:45.480+0000] {processor.py:925} INFO - DAG(s) 'finance_data_pipeline' retrieved from /opt/airflow/dags/insert_data.py
[2024-11-19T08:31:45.630+0000] {logging_mixin.py:190} INFO - [2024-11-19T08:31:45.628+0000] {override.py:1911} INFO - Created Permission View: can edit on DAG:finance_data_pipeline
[2024-11-19T08:31:45.648+0000] {logging_mixin.py:190} INFO - [2024-11-19T08:31:45.648+0000] {override.py:1911} INFO - Created Permission View: can read on DAG:finance_data_pipeline
[2024-11-19T08:31:45.659+0000] {logging_mixin.py:190} INFO - [2024-11-19T08:31:45.659+0000] {override.py:1911} INFO - Created Permission View: can delete on DAG:finance_data_pipeline
[2024-11-19T08:31:45.673+0000] {logging_mixin.py:190} INFO - [2024-11-19T08:31:45.673+0000] {override.py:1911} INFO - Created Permission View: can read on DAG Run:finance_data_pipeline
[2024-11-19T08:31:45.685+0000] {logging_mixin.py:190} INFO - [2024-11-19T08:31:45.684+0000] {override.py:1911} INFO - Created Permission View: can create on DAG Run:finance_data_pipeline
[2024-11-19T08:31:45.695+0000] {logging_mixin.py:190} INFO - [2024-11-19T08:31:45.694+0000] {override.py:1911} INFO - Created Permission View: menu access on DAG Run:finance_data_pipeline
[2024-11-19T08:31:45.705+0000] {logging_mixin.py:190} INFO - [2024-11-19T08:31:45.705+0000] {override.py:1911} INFO - Created Permission View: can delete on DAG Run:finance_data_pipeline
[2024-11-19T08:31:45.706+0000] {logging_mixin.py:190} INFO - [2024-11-19T08:31:45.706+0000] {dag.py:3239} INFO - Sync 1 DAGs
[2024-11-19T08:31:45.726+0000] {logging_mixin.py:190} INFO - [2024-11-19T08:31:45.725+0000] {dag.py:3262} INFO - Creating ORM DAG for finance_data_pipeline
[2024-11-19T08:31:45.738+0000] {logging_mixin.py:190} INFO - [2024-11-19T08:31:45.738+0000] {dag.py:4180} INFO - Setting next_dagrun for finance_data_pipeline to 2024-11-01 00:00:00+00:00, run_after=2024-11-02 00:00:00+00:00
[2024-11-19T08:31:45.765+0000] {processor.py:208} INFO - Processing /opt/airflow/dags/insert_data.py took 0.420 seconds
