[2024-11-12T15:26:10.839+0000] {processor.py:186} INFO - Started process (PID=67) to work on /home/airflow/.local/lib/python3.12/site-packages/airflow/example_dags/example_setup_teardown_taskflow.py
[2024-11-12T15:26:10.850+0000] {processor.py:914} INFO - Processing file /home/airflow/.local/lib/python3.12/site-packages/airflow/example_dags/example_setup_teardown_taskflow.py for tasks to queue
[2024-11-12T15:26:10.884+0000] {logging_mixin.py:190} INFO - [2024-11-12T15:26:10.879+0000] {dagbag.py:588} INFO - Filling up the DagBag from /home/airflow/.local/lib/python3.12/site-packages/airflow/example_dags/example_setup_teardown_taskflow.py
[2024-11-12T15:26:10.981+0000] {processor.py:925} INFO - DAG(s) 'example_setup_teardown_taskflow' retrieved from /home/airflow/.local/lib/python3.12/site-packages/airflow/example_dags/example_setup_teardown_taskflow.py
[2024-11-12T15:26:12.229+0000] {logging_mixin.py:190} INFO - [2024-11-12T15:26:12.227+0000] {override.py:1900} INFO - Created Permission View: can delete on DAG:example_setup_teardown_taskflow
[2024-11-12T15:26:12.330+0000] {logging_mixin.py:190} INFO - [2024-11-12T15:26:12.329+0000] {override.py:1900} INFO - Created Permission View: can edit on DAG:example_setup_teardown_taskflow
[2024-11-12T15:26:12.414+0000] {logging_mixin.py:190} INFO - [2024-11-12T15:26:12.413+0000] {override.py:1900} INFO - Created Permission View: can read on DAG:example_setup_teardown_taskflow
[2024-11-12T15:26:12.488+0000] {logging_mixin.py:190} INFO - [2024-11-12T15:26:12.488+0000] {override.py:1900} INFO - Created Permission View: can create on DAG Run:example_setup_teardown_taskflow
[2024-11-12T15:26:12.546+0000] {logging_mixin.py:190} INFO - [2024-11-12T15:26:12.540+0000] {override.py:1900} INFO - Created Permission View: can delete on DAG Run:example_setup_teardown_taskflow
[2024-11-12T15:26:12.621+0000] {logging_mixin.py:190} INFO - [2024-11-12T15:26:12.620+0000] {override.py:1900} INFO - Created Permission View: menu access on DAG Run:example_setup_teardown_taskflow
[2024-11-12T15:26:12.664+0000] {logging_mixin.py:190} INFO - [2024-11-12T15:26:12.663+0000] {override.py:1900} INFO - Created Permission View: can read on DAG Run:example_setup_teardown_taskflow
[2024-11-12T15:26:12.668+0000] {logging_mixin.py:190} INFO - [2024-11-12T15:26:12.667+0000] {dag.py:3239} INFO - Sync 1 DAGs
[2024-11-12T15:26:12.751+0000] {logging_mixin.py:190} INFO - [2024-11-12T15:26:12.750+0000] {dag.py:3262} INFO - Creating ORM DAG for example_setup_teardown_taskflow
[2024-11-12T15:26:12.782+0000] {logging_mixin.py:190} INFO - [2024-11-12T15:26:12.782+0000] {dag.py:4180} INFO - Setting next_dagrun for example_setup_teardown_taskflow to None, run_after=None
[2024-11-12T15:26:12.912+0000] {processor.py:208} INFO - Processing /home/airflow/.local/lib/python3.12/site-packages/airflow/example_dags/example_setup_teardown_taskflow.py took 2.119 seconds
[2024-11-12T15:49:20.883+0000] {processor.py:186} INFO - Started process (PID=75) to work on /home/airflow/.local/lib/python3.12/site-packages/airflow/example_dags/example_setup_teardown_taskflow.py
[2024-11-12T15:49:20.994+0000] {processor.py:914} INFO - Processing file /home/airflow/.local/lib/python3.12/site-packages/airflow/example_dags/example_setup_teardown_taskflow.py for tasks to queue
[2024-11-12T15:49:21.210+0000] {logging_mixin.py:190} INFO - [2024-11-12T15:49:21.118+0000] {dagbag.py:588} INFO - Filling up the DagBag from /home/airflow/.local/lib/python3.12/site-packages/airflow/example_dags/example_setup_teardown_taskflow.py
[2024-11-12T15:49:30.607+0000] {processor.py:925} INFO - DAG(s) 'example_setup_teardown_taskflow' retrieved from /home/airflow/.local/lib/python3.12/site-packages/airflow/example_dags/example_setup_teardown_taskflow.py
[2024-11-12T15:56:27.580+0000] {processor.py:186} INFO - Started process (PID=78) to work on /home/airflow/.local/lib/python3.12/site-packages/airflow/example_dags/example_setup_teardown_taskflow.py
[2024-11-12T15:56:27.591+0000] {processor.py:914} INFO - Processing file /home/airflow/.local/lib/python3.12/site-packages/airflow/example_dags/example_setup_teardown_taskflow.py for tasks to queue
[2024-11-12T15:56:27.604+0000] {logging_mixin.py:190} INFO - [2024-11-12T15:56:27.597+0000] {dagbag.py:588} INFO - Filling up the DagBag from /home/airflow/.local/lib/python3.12/site-packages/airflow/example_dags/example_setup_teardown_taskflow.py
[2024-11-12T15:56:27.842+0000] {processor.py:925} INFO - DAG(s) 'example_setup_teardown_taskflow' retrieved from /home/airflow/.local/lib/python3.12/site-packages/airflow/example_dags/example_setup_teardown_taskflow.py
