[2024-11-12T15:26:04.231+0000] {processor.py:186} INFO - Started process (PID=65) to work on /home/airflow/.local/lib/python3.12/site-packages/airflow/example_dags/example_inlet_event_extra.py
[2024-11-12T15:26:04.233+0000] {processor.py:914} INFO - Processing file /home/airflow/.local/lib/python3.12/site-packages/airflow/example_dags/example_inlet_event_extra.py for tasks to queue
[2024-11-12T15:26:04.242+0000] {logging_mixin.py:190} INFO - [2024-11-12T15:26:04.241+0000] {dagbag.py:588} INFO - Filling up the DagBag from /home/airflow/.local/lib/python3.12/site-packages/airflow/example_dags/example_inlet_event_extra.py
[2024-11-12T15:26:06.769+0000] {processor.py:925} INFO - DAG(s) 'read_dataset_event', 'read_dataset_event_from_classic' retrieved from /home/airflow/.local/lib/python3.12/site-packages/airflow/example_dags/example_inlet_event_extra.py
[2024-11-12T15:26:08.447+0000] {logging_mixin.py:190} INFO - [2024-11-12T15:26:08.444+0000] {override.py:1900} INFO - Created Permission View: can delete on DAG:read_dataset_event
[2024-11-12T15:26:08.549+0000] {logging_mixin.py:190} INFO - [2024-11-12T15:26:08.548+0000] {override.py:1900} INFO - Created Permission View: can edit on DAG:read_dataset_event
[2024-11-12T15:26:08.587+0000] {logging_mixin.py:190} INFO - [2024-11-12T15:26:08.586+0000] {override.py:1900} INFO - Created Permission View: can read on DAG:read_dataset_event
[2024-11-12T15:26:08.709+0000] {logging_mixin.py:190} INFO - [2024-11-12T15:26:08.708+0000] {override.py:1900} INFO - Created Permission View: can create on DAG Run:read_dataset_event
[2024-11-12T15:26:08.747+0000] {logging_mixin.py:190} INFO - [2024-11-12T15:26:08.746+0000] {override.py:1900} INFO - Created Permission View: can delete on DAG Run:read_dataset_event
[2024-11-12T15:26:08.805+0000] {logging_mixin.py:190} INFO - [2024-11-12T15:26:08.804+0000] {override.py:1900} INFO - Created Permission View: menu access on DAG Run:read_dataset_event
[2024-11-12T15:26:08.844+0000] {logging_mixin.py:190} INFO - [2024-11-12T15:26:08.843+0000] {override.py:1900} INFO - Created Permission View: can read on DAG Run:read_dataset_event
[2024-11-12T15:26:08.967+0000] {logging_mixin.py:190} INFO - [2024-11-12T15:26:08.965+0000] {override.py:1900} INFO - Created Permission View: can delete on DAG:read_dataset_event_from_classic
[2024-11-12T15:26:09.014+0000] {logging_mixin.py:190} INFO - [2024-11-12T15:26:09.014+0000] {override.py:1900} INFO - Created Permission View: can edit on DAG:read_dataset_event_from_classic
[2024-11-12T15:26:09.079+0000] {logging_mixin.py:190} INFO - [2024-11-12T15:26:09.078+0000] {override.py:1900} INFO - Created Permission View: can read on DAG:read_dataset_event_from_classic
[2024-11-12T15:26:09.116+0000] {logging_mixin.py:190} INFO - [2024-11-12T15:26:09.113+0000] {override.py:1900} INFO - Created Permission View: can create on DAG Run:read_dataset_event_from_classic
[2024-11-12T15:26:09.145+0000] {logging_mixin.py:190} INFO - [2024-11-12T15:26:09.144+0000] {override.py:1900} INFO - Created Permission View: can delete on DAG Run:read_dataset_event_from_classic
[2024-11-12T15:26:09.196+0000] {logging_mixin.py:190} INFO - [2024-11-12T15:26:09.195+0000] {override.py:1900} INFO - Created Permission View: menu access on DAG Run:read_dataset_event_from_classic
[2024-11-12T15:26:09.232+0000] {logging_mixin.py:190} INFO - [2024-11-12T15:26:09.231+0000] {override.py:1900} INFO - Created Permission View: can read on DAG Run:read_dataset_event_from_classic
[2024-11-12T15:26:09.251+0000] {logging_mixin.py:190} INFO - [2024-11-12T15:26:09.248+0000] {dag.py:3239} INFO - Sync 2 DAGs
[2024-11-12T15:26:09.362+0000] {logging_mixin.py:190} INFO - [2024-11-12T15:26:09.361+0000] {dag.py:3262} INFO - Creating ORM DAG for read_dataset_event_from_classic
[2024-11-12T15:26:09.368+0000] {logging_mixin.py:190} INFO - [2024-11-12T15:26:09.367+0000] {dag.py:3262} INFO - Creating ORM DAG for read_dataset_event
[2024-11-12T15:26:09.431+0000] {logging_mixin.py:190} INFO - [2024-11-12T15:26:09.431+0000] {dag.py:4180} INFO - Setting next_dagrun for read_dataset_event to 2024-11-11 00:00:00+00:00, run_after=2024-11-12 00:00:00+00:00
[2024-11-12T15:26:09.441+0000] {logging_mixin.py:190} INFO - [2024-11-12T15:26:09.441+0000] {dag.py:4180} INFO - Setting next_dagrun for read_dataset_event_from_classic to 2024-11-11 00:00:00+00:00, run_after=2024-11-12 00:00:00+00:00
[2024-11-12T15:26:09.604+0000] {processor.py:208} INFO - Processing /home/airflow/.local/lib/python3.12/site-packages/airflow/example_dags/example_inlet_event_extra.py took 5.386 seconds
[2024-11-12T15:48:39.078+0000] {processor.py:186} INFO - Started process (PID=73) to work on /home/airflow/.local/lib/python3.12/site-packages/airflow/example_dags/example_inlet_event_extra.py
[2024-11-12T15:48:39.081+0000] {processor.py:914} INFO - Processing file /home/airflow/.local/lib/python3.12/site-packages/airflow/example_dags/example_inlet_event_extra.py for tasks to queue
[2024-11-12T15:48:39.087+0000] {logging_mixin.py:190} INFO - [2024-11-12T15:48:39.086+0000] {dagbag.py:588} INFO - Filling up the DagBag from /home/airflow/.local/lib/python3.12/site-packages/airflow/example_dags/example_inlet_event_extra.py
[2024-11-12T15:56:17.309+0000] {processor.py:186} INFO - Started process (PID=76) to work on /home/airflow/.local/lib/python3.12/site-packages/airflow/example_dags/example_inlet_event_extra.py
[2024-11-12T15:56:17.312+0000] {processor.py:914} INFO - Processing file /home/airflow/.local/lib/python3.12/site-packages/airflow/example_dags/example_inlet_event_extra.py for tasks to queue
[2024-11-12T15:56:17.318+0000] {logging_mixin.py:190} INFO - [2024-11-12T15:56:17.317+0000] {dagbag.py:588} INFO - Filling up the DagBag from /home/airflow/.local/lib/python3.12/site-packages/airflow/example_dags/example_inlet_event_extra.py
[2024-11-12T15:56:18.458+0000] {processor.py:925} INFO - DAG(s) 'read_dataset_event_from_classic', 'read_dataset_event' retrieved from /home/airflow/.local/lib/python3.12/site-packages/airflow/example_dags/example_inlet_event_extra.py
