[2024-11-12T15:11:27.340+0000] {processor.py:186} INFO - Started process (PID=61) to work on /home/airflow/.local/lib/python3.12/site-packages/airflow/example_dags/example_latest_only_with_trigger.py
[2024-11-12T15:11:27.342+0000] {processor.py:914} INFO - Processing file /home/airflow/.local/lib/python3.12/site-packages/airflow/example_dags/example_latest_only_with_trigger.py for tasks to queue
[2024-11-12T15:11:27.348+0000] {logging_mixin.py:190} INFO - [2024-11-12T15:11:27.348+0000] {dagbag.py:588} INFO - Filling up the DagBag from /home/airflow/.local/lib/python3.12/site-packages/airflow/example_dags/example_latest_only_with_trigger.py
[2024-11-12T15:11:27.405+0000] {processor.py:925} INFO - DAG(s) 'latest_only_with_trigger' retrieved from /home/airflow/.local/lib/python3.12/site-packages/airflow/example_dags/example_latest_only_with_trigger.py
[2024-11-12T15:11:28.268+0000] {logging_mixin.py:190} INFO - [2024-11-12T15:11:28.266+0000] {override.py:1900} INFO - Created Permission View: can read on DAG:latest_only_with_trigger
[2024-11-12T15:11:28.317+0000] {logging_mixin.py:190} INFO - [2024-11-12T15:11:28.316+0000] {override.py:1900} INFO - Created Permission View: can edit on DAG:latest_only_with_trigger
[2024-11-12T15:11:28.351+0000] {logging_mixin.py:190} INFO - [2024-11-12T15:11:28.351+0000] {override.py:1900} INFO - Created Permission View: can delete on DAG:latest_only_with_trigger
[2024-11-12T15:11:28.373+0000] {logging_mixin.py:190} INFO - [2024-11-12T15:11:28.373+0000] {override.py:1900} INFO - Created Permission View: can read on DAG Run:latest_only_with_trigger
[2024-11-12T15:11:28.389+0000] {logging_mixin.py:190} INFO - [2024-11-12T15:11:28.388+0000] {override.py:1900} INFO - Created Permission View: menu access on DAG Run:latest_only_with_trigger
[2024-11-12T15:11:28.403+0000] {logging_mixin.py:190} INFO - [2024-11-12T15:11:28.403+0000] {override.py:1900} INFO - Created Permission View: can create on DAG Run:latest_only_with_trigger
[2024-11-12T15:11:28.418+0000] {logging_mixin.py:190} INFO - [2024-11-12T15:11:28.417+0000] {override.py:1900} INFO - Created Permission View: can delete on DAG Run:latest_only_with_trigger
[2024-11-12T15:11:28.419+0000] {logging_mixin.py:190} INFO - [2024-11-12T15:11:28.419+0000] {dag.py:3239} INFO - Sync 1 DAGs
[2024-11-12T15:11:28.465+0000] {logging_mixin.py:190} INFO - [2024-11-12T15:11:28.465+0000] {dag.py:3262} INFO - Creating ORM DAG for latest_only_with_trigger
[2024-11-12T15:11:28.501+0000] {logging_mixin.py:190} INFO - [2024-11-12T15:11:28.501+0000] {dag.py:4180} INFO - Setting next_dagrun for latest_only_with_trigger to 2024-11-12 08:00:00+00:00, run_after=2024-11-12 12:00:00+00:00
[2024-11-12T15:11:28.563+0000] {processor.py:208} INFO - Processing /home/airflow/.local/lib/python3.12/site-packages/airflow/example_dags/example_latest_only_with_trigger.py took 1.236 seconds
[2024-11-12T15:25:15.603+0000] {processor.py:186} INFO - Started process (PID=48) to work on /home/airflow/.local/lib/python3.12/site-packages/airflow/example_dags/example_latest_only_with_trigger.py
[2024-11-12T15:25:15.606+0000] {processor.py:914} INFO - Processing file /home/airflow/.local/lib/python3.12/site-packages/airflow/example_dags/example_latest_only_with_trigger.py for tasks to queue
[2024-11-12T15:25:15.612+0000] {logging_mixin.py:190} INFO - [2024-11-12T15:25:15.612+0000] {dagbag.py:588} INFO - Filling up the DagBag from /home/airflow/.local/lib/python3.12/site-packages/airflow/example_dags/example_latest_only_with_trigger.py
[2024-11-12T15:25:15.650+0000] {processor.py:925} INFO - DAG(s) 'latest_only_with_trigger' retrieved from /home/airflow/.local/lib/python3.12/site-packages/airflow/example_dags/example_latest_only_with_trigger.py
[2024-11-12T15:25:15.752+0000] {logging_mixin.py:190} INFO - [2024-11-12T15:25:15.751+0000] {dag.py:3239} INFO - Sync 1 DAGs
[2024-11-12T15:25:15.901+0000] {logging_mixin.py:190} INFO - [2024-11-12T15:25:15.901+0000] {dag.py:4180} INFO - Setting next_dagrun for latest_only_with_trigger to 2024-11-12 08:00:00+00:00, run_after=2024-11-12 12:00:00+00:00
[2024-11-12T15:25:15.982+0000] {processor.py:208} INFO - Processing /home/airflow/.local/lib/python3.12/site-packages/airflow/example_dags/example_latest_only_with_trigger.py took 0.393 seconds
[2024-11-12T15:40:48.285+0000] {processor.py:186} INFO - Started process (PID=87) to work on /home/airflow/.local/lib/python3.12/site-packages/airflow/example_dags/example_latest_only_with_trigger.py
[2024-11-12T15:40:48.288+0000] {processor.py:914} INFO - Processing file /home/airflow/.local/lib/python3.12/site-packages/airflow/example_dags/example_latest_only_with_trigger.py for tasks to queue
[2024-11-12T15:40:48.294+0000] {logging_mixin.py:190} INFO - [2024-11-12T15:40:48.293+0000] {dagbag.py:588} INFO - Filling up the DagBag from /home/airflow/.local/lib/python3.12/site-packages/airflow/example_dags/example_latest_only_with_trigger.py
[2024-11-12T15:40:48.362+0000] {processor.py:925} INFO - DAG(s) 'latest_only_with_trigger' retrieved from /home/airflow/.local/lib/python3.12/site-packages/airflow/example_dags/example_latest_only_with_trigger.py
[2024-11-12T15:40:48.594+0000] {logging_mixin.py:190} INFO - [2024-11-12T15:40:48.593+0000] {dag.py:3239} INFO - Sync 1 DAGs
[2024-11-12T15:40:48.731+0000] {logging_mixin.py:190} INFO - [2024-11-12T15:40:48.730+0000] {dag.py:4180} INFO - Setting next_dagrun for latest_only_with_trigger to 2024-11-12 08:00:00+00:00, run_after=2024-11-12 12:00:00+00:00
[2024-11-12T15:40:48.854+0000] {processor.py:208} INFO - Processing /home/airflow/.local/lib/python3.12/site-packages/airflow/example_dags/example_latest_only_with_trigger.py took 0.583 seconds
[2024-11-12T15:48:35.867+0000] {processor.py:186} INFO - Started process (PID=62) to work on /home/airflow/.local/lib/python3.12/site-packages/airflow/example_dags/example_latest_only_with_trigger.py
[2024-11-12T15:48:35.871+0000] {processor.py:914} INFO - Processing file /home/airflow/.local/lib/python3.12/site-packages/airflow/example_dags/example_latest_only_with_trigger.py for tasks to queue
[2024-11-12T15:48:35.877+0000] {logging_mixin.py:190} INFO - [2024-11-12T15:48:35.876+0000] {dagbag.py:588} INFO - Filling up the DagBag from /home/airflow/.local/lib/python3.12/site-packages/airflow/example_dags/example_latest_only_with_trigger.py
[2024-11-12T15:48:35.905+0000] {processor.py:925} INFO - DAG(s) 'latest_only_with_trigger' retrieved from /home/airflow/.local/lib/python3.12/site-packages/airflow/example_dags/example_latest_only_with_trigger.py
[2024-11-12T15:48:36.018+0000] {logging_mixin.py:190} INFO - [2024-11-12T15:48:36.017+0000] {dag.py:3239} INFO - Sync 1 DAGs
[2024-11-12T15:48:36.087+0000] {logging_mixin.py:190} INFO - [2024-11-12T15:48:36.086+0000] {dag.py:4180} INFO - Setting next_dagrun for latest_only_with_trigger to 2024-11-12 08:00:00+00:00, run_after=2024-11-12 12:00:00+00:00
[2024-11-12T15:48:36.141+0000] {processor.py:208} INFO - Processing /home/airflow/.local/lib/python3.12/site-packages/airflow/example_dags/example_latest_only_with_trigger.py took 0.286 seconds
[2024-11-12T15:56:13.501+0000] {processor.py:186} INFO - Started process (PID=65) to work on /home/airflow/.local/lib/python3.12/site-packages/airflow/example_dags/example_latest_only_with_trigger.py
[2024-11-12T15:56:13.538+0000] {processor.py:914} INFO - Processing file /home/airflow/.local/lib/python3.12/site-packages/airflow/example_dags/example_latest_only_with_trigger.py for tasks to queue
[2024-11-12T15:56:13.553+0000] {logging_mixin.py:190} INFO - [2024-11-12T15:56:13.552+0000] {dagbag.py:588} INFO - Filling up the DagBag from /home/airflow/.local/lib/python3.12/site-packages/airflow/example_dags/example_latest_only_with_trigger.py
[2024-11-12T15:56:13.628+0000] {processor.py:925} INFO - DAG(s) 'latest_only_with_trigger' retrieved from /home/airflow/.local/lib/python3.12/site-packages/airflow/example_dags/example_latest_only_with_trigger.py
[2024-11-12T15:56:13.910+0000] {logging_mixin.py:190} INFO - [2024-11-12T15:56:13.910+0000] {dag.py:3239} INFO - Sync 1 DAGs
[2024-11-12T15:56:14.043+0000] {logging_mixin.py:190} INFO - [2024-11-12T15:56:14.043+0000] {dag.py:4180} INFO - Setting next_dagrun for latest_only_with_trigger to 2024-11-12 08:00:00+00:00, run_after=2024-11-12 12:00:00+00:00
[2024-11-12T15:56:14.127+0000] {processor.py:208} INFO - Processing /home/airflow/.local/lib/python3.12/site-packages/airflow/example_dags/example_latest_only_with_trigger.py took 0.647 seconds
