[2024-11-12T15:11:32.846+0000] {processor.py:186} INFO - Started process (PID=67) to work on /home/airflow/.local/lib/python3.12/site-packages/airflow/example_dags/example_display_name.py
[2024-11-12T15:11:32.849+0000] {processor.py:914} INFO - Processing file /home/airflow/.local/lib/python3.12/site-packages/airflow/example_dags/example_display_name.py for tasks to queue
[2024-11-12T15:11:32.854+0000] {logging_mixin.py:190} INFO - [2024-11-12T15:11:32.853+0000] {dagbag.py:588} INFO - Filling up the DagBag from /home/airflow/.local/lib/python3.12/site-packages/airflow/example_dags/example_display_name.py
[2024-11-12T15:11:32.885+0000] {processor.py:925} INFO - DAG(s) 'example_display_name' retrieved from /home/airflow/.local/lib/python3.12/site-packages/airflow/example_dags/example_display_name.py
[2024-11-12T15:11:33.201+0000] {logging_mixin.py:190} INFO - [2024-11-12T15:11:33.200+0000] {override.py:1900} INFO - Created Permission View: can read on DAG:example_display_name
[2024-11-12T15:11:33.228+0000] {logging_mixin.py:190} INFO - [2024-11-12T15:11:33.227+0000] {override.py:1900} INFO - Created Permission View: can edit on DAG:example_display_name
[2024-11-12T15:11:33.244+0000] {logging_mixin.py:190} INFO - [2024-11-12T15:11:33.244+0000] {override.py:1900} INFO - Created Permission View: can delete on DAG:example_display_name
[2024-11-12T15:11:33.261+0000] {logging_mixin.py:190} INFO - [2024-11-12T15:11:33.260+0000] {override.py:1900} INFO - Created Permission View: can read on DAG Run:example_display_name
[2024-11-12T15:11:33.275+0000] {logging_mixin.py:190} INFO - [2024-11-12T15:11:33.275+0000] {override.py:1900} INFO - Created Permission View: menu access on DAG Run:example_display_name
[2024-11-12T15:11:33.288+0000] {logging_mixin.py:190} INFO - [2024-11-12T15:11:33.288+0000] {override.py:1900} INFO - Created Permission View: can create on DAG Run:example_display_name
[2024-11-12T15:11:33.302+0000] {logging_mixin.py:190} INFO - [2024-11-12T15:11:33.302+0000] {override.py:1900} INFO - Created Permission View: can delete on DAG Run:example_display_name
[2024-11-12T15:11:33.304+0000] {logging_mixin.py:190} INFO - [2024-11-12T15:11:33.303+0000] {dag.py:3239} INFO - Sync 1 DAGs
[2024-11-12T15:11:33.400+0000] {logging_mixin.py:190} INFO - [2024-11-12T15:11:33.399+0000] {dag.py:3262} INFO - Creating ORM DAG for example_display_name
[2024-11-12T15:11:33.405+0000] {logging_mixin.py:190} INFO - [2024-11-12T15:11:33.405+0000] {dag.py:4180} INFO - Setting next_dagrun for example_display_name to None, run_after=None
[2024-11-12T15:11:35.225+0000] {processor.py:208} INFO - Processing /home/airflow/.local/lib/python3.12/site-packages/airflow/example_dags/example_display_name.py took 2.392 seconds
[2024-11-12T15:25:17.667+0000] {processor.py:186} INFO - Started process (PID=54) to work on /home/airflow/.local/lib/python3.12/site-packages/airflow/example_dags/example_display_name.py
[2024-11-12T15:25:17.670+0000] {processor.py:914} INFO - Processing file /home/airflow/.local/lib/python3.12/site-packages/airflow/example_dags/example_display_name.py for tasks to queue
[2024-11-12T15:25:17.678+0000] {logging_mixin.py:190} INFO - [2024-11-12T15:25:17.677+0000] {dagbag.py:588} INFO - Filling up the DagBag from /home/airflow/.local/lib/python3.12/site-packages/airflow/example_dags/example_display_name.py
[2024-11-12T15:25:17.706+0000] {processor.py:925} INFO - DAG(s) 'example_display_name' retrieved from /home/airflow/.local/lib/python3.12/site-packages/airflow/example_dags/example_display_name.py
[2024-11-12T15:25:18.101+0000] {logging_mixin.py:190} INFO - [2024-11-12T15:25:18.100+0000] {dag.py:3239} INFO - Sync 1 DAGs
[2024-11-12T15:25:18.145+0000] {logging_mixin.py:190} INFO - [2024-11-12T15:25:18.144+0000] {dag.py:4180} INFO - Setting next_dagrun for example_display_name to None, run_after=None
[2024-11-12T15:25:18.255+0000] {processor.py:208} INFO - Processing /home/airflow/.local/lib/python3.12/site-packages/airflow/example_dags/example_display_name.py took 0.602 seconds
[2024-11-12T15:40:51.463+0000] {processor.py:186} INFO - Started process (PID=93) to work on /home/airflow/.local/lib/python3.12/site-packages/airflow/example_dags/example_display_name.py
[2024-11-12T15:40:51.467+0000] {processor.py:914} INFO - Processing file /home/airflow/.local/lib/python3.12/site-packages/airflow/example_dags/example_display_name.py for tasks to queue
[2024-11-12T15:40:51.478+0000] {logging_mixin.py:190} INFO - [2024-11-12T15:40:51.477+0000] {dagbag.py:588} INFO - Filling up the DagBag from /home/airflow/.local/lib/python3.12/site-packages/airflow/example_dags/example_display_name.py
[2024-11-12T15:40:51.523+0000] {processor.py:925} INFO - DAG(s) 'example_display_name' retrieved from /home/airflow/.local/lib/python3.12/site-packages/airflow/example_dags/example_display_name.py
[2024-11-12T15:40:52.256+0000] {logging_mixin.py:190} INFO - [2024-11-12T15:40:52.241+0000] {dag.py:3239} INFO - Sync 1 DAGs
[2024-11-12T15:40:52.316+0000] {logging_mixin.py:190} INFO - [2024-11-12T15:40:52.315+0000] {dag.py:4180} INFO - Setting next_dagrun for example_display_name to None, run_after=None
[2024-11-12T15:40:52.413+0000] {processor.py:208} INFO - Processing /home/airflow/.local/lib/python3.12/site-packages/airflow/example_dags/example_display_name.py took 0.985 seconds
[2024-11-12T15:48:37.737+0000] {processor.py:186} INFO - Started process (PID=68) to work on /home/airflow/.local/lib/python3.12/site-packages/airflow/example_dags/example_display_name.py
[2024-11-12T15:48:37.749+0000] {processor.py:914} INFO - Processing file /home/airflow/.local/lib/python3.12/site-packages/airflow/example_dags/example_display_name.py for tasks to queue
[2024-11-12T15:48:37.754+0000] {logging_mixin.py:190} INFO - [2024-11-12T15:48:37.754+0000] {dagbag.py:588} INFO - Filling up the DagBag from /home/airflow/.local/lib/python3.12/site-packages/airflow/example_dags/example_display_name.py
[2024-11-12T15:48:37.787+0000] {processor.py:925} INFO - DAG(s) 'example_display_name' retrieved from /home/airflow/.local/lib/python3.12/site-packages/airflow/example_dags/example_display_name.py
[2024-11-12T15:48:37.877+0000] {logging_mixin.py:190} INFO - [2024-11-12T15:48:37.876+0000] {dag.py:3239} INFO - Sync 1 DAGs
[2024-11-12T15:48:37.913+0000] {logging_mixin.py:190} INFO - [2024-11-12T15:48:37.912+0000] {dag.py:4180} INFO - Setting next_dagrun for example_display_name to None, run_after=None
[2024-11-12T15:48:37.956+0000] {processor.py:208} INFO - Processing /home/airflow/.local/lib/python3.12/site-packages/airflow/example_dags/example_display_name.py took 0.236 seconds
[2024-11-12T15:56:15.964+0000] {processor.py:186} INFO - Started process (PID=71) to work on /home/airflow/.local/lib/python3.12/site-packages/airflow/example_dags/example_display_name.py
[2024-11-12T15:56:16.014+0000] {processor.py:914} INFO - Processing file /home/airflow/.local/lib/python3.12/site-packages/airflow/example_dags/example_display_name.py for tasks to queue
[2024-11-12T15:56:16.025+0000] {logging_mixin.py:190} INFO - [2024-11-12T15:56:16.024+0000] {dagbag.py:588} INFO - Filling up the DagBag from /home/airflow/.local/lib/python3.12/site-packages/airflow/example_dags/example_display_name.py
[2024-11-12T15:56:16.061+0000] {processor.py:925} INFO - DAG(s) 'example_display_name' retrieved from /home/airflow/.local/lib/python3.12/site-packages/airflow/example_dags/example_display_name.py
[2024-11-12T15:56:16.142+0000] {logging_mixin.py:190} INFO - [2024-11-12T15:56:16.141+0000] {dag.py:3239} INFO - Sync 1 DAGs
[2024-11-12T15:56:16.189+0000] {logging_mixin.py:190} INFO - [2024-11-12T15:56:16.188+0000] {dag.py:4180} INFO - Setting next_dagrun for example_display_name to None, run_after=None
[2024-11-12T15:56:16.270+0000] {processor.py:208} INFO - Processing /home/airflow/.local/lib/python3.12/site-packages/airflow/example_dags/example_display_name.py took 0.322 seconds
