[2024-11-23T16:33:19.590+0000] {processor.py:186} INFO - Started process (PID=75) to work on /opt/airflow/dags/extract_data.py
[2024-11-23T16:33:19.618+0000] {processor.py:914} INFO - Processing file /opt/airflow/dags/extract_data.py for tasks to queue
[2024-11-23T16:33:19.736+0000] {logging_mixin.py:190} INFO - [2024-11-23T16:33:19.733+0000] {dagbag.py:588} INFO - Filling up the DagBag from /opt/airflow/dags/extract_data.py
[2024-11-23T16:33:20.892+0000] {processor.py:925} INFO - DAG(s) 'export_data_to_csv' retrieved from /opt/airflow/dags/extract_data.py
[2024-11-23T16:33:21.682+0000] {logging_mixin.py:190} INFO - [2024-11-23T16:33:21.682+0000] {dag.py:3239} INFO - Sync 1 DAGs
[2024-11-23T16:33:23.247+0000] {logging_mixin.py:190} INFO - [2024-11-23T16:33:23.246+0000] {dag.py:4180} INFO - Setting next_dagrun for export_data_to_csv to 2024-11-22 06:00:00+00:00, run_after=2024-11-23 06:00:00+00:00
[2024-11-23T16:33:25.590+0000] {processor.py:208} INFO - Processing /opt/airflow/dags/extract_data.py took 6.226 seconds
[2024-11-23T16:39:39.695+0000] {processor.py:186} INFO - Started process (PID=80) to work on /opt/airflow/dags/extract_data.py
[2024-11-23T16:39:39.815+0000] {processor.py:914} INFO - Processing file /opt/airflow/dags/extract_data.py for tasks to queue
[2024-11-23T16:39:39.977+0000] {logging_mixin.py:190} INFO - [2024-11-23T16:39:39.970+0000] {dagbag.py:588} INFO - Filling up the DagBag from /opt/airflow/dags/extract_data.py
[2024-11-23T16:39:43.509+0000] {processor.py:925} INFO - DAG(s) 'export_data_to_csv' retrieved from /opt/airflow/dags/extract_data.py
[2024-11-23T16:39:44.262+0000] {logging_mixin.py:190} INFO - [2024-11-23T16:39:44.261+0000] {dag.py:3239} INFO - Sync 1 DAGs
[2024-11-23T16:39:44.514+0000] {logging_mixin.py:190} INFO - [2024-11-23T16:39:44.513+0000] {dag.py:4180} INFO - Setting next_dagrun for export_data_to_csv to 2024-11-23 06:00:00+00:00, run_after=2024-11-24 06:00:00+00:00
[2024-11-23T16:39:44.677+0000] {processor.py:208} INFO - Processing /opt/airflow/dags/extract_data.py took 6.013 seconds
[2024-11-23T16:40:33.677+0000] {processor.py:186} INFO - Started process (PID=190) to work on /opt/airflow/dags/extract_data.py
[2024-11-23T16:40:33.684+0000] {processor.py:914} INFO - Processing file /opt/airflow/dags/extract_data.py for tasks to queue
[2024-11-23T16:40:33.704+0000] {logging_mixin.py:190} INFO - [2024-11-23T16:40:33.703+0000] {dagbag.py:588} INFO - Filling up the DagBag from /opt/airflow/dags/extract_data.py
[2024-11-23T16:40:43.324+0000] {processor.py:925} INFO - DAG(s) 'export_data_to_csv' retrieved from /opt/airflow/dags/extract_data.py
[2024-11-23T16:40:43.895+0000] {logging_mixin.py:190} INFO - [2024-11-23T16:40:43.894+0000] {dag.py:3239} INFO - Sync 1 DAGs
[2024-11-23T16:40:45.091+0000] {logging_mixin.py:190} INFO - [2024-11-23T16:40:45.086+0000] {dag.py:4180} INFO - Setting next_dagrun for export_data_to_csv to 2024-11-23 06:00:00+00:00, run_after=2024-11-24 06:00:00+00:00
[2024-11-23T16:40:45.425+0000] {processor.py:208} INFO - Processing /opt/airflow/dags/extract_data.py took 12.508 seconds
[2024-11-23T16:41:15.893+0000] {processor.py:186} INFO - Started process (PID=256) to work on /opt/airflow/dags/extract_data.py
[2024-11-23T16:41:15.895+0000] {processor.py:914} INFO - Processing file /opt/airflow/dags/extract_data.py for tasks to queue
[2024-11-23T16:41:15.901+0000] {logging_mixin.py:190} INFO - [2024-11-23T16:41:15.900+0000] {dagbag.py:588} INFO - Filling up the DagBag from /opt/airflow/dags/extract_data.py
[2024-11-23T16:41:17.070+0000] {processor.py:925} INFO - DAG(s) 'export_data_to_csv' retrieved from /opt/airflow/dags/extract_data.py
[2024-11-23T16:41:17.255+0000] {logging_mixin.py:190} INFO - [2024-11-23T16:41:17.254+0000] {dag.py:3239} INFO - Sync 1 DAGs
[2024-11-23T16:41:17.355+0000] {logging_mixin.py:190} INFO - [2024-11-23T16:41:17.354+0000] {dag.py:4180} INFO - Setting next_dagrun for export_data_to_csv to 2024-11-23 06:00:00+00:00, run_after=2024-11-24 06:00:00+00:00
[2024-11-23T16:41:17.449+0000] {processor.py:208} INFO - Processing /opt/airflow/dags/extract_data.py took 1.568 seconds
[2024-11-23T16:41:54.050+0000] {processor.py:186} INFO - Started process (PID=322) to work on /opt/airflow/dags/extract_data.py
[2024-11-23T16:41:54.052+0000] {processor.py:914} INFO - Processing file /opt/airflow/dags/extract_data.py for tasks to queue
[2024-11-23T16:41:54.056+0000] {logging_mixin.py:190} INFO - [2024-11-23T16:41:54.056+0000] {dagbag.py:588} INFO - Filling up the DagBag from /opt/airflow/dags/extract_data.py
[2024-11-23T16:41:54.246+0000] {processor.py:925} INFO - DAG(s) 'export_data_to_csv' retrieved from /opt/airflow/dags/extract_data.py
[2024-11-23T16:41:54.295+0000] {logging_mixin.py:190} INFO - [2024-11-23T16:41:54.294+0000] {dag.py:3239} INFO - Sync 1 DAGs
[2024-11-23T16:41:54.342+0000] {logging_mixin.py:190} INFO - [2024-11-23T16:41:54.342+0000] {dag.py:4180} INFO - Setting next_dagrun for export_data_to_csv to 2024-11-23 06:00:00+00:00, run_after=2024-11-24 06:00:00+00:00
[2024-11-23T16:41:54.925+0000] {processor.py:208} INFO - Processing /opt/airflow/dags/extract_data.py took 0.885 seconds
[2024-11-23T16:42:25.534+0000] {processor.py:186} INFO - Started process (PID=394) to work on /opt/airflow/dags/extract_data.py
[2024-11-23T16:42:25.537+0000] {processor.py:914} INFO - Processing file /opt/airflow/dags/extract_data.py for tasks to queue
[2024-11-23T16:42:25.561+0000] {logging_mixin.py:190} INFO - [2024-11-23T16:42:25.559+0000] {dagbag.py:588} INFO - Filling up the DagBag from /opt/airflow/dags/extract_data.py
[2024-11-23T16:42:26.200+0000] {processor.py:925} INFO - DAG(s) 'export_data_to_csv' retrieved from /opt/airflow/dags/extract_data.py
[2024-11-23T16:42:26.274+0000] {logging_mixin.py:190} INFO - [2024-11-23T16:42:26.274+0000] {dag.py:3239} INFO - Sync 1 DAGs
[2024-11-23T16:42:26.451+0000] {logging_mixin.py:190} INFO - [2024-11-23T16:42:26.450+0000] {dag.py:4180} INFO - Setting next_dagrun for export_data_to_csv to 2024-11-23 06:00:00+00:00, run_after=2024-11-24 06:00:00+00:00
[2024-11-23T16:42:26.743+0000] {processor.py:208} INFO - Processing /opt/airflow/dags/extract_data.py took 1.252 seconds
[2024-11-23T16:43:03.966+0000] {processor.py:186} INFO - Started process (PID=436) to work on /opt/airflow/dags/extract_data.py
[2024-11-23T16:43:03.977+0000] {processor.py:914} INFO - Processing file /opt/airflow/dags/extract_data.py for tasks to queue
[2024-11-23T16:43:03.991+0000] {logging_mixin.py:190} INFO - [2024-11-23T16:43:03.986+0000] {dagbag.py:588} INFO - Filling up the DagBag from /opt/airflow/dags/extract_data.py
[2024-11-23T16:44:19.519+0000] {logging_mixin.py:190} INFO - [2024-11-23T16:44:19.064+0000] {timeout.py:68} ERROR - Process timed out, PID: 436
[2024-11-23T16:44:18.767+0000] {logging_mixin.py:190} INFO - [2024-11-23T16:44:19.542+0000] {dagbag.py:387} ERROR - Failed to import: /opt/airflow/dags/extract_data.py
Traceback (most recent call last):
  File "/home/airflow/.local/lib/python3.12/site-packages/airflow/models/dagbag.py", line 383, in parse
    loader.exec_module(new_module)
  File "<frozen importlib._bootstrap_external>", line 995, in exec_module
  File "<frozen importlib._bootstrap>", line 488, in _call_with_frames_removed
  File "/opt/airflow/dags/extract_data.py", line 5, in <module>
    from pymongo import MongoClient
  File "/home/airflow/.local/lib/python3.12/site-packages/pymongo/__init__.py", line 104, in <module>
    from pymongo.synchronous.mongo_client import MongoClient
  File "/home/airflow/.local/lib/python3.12/site-packages/pymongo/synchronous/mongo_client.py", line 94, in <module>
    from pymongo.synchronous import client_session, database, periodic_executor
  File "<frozen importlib._bootstrap>", line 1360, in _find_and_load
  File "<frozen importlib._bootstrap>", line 1322, in _find_and_load_unlocked
  File "<frozen importlib._bootstrap>", line 1256, in _find_spec
  File "<frozen importlib._bootstrap>", line 1226, in __exit__
  File "/home/airflow/.local/lib/python3.12/site-packages/airflow/utils/timeout.py", line 69, in handle_timeout
    raise AirflowTaskTimeout(self.error_message)
airflow.exceptions.AirflowTaskTimeout: DagBag import timeout for /opt/airflow/dags/extract_data.py after 30.0s.
Please take a look at these docs to improve your DAG import time:
* https://airflow.apache.org/docs/apache-airflow/2.10.3/best-practices.html#top-level-python-code
* https://airflow.apache.org/docs/apache-airflow/2.10.3/best-practices.html#reducing-dag-complexity, PID: 436
[2024-11-23T16:44:18.958+0000] {processor.py:927} WARNING - No viable dags retrieved from /opt/airflow/dags/extract_data.py
[2024-11-23T16:47:26.528+0000] {processor.py:186} INFO - Started process (PID=75) to work on /opt/airflow/dags/extract_data.py
[2024-11-23T16:47:26.531+0000] {processor.py:914} INFO - Processing file /opt/airflow/dags/extract_data.py for tasks to queue
[2024-11-23T16:47:26.551+0000] {logging_mixin.py:190} INFO - [2024-11-23T16:47:26.550+0000] {dagbag.py:588} INFO - Filling up the DagBag from /opt/airflow/dags/extract_data.py
[2024-11-23T16:47:27.882+0000] {processor.py:925} INFO - DAG(s) 'export_data_to_csv' retrieved from /opt/airflow/dags/extract_data.py
[2024-11-23T16:47:30.792+0000] {logging_mixin.py:190} INFO - [2024-11-23T16:47:30.791+0000] {dag.py:3239} INFO - Sync 1 DAGs
[2024-11-23T16:47:31.207+0000] {logging_mixin.py:190} INFO - [2024-11-23T16:47:31.205+0000] {dag.py:4180} INFO - Setting next_dagrun for export_data_to_csv to 2024-11-23 06:00:00+00:00, run_after=2024-11-24 06:00:00+00:00
[2024-11-23T16:47:31.602+0000] {processor.py:208} INFO - Processing /opt/airflow/dags/extract_data.py took 5.114 seconds
[2024-11-23T17:00:51.581+0000] {processor.py:186} INFO - Started process (PID=97) to work on /opt/airflow/dags/extract_data.py
[2024-11-23T17:00:51.606+0000] {processor.py:914} INFO - Processing file /opt/airflow/dags/extract_data.py for tasks to queue
[2024-11-23T17:00:51.687+0000] {logging_mixin.py:190} INFO - [2024-11-23T17:00:51.681+0000] {dagbag.py:588} INFO - Filling up the DagBag from /opt/airflow/dags/extract_data.py
[2024-11-23T17:00:55.908+0000] {processor.py:925} INFO - DAG(s) 'export_data_to_csv' retrieved from /opt/airflow/dags/extract_data.py
[2024-11-23T17:00:56.692+0000] {logging_mixin.py:190} INFO - [2024-11-23T17:00:56.692+0000] {dag.py:3239} INFO - Sync 1 DAGs
[2024-11-23T17:00:57.308+0000] {logging_mixin.py:190} INFO - [2024-11-23T17:00:57.307+0000] {dag.py:4180} INFO - Setting next_dagrun for export_data_to_csv to 2024-11-23 06:00:00+00:00, run_after=2024-11-24 06:00:00+00:00
[2024-11-23T17:00:57.765+0000] {processor.py:208} INFO - Processing /opt/airflow/dags/extract_data.py took 6.542 seconds
[2024-11-23T17:03:15.092+0000] {processor.py:186} INFO - Started process (PID=180) to work on /opt/airflow/dags/extract_data.py
[2024-11-23T17:03:15.110+0000] {processor.py:914} INFO - Processing file /opt/airflow/dags/extract_data.py for tasks to queue
[2024-11-23T17:03:15.212+0000] {logging_mixin.py:190} INFO - [2024-11-23T17:03:15.196+0000] {dagbag.py:588} INFO - Filling up the DagBag from /opt/airflow/dags/extract_data.py
[2024-11-23T17:03:17.407+0000] {processor.py:925} INFO - DAG(s) 'export_data_to_csv' retrieved from /opt/airflow/dags/extract_data.py
[2024-11-23T17:03:18.400+0000] {logging_mixin.py:190} INFO - [2024-11-23T17:03:18.399+0000] {dag.py:3239} INFO - Sync 1 DAGs
[2024-11-23T17:03:18.866+0000] {logging_mixin.py:190} INFO - [2024-11-23T17:03:18.865+0000] {dag.py:4180} INFO - Setting next_dagrun for export_data_to_csv to 2024-11-23 06:00:00+00:00, run_after=2024-11-24 06:00:00+00:00
[2024-11-23T17:03:19.243+0000] {processor.py:208} INFO - Processing /opt/airflow/dags/extract_data.py took 4.013 seconds
[2024-11-23T17:03:49.824+0000] {processor.py:186} INFO - Started process (PID=252) to work on /opt/airflow/dags/extract_data.py
[2024-11-23T17:03:49.829+0000] {processor.py:914} INFO - Processing file /opt/airflow/dags/extract_data.py for tasks to queue
[2024-11-23T17:03:49.840+0000] {logging_mixin.py:190} INFO - [2024-11-23T17:03:49.840+0000] {dagbag.py:588} INFO - Filling up the DagBag from /opt/airflow/dags/extract_data.py
[2024-11-23T17:03:50.416+0000] {processor.py:925} INFO - DAG(s) 'export_data_to_csv' retrieved from /opt/airflow/dags/extract_data.py
[2024-11-23T17:03:50.524+0000] {logging_mixin.py:190} INFO - [2024-11-23T17:03:50.515+0000] {dag.py:3239} INFO - Sync 1 DAGs
[2024-11-23T17:03:50.690+0000] {logging_mixin.py:190} INFO - [2024-11-23T17:03:50.686+0000] {dag.py:4180} INFO - Setting next_dagrun for export_data_to_csv to 2024-11-23 06:00:00+00:00, run_after=2024-11-24 06:00:00+00:00
[2024-11-23T17:03:50.799+0000] {processor.py:208} INFO - Processing /opt/airflow/dags/extract_data.py took 1.022 seconds
[2024-11-23T17:04:27.893+0000] {processor.py:186} INFO - Started process (PID=292) to work on /opt/airflow/dags/extract_data.py
[2024-11-23T17:04:27.970+0000] {processor.py:914} INFO - Processing file /opt/airflow/dags/extract_data.py for tasks to queue
[2024-11-23T17:04:28.151+0000] {logging_mixin.py:190} INFO - [2024-11-23T17:04:28.150+0000] {dagbag.py:588} INFO - Filling up the DagBag from /opt/airflow/dags/extract_data.py
[2024-11-23T17:04:29.954+0000] {processor.py:925} INFO - DAG(s) 'export_data_to_csv' retrieved from /opt/airflow/dags/extract_data.py
[2024-11-23T17:04:30.634+0000] {logging_mixin.py:190} INFO - [2024-11-23T17:04:30.630+0000] {dag.py:3239} INFO - Sync 1 DAGs
[2024-11-23T17:04:31.192+0000] {logging_mixin.py:190} INFO - [2024-11-23T17:04:31.191+0000] {dag.py:4180} INFO - Setting next_dagrun for export_data_to_csv to 2024-11-23 06:00:00+00:00, run_after=2024-11-24 06:00:00+00:00
[2024-11-23T17:04:31.384+0000] {processor.py:208} INFO - Processing /opt/airflow/dags/extract_data.py took 3.899 seconds
[2024-11-23T17:05:25.647+0000] {processor.py:186} INFO - Started process (PID=348) to work on /opt/airflow/dags/extract_data.py
[2024-11-23T17:05:25.659+0000] {processor.py:914} INFO - Processing file /opt/airflow/dags/extract_data.py for tasks to queue
[2024-11-23T17:05:25.666+0000] {logging_mixin.py:190} INFO - [2024-11-23T17:05:25.665+0000] {dagbag.py:588} INFO - Filling up the DagBag from /opt/airflow/dags/extract_data.py
[2024-11-23T17:05:26.312+0000] {processor.py:925} INFO - DAG(s) 'export_data_to_csv' retrieved from /opt/airflow/dags/extract_data.py
[2024-11-23T17:05:26.449+0000] {logging_mixin.py:190} INFO - [2024-11-23T17:05:26.448+0000] {dag.py:3239} INFO - Sync 1 DAGs
[2024-11-23T17:05:26.622+0000] {logging_mixin.py:190} INFO - [2024-11-23T17:05:26.621+0000] {dag.py:4180} INFO - Setting next_dagrun for export_data_to_csv to 2024-11-23 06:00:00+00:00, run_after=2024-11-24 06:00:00+00:00
[2024-11-23T17:05:26.714+0000] {processor.py:208} INFO - Processing /opt/airflow/dags/extract_data.py took 1.101 seconds
[2024-11-23T17:05:56.865+0000] {processor.py:186} INFO - Started process (PID=419) to work on /opt/airflow/dags/extract_data.py
[2024-11-23T17:05:57.011+0000] {processor.py:914} INFO - Processing file /opt/airflow/dags/extract_data.py for tasks to queue
[2024-11-23T17:05:57.020+0000] {logging_mixin.py:190} INFO - [2024-11-23T17:05:57.019+0000] {dagbag.py:588} INFO - Filling up the DagBag from /opt/airflow/dags/extract_data.py
[2024-11-23T17:05:58.033+0000] {processor.py:925} INFO - DAG(s) 'export_data_to_csv' retrieved from /opt/airflow/dags/extract_data.py
[2024-11-23T17:05:58.105+0000] {logging_mixin.py:190} INFO - [2024-11-23T17:05:58.105+0000] {dag.py:3239} INFO - Sync 1 DAGs
[2024-11-23T17:05:58.308+0000] {logging_mixin.py:190} INFO - [2024-11-23T17:05:58.299+0000] {dag.py:4180} INFO - Setting next_dagrun for export_data_to_csv to 2024-11-23 06:00:00+00:00, run_after=2024-11-24 06:00:00+00:00
[2024-11-23T17:05:58.391+0000] {processor.py:208} INFO - Processing /opt/airflow/dags/extract_data.py took 1.544 seconds
[2024-11-23T17:06:45.880+0000] {processor.py:186} INFO - Started process (PID=483) to work on /opt/airflow/dags/extract_data.py
[2024-11-23T17:06:45.895+0000] {processor.py:914} INFO - Processing file /opt/airflow/dags/extract_data.py for tasks to queue
[2024-11-23T17:06:45.920+0000] {logging_mixin.py:190} INFO - [2024-11-23T17:06:45.919+0000] {dagbag.py:588} INFO - Filling up the DagBag from /opt/airflow/dags/extract_data.py
[2024-11-23T17:06:52.636+0000] {processor.py:925} INFO - DAG(s) 'export_data_to_csv' retrieved from /opt/airflow/dags/extract_data.py
[2024-11-23T17:06:53.632+0000] {logging_mixin.py:190} INFO - [2024-11-23T17:06:53.627+0000] {dag.py:3239} INFO - Sync 1 DAGs
[2024-11-23T17:06:53.912+0000] {logging_mixin.py:190} INFO - [2024-11-23T17:06:53.912+0000] {dag.py:4180} INFO - Setting next_dagrun for export_data_to_csv to 2024-11-23 06:00:00+00:00, run_after=2024-11-24 06:00:00+00:00
[2024-11-23T17:06:54.091+0000] {processor.py:208} INFO - Processing /opt/airflow/dags/extract_data.py took 9.312 seconds
[2024-11-23T17:07:32.704+0000] {processor.py:186} INFO - Started process (PID=555) to work on /opt/airflow/dags/extract_data.py
[2024-11-23T17:07:32.742+0000] {processor.py:914} INFO - Processing file /opt/airflow/dags/extract_data.py for tasks to queue
[2024-11-23T17:07:32.753+0000] {logging_mixin.py:190} INFO - [2024-11-23T17:07:32.752+0000] {dagbag.py:588} INFO - Filling up the DagBag from /opt/airflow/dags/extract_data.py
[2024-11-23T17:07:33.981+0000] {processor.py:925} INFO - DAG(s) 'export_data_to_csv' retrieved from /opt/airflow/dags/extract_data.py
[2024-11-23T17:07:34.133+0000] {logging_mixin.py:190} INFO - [2024-11-23T17:07:34.133+0000] {dag.py:3239} INFO - Sync 1 DAGs
[2024-11-23T17:07:34.384+0000] {logging_mixin.py:190} INFO - [2024-11-23T17:07:34.379+0000] {dag.py:4180} INFO - Setting next_dagrun for export_data_to_csv to 2024-11-23 06:00:00+00:00, run_after=2024-11-24 06:00:00+00:00
[2024-11-23T17:07:34.518+0000] {processor.py:208} INFO - Processing /opt/airflow/dags/extract_data.py took 1.838 seconds
[2024-11-23T17:08:05.447+0000] {processor.py:186} INFO - Started process (PID=622) to work on /opt/airflow/dags/extract_data.py
[2024-11-23T17:08:05.470+0000] {processor.py:914} INFO - Processing file /opt/airflow/dags/extract_data.py for tasks to queue
[2024-11-23T17:08:05.486+0000] {logging_mixin.py:190} INFO - [2024-11-23T17:08:05.485+0000] {dagbag.py:588} INFO - Filling up the DagBag from /opt/airflow/dags/extract_data.py
[2024-11-23T17:08:06.240+0000] {processor.py:925} INFO - DAG(s) 'export_data_to_csv' retrieved from /opt/airflow/dags/extract_data.py
[2024-11-23T17:08:06.365+0000] {logging_mixin.py:190} INFO - [2024-11-23T17:08:06.364+0000] {dag.py:3239} INFO - Sync 1 DAGs
[2024-11-23T17:08:06.627+0000] {logging_mixin.py:190} INFO - [2024-11-23T17:08:06.626+0000] {dag.py:4180} INFO - Setting next_dagrun for export_data_to_csv to 2024-11-23 06:00:00+00:00, run_after=2024-11-24 06:00:00+00:00
[2024-11-23T17:08:06.822+0000] {processor.py:208} INFO - Processing /opt/airflow/dags/extract_data.py took 1.421 seconds
[2024-11-23T17:08:42.420+0000] {processor.py:186} INFO - Started process (PID=675) to work on /opt/airflow/dags/extract_data.py
[2024-11-23T17:08:42.481+0000] {processor.py:914} INFO - Processing file /opt/airflow/dags/extract_data.py for tasks to queue
[2024-11-23T17:08:42.489+0000] {logging_mixin.py:190} INFO - [2024-11-23T17:08:42.488+0000] {dagbag.py:588} INFO - Filling up the DagBag from /opt/airflow/dags/extract_data.py
[2024-11-23T17:08:43.868+0000] {processor.py:925} INFO - DAG(s) 'export_data_to_csv' retrieved from /opt/airflow/dags/extract_data.py
[2024-11-23T17:08:43.959+0000] {logging_mixin.py:190} INFO - [2024-11-23T17:08:43.958+0000] {dag.py:3239} INFO - Sync 1 DAGs
[2024-11-23T17:08:44.134+0000] {logging_mixin.py:190} INFO - [2024-11-23T17:08:44.133+0000] {dag.py:4180} INFO - Setting next_dagrun for export_data_to_csv to 2024-11-23 06:00:00+00:00, run_after=2024-11-24 06:00:00+00:00
[2024-11-23T17:08:44.228+0000] {processor.py:208} INFO - Processing /opt/airflow/dags/extract_data.py took 1.827 seconds
[2024-11-23T17:09:20.327+0000] {processor.py:186} INFO - Started process (PID=733) to work on /opt/airflow/dags/extract_data.py
[2024-11-23T17:09:20.386+0000] {processor.py:914} INFO - Processing file /opt/airflow/dags/extract_data.py for tasks to queue
[2024-11-23T17:09:20.392+0000] {logging_mixin.py:190} INFO - [2024-11-23T17:09:20.391+0000] {dagbag.py:588} INFO - Filling up the DagBag from /opt/airflow/dags/extract_data.py
[2024-11-23T17:09:23.522+0000] {processor.py:925} INFO - DAG(s) 'export_data_to_csv' retrieved from /opt/airflow/dags/extract_data.py
[2024-11-23T17:09:23.615+0000] {logging_mixin.py:190} INFO - [2024-11-23T17:09:23.615+0000] {dag.py:3239} INFO - Sync 1 DAGs
[2024-11-23T17:09:23.738+0000] {logging_mixin.py:190} INFO - [2024-11-23T17:09:23.737+0000] {dag.py:4180} INFO - Setting next_dagrun for export_data_to_csv to 2024-11-23 06:00:00+00:00, run_after=2024-11-24 06:00:00+00:00
[2024-11-23T17:09:23.836+0000] {processor.py:208} INFO - Processing /opt/airflow/dags/extract_data.py took 3.532 seconds
[2024-11-23T17:10:22.810+0000] {processor.py:186} INFO - Started process (PID=799) to work on /opt/airflow/dags/extract_data.py
[2024-11-23T17:10:22.815+0000] {processor.py:914} INFO - Processing file /opt/airflow/dags/extract_data.py for tasks to queue
[2024-11-23T17:10:22.869+0000] {logging_mixin.py:190} INFO - [2024-11-23T17:10:22.866+0000] {dagbag.py:588} INFO - Filling up the DagBag from /opt/airflow/dags/extract_data.py
[2024-11-23T17:10:24.258+0000] {processor.py:925} INFO - DAG(s) 'export_data_to_csv' retrieved from /opt/airflow/dags/extract_data.py
[2024-11-23T17:10:24.357+0000] {logging_mixin.py:190} INFO - [2024-11-23T17:10:24.356+0000] {dag.py:3239} INFO - Sync 1 DAGs
[2024-11-23T17:10:24.549+0000] {logging_mixin.py:190} INFO - [2024-11-23T17:10:24.548+0000] {dag.py:4180} INFO - Setting next_dagrun for export_data_to_csv to 2024-11-23 06:00:00+00:00, run_after=2024-11-24 06:00:00+00:00
[2024-11-23T17:10:24.647+0000] {processor.py:208} INFO - Processing /opt/airflow/dags/extract_data.py took 1.869 seconds
[2024-11-23T17:10:58.235+0000] {processor.py:186} INFO - Started process (PID=856) to work on /opt/airflow/dags/extract_data.py
[2024-11-23T17:10:58.238+0000] {processor.py:914} INFO - Processing file /opt/airflow/dags/extract_data.py for tasks to queue
[2024-11-23T17:10:58.254+0000] {logging_mixin.py:190} INFO - [2024-11-23T17:10:58.254+0000] {dagbag.py:588} INFO - Filling up the DagBag from /opt/airflow/dags/extract_data.py
[2024-11-23T17:11:03.451+0000] {processor.py:925} INFO - DAG(s) 'export_data_to_csv' retrieved from /opt/airflow/dags/extract_data.py
[2024-11-23T17:11:03.924+0000] {logging_mixin.py:190} INFO - [2024-11-23T17:11:03.923+0000] {dag.py:3239} INFO - Sync 1 DAGs
[2024-11-23T17:11:04.223+0000] {logging_mixin.py:190} INFO - [2024-11-23T17:11:04.222+0000] {dag.py:4180} INFO - Setting next_dagrun for export_data_to_csv to 2024-11-23 06:00:00+00:00, run_after=2024-11-24 06:00:00+00:00
[2024-11-23T17:11:04.477+0000] {processor.py:208} INFO - Processing /opt/airflow/dags/extract_data.py took 6.339 seconds
[2024-11-23T17:11:35.077+0000] {processor.py:186} INFO - Started process (PID=923) to work on /opt/airflow/dags/extract_data.py
[2024-11-23T17:11:35.081+0000] {processor.py:914} INFO - Processing file /opt/airflow/dags/extract_data.py for tasks to queue
[2024-11-23T17:11:35.104+0000] {logging_mixin.py:190} INFO - [2024-11-23T17:11:35.102+0000] {dagbag.py:588} INFO - Filling up the DagBag from /opt/airflow/dags/extract_data.py
[2024-11-23T17:11:36.922+0000] {processor.py:925} INFO - DAG(s) 'export_data_to_csv' retrieved from /opt/airflow/dags/extract_data.py
[2024-11-23T17:11:37.239+0000] {logging_mixin.py:190} INFO - [2024-11-23T17:11:37.239+0000] {dag.py:3239} INFO - Sync 1 DAGs
[2024-11-23T17:11:38.109+0000] {logging_mixin.py:190} INFO - [2024-11-23T17:11:38.107+0000] {dag.py:4180} INFO - Setting next_dagrun for export_data_to_csv to 2024-11-23 06:00:00+00:00, run_after=2024-11-24 06:00:00+00:00
[2024-11-23T17:11:38.477+0000] {processor.py:208} INFO - Processing /opt/airflow/dags/extract_data.py took 3.431 seconds
[2024-11-23T17:12:08.832+0000] {processor.py:186} INFO - Started process (PID=990) to work on /opt/airflow/dags/extract_data.py
[2024-11-23T17:12:08.835+0000] {processor.py:914} INFO - Processing file /opt/airflow/dags/extract_data.py for tasks to queue
[2024-11-23T17:12:08.854+0000] {logging_mixin.py:190} INFO - [2024-11-23T17:12:08.854+0000] {dagbag.py:588} INFO - Filling up the DagBag from /opt/airflow/dags/extract_data.py
[2024-11-23T17:12:10.129+0000] {processor.py:925} INFO - DAG(s) 'export_data_to_csv' retrieved from /opt/airflow/dags/extract_data.py
[2024-11-23T17:12:11.090+0000] {logging_mixin.py:190} INFO - [2024-11-23T17:12:11.080+0000] {dag.py:3239} INFO - Sync 1 DAGs
[2024-11-23T17:12:11.539+0000] {logging_mixin.py:190} INFO - [2024-11-23T17:12:11.539+0000] {dag.py:4180} INFO - Setting next_dagrun for export_data_to_csv to 2024-11-23 06:00:00+00:00, run_after=2024-11-24 06:00:00+00:00
[2024-11-23T17:12:11.679+0000] {processor.py:208} INFO - Processing /opt/airflow/dags/extract_data.py took 2.889 seconds
[2024-11-23T17:12:45.956+0000] {processor.py:186} INFO - Started process (PID=1061) to work on /opt/airflow/dags/extract_data.py
[2024-11-23T17:12:46.008+0000] {processor.py:914} INFO - Processing file /opt/airflow/dags/extract_data.py for tasks to queue
[2024-11-23T17:12:46.011+0000] {logging_mixin.py:190} INFO - [2024-11-23T17:12:46.011+0000] {dagbag.py:588} INFO - Filling up the DagBag from /opt/airflow/dags/extract_data.py
[2024-11-23T17:12:49.055+0000] {processor.py:925} INFO - DAG(s) 'export_data_to_csv' retrieved from /opt/airflow/dags/extract_data.py
[2024-11-23T17:12:49.217+0000] {logging_mixin.py:190} INFO - [2024-11-23T17:12:49.217+0000] {dag.py:3239} INFO - Sync 1 DAGs
[2024-11-23T17:12:49.445+0000] {logging_mixin.py:190} INFO - [2024-11-23T17:12:49.444+0000] {dag.py:4180} INFO - Setting next_dagrun for export_data_to_csv to 2024-11-23 06:00:00+00:00, run_after=2024-11-24 06:00:00+00:00
[2024-11-23T17:12:49.589+0000] {processor.py:208} INFO - Processing /opt/airflow/dags/extract_data.py took 3.657 seconds
[2024-11-23T17:13:42.332+0000] {processor.py:186} INFO - Started process (PID=1118) to work on /opt/airflow/dags/extract_data.py
[2024-11-23T17:13:42.346+0000] {processor.py:914} INFO - Processing file /opt/airflow/dags/extract_data.py for tasks to queue
[2024-11-23T17:13:42.371+0000] {logging_mixin.py:190} INFO - [2024-11-23T17:13:42.370+0000] {dagbag.py:588} INFO - Filling up the DagBag from /opt/airflow/dags/extract_data.py
[2024-11-23T17:13:43.612+0000] {processor.py:925} INFO - DAG(s) 'export_data_to_csv' retrieved from /opt/airflow/dags/extract_data.py
[2024-11-23T17:13:43.953+0000] {logging_mixin.py:190} INFO - [2024-11-23T17:13:43.952+0000] {dag.py:3239} INFO - Sync 1 DAGs
[2024-11-23T17:13:44.641+0000] {logging_mixin.py:190} INFO - [2024-11-23T17:13:44.635+0000] {dag.py:4180} INFO - Setting next_dagrun for export_data_to_csv to 2024-11-23 06:00:00+00:00, run_after=2024-11-24 06:00:00+00:00
[2024-11-23T17:13:45.773+0000] {processor.py:208} INFO - Processing /opt/airflow/dags/extract_data.py took 3.767 seconds
[2024-11-23T17:14:16.603+0000] {processor.py:186} INFO - Started process (PID=1184) to work on /opt/airflow/dags/extract_data.py
[2024-11-23T17:14:16.608+0000] {processor.py:914} INFO - Processing file /opt/airflow/dags/extract_data.py for tasks to queue
[2024-11-23T17:14:16.615+0000] {logging_mixin.py:190} INFO - [2024-11-23T17:14:16.614+0000] {dagbag.py:588} INFO - Filling up the DagBag from /opt/airflow/dags/extract_data.py
[2024-11-23T17:14:18.233+0000] {processor.py:925} INFO - DAG(s) 'export_data_to_csv' retrieved from /opt/airflow/dags/extract_data.py
[2024-11-23T17:14:18.324+0000] {logging_mixin.py:190} INFO - [2024-11-23T17:14:18.323+0000] {dag.py:3239} INFO - Sync 1 DAGs
[2024-11-23T17:14:18.505+0000] {logging_mixin.py:190} INFO - [2024-11-23T17:14:18.504+0000] {dag.py:4180} INFO - Setting next_dagrun for export_data_to_csv to 2024-11-23 06:00:00+00:00, run_after=2024-11-24 06:00:00+00:00
[2024-11-23T17:14:18.619+0000] {processor.py:208} INFO - Processing /opt/airflow/dags/extract_data.py took 2.033 seconds
[2024-11-23T17:14:54.241+0000] {processor.py:186} INFO - Started process (PID=1243) to work on /opt/airflow/dags/extract_data.py
[2024-11-23T17:14:54.266+0000] {processor.py:914} INFO - Processing file /opt/airflow/dags/extract_data.py for tasks to queue
[2024-11-23T17:14:54.283+0000] {logging_mixin.py:190} INFO - [2024-11-23T17:14:54.282+0000] {dagbag.py:588} INFO - Filling up the DagBag from /opt/airflow/dags/extract_data.py
[2024-11-23T17:14:55.656+0000] {processor.py:925} INFO - DAG(s) 'export_data_to_csv' retrieved from /opt/airflow/dags/extract_data.py
[2024-11-23T17:14:55.789+0000] {logging_mixin.py:190} INFO - [2024-11-23T17:14:55.787+0000] {dag.py:3239} INFO - Sync 1 DAGs
[2024-11-23T17:14:56.107+0000] {logging_mixin.py:190} INFO - [2024-11-23T17:14:56.106+0000] {dag.py:4180} INFO - Setting next_dagrun for export_data_to_csv to 2024-11-23 06:00:00+00:00, run_after=2024-11-24 06:00:00+00:00
[2024-11-23T17:14:56.315+0000] {processor.py:208} INFO - Processing /opt/airflow/dags/extract_data.py took 2.151 seconds
[2024-11-23T17:15:26.649+0000] {processor.py:186} INFO - Started process (PID=1310) to work on /opt/airflow/dags/extract_data.py
[2024-11-23T17:15:26.680+0000] {processor.py:914} INFO - Processing file /opt/airflow/dags/extract_data.py for tasks to queue
[2024-11-23T17:15:26.689+0000] {logging_mixin.py:190} INFO - [2024-11-23T17:15:26.688+0000] {dagbag.py:588} INFO - Filling up the DagBag from /opt/airflow/dags/extract_data.py
[2024-11-23T17:15:27.054+0000] {processor.py:925} INFO - DAG(s) 'export_data_to_csv' retrieved from /opt/airflow/dags/extract_data.py
[2024-11-23T17:15:27.095+0000] {logging_mixin.py:190} INFO - [2024-11-23T17:15:27.094+0000] {dag.py:3239} INFO - Sync 1 DAGs
[2024-11-23T17:15:27.140+0000] {logging_mixin.py:190} INFO - [2024-11-23T17:15:27.140+0000] {dag.py:4180} INFO - Setting next_dagrun for export_data_to_csv to 2024-11-23 06:00:00+00:00, run_after=2024-11-24 06:00:00+00:00
[2024-11-23T17:15:27.453+0000] {processor.py:208} INFO - Processing /opt/airflow/dags/extract_data.py took 0.818 seconds
[2024-11-23T17:16:04.512+0000] {processor.py:186} INFO - Started process (PID=1375) to work on /opt/airflow/dags/extract_data.py
[2024-11-23T17:16:04.555+0000] {processor.py:914} INFO - Processing file /opt/airflow/dags/extract_data.py for tasks to queue
[2024-11-23T17:16:04.559+0000] {logging_mixin.py:190} INFO - [2024-11-23T17:16:04.558+0000] {dagbag.py:588} INFO - Filling up the DagBag from /opt/airflow/dags/extract_data.py
[2024-11-23T17:16:06.856+0000] {processor.py:925} INFO - DAG(s) 'export_data_to_csv' retrieved from /opt/airflow/dags/extract_data.py
[2024-11-23T17:16:06.904+0000] {logging_mixin.py:190} INFO - [2024-11-23T17:16:06.903+0000] {dag.py:3239} INFO - Sync 1 DAGs
[2024-11-23T17:16:06.971+0000] {logging_mixin.py:190} INFO - [2024-11-23T17:16:06.971+0000] {dag.py:4180} INFO - Setting next_dagrun for export_data_to_csv to 2024-11-23 06:00:00+00:00, run_after=2024-11-24 06:00:00+00:00
[2024-11-23T17:16:07.013+0000] {processor.py:208} INFO - Processing /opt/airflow/dags/extract_data.py took 2.513 seconds
[2024-11-23T17:16:46.023+0000] {processor.py:186} INFO - Started process (PID=1441) to work on /opt/airflow/dags/extract_data.py
[2024-11-23T17:16:46.037+0000] {processor.py:914} INFO - Processing file /opt/airflow/dags/extract_data.py for tasks to queue
[2024-11-23T17:16:46.043+0000] {logging_mixin.py:190} INFO - [2024-11-23T17:16:46.042+0000] {dagbag.py:588} INFO - Filling up the DagBag from /opt/airflow/dags/extract_data.py
[2024-11-23T17:16:47.248+0000] {processor.py:925} INFO - DAG(s) 'export_data_to_csv' retrieved from /opt/airflow/dags/extract_data.py
[2024-11-23T17:16:47.327+0000] {logging_mixin.py:190} INFO - [2024-11-23T17:16:47.326+0000] {dag.py:3239} INFO - Sync 1 DAGs
[2024-11-23T17:16:47.434+0000] {logging_mixin.py:190} INFO - [2024-11-23T17:16:47.433+0000] {dag.py:4180} INFO - Setting next_dagrun for export_data_to_csv to 2024-11-23 06:00:00+00:00, run_after=2024-11-24 06:00:00+00:00
[2024-11-23T17:16:47.495+0000] {processor.py:208} INFO - Processing /opt/airflow/dags/extract_data.py took 1.491 seconds
[2024-11-23T17:17:18.071+0000] {processor.py:186} INFO - Started process (PID=1506) to work on /opt/airflow/dags/extract_data.py
[2024-11-23T17:17:18.075+0000] {processor.py:914} INFO - Processing file /opt/airflow/dags/extract_data.py for tasks to queue
[2024-11-23T17:17:18.091+0000] {logging_mixin.py:190} INFO - [2024-11-23T17:17:18.090+0000] {dagbag.py:588} INFO - Filling up the DagBag from /opt/airflow/dags/extract_data.py
[2024-11-23T17:17:18.693+0000] {processor.py:925} INFO - DAG(s) 'export_data_to_csv' retrieved from /opt/airflow/dags/extract_data.py
[2024-11-23T17:17:19.189+0000] {logging_mixin.py:190} INFO - [2024-11-23T17:17:19.188+0000] {dag.py:3239} INFO - Sync 1 DAGs
[2024-11-23T17:17:19.380+0000] {logging_mixin.py:190} INFO - [2024-11-23T17:17:19.380+0000] {dag.py:4180} INFO - Setting next_dagrun for export_data_to_csv to 2024-11-23 06:00:00+00:00, run_after=2024-11-24 06:00:00+00:00
[2024-11-23T17:17:19.530+0000] {processor.py:208} INFO - Processing /opt/airflow/dags/extract_data.py took 1.496 seconds
[2024-11-23T17:17:51.434+0000] {processor.py:186} INFO - Started process (PID=1573) to work on /opt/airflow/dags/extract_data.py
[2024-11-23T17:17:51.477+0000] {processor.py:914} INFO - Processing file /opt/airflow/dags/extract_data.py for tasks to queue
[2024-11-23T17:17:51.513+0000] {logging_mixin.py:190} INFO - [2024-11-23T17:17:51.512+0000] {dagbag.py:588} INFO - Filling up the DagBag from /opt/airflow/dags/extract_data.py
[2024-11-23T17:17:52.659+0000] {processor.py:925} INFO - DAG(s) 'export_data_to_csv' retrieved from /opt/airflow/dags/extract_data.py
[2024-11-23T17:17:52.799+0000] {logging_mixin.py:190} INFO - [2024-11-23T17:17:52.798+0000] {dag.py:3239} INFO - Sync 1 DAGs
[2024-11-23T17:17:53.036+0000] {logging_mixin.py:190} INFO - [2024-11-23T17:17:53.035+0000] {dag.py:4180} INFO - Setting next_dagrun for export_data_to_csv to 2024-11-23 06:00:00+00:00, run_after=2024-11-24 06:00:00+00:00
[2024-11-23T17:17:53.180+0000] {processor.py:208} INFO - Processing /opt/airflow/dags/extract_data.py took 1.780 seconds
[2024-11-23T17:18:25.575+0000] {processor.py:186} INFO - Started process (PID=1638) to work on /opt/airflow/dags/extract_data.py
[2024-11-23T17:18:25.588+0000] {processor.py:914} INFO - Processing file /opt/airflow/dags/extract_data.py for tasks to queue
[2024-11-23T17:18:25.693+0000] {logging_mixin.py:190} INFO - [2024-11-23T17:18:25.658+0000] {dagbag.py:588} INFO - Filling up the DagBag from /opt/airflow/dags/extract_data.py
[2024-11-23T17:18:26.996+0000] {processor.py:925} INFO - DAG(s) 'export_data_to_csv' retrieved from /opt/airflow/dags/extract_data.py
[2024-11-23T17:18:27.873+0000] {logging_mixin.py:190} INFO - [2024-11-23T17:18:27.872+0000] {dag.py:3239} INFO - Sync 1 DAGs
[2024-11-23T17:18:28.246+0000] {logging_mixin.py:190} INFO - [2024-11-23T17:18:28.245+0000] {dag.py:4180} INFO - Setting next_dagrun for export_data_to_csv to 2024-11-23 06:00:00+00:00, run_after=2024-11-24 06:00:00+00:00
[2024-11-23T17:18:28.386+0000] {processor.py:208} INFO - Processing /opt/airflow/dags/extract_data.py took 2.865 seconds
[2024-11-23T17:18:59.263+0000] {processor.py:186} INFO - Started process (PID=1700) to work on /opt/airflow/dags/extract_data.py
[2024-11-23T17:18:59.267+0000] {processor.py:914} INFO - Processing file /opt/airflow/dags/extract_data.py for tasks to queue
[2024-11-23T17:18:59.282+0000] {logging_mixin.py:190} INFO - [2024-11-23T17:18:59.281+0000] {dagbag.py:588} INFO - Filling up the DagBag from /opt/airflow/dags/extract_data.py
[2024-11-23T17:19:00.091+0000] {processor.py:925} INFO - DAG(s) 'export_data_to_csv' retrieved from /opt/airflow/dags/extract_data.py
[2024-11-23T17:19:00.228+0000] {logging_mixin.py:190} INFO - [2024-11-23T17:19:00.227+0000] {dag.py:3239} INFO - Sync 1 DAGs
[2024-11-23T17:19:00.443+0000] {logging_mixin.py:190} INFO - [2024-11-23T17:19:00.442+0000] {dag.py:4180} INFO - Setting next_dagrun for export_data_to_csv to 2024-11-23 06:00:00+00:00, run_after=2024-11-24 06:00:00+00:00
[2024-11-23T17:19:00.549+0000] {processor.py:208} INFO - Processing /opt/airflow/dags/extract_data.py took 1.335 seconds
[2024-11-23T17:19:30.802+0000] {processor.py:186} INFO - Started process (PID=1758) to work on /opt/airflow/dags/extract_data.py
[2024-11-23T17:19:30.813+0000] {processor.py:914} INFO - Processing file /opt/airflow/dags/extract_data.py for tasks to queue
[2024-11-23T17:19:30.820+0000] {logging_mixin.py:190} INFO - [2024-11-23T17:19:30.819+0000] {dagbag.py:588} INFO - Filling up the DagBag from /opt/airflow/dags/extract_data.py
[2024-11-23T17:19:32.657+0000] {processor.py:925} INFO - DAG(s) 'export_data_to_csv' retrieved from /opt/airflow/dags/extract_data.py
[2024-11-23T17:19:32.737+0000] {logging_mixin.py:190} INFO - [2024-11-23T17:19:32.733+0000] {dag.py:3239} INFO - Sync 1 DAGs
[2024-11-23T17:19:32.849+0000] {logging_mixin.py:190} INFO - [2024-11-23T17:19:32.848+0000] {dag.py:4180} INFO - Setting next_dagrun for export_data_to_csv to 2024-11-23 06:00:00+00:00, run_after=2024-11-24 06:00:00+00:00
[2024-11-23T17:19:32.914+0000] {processor.py:208} INFO - Processing /opt/airflow/dags/extract_data.py took 2.134 seconds
[2024-11-23T17:20:16.847+0000] {processor.py:186} INFO - Started process (PID=1800) to work on /opt/airflow/dags/extract_data.py
[2024-11-23T17:20:16.853+0000] {processor.py:914} INFO - Processing file /opt/airflow/dags/extract_data.py for tasks to queue
[2024-11-23T17:20:16.875+0000] {logging_mixin.py:190} INFO - [2024-11-23T17:20:16.873+0000] {dagbag.py:588} INFO - Filling up the DagBag from /opt/airflow/dags/extract_data.py
[2024-11-23T17:20:22.896+0000] {processor.py:925} INFO - DAG(s) 'export_data_to_csv' retrieved from /opt/airflow/dags/extract_data.py
[2024-11-23T17:20:24.648+0000] {logging_mixin.py:190} INFO - [2024-11-23T17:20:24.445+0000] {dag.py:3239} INFO - Sync 1 DAGs
[2024-11-23T17:20:27.298+0000] {logging_mixin.py:190} INFO - [2024-11-23T17:20:27.297+0000] {dag.py:4180} INFO - Setting next_dagrun for export_data_to_csv to 2024-11-23 06:00:00+00:00, run_after=2024-11-24 06:00:00+00:00
[2024-11-23T17:20:27.705+0000] {processor.py:208} INFO - Processing /opt/airflow/dags/extract_data.py took 10.874 seconds
[2024-11-23T17:22:18.900+0000] {processor.py:186} INFO - Started process (PID=1859) to work on /opt/airflow/dags/extract_data.py
[2024-11-23T17:22:18.920+0000] {processor.py:914} INFO - Processing file /opt/airflow/dags/extract_data.py for tasks to queue
[2024-11-23T17:22:18.931+0000] {logging_mixin.py:190} INFO - [2024-11-23T17:22:18.930+0000] {dagbag.py:588} INFO - Filling up the DagBag from /opt/airflow/dags/extract_data.py
[2024-11-23T17:22:24.624+0000] {processor.py:925} INFO - DAG(s) 'export_data_to_csv' retrieved from /opt/airflow/dags/extract_data.py
[2024-11-23T17:22:25.156+0000] {logging_mixin.py:190} INFO - [2024-11-23T17:22:25.155+0000] {dag.py:3239} INFO - Sync 1 DAGs
[2024-11-23T17:22:25.397+0000] {logging_mixin.py:190} INFO - [2024-11-23T17:22:25.396+0000] {dag.py:4180} INFO - Setting next_dagrun for export_data_to_csv to 2024-11-23 06:00:00+00:00, run_after=2024-11-24 06:00:00+00:00
[2024-11-23T17:22:25.768+0000] {processor.py:208} INFO - Processing /opt/airflow/dags/extract_data.py took 6.906 seconds
[2024-11-23T17:23:21.696+0000] {processor.py:186} INFO - Started process (PID=1903) to work on /opt/airflow/dags/extract_data.py
[2024-11-23T17:23:21.708+0000] {processor.py:914} INFO - Processing file /opt/airflow/dags/extract_data.py for tasks to queue
[2024-11-23T17:23:21.721+0000] {logging_mixin.py:190} INFO - [2024-11-23T17:23:21.720+0000] {dagbag.py:588} INFO - Filling up the DagBag from /opt/airflow/dags/extract_data.py
[2024-11-23T17:23:23.576+0000] {processor.py:925} INFO - DAG(s) 'export_data_to_csv' retrieved from /opt/airflow/dags/extract_data.py
[2024-11-23T17:23:23.856+0000] {logging_mixin.py:190} INFO - [2024-11-23T17:23:23.855+0000] {dag.py:3239} INFO - Sync 1 DAGs
[2024-11-23T17:23:24.125+0000] {logging_mixin.py:190} INFO - [2024-11-23T17:23:24.125+0000] {dag.py:4180} INFO - Setting next_dagrun for export_data_to_csv to 2024-11-23 06:00:00+00:00, run_after=2024-11-24 06:00:00+00:00
[2024-11-23T17:23:24.353+0000] {processor.py:208} INFO - Processing /opt/airflow/dags/extract_data.py took 2.698 seconds
[2024-11-23T17:24:03.634+0000] {processor.py:186} INFO - Started process (PID=1962) to work on /opt/airflow/dags/extract_data.py
[2024-11-23T17:24:03.638+0000] {processor.py:914} INFO - Processing file /opt/airflow/dags/extract_data.py for tasks to queue
[2024-11-23T17:24:03.642+0000] {logging_mixin.py:190} INFO - [2024-11-23T17:24:03.641+0000] {dagbag.py:588} INFO - Filling up the DagBag from /opt/airflow/dags/extract_data.py
[2024-11-23T17:24:06.306+0000] {processor.py:925} INFO - DAG(s) 'export_data_to_csv' retrieved from /opt/airflow/dags/extract_data.py
[2024-11-23T17:24:06.378+0000] {logging_mixin.py:190} INFO - [2024-11-23T17:24:06.377+0000] {dag.py:3239} INFO - Sync 1 DAGs
[2024-11-23T17:24:06.528+0000] {logging_mixin.py:190} INFO - [2024-11-23T17:24:06.527+0000] {dag.py:4180} INFO - Setting next_dagrun for export_data_to_csv to 2024-11-23 06:00:00+00:00, run_after=2024-11-24 06:00:00+00:00
[2024-11-23T17:24:06.642+0000] {processor.py:208} INFO - Processing /opt/airflow/dags/extract_data.py took 3.027 seconds
[2024-11-23T17:25:54.913+0000] {processor.py:186} INFO - Started process (PID=2035) to work on /opt/airflow/dags/extract_data.py
[2024-11-23T17:25:54.918+0000] {processor.py:914} INFO - Processing file /opt/airflow/dags/extract_data.py for tasks to queue
[2024-11-23T17:25:54.922+0000] {logging_mixin.py:190} INFO - [2024-11-23T17:25:54.921+0000] {dagbag.py:588} INFO - Filling up the DagBag from /opt/airflow/dags/extract_data.py
[2024-11-23T17:25:56.824+0000] {processor.py:925} INFO - DAG(s) 'export_data_to_csv' retrieved from /opt/airflow/dags/extract_data.py
[2024-11-23T17:25:56.966+0000] {logging_mixin.py:190} INFO - [2024-11-23T17:25:56.966+0000] {dag.py:3239} INFO - Sync 1 DAGs
[2024-11-23T17:25:57.097+0000] {logging_mixin.py:190} INFO - [2024-11-23T17:25:57.097+0000] {dag.py:4180} INFO - Setting next_dagrun for export_data_to_csv to 2024-11-23 06:00:00+00:00, run_after=2024-11-24 06:00:00+00:00
[2024-11-23T17:25:57.190+0000] {processor.py:208} INFO - Processing /opt/airflow/dags/extract_data.py took 2.306 seconds
[2024-11-23T17:26:31.483+0000] {processor.py:186} INFO - Started process (PID=2099) to work on /opt/airflow/dags/extract_data.py
[2024-11-23T17:26:31.555+0000] {processor.py:914} INFO - Processing file /opt/airflow/dags/extract_data.py for tasks to queue
[2024-11-23T17:26:31.564+0000] {logging_mixin.py:190} INFO - [2024-11-23T17:26:31.563+0000] {dagbag.py:588} INFO - Filling up the DagBag from /opt/airflow/dags/extract_data.py
[2024-11-23T17:26:33.229+0000] {processor.py:925} INFO - DAG(s) 'export_data_to_csv' retrieved from /opt/airflow/dags/extract_data.py
[2024-11-23T17:26:33.457+0000] {logging_mixin.py:190} INFO - [2024-11-23T17:26:33.456+0000] {dag.py:3239} INFO - Sync 1 DAGs
[2024-11-23T17:26:33.773+0000] {logging_mixin.py:190} INFO - [2024-11-23T17:26:33.773+0000] {dag.py:4180} INFO - Setting next_dagrun for export_data_to_csv to 2024-11-23 06:00:00+00:00, run_after=2024-11-24 06:00:00+00:00
[2024-11-23T17:26:34.118+0000] {processor.py:208} INFO - Processing /opt/airflow/dags/extract_data.py took 2.966 seconds
[2024-11-23T17:27:10.172+0000] {processor.py:186} INFO - Started process (PID=2171) to work on /opt/airflow/dags/extract_data.py
[2024-11-23T17:27:10.174+0000] {processor.py:914} INFO - Processing file /opt/airflow/dags/extract_data.py for tasks to queue
[2024-11-23T17:27:10.178+0000] {logging_mixin.py:190} INFO - [2024-11-23T17:27:10.177+0000] {dagbag.py:588} INFO - Filling up the DagBag from /opt/airflow/dags/extract_data.py
[2024-11-23T17:27:10.928+0000] {processor.py:925} INFO - DAG(s) 'export_data_to_csv' retrieved from /opt/airflow/dags/extract_data.py
[2024-11-23T17:27:11.082+0000] {logging_mixin.py:190} INFO - [2024-11-23T17:27:11.082+0000] {dag.py:3239} INFO - Sync 1 DAGs
[2024-11-23T17:27:11.152+0000] {logging_mixin.py:190} INFO - [2024-11-23T17:27:11.152+0000] {dag.py:4180} INFO - Setting next_dagrun for export_data_to_csv to 2024-11-23 06:00:00+00:00, run_after=2024-11-24 06:00:00+00:00
[2024-11-23T17:27:11.235+0000] {processor.py:208} INFO - Processing /opt/airflow/dags/extract_data.py took 1.120 seconds
