[2024-11-23T16:33:25.422+0000] {processor.py:186} INFO - Started process (PID=89) to work on /opt/airflow/dags/insert_data_fin.py
[2024-11-23T16:33:25.436+0000] {processor.py:914} INFO - Processing file /opt/airflow/dags/insert_data_fin.py for tasks to queue
[2024-11-23T16:33:25.482+0000] {logging_mixin.py:190} INFO - [2024-11-23T16:33:25.478+0000] {dagbag.py:588} INFO - Filling up the DagBag from /opt/airflow/dags/insert_data_fin.py
[2024-11-23T16:33:25.969+0000] {processor.py:925} INFO - DAG(s) 'app_data_pipeline_fin' retrieved from /opt/airflow/dags/insert_data_fin.py
[2024-11-23T16:33:26.290+0000] {logging_mixin.py:190} INFO - [2024-11-23T16:33:26.287+0000] {dag.py:3239} INFO - Sync 1 DAGs
[2024-11-23T16:33:26.801+0000] {logging_mixin.py:190} INFO - [2024-11-23T16:33:26.801+0000] {dag.py:4180} INFO - Setting next_dagrun for app_data_pipeline_fin to 2024-11-21 08:00:00+00:00, run_after=2024-11-21 16:00:00+00:00
[2024-11-23T16:33:27.169+0000] {processor.py:208} INFO - Processing /opt/airflow/dags/insert_data_fin.py took 1.862 seconds
[2024-11-23T16:39:44.948+0000] {processor.py:186} INFO - Started process (PID=91) to work on /opt/airflow/dags/insert_data_fin.py
[2024-11-23T16:39:44.951+0000] {processor.py:914} INFO - Processing file /opt/airflow/dags/insert_data_fin.py for tasks to queue
[2024-11-23T16:39:44.974+0000] {logging_mixin.py:190} INFO - [2024-11-23T16:39:44.973+0000] {dagbag.py:588} INFO - Filling up the DagBag from /opt/airflow/dags/insert_data_fin.py
[2024-11-23T16:39:45.468+0000] {processor.py:925} INFO - DAG(s) 'app_data_pipeline_fin' retrieved from /opt/airflow/dags/insert_data_fin.py
[2024-11-23T16:39:45.628+0000] {logging_mixin.py:190} INFO - [2024-11-23T16:39:45.627+0000] {dag.py:3239} INFO - Sync 1 DAGs
[2024-11-23T16:39:45.854+0000] {logging_mixin.py:190} INFO - [2024-11-23T16:39:45.853+0000] {dag.py:4180} INFO - Setting next_dagrun for app_data_pipeline_fin to 2024-11-23 16:00:00+00:00, run_after=2024-11-24 00:00:00+00:00
[2024-11-23T16:39:46.000+0000] {processor.py:208} INFO - Processing /opt/airflow/dags/insert_data_fin.py took 1.100 seconds
[2024-11-23T16:40:45.935+0000] {processor.py:186} INFO - Started process (PID=192) to work on /opt/airflow/dags/insert_data_fin.py
[2024-11-23T16:40:45.950+0000] {processor.py:914} INFO - Processing file /opt/airflow/dags/insert_data_fin.py for tasks to queue
[2024-11-23T16:40:45.975+0000] {logging_mixin.py:190} INFO - [2024-11-23T16:40:45.974+0000] {dagbag.py:588} INFO - Filling up the DagBag from /opt/airflow/dags/insert_data_fin.py
[2024-11-23T16:40:46.562+0000] {processor.py:925} INFO - DAG(s) 'app_data_pipeline_fin' retrieved from /opt/airflow/dags/insert_data_fin.py
[2024-11-23T16:40:46.769+0000] {logging_mixin.py:190} INFO - [2024-11-23T16:40:46.769+0000] {dag.py:3239} INFO - Sync 1 DAGs
[2024-11-23T16:40:47.361+0000] {logging_mixin.py:190} INFO - [2024-11-23T16:40:47.361+0000] {dag.py:4180} INFO - Setting next_dagrun for app_data_pipeline_fin to 2024-11-23 16:00:00+00:00, run_after=2024-11-24 00:00:00+00:00
[2024-11-23T16:40:47.546+0000] {processor.py:208} INFO - Processing /opt/airflow/dags/insert_data_fin.py took 1.674 seconds
[2024-11-23T16:41:18.665+0000] {processor.py:186} INFO - Started process (PID=258) to work on /opt/airflow/dags/insert_data_fin.py
[2024-11-23T16:41:18.667+0000] {processor.py:914} INFO - Processing file /opt/airflow/dags/insert_data_fin.py for tasks to queue
[2024-11-23T16:41:18.672+0000] {logging_mixin.py:190} INFO - [2024-11-23T16:41:18.671+0000] {dagbag.py:588} INFO - Filling up the DagBag from /opt/airflow/dags/insert_data_fin.py
[2024-11-23T16:41:19.395+0000] {processor.py:925} INFO - DAG(s) 'app_data_pipeline_fin' retrieved from /opt/airflow/dags/insert_data_fin.py
[2024-11-23T16:41:19.551+0000] {logging_mixin.py:190} INFO - [2024-11-23T16:41:19.550+0000] {dag.py:3239} INFO - Sync 1 DAGs
[2024-11-23T16:41:19.684+0000] {logging_mixin.py:190} INFO - [2024-11-23T16:41:19.683+0000] {dag.py:4180} INFO - Setting next_dagrun for app_data_pipeline_fin to 2024-11-23 16:00:00+00:00, run_after=2024-11-24 00:00:00+00:00
[2024-11-23T16:41:19.770+0000] {processor.py:208} INFO - Processing /opt/airflow/dags/insert_data_fin.py took 1.122 seconds
[2024-11-23T16:41:55.076+0000] {processor.py:186} INFO - Started process (PID=324) to work on /opt/airflow/dags/insert_data_fin.py
[2024-11-23T16:41:55.082+0000] {processor.py:914} INFO - Processing file /opt/airflow/dags/insert_data_fin.py for tasks to queue
[2024-11-23T16:41:55.089+0000] {logging_mixin.py:190} INFO - [2024-11-23T16:41:55.088+0000] {dagbag.py:588} INFO - Filling up the DagBag from /opt/airflow/dags/insert_data_fin.py
[2024-11-23T16:41:55.468+0000] {processor.py:925} INFO - DAG(s) 'app_data_pipeline_fin' retrieved from /opt/airflow/dags/insert_data_fin.py
[2024-11-23T16:41:55.567+0000] {logging_mixin.py:190} INFO - [2024-11-23T16:41:55.566+0000] {dag.py:3239} INFO - Sync 1 DAGs
[2024-11-23T16:41:55.697+0000] {logging_mixin.py:190} INFO - [2024-11-23T16:41:55.696+0000] {dag.py:4180} INFO - Setting next_dagrun for app_data_pipeline_fin to 2024-11-23 16:00:00+00:00, run_after=2024-11-24 00:00:00+00:00
[2024-11-23T16:41:55.766+0000] {processor.py:208} INFO - Processing /opt/airflow/dags/insert_data_fin.py took 0.704 seconds
[2024-11-23T16:42:27.167+0000] {processor.py:186} INFO - Started process (PID=396) to work on /opt/airflow/dags/insert_data_fin.py
[2024-11-23T16:42:27.199+0000] {processor.py:914} INFO - Processing file /opt/airflow/dags/insert_data_fin.py for tasks to queue
[2024-11-23T16:42:27.219+0000] {logging_mixin.py:190} INFO - [2024-11-23T16:42:27.218+0000] {dagbag.py:588} INFO - Filling up the DagBag from /opt/airflow/dags/insert_data_fin.py
[2024-11-23T16:42:28.143+0000] {processor.py:925} INFO - DAG(s) 'app_data_pipeline_fin' retrieved from /opt/airflow/dags/insert_data_fin.py
[2024-11-23T16:42:28.242+0000] {logging_mixin.py:190} INFO - [2024-11-23T16:42:28.241+0000] {dag.py:3239} INFO - Sync 1 DAGs
[2024-11-23T16:42:28.441+0000] {logging_mixin.py:190} INFO - [2024-11-23T16:42:28.440+0000] {dag.py:4180} INFO - Setting next_dagrun for app_data_pipeline_fin to 2024-11-23 16:00:00+00:00, run_after=2024-11-24 00:00:00+00:00
[2024-11-23T16:42:28.578+0000] {processor.py:208} INFO - Processing /opt/airflow/dags/insert_data_fin.py took 1.468 seconds
[2024-11-23T16:44:21.219+0000] {processor.py:186} INFO - Started process (PID=438) to work on /opt/airflow/dags/insert_data_fin.py
[2024-11-23T16:44:21.261+0000] {processor.py:914} INFO - Processing file /opt/airflow/dags/insert_data_fin.py for tasks to queue
[2024-11-23T16:44:21.469+0000] {logging_mixin.py:190} INFO - [2024-11-23T16:44:21.467+0000] {dagbag.py:588} INFO - Filling up the DagBag from /opt/airflow/dags/insert_data_fin.py
[2024-11-23T16:44:24.753+0000] {processor.py:925} INFO - DAG(s) 'app_data_pipeline_fin' retrieved from /opt/airflow/dags/insert_data_fin.py
[2024-11-23T16:44:47.131+0000] {logging_mixin.py:190} INFO - [2024-11-23T16:44:47.047+0000] {dag.py:3239} INFO - Sync 1 DAGs
[2024-11-23T16:47:31.525+0000] {processor.py:186} INFO - Started process (PID=81) to work on /opt/airflow/dags/insert_data_fin.py
[2024-11-23T16:47:31.541+0000] {processor.py:914} INFO - Processing file /opt/airflow/dags/insert_data_fin.py for tasks to queue
[2024-11-23T16:47:31.560+0000] {logging_mixin.py:190} INFO - [2024-11-23T16:47:31.559+0000] {dagbag.py:588} INFO - Filling up the DagBag from /opt/airflow/dags/insert_data_fin.py
[2024-11-23T16:47:32.032+0000] {processor.py:925} INFO - DAG(s) 'app_data_pipeline_fin' retrieved from /opt/airflow/dags/insert_data_fin.py
[2024-11-23T16:47:32.140+0000] {logging_mixin.py:190} INFO - [2024-11-23T16:47:32.139+0000] {dag.py:3239} INFO - Sync 1 DAGs
[2024-11-23T16:47:32.403+0000] {logging_mixin.py:190} INFO - [2024-11-23T16:47:32.402+0000] {dag.py:4180} INFO - Setting next_dagrun for app_data_pipeline_fin to 2024-11-23 16:00:00+00:00, run_after=2024-11-24 00:00:00+00:00
[2024-11-23T16:47:32.517+0000] {processor.py:208} INFO - Processing /opt/airflow/dags/insert_data_fin.py took 1.013 seconds
[2024-11-23T16:47:42.347+0000] {processor.py:186} INFO - Started process (PID=98) to work on /opt/airflow/dags/insert_data_fin.py
[2024-11-23T16:47:42.479+0000] {processor.py:914} INFO - Processing file /opt/airflow/dags/insert_data_fin.py for tasks to queue
[2024-11-23T16:47:42.850+0000] {logging_mixin.py:190} INFO - [2024-11-23T16:47:42.840+0000] {dagbag.py:588} INFO - Filling up the DagBag from /opt/airflow/dags/insert_data_fin.py
[2024-11-23T16:47:44.599+0000] {processor.py:925} INFO - DAG(s) 'app_data_pipeline_fin' retrieved from /opt/airflow/dags/insert_data_fin.py
[2024-11-23T16:47:44.731+0000] {logging_mixin.py:190} INFO - [2024-11-23T16:47:44.730+0000] {taskinstance.py:3313} ERROR - {'DAG Id': 'app_data_pipeline_fin', 'Task Id': 'fetch_and_store_data', 'Run Id': 'scheduled__2024-11-22T08:00:00+00:00', 'Hostname': 'e6bda0a190de', 'External Executor Id': '48f55e32-2967-4a36-8769-cd1dc2edd8dd'}
[2024-11-23T16:47:45.236+0000] {logging_mixin.py:190} INFO - Task instance in failure state
[2024-11-23T16:47:45.244+0000] {logging_mixin.py:190} INFO - Task start:2024-11-23 16:42:53.763336+00:00 end:2024-11-23 16:47:44.810885+00:00 duration:291.047549
[2024-11-23T16:47:45.251+0000] {logging_mixin.py:190} INFO - Task:<Task(PythonOperator): fetch_and_store_data> dag:<DAG: app_data_pipeline_fin> dagrun:<DagRun app_data_pipeline_fin @ 2024-11-22 08:00:00+00:00: scheduled__2024-11-22T08:00:00+00:00, state:running, queued_at: 2024-11-23 16:33:45.540721+00:00. externally triggered: False>
[2024-11-23T16:47:45.261+0000] {logging_mixin.py:190} INFO - Failure caused by {'DAG Id': 'app_data_pipeline_fin', 'Task Id': 'fetch_and_store_data', 'Run Id': 'scheduled__2024-11-22T08:00:00+00:00', 'Hostname': 'e6bda0a190de', 'External Executor Id': '48f55e32-2967-4a36-8769-cd1dc2edd8dd'}
[2024-11-23T16:47:45.294+0000] {logging_mixin.py:190} INFO - [2024-11-23T16:47:45.293+0000] {taskinstance.py:1225} INFO - Marking task as FAILED. dag_id=app_data_pipeline_fin, task_id=fetch_and_store_data, run_id=scheduled__2024-11-22T08:00:00+00:00, execution_date=20241122T080000, start_date=20241123T164253, end_date=20241123T164744
[2024-11-23T16:47:45.506+0000] {logging_mixin.py:190} INFO - [2024-11-23T16:47:45.503+0000] {processor.py:876} INFO - Executed callback for <TaskInstance: app_data_pipeline_fin.fetch_and_store_data scheduled__2024-11-22T08:00:00+00:00 [failed]> in state failed
[2024-11-23T16:47:45.714+0000] {logging_mixin.py:190} INFO - [2024-11-23T16:47:45.713+0000] {dag.py:3239} INFO - Sync 1 DAGs
[2024-11-23T16:47:46.560+0000] {logging_mixin.py:190} INFO - [2024-11-23T16:47:46.558+0000] {dag.py:4180} INFO - Setting next_dagrun for app_data_pipeline_fin to 2024-11-23 16:00:00+00:00, run_after=2024-11-24 00:00:00+00:00
[2024-11-23T16:47:46.997+0000] {processor.py:208} INFO - Processing /opt/airflow/dags/insert_data_fin.py took 5.162 seconds
[2024-11-23T17:00:58.059+0000] {processor.py:186} INFO - Started process (PID=99) to work on /opt/airflow/dags/insert_data_fin.py
[2024-11-23T17:00:58.069+0000] {processor.py:914} INFO - Processing file /opt/airflow/dags/insert_data_fin.py for tasks to queue
[2024-11-23T17:00:58.082+0000] {logging_mixin.py:190} INFO - [2024-11-23T17:00:58.082+0000] {dagbag.py:588} INFO - Filling up the DagBag from /opt/airflow/dags/insert_data_fin.py
[2024-11-23T17:01:02.584+0000] {processor.py:925} INFO - DAG(s) 'app_data_pipeline_fin' retrieved from /opt/airflow/dags/insert_data_fin.py
[2024-11-23T17:01:06.887+0000] {logging_mixin.py:190} INFO - [2024-11-23T17:01:06.876+0000] {dag.py:3239} INFO - Sync 1 DAGs
[2024-11-23T17:01:08.276+0000] {logging_mixin.py:190} INFO - [2024-11-23T17:01:08.275+0000] {dag.py:4180} INFO - Setting next_dagrun for app_data_pipeline_fin to 2024-11-23 16:00:00+00:00, run_after=2024-11-24 00:00:00+00:00
[2024-11-23T17:01:08.605+0000] {processor.py:208} INFO - Processing /opt/airflow/dags/insert_data_fin.py took 10.573 seconds
[2024-11-23T17:03:20.031+0000] {processor.py:186} INFO - Started process (PID=188) to work on /opt/airflow/dags/insert_data_fin.py
[2024-11-23T17:03:20.045+0000] {processor.py:914} INFO - Processing file /opt/airflow/dags/insert_data_fin.py for tasks to queue
[2024-11-23T17:03:20.066+0000] {logging_mixin.py:190} INFO - [2024-11-23T17:03:20.064+0000] {dagbag.py:588} INFO - Filling up the DagBag from /opt/airflow/dags/insert_data_fin.py
[2024-11-23T17:03:21.223+0000] {processor.py:925} INFO - DAG(s) 'app_data_pipeline_fin' retrieved from /opt/airflow/dags/insert_data_fin.py
[2024-11-23T17:03:21.330+0000] {logging_mixin.py:190} INFO - [2024-11-23T17:03:21.330+0000] {dag.py:3239} INFO - Sync 1 DAGs
[2024-11-23T17:03:21.558+0000] {logging_mixin.py:190} INFO - [2024-11-23T17:03:21.557+0000] {dag.py:4180} INFO - Setting next_dagrun for app_data_pipeline_fin to 2024-11-23 16:00:00+00:00, run_after=2024-11-24 00:00:00+00:00
[2024-11-23T17:03:21.688+0000] {processor.py:208} INFO - Processing /opt/airflow/dags/insert_data_fin.py took 1.729 seconds
[2024-11-23T17:03:52.031+0000] {processor.py:186} INFO - Started process (PID=255) to work on /opt/airflow/dags/insert_data_fin.py
[2024-11-23T17:03:52.048+0000] {processor.py:914} INFO - Processing file /opt/airflow/dags/insert_data_fin.py for tasks to queue
[2024-11-23T17:03:52.054+0000] {logging_mixin.py:190} INFO - [2024-11-23T17:03:52.053+0000] {dagbag.py:588} INFO - Filling up the DagBag from /opt/airflow/dags/insert_data_fin.py
[2024-11-23T17:03:52.497+0000] {processor.py:925} INFO - DAG(s) 'app_data_pipeline_fin' retrieved from /opt/airflow/dags/insert_data_fin.py
[2024-11-23T17:03:52.570+0000] {logging_mixin.py:190} INFO - [2024-11-23T17:03:52.569+0000] {dag.py:3239} INFO - Sync 1 DAGs
[2024-11-23T17:03:52.712+0000] {logging_mixin.py:190} INFO - [2024-11-23T17:03:52.710+0000] {dag.py:4180} INFO - Setting next_dagrun for app_data_pipeline_fin to 2024-11-23 16:00:00+00:00, run_after=2024-11-24 00:00:00+00:00
[2024-11-23T17:03:52.803+0000] {processor.py:208} INFO - Processing /opt/airflow/dags/insert_data_fin.py took 0.794 seconds
[2024-11-23T17:04:32.100+0000] {processor.py:186} INFO - Started process (PID=294) to work on /opt/airflow/dags/insert_data_fin.py
[2024-11-23T17:04:32.119+0000] {processor.py:914} INFO - Processing file /opt/airflow/dags/insert_data_fin.py for tasks to queue
[2024-11-23T17:04:32.135+0000] {logging_mixin.py:190} INFO - [2024-11-23T17:04:32.134+0000] {dagbag.py:588} INFO - Filling up the DagBag from /opt/airflow/dags/insert_data_fin.py
[2024-11-23T17:04:32.880+0000] {processor.py:925} INFO - DAG(s) 'app_data_pipeline_fin' retrieved from /opt/airflow/dags/insert_data_fin.py
[2024-11-23T17:04:33.015+0000] {logging_mixin.py:190} INFO - [2024-11-23T17:04:33.014+0000] {dag.py:3239} INFO - Sync 1 DAGs
[2024-11-23T17:04:33.225+0000] {logging_mixin.py:190} INFO - [2024-11-23T17:04:33.220+0000] {dag.py:4180} INFO - Setting next_dagrun for app_data_pipeline_fin to 2024-11-23 16:00:00+00:00, run_after=2024-11-24 00:00:00+00:00
[2024-11-23T17:04:33.383+0000] {processor.py:208} INFO - Processing /opt/airflow/dags/insert_data_fin.py took 1.417 seconds
[2024-11-23T17:05:26.909+0000] {processor.py:186} INFO - Started process (PID=356) to work on /opt/airflow/dags/insert_data_fin.py
[2024-11-23T17:05:26.916+0000] {processor.py:914} INFO - Processing file /opt/airflow/dags/insert_data_fin.py for tasks to queue
[2024-11-23T17:05:26.935+0000] {logging_mixin.py:190} INFO - [2024-11-23T17:05:26.935+0000] {dagbag.py:588} INFO - Filling up the DagBag from /opt/airflow/dags/insert_data_fin.py
[2024-11-23T17:05:27.617+0000] {processor.py:925} INFO - DAG(s) 'app_data_pipeline_fin' retrieved from /opt/airflow/dags/insert_data_fin.py
[2024-11-23T17:05:27.707+0000] {logging_mixin.py:190} INFO - [2024-11-23T17:05:27.707+0000] {dag.py:3239} INFO - Sync 1 DAGs
[2024-11-23T17:05:27.907+0000] {logging_mixin.py:190} INFO - [2024-11-23T17:05:27.907+0000] {dag.py:4180} INFO - Setting next_dagrun for app_data_pipeline_fin to 2024-11-23 16:00:00+00:00, run_after=2024-11-24 00:00:00+00:00
[2024-11-23T17:05:27.983+0000] {processor.py:208} INFO - Processing /opt/airflow/dags/insert_data_fin.py took 1.110 seconds
[2024-11-23T17:05:58.579+0000] {processor.py:186} INFO - Started process (PID=422) to work on /opt/airflow/dags/insert_data_fin.py
[2024-11-23T17:05:58.581+0000] {processor.py:914} INFO - Processing file /opt/airflow/dags/insert_data_fin.py for tasks to queue
[2024-11-23T17:05:58.587+0000] {logging_mixin.py:190} INFO - [2024-11-23T17:05:58.586+0000] {dagbag.py:588} INFO - Filling up the DagBag from /opt/airflow/dags/insert_data_fin.py
[2024-11-23T17:05:58.973+0000] {processor.py:925} INFO - DAG(s) 'app_data_pipeline_fin' retrieved from /opt/airflow/dags/insert_data_fin.py
[2024-11-23T17:05:59.129+0000] {logging_mixin.py:190} INFO - [2024-11-23T17:05:59.128+0000] {dag.py:3239} INFO - Sync 1 DAGs
[2024-11-23T17:05:59.267+0000] {logging_mixin.py:190} INFO - [2024-11-23T17:05:59.266+0000] {dag.py:4180} INFO - Setting next_dagrun for app_data_pipeline_fin to 2024-11-23 16:00:00+00:00, run_after=2024-11-24 00:00:00+00:00
[2024-11-23T17:05:59.338+0000] {processor.py:208} INFO - Processing /opt/airflow/dags/insert_data_fin.py took 0.780 seconds
[2024-11-23T17:06:54.159+0000] {processor.py:186} INFO - Started process (PID=485) to work on /opt/airflow/dags/insert_data_fin.py
[2024-11-23T17:06:54.179+0000] {processor.py:914} INFO - Processing file /opt/airflow/dags/insert_data_fin.py for tasks to queue
[2024-11-23T17:06:54.220+0000] {logging_mixin.py:190} INFO - [2024-11-23T17:06:54.216+0000] {dagbag.py:588} INFO - Filling up the DagBag from /opt/airflow/dags/insert_data_fin.py
[2024-11-23T17:06:56.177+0000] {processor.py:925} INFO - DAG(s) 'app_data_pipeline_fin' retrieved from /opt/airflow/dags/insert_data_fin.py
[2024-11-23T17:06:56.430+0000] {logging_mixin.py:190} INFO - [2024-11-23T17:06:56.429+0000] {dag.py:3239} INFO - Sync 1 DAGs
[2024-11-23T17:06:56.627+0000] {logging_mixin.py:190} INFO - [2024-11-23T17:06:56.626+0000] {dag.py:4180} INFO - Setting next_dagrun for app_data_pipeline_fin to 2024-11-23 16:00:00+00:00, run_after=2024-11-24 00:00:00+00:00
[2024-11-23T17:06:57.064+0000] {processor.py:208} INFO - Processing /opt/airflow/dags/insert_data_fin.py took 2.972 seconds
[2024-11-23T17:07:34.624+0000] {processor.py:186} INFO - Started process (PID=557) to work on /opt/airflow/dags/insert_data_fin.py
[2024-11-23T17:07:34.626+0000] {processor.py:914} INFO - Processing file /opt/airflow/dags/insert_data_fin.py for tasks to queue
[2024-11-23T17:07:34.639+0000] {logging_mixin.py:190} INFO - [2024-11-23T17:07:34.635+0000] {dagbag.py:588} INFO - Filling up the DagBag from /opt/airflow/dags/insert_data_fin.py
[2024-11-23T17:07:35.338+0000] {processor.py:925} INFO - DAG(s) 'app_data_pipeline_fin' retrieved from /opt/airflow/dags/insert_data_fin.py
[2024-11-23T17:07:35.498+0000] {logging_mixin.py:190} INFO - [2024-11-23T17:07:35.497+0000] {dag.py:3239} INFO - Sync 1 DAGs
[2024-11-23T17:07:35.778+0000] {logging_mixin.py:190} INFO - [2024-11-23T17:07:35.777+0000] {dag.py:4180} INFO - Setting next_dagrun for app_data_pipeline_fin to 2024-11-23 16:00:00+00:00, run_after=2024-11-24 00:00:00+00:00
[2024-11-23T17:07:35.975+0000] {processor.py:208} INFO - Processing /opt/airflow/dags/insert_data_fin.py took 1.374 seconds
[2024-11-23T17:08:07.311+0000] {processor.py:186} INFO - Started process (PID=624) to work on /opt/airflow/dags/insert_data_fin.py
[2024-11-23T17:08:07.314+0000] {processor.py:914} INFO - Processing file /opt/airflow/dags/insert_data_fin.py for tasks to queue
[2024-11-23T17:08:07.329+0000] {logging_mixin.py:190} INFO - [2024-11-23T17:08:07.328+0000] {dagbag.py:588} INFO - Filling up the DagBag from /opt/airflow/dags/insert_data_fin.py
[2024-11-23T17:08:07.937+0000] {processor.py:925} INFO - DAG(s) 'app_data_pipeline_fin' retrieved from /opt/airflow/dags/insert_data_fin.py
[2024-11-23T17:08:08.112+0000] {logging_mixin.py:190} INFO - [2024-11-23T17:08:08.112+0000] {dag.py:3239} INFO - Sync 1 DAGs
[2024-11-23T17:08:08.316+0000] {logging_mixin.py:190} INFO - [2024-11-23T17:08:08.315+0000] {dag.py:4180} INFO - Setting next_dagrun for app_data_pipeline_fin to 2024-11-23 16:00:00+00:00, run_after=2024-11-24 00:00:00+00:00
[2024-11-23T17:08:08.413+0000] {processor.py:208} INFO - Processing /opt/airflow/dags/insert_data_fin.py took 1.141 seconds
[2024-11-23T17:08:44.382+0000] {processor.py:186} INFO - Started process (PID=677) to work on /opt/airflow/dags/insert_data_fin.py
[2024-11-23T17:08:44.389+0000] {processor.py:914} INFO - Processing file /opt/airflow/dags/insert_data_fin.py for tasks to queue
[2024-11-23T17:08:44.396+0000] {logging_mixin.py:190} INFO - [2024-11-23T17:08:44.395+0000] {dagbag.py:588} INFO - Filling up the DagBag from /opt/airflow/dags/insert_data_fin.py
[2024-11-23T17:08:44.532+0000] {processor.py:925} INFO - DAG(s) 'app_data_pipeline_fin' retrieved from /opt/airflow/dags/insert_data_fin.py
[2024-11-23T17:08:44.610+0000] {logging_mixin.py:190} INFO - [2024-11-23T17:08:44.610+0000] {dag.py:3239} INFO - Sync 1 DAGs
[2024-11-23T17:08:44.657+0000] {logging_mixin.py:190} INFO - [2024-11-23T17:08:44.657+0000] {dag.py:4180} INFO - Setting next_dagrun for app_data_pipeline_fin to 2024-11-23 16:00:00+00:00, run_after=2024-11-24 00:00:00+00:00
[2024-11-23T17:08:44.816+0000] {processor.py:208} INFO - Processing /opt/airflow/dags/insert_data_fin.py took 0.825 seconds
[2024-11-23T17:09:24.028+0000] {processor.py:186} INFO - Started process (PID=735) to work on /opt/airflow/dags/insert_data_fin.py
[2024-11-23T17:09:24.031+0000] {processor.py:914} INFO - Processing file /opt/airflow/dags/insert_data_fin.py for tasks to queue
[2024-11-23T17:09:24.040+0000] {logging_mixin.py:190} INFO - [2024-11-23T17:09:24.038+0000] {dagbag.py:588} INFO - Filling up the DagBag from /opt/airflow/dags/insert_data_fin.py
[2024-11-23T17:09:24.367+0000] {processor.py:925} INFO - DAG(s) 'app_data_pipeline_fin' retrieved from /opt/airflow/dags/insert_data_fin.py
[2024-11-23T17:09:24.444+0000] {logging_mixin.py:190} INFO - [2024-11-23T17:09:24.443+0000] {dag.py:3239} INFO - Sync 1 DAGs
[2024-11-23T17:09:24.638+0000] {logging_mixin.py:190} INFO - [2024-11-23T17:09:24.637+0000] {dag.py:4180} INFO - Setting next_dagrun for app_data_pipeline_fin to 2024-11-23 16:00:00+00:00, run_after=2024-11-24 00:00:00+00:00
[2024-11-23T17:09:24.780+0000] {processor.py:208} INFO - Processing /opt/airflow/dags/insert_data_fin.py took 0.779 seconds
[2024-11-23T17:10:24.945+0000] {processor.py:186} INFO - Started process (PID=801) to work on /opt/airflow/dags/insert_data_fin.py
[2024-11-23T17:10:24.961+0000] {processor.py:914} INFO - Processing file /opt/airflow/dags/insert_data_fin.py for tasks to queue
[2024-11-23T17:10:24.983+0000] {logging_mixin.py:190} INFO - [2024-11-23T17:10:24.972+0000] {dagbag.py:588} INFO - Filling up the DagBag from /opt/airflow/dags/insert_data_fin.py
[2024-11-23T17:10:25.665+0000] {processor.py:925} INFO - DAG(s) 'app_data_pipeline_fin' retrieved from /opt/airflow/dags/insert_data_fin.py
[2024-11-23T17:10:25.754+0000] {logging_mixin.py:190} INFO - [2024-11-23T17:10:25.754+0000] {dag.py:3239} INFO - Sync 1 DAGs
[2024-11-23T17:10:26.026+0000] {logging_mixin.py:190} INFO - [2024-11-23T17:10:26.025+0000] {dag.py:4180} INFO - Setting next_dagrun for app_data_pipeline_fin to 2024-11-23 16:00:00+00:00, run_after=2024-11-24 00:00:00+00:00
[2024-11-23T17:10:26.159+0000] {processor.py:208} INFO - Processing /opt/airflow/dags/insert_data_fin.py took 1.275 seconds
[2024-11-23T17:11:04.416+0000] {processor.py:186} INFO - Started process (PID=858) to work on /opt/airflow/dags/insert_data_fin.py
[2024-11-23T17:11:04.452+0000] {processor.py:914} INFO - Processing file /opt/airflow/dags/insert_data_fin.py for tasks to queue
[2024-11-23T17:11:04.477+0000] {logging_mixin.py:190} INFO - [2024-11-23T17:11:04.476+0000] {dagbag.py:588} INFO - Filling up the DagBag from /opt/airflow/dags/insert_data_fin.py
[2024-11-23T17:11:05.299+0000] {processor.py:925} INFO - DAG(s) 'app_data_pipeline_fin' retrieved from /opt/airflow/dags/insert_data_fin.py
[2024-11-23T17:11:05.550+0000] {logging_mixin.py:190} INFO - [2024-11-23T17:11:05.531+0000] {dag.py:3239} INFO - Sync 1 DAGs
[2024-11-23T17:11:05.898+0000] {logging_mixin.py:190} INFO - [2024-11-23T17:11:05.883+0000] {dag.py:4180} INFO - Setting next_dagrun for app_data_pipeline_fin to 2024-11-23 16:00:00+00:00, run_after=2024-11-24 00:00:00+00:00
[2024-11-23T17:11:06.022+0000] {processor.py:208} INFO - Processing /opt/airflow/dags/insert_data_fin.py took 1.641 seconds
[2024-11-23T17:11:39.464+0000] {processor.py:186} INFO - Started process (PID=926) to work on /opt/airflow/dags/insert_data_fin.py
[2024-11-23T17:11:39.498+0000] {processor.py:914} INFO - Processing file /opt/airflow/dags/insert_data_fin.py for tasks to queue
[2024-11-23T17:11:39.504+0000] {logging_mixin.py:190} INFO - [2024-11-23T17:11:39.503+0000] {dagbag.py:588} INFO - Filling up the DagBag from /opt/airflow/dags/insert_data_fin.py
[2024-11-23T17:11:40.669+0000] {processor.py:925} INFO - DAG(s) 'app_data_pipeline_fin' retrieved from /opt/airflow/dags/insert_data_fin.py
[2024-11-23T17:11:41.087+0000] {logging_mixin.py:190} INFO - [2024-11-23T17:11:41.087+0000] {dag.py:3239} INFO - Sync 1 DAGs
[2024-11-23T17:11:41.229+0000] {logging_mixin.py:190} INFO - [2024-11-23T17:11:41.228+0000] {dag.py:4180} INFO - Setting next_dagrun for app_data_pipeline_fin to 2024-11-23 16:00:00+00:00, run_after=2024-11-24 00:00:00+00:00
[2024-11-23T17:11:41.356+0000] {processor.py:208} INFO - Processing /opt/airflow/dags/insert_data_fin.py took 1.902 seconds
[2024-11-23T17:12:12.974+0000] {processor.py:186} INFO - Started process (PID=992) to work on /opt/airflow/dags/insert_data_fin.py
[2024-11-23T17:12:12.977+0000] {processor.py:914} INFO - Processing file /opt/airflow/dags/insert_data_fin.py for tasks to queue
[2024-11-23T17:12:13.012+0000] {logging_mixin.py:190} INFO - [2024-11-23T17:12:13.011+0000] {dagbag.py:588} INFO - Filling up the DagBag from /opt/airflow/dags/insert_data_fin.py
[2024-11-23T17:12:13.941+0000] {processor.py:925} INFO - DAG(s) 'app_data_pipeline_fin' retrieved from /opt/airflow/dags/insert_data_fin.py
[2024-11-23T17:12:14.191+0000] {logging_mixin.py:190} INFO - [2024-11-23T17:12:14.190+0000] {dag.py:3239} INFO - Sync 1 DAGs
[2024-11-23T17:12:14.396+0000] {logging_mixin.py:190} INFO - [2024-11-23T17:12:14.395+0000] {dag.py:4180} INFO - Setting next_dagrun for app_data_pipeline_fin to 2024-11-23 16:00:00+00:00, run_after=2024-11-24 00:00:00+00:00
[2024-11-23T17:12:14.476+0000] {processor.py:208} INFO - Processing /opt/airflow/dags/insert_data_fin.py took 2.093 seconds
[2024-11-23T17:12:49.773+0000] {processor.py:186} INFO - Started process (PID=1063) to work on /opt/airflow/dags/insert_data_fin.py
[2024-11-23T17:12:49.784+0000] {processor.py:914} INFO - Processing file /opt/airflow/dags/insert_data_fin.py for tasks to queue
[2024-11-23T17:12:49.807+0000] {logging_mixin.py:190} INFO - [2024-11-23T17:12:49.806+0000] {dagbag.py:588} INFO - Filling up the DagBag from /opt/airflow/dags/insert_data_fin.py
[2024-11-23T17:12:50.384+0000] {processor.py:925} INFO - DAG(s) 'app_data_pipeline_fin' retrieved from /opt/airflow/dags/insert_data_fin.py
[2024-11-23T17:12:50.551+0000] {logging_mixin.py:190} INFO - [2024-11-23T17:12:50.550+0000] {dag.py:3239} INFO - Sync 1 DAGs
[2024-11-23T17:12:50.730+0000] {logging_mixin.py:190} INFO - [2024-11-23T17:12:50.729+0000] {dag.py:4180} INFO - Setting next_dagrun for app_data_pipeline_fin to 2024-11-23 16:00:00+00:00, run_after=2024-11-24 00:00:00+00:00
[2024-11-23T17:12:50.967+0000] {processor.py:208} INFO - Processing /opt/airflow/dags/insert_data_fin.py took 1.231 seconds
[2024-11-23T17:13:46.816+0000] {processor.py:186} INFO - Started process (PID=1120) to work on /opt/airflow/dags/insert_data_fin.py
[2024-11-23T17:13:46.828+0000] {processor.py:914} INFO - Processing file /opt/airflow/dags/insert_data_fin.py for tasks to queue
[2024-11-23T17:13:46.857+0000] {logging_mixin.py:190} INFO - [2024-11-23T17:13:46.855+0000] {dagbag.py:588} INFO - Filling up the DagBag from /opt/airflow/dags/insert_data_fin.py
[2024-11-23T17:13:48.358+0000] {processor.py:925} INFO - DAG(s) 'app_data_pipeline_fin' retrieved from /opt/airflow/dags/insert_data_fin.py
[2024-11-23T17:13:48.638+0000] {logging_mixin.py:190} INFO - [2024-11-23T17:13:48.626+0000] {dag.py:3239} INFO - Sync 1 DAGs
[2024-11-23T17:13:49.423+0000] {logging_mixin.py:190} INFO - [2024-11-23T17:13:49.423+0000] {dag.py:4180} INFO - Setting next_dagrun for app_data_pipeline_fin to 2024-11-23 16:00:00+00:00, run_after=2024-11-24 00:00:00+00:00
[2024-11-23T17:13:49.926+0000] {processor.py:208} INFO - Processing /opt/airflow/dags/insert_data_fin.py took 3.317 seconds
[2024-11-23T17:14:20.749+0000] {processor.py:186} INFO - Started process (PID=1193) to work on /opt/airflow/dags/insert_data_fin.py
[2024-11-23T17:14:20.809+0000] {processor.py:914} INFO - Processing file /opt/airflow/dags/insert_data_fin.py for tasks to queue
[2024-11-23T17:14:20.816+0000] {logging_mixin.py:190} INFO - [2024-11-23T17:14:20.815+0000] {dagbag.py:588} INFO - Filling up the DagBag from /opt/airflow/dags/insert_data_fin.py
[2024-11-23T17:14:21.208+0000] {processor.py:925} INFO - DAG(s) 'app_data_pipeline_fin' retrieved from /opt/airflow/dags/insert_data_fin.py
[2024-11-23T17:14:21.241+0000] {logging_mixin.py:190} INFO - [2024-11-23T17:14:21.241+0000] {dag.py:3239} INFO - Sync 1 DAGs
[2024-11-23T17:14:21.284+0000] {logging_mixin.py:190} INFO - [2024-11-23T17:14:21.282+0000] {dag.py:4180} INFO - Setting next_dagrun for app_data_pipeline_fin to 2024-11-23 16:00:00+00:00, run_after=2024-11-24 00:00:00+00:00
[2024-11-23T17:14:21.421+0000] {processor.py:208} INFO - Processing /opt/airflow/dags/insert_data_fin.py took 0.681 seconds
[2024-11-23T17:14:56.639+0000] {processor.py:186} INFO - Started process (PID=1245) to work on /opt/airflow/dags/insert_data_fin.py
[2024-11-23T17:14:56.643+0000] {processor.py:914} INFO - Processing file /opt/airflow/dags/insert_data_fin.py for tasks to queue
[2024-11-23T17:14:56.659+0000] {logging_mixin.py:190} INFO - [2024-11-23T17:14:56.658+0000] {dagbag.py:588} INFO - Filling up the DagBag from /opt/airflow/dags/insert_data_fin.py
[2024-11-23T17:14:57.361+0000] {processor.py:925} INFO - DAG(s) 'app_data_pipeline_fin' retrieved from /opt/airflow/dags/insert_data_fin.py
[2024-11-23T17:14:57.457+0000] {logging_mixin.py:190} INFO - [2024-11-23T17:14:57.456+0000] {dag.py:3239} INFO - Sync 1 DAGs
[2024-11-23T17:14:57.638+0000] {logging_mixin.py:190} INFO - [2024-11-23T17:14:57.637+0000] {dag.py:4180} INFO - Setting next_dagrun for app_data_pipeline_fin to 2024-11-23 16:00:00+00:00, run_after=2024-11-24 00:00:00+00:00
[2024-11-23T17:14:57.689+0000] {processor.py:208} INFO - Processing /opt/airflow/dags/insert_data_fin.py took 1.081 seconds
[2024-11-23T17:15:28.491+0000] {processor.py:186} INFO - Started process (PID=1312) to work on /opt/airflow/dags/insert_data_fin.py
[2024-11-23T17:15:28.502+0000] {processor.py:914} INFO - Processing file /opt/airflow/dags/insert_data_fin.py for tasks to queue
[2024-11-23T17:15:28.507+0000] {logging_mixin.py:190} INFO - [2024-11-23T17:15:28.506+0000] {dagbag.py:588} INFO - Filling up the DagBag from /opt/airflow/dags/insert_data_fin.py
[2024-11-23T17:15:28.896+0000] {processor.py:925} INFO - DAG(s) 'app_data_pipeline_fin' retrieved from /opt/airflow/dags/insert_data_fin.py
[2024-11-23T17:15:29.005+0000] {logging_mixin.py:190} INFO - [2024-11-23T17:15:29.003+0000] {dag.py:3239} INFO - Sync 1 DAGs
[2024-11-23T17:15:29.128+0000] {logging_mixin.py:190} INFO - [2024-11-23T17:15:29.127+0000] {dag.py:4180} INFO - Setting next_dagrun for app_data_pipeline_fin to 2024-11-23 16:00:00+00:00, run_after=2024-11-24 00:00:00+00:00
[2024-11-23T17:15:29.277+0000] {processor.py:208} INFO - Processing /opt/airflow/dags/insert_data_fin.py took 0.810 seconds
[2024-11-23T17:16:07.073+0000] {processor.py:186} INFO - Started process (PID=1377) to work on /opt/airflow/dags/insert_data_fin.py
[2024-11-23T17:16:07.075+0000] {processor.py:914} INFO - Processing file /opt/airflow/dags/insert_data_fin.py for tasks to queue
[2024-11-23T17:16:07.080+0000] {logging_mixin.py:190} INFO - [2024-11-23T17:16:07.079+0000] {dagbag.py:588} INFO - Filling up the DagBag from /opt/airflow/dags/insert_data_fin.py
[2024-11-23T17:16:07.236+0000] {processor.py:925} INFO - DAG(s) 'app_data_pipeline_fin' retrieved from /opt/airflow/dags/insert_data_fin.py
[2024-11-23T17:16:07.279+0000] {logging_mixin.py:190} INFO - [2024-11-23T17:16:07.279+0000] {dag.py:3239} INFO - Sync 1 DAGs
[2024-11-23T17:16:07.329+0000] {logging_mixin.py:190} INFO - [2024-11-23T17:16:07.329+0000] {dag.py:4180} INFO - Setting next_dagrun for app_data_pipeline_fin to 2024-11-23 16:00:00+00:00, run_after=2024-11-24 00:00:00+00:00
[2024-11-23T17:16:07.380+0000] {processor.py:208} INFO - Processing /opt/airflow/dags/insert_data_fin.py took 0.319 seconds
[2024-11-23T17:16:47.632+0000] {processor.py:186} INFO - Started process (PID=1443) to work on /opt/airflow/dags/insert_data_fin.py
[2024-11-23T17:16:47.634+0000] {processor.py:914} INFO - Processing file /opt/airflow/dags/insert_data_fin.py for tasks to queue
[2024-11-23T17:16:47.640+0000] {logging_mixin.py:190} INFO - [2024-11-23T17:16:47.639+0000] {dagbag.py:588} INFO - Filling up the DagBag from /opt/airflow/dags/insert_data_fin.py
[2024-11-23T17:16:47.879+0000] {processor.py:925} INFO - DAG(s) 'app_data_pipeline_fin' retrieved from /opt/airflow/dags/insert_data_fin.py
[2024-11-23T17:16:47.917+0000] {logging_mixin.py:190} INFO - [2024-11-23T17:16:47.916+0000] {dag.py:3239} INFO - Sync 1 DAGs
[2024-11-23T17:16:48.004+0000] {logging_mixin.py:190} INFO - [2024-11-23T17:16:48.003+0000] {dag.py:4180} INFO - Setting next_dagrun for app_data_pipeline_fin to 2024-11-23 16:00:00+00:00, run_after=2024-11-24 00:00:00+00:00
[2024-11-23T17:16:48.073+0000] {processor.py:208} INFO - Processing /opt/airflow/dags/insert_data_fin.py took 0.462 seconds
[2024-11-23T17:17:19.418+0000] {processor.py:186} INFO - Started process (PID=1508) to work on /opt/airflow/dags/insert_data_fin.py
[2024-11-23T17:17:19.426+0000] {processor.py:914} INFO - Processing file /opt/airflow/dags/insert_data_fin.py for tasks to queue
[2024-11-23T17:17:19.442+0000] {logging_mixin.py:190} INFO - [2024-11-23T17:17:19.433+0000] {dagbag.py:588} INFO - Filling up the DagBag from /opt/airflow/dags/insert_data_fin.py
[2024-11-23T17:17:19.989+0000] {processor.py:925} INFO - DAG(s) 'app_data_pipeline_fin' retrieved from /opt/airflow/dags/insert_data_fin.py
[2024-11-23T17:17:20.074+0000] {logging_mixin.py:190} INFO - [2024-11-23T17:17:20.073+0000] {dag.py:3239} INFO - Sync 1 DAGs
[2024-11-23T17:17:20.201+0000] {logging_mixin.py:190} INFO - [2024-11-23T17:17:20.191+0000] {dag.py:4180} INFO - Setting next_dagrun for app_data_pipeline_fin to 2024-11-23 16:00:00+00:00, run_after=2024-11-24 00:00:00+00:00
[2024-11-23T17:17:20.388+0000] {processor.py:208} INFO - Processing /opt/airflow/dags/insert_data_fin.py took 1.002 seconds
[2024-11-23T17:17:53.532+0000] {processor.py:186} INFO - Started process (PID=1574) to work on /opt/airflow/dags/insert_data_fin.py
[2024-11-23T17:17:53.738+0000] {processor.py:914} INFO - Processing file /opt/airflow/dags/insert_data_fin.py for tasks to queue
[2024-11-23T17:17:53.744+0000] {logging_mixin.py:190} INFO - [2024-11-23T17:17:53.743+0000] {dagbag.py:588} INFO - Filling up the DagBag from /opt/airflow/dags/insert_data_fin.py
[2024-11-23T17:17:54.636+0000] {processor.py:925} INFO - DAG(s) 'app_data_pipeline_fin' retrieved from /opt/airflow/dags/insert_data_fin.py
[2024-11-23T17:17:54.761+0000] {logging_mixin.py:190} INFO - [2024-11-23T17:17:54.760+0000] {dag.py:3239} INFO - Sync 1 DAGs
[2024-11-23T17:17:55.035+0000] {logging_mixin.py:190} INFO - [2024-11-23T17:17:55.034+0000] {dag.py:4180} INFO - Setting next_dagrun for app_data_pipeline_fin to 2024-11-23 16:00:00+00:00, run_after=2024-11-24 00:00:00+00:00
[2024-11-23T17:17:55.126+0000] {processor.py:208} INFO - Processing /opt/airflow/dags/insert_data_fin.py took 1.614 seconds
[2024-11-23T17:18:28.559+0000] {processor.py:186} INFO - Started process (PID=1640) to work on /opt/airflow/dags/insert_data_fin.py
[2024-11-23T17:18:28.582+0000] {processor.py:914} INFO - Processing file /opt/airflow/dags/insert_data_fin.py for tasks to queue
[2024-11-23T17:18:28.632+0000] {logging_mixin.py:190} INFO - [2024-11-23T17:18:28.631+0000] {dagbag.py:588} INFO - Filling up the DagBag from /opt/airflow/dags/insert_data_fin.py
[2024-11-23T17:18:29.724+0000] {processor.py:925} INFO - DAG(s) 'app_data_pipeline_fin' retrieved from /opt/airflow/dags/insert_data_fin.py
[2024-11-23T17:18:29.880+0000] {logging_mixin.py:190} INFO - [2024-11-23T17:18:29.873+0000] {dag.py:3239} INFO - Sync 1 DAGs
[2024-11-23T17:18:30.670+0000] {logging_mixin.py:190} INFO - [2024-11-23T17:18:30.669+0000] {dag.py:4180} INFO - Setting next_dagrun for app_data_pipeline_fin to 2024-11-23 16:00:00+00:00, run_after=2024-11-24 00:00:00+00:00
[2024-11-23T17:18:30.924+0000] {processor.py:208} INFO - Processing /opt/airflow/dags/insert_data_fin.py took 2.430 seconds
[2024-11-23T17:19:02.288+0000] {processor.py:186} INFO - Started process (PID=1713) to work on /opt/airflow/dags/insert_data_fin.py
[2024-11-23T17:19:02.292+0000] {processor.py:914} INFO - Processing file /opt/airflow/dags/insert_data_fin.py for tasks to queue
[2024-11-23T17:19:02.321+0000] {logging_mixin.py:190} INFO - [2024-11-23T17:19:02.320+0000] {dagbag.py:588} INFO - Filling up the DagBag from /opt/airflow/dags/insert_data_fin.py
[2024-11-23T17:19:03.054+0000] {processor.py:925} INFO - DAG(s) 'app_data_pipeline_fin' retrieved from /opt/airflow/dags/insert_data_fin.py
[2024-11-23T17:19:03.407+0000] {logging_mixin.py:190} INFO - [2024-11-23T17:19:03.406+0000] {dag.py:3239} INFO - Sync 1 DAGs
[2024-11-23T17:19:03.624+0000] {logging_mixin.py:190} INFO - [2024-11-23T17:19:03.622+0000] {dag.py:4180} INFO - Setting next_dagrun for app_data_pipeline_fin to 2024-11-23 16:00:00+00:00, run_after=2024-11-24 00:00:00+00:00
[2024-11-23T17:19:03.866+0000] {processor.py:208} INFO - Processing /opt/airflow/dags/insert_data_fin.py took 1.614 seconds
[2024-11-23T17:19:45.700+0000] {processor.py:186} INFO - Started process (PID=1776) to work on /opt/airflow/dags/insert_data_fin.py
[2024-11-23T17:19:45.711+0000] {processor.py:914} INFO - Processing file /opt/airflow/dags/insert_data_fin.py for tasks to queue
[2024-11-23T17:19:45.718+0000] {logging_mixin.py:190} INFO - [2024-11-23T17:19:45.717+0000] {dagbag.py:588} INFO - Filling up the DagBag from /opt/airflow/dags/insert_data_fin.py
[2024-11-23T17:19:48.106+0000] {processor.py:925} INFO - DAG(s) 'app_data_pipeline_fin' retrieved from /opt/airflow/dags/insert_data_fin.py
[2024-11-23T17:19:48.913+0000] {logging_mixin.py:190} INFO - [2024-11-23T17:19:48.911+0000] {dag.py:3239} INFO - Sync 1 DAGs
[2024-11-23T17:19:49.649+0000] {logging_mixin.py:190} INFO - [2024-11-23T17:19:49.648+0000] {dag.py:4180} INFO - Setting next_dagrun for app_data_pipeline_fin to 2024-11-23 16:00:00+00:00, run_after=2024-11-24 00:00:00+00:00
[2024-11-23T17:19:49.941+0000] {processor.py:208} INFO - Processing /opt/airflow/dags/insert_data_fin.py took 4.250 seconds
[2024-11-23T17:22:26.335+0000] {processor.py:186} INFO - Started process (PID=1861) to work on /opt/airflow/dags/insert_data_fin.py
[2024-11-23T17:22:26.345+0000] {processor.py:914} INFO - Processing file /opt/airflow/dags/insert_data_fin.py for tasks to queue
[2024-11-23T17:22:26.351+0000] {logging_mixin.py:190} INFO - [2024-11-23T17:22:26.350+0000] {dagbag.py:588} INFO - Filling up the DagBag from /opt/airflow/dags/insert_data_fin.py
[2024-11-23T17:22:27.564+0000] {processor.py:925} INFO - DAG(s) 'app_data_pipeline_fin' retrieved from /opt/airflow/dags/insert_data_fin.py
[2024-11-23T17:22:27.688+0000] {logging_mixin.py:190} INFO - [2024-11-23T17:22:27.687+0000] {dag.py:3239} INFO - Sync 1 DAGs
[2024-11-23T17:22:27.842+0000] {logging_mixin.py:190} INFO - [2024-11-23T17:22:27.841+0000] {dag.py:4180} INFO - Setting next_dagrun for app_data_pipeline_fin to 2024-11-23 16:00:00+00:00, run_after=2024-11-24 00:00:00+00:00
[2024-11-23T17:22:27.956+0000] {processor.py:208} INFO - Processing /opt/airflow/dags/insert_data_fin.py took 1.656 seconds
[2024-11-23T17:23:26.105+0000] {processor.py:186} INFO - Started process (PID=1905) to work on /opt/airflow/dags/insert_data_fin.py
[2024-11-23T17:23:26.161+0000] {processor.py:914} INFO - Processing file /opt/airflow/dags/insert_data_fin.py for tasks to queue
[2024-11-23T17:23:26.165+0000] {logging_mixin.py:190} INFO - [2024-11-23T17:23:26.164+0000] {dagbag.py:588} INFO - Filling up the DagBag from /opt/airflow/dags/insert_data_fin.py
[2024-11-23T17:23:27.598+0000] {processor.py:925} INFO - DAG(s) 'app_data_pipeline_fin' retrieved from /opt/airflow/dags/insert_data_fin.py
[2024-11-23T17:23:27.799+0000] {logging_mixin.py:190} INFO - [2024-11-23T17:23:27.785+0000] {dag.py:3239} INFO - Sync 1 DAGs
[2024-11-23T17:23:28.202+0000] {logging_mixin.py:190} INFO - [2024-11-23T17:23:28.201+0000] {dag.py:4180} INFO - Setting next_dagrun for app_data_pipeline_fin to 2024-11-23 16:00:00+00:00, run_after=2024-11-24 00:00:00+00:00
[2024-11-23T17:23:28.338+0000] {processor.py:208} INFO - Processing /opt/airflow/dags/insert_data_fin.py took 2.334 seconds
[2024-11-23T17:24:07.315+0000] {processor.py:186} INFO - Started process (PID=1964) to work on /opt/airflow/dags/insert_data_fin.py
[2024-11-23T17:24:07.341+0000] {processor.py:914} INFO - Processing file /opt/airflow/dags/insert_data_fin.py for tasks to queue
[2024-11-23T17:24:07.344+0000] {logging_mixin.py:190} INFO - [2024-11-23T17:24:07.343+0000] {dagbag.py:588} INFO - Filling up the DagBag from /opt/airflow/dags/insert_data_fin.py
[2024-11-23T17:24:08.003+0000] {processor.py:925} INFO - DAG(s) 'app_data_pipeline_fin' retrieved from /opt/airflow/dags/insert_data_fin.py
[2024-11-23T17:24:08.058+0000] {logging_mixin.py:190} INFO - [2024-11-23T17:24:08.058+0000] {dag.py:3239} INFO - Sync 1 DAGs
[2024-11-23T17:24:09.573+0000] {logging_mixin.py:190} INFO - [2024-11-23T17:24:09.573+0000] {dag.py:4180} INFO - Setting next_dagrun for app_data_pipeline_fin to 2024-11-23 16:00:00+00:00, run_after=2024-11-24 00:00:00+00:00
[2024-11-23T17:24:09.792+0000] {processor.py:208} INFO - Processing /opt/airflow/dags/insert_data_fin.py took 2.491 seconds
[2024-11-23T17:25:57.338+0000] {processor.py:186} INFO - Started process (PID=2037) to work on /opt/airflow/dags/insert_data_fin.py
[2024-11-23T17:25:57.354+0000] {processor.py:914} INFO - Processing file /opt/airflow/dags/insert_data_fin.py for tasks to queue
[2024-11-23T17:25:57.357+0000] {logging_mixin.py:190} INFO - [2024-11-23T17:25:57.357+0000] {dagbag.py:588} INFO - Filling up the DagBag from /opt/airflow/dags/insert_data_fin.py
[2024-11-23T17:25:58.078+0000] {processor.py:925} INFO - DAG(s) 'app_data_pipeline_fin' retrieved from /opt/airflow/dags/insert_data_fin.py
[2024-11-23T17:25:58.178+0000] {logging_mixin.py:190} INFO - [2024-11-23T17:25:58.175+0000] {dag.py:3239} INFO - Sync 1 DAGs
[2024-11-23T17:25:58.341+0000] {logging_mixin.py:190} INFO - [2024-11-23T17:25:58.341+0000] {dag.py:4180} INFO - Setting next_dagrun for app_data_pipeline_fin to 2024-11-23 16:00:00+00:00, run_after=2024-11-24 00:00:00+00:00
[2024-11-23T17:25:58.439+0000] {processor.py:208} INFO - Processing /opt/airflow/dags/insert_data_fin.py took 1.121 seconds
[2024-11-23T17:26:34.539+0000] {processor.py:186} INFO - Started process (PID=2108) to work on /opt/airflow/dags/insert_data_fin.py
[2024-11-23T17:26:34.542+0000] {processor.py:914} INFO - Processing file /opt/airflow/dags/insert_data_fin.py for tasks to queue
[2024-11-23T17:26:34.554+0000] {logging_mixin.py:190} INFO - [2024-11-23T17:26:34.553+0000] {dagbag.py:588} INFO - Filling up the DagBag from /opt/airflow/dags/insert_data_fin.py
[2024-11-23T17:26:35.584+0000] {processor.py:925} INFO - DAG(s) 'app_data_pipeline_fin' retrieved from /opt/airflow/dags/insert_data_fin.py
[2024-11-23T17:26:36.208+0000] {logging_mixin.py:190} INFO - [2024-11-23T17:26:36.207+0000] {dag.py:3239} INFO - Sync 1 DAGs
[2024-11-23T17:26:36.393+0000] {logging_mixin.py:190} INFO - [2024-11-23T17:26:36.392+0000] {dag.py:4180} INFO - Setting next_dagrun for app_data_pipeline_fin to 2024-11-23 16:00:00+00:00, run_after=2024-11-24 00:00:00+00:00
[2024-11-23T17:26:36.860+0000] {processor.py:208} INFO - Processing /opt/airflow/dags/insert_data_fin.py took 2.367 seconds
[2024-11-23T17:27:11.394+0000] {processor.py:186} INFO - Started process (PID=2173) to work on /opt/airflow/dags/insert_data_fin.py
[2024-11-23T17:27:11.465+0000] {processor.py:914} INFO - Processing file /opt/airflow/dags/insert_data_fin.py for tasks to queue
[2024-11-23T17:27:11.470+0000] {logging_mixin.py:190} INFO - [2024-11-23T17:27:11.469+0000] {dagbag.py:588} INFO - Filling up the DagBag from /opt/airflow/dags/insert_data_fin.py
[2024-11-23T17:27:12.173+0000] {processor.py:925} INFO - DAG(s) 'app_data_pipeline_fin' retrieved from /opt/airflow/dags/insert_data_fin.py
[2024-11-23T17:27:12.259+0000] {logging_mixin.py:190} INFO - [2024-11-23T17:27:12.259+0000] {dag.py:3239} INFO - Sync 1 DAGs
[2024-11-23T17:27:12.404+0000] {logging_mixin.py:190} INFO - [2024-11-23T17:27:12.404+0000] {dag.py:4180} INFO - Setting next_dagrun for app_data_pipeline_fin to 2024-11-23 16:00:00+00:00, run_after=2024-11-24 00:00:00+00:00
[2024-11-23T17:27:12.494+0000] {processor.py:208} INFO - Processing /opt/airflow/dags/insert_data_fin.py took 1.109 seconds
