[2024-11-12T11:29:20.226+0000] {local_task_job_runner.py:123} INFO - ::group::Pre task execution logs
[2024-11-12T11:29:20.264+0000] {taskinstance.py:2612} INFO - Dependencies all met for dep_context=non-requeueable deps ti=<TaskInstance: add_data_API.run_API_news scheduled__2024-11-05T12:00:00+00:00 [queued]>
[2024-11-12T11:29:20.281+0000] {taskinstance.py:2612} INFO - Dependencies all met for dep_context=requeueable deps ti=<TaskInstance: add_data_API.run_API_news scheduled__2024-11-05T12:00:00+00:00 [queued]>
[2024-11-12T11:29:20.282+0000] {taskinstance.py:2865} INFO - Starting attempt 1 of 2
[2024-11-12T11:29:20.315+0000] {taskinstance.py:2888} INFO - Executing <Task(PythonOperator): run_API_news> on 2024-11-05 12:00:00+00:00
[2024-11-12T11:29:20.334+0000] {warnings.py:112} WARNING - /home/***/.local/lib/python3.12/site-packages/***/task/task_runner/standard_task_runner.py:70: DeprecationWarning: This process (pid=214) is multi-threaded, use of fork() may lead to deadlocks in the child.
  pid = os.fork()

[2024-11-12T11:29:20.340+0000] {standard_task_runner.py:72} INFO - Started process 219 to run task
[2024-11-12T11:29:20.341+0000] {standard_task_runner.py:104} INFO - Running: ['***', 'tasks', 'run', 'add_data_API', 'run_API_news', 'scheduled__2024-11-05T12:00:00+00:00', '--job-id', '469', '--raw', '--subdir', 'DAGS_FOLDER/insert_data_fin.py', '--cfg-path', '/tmp/tmpb0ook9qv']
[2024-11-12T11:29:20.346+0000] {standard_task_runner.py:105} INFO - Job 469: Subtask run_API_news
[2024-11-12T11:29:20.503+0000] {task_command.py:467} INFO - Running <TaskInstance: add_data_API.run_API_news scheduled__2024-11-05T12:00:00+00:00 [running]> on host 97974acde2c9
[2024-11-12T11:29:20.663+0000] {taskinstance.py:3131} INFO - Exporting env vars: AIRFLOW_CTX_DAG_OWNER='***' AIRFLOW_CTX_DAG_ID='add_data_API' AIRFLOW_CTX_TASK_ID='run_API_news' AIRFLOW_CTX_EXECUTION_DATE='2024-11-05T12:00:00+00:00' AIRFLOW_CTX_TRY_NUMBER='1' AIRFLOW_CTX_DAG_RUN_ID='scheduled__2024-11-05T12:00:00+00:00'
[2024-11-12T11:29:20.665+0000] {logging_mixin.py:190} INFO - Task instance is in running state
[2024-11-12T11:29:20.666+0000] {logging_mixin.py:190} INFO -  Previous state of the Task instance: queued
[2024-11-12T11:29:20.667+0000] {logging_mixin.py:190} INFO - Current task name:run_API_news state:running start_date:2024-11-12 11:29:20.265699+00:00
[2024-11-12T11:29:20.668+0000] {logging_mixin.py:190} INFO - Dag name:add_data_API and current dag run status:running
[2024-11-12T11:29:20.668+0000] {taskinstance.py:731} INFO - ::endgroup::
[2024-11-12T11:29:20.725+0000] {logging_mixin.py:190} INFO - Erreur lors de l'exécution du script : Command '['python3', '/OneDrive/Documents/GitHub/Projet_EDD/script/getAPI.py']' returned non-zero exit status 2.
[2024-11-12T11:29:20.726+0000] {python.py:240} INFO - Done. Returned value was: None
[2024-11-12T11:29:20.744+0000] {taskinstance.py:340} INFO - ::group::Post task execution logs
[2024-11-12T11:29:20.745+0000] {taskinstance.py:352} INFO - Marking task as SUCCESS. dag_id=add_data_API, task_id=run_API_news, run_id=scheduled__2024-11-05T12:00:00+00:00, execution_date=20241105T120000, start_date=20241112T112920, end_date=20241112T112920
[2024-11-12T11:29:20.759+0000] {logging_mixin.py:190} INFO - Task instance in success state
[2024-11-12T11:29:20.760+0000] {logging_mixin.py:190} INFO -  Previous state of the Task instance: running
[2024-11-12T11:29:20.761+0000] {logging_mixin.py:190} INFO - Dag name:add_data_API queued_at:2024-11-12 11:29:16.211735+00:00
[2024-11-12T11:29:20.762+0000] {logging_mixin.py:190} INFO - Task hostname:97974acde2c9 operator:PythonOperator
[2024-11-12T11:29:20.805+0000] {local_task_job_runner.py:266} INFO - Task exited with return code 0
[2024-11-12T11:29:20.828+0000] {taskinstance.py:3900} INFO - 0 downstream tasks scheduled from follow-on schedule check
[2024-11-12T11:29:20.831+0000] {local_task_job_runner.py:245} INFO - ::endgroup::
