[2024-11-13T09:28:04.352+0000] {processor.py:186} INFO - Started process (PID=96) to work on /home/airflow/.local/lib/python3.12/site-packages/airflow/example_dags/example_dataset_alias.py
[2024-11-13T09:28:04.368+0000] {processor.py:914} INFO - Processing file /home/airflow/.local/lib/python3.12/site-packages/airflow/example_dags/example_dataset_alias.py for tasks to queue
[2024-11-13T09:28:04.424+0000] {logging_mixin.py:190} INFO - [2024-11-13T09:28:04.413+0000] {dagbag.py:588} INFO - Filling up the DagBag from /home/airflow/.local/lib/python3.12/site-packages/airflow/example_dags/example_dataset_alias.py
[2024-11-13T09:28:05.340+0000] {processor.py:925} INFO - DAG(s) 'dataset_s3_bucket_consumer', 'dataset_alias_example_alias_producer', 'dataset_alias_example_alias_consumer', 'dataset_s3_bucket_producer' retrieved from /home/airflow/.local/lib/python3.12/site-packages/airflow/example_dags/example_dataset_alias.py
[2024-11-13T09:28:05.860+0000] {logging_mixin.py:190} INFO - [2024-11-13T09:28:05.858+0000] {override.py:1900} INFO - Created Permission View: can edit on DAG:dataset_alias_example_alias_producer
[2024-11-13T09:28:05.896+0000] {logging_mixin.py:190} INFO - [2024-11-13T09:28:05.895+0000] {override.py:1900} INFO - Created Permission View: can read on DAG:dataset_alias_example_alias_producer
[2024-11-13T09:28:05.917+0000] {logging_mixin.py:190} INFO - [2024-11-13T09:28:05.916+0000] {override.py:1900} INFO - Created Permission View: can delete on DAG:dataset_alias_example_alias_producer
[2024-11-13T09:28:05.936+0000] {logging_mixin.py:190} INFO - [2024-11-13T09:28:05.935+0000] {override.py:1900} INFO - Created Permission View: can delete on DAG Run:dataset_alias_example_alias_producer
[2024-11-13T09:28:05.951+0000] {logging_mixin.py:190} INFO - [2024-11-13T09:28:05.951+0000] {override.py:1900} INFO - Created Permission View: can read on DAG Run:dataset_alias_example_alias_producer
[2024-11-13T09:28:05.969+0000] {logging_mixin.py:190} INFO - [2024-11-13T09:28:05.969+0000] {override.py:1900} INFO - Created Permission View: can create on DAG Run:dataset_alias_example_alias_producer
[2024-11-13T09:28:05.986+0000] {logging_mixin.py:190} INFO - [2024-11-13T09:28:05.986+0000] {override.py:1900} INFO - Created Permission View: menu access on DAG Run:dataset_alias_example_alias_producer
[2024-11-13T09:28:06.005+0000] {logging_mixin.py:190} INFO - [2024-11-13T09:28:06.005+0000] {dag.py:3239} INFO - Sync 4 DAGs
[2024-11-13T09:28:06.071+0000] {logging_mixin.py:190} INFO - [2024-11-13T09:28:06.071+0000] {dag.py:3262} INFO - Creating ORM DAG for dataset_s3_bucket_producer
[2024-11-13T09:28:06.075+0000] {logging_mixin.py:190} INFO - [2024-11-13T09:28:06.074+0000] {dag.py:3262} INFO - Creating ORM DAG for dataset_s3_bucket_consumer
[2024-11-13T09:28:06.077+0000] {logging_mixin.py:190} INFO - [2024-11-13T09:28:06.076+0000] {dag.py:3262} INFO - Creating ORM DAG for dataset_alias_example_alias_consumer
[2024-11-13T09:28:06.079+0000] {logging_mixin.py:190} INFO - [2024-11-13T09:28:06.078+0000] {dag.py:3262} INFO - Creating ORM DAG for dataset_alias_example_alias_producer
[2024-11-13T09:28:06.121+0000] {logging_mixin.py:190} INFO - [2024-11-13T09:28:06.121+0000] {dag.py:4180} INFO - Setting next_dagrun for dataset_alias_example_alias_consumer to None, run_after=None
[2024-11-13T09:28:06.124+0000] {logging_mixin.py:190} INFO - [2024-11-13T09:28:06.124+0000] {dag.py:4180} INFO - Setting next_dagrun for dataset_alias_example_alias_producer to None, run_after=None
[2024-11-13T09:28:06.126+0000] {logging_mixin.py:190} INFO - [2024-11-13T09:28:06.126+0000] {dag.py:4180} INFO - Setting next_dagrun for dataset_s3_bucket_consumer to None, run_after=None
[2024-11-13T09:28:06.128+0000] {logging_mixin.py:190} INFO - [2024-11-13T09:28:06.127+0000] {dag.py:4180} INFO - Setting next_dagrun for dataset_s3_bucket_producer to None, run_after=None
[2024-11-13T09:28:06.679+0000] {processor.py:208} INFO - Processing /home/airflow/.local/lib/python3.12/site-packages/airflow/example_dags/example_dataset_alias.py took 2.539 seconds
[2024-11-13T09:31:22.907+0000] {processor.py:186} INFO - Started process (PID=127) to work on /home/airflow/.local/lib/python3.12/site-packages/airflow/example_dags/example_dataset_alias.py
[2024-11-13T09:31:22.911+0000] {processor.py:914} INFO - Processing file /home/airflow/.local/lib/python3.12/site-packages/airflow/example_dags/example_dataset_alias.py for tasks to queue
[2024-11-13T09:31:22.925+0000] {logging_mixin.py:190} INFO - [2024-11-13T09:31:22.924+0000] {dagbag.py:588} INFO - Filling up the DagBag from /home/airflow/.local/lib/python3.12/site-packages/airflow/example_dags/example_dataset_alias.py
[2024-11-13T09:31:24.960+0000] {processor.py:925} INFO - DAG(s) 'dataset_alias_example_alias_producer', 'dataset_s3_bucket_producer', 'dataset_alias_example_alias_consumer', 'dataset_s3_bucket_consumer' retrieved from /home/airflow/.local/lib/python3.12/site-packages/airflow/example_dags/example_dataset_alias.py
[2024-11-13T09:31:25.058+0000] {logging_mixin.py:190} INFO - [2024-11-13T09:31:25.051+0000] {dag.py:3239} INFO - Sync 4 DAGs
[2024-11-13T09:31:25.134+0000] {logging_mixin.py:190} INFO - [2024-11-13T09:31:25.133+0000] {dag.py:4180} INFO - Setting next_dagrun for dataset_alias_example_alias_consumer to None, run_after=None
[2024-11-13T09:31:25.146+0000] {logging_mixin.py:190} INFO - [2024-11-13T09:31:25.142+0000] {dag.py:4180} INFO - Setting next_dagrun for dataset_alias_example_alias_producer to None, run_after=None
[2024-11-13T09:31:25.150+0000] {logging_mixin.py:190} INFO - [2024-11-13T09:31:25.150+0000] {dag.py:4180} INFO - Setting next_dagrun for dataset_s3_bucket_consumer to None, run_after=None
[2024-11-13T09:31:25.155+0000] {logging_mixin.py:190} INFO - [2024-11-13T09:31:25.155+0000] {dag.py:4180} INFO - Setting next_dagrun for dataset_s3_bucket_producer to None, run_after=None
[2024-11-13T09:31:25.269+0000] {processor.py:208} INFO - Processing /home/airflow/.local/lib/python3.12/site-packages/airflow/example_dags/example_dataset_alias.py took 2.393 seconds
