[2024-11-13T09:28:24.319+0000] {processor.py:186} INFO - Started process (PID=102) to work on /home/airflow/.local/lib/python3.12/site-packages/airflow/example_dags/example_xcom.py
[2024-11-13T09:28:24.337+0000] {processor.py:914} INFO - Processing file /home/airflow/.local/lib/python3.12/site-packages/airflow/example_dags/example_xcom.py for tasks to queue
[2024-11-13T09:28:24.405+0000] {logging_mixin.py:190} INFO - [2024-11-13T09:28:24.397+0000] {dagbag.py:588} INFO - Filling up the DagBag from /home/airflow/.local/lib/python3.12/site-packages/airflow/example_dags/example_xcom.py
[2024-11-13T09:28:24.623+0000] {processor.py:925} INFO - DAG(s) 'example_xcom' retrieved from /home/airflow/.local/lib/python3.12/site-packages/airflow/example_dags/example_xcom.py
[2024-11-13T09:28:27.279+0000] {logging_mixin.py:190} INFO - [2024-11-13T09:28:27.276+0000] {override.py:1900} INFO - Created Permission View: can edit on DAG:example_xcom
[2024-11-13T09:28:27.344+0000] {logging_mixin.py:190} INFO - [2024-11-13T09:28:27.342+0000] {override.py:1900} INFO - Created Permission View: can read on DAG:example_xcom
[2024-11-13T09:28:27.373+0000] {logging_mixin.py:190} INFO - [2024-11-13T09:28:27.371+0000] {override.py:1900} INFO - Created Permission View: can delete on DAG:example_xcom
[2024-11-13T09:28:27.407+0000] {logging_mixin.py:190} INFO - [2024-11-13T09:28:27.407+0000] {override.py:1900} INFO - Created Permission View: can delete on DAG Run:example_xcom
[2024-11-13T09:28:27.469+0000] {logging_mixin.py:190} INFO - [2024-11-13T09:28:27.468+0000] {override.py:1900} INFO - Created Permission View: can read on DAG Run:example_xcom
[2024-11-13T09:28:27.489+0000] {logging_mixin.py:190} INFO - [2024-11-13T09:28:27.488+0000] {override.py:1900} INFO - Created Permission View: can create on DAG Run:example_xcom
[2024-11-13T09:28:27.509+0000] {logging_mixin.py:190} INFO - [2024-11-13T09:28:27.508+0000] {override.py:1900} INFO - Created Permission View: menu access on DAG Run:example_xcom
[2024-11-13T09:28:27.511+0000] {logging_mixin.py:190} INFO - [2024-11-13T09:28:27.510+0000] {dag.py:3239} INFO - Sync 1 DAGs
[2024-11-13T09:31:27.226+0000] {processor.py:186} INFO - Started process (PID=133) to work on /home/airflow/.local/lib/python3.12/site-packages/airflow/example_dags/example_xcom.py
[2024-11-13T09:31:27.229+0000] {processor.py:914} INFO - Processing file /home/airflow/.local/lib/python3.12/site-packages/airflow/example_dags/example_xcom.py for tasks to queue
[2024-11-13T09:31:27.233+0000] {logging_mixin.py:190} INFO - [2024-11-13T09:31:27.232+0000] {dagbag.py:588} INFO - Filling up the DagBag from /home/airflow/.local/lib/python3.12/site-packages/airflow/example_dags/example_xcom.py
[2024-11-13T09:31:27.254+0000] {processor.py:925} INFO - DAG(s) 'example_xcom' retrieved from /home/airflow/.local/lib/python3.12/site-packages/airflow/example_dags/example_xcom.py
[2024-11-13T09:31:27.334+0000] {logging_mixin.py:190} INFO - [2024-11-13T09:31:27.332+0000] {dag.py:3239} INFO - Sync 1 DAGs
[2024-11-13T09:31:27.391+0000] {logging_mixin.py:190} INFO - [2024-11-13T09:31:27.390+0000] {dag.py:3262} INFO - Creating ORM DAG for example_xcom
[2024-11-13T09:31:27.421+0000] {logging_mixin.py:190} INFO - [2024-11-13T09:31:27.420+0000] {dag.py:4180} INFO - Setting next_dagrun for example_xcom to 2021-01-01 00:00:00+00:00, run_after=2021-01-01 00:00:00+00:00
[2024-11-13T09:31:27.493+0000] {processor.py:208} INFO - Processing /home/airflow/.local/lib/python3.12/site-packages/airflow/example_dags/example_xcom.py took 0.284 seconds
