[2024-11-13T09:28:06.934+0000] {processor.py:186} INFO - Started process (PID=99) to work on /home/airflow/.local/lib/python3.12/site-packages/airflow/example_dags/tutorial_taskflow_api_virtualenv.py
[2024-11-13T09:28:06.944+0000] {processor.py:914} INFO - Processing file /home/airflow/.local/lib/python3.12/site-packages/airflow/example_dags/tutorial_taskflow_api_virtualenv.py for tasks to queue
[2024-11-13T09:28:06.974+0000] {logging_mixin.py:190} INFO - [2024-11-13T09:28:06.973+0000] {dagbag.py:588} INFO - Filling up the DagBag from /home/airflow/.local/lib/python3.12/site-packages/airflow/example_dags/tutorial_taskflow_api_virtualenv.py
[2024-11-13T09:28:07.149+0000] {processor.py:925} INFO - DAG(s) 'tutorial_taskflow_api_virtualenv' retrieved from /home/airflow/.local/lib/python3.12/site-packages/airflow/example_dags/tutorial_taskflow_api_virtualenv.py
[2024-11-13T09:28:08.744+0000] {logging_mixin.py:190} INFO - [2024-11-13T09:28:08.743+0000] {override.py:1900} INFO - Created Permission View: can edit on DAG:tutorial_taskflow_api_virtualenv
[2024-11-13T09:28:08.786+0000] {logging_mixin.py:190} INFO - [2024-11-13T09:28:08.785+0000] {override.py:1900} INFO - Created Permission View: can read on DAG:tutorial_taskflow_api_virtualenv
[2024-11-13T09:28:08.844+0000] {logging_mixin.py:190} INFO - [2024-11-13T09:28:08.843+0000] {override.py:1900} INFO - Created Permission View: can delete on DAG:tutorial_taskflow_api_virtualenv
[2024-11-13T09:28:08.924+0000] {logging_mixin.py:190} INFO - [2024-11-13T09:28:08.923+0000] {override.py:1900} INFO - Created Permission View: can delete on DAG Run:tutorial_taskflow_api_virtualenv
[2024-11-13T09:28:08.996+0000] {logging_mixin.py:190} INFO - [2024-11-13T09:28:08.995+0000] {override.py:1900} INFO - Created Permission View: can read on DAG Run:tutorial_taskflow_api_virtualenv
[2024-11-13T09:28:09.042+0000] {logging_mixin.py:190} INFO - [2024-11-13T09:28:09.041+0000] {override.py:1900} INFO - Created Permission View: can create on DAG Run:tutorial_taskflow_api_virtualenv
[2024-11-13T09:28:09.089+0000] {logging_mixin.py:190} INFO - [2024-11-13T09:28:09.088+0000] {override.py:1900} INFO - Created Permission View: menu access on DAG Run:tutorial_taskflow_api_virtualenv
[2024-11-13T09:28:09.095+0000] {logging_mixin.py:190} INFO - [2024-11-13T09:28:09.093+0000] {dag.py:3239} INFO - Sync 1 DAGs
[2024-11-13T09:28:09.202+0000] {logging_mixin.py:190} INFO - [2024-11-13T09:28:09.201+0000] {dag.py:3262} INFO - Creating ORM DAG for tutorial_taskflow_api_virtualenv
[2024-11-13T09:28:09.214+0000] {logging_mixin.py:190} INFO - [2024-11-13T09:28:09.214+0000] {dag.py:4180} INFO - Setting next_dagrun for tutorial_taskflow_api_virtualenv to None, run_after=None
[2024-11-13T09:28:09.561+0000] {processor.py:208} INFO - Processing /home/airflow/.local/lib/python3.12/site-packages/airflow/example_dags/tutorial_taskflow_api_virtualenv.py took 2.693 seconds
[2024-11-13T09:31:26.606+0000] {processor.py:186} INFO - Started process (PID=130) to work on /home/airflow/.local/lib/python3.12/site-packages/airflow/example_dags/tutorial_taskflow_api_virtualenv.py
[2024-11-13T09:31:26.609+0000] {processor.py:914} INFO - Processing file /home/airflow/.local/lib/python3.12/site-packages/airflow/example_dags/tutorial_taskflow_api_virtualenv.py for tasks to queue
[2024-11-13T09:31:26.613+0000] {logging_mixin.py:190} INFO - [2024-11-13T09:31:26.613+0000] {dagbag.py:588} INFO - Filling up the DagBag from /home/airflow/.local/lib/python3.12/site-packages/airflow/example_dags/tutorial_taskflow_api_virtualenv.py
[2024-11-13T09:31:26.652+0000] {processor.py:925} INFO - DAG(s) 'tutorial_taskflow_api_virtualenv' retrieved from /home/airflow/.local/lib/python3.12/site-packages/airflow/example_dags/tutorial_taskflow_api_virtualenv.py
[2024-11-13T09:31:26.726+0000] {logging_mixin.py:190} INFO - [2024-11-13T09:31:26.724+0000] {dag.py:3239} INFO - Sync 1 DAGs
[2024-11-13T09:31:26.777+0000] {logging_mixin.py:190} INFO - [2024-11-13T09:31:26.776+0000] {dag.py:4180} INFO - Setting next_dagrun for tutorial_taskflow_api_virtualenv to None, run_after=None
[2024-11-13T09:31:26.835+0000] {processor.py:208} INFO - Processing /home/airflow/.local/lib/python3.12/site-packages/airflow/example_dags/tutorial_taskflow_api_virtualenv.py took 0.247 seconds
