[2024-11-14T16:59:51.038+0000] {processor.py:186} INFO - Started process (PID=131) to work on /home/airflow/.local/lib/python3.12/site-packages/airflow/example_dags/example_local_kubernetes_executor.py
[2024-11-14T16:59:51.103+0000] {processor.py:914} INFO - Processing file /home/airflow/.local/lib/python3.12/site-packages/airflow/example_dags/example_local_kubernetes_executor.py for tasks to queue
[2024-11-14T16:59:51.161+0000] {logging_mixin.py:190} INFO - [2024-11-14T16:59:51.160+0000] {dagbag.py:588} INFO - Filling up the DagBag from /home/airflow/.local/lib/python3.12/site-packages/airflow/example_dags/example_local_kubernetes_executor.py
[2024-11-14T16:59:51.934+0000] {processor.py:925} INFO - DAG(s) 'example_local_kubernetes_executor' retrieved from /home/airflow/.local/lib/python3.12/site-packages/airflow/example_dags/example_local_kubernetes_executor.py
[2024-11-14T16:59:52.643+0000] {logging_mixin.py:190} INFO - [2024-11-14T16:59:52.642+0000] {dag.py:3239} INFO - Sync 1 DAGs
[2024-11-14T16:59:52.749+0000] {logging_mixin.py:190} INFO - [2024-11-14T16:59:52.749+0000] {dag.py:4180} INFO - Setting next_dagrun for example_local_kubernetes_executor to None, run_after=None
[2024-11-14T16:59:52.876+0000] {processor.py:208} INFO - Processing /home/airflow/.local/lib/python3.12/site-packages/airflow/example_dags/example_local_kubernetes_executor.py took 1.902 seconds
[2024-11-14T17:02:57.795+0000] {processor.py:186} INFO - Started process (PID=72) to work on /home/airflow/.local/lib/python3.12/site-packages/airflow/example_dags/example_local_kubernetes_executor.py
[2024-11-14T17:02:57.797+0000] {processor.py:914} INFO - Processing file /home/airflow/.local/lib/python3.12/site-packages/airflow/example_dags/example_local_kubernetes_executor.py for tasks to queue
[2024-11-14T17:02:57.801+0000] {logging_mixin.py:190} INFO - [2024-11-14T17:02:57.801+0000] {dagbag.py:588} INFO - Filling up the DagBag from /home/airflow/.local/lib/python3.12/site-packages/airflow/example_dags/example_local_kubernetes_executor.py
[2024-11-14T17:02:57.825+0000] {processor.py:925} INFO - DAG(s) 'example_local_kubernetes_executor' retrieved from /home/airflow/.local/lib/python3.12/site-packages/airflow/example_dags/example_local_kubernetes_executor.py
[2024-11-14T17:02:57.908+0000] {logging_mixin.py:190} INFO - [2024-11-14T17:02:57.907+0000] {dag.py:3239} INFO - Sync 1 DAGs
[2024-11-14T17:02:57.935+0000] {logging_mixin.py:190} INFO - [2024-11-14T17:02:57.935+0000] {dag.py:4180} INFO - Setting next_dagrun for example_local_kubernetes_executor to None, run_after=None
[2024-11-14T17:02:57.972+0000] {processor.py:208} INFO - Processing /home/airflow/.local/lib/python3.12/site-packages/airflow/example_dags/example_local_kubernetes_executor.py took 0.187 seconds
[2024-11-14T17:03:28.839+0000] {processor.py:186} INFO - Started process (PID=134) to work on /home/airflow/.local/lib/python3.12/site-packages/airflow/example_dags/example_local_kubernetes_executor.py
[2024-11-14T17:03:28.844+0000] {processor.py:914} INFO - Processing file /home/airflow/.local/lib/python3.12/site-packages/airflow/example_dags/example_local_kubernetes_executor.py for tasks to queue
[2024-11-14T17:03:28.854+0000] {logging_mixin.py:190} INFO - [2024-11-14T17:03:28.851+0000] {dagbag.py:588} INFO - Filling up the DagBag from /home/airflow/.local/lib/python3.12/site-packages/airflow/example_dags/example_local_kubernetes_executor.py
[2024-11-14T17:03:28.890+0000] {processor.py:925} INFO - DAG(s) 'example_local_kubernetes_executor' retrieved from /home/airflow/.local/lib/python3.12/site-packages/airflow/example_dags/example_local_kubernetes_executor.py
[2024-11-14T17:03:29.054+0000] {logging_mixin.py:190} INFO - [2024-11-14T17:03:29.053+0000] {dag.py:3239} INFO - Sync 1 DAGs
[2024-11-14T17:03:29.089+0000] {logging_mixin.py:190} INFO - [2024-11-14T17:03:29.089+0000] {dag.py:4180} INFO - Setting next_dagrun for example_local_kubernetes_executor to None, run_after=None
[2024-11-14T17:03:29.125+0000] {processor.py:208} INFO - Processing /home/airflow/.local/lib/python3.12/site-packages/airflow/example_dags/example_local_kubernetes_executor.py took 0.311 seconds
[2024-11-14T17:04:17.016+0000] {processor.py:186} INFO - Started process (PID=195) to work on /home/airflow/.local/lib/python3.12/site-packages/airflow/example_dags/example_local_kubernetes_executor.py
[2024-11-14T17:04:17.035+0000] {processor.py:914} INFO - Processing file /home/airflow/.local/lib/python3.12/site-packages/airflow/example_dags/example_local_kubernetes_executor.py for tasks to queue
[2024-11-14T17:04:17.049+0000] {logging_mixin.py:190} INFO - [2024-11-14T17:04:17.048+0000] {dagbag.py:588} INFO - Filling up the DagBag from /home/airflow/.local/lib/python3.12/site-packages/airflow/example_dags/example_local_kubernetes_executor.py
[2024-11-14T17:04:17.065+0000] {processor.py:925} INFO - DAG(s) 'example_local_kubernetes_executor' retrieved from /home/airflow/.local/lib/python3.12/site-packages/airflow/example_dags/example_local_kubernetes_executor.py
[2024-11-14T17:04:17.126+0000] {logging_mixin.py:190} INFO - [2024-11-14T17:04:17.126+0000] {dag.py:3239} INFO - Sync 1 DAGs
[2024-11-14T17:04:17.142+0000] {logging_mixin.py:190} INFO - [2024-11-14T17:04:17.142+0000] {dag.py:4180} INFO - Setting next_dagrun for example_local_kubernetes_executor to None, run_after=None
[2024-11-14T17:04:17.267+0000] {processor.py:208} INFO - Processing /home/airflow/.local/lib/python3.12/site-packages/airflow/example_dags/example_local_kubernetes_executor.py took 0.481 seconds
[2024-11-14T17:04:48.252+0000] {processor.py:186} INFO - Started process (PID=257) to work on /home/airflow/.local/lib/python3.12/site-packages/airflow/example_dags/example_local_kubernetes_executor.py
[2024-11-14T17:04:48.254+0000] {processor.py:914} INFO - Processing file /home/airflow/.local/lib/python3.12/site-packages/airflow/example_dags/example_local_kubernetes_executor.py for tasks to queue
[2024-11-14T17:04:48.259+0000] {logging_mixin.py:190} INFO - [2024-11-14T17:04:48.259+0000] {dagbag.py:588} INFO - Filling up the DagBag from /home/airflow/.local/lib/python3.12/site-packages/airflow/example_dags/example_local_kubernetes_executor.py
[2024-11-14T17:04:48.294+0000] {processor.py:925} INFO - DAG(s) 'example_local_kubernetes_executor' retrieved from /home/airflow/.local/lib/python3.12/site-packages/airflow/example_dags/example_local_kubernetes_executor.py
[2024-11-14T17:04:48.463+0000] {logging_mixin.py:190} INFO - [2024-11-14T17:04:48.462+0000] {dag.py:3239} INFO - Sync 1 DAGs
[2024-11-14T17:04:48.515+0000] {logging_mixin.py:190} INFO - [2024-11-14T17:04:48.514+0000] {dag.py:4180} INFO - Setting next_dagrun for example_local_kubernetes_executor to None, run_after=None
[2024-11-14T17:04:48.567+0000] {processor.py:208} INFO - Processing /home/airflow/.local/lib/python3.12/site-packages/airflow/example_dags/example_local_kubernetes_executor.py took 0.329 seconds
[2024-11-14T17:05:54.785+0000] {processor.py:186} INFO - Started process (PID=319) to work on /home/airflow/.local/lib/python3.12/site-packages/airflow/example_dags/example_local_kubernetes_executor.py
[2024-11-14T17:05:54.798+0000] {processor.py:914} INFO - Processing file /home/airflow/.local/lib/python3.12/site-packages/airflow/example_dags/example_local_kubernetes_executor.py for tasks to queue
[2024-11-14T17:05:54.815+0000] {logging_mixin.py:190} INFO - [2024-11-14T17:05:54.812+0000] {dagbag.py:588} INFO - Filling up the DagBag from /home/airflow/.local/lib/python3.12/site-packages/airflow/example_dags/example_local_kubernetes_executor.py
[2024-11-14T17:05:54.868+0000] {processor.py:925} INFO - DAG(s) 'example_local_kubernetes_executor' retrieved from /home/airflow/.local/lib/python3.12/site-packages/airflow/example_dags/example_local_kubernetes_executor.py
[2024-11-14T17:05:55.216+0000] {logging_mixin.py:190} INFO - [2024-11-14T17:05:55.214+0000] {dag.py:3239} INFO - Sync 1 DAGs
[2024-11-14T17:05:55.261+0000] {logging_mixin.py:190} INFO - [2024-11-14T17:05:55.260+0000] {dag.py:4180} INFO - Setting next_dagrun for example_local_kubernetes_executor to None, run_after=None
[2024-11-14T17:05:55.308+0000] {processor.py:208} INFO - Processing /home/airflow/.local/lib/python3.12/site-packages/airflow/example_dags/example_local_kubernetes_executor.py took 0.586 seconds
[2024-11-14T17:06:25.595+0000] {processor.py:186} INFO - Started process (PID=381) to work on /home/airflow/.local/lib/python3.12/site-packages/airflow/example_dags/example_local_kubernetes_executor.py
[2024-11-14T17:06:25.598+0000] {processor.py:914} INFO - Processing file /home/airflow/.local/lib/python3.12/site-packages/airflow/example_dags/example_local_kubernetes_executor.py for tasks to queue
[2024-11-14T17:06:25.602+0000] {logging_mixin.py:190} INFO - [2024-11-14T17:06:25.602+0000] {dagbag.py:588} INFO - Filling up the DagBag from /home/airflow/.local/lib/python3.12/site-packages/airflow/example_dags/example_local_kubernetes_executor.py
[2024-11-14T17:06:25.622+0000] {processor.py:925} INFO - DAG(s) 'example_local_kubernetes_executor' retrieved from /home/airflow/.local/lib/python3.12/site-packages/airflow/example_dags/example_local_kubernetes_executor.py
[2024-11-14T17:06:25.693+0000] {logging_mixin.py:190} INFO - [2024-11-14T17:06:25.693+0000] {dag.py:3239} INFO - Sync 1 DAGs
[2024-11-14T17:06:25.720+0000] {logging_mixin.py:190} INFO - [2024-11-14T17:06:25.720+0000] {dag.py:4180} INFO - Setting next_dagrun for example_local_kubernetes_executor to None, run_after=None
[2024-11-14T17:06:25.753+0000] {processor.py:208} INFO - Processing /home/airflow/.local/lib/python3.12/site-packages/airflow/example_dags/example_local_kubernetes_executor.py took 0.171 seconds
[2024-11-14T17:21:09.922+0000] {processor.py:186} INFO - Started process (PID=91) to work on /home/airflow/.local/lib/python3.12/site-packages/airflow/example_dags/example_local_kubernetes_executor.py
[2024-11-14T17:21:09.925+0000] {processor.py:914} INFO - Processing file /home/airflow/.local/lib/python3.12/site-packages/airflow/example_dags/example_local_kubernetes_executor.py for tasks to queue
[2024-11-14T17:21:09.931+0000] {logging_mixin.py:190} INFO - [2024-11-14T17:21:09.930+0000] {dagbag.py:588} INFO - Filling up the DagBag from /home/airflow/.local/lib/python3.12/site-packages/airflow/example_dags/example_local_kubernetes_executor.py
[2024-11-14T17:21:09.964+0000] {processor.py:925} INFO - DAG(s) 'example_local_kubernetes_executor' retrieved from /home/airflow/.local/lib/python3.12/site-packages/airflow/example_dags/example_local_kubernetes_executor.py
[2024-11-14T17:21:10.099+0000] {logging_mixin.py:190} INFO - [2024-11-14T17:21:10.099+0000] {dag.py:3239} INFO - Sync 1 DAGs
[2024-11-14T17:21:10.160+0000] {logging_mixin.py:190} INFO - [2024-11-14T17:21:10.159+0000] {dag.py:4180} INFO - Setting next_dagrun for example_local_kubernetes_executor to None, run_after=None
[2024-11-14T17:21:10.239+0000] {processor.py:208} INFO - Processing /home/airflow/.local/lib/python3.12/site-packages/airflow/example_dags/example_local_kubernetes_executor.py took 0.335 seconds
[2024-11-14T17:42:13.744+0000] {processor.py:186} INFO - Started process (PID=67) to work on /home/airflow/.local/lib/python3.12/site-packages/airflow/example_dags/example_local_kubernetes_executor.py
[2024-11-14T17:42:13.748+0000] {processor.py:914} INFO - Processing file /home/airflow/.local/lib/python3.12/site-packages/airflow/example_dags/example_local_kubernetes_executor.py for tasks to queue
[2024-11-14T17:42:13.753+0000] {logging_mixin.py:190} INFO - [2024-11-14T17:42:13.752+0000] {dagbag.py:588} INFO - Filling up the DagBag from /home/airflow/.local/lib/python3.12/site-packages/airflow/example_dags/example_local_kubernetes_executor.py
[2024-11-14T17:42:13.778+0000] {processor.py:925} INFO - DAG(s) 'example_local_kubernetes_executor' retrieved from /home/airflow/.local/lib/python3.12/site-packages/airflow/example_dags/example_local_kubernetes_executor.py
[2024-11-14T17:42:13.882+0000] {logging_mixin.py:190} INFO - [2024-11-14T17:42:13.881+0000] {dag.py:3239} INFO - Sync 1 DAGs
[2024-11-14T17:42:13.927+0000] {logging_mixin.py:190} INFO - [2024-11-14T17:42:13.926+0000] {dag.py:4180} INFO - Setting next_dagrun for example_local_kubernetes_executor to None, run_after=None
[2024-11-14T17:42:14.010+0000] {processor.py:208} INFO - Processing /home/airflow/.local/lib/python3.12/site-packages/airflow/example_dags/example_local_kubernetes_executor.py took 0.283 seconds
[2024-11-14T17:47:47.034+0000] {processor.py:186} INFO - Started process (PID=90) to work on /home/airflow/.local/lib/python3.12/site-packages/airflow/example_dags/example_local_kubernetes_executor.py
[2024-11-14T17:47:47.037+0000] {processor.py:914} INFO - Processing file /home/airflow/.local/lib/python3.12/site-packages/airflow/example_dags/example_local_kubernetes_executor.py for tasks to queue
[2024-11-14T17:47:47.043+0000] {logging_mixin.py:190} INFO - [2024-11-14T17:47:47.042+0000] {dagbag.py:588} INFO - Filling up the DagBag from /home/airflow/.local/lib/python3.12/site-packages/airflow/example_dags/example_local_kubernetes_executor.py
[2024-11-14T17:47:47.064+0000] {processor.py:925} INFO - DAG(s) 'example_local_kubernetes_executor' retrieved from /home/airflow/.local/lib/python3.12/site-packages/airflow/example_dags/example_local_kubernetes_executor.py
[2024-11-14T17:47:47.219+0000] {logging_mixin.py:190} INFO - [2024-11-14T17:47:47.219+0000] {dag.py:3239} INFO - Sync 1 DAGs
[2024-11-14T17:47:47.263+0000] {logging_mixin.py:190} INFO - [2024-11-14T17:47:47.262+0000] {dag.py:4180} INFO - Setting next_dagrun for example_local_kubernetes_executor to None, run_after=None
[2024-11-14T17:47:47.353+0000] {processor.py:208} INFO - Processing /home/airflow/.local/lib/python3.12/site-packages/airflow/example_dags/example_local_kubernetes_executor.py took 0.333 seconds
[2024-11-14T18:04:45.208+0000] {processor.py:186} INFO - Started process (PID=114) to work on /home/airflow/.local/lib/python3.12/site-packages/airflow/example_dags/example_local_kubernetes_executor.py
[2024-11-14T18:04:45.211+0000] {processor.py:914} INFO - Processing file /home/airflow/.local/lib/python3.12/site-packages/airflow/example_dags/example_local_kubernetes_executor.py for tasks to queue
[2024-11-14T18:04:45.221+0000] {logging_mixin.py:190} INFO - [2024-11-14T18:04:45.219+0000] {dagbag.py:588} INFO - Filling up the DagBag from /home/airflow/.local/lib/python3.12/site-packages/airflow/example_dags/example_local_kubernetes_executor.py
[2024-11-14T18:04:45.243+0000] {processor.py:925} INFO - DAG(s) 'example_local_kubernetes_executor' retrieved from /home/airflow/.local/lib/python3.12/site-packages/airflow/example_dags/example_local_kubernetes_executor.py
[2024-11-14T18:04:45.337+0000] {logging_mixin.py:190} INFO - [2024-11-14T18:04:45.336+0000] {dag.py:3239} INFO - Sync 1 DAGs
[2024-11-14T18:04:45.364+0000] {logging_mixin.py:190} INFO - [2024-11-14T18:04:45.364+0000] {dag.py:4180} INFO - Setting next_dagrun for example_local_kubernetes_executor to None, run_after=None
[2024-11-14T18:04:45.402+0000] {processor.py:208} INFO - Processing /home/airflow/.local/lib/python3.12/site-packages/airflow/example_dags/example_local_kubernetes_executor.py took 0.208 seconds
[2024-11-14T18:47:40.656+0000] {processor.py:186} INFO - Started process (PID=112) to work on /home/airflow/.local/lib/python3.12/site-packages/airflow/example_dags/example_local_kubernetes_executor.py
[2024-11-14T18:47:40.658+0000] {processor.py:914} INFO - Processing file /home/airflow/.local/lib/python3.12/site-packages/airflow/example_dags/example_local_kubernetes_executor.py for tasks to queue
[2024-11-14T18:47:40.664+0000] {logging_mixin.py:190} INFO - [2024-11-14T18:47:40.663+0000] {dagbag.py:588} INFO - Filling up the DagBag from /home/airflow/.local/lib/python3.12/site-packages/airflow/example_dags/example_local_kubernetes_executor.py
[2024-11-14T18:47:40.684+0000] {processor.py:925} INFO - DAG(s) 'example_local_kubernetes_executor' retrieved from /home/airflow/.local/lib/python3.12/site-packages/airflow/example_dags/example_local_kubernetes_executor.py
[2024-11-14T18:47:40.793+0000] {logging_mixin.py:190} INFO - [2024-11-14T18:47:40.792+0000] {dag.py:3239} INFO - Sync 1 DAGs
[2024-11-14T18:47:40.826+0000] {logging_mixin.py:190} INFO - [2024-11-14T18:47:40.826+0000] {dag.py:4180} INFO - Setting next_dagrun for example_local_kubernetes_executor to None, run_after=None
[2024-11-14T18:47:40.869+0000] {processor.py:208} INFO - Processing /home/airflow/.local/lib/python3.12/site-packages/airflow/example_dags/example_local_kubernetes_executor.py took 0.226 seconds
[2024-11-14T19:18:12.483+0000] {processor.py:186} INFO - Started process (PID=71) to work on /home/airflow/.local/lib/python3.12/site-packages/airflow/example_dags/example_local_kubernetes_executor.py
[2024-11-14T19:18:12.485+0000] {processor.py:914} INFO - Processing file /home/airflow/.local/lib/python3.12/site-packages/airflow/example_dags/example_local_kubernetes_executor.py for tasks to queue
[2024-11-14T19:18:12.488+0000] {logging_mixin.py:190} INFO - [2024-11-14T19:18:12.488+0000] {dagbag.py:588} INFO - Filling up the DagBag from /home/airflow/.local/lib/python3.12/site-packages/airflow/example_dags/example_local_kubernetes_executor.py
[2024-11-14T19:18:12.514+0000] {processor.py:925} INFO - DAG(s) 'example_local_kubernetes_executor' retrieved from /home/airflow/.local/lib/python3.12/site-packages/airflow/example_dags/example_local_kubernetes_executor.py
[2024-11-14T19:18:12.652+0000] {logging_mixin.py:190} INFO - [2024-11-14T19:18:12.651+0000] {dag.py:3239} INFO - Sync 1 DAGs
[2024-11-14T19:18:12.696+0000] {logging_mixin.py:190} INFO - [2024-11-14T19:18:12.696+0000] {dag.py:4180} INFO - Setting next_dagrun for example_local_kubernetes_executor to None, run_after=None
[2024-11-14T19:18:12.745+0000] {processor.py:208} INFO - Processing /home/airflow/.local/lib/python3.12/site-packages/airflow/example_dags/example_local_kubernetes_executor.py took 0.275 seconds
[2024-11-14T19:40:16.119+0000] {processor.py:186} INFO - Started process (PID=95) to work on /home/airflow/.local/lib/python3.12/site-packages/airflow/example_dags/example_local_kubernetes_executor.py
[2024-11-14T19:40:16.122+0000] {processor.py:914} INFO - Processing file /home/airflow/.local/lib/python3.12/site-packages/airflow/example_dags/example_local_kubernetes_executor.py for tasks to queue
[2024-11-14T19:40:16.127+0000] {logging_mixin.py:190} INFO - [2024-11-14T19:40:16.127+0000] {dagbag.py:588} INFO - Filling up the DagBag from /home/airflow/.local/lib/python3.12/site-packages/airflow/example_dags/example_local_kubernetes_executor.py
[2024-11-14T19:40:16.151+0000] {processor.py:925} INFO - DAG(s) 'example_local_kubernetes_executor' retrieved from /home/airflow/.local/lib/python3.12/site-packages/airflow/example_dags/example_local_kubernetes_executor.py
[2024-11-14T19:40:16.277+0000] {logging_mixin.py:190} INFO - [2024-11-14T19:40:16.277+0000] {dag.py:3239} INFO - Sync 1 DAGs
[2024-11-14T19:40:16.317+0000] {logging_mixin.py:190} INFO - [2024-11-14T19:40:16.316+0000] {dag.py:4180} INFO - Setting next_dagrun for example_local_kubernetes_executor to None, run_after=None
[2024-11-14T19:40:16.361+0000] {processor.py:208} INFO - Processing /home/airflow/.local/lib/python3.12/site-packages/airflow/example_dags/example_local_kubernetes_executor.py took 0.258 seconds
[2024-11-14T19:46:05.312+0000] {processor.py:186} INFO - Started process (PID=87) to work on /home/airflow/.local/lib/python3.12/site-packages/airflow/example_dags/example_local_kubernetes_executor.py
[2024-11-14T19:46:05.314+0000] {processor.py:914} INFO - Processing file /home/airflow/.local/lib/python3.12/site-packages/airflow/example_dags/example_local_kubernetes_executor.py for tasks to queue
[2024-11-14T19:46:05.328+0000] {logging_mixin.py:190} INFO - [2024-11-14T19:46:05.317+0000] {dagbag.py:588} INFO - Filling up the DagBag from /home/airflow/.local/lib/python3.12/site-packages/airflow/example_dags/example_local_kubernetes_executor.py
[2024-11-14T19:46:05.374+0000] {processor.py:925} INFO - DAG(s) 'example_local_kubernetes_executor' retrieved from /home/airflow/.local/lib/python3.12/site-packages/airflow/example_dags/example_local_kubernetes_executor.py
[2024-11-14T19:46:06.606+0000] {logging_mixin.py:190} INFO - [2024-11-14T19:46:06.586+0000] {dag.py:3239} INFO - Sync 1 DAGs
[2024-11-14T19:46:06.852+0000] {logging_mixin.py:190} INFO - [2024-11-14T19:46:06.847+0000] {dag.py:4180} INFO - Setting next_dagrun for example_local_kubernetes_executor to None, run_after=None
[2024-11-14T19:46:08.209+0000] {processor.py:208} INFO - Processing /home/airflow/.local/lib/python3.12/site-packages/airflow/example_dags/example_local_kubernetes_executor.py took 2.914 seconds
