[2024-11-14T17:00:18.036+0000] {processor.py:186} INFO - Started process (PID=146) to work on /home/airflow/.local/lib/python3.12/site-packages/airflow/example_dags/example_xcomargs.py
[2024-11-14T17:00:18.043+0000] {processor.py:914} INFO - Processing file /home/airflow/.local/lib/python3.12/site-packages/airflow/example_dags/example_xcomargs.py for tasks to queue
[2024-11-14T17:00:20.053+0000] {logging_mixin.py:190} INFO - [2024-11-14T17:00:19.714+0000] {dagbag.py:588} INFO - Filling up the DagBag from /home/airflow/.local/lib/python3.12/site-packages/airflow/example_dags/example_xcomargs.py
[2024-11-14T17:00:20.618+0000] {processor.py:925} INFO - DAG(s) 'example_xcom_args', 'example_xcom_args_with_operators' retrieved from /home/airflow/.local/lib/python3.12/site-packages/airflow/example_dags/example_xcomargs.py
[2024-11-14T17:03:00.737+0000] {processor.py:186} INFO - Started process (PID=87) to work on /home/airflow/.local/lib/python3.12/site-packages/airflow/example_dags/example_xcomargs.py
[2024-11-14T17:03:00.739+0000] {processor.py:914} INFO - Processing file /home/airflow/.local/lib/python3.12/site-packages/airflow/example_dags/example_xcomargs.py for tasks to queue
[2024-11-14T17:03:00.745+0000] {logging_mixin.py:190} INFO - [2024-11-14T17:03:00.744+0000] {dagbag.py:588} INFO - Filling up the DagBag from /home/airflow/.local/lib/python3.12/site-packages/airflow/example_dags/example_xcomargs.py
[2024-11-14T17:03:00.779+0000] {processor.py:925} INFO - DAG(s) 'example_xcom_args_with_operators', 'example_xcom_args' retrieved from /home/airflow/.local/lib/python3.12/site-packages/airflow/example_dags/example_xcomargs.py
[2024-11-14T17:03:01.096+0000] {logging_mixin.py:190} INFO - [2024-11-14T17:03:01.094+0000] {override.py:1900} INFO - Created Permission View: can read on DAG:example_xcom_args_with_operators
[2024-11-14T17:03:01.130+0000] {logging_mixin.py:190} INFO - [2024-11-14T17:03:01.129+0000] {override.py:1900} INFO - Created Permission View: can delete on DAG:example_xcom_args_with_operators
[2024-11-14T17:03:01.159+0000] {logging_mixin.py:190} INFO - [2024-11-14T17:03:01.157+0000] {override.py:1900} INFO - Created Permission View: can edit on DAG:example_xcom_args_with_operators
[2024-11-14T17:03:01.190+0000] {logging_mixin.py:190} INFO - [2024-11-14T17:03:01.190+0000] {override.py:1900} INFO - Created Permission View: can delete on DAG Run:example_xcom_args_with_operators
[2024-11-14T17:03:01.204+0000] {logging_mixin.py:190} INFO - [2024-11-14T17:03:01.203+0000] {override.py:1900} INFO - Created Permission View: can read on DAG Run:example_xcom_args_with_operators
[2024-11-14T17:03:01.228+0000] {logging_mixin.py:190} INFO - [2024-11-14T17:03:01.227+0000] {override.py:1900} INFO - Created Permission View: menu access on DAG Run:example_xcom_args_with_operators
[2024-11-14T17:03:01.254+0000] {logging_mixin.py:190} INFO - [2024-11-14T17:03:01.252+0000] {override.py:1900} INFO - Created Permission View: can create on DAG Run:example_xcom_args_with_operators
[2024-11-14T17:03:01.286+0000] {logging_mixin.py:190} INFO - [2024-11-14T17:03:01.285+0000] {override.py:1900} INFO - Created Permission View: can read on DAG:example_xcom_args
[2024-11-14T17:03:01.301+0000] {logging_mixin.py:190} INFO - [2024-11-14T17:03:01.301+0000] {override.py:1900} INFO - Created Permission View: can delete on DAG:example_xcom_args
[2024-11-14T17:03:01.315+0000] {logging_mixin.py:190} INFO - [2024-11-14T17:03:01.314+0000] {override.py:1900} INFO - Created Permission View: can edit on DAG:example_xcom_args
[2024-11-14T17:03:01.343+0000] {logging_mixin.py:190} INFO - [2024-11-14T17:03:01.342+0000] {override.py:1900} INFO - Created Permission View: can delete on DAG Run:example_xcom_args
[2024-11-14T17:03:01.359+0000] {logging_mixin.py:190} INFO - [2024-11-14T17:03:01.359+0000] {override.py:1900} INFO - Created Permission View: can read on DAG Run:example_xcom_args
[2024-11-14T17:03:01.373+0000] {logging_mixin.py:190} INFO - [2024-11-14T17:03:01.373+0000] {override.py:1900} INFO - Created Permission View: menu access on DAG Run:example_xcom_args
[2024-11-14T17:03:01.387+0000] {logging_mixin.py:190} INFO - [2024-11-14T17:03:01.386+0000] {override.py:1900} INFO - Created Permission View: can create on DAG Run:example_xcom_args
[2024-11-14T17:03:01.388+0000] {logging_mixin.py:190} INFO - [2024-11-14T17:03:01.388+0000] {dag.py:3239} INFO - Sync 2 DAGs
[2024-11-14T17:03:01.504+0000] {logging_mixin.py:190} INFO - [2024-11-14T17:03:01.504+0000] {dag.py:3262} INFO - Creating ORM DAG for example_xcom_args
[2024-11-14T17:03:01.506+0000] {logging_mixin.py:190} INFO - [2024-11-14T17:03:01.506+0000] {dag.py:3262} INFO - Creating ORM DAG for example_xcom_args_with_operators
[2024-11-14T17:03:01.512+0000] {logging_mixin.py:190} INFO - [2024-11-14T17:03:01.512+0000] {dag.py:4180} INFO - Setting next_dagrun for example_xcom_args to None, run_after=None
[2024-11-14T17:03:01.519+0000] {logging_mixin.py:190} INFO - [2024-11-14T17:03:01.519+0000] {dag.py:4180} INFO - Setting next_dagrun for example_xcom_args_with_operators to None, run_after=None
[2024-11-14T17:03:01.638+0000] {processor.py:208} INFO - Processing /home/airflow/.local/lib/python3.12/site-packages/airflow/example_dags/example_xcomargs.py took 0.915 seconds
[2024-11-14T17:03:31.941+0000] {processor.py:186} INFO - Started process (PID=148) to work on /home/airflow/.local/lib/python3.12/site-packages/airflow/example_dags/example_xcomargs.py
[2024-11-14T17:03:31.946+0000] {processor.py:914} INFO - Processing file /home/airflow/.local/lib/python3.12/site-packages/airflow/example_dags/example_xcomargs.py for tasks to queue
[2024-11-14T17:03:31.967+0000] {logging_mixin.py:190} INFO - [2024-11-14T17:03:31.966+0000] {dagbag.py:588} INFO - Filling up the DagBag from /home/airflow/.local/lib/python3.12/site-packages/airflow/example_dags/example_xcomargs.py
[2024-11-14T17:03:32.007+0000] {processor.py:925} INFO - DAG(s) 'example_xcom_args', 'example_xcom_args_with_operators' retrieved from /home/airflow/.local/lib/python3.12/site-packages/airflow/example_dags/example_xcomargs.py
[2024-11-14T17:03:32.058+0000] {logging_mixin.py:190} INFO - [2024-11-14T17:03:32.057+0000] {dag.py:3239} INFO - Sync 2 DAGs
[2024-11-14T17:03:32.106+0000] {logging_mixin.py:190} INFO - [2024-11-14T17:03:32.104+0000] {dag.py:4180} INFO - Setting next_dagrun for example_xcom_args to None, run_after=None
[2024-11-14T17:03:32.117+0000] {logging_mixin.py:190} INFO - [2024-11-14T17:03:32.116+0000] {dag.py:4180} INFO - Setting next_dagrun for example_xcom_args_with_operators to None, run_after=None
[2024-11-14T17:03:32.182+0000] {processor.py:208} INFO - Processing /home/airflow/.local/lib/python3.12/site-packages/airflow/example_dags/example_xcomargs.py took 0.259 seconds
[2024-11-14T17:04:22.190+0000] {processor.py:186} INFO - Started process (PID=210) to work on /home/airflow/.local/lib/python3.12/site-packages/airflow/example_dags/example_xcomargs.py
[2024-11-14T17:04:22.195+0000] {processor.py:914} INFO - Processing file /home/airflow/.local/lib/python3.12/site-packages/airflow/example_dags/example_xcomargs.py for tasks to queue
[2024-11-14T17:04:22.214+0000] {logging_mixin.py:190} INFO - [2024-11-14T17:04:22.213+0000] {dagbag.py:588} INFO - Filling up the DagBag from /home/airflow/.local/lib/python3.12/site-packages/airflow/example_dags/example_xcomargs.py
[2024-11-14T17:04:22.281+0000] {processor.py:925} INFO - DAG(s) 'example_xcom_args', 'example_xcom_args_with_operators' retrieved from /home/airflow/.local/lib/python3.12/site-packages/airflow/example_dags/example_xcomargs.py
[2024-11-14T17:04:22.363+0000] {logging_mixin.py:190} INFO - [2024-11-14T17:04:22.362+0000] {dag.py:3239} INFO - Sync 2 DAGs
[2024-11-14T17:04:22.415+0000] {logging_mixin.py:190} INFO - [2024-11-14T17:04:22.414+0000] {dag.py:4180} INFO - Setting next_dagrun for example_xcom_args to None, run_after=None
[2024-11-14T17:04:22.426+0000] {logging_mixin.py:190} INFO - [2024-11-14T17:04:22.425+0000] {dag.py:4180} INFO - Setting next_dagrun for example_xcom_args_with_operators to None, run_after=None
[2024-11-14T17:04:22.483+0000] {processor.py:208} INFO - Processing /home/airflow/.local/lib/python3.12/site-packages/airflow/example_dags/example_xcomargs.py took 0.308 seconds
[2024-11-14T17:04:53.308+0000] {processor.py:186} INFO - Started process (PID=272) to work on /home/airflow/.local/lib/python3.12/site-packages/airflow/example_dags/example_xcomargs.py
[2024-11-14T17:04:53.309+0000] {processor.py:914} INFO - Processing file /home/airflow/.local/lib/python3.12/site-packages/airflow/example_dags/example_xcomargs.py for tasks to queue
[2024-11-14T17:04:53.317+0000] {logging_mixin.py:190} INFO - [2024-11-14T17:04:53.316+0000] {dagbag.py:588} INFO - Filling up the DagBag from /home/airflow/.local/lib/python3.12/site-packages/airflow/example_dags/example_xcomargs.py
[2024-11-14T17:04:53.415+0000] {processor.py:925} INFO - DAG(s) 'example_xcom_args_with_operators', 'example_xcom_args' retrieved from /home/airflow/.local/lib/python3.12/site-packages/airflow/example_dags/example_xcomargs.py
[2024-11-14T17:04:53.742+0000] {logging_mixin.py:190} INFO - [2024-11-14T17:04:53.741+0000] {dag.py:3239} INFO - Sync 2 DAGs
[2024-11-14T17:04:53.776+0000] {logging_mixin.py:190} INFO - [2024-11-14T17:04:53.776+0000] {dag.py:4180} INFO - Setting next_dagrun for example_xcom_args to None, run_after=None
[2024-11-14T17:04:53.782+0000] {logging_mixin.py:190} INFO - [2024-11-14T17:04:53.782+0000] {dag.py:4180} INFO - Setting next_dagrun for example_xcom_args_with_operators to None, run_after=None
[2024-11-14T17:04:54.746+0000] {processor.py:208} INFO - Processing /home/airflow/.local/lib/python3.12/site-packages/airflow/example_dags/example_xcomargs.py took 1.445 seconds
[2024-11-14T17:06:00.867+0000] {processor.py:186} INFO - Started process (PID=334) to work on /home/airflow/.local/lib/python3.12/site-packages/airflow/example_dags/example_xcomargs.py
[2024-11-14T17:06:00.881+0000] {processor.py:914} INFO - Processing file /home/airflow/.local/lib/python3.12/site-packages/airflow/example_dags/example_xcomargs.py for tasks to queue
[2024-11-14T17:06:00.917+0000] {logging_mixin.py:190} INFO - [2024-11-14T17:06:00.915+0000] {dagbag.py:588} INFO - Filling up the DagBag from /home/airflow/.local/lib/python3.12/site-packages/airflow/example_dags/example_xcomargs.py
[2024-11-14T17:06:01.029+0000] {processor.py:925} INFO - DAG(s) 'example_xcom_args', 'example_xcom_args_with_operators' retrieved from /home/airflow/.local/lib/python3.12/site-packages/airflow/example_dags/example_xcomargs.py
[2024-11-14T17:06:01.158+0000] {logging_mixin.py:190} INFO - [2024-11-14T17:06:01.155+0000] {dag.py:3239} INFO - Sync 2 DAGs
[2024-11-14T17:06:01.230+0000] {logging_mixin.py:190} INFO - [2024-11-14T17:06:01.230+0000] {dag.py:4180} INFO - Setting next_dagrun for example_xcom_args to None, run_after=None
[2024-11-14T17:06:01.262+0000] {logging_mixin.py:190} INFO - [2024-11-14T17:06:01.257+0000] {dag.py:4180} INFO - Setting next_dagrun for example_xcom_args_with_operators to None, run_after=None
[2024-11-14T17:06:01.416+0000] {processor.py:208} INFO - Processing /home/airflow/.local/lib/python3.12/site-packages/airflow/example_dags/example_xcomargs.py took 0.634 seconds
[2024-11-14T17:06:56.524+0000] {processor.py:186} INFO - Started process (PID=396) to work on /home/airflow/.local/lib/python3.12/site-packages/airflow/example_dags/example_xcomargs.py
[2024-11-14T17:06:56.529+0000] {processor.py:914} INFO - Processing file /home/airflow/.local/lib/python3.12/site-packages/airflow/example_dags/example_xcomargs.py for tasks to queue
[2024-11-14T17:06:56.538+0000] {logging_mixin.py:190} INFO - [2024-11-14T17:06:56.534+0000] {dagbag.py:588} INFO - Filling up the DagBag from /home/airflow/.local/lib/python3.12/site-packages/airflow/example_dags/example_xcomargs.py
[2024-11-14T17:06:56.893+0000] {processor.py:925} INFO - DAG(s) 'example_xcom_args_with_operators', 'example_xcom_args' retrieved from /home/airflow/.local/lib/python3.12/site-packages/airflow/example_dags/example_xcomargs.py
[2024-11-14T18:04:48.198+0000] {processor.py:186} INFO - Started process (PID=129) to work on /home/airflow/.local/lib/python3.12/site-packages/airflow/example_dags/example_xcomargs.py
[2024-11-14T18:04:48.201+0000] {processor.py:914} INFO - Processing file /home/airflow/.local/lib/python3.12/site-packages/airflow/example_dags/example_xcomargs.py for tasks to queue
[2024-11-14T18:04:48.206+0000] {logging_mixin.py:190} INFO - [2024-11-14T18:04:48.206+0000] {dagbag.py:588} INFO - Filling up the DagBag from /home/airflow/.local/lib/python3.12/site-packages/airflow/example_dags/example_xcomargs.py
[2024-11-14T18:04:48.246+0000] {processor.py:925} INFO - DAG(s) 'example_xcom_args', 'example_xcom_args_with_operators' retrieved from /home/airflow/.local/lib/python3.12/site-packages/airflow/example_dags/example_xcomargs.py
[2024-11-14T18:04:48.312+0000] {logging_mixin.py:190} INFO - [2024-11-14T18:04:48.312+0000] {dag.py:3239} INFO - Sync 2 DAGs
[2024-11-14T18:04:48.356+0000] {logging_mixin.py:190} INFO - [2024-11-14T18:04:48.356+0000] {dag.py:4180} INFO - Setting next_dagrun for example_xcom_args to None, run_after=None
[2024-11-14T18:04:48.366+0000] {logging_mixin.py:190} INFO - [2024-11-14T18:04:48.366+0000] {dag.py:4180} INFO - Setting next_dagrun for example_xcom_args_with_operators to None, run_after=None
[2024-11-14T18:04:48.416+0000] {processor.py:208} INFO - Processing /home/airflow/.local/lib/python3.12/site-packages/airflow/example_dags/example_xcomargs.py took 0.232 seconds
[2024-11-14T18:47:43.509+0000] {processor.py:186} INFO - Started process (PID=127) to work on /home/airflow/.local/lib/python3.12/site-packages/airflow/example_dags/example_xcomargs.py
[2024-11-14T18:47:43.512+0000] {processor.py:914} INFO - Processing file /home/airflow/.local/lib/python3.12/site-packages/airflow/example_dags/example_xcomargs.py for tasks to queue
[2024-11-14T18:47:43.518+0000] {logging_mixin.py:190} INFO - [2024-11-14T18:47:43.517+0000] {dagbag.py:588} INFO - Filling up the DagBag from /home/airflow/.local/lib/python3.12/site-packages/airflow/example_dags/example_xcomargs.py
[2024-11-14T18:47:43.546+0000] {processor.py:925} INFO - DAG(s) 'example_xcom_args_with_operators', 'example_xcom_args' retrieved from /home/airflow/.local/lib/python3.12/site-packages/airflow/example_dags/example_xcomargs.py
[2024-11-14T18:47:43.623+0000] {logging_mixin.py:190} INFO - [2024-11-14T18:47:43.622+0000] {dag.py:3239} INFO - Sync 2 DAGs
[2024-11-14T18:47:43.697+0000] {logging_mixin.py:190} INFO - [2024-11-14T18:47:43.694+0000] {dag.py:4180} INFO - Setting next_dagrun for example_xcom_args to None, run_after=None
[2024-11-14T18:47:43.708+0000] {logging_mixin.py:190} INFO - [2024-11-14T18:47:43.707+0000] {dag.py:4180} INFO - Setting next_dagrun for example_xcom_args_with_operators to None, run_after=None
[2024-11-14T18:47:43.758+0000] {processor.py:208} INFO - Processing /home/airflow/.local/lib/python3.12/site-packages/airflow/example_dags/example_xcomargs.py took 0.266 seconds
[2024-11-14T19:19:17.731+0000] {processor.py:186} INFO - Started process (PID=86) to work on /home/airflow/.local/lib/python3.12/site-packages/airflow/example_dags/example_xcomargs.py
[2024-11-14T19:19:17.734+0000] {processor.py:914} INFO - Processing file /home/airflow/.local/lib/python3.12/site-packages/airflow/example_dags/example_xcomargs.py for tasks to queue
[2024-11-14T19:19:17.741+0000] {logging_mixin.py:190} INFO - [2024-11-14T19:19:17.738+0000] {dagbag.py:588} INFO - Filling up the DagBag from /home/airflow/.local/lib/python3.12/site-packages/airflow/example_dags/example_xcomargs.py
[2024-11-14T19:19:17.844+0000] {processor.py:925} INFO - DAG(s) 'example_xcom_args', 'example_xcom_args_with_operators' retrieved from /home/airflow/.local/lib/python3.12/site-packages/airflow/example_dags/example_xcomargs.py
[2024-11-14T19:40:19.727+0000] {processor.py:186} INFO - Started process (PID=110) to work on /home/airflow/.local/lib/python3.12/site-packages/airflow/example_dags/example_xcomargs.py
[2024-11-14T19:40:19.729+0000] {processor.py:914} INFO - Processing file /home/airflow/.local/lib/python3.12/site-packages/airflow/example_dags/example_xcomargs.py for tasks to queue
[2024-11-14T19:40:19.736+0000] {logging_mixin.py:190} INFO - [2024-11-14T19:40:19.734+0000] {dagbag.py:588} INFO - Filling up the DagBag from /home/airflow/.local/lib/python3.12/site-packages/airflow/example_dags/example_xcomargs.py
[2024-11-14T19:40:19.780+0000] {processor.py:925} INFO - DAG(s) 'example_xcom_args', 'example_xcom_args_with_operators' retrieved from /home/airflow/.local/lib/python3.12/site-packages/airflow/example_dags/example_xcomargs.py
[2024-11-14T19:40:19.955+0000] {logging_mixin.py:190} INFO - [2024-11-14T19:40:19.954+0000] {dag.py:3239} INFO - Sync 2 DAGs
[2024-11-14T19:40:20.021+0000] {logging_mixin.py:190} INFO - [2024-11-14T19:40:20.020+0000] {dag.py:4180} INFO - Setting next_dagrun for example_xcom_args to None, run_after=None
[2024-11-14T19:40:20.031+0000] {logging_mixin.py:190} INFO - [2024-11-14T19:40:20.030+0000] {dag.py:4180} INFO - Setting next_dagrun for example_xcom_args_with_operators to None, run_after=None
[2024-11-14T19:40:20.108+0000] {processor.py:208} INFO - Processing /home/airflow/.local/lib/python3.12/site-packages/airflow/example_dags/example_xcomargs.py took 0.401 seconds
