[2024-11-14T16:58:46.187+0000] {processor.py:186} INFO - Started process (PID=106) to work on /home/airflow/.local/lib/python3.12/site-packages/airflow/example_dags/example_branch_python_dop_operator_3.py
[2024-11-14T16:58:46.201+0000] {processor.py:914} INFO - Processing file /home/airflow/.local/lib/python3.12/site-packages/airflow/example_dags/example_branch_python_dop_operator_3.py for tasks to queue
[2024-11-14T16:58:46.558+0000] {logging_mixin.py:190} INFO - [2024-11-14T16:58:46.556+0000] {dagbag.py:588} INFO - Filling up the DagBag from /home/airflow/.local/lib/python3.12/site-packages/airflow/example_dags/example_branch_python_dop_operator_3.py
[2024-11-14T16:58:46.796+0000] {processor.py:925} INFO - DAG(s) 'example_branch_dop_operator_v3' retrieved from /home/airflow/.local/lib/python3.12/site-packages/airflow/example_dags/example_branch_python_dop_operator_3.py
[2024-11-14T16:58:47.134+0000] {logging_mixin.py:190} INFO - [2024-11-14T16:58:47.134+0000] {dag.py:3239} INFO - Sync 1 DAGs
[2024-11-14T16:58:48.817+0000] {logging_mixin.py:190} INFO - [2024-11-14T16:58:48.810+0000] {dag.py:4180} INFO - Setting next_dagrun for example_branch_dop_operator_v3 to 2024-11-14 16:57:00+00:00, run_after=2024-11-14 16:58:00+00:00
[2024-11-14T16:58:49.745+0000] {processor.py:208} INFO - Processing /home/airflow/.local/lib/python3.12/site-packages/airflow/example_dags/example_branch_python_dop_operator_3.py took 3.772 seconds
[2024-11-14T17:02:53.108+0000] {processor.py:186} INFO - Started process (PID=51) to work on /home/airflow/.local/lib/python3.12/site-packages/airflow/example_dags/example_branch_python_dop_operator_3.py
[2024-11-14T17:02:53.110+0000] {processor.py:914} INFO - Processing file /home/airflow/.local/lib/python3.12/site-packages/airflow/example_dags/example_branch_python_dop_operator_3.py for tasks to queue
[2024-11-14T17:02:53.118+0000] {logging_mixin.py:190} INFO - [2024-11-14T17:02:53.117+0000] {dagbag.py:588} INFO - Filling up the DagBag from /home/airflow/.local/lib/python3.12/site-packages/airflow/example_dags/example_branch_python_dop_operator_3.py
[2024-11-14T17:02:53.135+0000] {processor.py:925} INFO - DAG(s) 'example_branch_dop_operator_v3' retrieved from /home/airflow/.local/lib/python3.12/site-packages/airflow/example_dags/example_branch_python_dop_operator_3.py
[2024-11-14T17:02:53.197+0000] {logging_mixin.py:190} INFO - [2024-11-14T17:02:53.195+0000] {dag.py:3239} INFO - Sync 1 DAGs
[2024-11-14T17:02:53.257+0000] {logging_mixin.py:190} INFO - [2024-11-14T17:02:53.257+0000] {dag.py:4180} INFO - Setting next_dagrun for example_branch_dop_operator_v3 to 2024-11-14 17:01:00+00:00, run_after=2024-11-14 17:02:00+00:00
[2024-11-14T17:02:53.294+0000] {processor.py:208} INFO - Processing /home/airflow/.local/lib/python3.12/site-packages/airflow/example_dags/example_branch_python_dop_operator_3.py took 0.194 seconds
[2024-11-14T17:03:24.633+0000] {processor.py:186} INFO - Started process (PID=119) to work on /home/airflow/.local/lib/python3.12/site-packages/airflow/example_dags/example_branch_python_dop_operator_3.py
[2024-11-14T17:03:24.636+0000] {processor.py:914} INFO - Processing file /home/airflow/.local/lib/python3.12/site-packages/airflow/example_dags/example_branch_python_dop_operator_3.py for tasks to queue
[2024-11-14T17:03:24.640+0000] {logging_mixin.py:190} INFO - [2024-11-14T17:03:24.640+0000] {dagbag.py:588} INFO - Filling up the DagBag from /home/airflow/.local/lib/python3.12/site-packages/airflow/example_dags/example_branch_python_dop_operator_3.py
[2024-11-14T17:03:24.657+0000] {processor.py:925} INFO - DAG(s) 'example_branch_dop_operator_v3' retrieved from /home/airflow/.local/lib/python3.12/site-packages/airflow/example_dags/example_branch_python_dop_operator_3.py
[2024-11-14T17:03:24.695+0000] {logging_mixin.py:190} INFO - [2024-11-14T17:03:24.694+0000] {dag.py:3239} INFO - Sync 1 DAGs
[2024-11-14T17:03:24.752+0000] {logging_mixin.py:190} INFO - [2024-11-14T17:03:24.752+0000] {dag.py:4180} INFO - Setting next_dagrun for example_branch_dop_operator_v3 to 2024-11-14 17:02:00+00:00, run_after=2024-11-14 17:03:00+00:00
[2024-11-14T17:03:24.794+0000] {processor.py:208} INFO - Processing /home/airflow/.local/lib/python3.12/site-packages/airflow/example_dags/example_branch_python_dop_operator_3.py took 0.172 seconds
[2024-11-14T17:04:06.386+0000] {processor.py:186} INFO - Started process (PID=180) to work on /home/airflow/.local/lib/python3.12/site-packages/airflow/example_dags/example_branch_python_dop_operator_3.py
[2024-11-14T17:04:06.388+0000] {processor.py:914} INFO - Processing file /home/airflow/.local/lib/python3.12/site-packages/airflow/example_dags/example_branch_python_dop_operator_3.py for tasks to queue
[2024-11-14T17:04:06.394+0000] {logging_mixin.py:190} INFO - [2024-11-14T17:04:06.392+0000] {dagbag.py:588} INFO - Filling up the DagBag from /home/airflow/.local/lib/python3.12/site-packages/airflow/example_dags/example_branch_python_dop_operator_3.py
[2024-11-14T17:04:06.431+0000] {processor.py:925} INFO - DAG(s) 'example_branch_dop_operator_v3' retrieved from /home/airflow/.local/lib/python3.12/site-packages/airflow/example_dags/example_branch_python_dop_operator_3.py
[2024-11-14T17:04:06.605+0000] {logging_mixin.py:190} INFO - [2024-11-14T17:04:06.605+0000] {dag.py:3239} INFO - Sync 1 DAGs
[2024-11-14T17:04:07.534+0000] {logging_mixin.py:190} INFO - [2024-11-14T17:04:07.534+0000] {dag.py:4180} INFO - Setting next_dagrun for example_branch_dop_operator_v3 to 2024-11-14 17:03:00+00:00, run_after=2024-11-14 17:04:00+00:00
[2024-11-14T17:04:07.632+0000] {processor.py:208} INFO - Processing /home/airflow/.local/lib/python3.12/site-packages/airflow/example_dags/example_branch_python_dop_operator_3.py took 1.270 seconds
[2024-11-14T17:04:38.061+0000] {processor.py:186} INFO - Started process (PID=242) to work on /home/airflow/.local/lib/python3.12/site-packages/airflow/example_dags/example_branch_python_dop_operator_3.py
[2024-11-14T17:04:38.065+0000] {processor.py:914} INFO - Processing file /home/airflow/.local/lib/python3.12/site-packages/airflow/example_dags/example_branch_python_dop_operator_3.py for tasks to queue
[2024-11-14T17:04:38.077+0000] {logging_mixin.py:190} INFO - [2024-11-14T17:04:38.077+0000] {dagbag.py:588} INFO - Filling up the DagBag from /home/airflow/.local/lib/python3.12/site-packages/airflow/example_dags/example_branch_python_dop_operator_3.py
[2024-11-14T17:04:38.111+0000] {processor.py:925} INFO - DAG(s) 'example_branch_dop_operator_v3' retrieved from /home/airflow/.local/lib/python3.12/site-packages/airflow/example_dags/example_branch_python_dop_operator_3.py
[2024-11-14T17:04:38.171+0000] {logging_mixin.py:190} INFO - [2024-11-14T17:04:38.170+0000] {dag.py:3239} INFO - Sync 1 DAGs
[2024-11-14T17:04:38.235+0000] {logging_mixin.py:190} INFO - [2024-11-14T17:04:38.234+0000] {dag.py:4180} INFO - Setting next_dagrun for example_branch_dop_operator_v3 to 2024-11-14 17:03:00+00:00, run_after=2024-11-14 17:04:00+00:00
[2024-11-14T17:04:38.280+0000] {processor.py:208} INFO - Processing /home/airflow/.local/lib/python3.12/site-packages/airflow/example_dags/example_branch_python_dop_operator_3.py took 0.238 seconds
[2024-11-14T17:05:48.991+0000] {processor.py:186} INFO - Started process (PID=304) to work on /home/airflow/.local/lib/python3.12/site-packages/airflow/example_dags/example_branch_python_dop_operator_3.py
[2024-11-14T17:05:49.012+0000] {processor.py:914} INFO - Processing file /home/airflow/.local/lib/python3.12/site-packages/airflow/example_dags/example_branch_python_dop_operator_3.py for tasks to queue
[2024-11-14T17:05:49.044+0000] {logging_mixin.py:190} INFO - [2024-11-14T17:05:49.038+0000] {dagbag.py:588} INFO - Filling up the DagBag from /home/airflow/.local/lib/python3.12/site-packages/airflow/example_dags/example_branch_python_dop_operator_3.py
[2024-11-14T17:05:49.153+0000] {processor.py:925} INFO - DAG(s) 'example_branch_dop_operator_v3' retrieved from /home/airflow/.local/lib/python3.12/site-packages/airflow/example_dags/example_branch_python_dop_operator_3.py
[2024-11-14T17:05:49.255+0000] {logging_mixin.py:190} INFO - [2024-11-14T17:05:49.255+0000] {dag.py:3239} INFO - Sync 1 DAGs
[2024-11-14T17:05:49.396+0000] {logging_mixin.py:190} INFO - [2024-11-14T17:05:49.396+0000] {dag.py:4180} INFO - Setting next_dagrun for example_branch_dop_operator_v3 to 2024-11-14 17:04:00+00:00, run_after=2024-11-14 17:05:00+00:00
[2024-11-14T17:05:49.459+0000] {processor.py:208} INFO - Processing /home/airflow/.local/lib/python3.12/site-packages/airflow/example_dags/example_branch_python_dop_operator_3.py took 0.503 seconds
[2024-11-14T17:06:20.458+0000] {processor.py:186} INFO - Started process (PID=365) to work on /home/airflow/.local/lib/python3.12/site-packages/airflow/example_dags/example_branch_python_dop_operator_3.py
[2024-11-14T17:06:20.460+0000] {processor.py:914} INFO - Processing file /home/airflow/.local/lib/python3.12/site-packages/airflow/example_dags/example_branch_python_dop_operator_3.py for tasks to queue
[2024-11-14T17:06:20.466+0000] {logging_mixin.py:190} INFO - [2024-11-14T17:06:20.465+0000] {dagbag.py:588} INFO - Filling up the DagBag from /home/airflow/.local/lib/python3.12/site-packages/airflow/example_dags/example_branch_python_dop_operator_3.py
[2024-11-14T17:06:20.493+0000] {processor.py:925} INFO - DAG(s) 'example_branch_dop_operator_v3' retrieved from /home/airflow/.local/lib/python3.12/site-packages/airflow/example_dags/example_branch_python_dop_operator_3.py
[2024-11-14T17:06:20.544+0000] {logging_mixin.py:190} INFO - [2024-11-14T17:06:20.543+0000] {dag.py:3239} INFO - Sync 1 DAGs
[2024-11-14T17:06:20.603+0000] {logging_mixin.py:190} INFO - [2024-11-14T17:06:20.602+0000] {dag.py:4180} INFO - Setting next_dagrun for example_branch_dop_operator_v3 to 2024-11-14 17:05:00+00:00, run_after=2024-11-14 17:06:00+00:00
[2024-11-14T17:06:20.645+0000] {processor.py:208} INFO - Processing /home/airflow/.local/lib/python3.12/site-packages/airflow/example_dags/example_branch_python_dop_operator_3.py took 0.207 seconds
[2024-11-14T17:19:45.867+0000] {processor.py:186} INFO - Started process (PID=70) to work on /home/airflow/.local/lib/python3.12/site-packages/airflow/example_dags/example_branch_python_dop_operator_3.py
[2024-11-14T17:19:45.917+0000] {processor.py:914} INFO - Processing file /home/airflow/.local/lib/python3.12/site-packages/airflow/example_dags/example_branch_python_dop_operator_3.py for tasks to queue
[2024-11-14T17:19:46.858+0000] {logging_mixin.py:190} INFO - [2024-11-14T17:19:46.172+0000] {dagbag.py:588} INFO - Filling up the DagBag from /home/airflow/.local/lib/python3.12/site-packages/airflow/example_dags/example_branch_python_dop_operator_3.py
[2024-11-14T17:19:54.250+0000] {processor.py:925} INFO - DAG(s) 'example_branch_dop_operator_v3' retrieved from /home/airflow/.local/lib/python3.12/site-packages/airflow/example_dags/example_branch_python_dop_operator_3.py
[2024-11-14T17:31:42.984+0000] {processor.py:186} INFO - Started process (PID=76) to work on /home/airflow/.local/lib/python3.12/site-packages/airflow/example_dags/example_branch_python_dop_operator_3.py
[2024-11-14T17:31:42.988+0000] {processor.py:914} INFO - Processing file /home/airflow/.local/lib/python3.12/site-packages/airflow/example_dags/example_branch_python_dop_operator_3.py for tasks to queue
[2024-11-14T17:31:42.996+0000] {logging_mixin.py:190} INFO - [2024-11-14T17:31:42.995+0000] {dagbag.py:588} INFO - Filling up the DagBag from /home/airflow/.local/lib/python3.12/site-packages/airflow/example_dags/example_branch_python_dop_operator_3.py
[2024-11-14T17:31:43.024+0000] {processor.py:925} INFO - DAG(s) 'example_branch_dop_operator_v3' retrieved from /home/airflow/.local/lib/python3.12/site-packages/airflow/example_dags/example_branch_python_dop_operator_3.py
[2024-11-14T17:31:43.333+0000] {logging_mixin.py:190} INFO - [2024-11-14T17:31:43.332+0000] {dag.py:3239} INFO - Sync 1 DAGs
[2024-11-14T17:31:43.449+0000] {logging_mixin.py:190} INFO - [2024-11-14T17:31:43.449+0000] {dag.py:4180} INFO - Setting next_dagrun for example_branch_dop_operator_v3 to 2024-11-14 17:30:00+00:00, run_after=2024-11-14 17:31:00+00:00
[2024-11-14T17:31:43.510+0000] {processor.py:208} INFO - Processing /home/airflow/.local/lib/python3.12/site-packages/airflow/example_dags/example_branch_python_dop_operator_3.py took 0.539 seconds
[2024-11-14T17:39:08.295+0000] {processor.py:186} INFO - Started process (PID=52) to work on /home/airflow/.local/lib/python3.12/site-packages/airflow/example_dags/example_branch_python_dop_operator_3.py
[2024-11-14T17:39:08.297+0000] {processor.py:914} INFO - Processing file /home/airflow/.local/lib/python3.12/site-packages/airflow/example_dags/example_branch_python_dop_operator_3.py for tasks to queue
[2024-11-14T17:39:08.306+0000] {logging_mixin.py:190} INFO - [2024-11-14T17:39:08.305+0000] {dagbag.py:588} INFO - Filling up the DagBag from /home/airflow/.local/lib/python3.12/site-packages/airflow/example_dags/example_branch_python_dop_operator_3.py
[2024-11-14T17:39:08.336+0000] {processor.py:925} INFO - DAG(s) 'example_branch_dop_operator_v3' retrieved from /home/airflow/.local/lib/python3.12/site-packages/airflow/example_dags/example_branch_python_dop_operator_3.py
[2024-11-14T17:39:08.654+0000] {logging_mixin.py:190} INFO - [2024-11-14T17:39:08.640+0000] {dag.py:3239} INFO - Sync 1 DAGs
[2024-11-14T17:39:08.769+0000] {logging_mixin.py:190} INFO - [2024-11-14T17:39:08.768+0000] {dag.py:4180} INFO - Setting next_dagrun for example_branch_dop_operator_v3 to 2024-11-14 17:38:00+00:00, run_after=2024-11-14 17:39:00+00:00
[2024-11-14T17:39:08.871+0000] {processor.py:208} INFO - Processing /home/airflow/.local/lib/python3.12/site-packages/airflow/example_dags/example_branch_python_dop_operator_3.py took 0.592 seconds
[2024-11-14T17:47:42.151+0000] {processor.py:186} INFO - Started process (PID=69) to work on /home/airflow/.local/lib/python3.12/site-packages/airflow/example_dags/example_branch_python_dop_operator_3.py
[2024-11-14T17:47:42.154+0000] {processor.py:914} INFO - Processing file /home/airflow/.local/lib/python3.12/site-packages/airflow/example_dags/example_branch_python_dop_operator_3.py for tasks to queue
[2024-11-14T17:47:42.169+0000] {logging_mixin.py:190} INFO - [2024-11-14T17:47:42.165+0000] {dagbag.py:588} INFO - Filling up the DagBag from /home/airflow/.local/lib/python3.12/site-packages/airflow/example_dags/example_branch_python_dop_operator_3.py
[2024-11-14T17:47:42.199+0000] {processor.py:925} INFO - DAG(s) 'example_branch_dop_operator_v3' retrieved from /home/airflow/.local/lib/python3.12/site-packages/airflow/example_dags/example_branch_python_dop_operator_3.py
[2024-11-14T17:47:42.279+0000] {logging_mixin.py:190} INFO - [2024-11-14T17:47:42.279+0000] {dag.py:3239} INFO - Sync 1 DAGs
[2024-11-14T17:47:42.350+0000] {logging_mixin.py:190} INFO - [2024-11-14T17:47:42.349+0000] {dag.py:4180} INFO - Setting next_dagrun for example_branch_dop_operator_v3 to 2024-11-14 17:46:00+00:00, run_after=2024-11-14 17:47:00+00:00
[2024-11-14T17:47:42.405+0000] {processor.py:208} INFO - Processing /home/airflow/.local/lib/python3.12/site-packages/airflow/example_dags/example_branch_python_dop_operator_3.py took 0.275 seconds
[2024-11-14T18:02:18.740+0000] {processor.py:186} INFO - Started process (PID=72) to work on /home/airflow/.local/lib/python3.12/site-packages/airflow/example_dags/example_branch_python_dop_operator_3.py
[2024-11-14T18:02:18.742+0000] {processor.py:914} INFO - Processing file /home/airflow/.local/lib/python3.12/site-packages/airflow/example_dags/example_branch_python_dop_operator_3.py for tasks to queue
[2024-11-14T18:02:18.748+0000] {logging_mixin.py:190} INFO - [2024-11-14T18:02:18.747+0000] {dagbag.py:588} INFO - Filling up the DagBag from /home/airflow/.local/lib/python3.12/site-packages/airflow/example_dags/example_branch_python_dop_operator_3.py
[2024-11-14T18:02:18.769+0000] {processor.py:925} INFO - DAG(s) 'example_branch_dop_operator_v3' retrieved from /home/airflow/.local/lib/python3.12/site-packages/airflow/example_dags/example_branch_python_dop_operator_3.py
[2024-11-14T18:02:18.815+0000] {logging_mixin.py:190} INFO - [2024-11-14T18:02:18.815+0000] {dag.py:3239} INFO - Sync 1 DAGs
[2024-11-14T18:02:18.897+0000] {logging_mixin.py:190} INFO - [2024-11-14T18:02:18.897+0000] {dag.py:4180} INFO - Setting next_dagrun for example_branch_dop_operator_v3 to 2024-11-14 18:01:00+00:00, run_after=2024-11-14 18:02:00+00:00
[2024-11-14T18:02:18.962+0000] {processor.py:208} INFO - Processing /home/airflow/.local/lib/python3.12/site-packages/airflow/example_dags/example_branch_python_dop_operator_3.py took 0.241 seconds
[2024-11-14T18:04:41.041+0000] {processor.py:186} INFO - Started process (PID=99) to work on /home/airflow/.local/lib/python3.12/site-packages/airflow/example_dags/example_branch_python_dop_operator_3.py
[2024-11-14T18:04:41.043+0000] {processor.py:914} INFO - Processing file /home/airflow/.local/lib/python3.12/site-packages/airflow/example_dags/example_branch_python_dop_operator_3.py for tasks to queue
[2024-11-14T18:04:41.049+0000] {logging_mixin.py:190} INFO - [2024-11-14T18:04:41.049+0000] {dagbag.py:588} INFO - Filling up the DagBag from /home/airflow/.local/lib/python3.12/site-packages/airflow/example_dags/example_branch_python_dop_operator_3.py
[2024-11-14T18:04:41.072+0000] {processor.py:925} INFO - DAG(s) 'example_branch_dop_operator_v3' retrieved from /home/airflow/.local/lib/python3.12/site-packages/airflow/example_dags/example_branch_python_dop_operator_3.py
[2024-11-14T18:04:41.152+0000] {logging_mixin.py:190} INFO - [2024-11-14T18:04:41.151+0000] {dag.py:3239} INFO - Sync 1 DAGs
[2024-11-14T18:04:41.224+0000] {logging_mixin.py:190} INFO - [2024-11-14T18:04:41.224+0000] {dag.py:4180} INFO - Setting next_dagrun for example_branch_dop_operator_v3 to 2024-11-14 18:03:00+00:00, run_after=2024-11-14 18:04:00+00:00
[2024-11-14T18:04:41.294+0000] {processor.py:208} INFO - Processing /home/airflow/.local/lib/python3.12/site-packages/airflow/example_dags/example_branch_python_dop_operator_3.py took 0.266 seconds
[2024-11-14T18:08:04.878+0000] {processor.py:186} INFO - Started process (PID=156) to work on /home/airflow/.local/lib/python3.12/site-packages/airflow/example_dags/example_branch_python_dop_operator_3.py
[2024-11-14T18:08:04.880+0000] {processor.py:914} INFO - Processing file /home/airflow/.local/lib/python3.12/site-packages/airflow/example_dags/example_branch_python_dop_operator_3.py for tasks to queue
[2024-11-14T18:08:04.885+0000] {logging_mixin.py:190} INFO - [2024-11-14T18:08:04.884+0000] {dagbag.py:588} INFO - Filling up the DagBag from /home/airflow/.local/lib/python3.12/site-packages/airflow/example_dags/example_branch_python_dop_operator_3.py
[2024-11-14T18:08:04.917+0000] {processor.py:925} INFO - DAG(s) 'example_branch_dop_operator_v3' retrieved from /home/airflow/.local/lib/python3.12/site-packages/airflow/example_dags/example_branch_python_dop_operator_3.py
[2024-11-14T18:08:04.963+0000] {logging_mixin.py:190} INFO - [2024-11-14T18:08:04.962+0000] {dag.py:3239} INFO - Sync 1 DAGs
[2024-11-14T18:08:05.012+0000] {logging_mixin.py:190} INFO - [2024-11-14T18:08:05.012+0000] {dag.py:4180} INFO - Setting next_dagrun for example_branch_dop_operator_v3 to 2024-11-14 18:07:00+00:00, run_after=2024-11-14 18:08:00+00:00
[2024-11-14T18:08:05.068+0000] {processor.py:208} INFO - Processing /home/airflow/.local/lib/python3.12/site-packages/airflow/example_dags/example_branch_python_dop_operator_3.py took 0.202 seconds
[2024-11-14T18:19:34.911+0000] {processor.py:186} INFO - Started process (PID=87) to work on /home/airflow/.local/lib/python3.12/site-packages/airflow/example_dags/example_branch_python_dop_operator_3.py
[2024-11-14T18:19:34.921+0000] {processor.py:914} INFO - Processing file /home/airflow/.local/lib/python3.12/site-packages/airflow/example_dags/example_branch_python_dop_operator_3.py for tasks to queue
[2024-11-14T18:19:34.929+0000] {logging_mixin.py:190} INFO - [2024-11-14T18:19:34.926+0000] {dagbag.py:588} INFO - Filling up the DagBag from /home/airflow/.local/lib/python3.12/site-packages/airflow/example_dags/example_branch_python_dop_operator_3.py
[2024-11-14T18:19:35.101+0000] {processor.py:925} INFO - DAG(s) 'example_branch_dop_operator_v3' retrieved from /home/airflow/.local/lib/python3.12/site-packages/airflow/example_dags/example_branch_python_dop_operator_3.py
[2024-11-14T18:35:25.609+0000] {processor.py:186} INFO - Started process (PID=70) to work on /home/airflow/.local/lib/python3.12/site-packages/airflow/example_dags/example_branch_python_dop_operator_3.py
[2024-11-14T18:35:25.611+0000] {processor.py:914} INFO - Processing file /home/airflow/.local/lib/python3.12/site-packages/airflow/example_dags/example_branch_python_dop_operator_3.py for tasks to queue
[2024-11-14T18:35:25.623+0000] {logging_mixin.py:190} INFO - [2024-11-14T18:35:25.622+0000] {dagbag.py:588} INFO - Filling up the DagBag from /home/airflow/.local/lib/python3.12/site-packages/airflow/example_dags/example_branch_python_dop_operator_3.py
[2024-11-14T18:35:25.652+0000] {processor.py:925} INFO - DAG(s) 'example_branch_dop_operator_v3' retrieved from /home/airflow/.local/lib/python3.12/site-packages/airflow/example_dags/example_branch_python_dop_operator_3.py
[2024-11-14T18:35:25.735+0000] {logging_mixin.py:190} INFO - [2024-11-14T18:35:25.733+0000] {dag.py:3239} INFO - Sync 1 DAGs
[2024-11-14T18:35:25.825+0000] {logging_mixin.py:190} INFO - [2024-11-14T18:35:25.825+0000] {dag.py:4180} INFO - Setting next_dagrun for example_branch_dop_operator_v3 to 2024-11-14 18:34:00+00:00, run_after=2024-11-14 18:35:00+00:00
[2024-11-14T18:35:25.892+0000] {processor.py:208} INFO - Processing /home/airflow/.local/lib/python3.12/site-packages/airflow/example_dags/example_branch_python_dop_operator_3.py took 0.302 seconds
[2024-11-14T18:42:36.937+0000] {processor.py:186} INFO - Started process (PID=79) to work on /home/airflow/.local/lib/python3.12/site-packages/airflow/example_dags/example_branch_python_dop_operator_3.py
[2024-11-14T18:42:36.940+0000] {processor.py:914} INFO - Processing file /home/airflow/.local/lib/python3.12/site-packages/airflow/example_dags/example_branch_python_dop_operator_3.py for tasks to queue
[2024-11-14T18:42:36.945+0000] {logging_mixin.py:190} INFO - [2024-11-14T18:42:36.943+0000] {dagbag.py:588} INFO - Filling up the DagBag from /home/airflow/.local/lib/python3.12/site-packages/airflow/example_dags/example_branch_python_dop_operator_3.py
[2024-11-14T18:42:36.994+0000] {processor.py:925} INFO - DAG(s) 'example_branch_dop_operator_v3' retrieved from /home/airflow/.local/lib/python3.12/site-packages/airflow/example_dags/example_branch_python_dop_operator_3.py
[2024-11-14T18:47:36.891+0000] {processor.py:186} INFO - Started process (PID=97) to work on /home/airflow/.local/lib/python3.12/site-packages/airflow/example_dags/example_branch_python_dop_operator_3.py
[2024-11-14T18:47:36.894+0000] {processor.py:914} INFO - Processing file /home/airflow/.local/lib/python3.12/site-packages/airflow/example_dags/example_branch_python_dop_operator_3.py for tasks to queue
[2024-11-14T18:47:36.901+0000] {logging_mixin.py:190} INFO - [2024-11-14T18:47:36.900+0000] {dagbag.py:588} INFO - Filling up the DagBag from /home/airflow/.local/lib/python3.12/site-packages/airflow/example_dags/example_branch_python_dop_operator_3.py
[2024-11-14T18:47:36.925+0000] {processor.py:925} INFO - DAG(s) 'example_branch_dop_operator_v3' retrieved from /home/airflow/.local/lib/python3.12/site-packages/airflow/example_dags/example_branch_python_dop_operator_3.py
[2024-11-14T18:47:37.205+0000] {logging_mixin.py:190} INFO - [2024-11-14T18:47:37.204+0000] {dag.py:3239} INFO - Sync 1 DAGs
[2024-11-14T18:47:37.261+0000] {logging_mixin.py:190} INFO - [2024-11-14T18:47:37.261+0000] {dag.py:4180} INFO - Setting next_dagrun for example_branch_dop_operator_v3 to 2024-11-14 18:46:00+00:00, run_after=2024-11-14 18:47:00+00:00
[2024-11-14T18:47:37.309+0000] {processor.py:208} INFO - Processing /home/airflow/.local/lib/python3.12/site-packages/airflow/example_dags/example_branch_python_dop_operator_3.py took 0.430 seconds
[2024-11-14T19:01:35.392+0000] {processor.py:186} INFO - Started process (PID=77) to work on /home/airflow/.local/lib/python3.12/site-packages/airflow/example_dags/example_branch_python_dop_operator_3.py
[2024-11-14T19:01:35.395+0000] {processor.py:914} INFO - Processing file /home/airflow/.local/lib/python3.12/site-packages/airflow/example_dags/example_branch_python_dop_operator_3.py for tasks to queue
[2024-11-14T19:01:35.402+0000] {logging_mixin.py:190} INFO - [2024-11-14T19:01:35.401+0000] {dagbag.py:588} INFO - Filling up the DagBag from /home/airflow/.local/lib/python3.12/site-packages/airflow/example_dags/example_branch_python_dop_operator_3.py
[2024-11-14T19:01:35.428+0000] {processor.py:925} INFO - DAG(s) 'example_branch_dop_operator_v3' retrieved from /home/airflow/.local/lib/python3.12/site-packages/airflow/example_dags/example_branch_python_dop_operator_3.py
[2024-11-14T19:01:35.483+0000] {logging_mixin.py:190} INFO - [2024-11-14T19:01:35.483+0000] {dag.py:3239} INFO - Sync 1 DAGs
[2024-11-14T19:01:35.546+0000] {logging_mixin.py:190} INFO - [2024-11-14T19:01:35.545+0000] {dag.py:4180} INFO - Setting next_dagrun for example_branch_dop_operator_v3 to 2024-11-14 19:00:00+00:00, run_after=2024-11-14 19:01:00+00:00
[2024-11-14T19:01:35.594+0000] {processor.py:208} INFO - Processing /home/airflow/.local/lib/python3.12/site-packages/airflow/example_dags/example_branch_python_dop_operator_3.py took 0.219 seconds
[2024-11-14T19:15:43.469+0000] {processor.py:186} INFO - Started process (PID=56) to work on /home/airflow/.local/lib/python3.12/site-packages/airflow/example_dags/example_branch_python_dop_operator_3.py
[2024-11-14T19:15:43.472+0000] {processor.py:914} INFO - Processing file /home/airflow/.local/lib/python3.12/site-packages/airflow/example_dags/example_branch_python_dop_operator_3.py for tasks to queue
[2024-11-14T19:15:43.477+0000] {logging_mixin.py:190} INFO - [2024-11-14T19:15:43.476+0000] {dagbag.py:588} INFO - Filling up the DagBag from /home/airflow/.local/lib/python3.12/site-packages/airflow/example_dags/example_branch_python_dop_operator_3.py
[2024-11-14T19:15:43.530+0000] {processor.py:925} INFO - DAG(s) 'example_branch_dop_operator_v3' retrieved from /home/airflow/.local/lib/python3.12/site-packages/airflow/example_dags/example_branch_python_dop_operator_3.py
[2024-11-14T19:15:44.046+0000] {logging_mixin.py:190} INFO - [2024-11-14T19:15:44.045+0000] {dag.py:3239} INFO - Sync 1 DAGs
[2024-11-14T19:15:44.133+0000] {logging_mixin.py:190} INFO - [2024-11-14T19:15:44.133+0000] {dag.py:4180} INFO - Setting next_dagrun for example_branch_dop_operator_v3 to 2024-11-14 19:14:00+00:00, run_after=2024-11-14 19:15:00+00:00
[2024-11-14T19:15:44.195+0000] {processor.py:208} INFO - Processing /home/airflow/.local/lib/python3.12/site-packages/airflow/example_dags/example_branch_python_dop_operator_3.py took 0.747 seconds
[2024-11-14T19:29:19.282+0000] {processor.py:186} INFO - Started process (PID=53) to work on /home/airflow/.local/lib/python3.12/site-packages/airflow/example_dags/example_branch_python_dop_operator_3.py
[2024-11-14T19:29:19.299+0000] {processor.py:914} INFO - Processing file /home/airflow/.local/lib/python3.12/site-packages/airflow/example_dags/example_branch_python_dop_operator_3.py for tasks to queue
[2024-11-14T19:29:19.305+0000] {logging_mixin.py:190} INFO - [2024-11-14T19:29:19.304+0000] {dagbag.py:588} INFO - Filling up the DagBag from /home/airflow/.local/lib/python3.12/site-packages/airflow/example_dags/example_branch_python_dop_operator_3.py
[2024-11-14T19:29:19.333+0000] {processor.py:925} INFO - DAG(s) 'example_branch_dop_operator_v3' retrieved from /home/airflow/.local/lib/python3.12/site-packages/airflow/example_dags/example_branch_python_dop_operator_3.py
[2024-11-14T19:29:19.451+0000] {logging_mixin.py:190} INFO - [2024-11-14T19:29:19.451+0000] {dag.py:3239} INFO - Sync 1 DAGs
[2024-11-14T19:29:19.535+0000] {logging_mixin.py:190} INFO - [2024-11-14T19:29:19.535+0000] {dag.py:4180} INFO - Setting next_dagrun for example_branch_dop_operator_v3 to 2024-11-14 19:28:00+00:00, run_after=2024-11-14 19:29:00+00:00
[2024-11-14T19:29:19.591+0000] {processor.py:208} INFO - Processing /home/airflow/.local/lib/python3.12/site-packages/airflow/example_dags/example_branch_python_dop_operator_3.py took 0.319 seconds
[2024-11-14T19:40:11.287+0000] {processor.py:186} INFO - Started process (PID=80) to work on /home/airflow/.local/lib/python3.12/site-packages/airflow/example_dags/example_branch_python_dop_operator_3.py
[2024-11-14T19:40:11.312+0000] {processor.py:914} INFO - Processing file /home/airflow/.local/lib/python3.12/site-packages/airflow/example_dags/example_branch_python_dop_operator_3.py for tasks to queue
[2024-11-14T19:40:11.319+0000] {logging_mixin.py:190} INFO - [2024-11-14T19:40:11.318+0000] {dagbag.py:588} INFO - Filling up the DagBag from /home/airflow/.local/lib/python3.12/site-packages/airflow/example_dags/example_branch_python_dop_operator_3.py
[2024-11-14T19:40:11.341+0000] {processor.py:925} INFO - DAG(s) 'example_branch_dop_operator_v3' retrieved from /home/airflow/.local/lib/python3.12/site-packages/airflow/example_dags/example_branch_python_dop_operator_3.py
[2024-11-14T19:40:11.400+0000] {logging_mixin.py:190} INFO - [2024-11-14T19:40:11.399+0000] {dag.py:3239} INFO - Sync 1 DAGs
[2024-11-14T19:40:11.478+0000] {logging_mixin.py:190} INFO - [2024-11-14T19:40:11.478+0000] {dag.py:4180} INFO - Setting next_dagrun for example_branch_dop_operator_v3 to 2024-11-14 19:39:00+00:00, run_after=2024-11-14 19:40:00+00:00
[2024-11-14T19:40:11.527+0000] {processor.py:208} INFO - Processing /home/airflow/.local/lib/python3.12/site-packages/airflow/example_dags/example_branch_python_dop_operator_3.py took 0.254 seconds
[2024-11-14T19:45:30.338+0000] {processor.py:186} INFO - Started process (PID=72) to work on /home/airflow/.local/lib/python3.12/site-packages/airflow/example_dags/example_branch_python_dop_operator_3.py
[2024-11-14T19:45:30.340+0000] {processor.py:914} INFO - Processing file /home/airflow/.local/lib/python3.12/site-packages/airflow/example_dags/example_branch_python_dop_operator_3.py for tasks to queue
[2024-11-14T19:45:30.345+0000] {logging_mixin.py:190} INFO - [2024-11-14T19:45:30.345+0000] {dagbag.py:588} INFO - Filling up the DagBag from /home/airflow/.local/lib/python3.12/site-packages/airflow/example_dags/example_branch_python_dop_operator_3.py
[2024-11-14T19:45:30.366+0000] {processor.py:925} INFO - DAG(s) 'example_branch_dop_operator_v3' retrieved from /home/airflow/.local/lib/python3.12/site-packages/airflow/example_dags/example_branch_python_dop_operator_3.py
[2024-11-14T19:45:30.405+0000] {logging_mixin.py:190} INFO - [2024-11-14T19:45:30.405+0000] {dag.py:3239} INFO - Sync 1 DAGs
[2024-11-14T19:45:30.468+0000] {logging_mixin.py:190} INFO - [2024-11-14T19:45:30.467+0000] {dag.py:4180} INFO - Setting next_dagrun for example_branch_dop_operator_v3 to 2024-11-14 19:44:00+00:00, run_after=2024-11-14 19:45:00+00:00
[2024-11-14T19:45:30.504+0000] {processor.py:208} INFO - Processing /home/airflow/.local/lib/python3.12/site-packages/airflow/example_dags/example_branch_python_dop_operator_3.py took 0.175 seconds
