[2024-11-14T17:03:02.803+0000] {processor.py:186} INFO - Started process (PID=91) to work on /home/airflow/.local/lib/python3.12/site-packages/airflow/example_dags/example_bash_operator.py
[2024-11-14T17:03:02.805+0000] {processor.py:914} INFO - Processing file /home/airflow/.local/lib/python3.12/site-packages/airflow/example_dags/example_bash_operator.py for tasks to queue
[2024-11-14T17:03:02.809+0000] {logging_mixin.py:190} INFO - [2024-11-14T17:03:02.809+0000] {dagbag.py:588} INFO - Filling up the DagBag from /home/airflow/.local/lib/python3.12/site-packages/airflow/example_dags/example_bash_operator.py
[2024-11-14T17:03:02.842+0000] {processor.py:925} INFO - DAG(s) 'example_bash_operator' retrieved from /home/airflow/.local/lib/python3.12/site-packages/airflow/example_dags/example_bash_operator.py
[2024-11-14T17:03:03.045+0000] {logging_mixin.py:190} INFO - [2024-11-14T17:03:03.044+0000] {override.py:1900} INFO - Created Permission View: can read on DAG:example_bash_operator
[2024-11-14T17:03:03.072+0000] {logging_mixin.py:190} INFO - [2024-11-14T17:03:03.071+0000] {override.py:1900} INFO - Created Permission View: can delete on DAG:example_bash_operator
[2024-11-14T17:03:03.100+0000] {logging_mixin.py:190} INFO - [2024-11-14T17:03:03.099+0000] {override.py:1900} INFO - Created Permission View: can edit on DAG:example_bash_operator
[2024-11-14T17:03:03.117+0000] {logging_mixin.py:190} INFO - [2024-11-14T17:03:03.116+0000] {override.py:1900} INFO - Created Permission View: can delete on DAG Run:example_bash_operator
[2024-11-14T17:03:03.131+0000] {logging_mixin.py:190} INFO - [2024-11-14T17:03:03.131+0000] {override.py:1900} INFO - Created Permission View: can read on DAG Run:example_bash_operator
[2024-11-14T17:03:03.148+0000] {logging_mixin.py:190} INFO - [2024-11-14T17:03:03.147+0000] {override.py:1900} INFO - Created Permission View: menu access on DAG Run:example_bash_operator
[2024-11-14T17:03:03.173+0000] {logging_mixin.py:190} INFO - [2024-11-14T17:03:03.172+0000] {override.py:1900} INFO - Created Permission View: can create on DAG Run:example_bash_operator
[2024-11-14T17:03:03.174+0000] {logging_mixin.py:190} INFO - [2024-11-14T17:03:03.174+0000] {dag.py:3239} INFO - Sync 1 DAGs
[2024-11-14T17:03:03.200+0000] {logging_mixin.py:190} INFO - [2024-11-14T17:03:03.200+0000] {dag.py:3262} INFO - Creating ORM DAG for example_bash_operator
[2024-11-14T17:03:03.231+0000] {logging_mixin.py:190} INFO - [2024-11-14T17:03:03.230+0000] {dag.py:4180} INFO - Setting next_dagrun for example_bash_operator to 2024-11-13 00:00:00+00:00, run_after=2024-11-14 00:00:00+00:00
[2024-11-14T17:03:03.276+0000] {processor.py:208} INFO - Processing /home/airflow/.local/lib/python3.12/site-packages/airflow/example_dags/example_bash_operator.py took 0.484 seconds
[2024-11-14T17:03:33.985+0000] {processor.py:186} INFO - Started process (PID=153) to work on /home/airflow/.local/lib/python3.12/site-packages/airflow/example_dags/example_bash_operator.py
[2024-11-14T17:03:33.988+0000] {processor.py:914} INFO - Processing file /home/airflow/.local/lib/python3.12/site-packages/airflow/example_dags/example_bash_operator.py for tasks to queue
[2024-11-14T17:03:33.994+0000] {logging_mixin.py:190} INFO - [2024-11-14T17:03:33.993+0000] {dagbag.py:588} INFO - Filling up the DagBag from /home/airflow/.local/lib/python3.12/site-packages/airflow/example_dags/example_bash_operator.py
[2024-11-14T17:03:34.030+0000] {processor.py:925} INFO - DAG(s) 'example_bash_operator' retrieved from /home/airflow/.local/lib/python3.12/site-packages/airflow/example_dags/example_bash_operator.py
[2024-11-14T17:03:34.102+0000] {logging_mixin.py:190} INFO - [2024-11-14T17:03:34.101+0000] {dag.py:3239} INFO - Sync 1 DAGs
[2024-11-14T17:03:34.185+0000] {logging_mixin.py:190} INFO - [2024-11-14T17:03:34.184+0000] {dag.py:4180} INFO - Setting next_dagrun for example_bash_operator to 2024-11-13 00:00:00+00:00, run_after=2024-11-14 00:00:00+00:00
[2024-11-14T17:03:34.243+0000] {processor.py:208} INFO - Processing /home/airflow/.local/lib/python3.12/site-packages/airflow/example_dags/example_bash_operator.py took 0.273 seconds
[2024-11-14T17:04:23.536+0000] {processor.py:186} INFO - Started process (PID=214) to work on /home/airflow/.local/lib/python3.12/site-packages/airflow/example_dags/example_bash_operator.py
[2024-11-14T17:04:23.537+0000] {processor.py:914} INFO - Processing file /home/airflow/.local/lib/python3.12/site-packages/airflow/example_dags/example_bash_operator.py for tasks to queue
[2024-11-14T17:04:23.540+0000] {logging_mixin.py:190} INFO - [2024-11-14T17:04:23.540+0000] {dagbag.py:588} INFO - Filling up the DagBag from /home/airflow/.local/lib/python3.12/site-packages/airflow/example_dags/example_bash_operator.py
[2024-11-14T17:04:24.064+0000] {processor.py:925} INFO - DAG(s) 'example_bash_operator' retrieved from /home/airflow/.local/lib/python3.12/site-packages/airflow/example_dags/example_bash_operator.py
[2024-11-14T17:04:24.434+0000] {logging_mixin.py:190} INFO - [2024-11-14T17:04:24.433+0000] {dag.py:3239} INFO - Sync 1 DAGs
[2024-11-14T17:04:24.549+0000] {logging_mixin.py:190} INFO - [2024-11-14T17:04:24.548+0000] {dag.py:4180} INFO - Setting next_dagrun for example_bash_operator to 2024-11-13 00:00:00+00:00, run_after=2024-11-14 00:00:00+00:00
[2024-11-14T17:04:24.644+0000] {processor.py:208} INFO - Processing /home/airflow/.local/lib/python3.12/site-packages/airflow/example_dags/example_bash_operator.py took 1.117 seconds
[2024-11-14T17:05:05.338+0000] {processor.py:186} INFO - Started process (PID=285) to work on /home/airflow/.local/lib/python3.12/site-packages/airflow/example_dags/example_bash_operator.py
[2024-11-14T17:05:05.355+0000] {processor.py:914} INFO - Processing file /home/airflow/.local/lib/python3.12/site-packages/airflow/example_dags/example_bash_operator.py for tasks to queue
[2024-11-14T17:05:05.372+0000] {logging_mixin.py:190} INFO - [2024-11-14T17:05:05.367+0000] {dagbag.py:588} INFO - Filling up the DagBag from /home/airflow/.local/lib/python3.12/site-packages/airflow/example_dags/example_bash_operator.py
[2024-11-14T17:05:05.536+0000] {processor.py:925} INFO - DAG(s) 'example_bash_operator' retrieved from /home/airflow/.local/lib/python3.12/site-packages/airflow/example_dags/example_bash_operator.py
[2024-11-14T17:06:02.204+0000] {processor.py:186} INFO - Started process (PID=338) to work on /home/airflow/.local/lib/python3.12/site-packages/airflow/example_dags/example_bash_operator.py
[2024-11-14T17:06:02.206+0000] {processor.py:914} INFO - Processing file /home/airflow/.local/lib/python3.12/site-packages/airflow/example_dags/example_bash_operator.py for tasks to queue
[2024-11-14T17:06:02.211+0000] {logging_mixin.py:190} INFO - [2024-11-14T17:06:02.211+0000] {dagbag.py:588} INFO - Filling up the DagBag from /home/airflow/.local/lib/python3.12/site-packages/airflow/example_dags/example_bash_operator.py
[2024-11-14T17:06:02.260+0000] {processor.py:925} INFO - DAG(s) 'example_bash_operator' retrieved from /home/airflow/.local/lib/python3.12/site-packages/airflow/example_dags/example_bash_operator.py
[2024-11-14T17:06:02.341+0000] {logging_mixin.py:190} INFO - [2024-11-14T17:06:02.341+0000] {dag.py:3239} INFO - Sync 1 DAGs
[2024-11-14T17:06:02.400+0000] {logging_mixin.py:190} INFO - [2024-11-14T17:06:02.399+0000] {dag.py:4180} INFO - Setting next_dagrun for example_bash_operator to 2024-11-13 00:00:00+00:00, run_after=2024-11-14 00:00:00+00:00
[2024-11-14T17:06:02.444+0000] {processor.py:208} INFO - Processing /home/airflow/.local/lib/python3.12/site-packages/airflow/example_dags/example_bash_operator.py took 0.262 seconds
[2024-11-14T18:04:48.918+0000] {processor.py:186} INFO - Started process (PID=133) to work on /home/airflow/.local/lib/python3.12/site-packages/airflow/example_dags/example_bash_operator.py
[2024-11-14T18:04:48.921+0000] {processor.py:914} INFO - Processing file /home/airflow/.local/lib/python3.12/site-packages/airflow/example_dags/example_bash_operator.py for tasks to queue
[2024-11-14T18:04:48.931+0000] {logging_mixin.py:190} INFO - [2024-11-14T18:04:48.931+0000] {dagbag.py:588} INFO - Filling up the DagBag from /home/airflow/.local/lib/python3.12/site-packages/airflow/example_dags/example_bash_operator.py
[2024-11-14T18:04:49.021+0000] {processor.py:925} INFO - DAG(s) 'example_bash_operator' retrieved from /home/airflow/.local/lib/python3.12/site-packages/airflow/example_dags/example_bash_operator.py
[2024-11-14T18:04:49.882+0000] {logging_mixin.py:190} INFO - [2024-11-14T18:04:49.880+0000] {dag.py:3239} INFO - Sync 1 DAGs
[2024-11-14T18:04:49.986+0000] {logging_mixin.py:190} INFO - [2024-11-14T18:04:49.986+0000] {dag.py:4180} INFO - Setting next_dagrun for example_bash_operator to 2024-11-13 00:00:00+00:00, run_after=2024-11-14 00:00:00+00:00
[2024-11-14T18:04:50.109+0000] {processor.py:208} INFO - Processing /home/airflow/.local/lib/python3.12/site-packages/airflow/example_dags/example_bash_operator.py took 1.213 seconds
[2024-11-14T18:47:44.915+0000] {processor.py:186} INFO - Started process (PID=131) to work on /home/airflow/.local/lib/python3.12/site-packages/airflow/example_dags/example_bash_operator.py
[2024-11-14T18:47:44.919+0000] {processor.py:914} INFO - Processing file /home/airflow/.local/lib/python3.12/site-packages/airflow/example_dags/example_bash_operator.py for tasks to queue
[2024-11-14T18:47:44.928+0000] {logging_mixin.py:190} INFO - [2024-11-14T18:47:44.927+0000] {dagbag.py:588} INFO - Filling up the DagBag from /home/airflow/.local/lib/python3.12/site-packages/airflow/example_dags/example_bash_operator.py
[2024-11-14T18:47:45.003+0000] {processor.py:925} INFO - DAG(s) 'example_bash_operator' retrieved from /home/airflow/.local/lib/python3.12/site-packages/airflow/example_dags/example_bash_operator.py
[2024-11-14T18:47:45.520+0000] {logging_mixin.py:190} INFO - [2024-11-14T18:47:45.504+0000] {dag.py:3239} INFO - Sync 1 DAGs
[2024-11-14T18:47:45.856+0000] {logging_mixin.py:190} INFO - [2024-11-14T18:47:45.836+0000] {dag.py:4180} INFO - Setting next_dagrun for example_bash_operator to 2024-11-13 00:00:00+00:00, run_after=2024-11-14 00:00:00+00:00
[2024-11-14T18:47:46.067+0000] {processor.py:208} INFO - Processing /home/airflow/.local/lib/python3.12/site-packages/airflow/example_dags/example_bash_operator.py took 1.171 seconds
[2024-11-14T19:40:21.372+0000] {processor.py:186} INFO - Started process (PID=114) to work on /home/airflow/.local/lib/python3.12/site-packages/airflow/example_dags/example_bash_operator.py
[2024-11-14T19:40:21.375+0000] {processor.py:914} INFO - Processing file /home/airflow/.local/lib/python3.12/site-packages/airflow/example_dags/example_bash_operator.py for tasks to queue
[2024-11-14T19:40:21.380+0000] {logging_mixin.py:190} INFO - [2024-11-14T19:40:21.379+0000] {dagbag.py:588} INFO - Filling up the DagBag from /home/airflow/.local/lib/python3.12/site-packages/airflow/example_dags/example_bash_operator.py
[2024-11-14T19:40:21.414+0000] {processor.py:925} INFO - DAG(s) 'example_bash_operator' retrieved from /home/airflow/.local/lib/python3.12/site-packages/airflow/example_dags/example_bash_operator.py
[2024-11-14T19:40:21.478+0000] {logging_mixin.py:190} INFO - [2024-11-14T19:40:21.477+0000] {dag.py:3239} INFO - Sync 1 DAGs
[2024-11-14T19:40:21.533+0000] {logging_mixin.py:190} INFO - [2024-11-14T19:40:21.532+0000] {dag.py:4180} INFO - Setting next_dagrun for example_bash_operator to 2024-11-13 00:00:00+00:00, run_after=2024-11-14 00:00:00+00:00
[2024-11-14T19:40:21.576+0000] {processor.py:208} INFO - Processing /home/airflow/.local/lib/python3.12/site-packages/airflow/example_dags/example_bash_operator.py took 0.217 seconds
