[2024-11-14T17:00:00.456+0000] {processor.py:186} INFO - Started process (PID=138) to work on /home/airflow/.local/lib/python3.12/site-packages/airflow/example_dags/example_sensors.py
[2024-11-14T17:00:00.477+0000] {processor.py:914} INFO - Processing file /home/airflow/.local/lib/python3.12/site-packages/airflow/example_dags/example_sensors.py for tasks to queue
[2024-11-14T17:00:00.483+0000] {logging_mixin.py:190} INFO - [2024-11-14T17:00:00.482+0000] {dagbag.py:588} INFO - Filling up the DagBag from /home/airflow/.local/lib/python3.12/site-packages/airflow/example_dags/example_sensors.py
[2024-11-14T17:00:00.587+0000] {processor.py:925} INFO - DAG(s) 'example_sensors' retrieved from /home/airflow/.local/lib/python3.12/site-packages/airflow/example_dags/example_sensors.py
[2024-11-14T17:00:01.032+0000] {logging_mixin.py:190} INFO - [2024-11-14T17:00:01.031+0000] {override.py:1900} INFO - Created Permission View: can read on DAG:example_sensors
[2024-11-14T17:00:01.060+0000] {logging_mixin.py:190} INFO - [2024-11-14T17:00:01.060+0000] {override.py:1900} INFO - Created Permission View: can delete on DAG:example_sensors
[2024-11-14T17:00:01.086+0000] {logging_mixin.py:190} INFO - [2024-11-14T17:00:01.086+0000] {override.py:1900} INFO - Created Permission View: can edit on DAG:example_sensors
[2024-11-14T17:00:01.127+0000] {logging_mixin.py:190} INFO - [2024-11-14T17:00:01.126+0000] {override.py:1900} INFO - Created Permission View: can read on DAG Run:example_sensors
[2024-11-14T17:00:01.152+0000] {logging_mixin.py:190} INFO - [2024-11-14T17:00:01.151+0000] {override.py:1900} INFO - Created Permission View: menu access on DAG Run:example_sensors
[2024-11-14T17:00:01.185+0000] {logging_mixin.py:190} INFO - [2024-11-14T17:00:01.184+0000] {override.py:1900} INFO - Created Permission View: can create on DAG Run:example_sensors
[2024-11-14T17:00:01.205+0000] {logging_mixin.py:190} INFO - [2024-11-14T17:00:01.204+0000] {override.py:1900} INFO - Created Permission View: can delete on DAG Run:example_sensors
[2024-11-14T17:00:01.207+0000] {logging_mixin.py:190} INFO - [2024-11-14T17:00:01.206+0000] {dag.py:3239} INFO - Sync 1 DAGs
[2024-11-14T17:00:01.238+0000] {logging_mixin.py:190} INFO - [2024-11-14T17:00:01.237+0000] {dag.py:3262} INFO - Creating ORM DAG for example_sensors
[2024-11-14T17:00:01.240+0000] {logging_mixin.py:190} INFO - [2024-11-14T17:00:01.240+0000] {dag.py:4180} INFO - Setting next_dagrun for example_sensors to None, run_after=None
[2024-11-14T17:00:01.327+0000] {processor.py:208} INFO - Processing /home/airflow/.local/lib/python3.12/site-packages/airflow/example_dags/example_sensors.py took 0.884 seconds
[2024-11-14T17:02:58.836+0000] {processor.py:186} INFO - Started process (PID=79) to work on /home/airflow/.local/lib/python3.12/site-packages/airflow/example_dags/example_sensors.py
[2024-11-14T17:02:58.839+0000] {processor.py:914} INFO - Processing file /home/airflow/.local/lib/python3.12/site-packages/airflow/example_dags/example_sensors.py for tasks to queue
[2024-11-14T17:02:58.846+0000] {logging_mixin.py:190} INFO - [2024-11-14T17:02:58.845+0000] {dagbag.py:588} INFO - Filling up the DagBag from /home/airflow/.local/lib/python3.12/site-packages/airflow/example_dags/example_sensors.py
[2024-11-14T17:02:58.866+0000] {processor.py:925} INFO - DAG(s) 'example_sensors' retrieved from /home/airflow/.local/lib/python3.12/site-packages/airflow/example_dags/example_sensors.py
[2024-11-14T17:02:58.930+0000] {logging_mixin.py:190} INFO - [2024-11-14T17:02:58.929+0000] {dag.py:3239} INFO - Sync 1 DAGs
[2024-11-14T17:02:58.957+0000] {logging_mixin.py:190} INFO - [2024-11-14T17:02:58.956+0000] {dag.py:4180} INFO - Setting next_dagrun for example_sensors to None, run_after=None
[2024-11-14T17:02:59.002+0000] {processor.py:208} INFO - Processing /home/airflow/.local/lib/python3.12/site-packages/airflow/example_dags/example_sensors.py took 0.188 seconds
[2024-11-14T17:03:30.019+0000] {processor.py:186} INFO - Started process (PID=141) to work on /home/airflow/.local/lib/python3.12/site-packages/airflow/example_dags/example_sensors.py
[2024-11-14T17:03:30.040+0000] {processor.py:914} INFO - Processing file /home/airflow/.local/lib/python3.12/site-packages/airflow/example_dags/example_sensors.py for tasks to queue
[2024-11-14T17:03:30.047+0000] {logging_mixin.py:190} INFO - [2024-11-14T17:03:30.046+0000] {dagbag.py:588} INFO - Filling up the DagBag from /home/airflow/.local/lib/python3.12/site-packages/airflow/example_dags/example_sensors.py
[2024-11-14T17:03:30.099+0000] {processor.py:925} INFO - DAG(s) 'example_sensors' retrieved from /home/airflow/.local/lib/python3.12/site-packages/airflow/example_dags/example_sensors.py
[2024-11-14T17:03:30.209+0000] {logging_mixin.py:190} INFO - [2024-11-14T17:03:30.209+0000] {dag.py:3239} INFO - Sync 1 DAGs
[2024-11-14T17:03:30.258+0000] {logging_mixin.py:190} INFO - [2024-11-14T17:03:30.257+0000] {dag.py:4180} INFO - Setting next_dagrun for example_sensors to None, run_after=None
[2024-11-14T17:03:30.313+0000] {processor.py:208} INFO - Processing /home/airflow/.local/lib/python3.12/site-packages/airflow/example_dags/example_sensors.py took 0.308 seconds
[2024-11-14T17:04:18.510+0000] {processor.py:186} INFO - Started process (PID=202) to work on /home/airflow/.local/lib/python3.12/site-packages/airflow/example_dags/example_sensors.py
[2024-11-14T17:04:18.525+0000] {processor.py:914} INFO - Processing file /home/airflow/.local/lib/python3.12/site-packages/airflow/example_dags/example_sensors.py for tasks to queue
[2024-11-14T17:04:18.535+0000] {logging_mixin.py:190} INFO - [2024-11-14T17:04:18.534+0000] {dagbag.py:588} INFO - Filling up the DagBag from /home/airflow/.local/lib/python3.12/site-packages/airflow/example_dags/example_sensors.py
[2024-11-14T17:04:18.642+0000] {processor.py:925} INFO - DAG(s) 'example_sensors' retrieved from /home/airflow/.local/lib/python3.12/site-packages/airflow/example_dags/example_sensors.py
[2024-11-14T17:04:18.757+0000] {logging_mixin.py:190} INFO - [2024-11-14T17:04:18.756+0000] {dag.py:3239} INFO - Sync 1 DAGs
[2024-11-14T17:04:18.818+0000] {logging_mixin.py:190} INFO - [2024-11-14T17:04:18.818+0000] {dag.py:4180} INFO - Setting next_dagrun for example_sensors to None, run_after=None
[2024-11-14T17:04:18.864+0000] {processor.py:208} INFO - Processing /home/airflow/.local/lib/python3.12/site-packages/airflow/example_dags/example_sensors.py took 0.373 seconds
[2024-11-14T17:04:49.546+0000] {processor.py:186} INFO - Started process (PID=264) to work on /home/airflow/.local/lib/python3.12/site-packages/airflow/example_dags/example_sensors.py
[2024-11-14T17:04:49.548+0000] {processor.py:914} INFO - Processing file /home/airflow/.local/lib/python3.12/site-packages/airflow/example_dags/example_sensors.py for tasks to queue
[2024-11-14T17:04:49.554+0000] {logging_mixin.py:190} INFO - [2024-11-14T17:04:49.553+0000] {dagbag.py:588} INFO - Filling up the DagBag from /home/airflow/.local/lib/python3.12/site-packages/airflow/example_dags/example_sensors.py
[2024-11-14T17:04:49.587+0000] {processor.py:925} INFO - DAG(s) 'example_sensors' retrieved from /home/airflow/.local/lib/python3.12/site-packages/airflow/example_dags/example_sensors.py
[2024-11-14T17:04:49.662+0000] {logging_mixin.py:190} INFO - [2024-11-14T17:04:49.661+0000] {dag.py:3239} INFO - Sync 1 DAGs
[2024-11-14T17:04:49.708+0000] {logging_mixin.py:190} INFO - [2024-11-14T17:04:49.708+0000] {dag.py:4180} INFO - Setting next_dagrun for example_sensors to None, run_after=None
[2024-11-14T17:04:49.769+0000] {processor.py:208} INFO - Processing /home/airflow/.local/lib/python3.12/site-packages/airflow/example_dags/example_sensors.py took 0.236 seconds
[2024-11-14T17:05:56.873+0000] {processor.py:186} INFO - Started process (PID=326) to work on /home/airflow/.local/lib/python3.12/site-packages/airflow/example_dags/example_sensors.py
[2024-11-14T17:05:56.905+0000] {processor.py:914} INFO - Processing file /home/airflow/.local/lib/python3.12/site-packages/airflow/example_dags/example_sensors.py for tasks to queue
[2024-11-14T17:05:56.926+0000] {logging_mixin.py:190} INFO - [2024-11-14T17:05:56.925+0000] {dagbag.py:588} INFO - Filling up the DagBag from /home/airflow/.local/lib/python3.12/site-packages/airflow/example_dags/example_sensors.py
[2024-11-14T17:05:57.062+0000] {processor.py:925} INFO - DAG(s) 'example_sensors' retrieved from /home/airflow/.local/lib/python3.12/site-packages/airflow/example_dags/example_sensors.py
[2024-11-14T17:05:57.281+0000] {logging_mixin.py:190} INFO - [2024-11-14T17:05:57.281+0000] {dag.py:3239} INFO - Sync 1 DAGs
[2024-11-14T17:05:57.357+0000] {logging_mixin.py:190} INFO - [2024-11-14T17:05:57.356+0000] {dag.py:4180} INFO - Setting next_dagrun for example_sensors to None, run_after=None
[2024-11-14T17:05:57.444+0000] {processor.py:208} INFO - Processing /home/airflow/.local/lib/python3.12/site-packages/airflow/example_dags/example_sensors.py took 0.615 seconds
[2024-11-14T17:06:27.798+0000] {processor.py:186} INFO - Started process (PID=388) to work on /home/airflow/.local/lib/python3.12/site-packages/airflow/example_dags/example_sensors.py
[2024-11-14T17:06:27.802+0000] {processor.py:914} INFO - Processing file /home/airflow/.local/lib/python3.12/site-packages/airflow/example_dags/example_sensors.py for tasks to queue
[2024-11-14T17:06:27.818+0000] {logging_mixin.py:190} INFO - [2024-11-14T17:06:27.817+0000] {dagbag.py:588} INFO - Filling up the DagBag from /home/airflow/.local/lib/python3.12/site-packages/airflow/example_dags/example_sensors.py
[2024-11-14T17:06:27.851+0000] {processor.py:925} INFO - DAG(s) 'example_sensors' retrieved from /home/airflow/.local/lib/python3.12/site-packages/airflow/example_dags/example_sensors.py
[2024-11-14T17:06:27.966+0000] {logging_mixin.py:190} INFO - [2024-11-14T17:06:27.965+0000] {dag.py:3239} INFO - Sync 1 DAGs
[2024-11-14T17:06:28.008+0000] {logging_mixin.py:190} INFO - [2024-11-14T17:06:28.007+0000] {dag.py:4180} INFO - Setting next_dagrun for example_sensors to None, run_after=None
[2024-11-14T17:06:28.074+0000] {processor.py:208} INFO - Processing /home/airflow/.local/lib/python3.12/site-packages/airflow/example_dags/example_sensors.py took 0.297 seconds
[2024-11-14T17:21:12.098+0000] {processor.py:186} INFO - Started process (PID=98) to work on /home/airflow/.local/lib/python3.12/site-packages/airflow/example_dags/example_sensors.py
[2024-11-14T17:21:12.101+0000] {processor.py:914} INFO - Processing file /home/airflow/.local/lib/python3.12/site-packages/airflow/example_dags/example_sensors.py for tasks to queue
[2024-11-14T17:21:12.110+0000] {logging_mixin.py:190} INFO - [2024-11-14T17:21:12.109+0000] {dagbag.py:588} INFO - Filling up the DagBag from /home/airflow/.local/lib/python3.12/site-packages/airflow/example_dags/example_sensors.py
[2024-11-14T17:21:12.143+0000] {processor.py:925} INFO - DAG(s) 'example_sensors' retrieved from /home/airflow/.local/lib/python3.12/site-packages/airflow/example_dags/example_sensors.py
[2024-11-14T17:21:12.288+0000] {logging_mixin.py:190} INFO - [2024-11-14T17:21:12.288+0000] {dag.py:3239} INFO - Sync 1 DAGs
[2024-11-14T17:21:12.380+0000] {logging_mixin.py:190} INFO - [2024-11-14T17:21:12.380+0000] {dag.py:4180} INFO - Setting next_dagrun for example_sensors to None, run_after=None
[2024-11-14T17:21:12.501+0000] {processor.py:208} INFO - Processing /home/airflow/.local/lib/python3.12/site-packages/airflow/example_dags/example_sensors.py took 0.416 seconds
[2024-11-14T17:42:15.202+0000] {processor.py:186} INFO - Started process (PID=74) to work on /home/airflow/.local/lib/python3.12/site-packages/airflow/example_dags/example_sensors.py
[2024-11-14T17:42:15.206+0000] {processor.py:914} INFO - Processing file /home/airflow/.local/lib/python3.12/site-packages/airflow/example_dags/example_sensors.py for tasks to queue
[2024-11-14T17:42:15.210+0000] {logging_mixin.py:190} INFO - [2024-11-14T17:42:15.209+0000] {dagbag.py:588} INFO - Filling up the DagBag from /home/airflow/.local/lib/python3.12/site-packages/airflow/example_dags/example_sensors.py
[2024-11-14T17:42:15.280+0000] {processor.py:925} INFO - DAG(s) 'example_sensors' retrieved from /home/airflow/.local/lib/python3.12/site-packages/airflow/example_dags/example_sensors.py
[2024-11-14T17:42:15.938+0000] {logging_mixin.py:190} INFO - [2024-11-14T17:42:15.910+0000] {dag.py:3239} INFO - Sync 1 DAGs
[2024-11-14T17:42:16.080+0000] {logging_mixin.py:190} INFO - [2024-11-14T17:42:16.080+0000] {dag.py:4180} INFO - Setting next_dagrun for example_sensors to None, run_after=None
[2024-11-14T17:42:16.364+0000] {processor.py:208} INFO - Processing /home/airflow/.local/lib/python3.12/site-packages/airflow/example_dags/example_sensors.py took 1.177 seconds
[2024-11-14T17:47:48.203+0000] {processor.py:186} INFO - Started process (PID=97) to work on /home/airflow/.local/lib/python3.12/site-packages/airflow/example_dags/example_sensors.py
[2024-11-14T17:47:48.206+0000] {processor.py:914} INFO - Processing file /home/airflow/.local/lib/python3.12/site-packages/airflow/example_dags/example_sensors.py for tasks to queue
[2024-11-14T17:47:48.212+0000] {logging_mixin.py:190} INFO - [2024-11-14T17:47:48.211+0000] {dagbag.py:588} INFO - Filling up the DagBag from /home/airflow/.local/lib/python3.12/site-packages/airflow/example_dags/example_sensors.py
[2024-11-14T17:47:48.244+0000] {processor.py:925} INFO - DAG(s) 'example_sensors' retrieved from /home/airflow/.local/lib/python3.12/site-packages/airflow/example_dags/example_sensors.py
[2024-11-14T17:47:48.342+0000] {logging_mixin.py:190} INFO - [2024-11-14T17:47:48.341+0000] {dag.py:3239} INFO - Sync 1 DAGs
[2024-11-14T17:47:48.387+0000] {logging_mixin.py:190} INFO - [2024-11-14T17:47:48.386+0000] {dag.py:4180} INFO - Setting next_dagrun for example_sensors to None, run_after=None
[2024-11-14T17:47:48.444+0000] {processor.py:208} INFO - Processing /home/airflow/.local/lib/python3.12/site-packages/airflow/example_dags/example_sensors.py took 0.254 seconds
[2024-11-14T18:04:46.185+0000] {processor.py:186} INFO - Started process (PID=121) to work on /home/airflow/.local/lib/python3.12/site-packages/airflow/example_dags/example_sensors.py
[2024-11-14T18:04:46.187+0000] {processor.py:914} INFO - Processing file /home/airflow/.local/lib/python3.12/site-packages/airflow/example_dags/example_sensors.py for tasks to queue
[2024-11-14T18:04:46.194+0000] {logging_mixin.py:190} INFO - [2024-11-14T18:04:46.193+0000] {dagbag.py:588} INFO - Filling up the DagBag from /home/airflow/.local/lib/python3.12/site-packages/airflow/example_dags/example_sensors.py
[2024-11-14T18:04:46.219+0000] {processor.py:925} INFO - DAG(s) 'example_sensors' retrieved from /home/airflow/.local/lib/python3.12/site-packages/airflow/example_dags/example_sensors.py
[2024-11-14T18:04:46.286+0000] {logging_mixin.py:190} INFO - [2024-11-14T18:04:46.285+0000] {dag.py:3239} INFO - Sync 1 DAGs
[2024-11-14T18:04:46.319+0000] {logging_mixin.py:190} INFO - [2024-11-14T18:04:46.319+0000] {dag.py:4180} INFO - Setting next_dagrun for example_sensors to None, run_after=None
[2024-11-14T18:04:46.357+0000] {processor.py:208} INFO - Processing /home/airflow/.local/lib/python3.12/site-packages/airflow/example_dags/example_sensors.py took 0.183 seconds
[2024-11-14T18:47:41.686+0000] {processor.py:186} INFO - Started process (PID=119) to work on /home/airflow/.local/lib/python3.12/site-packages/airflow/example_dags/example_sensors.py
[2024-11-14T18:47:41.689+0000] {processor.py:914} INFO - Processing file /home/airflow/.local/lib/python3.12/site-packages/airflow/example_dags/example_sensors.py for tasks to queue
[2024-11-14T18:47:41.694+0000] {logging_mixin.py:190} INFO - [2024-11-14T18:47:41.693+0000] {dagbag.py:588} INFO - Filling up the DagBag from /home/airflow/.local/lib/python3.12/site-packages/airflow/example_dags/example_sensors.py
[2024-11-14T18:47:41.720+0000] {processor.py:925} INFO - DAG(s) 'example_sensors' retrieved from /home/airflow/.local/lib/python3.12/site-packages/airflow/example_dags/example_sensors.py
[2024-11-14T18:47:41.781+0000] {logging_mixin.py:190} INFO - [2024-11-14T18:47:41.780+0000] {dag.py:3239} INFO - Sync 1 DAGs
[2024-11-14T18:47:41.814+0000] {logging_mixin.py:190} INFO - [2024-11-14T18:47:41.813+0000] {dag.py:4180} INFO - Setting next_dagrun for example_sensors to None, run_after=None
[2024-11-14T18:47:41.852+0000] {processor.py:208} INFO - Processing /home/airflow/.local/lib/python3.12/site-packages/airflow/example_dags/example_sensors.py took 0.178 seconds
[2024-11-14T19:18:13.865+0000] {processor.py:186} INFO - Started process (PID=78) to work on /home/airflow/.local/lib/python3.12/site-packages/airflow/example_dags/example_sensors.py
[2024-11-14T19:18:13.868+0000] {processor.py:914} INFO - Processing file /home/airflow/.local/lib/python3.12/site-packages/airflow/example_dags/example_sensors.py for tasks to queue
[2024-11-14T19:18:13.871+0000] {logging_mixin.py:190} INFO - [2024-11-14T19:18:13.870+0000] {dagbag.py:588} INFO - Filling up the DagBag from /home/airflow/.local/lib/python3.12/site-packages/airflow/example_dags/example_sensors.py
[2024-11-14T19:18:13.901+0000] {processor.py:925} INFO - DAG(s) 'example_sensors' retrieved from /home/airflow/.local/lib/python3.12/site-packages/airflow/example_dags/example_sensors.py
[2024-11-14T19:18:14.006+0000] {logging_mixin.py:190} INFO - [2024-11-14T19:18:14.005+0000] {dag.py:3239} INFO - Sync 1 DAGs
[2024-11-14T19:18:14.031+0000] {logging_mixin.py:190} INFO - [2024-11-14T19:18:14.031+0000] {dag.py:4180} INFO - Setting next_dagrun for example_sensors to None, run_after=None
[2024-11-14T19:18:14.235+0000] {processor.py:208} INFO - Processing /home/airflow/.local/lib/python3.12/site-packages/airflow/example_dags/example_sensors.py took 0.382 seconds
[2024-11-14T19:40:17.448+0000] {processor.py:186} INFO - Started process (PID=102) to work on /home/airflow/.local/lib/python3.12/site-packages/airflow/example_dags/example_sensors.py
[2024-11-14T19:40:17.450+0000] {processor.py:914} INFO - Processing file /home/airflow/.local/lib/python3.12/site-packages/airflow/example_dags/example_sensors.py for tasks to queue
[2024-11-14T19:40:17.455+0000] {logging_mixin.py:190} INFO - [2024-11-14T19:40:17.454+0000] {dagbag.py:588} INFO - Filling up the DagBag from /home/airflow/.local/lib/python3.12/site-packages/airflow/example_dags/example_sensors.py
[2024-11-14T19:40:17.483+0000] {processor.py:925} INFO - DAG(s) 'example_sensors' retrieved from /home/airflow/.local/lib/python3.12/site-packages/airflow/example_dags/example_sensors.py
[2024-11-14T19:40:17.577+0000] {logging_mixin.py:190} INFO - [2024-11-14T19:40:17.576+0000] {dag.py:3239} INFO - Sync 1 DAGs
[2024-11-14T19:40:17.627+0000] {logging_mixin.py:190} INFO - [2024-11-14T19:40:17.626+0000] {dag.py:4180} INFO - Setting next_dagrun for example_sensors to None, run_after=None
[2024-11-14T19:40:17.674+0000] {processor.py:208} INFO - Processing /home/airflow/.local/lib/python3.12/site-packages/airflow/example_dags/example_sensors.py took 0.239 seconds
