[2024-11-14T16:59:05.415+0000] {processor.py:186} INFO - Started process (PID=117) to work on /home/airflow/.local/lib/python3.12/site-packages/airflow/example_dags/example_branch_operator.py
[2024-11-14T16:59:05.662+0000] {processor.py:914} INFO - Processing file /home/airflow/.local/lib/python3.12/site-packages/airflow/example_dags/example_branch_operator.py for tasks to queue
[2024-11-14T16:59:05.771+0000] {logging_mixin.py:190} INFO - [2024-11-14T16:59:05.759+0000] {dagbag.py:588} INFO - Filling up the DagBag from /home/airflow/.local/lib/python3.12/site-packages/airflow/example_dags/example_branch_operator.py
[2024-11-14T16:59:06.208+0000] {processor.py:925} INFO - DAG(s) 'example_branch_operator' retrieved from /home/airflow/.local/lib/python3.12/site-packages/airflow/example_dags/example_branch_operator.py
[2024-11-14T16:59:09.182+0000] {logging_mixin.py:190} INFO - [2024-11-14T16:59:09.182+0000] {dag.py:3239} INFO - Sync 1 DAGs
[2024-11-14T16:59:09.536+0000] {logging_mixin.py:190} INFO - [2024-11-14T16:59:09.536+0000] {dag.py:4180} INFO - Setting next_dagrun for example_branch_operator to 2024-11-13 00:00:00+00:00, run_after=2024-11-14 00:00:00+00:00
[2024-11-14T16:59:09.832+0000] {processor.py:208} INFO - Processing /home/airflow/.local/lib/python3.12/site-packages/airflow/example_dags/example_branch_operator.py took 4.434 seconds
[2024-11-14T17:02:54.868+0000] {processor.py:186} INFO - Started process (PID=63) to work on /home/airflow/.local/lib/python3.12/site-packages/airflow/example_dags/example_branch_operator.py
[2024-11-14T17:02:54.892+0000] {processor.py:914} INFO - Processing file /home/airflow/.local/lib/python3.12/site-packages/airflow/example_dags/example_branch_operator.py for tasks to queue
[2024-11-14T17:02:54.895+0000] {logging_mixin.py:190} INFO - [2024-11-14T17:02:54.895+0000] {dagbag.py:588} INFO - Filling up the DagBag from /home/airflow/.local/lib/python3.12/site-packages/airflow/example_dags/example_branch_operator.py
[2024-11-14T17:02:54.915+0000] {processor.py:925} INFO - DAG(s) 'example_branch_operator' retrieved from /home/airflow/.local/lib/python3.12/site-packages/airflow/example_dags/example_branch_operator.py
[2024-11-14T17:02:55.143+0000] {logging_mixin.py:190} INFO - [2024-11-14T17:02:55.143+0000] {dag.py:3239} INFO - Sync 1 DAGs
[2024-11-14T17:02:55.216+0000] {logging_mixin.py:190} INFO - [2024-11-14T17:02:55.216+0000] {dag.py:4180} INFO - Setting next_dagrun for example_branch_operator to 2024-11-13 00:00:00+00:00, run_after=2024-11-14 00:00:00+00:00
[2024-11-14T17:02:55.467+0000] {processor.py:208} INFO - Processing /home/airflow/.local/lib/python3.12/site-packages/airflow/example_dags/example_branch_operator.py took 0.605 seconds
[2024-11-14T17:03:25.861+0000] {processor.py:186} INFO - Started process (PID=125) to work on /home/airflow/.local/lib/python3.12/site-packages/airflow/example_dags/example_branch_operator.py
[2024-11-14T17:03:25.864+0000] {processor.py:914} INFO - Processing file /home/airflow/.local/lib/python3.12/site-packages/airflow/example_dags/example_branch_operator.py for tasks to queue
[2024-11-14T17:03:25.871+0000] {logging_mixin.py:190} INFO - [2024-11-14T17:03:25.870+0000] {dagbag.py:588} INFO - Filling up the DagBag from /home/airflow/.local/lib/python3.12/site-packages/airflow/example_dags/example_branch_operator.py
[2024-11-14T17:03:25.916+0000] {processor.py:925} INFO - DAG(s) 'example_branch_operator' retrieved from /home/airflow/.local/lib/python3.12/site-packages/airflow/example_dags/example_branch_operator.py
[2024-11-14T17:03:25.981+0000] {logging_mixin.py:190} INFO - [2024-11-14T17:03:25.980+0000] {dag.py:3239} INFO - Sync 1 DAGs
[2024-11-14T17:03:26.034+0000] {logging_mixin.py:190} INFO - [2024-11-14T17:03:26.033+0000] {dag.py:4180} INFO - Setting next_dagrun for example_branch_operator to 2024-11-13 00:00:00+00:00, run_after=2024-11-14 00:00:00+00:00
[2024-11-14T17:03:26.116+0000] {processor.py:208} INFO - Processing /home/airflow/.local/lib/python3.12/site-packages/airflow/example_dags/example_branch_operator.py took 0.267 seconds
[2024-11-14T17:04:09.955+0000] {processor.py:186} INFO - Started process (PID=186) to work on /home/airflow/.local/lib/python3.12/site-packages/airflow/example_dags/example_branch_operator.py
[2024-11-14T17:04:09.963+0000] {processor.py:914} INFO - Processing file /home/airflow/.local/lib/python3.12/site-packages/airflow/example_dags/example_branch_operator.py for tasks to queue
[2024-11-14T17:04:09.981+0000] {logging_mixin.py:190} INFO - [2024-11-14T17:04:09.980+0000] {dagbag.py:588} INFO - Filling up the DagBag from /home/airflow/.local/lib/python3.12/site-packages/airflow/example_dags/example_branch_operator.py
[2024-11-14T17:04:10.162+0000] {processor.py:925} INFO - DAG(s) 'example_branch_operator' retrieved from /home/airflow/.local/lib/python3.12/site-packages/airflow/example_dags/example_branch_operator.py
[2024-11-14T17:04:10.384+0000] {logging_mixin.py:190} INFO - [2024-11-14T17:04:10.384+0000] {dag.py:3239} INFO - Sync 1 DAGs
[2024-11-14T17:04:10.811+0000] {logging_mixin.py:190} INFO - [2024-11-14T17:04:10.810+0000] {dag.py:4180} INFO - Setting next_dagrun for example_branch_operator to 2024-11-13 00:00:00+00:00, run_after=2024-11-14 00:00:00+00:00
[2024-11-14T17:04:11.337+0000] {processor.py:208} INFO - Processing /home/airflow/.local/lib/python3.12/site-packages/airflow/example_dags/example_branch_operator.py took 1.430 seconds
[2024-11-14T17:04:42.752+0000] {processor.py:186} INFO - Started process (PID=248) to work on /home/airflow/.local/lib/python3.12/site-packages/airflow/example_dags/example_branch_operator.py
[2024-11-14T17:04:42.804+0000] {processor.py:914} INFO - Processing file /home/airflow/.local/lib/python3.12/site-packages/airflow/example_dags/example_branch_operator.py for tasks to queue
[2024-11-14T17:04:42.808+0000] {logging_mixin.py:190} INFO - [2024-11-14T17:04:42.808+0000] {dagbag.py:588} INFO - Filling up the DagBag from /home/airflow/.local/lib/python3.12/site-packages/airflow/example_dags/example_branch_operator.py
[2024-11-14T17:04:42.841+0000] {processor.py:925} INFO - DAG(s) 'example_branch_operator' retrieved from /home/airflow/.local/lib/python3.12/site-packages/airflow/example_dags/example_branch_operator.py
[2024-11-14T17:04:42.922+0000] {logging_mixin.py:190} INFO - [2024-11-14T17:04:42.922+0000] {dag.py:3239} INFO - Sync 1 DAGs
[2024-11-14T17:04:42.999+0000] {logging_mixin.py:190} INFO - [2024-11-14T17:04:42.999+0000] {dag.py:4180} INFO - Setting next_dagrun for example_branch_operator to 2024-11-13 00:00:00+00:00, run_after=2024-11-14 00:00:00+00:00
[2024-11-14T17:04:43.179+0000] {processor.py:208} INFO - Processing /home/airflow/.local/lib/python3.12/site-packages/airflow/example_dags/example_branch_operator.py took 0.438 seconds
[2024-11-14T17:05:51.658+0000] {processor.py:186} INFO - Started process (PID=310) to work on /home/airflow/.local/lib/python3.12/site-packages/airflow/example_dags/example_branch_operator.py
[2024-11-14T17:05:51.671+0000] {processor.py:914} INFO - Processing file /home/airflow/.local/lib/python3.12/site-packages/airflow/example_dags/example_branch_operator.py for tasks to queue
[2024-11-14T17:05:51.681+0000] {logging_mixin.py:190} INFO - [2024-11-14T17:05:51.680+0000] {dagbag.py:588} INFO - Filling up the DagBag from /home/airflow/.local/lib/python3.12/site-packages/airflow/example_dags/example_branch_operator.py
[2024-11-14T17:05:51.777+0000] {processor.py:925} INFO - DAG(s) 'example_branch_operator' retrieved from /home/airflow/.local/lib/python3.12/site-packages/airflow/example_dags/example_branch_operator.py
[2024-11-14T17:05:51.873+0000] {logging_mixin.py:190} INFO - [2024-11-14T17:05:51.872+0000] {dag.py:3239} INFO - Sync 1 DAGs
[2024-11-14T17:05:51.947+0000] {logging_mixin.py:190} INFO - [2024-11-14T17:05:51.946+0000] {dag.py:4180} INFO - Setting next_dagrun for example_branch_operator to 2024-11-13 00:00:00+00:00, run_after=2024-11-14 00:00:00+00:00
[2024-11-14T17:05:51.994+0000] {processor.py:208} INFO - Processing /home/airflow/.local/lib/python3.12/site-packages/airflow/example_dags/example_branch_operator.py took 0.350 seconds
[2024-11-14T17:06:22.641+0000] {processor.py:186} INFO - Started process (PID=372) to work on /home/airflow/.local/lib/python3.12/site-packages/airflow/example_dags/example_branch_operator.py
[2024-11-14T17:06:22.642+0000] {processor.py:914} INFO - Processing file /home/airflow/.local/lib/python3.12/site-packages/airflow/example_dags/example_branch_operator.py for tasks to queue
[2024-11-14T17:06:22.646+0000] {logging_mixin.py:190} INFO - [2024-11-14T17:06:22.646+0000] {dagbag.py:588} INFO - Filling up the DagBag from /home/airflow/.local/lib/python3.12/site-packages/airflow/example_dags/example_branch_operator.py
[2024-11-14T17:06:22.685+0000] {processor.py:925} INFO - DAG(s) 'example_branch_operator' retrieved from /home/airflow/.local/lib/python3.12/site-packages/airflow/example_dags/example_branch_operator.py
[2024-11-14T17:06:22.747+0000] {logging_mixin.py:190} INFO - [2024-11-14T17:06:22.746+0000] {dag.py:3239} INFO - Sync 1 DAGs
[2024-11-14T17:06:22.784+0000] {logging_mixin.py:190} INFO - [2024-11-14T17:06:22.784+0000] {dag.py:4180} INFO - Setting next_dagrun for example_branch_operator to 2024-11-13 00:00:00+00:00, run_after=2024-11-14 00:00:00+00:00
[2024-11-14T17:06:22.820+0000] {processor.py:208} INFO - Processing /home/airflow/.local/lib/python3.12/site-packages/airflow/example_dags/example_branch_operator.py took 0.190 seconds
[2024-11-14T17:21:04.351+0000] {processor.py:186} INFO - Started process (PID=76) to work on /home/airflow/.local/lib/python3.12/site-packages/airflow/example_dags/example_branch_operator.py
[2024-11-14T17:21:04.356+0000] {processor.py:914} INFO - Processing file /home/airflow/.local/lib/python3.12/site-packages/airflow/example_dags/example_branch_operator.py for tasks to queue
[2024-11-14T17:21:04.367+0000] {logging_mixin.py:190} INFO - [2024-11-14T17:21:04.366+0000] {dagbag.py:588} INFO - Filling up the DagBag from /home/airflow/.local/lib/python3.12/site-packages/airflow/example_dags/example_branch_operator.py
[2024-11-14T17:21:04.487+0000] {processor.py:925} INFO - DAG(s) 'example_branch_operator' retrieved from /home/airflow/.local/lib/python3.12/site-packages/airflow/example_dags/example_branch_operator.py
[2024-11-14T17:21:05.922+0000] {logging_mixin.py:190} INFO - [2024-11-14T17:21:05.921+0000] {dag.py:3239} INFO - Sync 1 DAGs
[2024-11-14T17:21:06.167+0000] {logging_mixin.py:190} INFO - [2024-11-14T17:21:06.166+0000] {dag.py:4180} INFO - Setting next_dagrun for example_branch_operator to 2024-11-13 00:00:00+00:00, run_after=2024-11-14 00:00:00+00:00
[2024-11-14T17:21:06.279+0000] {processor.py:208} INFO - Processing /home/airflow/.local/lib/python3.12/site-packages/airflow/example_dags/example_branch_operator.py took 1.952 seconds
[2024-11-14T17:31:45.439+0000] {processor.py:186} INFO - Started process (PID=82) to work on /home/airflow/.local/lib/python3.12/site-packages/airflow/example_dags/example_branch_operator.py
[2024-11-14T17:31:45.442+0000] {processor.py:914} INFO - Processing file /home/airflow/.local/lib/python3.12/site-packages/airflow/example_dags/example_branch_operator.py for tasks to queue
[2024-11-14T17:31:45.449+0000] {logging_mixin.py:190} INFO - [2024-11-14T17:31:45.447+0000] {dagbag.py:588} INFO - Filling up the DagBag from /home/airflow/.local/lib/python3.12/site-packages/airflow/example_dags/example_branch_operator.py
[2024-11-14T17:31:45.529+0000] {processor.py:925} INFO - DAG(s) 'example_branch_operator' retrieved from /home/airflow/.local/lib/python3.12/site-packages/airflow/example_dags/example_branch_operator.py
[2024-11-14T17:31:46.270+0000] {logging_mixin.py:190} INFO - [2024-11-14T17:31:46.268+0000] {dag.py:3239} INFO - Sync 1 DAGs
[2024-11-14T17:31:46.357+0000] {logging_mixin.py:190} INFO - [2024-11-14T17:31:46.356+0000] {dag.py:4180} INFO - Setting next_dagrun for example_branch_operator to 2024-11-13 00:00:00+00:00, run_after=2024-11-14 00:00:00+00:00
[2024-11-14T17:31:46.473+0000] {processor.py:208} INFO - Processing /home/airflow/.local/lib/python3.12/site-packages/airflow/example_dags/example_branch_operator.py took 1.048 seconds
[2024-11-14T17:42:06.922+0000] {processor.py:186} INFO - Started process (PID=58) to work on /home/airflow/.local/lib/python3.12/site-packages/airflow/example_dags/example_branch_operator.py
[2024-11-14T17:42:06.928+0000] {processor.py:914} INFO - Processing file /home/airflow/.local/lib/python3.12/site-packages/airflow/example_dags/example_branch_operator.py for tasks to queue
[2024-11-14T17:42:06.931+0000] {logging_mixin.py:190} INFO - [2024-11-14T17:42:06.930+0000] {dagbag.py:588} INFO - Filling up the DagBag from /home/airflow/.local/lib/python3.12/site-packages/airflow/example_dags/example_branch_operator.py
[2024-11-14T17:42:07.079+0000] {processor.py:925} INFO - DAG(s) 'example_branch_operator' retrieved from /home/airflow/.local/lib/python3.12/site-packages/airflow/example_dags/example_branch_operator.py
[2024-11-14T17:42:09.335+0000] {logging_mixin.py:190} INFO - [2024-11-14T17:42:09.334+0000] {dag.py:3239} INFO - Sync 1 DAGs
[2024-11-14T17:42:09.405+0000] {logging_mixin.py:190} INFO - [2024-11-14T17:42:09.404+0000] {dag.py:4180} INFO - Setting next_dagrun for example_branch_operator to 2024-11-13 00:00:00+00:00, run_after=2024-11-14 00:00:00+00:00
[2024-11-14T17:42:09.468+0000] {processor.py:208} INFO - Processing /home/airflow/.local/lib/python3.12/site-packages/airflow/example_dags/example_branch_operator.py took 4.295 seconds
[2024-11-14T17:47:44.718+0000] {processor.py:186} INFO - Started process (PID=81) to work on /home/airflow/.local/lib/python3.12/site-packages/airflow/example_dags/example_branch_operator.py
[2024-11-14T17:47:44.721+0000] {processor.py:914} INFO - Processing file /home/airflow/.local/lib/python3.12/site-packages/airflow/example_dags/example_branch_operator.py for tasks to queue
[2024-11-14T17:47:44.726+0000] {logging_mixin.py:190} INFO - [2024-11-14T17:47:44.726+0000] {dagbag.py:588} INFO - Filling up the DagBag from /home/airflow/.local/lib/python3.12/site-packages/airflow/example_dags/example_branch_operator.py
[2024-11-14T17:47:44.777+0000] {processor.py:925} INFO - DAG(s) 'example_branch_operator' retrieved from /home/airflow/.local/lib/python3.12/site-packages/airflow/example_dags/example_branch_operator.py
[2024-11-14T17:47:45.144+0000] {logging_mixin.py:190} INFO - [2024-11-14T17:47:45.144+0000] {dag.py:3239} INFO - Sync 1 DAGs
[2024-11-14T17:47:45.202+0000] {logging_mixin.py:190} INFO - [2024-11-14T17:47:45.201+0000] {dag.py:4180} INFO - Setting next_dagrun for example_branch_operator to 2024-11-13 00:00:00+00:00, run_after=2024-11-14 00:00:00+00:00
[2024-11-14T17:47:45.255+0000] {processor.py:208} INFO - Processing /home/airflow/.local/lib/python3.12/site-packages/airflow/example_dags/example_branch_operator.py took 0.549 seconds
[2024-11-14T18:02:20.603+0000] {processor.py:186} INFO - Started process (PID=78) to work on /home/airflow/.local/lib/python3.12/site-packages/airflow/example_dags/example_branch_operator.py
[2024-11-14T18:02:20.606+0000] {processor.py:914} INFO - Processing file /home/airflow/.local/lib/python3.12/site-packages/airflow/example_dags/example_branch_operator.py for tasks to queue
[2024-11-14T18:02:20.613+0000] {logging_mixin.py:190} INFO - [2024-11-14T18:02:20.612+0000] {dagbag.py:588} INFO - Filling up the DagBag from /home/airflow/.local/lib/python3.12/site-packages/airflow/example_dags/example_branch_operator.py
[2024-11-14T18:02:20.664+0000] {processor.py:925} INFO - DAG(s) 'example_branch_operator' retrieved from /home/airflow/.local/lib/python3.12/site-packages/airflow/example_dags/example_branch_operator.py
[2024-11-14T18:02:21.012+0000] {logging_mixin.py:190} INFO - [2024-11-14T18:02:21.011+0000] {dag.py:3239} INFO - Sync 1 DAGs
[2024-11-14T18:02:21.068+0000] {logging_mixin.py:190} INFO - [2024-11-14T18:02:21.067+0000] {dag.py:4180} INFO - Setting next_dagrun for example_branch_operator to 2024-11-13 00:00:00+00:00, run_after=2024-11-14 00:00:00+00:00
[2024-11-14T18:02:21.118+0000] {processor.py:208} INFO - Processing /home/airflow/.local/lib/python3.12/site-packages/airflow/example_dags/example_branch_operator.py took 0.528 seconds
[2024-11-14T18:04:43.133+0000] {processor.py:186} INFO - Started process (PID=105) to work on /home/airflow/.local/lib/python3.12/site-packages/airflow/example_dags/example_branch_operator.py
[2024-11-14T18:04:43.136+0000] {processor.py:914} INFO - Processing file /home/airflow/.local/lib/python3.12/site-packages/airflow/example_dags/example_branch_operator.py for tasks to queue
[2024-11-14T18:04:43.141+0000] {logging_mixin.py:190} INFO - [2024-11-14T18:04:43.141+0000] {dagbag.py:588} INFO - Filling up the DagBag from /home/airflow/.local/lib/python3.12/site-packages/airflow/example_dags/example_branch_operator.py
[2024-11-14T18:04:43.192+0000] {processor.py:925} INFO - DAG(s) 'example_branch_operator' retrieved from /home/airflow/.local/lib/python3.12/site-packages/airflow/example_dags/example_branch_operator.py
[2024-11-14T18:04:43.262+0000] {logging_mixin.py:190} INFO - [2024-11-14T18:04:43.262+0000] {dag.py:3239} INFO - Sync 1 DAGs
[2024-11-14T18:04:43.311+0000] {logging_mixin.py:190} INFO - [2024-11-14T18:04:43.310+0000] {dag.py:4180} INFO - Setting next_dagrun for example_branch_operator to 2024-11-13 00:00:00+00:00, run_after=2024-11-14 00:00:00+00:00
[2024-11-14T18:04:43.349+0000] {processor.py:208} INFO - Processing /home/airflow/.local/lib/python3.12/site-packages/airflow/example_dags/example_branch_operator.py took 0.226 seconds
[2024-11-14T18:08:06.698+0000] {processor.py:186} INFO - Started process (PID=162) to work on /home/airflow/.local/lib/python3.12/site-packages/airflow/example_dags/example_branch_operator.py
[2024-11-14T18:08:06.699+0000] {processor.py:914} INFO - Processing file /home/airflow/.local/lib/python3.12/site-packages/airflow/example_dags/example_branch_operator.py for tasks to queue
[2024-11-14T18:08:06.704+0000] {logging_mixin.py:190} INFO - [2024-11-14T18:08:06.703+0000] {dagbag.py:588} INFO - Filling up the DagBag from /home/airflow/.local/lib/python3.12/site-packages/airflow/example_dags/example_branch_operator.py
[2024-11-14T18:08:06.738+0000] {processor.py:925} INFO - DAG(s) 'example_branch_operator' retrieved from /home/airflow/.local/lib/python3.12/site-packages/airflow/example_dags/example_branch_operator.py
[2024-11-14T18:08:06.800+0000] {logging_mixin.py:190} INFO - [2024-11-14T18:08:06.800+0000] {dag.py:3239} INFO - Sync 1 DAGs
[2024-11-14T18:08:06.845+0000] {logging_mixin.py:190} INFO - [2024-11-14T18:08:06.845+0000] {dag.py:4180} INFO - Setting next_dagrun for example_branch_operator to 2024-11-13 00:00:00+00:00, run_after=2024-11-14 00:00:00+00:00
[2024-11-14T18:08:06.888+0000] {processor.py:208} INFO - Processing /home/airflow/.local/lib/python3.12/site-packages/airflow/example_dags/example_branch_operator.py took 0.200 seconds
[2024-11-14T18:46:06.296+0000] {processor.py:186} INFO - Started process (PID=85) to work on /home/airflow/.local/lib/python3.12/site-packages/airflow/example_dags/example_branch_operator.py
[2024-11-14T18:46:06.434+0000] {processor.py:914} INFO - Processing file /home/airflow/.local/lib/python3.12/site-packages/airflow/example_dags/example_branch_operator.py for tasks to queue
[2024-11-14T18:46:06.903+0000] {logging_mixin.py:190} INFO - [2024-11-14T18:46:06.580+0000] {dagbag.py:588} INFO - Filling up the DagBag from /home/airflow/.local/lib/python3.12/site-packages/airflow/example_dags/example_branch_operator.py
[2024-11-14T18:46:22.039+0000] {processor.py:925} INFO - DAG(s) 'example_branch_operator' retrieved from /home/airflow/.local/lib/python3.12/site-packages/airflow/example_dags/example_branch_operator.py
[2024-11-14T18:47:38.829+0000] {processor.py:186} INFO - Started process (PID=103) to work on /home/airflow/.local/lib/python3.12/site-packages/airflow/example_dags/example_branch_operator.py
[2024-11-14T18:47:38.831+0000] {processor.py:914} INFO - Processing file /home/airflow/.local/lib/python3.12/site-packages/airflow/example_dags/example_branch_operator.py for tasks to queue
[2024-11-14T18:47:38.835+0000] {logging_mixin.py:190} INFO - [2024-11-14T18:47:38.835+0000] {dagbag.py:588} INFO - Filling up the DagBag from /home/airflow/.local/lib/python3.12/site-packages/airflow/example_dags/example_branch_operator.py
[2024-11-14T18:47:38.868+0000] {processor.py:925} INFO - DAG(s) 'example_branch_operator' retrieved from /home/airflow/.local/lib/python3.12/site-packages/airflow/example_dags/example_branch_operator.py
[2024-11-14T18:47:39.100+0000] {logging_mixin.py:190} INFO - [2024-11-14T18:47:39.099+0000] {dag.py:3239} INFO - Sync 1 DAGs
[2024-11-14T18:47:39.135+0000] {logging_mixin.py:190} INFO - [2024-11-14T18:47:39.134+0000] {dag.py:4180} INFO - Setting next_dagrun for example_branch_operator to 2024-11-13 00:00:00+00:00, run_after=2024-11-14 00:00:00+00:00
[2024-11-14T18:47:39.173+0000] {processor.py:208} INFO - Processing /home/airflow/.local/lib/python3.12/site-packages/airflow/example_dags/example_branch_operator.py took 0.355 seconds
[2024-11-14T19:01:36.980+0000] {processor.py:186} INFO - Started process (PID=83) to work on /home/airflow/.local/lib/python3.12/site-packages/airflow/example_dags/example_branch_operator.py
[2024-11-14T19:01:36.983+0000] {processor.py:914} INFO - Processing file /home/airflow/.local/lib/python3.12/site-packages/airflow/example_dags/example_branch_operator.py for tasks to queue
[2024-11-14T19:01:36.989+0000] {logging_mixin.py:190} INFO - [2024-11-14T19:01:36.988+0000] {dagbag.py:588} INFO - Filling up the DagBag from /home/airflow/.local/lib/python3.12/site-packages/airflow/example_dags/example_branch_operator.py
[2024-11-14T19:01:37.039+0000] {processor.py:925} INFO - DAG(s) 'example_branch_operator' retrieved from /home/airflow/.local/lib/python3.12/site-packages/airflow/example_dags/example_branch_operator.py
[2024-11-14T19:01:37.543+0000] {logging_mixin.py:190} INFO - [2024-11-14T19:01:37.543+0000] {dag.py:3239} INFO - Sync 1 DAGs
[2024-11-14T19:01:37.600+0000] {logging_mixin.py:190} INFO - [2024-11-14T19:01:37.599+0000] {dag.py:4180} INFO - Setting next_dagrun for example_branch_operator to 2024-11-13 00:00:00+00:00, run_after=2024-11-14 00:00:00+00:00
[2024-11-14T19:01:37.673+0000] {processor.py:208} INFO - Processing /home/airflow/.local/lib/python3.12/site-packages/airflow/example_dags/example_branch_operator.py took 0.717 seconds
[2024-11-14T19:15:51.817+0000] {processor.py:186} INFO - Started process (PID=62) to work on /home/airflow/.local/lib/python3.12/site-packages/airflow/example_dags/example_branch_operator.py
[2024-11-14T19:15:51.820+0000] {processor.py:914} INFO - Processing file /home/airflow/.local/lib/python3.12/site-packages/airflow/example_dags/example_branch_operator.py for tasks to queue
[2024-11-14T19:15:51.826+0000] {logging_mixin.py:190} INFO - [2024-11-14T19:15:51.823+0000] {dagbag.py:588} INFO - Filling up the DagBag from /home/airflow/.local/lib/python3.12/site-packages/airflow/example_dags/example_branch_operator.py
[2024-11-14T19:15:51.946+0000] {processor.py:925} INFO - DAG(s) 'example_branch_operator' retrieved from /home/airflow/.local/lib/python3.12/site-packages/airflow/example_dags/example_branch_operator.py
[2024-11-14T19:40:12.984+0000] {processor.py:186} INFO - Started process (PID=86) to work on /home/airflow/.local/lib/python3.12/site-packages/airflow/example_dags/example_branch_operator.py
[2024-11-14T19:40:12.986+0000] {processor.py:914} INFO - Processing file /home/airflow/.local/lib/python3.12/site-packages/airflow/example_dags/example_branch_operator.py for tasks to queue
[2024-11-14T19:40:12.992+0000] {logging_mixin.py:190} INFO - [2024-11-14T19:40:12.991+0000] {dagbag.py:588} INFO - Filling up the DagBag from /home/airflow/.local/lib/python3.12/site-packages/airflow/example_dags/example_branch_operator.py
[2024-11-14T19:40:13.038+0000] {processor.py:925} INFO - DAG(s) 'example_branch_operator' retrieved from /home/airflow/.local/lib/python3.12/site-packages/airflow/example_dags/example_branch_operator.py
[2024-11-14T19:40:13.396+0000] {logging_mixin.py:190} INFO - [2024-11-14T19:40:13.396+0000] {dag.py:3239} INFO - Sync 1 DAGs
[2024-11-14T19:40:13.466+0000] {logging_mixin.py:190} INFO - [2024-11-14T19:40:13.466+0000] {dag.py:4180} INFO - Setting next_dagrun for example_branch_operator to 2024-11-13 00:00:00+00:00, run_after=2024-11-14 00:00:00+00:00
[2024-11-14T19:40:13.523+0000] {processor.py:208} INFO - Processing /home/airflow/.local/lib/python3.12/site-packages/airflow/example_dags/example_branch_operator.py took 0.555 seconds
[2024-11-14T19:45:32.332+0000] {processor.py:186} INFO - Started process (PID=78) to work on /home/airflow/.local/lib/python3.12/site-packages/airflow/example_dags/example_branch_operator.py
[2024-11-14T19:45:32.335+0000] {processor.py:914} INFO - Processing file /home/airflow/.local/lib/python3.12/site-packages/airflow/example_dags/example_branch_operator.py for tasks to queue
[2024-11-14T19:45:32.340+0000] {logging_mixin.py:190} INFO - [2024-11-14T19:45:32.339+0000] {dagbag.py:588} INFO - Filling up the DagBag from /home/airflow/.local/lib/python3.12/site-packages/airflow/example_dags/example_branch_operator.py
[2024-11-14T19:45:32.385+0000] {processor.py:925} INFO - DAG(s) 'example_branch_operator' retrieved from /home/airflow/.local/lib/python3.12/site-packages/airflow/example_dags/example_branch_operator.py
[2024-11-14T19:45:32.756+0000] {logging_mixin.py:190} INFO - [2024-11-14T19:45:32.755+0000] {dag.py:3239} INFO - Sync 1 DAGs
[2024-11-14T19:45:32.812+0000] {logging_mixin.py:190} INFO - [2024-11-14T19:45:32.811+0000] {dag.py:4180} INFO - Setting next_dagrun for example_branch_operator to 2024-11-13 00:00:00+00:00, run_after=2024-11-14 00:00:00+00:00
[2024-11-14T19:45:32.855+0000] {processor.py:208} INFO - Processing /home/airflow/.local/lib/python3.12/site-packages/airflow/example_dags/example_branch_operator.py took 0.531 seconds
