[2024-11-14T17:03:02.369+0000] {processor.py:186} INFO - Started process (PID=89) to work on /home/airflow/.local/lib/python3.12/site-packages/airflow/example_dags/example_kubernetes_executor.py
[2024-11-14T17:03:02.370+0000] {processor.py:914} INFO - Processing file /home/airflow/.local/lib/python3.12/site-packages/airflow/example_dags/example_kubernetes_executor.py for tasks to queue
[2024-11-14T17:03:02.375+0000] {logging_mixin.py:190} INFO - [2024-11-14T17:03:02.375+0000] {dagbag.py:588} INFO - Filling up the DagBag from /home/airflow/.local/lib/python3.12/site-packages/airflow/example_dags/example_kubernetes_executor.py
[2024-11-14T17:03:02.411+0000] {processor.py:925} INFO - DAG(s) 'example_kubernetes_executor' retrieved from /home/airflow/.local/lib/python3.12/site-packages/airflow/example_dags/example_kubernetes_executor.py
[2024-11-14T17:03:02.607+0000] {logging_mixin.py:190} INFO - [2024-11-14T17:03:02.607+0000] {override.py:1900} INFO - Created Permission View: can read on DAG:example_kubernetes_executor
[2024-11-14T17:03:02.624+0000] {logging_mixin.py:190} INFO - [2024-11-14T17:03:02.624+0000] {override.py:1900} INFO - Created Permission View: can delete on DAG:example_kubernetes_executor
[2024-11-14T17:03:02.639+0000] {logging_mixin.py:190} INFO - [2024-11-14T17:03:02.639+0000] {override.py:1900} INFO - Created Permission View: can edit on DAG:example_kubernetes_executor
[2024-11-14T17:03:02.654+0000] {logging_mixin.py:190} INFO - [2024-11-14T17:03:02.652+0000] {override.py:1900} INFO - Created Permission View: can delete on DAG Run:example_kubernetes_executor
[2024-11-14T17:03:02.667+0000] {logging_mixin.py:190} INFO - [2024-11-14T17:03:02.667+0000] {override.py:1900} INFO - Created Permission View: can read on DAG Run:example_kubernetes_executor
[2024-11-14T17:03:02.679+0000] {logging_mixin.py:190} INFO - [2024-11-14T17:03:02.679+0000] {override.py:1900} INFO - Created Permission View: menu access on DAG Run:example_kubernetes_executor
[2024-11-14T17:03:02.692+0000] {logging_mixin.py:190} INFO - [2024-11-14T17:03:02.691+0000] {override.py:1900} INFO - Created Permission View: can create on DAG Run:example_kubernetes_executor
[2024-11-14T17:03:02.693+0000] {logging_mixin.py:190} INFO - [2024-11-14T17:03:02.692+0000] {dag.py:3239} INFO - Sync 1 DAGs
[2024-11-14T17:03:02.712+0000] {logging_mixin.py:190} INFO - [2024-11-14T17:03:02.711+0000] {dag.py:3262} INFO - Creating ORM DAG for example_kubernetes_executor
[2024-11-14T17:03:02.714+0000] {logging_mixin.py:190} INFO - [2024-11-14T17:03:02.713+0000] {dag.py:4180} INFO - Setting next_dagrun for example_kubernetes_executor to None, run_after=None
[2024-11-14T17:03:02.742+0000] {processor.py:208} INFO - Processing /home/airflow/.local/lib/python3.12/site-packages/airflow/example_dags/example_kubernetes_executor.py took 0.385 seconds
[2024-11-14T17:03:33.354+0000] {processor.py:186} INFO - Started process (PID=151) to work on /home/airflow/.local/lib/python3.12/site-packages/airflow/example_dags/example_kubernetes_executor.py
[2024-11-14T17:03:33.358+0000] {processor.py:914} INFO - Processing file /home/airflow/.local/lib/python3.12/site-packages/airflow/example_dags/example_kubernetes_executor.py for tasks to queue
[2024-11-14T17:03:33.366+0000] {logging_mixin.py:190} INFO - [2024-11-14T17:03:33.366+0000] {dagbag.py:588} INFO - Filling up the DagBag from /home/airflow/.local/lib/python3.12/site-packages/airflow/example_dags/example_kubernetes_executor.py
[2024-11-14T17:03:33.396+0000] {processor.py:925} INFO - DAG(s) 'example_kubernetes_executor' retrieved from /home/airflow/.local/lib/python3.12/site-packages/airflow/example_dags/example_kubernetes_executor.py
[2024-11-14T17:03:33.485+0000] {logging_mixin.py:190} INFO - [2024-11-14T17:03:33.484+0000] {dag.py:3239} INFO - Sync 1 DAGs
[2024-11-14T17:03:33.541+0000] {logging_mixin.py:190} INFO - [2024-11-14T17:03:33.540+0000] {dag.py:4180} INFO - Setting next_dagrun for example_kubernetes_executor to None, run_after=None
[2024-11-14T17:03:33.603+0000] {processor.py:208} INFO - Processing /home/airflow/.local/lib/python3.12/site-packages/airflow/example_dags/example_kubernetes_executor.py took 0.280 seconds
[2024-11-14T17:04:22.607+0000] {processor.py:186} INFO - Started process (PID=212) to work on /home/airflow/.local/lib/python3.12/site-packages/airflow/example_dags/example_kubernetes_executor.py
[2024-11-14T17:04:22.652+0000] {processor.py:914} INFO - Processing file /home/airflow/.local/lib/python3.12/site-packages/airflow/example_dags/example_kubernetes_executor.py for tasks to queue
[2024-11-14T17:04:22.657+0000] {logging_mixin.py:190} INFO - [2024-11-14T17:04:22.657+0000] {dagbag.py:588} INFO - Filling up the DagBag from /home/airflow/.local/lib/python3.12/site-packages/airflow/example_dags/example_kubernetes_executor.py
[2024-11-14T17:04:22.744+0000] {processor.py:925} INFO - DAG(s) 'example_kubernetes_executor' retrieved from /home/airflow/.local/lib/python3.12/site-packages/airflow/example_dags/example_kubernetes_executor.py
[2024-11-14T17:04:23.089+0000] {logging_mixin.py:190} INFO - [2024-11-14T17:04:23.089+0000] {dag.py:3239} INFO - Sync 1 DAGs
[2024-11-14T17:04:23.113+0000] {logging_mixin.py:190} INFO - [2024-11-14T17:04:23.112+0000] {dag.py:4180} INFO - Setting next_dagrun for example_kubernetes_executor to None, run_after=None
[2024-11-14T17:04:23.391+0000] {processor.py:208} INFO - Processing /home/airflow/.local/lib/python3.12/site-packages/airflow/example_dags/example_kubernetes_executor.py took 0.794 seconds
[2024-11-14T17:05:04.032+0000] {processor.py:186} INFO - Started process (PID=280) to work on /home/airflow/.local/lib/python3.12/site-packages/airflow/example_dags/example_kubernetes_executor.py
[2024-11-14T17:05:04.036+0000] {processor.py:914} INFO - Processing file /home/airflow/.local/lib/python3.12/site-packages/airflow/example_dags/example_kubernetes_executor.py for tasks to queue
[2024-11-14T17:05:04.043+0000] {logging_mixin.py:190} INFO - [2024-11-14T17:05:04.040+0000] {dagbag.py:588} INFO - Filling up the DagBag from /home/airflow/.local/lib/python3.12/site-packages/airflow/example_dags/example_kubernetes_executor.py
[2024-11-14T17:05:04.142+0000] {processor.py:925} INFO - DAG(s) 'example_kubernetes_executor' retrieved from /home/airflow/.local/lib/python3.12/site-packages/airflow/example_dags/example_kubernetes_executor.py
[2024-11-14T17:05:04.331+0000] {logging_mixin.py:190} INFO - [2024-11-14T17:05:04.330+0000] {dag.py:3239} INFO - Sync 1 DAGs
[2024-11-14T17:05:04.431+0000] {logging_mixin.py:190} INFO - [2024-11-14T17:05:04.430+0000] {dag.py:4180} INFO - Setting next_dagrun for example_kubernetes_executor to None, run_after=None
[2024-11-14T17:05:04.527+0000] {processor.py:208} INFO - Processing /home/airflow/.local/lib/python3.12/site-packages/airflow/example_dags/example_kubernetes_executor.py took 0.980 seconds
[2024-11-14T17:06:01.585+0000] {processor.py:186} INFO - Started process (PID=336) to work on /home/airflow/.local/lib/python3.12/site-packages/airflow/example_dags/example_kubernetes_executor.py
[2024-11-14T17:06:01.589+0000] {processor.py:914} INFO - Processing file /home/airflow/.local/lib/python3.12/site-packages/airflow/example_dags/example_kubernetes_executor.py for tasks to queue
[2024-11-14T17:06:01.641+0000] {logging_mixin.py:190} INFO - [2024-11-14T17:06:01.641+0000] {dagbag.py:588} INFO - Filling up the DagBag from /home/airflow/.local/lib/python3.12/site-packages/airflow/example_dags/example_kubernetes_executor.py
[2024-11-14T17:06:01.738+0000] {processor.py:925} INFO - DAG(s) 'example_kubernetes_executor' retrieved from /home/airflow/.local/lib/python3.12/site-packages/airflow/example_dags/example_kubernetes_executor.py
[2024-11-14T17:06:01.959+0000] {logging_mixin.py:190} INFO - [2024-11-14T17:06:01.958+0000] {dag.py:3239} INFO - Sync 1 DAGs
[2024-11-14T17:06:02.049+0000] {logging_mixin.py:190} INFO - [2024-11-14T17:06:02.049+0000] {dag.py:4180} INFO - Setting next_dagrun for example_kubernetes_executor to None, run_after=None
[2024-11-14T17:06:02.097+0000] {processor.py:208} INFO - Processing /home/airflow/.local/lib/python3.12/site-packages/airflow/example_dags/example_kubernetes_executor.py took 0.536 seconds
[2024-11-14T18:04:48.520+0000] {processor.py:186} INFO - Started process (PID=131) to work on /home/airflow/.local/lib/python3.12/site-packages/airflow/example_dags/example_kubernetes_executor.py
[2024-11-14T18:04:48.526+0000] {processor.py:914} INFO - Processing file /home/airflow/.local/lib/python3.12/site-packages/airflow/example_dags/example_kubernetes_executor.py for tasks to queue
[2024-11-14T18:04:48.531+0000] {logging_mixin.py:190} INFO - [2024-11-14T18:04:48.531+0000] {dagbag.py:588} INFO - Filling up the DagBag from /home/airflow/.local/lib/python3.12/site-packages/airflow/example_dags/example_kubernetes_executor.py
[2024-11-14T18:04:48.575+0000] {processor.py:925} INFO - DAG(s) 'example_kubernetes_executor' retrieved from /home/airflow/.local/lib/python3.12/site-packages/airflow/example_dags/example_kubernetes_executor.py
[2024-11-14T18:04:48.707+0000] {logging_mixin.py:190} INFO - [2024-11-14T18:04:48.706+0000] {dag.py:3239} INFO - Sync 1 DAGs
[2024-11-14T18:04:48.752+0000] {logging_mixin.py:190} INFO - [2024-11-14T18:04:48.750+0000] {dag.py:4180} INFO - Setting next_dagrun for example_kubernetes_executor to None, run_after=None
[2024-11-14T18:04:48.803+0000] {processor.py:208} INFO - Processing /home/airflow/.local/lib/python3.12/site-packages/airflow/example_dags/example_kubernetes_executor.py took 0.300 seconds
[2024-11-14T18:47:43.846+0000] {processor.py:186} INFO - Started process (PID=129) to work on /home/airflow/.local/lib/python3.12/site-packages/airflow/example_dags/example_kubernetes_executor.py
[2024-11-14T18:47:43.848+0000] {processor.py:914} INFO - Processing file /home/airflow/.local/lib/python3.12/site-packages/airflow/example_dags/example_kubernetes_executor.py for tasks to queue
[2024-11-14T18:47:43.853+0000] {logging_mixin.py:190} INFO - [2024-11-14T18:47:43.852+0000] {dagbag.py:588} INFO - Filling up the DagBag from /home/airflow/.local/lib/python3.12/site-packages/airflow/example_dags/example_kubernetes_executor.py
[2024-11-14T18:47:43.891+0000] {processor.py:925} INFO - DAG(s) 'example_kubernetes_executor' retrieved from /home/airflow/.local/lib/python3.12/site-packages/airflow/example_dags/example_kubernetes_executor.py
[2024-11-14T18:47:44.475+0000] {logging_mixin.py:190} INFO - [2024-11-14T18:47:44.472+0000] {dag.py:3239} INFO - Sync 1 DAGs
[2024-11-14T18:47:44.506+0000] {logging_mixin.py:190} INFO - [2024-11-14T18:47:44.505+0000] {dag.py:4180} INFO - Setting next_dagrun for example_kubernetes_executor to None, run_after=None
[2024-11-14T18:47:44.648+0000] {processor.py:208} INFO - Processing /home/airflow/.local/lib/python3.12/site-packages/airflow/example_dags/example_kubernetes_executor.py took 0.816 seconds
[2024-11-14T19:40:20.340+0000] {processor.py:186} INFO - Started process (PID=112) to work on /home/airflow/.local/lib/python3.12/site-packages/airflow/example_dags/example_kubernetes_executor.py
[2024-11-14T19:40:20.342+0000] {processor.py:914} INFO - Processing file /home/airflow/.local/lib/python3.12/site-packages/airflow/example_dags/example_kubernetes_executor.py for tasks to queue
[2024-11-14T19:40:20.348+0000] {logging_mixin.py:190} INFO - [2024-11-14T19:40:20.347+0000] {dagbag.py:588} INFO - Filling up the DagBag from /home/airflow/.local/lib/python3.12/site-packages/airflow/example_dags/example_kubernetes_executor.py
[2024-11-14T19:40:20.388+0000] {processor.py:925} INFO - DAG(s) 'example_kubernetes_executor' retrieved from /home/airflow/.local/lib/python3.12/site-packages/airflow/example_dags/example_kubernetes_executor.py
[2024-11-14T19:40:20.557+0000] {logging_mixin.py:190} INFO - [2024-11-14T19:40:20.556+0000] {dag.py:3239} INFO - Sync 1 DAGs
[2024-11-14T19:40:20.595+0000] {logging_mixin.py:190} INFO - [2024-11-14T19:40:20.592+0000] {dag.py:4180} INFO - Setting next_dagrun for example_kubernetes_executor to None, run_after=None
[2024-11-14T19:40:20.644+0000] {processor.py:208} INFO - Processing /home/airflow/.local/lib/python3.12/site-packages/airflow/example_dags/example_kubernetes_executor.py took 0.317 seconds
