[2024-11-14T17:03:06.080+0000] {processor.py:186} INFO - Started process (PID=98) to work on /home/airflow/.local/lib/python3.12/site-packages/airflow/example_dags/example_complex.py
[2024-11-14T17:03:06.082+0000] {processor.py:914} INFO - Processing file /home/airflow/.local/lib/python3.12/site-packages/airflow/example_dags/example_complex.py for tasks to queue
[2024-11-14T17:03:06.086+0000] {logging_mixin.py:190} INFO - [2024-11-14T17:03:06.085+0000] {dagbag.py:588} INFO - Filling up the DagBag from /home/airflow/.local/lib/python3.12/site-packages/airflow/example_dags/example_complex.py
[2024-11-14T17:03:06.129+0000] {processor.py:925} INFO - DAG(s) 'example_complex' retrieved from /home/airflow/.local/lib/python3.12/site-packages/airflow/example_dags/example_complex.py
[2024-11-14T17:03:06.724+0000] {logging_mixin.py:190} INFO - [2024-11-14T17:03:06.722+0000] {override.py:1900} INFO - Created Permission View: can read on DAG:example_complex
[2024-11-14T17:03:06.837+0000] {logging_mixin.py:190} INFO - [2024-11-14T17:03:06.837+0000] {override.py:1900} INFO - Created Permission View: can delete on DAG:example_complex
[2024-11-14T17:03:06.916+0000] {logging_mixin.py:190} INFO - [2024-11-14T17:03:06.916+0000] {override.py:1900} INFO - Created Permission View: can edit on DAG:example_complex
[2024-11-14T17:03:07.130+0000] {logging_mixin.py:190} INFO - [2024-11-14T17:03:07.130+0000] {override.py:1900} INFO - Created Permission View: can delete on DAG Run:example_complex
[2024-11-14T17:03:07.246+0000] {logging_mixin.py:190} INFO - [2024-11-14T17:03:07.245+0000] {override.py:1900} INFO - Created Permission View: can read on DAG Run:example_complex
[2024-11-14T17:03:07.377+0000] {logging_mixin.py:190} INFO - [2024-11-14T17:03:07.377+0000] {override.py:1900} INFO - Created Permission View: menu access on DAG Run:example_complex
[2024-11-14T17:03:07.583+0000] {logging_mixin.py:190} INFO - [2024-11-14T17:03:07.582+0000] {override.py:1900} INFO - Created Permission View: can create on DAG Run:example_complex
[2024-11-14T17:03:07.585+0000] {logging_mixin.py:190} INFO - [2024-11-14T17:03:07.584+0000] {dag.py:3239} INFO - Sync 1 DAGs
[2024-11-14T17:03:07.601+0000] {logging_mixin.py:190} INFO - [2024-11-14T17:03:07.601+0000] {dag.py:3262} INFO - Creating ORM DAG for example_complex
[2024-11-14T17:03:07.603+0000] {logging_mixin.py:190} INFO - [2024-11-14T17:03:07.603+0000] {dag.py:4180} INFO - Setting next_dagrun for example_complex to None, run_after=None
[2024-11-14T17:03:07.755+0000] {processor.py:208} INFO - Processing /home/airflow/.local/lib/python3.12/site-packages/airflow/example_dags/example_complex.py took 1.681 seconds
[2024-11-14T17:03:38.294+0000] {processor.py:186} INFO - Started process (PID=165) to work on /home/airflow/.local/lib/python3.12/site-packages/airflow/example_dags/example_complex.py
[2024-11-14T17:03:38.296+0000] {processor.py:914} INFO - Processing file /home/airflow/.local/lib/python3.12/site-packages/airflow/example_dags/example_complex.py for tasks to queue
[2024-11-14T17:03:38.301+0000] {logging_mixin.py:190} INFO - [2024-11-14T17:03:38.300+0000] {dagbag.py:588} INFO - Filling up the DagBag from /home/airflow/.local/lib/python3.12/site-packages/airflow/example_dags/example_complex.py
[2024-11-14T17:03:38.322+0000] {processor.py:925} INFO - DAG(s) 'example_complex' retrieved from /home/airflow/.local/lib/python3.12/site-packages/airflow/example_dags/example_complex.py
[2024-11-14T17:03:38.385+0000] {logging_mixin.py:190} INFO - [2024-11-14T17:03:38.384+0000] {dag.py:3239} INFO - Sync 1 DAGs
[2024-11-14T17:03:38.407+0000] {logging_mixin.py:190} INFO - [2024-11-14T17:03:38.406+0000] {dag.py:4180} INFO - Setting next_dagrun for example_complex to None, run_after=None
[2024-11-14T17:03:38.441+0000] {processor.py:208} INFO - Processing /home/airflow/.local/lib/python3.12/site-packages/airflow/example_dags/example_complex.py took 0.155 seconds
[2024-11-14T17:04:26.303+0000] {processor.py:186} INFO - Started process (PID=227) to work on /home/airflow/.local/lib/python3.12/site-packages/airflow/example_dags/example_complex.py
[2024-11-14T17:04:26.304+0000] {processor.py:914} INFO - Processing file /home/airflow/.local/lib/python3.12/site-packages/airflow/example_dags/example_complex.py for tasks to queue
[2024-11-14T17:04:26.308+0000] {logging_mixin.py:190} INFO - [2024-11-14T17:04:26.307+0000] {dagbag.py:588} INFO - Filling up the DagBag from /home/airflow/.local/lib/python3.12/site-packages/airflow/example_dags/example_complex.py
[2024-11-14T17:04:26.364+0000] {processor.py:925} INFO - DAG(s) 'example_complex' retrieved from /home/airflow/.local/lib/python3.12/site-packages/airflow/example_dags/example_complex.py
[2024-11-14T17:04:26.440+0000] {logging_mixin.py:190} INFO - [2024-11-14T17:04:26.439+0000] {dag.py:3239} INFO - Sync 1 DAGs
[2024-11-14T17:04:26.532+0000] {logging_mixin.py:190} INFO - [2024-11-14T17:04:26.532+0000] {dag.py:4180} INFO - Setting next_dagrun for example_complex to None, run_after=None
[2024-11-14T17:04:26.626+0000] {processor.py:208} INFO - Processing /home/airflow/.local/lib/python3.12/site-packages/airflow/example_dags/example_complex.py took 0.332 seconds
[2024-11-14T17:06:03.311+0000] {processor.py:186} INFO - Started process (PID=345) to work on /home/airflow/.local/lib/python3.12/site-packages/airflow/example_dags/example_complex.py
[2024-11-14T17:06:03.314+0000] {processor.py:914} INFO - Processing file /home/airflow/.local/lib/python3.12/site-packages/airflow/example_dags/example_complex.py for tasks to queue
[2024-11-14T17:06:03.330+0000] {logging_mixin.py:190} INFO - [2024-11-14T17:06:03.329+0000] {dagbag.py:588} INFO - Filling up the DagBag from /home/airflow/.local/lib/python3.12/site-packages/airflow/example_dags/example_complex.py
[2024-11-14T17:06:03.394+0000] {processor.py:925} INFO - DAG(s) 'example_complex' retrieved from /home/airflow/.local/lib/python3.12/site-packages/airflow/example_dags/example_complex.py
[2024-11-14T17:06:03.497+0000] {logging_mixin.py:190} INFO - [2024-11-14T17:06:03.497+0000] {dag.py:3239} INFO - Sync 1 DAGs
[2024-11-14T17:06:03.533+0000] {logging_mixin.py:190} INFO - [2024-11-14T17:06:03.532+0000] {dag.py:4180} INFO - Setting next_dagrun for example_complex to None, run_after=None
[2024-11-14T17:06:03.603+0000] {processor.py:208} INFO - Processing /home/airflow/.local/lib/python3.12/site-packages/airflow/example_dags/example_complex.py took 0.331 seconds
[2024-11-14T18:07:11.852+0000] {processor.py:186} INFO - Started process (PID=140) to work on /home/airflow/.local/lib/python3.12/site-packages/airflow/example_dags/example_complex.py
[2024-11-14T18:07:11.855+0000] {processor.py:914} INFO - Processing file /home/airflow/.local/lib/python3.12/site-packages/airflow/example_dags/example_complex.py for tasks to queue
[2024-11-14T18:07:11.881+0000] {logging_mixin.py:190} INFO - [2024-11-14T18:07:11.880+0000] {dagbag.py:588} INFO - Filling up the DagBag from /home/airflow/.local/lib/python3.12/site-packages/airflow/example_dags/example_complex.py
[2024-11-14T18:07:11.917+0000] {processor.py:925} INFO - DAG(s) 'example_complex' retrieved from /home/airflow/.local/lib/python3.12/site-packages/airflow/example_dags/example_complex.py
[2024-11-14T18:47:59.700+0000] {processor.py:186} INFO - Started process (PID=138) to work on /home/airflow/.local/lib/python3.12/site-packages/airflow/example_dags/example_complex.py
[2024-11-14T18:47:59.720+0000] {processor.py:914} INFO - Processing file /home/airflow/.local/lib/python3.12/site-packages/airflow/example_dags/example_complex.py for tasks to queue
[2024-11-14T18:47:59.734+0000] {logging_mixin.py:190} INFO - [2024-11-14T18:47:59.726+0000] {dagbag.py:588} INFO - Filling up the DagBag from /home/airflow/.local/lib/python3.12/site-packages/airflow/example_dags/example_complex.py
[2024-11-14T18:47:59.842+0000] {processor.py:925} INFO - DAG(s) 'example_complex' retrieved from /home/airflow/.local/lib/python3.12/site-packages/airflow/example_dags/example_complex.py
[2024-11-14T19:40:22.683+0000] {processor.py:186} INFO - Started process (PID=121) to work on /home/airflow/.local/lib/python3.12/site-packages/airflow/example_dags/example_complex.py
[2024-11-14T19:40:22.686+0000] {processor.py:914} INFO - Processing file /home/airflow/.local/lib/python3.12/site-packages/airflow/example_dags/example_complex.py for tasks to queue
[2024-11-14T19:40:22.691+0000] {logging_mixin.py:190} INFO - [2024-11-14T19:40:22.690+0000] {dagbag.py:588} INFO - Filling up the DagBag from /home/airflow/.local/lib/python3.12/site-packages/airflow/example_dags/example_complex.py
[2024-11-14T19:40:22.719+0000] {processor.py:925} INFO - DAG(s) 'example_complex' retrieved from /home/airflow/.local/lib/python3.12/site-packages/airflow/example_dags/example_complex.py
[2024-11-14T19:40:22.795+0000] {logging_mixin.py:190} INFO - [2024-11-14T19:40:22.794+0000] {dag.py:3239} INFO - Sync 1 DAGs
[2024-11-14T19:40:22.832+0000] {logging_mixin.py:190} INFO - [2024-11-14T19:40:22.832+0000] {dag.py:4180} INFO - Setting next_dagrun for example_complex to None, run_after=None
[2024-11-14T19:40:22.875+0000] {processor.py:208} INFO - Processing /home/airflow/.local/lib/python3.12/site-packages/airflow/example_dags/example_complex.py took 0.208 seconds
