[2024-11-14T16:59:53.850+0000] {processor.py:186} INFO - Started process (PID=134) to work on /home/airflow/.local/lib/python3.12/site-packages/airflow/example_dags/tutorial_objectstorage.py
[2024-11-14T16:59:53.857+0000] {processor.py:914} INFO - Processing file /home/airflow/.local/lib/python3.12/site-packages/airflow/example_dags/tutorial_objectstorage.py for tasks to queue
[2024-11-14T16:59:53.869+0000] {logging_mixin.py:190} INFO - [2024-11-14T16:59:53.866+0000] {dagbag.py:588} INFO - Filling up the DagBag from /home/airflow/.local/lib/python3.12/site-packages/airflow/example_dags/tutorial_objectstorage.py
[2024-11-14T16:59:54.010+0000] {processor.py:925} INFO - DAG(s) 'tutorial_objectstorage' retrieved from /home/airflow/.local/lib/python3.12/site-packages/airflow/example_dags/tutorial_objectstorage.py
[2024-11-14T16:59:54.071+0000] {logging_mixin.py:190} INFO - [2024-11-14T16:59:54.071+0000] {dag.py:3239} INFO - Sync 1 DAGs
[2024-11-14T16:59:54.116+0000] {logging_mixin.py:190} INFO - [2024-11-14T16:59:54.115+0000] {dag.py:4180} INFO - Setting next_dagrun for tutorial_objectstorage to None, run_after=None
[2024-11-14T16:59:54.198+0000] {processor.py:208} INFO - Processing /home/airflow/.local/lib/python3.12/site-packages/airflow/example_dags/tutorial_objectstorage.py took 0.373 seconds
[2024-11-14T17:02:58.278+0000] {processor.py:186} INFO - Started process (PID=75) to work on /home/airflow/.local/lib/python3.12/site-packages/airflow/example_dags/tutorial_objectstorage.py
[2024-11-14T17:02:58.281+0000] {processor.py:914} INFO - Processing file /home/airflow/.local/lib/python3.12/site-packages/airflow/example_dags/tutorial_objectstorage.py for tasks to queue
[2024-11-14T17:02:58.285+0000] {logging_mixin.py:190} INFO - [2024-11-14T17:02:58.285+0000] {dagbag.py:588} INFO - Filling up the DagBag from /home/airflow/.local/lib/python3.12/site-packages/airflow/example_dags/tutorial_objectstorage.py
[2024-11-14T17:02:58.301+0000] {processor.py:925} INFO - DAG(s) 'tutorial_objectstorage' retrieved from /home/airflow/.local/lib/python3.12/site-packages/airflow/example_dags/tutorial_objectstorage.py
[2024-11-14T17:02:58.373+0000] {logging_mixin.py:190} INFO - [2024-11-14T17:02:58.372+0000] {dag.py:3239} INFO - Sync 1 DAGs
[2024-11-14T17:02:58.403+0000] {logging_mixin.py:190} INFO - [2024-11-14T17:02:58.402+0000] {dag.py:4180} INFO - Setting next_dagrun for tutorial_objectstorage to None, run_after=None
[2024-11-14T17:02:58.446+0000] {processor.py:208} INFO - Processing /home/airflow/.local/lib/python3.12/site-packages/airflow/example_dags/tutorial_objectstorage.py took 0.181 seconds
[2024-11-14T17:03:29.396+0000] {processor.py:186} INFO - Started process (PID=137) to work on /home/airflow/.local/lib/python3.12/site-packages/airflow/example_dags/tutorial_objectstorage.py
[2024-11-14T17:03:29.397+0000] {processor.py:914} INFO - Processing file /home/airflow/.local/lib/python3.12/site-packages/airflow/example_dags/tutorial_objectstorage.py for tasks to queue
[2024-11-14T17:03:29.402+0000] {logging_mixin.py:190} INFO - [2024-11-14T17:03:29.401+0000] {dagbag.py:588} INFO - Filling up the DagBag from /home/airflow/.local/lib/python3.12/site-packages/airflow/example_dags/tutorial_objectstorage.py
[2024-11-14T17:03:29.424+0000] {processor.py:925} INFO - DAG(s) 'tutorial_objectstorage' retrieved from /home/airflow/.local/lib/python3.12/site-packages/airflow/example_dags/tutorial_objectstorage.py
[2024-11-14T17:03:29.465+0000] {logging_mixin.py:190} INFO - [2024-11-14T17:03:29.465+0000] {dag.py:3239} INFO - Sync 1 DAGs
[2024-11-14T17:03:29.497+0000] {logging_mixin.py:190} INFO - [2024-11-14T17:03:29.497+0000] {dag.py:4180} INFO - Setting next_dagrun for tutorial_objectstorage to None, run_after=None
[2024-11-14T17:03:29.555+0000] {processor.py:208} INFO - Processing /home/airflow/.local/lib/python3.12/site-packages/airflow/example_dags/tutorial_objectstorage.py took 0.171 seconds
[2024-11-14T17:04:17.432+0000] {processor.py:186} INFO - Started process (PID=198) to work on /home/airflow/.local/lib/python3.12/site-packages/airflow/example_dags/tutorial_objectstorage.py
[2024-11-14T17:04:17.456+0000] {processor.py:914} INFO - Processing file /home/airflow/.local/lib/python3.12/site-packages/airflow/example_dags/tutorial_objectstorage.py for tasks to queue
[2024-11-14T17:04:17.466+0000] {logging_mixin.py:190} INFO - [2024-11-14T17:04:17.465+0000] {dagbag.py:588} INFO - Filling up the DagBag from /home/airflow/.local/lib/python3.12/site-packages/airflow/example_dags/tutorial_objectstorage.py
[2024-11-14T17:04:17.528+0000] {processor.py:925} INFO - DAG(s) 'tutorial_objectstorage' retrieved from /home/airflow/.local/lib/python3.12/site-packages/airflow/example_dags/tutorial_objectstorage.py
[2024-11-14T17:04:17.623+0000] {logging_mixin.py:190} INFO - [2024-11-14T17:04:17.623+0000] {dag.py:3239} INFO - Sync 1 DAGs
[2024-11-14T17:04:17.664+0000] {logging_mixin.py:190} INFO - [2024-11-14T17:04:17.664+0000] {dag.py:4180} INFO - Setting next_dagrun for tutorial_objectstorage to None, run_after=None
[2024-11-14T17:04:17.755+0000] {processor.py:208} INFO - Processing /home/airflow/.local/lib/python3.12/site-packages/airflow/example_dags/tutorial_objectstorage.py took 0.338 seconds
[2024-11-14T17:04:48.937+0000] {processor.py:186} INFO - Started process (PID=260) to work on /home/airflow/.local/lib/python3.12/site-packages/airflow/example_dags/tutorial_objectstorage.py
[2024-11-14T17:04:48.950+0000] {processor.py:914} INFO - Processing file /home/airflow/.local/lib/python3.12/site-packages/airflow/example_dags/tutorial_objectstorage.py for tasks to queue
[2024-11-14T17:04:48.956+0000] {logging_mixin.py:190} INFO - [2024-11-14T17:04:48.954+0000] {dagbag.py:588} INFO - Filling up the DagBag from /home/airflow/.local/lib/python3.12/site-packages/airflow/example_dags/tutorial_objectstorage.py
[2024-11-14T17:04:49.011+0000] {processor.py:925} INFO - DAG(s) 'tutorial_objectstorage' retrieved from /home/airflow/.local/lib/python3.12/site-packages/airflow/example_dags/tutorial_objectstorage.py
[2024-11-14T17:04:49.061+0000] {logging_mixin.py:190} INFO - [2024-11-14T17:04:49.061+0000] {dag.py:3239} INFO - Sync 1 DAGs
[2024-11-14T17:04:49.097+0000] {logging_mixin.py:190} INFO - [2024-11-14T17:04:49.097+0000] {dag.py:4180} INFO - Setting next_dagrun for tutorial_objectstorage to None, run_after=None
[2024-11-14T17:04:49.149+0000] {processor.py:208} INFO - Processing /home/airflow/.local/lib/python3.12/site-packages/airflow/example_dags/tutorial_objectstorage.py took 0.223 seconds
[2024-11-14T17:05:55.468+0000] {processor.py:186} INFO - Started process (PID=322) to work on /home/airflow/.local/lib/python3.12/site-packages/airflow/example_dags/tutorial_objectstorage.py
[2024-11-14T17:05:55.473+0000] {processor.py:914} INFO - Processing file /home/airflow/.local/lib/python3.12/site-packages/airflow/example_dags/tutorial_objectstorage.py for tasks to queue
[2024-11-14T17:05:55.484+0000] {logging_mixin.py:190} INFO - [2024-11-14T17:05:55.483+0000] {dagbag.py:588} INFO - Filling up the DagBag from /home/airflow/.local/lib/python3.12/site-packages/airflow/example_dags/tutorial_objectstorage.py
[2024-11-14T17:05:55.518+0000] {processor.py:925} INFO - DAG(s) 'tutorial_objectstorage' retrieved from /home/airflow/.local/lib/python3.12/site-packages/airflow/example_dags/tutorial_objectstorage.py
[2024-11-14T17:05:55.613+0000] {logging_mixin.py:190} INFO - [2024-11-14T17:05:55.612+0000] {dag.py:3239} INFO - Sync 1 DAGs
[2024-11-14T17:05:55.684+0000] {logging_mixin.py:190} INFO - [2024-11-14T17:05:55.683+0000] {dag.py:4180} INFO - Setting next_dagrun for tutorial_objectstorage to None, run_after=None
[2024-11-14T17:05:55.787+0000] {processor.py:208} INFO - Processing /home/airflow/.local/lib/python3.12/site-packages/airflow/example_dags/tutorial_objectstorage.py took 0.344 seconds
[2024-11-14T17:06:26.171+0000] {processor.py:186} INFO - Started process (PID=384) to work on /home/airflow/.local/lib/python3.12/site-packages/airflow/example_dags/tutorial_objectstorage.py
[2024-11-14T17:06:26.172+0000] {processor.py:914} INFO - Processing file /home/airflow/.local/lib/python3.12/site-packages/airflow/example_dags/tutorial_objectstorage.py for tasks to queue
[2024-11-14T17:06:26.175+0000] {logging_mixin.py:190} INFO - [2024-11-14T17:06:26.175+0000] {dagbag.py:588} INFO - Filling up the DagBag from /home/airflow/.local/lib/python3.12/site-packages/airflow/example_dags/tutorial_objectstorage.py
[2024-11-14T17:06:26.186+0000] {processor.py:925} INFO - DAG(s) 'tutorial_objectstorage' retrieved from /home/airflow/.local/lib/python3.12/site-packages/airflow/example_dags/tutorial_objectstorage.py
[2024-11-14T17:06:26.207+0000] {logging_mixin.py:190} INFO - [2024-11-14T17:06:26.207+0000] {dag.py:3239} INFO - Sync 1 DAGs
[2024-11-14T17:06:26.221+0000] {logging_mixin.py:190} INFO - [2024-11-14T17:06:26.221+0000] {dag.py:4180} INFO - Setting next_dagrun for tutorial_objectstorage to None, run_after=None
[2024-11-14T17:06:26.410+0000] {processor.py:208} INFO - Processing /home/airflow/.local/lib/python3.12/site-packages/airflow/example_dags/tutorial_objectstorage.py took 0.246 seconds
[2024-11-14T17:21:10.866+0000] {processor.py:186} INFO - Started process (PID=94) to work on /home/airflow/.local/lib/python3.12/site-packages/airflow/example_dags/tutorial_objectstorage.py
[2024-11-14T17:21:10.873+0000] {processor.py:914} INFO - Processing file /home/airflow/.local/lib/python3.12/site-packages/airflow/example_dags/tutorial_objectstorage.py for tasks to queue
[2024-11-14T17:21:10.889+0000] {logging_mixin.py:190} INFO - [2024-11-14T17:21:10.887+0000] {dagbag.py:588} INFO - Filling up the DagBag from /home/airflow/.local/lib/python3.12/site-packages/airflow/example_dags/tutorial_objectstorage.py
[2024-11-14T17:21:10.926+0000] {processor.py:925} INFO - DAG(s) 'tutorial_objectstorage' retrieved from /home/airflow/.local/lib/python3.12/site-packages/airflow/example_dags/tutorial_objectstorage.py
[2024-11-14T17:21:10.999+0000] {logging_mixin.py:190} INFO - [2024-11-14T17:21:10.999+0000] {dag.py:3239} INFO - Sync 1 DAGs
[2024-11-14T17:21:11.050+0000] {logging_mixin.py:190} INFO - [2024-11-14T17:21:11.050+0000] {dag.py:4180} INFO - Setting next_dagrun for tutorial_objectstorage to None, run_after=None
[2024-11-14T17:21:11.151+0000] {processor.py:208} INFO - Processing /home/airflow/.local/lib/python3.12/site-packages/airflow/example_dags/tutorial_objectstorage.py took 0.306 seconds
[2024-11-14T17:42:14.364+0000] {processor.py:186} INFO - Started process (PID=70) to work on /home/airflow/.local/lib/python3.12/site-packages/airflow/example_dags/tutorial_objectstorage.py
[2024-11-14T17:42:14.367+0000] {processor.py:914} INFO - Processing file /home/airflow/.local/lib/python3.12/site-packages/airflow/example_dags/tutorial_objectstorage.py for tasks to queue
[2024-11-14T17:42:14.370+0000] {logging_mixin.py:190} INFO - [2024-11-14T17:42:14.369+0000] {dagbag.py:588} INFO - Filling up the DagBag from /home/airflow/.local/lib/python3.12/site-packages/airflow/example_dags/tutorial_objectstorage.py
[2024-11-14T17:42:14.393+0000] {processor.py:925} INFO - DAG(s) 'tutorial_objectstorage' retrieved from /home/airflow/.local/lib/python3.12/site-packages/airflow/example_dags/tutorial_objectstorage.py
[2024-11-14T17:42:14.454+0000] {logging_mixin.py:190} INFO - [2024-11-14T17:42:14.453+0000] {dag.py:3239} INFO - Sync 1 DAGs
[2024-11-14T17:42:14.500+0000] {logging_mixin.py:190} INFO - [2024-11-14T17:42:14.499+0000] {dag.py:4180} INFO - Setting next_dagrun for tutorial_objectstorage to None, run_after=None
[2024-11-14T17:42:14.556+0000] {processor.py:208} INFO - Processing /home/airflow/.local/lib/python3.12/site-packages/airflow/example_dags/tutorial_objectstorage.py took 0.205 seconds
[2024-11-14T17:47:47.536+0000] {processor.py:186} INFO - Started process (PID=93) to work on /home/airflow/.local/lib/python3.12/site-packages/airflow/example_dags/tutorial_objectstorage.py
[2024-11-14T17:47:47.539+0000] {processor.py:914} INFO - Processing file /home/airflow/.local/lib/python3.12/site-packages/airflow/example_dags/tutorial_objectstorage.py for tasks to queue
[2024-11-14T17:47:47.544+0000] {logging_mixin.py:190} INFO - [2024-11-14T17:47:47.543+0000] {dagbag.py:588} INFO - Filling up the DagBag from /home/airflow/.local/lib/python3.12/site-packages/airflow/example_dags/tutorial_objectstorage.py
[2024-11-14T17:47:47.568+0000] {processor.py:925} INFO - DAG(s) 'tutorial_objectstorage' retrieved from /home/airflow/.local/lib/python3.12/site-packages/airflow/example_dags/tutorial_objectstorage.py
[2024-11-14T17:47:47.622+0000] {logging_mixin.py:190} INFO - [2024-11-14T17:47:47.621+0000] {dag.py:3239} INFO - Sync 1 DAGs
[2024-11-14T17:47:47.660+0000] {logging_mixin.py:190} INFO - [2024-11-14T17:47:47.660+0000] {dag.py:4180} INFO - Setting next_dagrun for tutorial_objectstorage to None, run_after=None
[2024-11-14T17:47:47.710+0000] {processor.py:208} INFO - Processing /home/airflow/.local/lib/python3.12/site-packages/airflow/example_dags/tutorial_objectstorage.py took 0.189 seconds
[2024-11-14T18:04:45.655+0000] {processor.py:186} INFO - Started process (PID=117) to work on /home/airflow/.local/lib/python3.12/site-packages/airflow/example_dags/tutorial_objectstorage.py
[2024-11-14T18:04:45.657+0000] {processor.py:914} INFO - Processing file /home/airflow/.local/lib/python3.12/site-packages/airflow/example_dags/tutorial_objectstorage.py for tasks to queue
[2024-11-14T18:04:45.662+0000] {logging_mixin.py:190} INFO - [2024-11-14T18:04:45.661+0000] {dagbag.py:588} INFO - Filling up the DagBag from /home/airflow/.local/lib/python3.12/site-packages/airflow/example_dags/tutorial_objectstorage.py
[2024-11-14T18:04:45.684+0000] {processor.py:925} INFO - DAG(s) 'tutorial_objectstorage' retrieved from /home/airflow/.local/lib/python3.12/site-packages/airflow/example_dags/tutorial_objectstorage.py
[2024-11-14T18:04:45.739+0000] {logging_mixin.py:190} INFO - [2024-11-14T18:04:45.739+0000] {dag.py:3239} INFO - Sync 1 DAGs
[2024-11-14T18:04:45.774+0000] {logging_mixin.py:190} INFO - [2024-11-14T18:04:45.774+0000] {dag.py:4180} INFO - Setting next_dagrun for tutorial_objectstorage to None, run_after=None
[2024-11-14T18:04:45.817+0000] {processor.py:208} INFO - Processing /home/airflow/.local/lib/python3.12/site-packages/airflow/example_dags/tutorial_objectstorage.py took 0.175 seconds
[2024-11-14T18:47:41.149+0000] {processor.py:186} INFO - Started process (PID=115) to work on /home/airflow/.local/lib/python3.12/site-packages/airflow/example_dags/tutorial_objectstorage.py
[2024-11-14T18:47:41.152+0000] {processor.py:914} INFO - Processing file /home/airflow/.local/lib/python3.12/site-packages/airflow/example_dags/tutorial_objectstorage.py for tasks to queue
[2024-11-14T18:47:41.158+0000] {logging_mixin.py:190} INFO - [2024-11-14T18:47:41.157+0000] {dagbag.py:588} INFO - Filling up the DagBag from /home/airflow/.local/lib/python3.12/site-packages/airflow/example_dags/tutorial_objectstorage.py
[2024-11-14T18:47:41.181+0000] {processor.py:925} INFO - DAG(s) 'tutorial_objectstorage' retrieved from /home/airflow/.local/lib/python3.12/site-packages/airflow/example_dags/tutorial_objectstorage.py
[2024-11-14T18:47:41.231+0000] {logging_mixin.py:190} INFO - [2024-11-14T18:47:41.231+0000] {dag.py:3239} INFO - Sync 1 DAGs
[2024-11-14T18:47:41.260+0000] {logging_mixin.py:190} INFO - [2024-11-14T18:47:41.259+0000] {dag.py:4180} INFO - Setting next_dagrun for tutorial_objectstorage to None, run_after=None
[2024-11-14T18:47:41.300+0000] {processor.py:208} INFO - Processing /home/airflow/.local/lib/python3.12/site-packages/airflow/example_dags/tutorial_objectstorage.py took 0.163 seconds
[2024-11-14T19:18:13.141+0000] {processor.py:186} INFO - Started process (PID=74) to work on /home/airflow/.local/lib/python3.12/site-packages/airflow/example_dags/tutorial_objectstorage.py
[2024-11-14T19:18:13.144+0000] {processor.py:914} INFO - Processing file /home/airflow/.local/lib/python3.12/site-packages/airflow/example_dags/tutorial_objectstorage.py for tasks to queue
[2024-11-14T19:18:13.148+0000] {logging_mixin.py:190} INFO - [2024-11-14T19:18:13.148+0000] {dagbag.py:588} INFO - Filling up the DagBag from /home/airflow/.local/lib/python3.12/site-packages/airflow/example_dags/tutorial_objectstorage.py
[2024-11-14T19:18:13.183+0000] {processor.py:925} INFO - DAG(s) 'tutorial_objectstorage' retrieved from /home/airflow/.local/lib/python3.12/site-packages/airflow/example_dags/tutorial_objectstorage.py
[2024-11-14T19:18:13.248+0000] {logging_mixin.py:190} INFO - [2024-11-14T19:18:13.247+0000] {dag.py:3239} INFO - Sync 1 DAGs
[2024-11-14T19:18:13.297+0000] {logging_mixin.py:190} INFO - [2024-11-14T19:18:13.296+0000] {dag.py:4180} INFO - Setting next_dagrun for tutorial_objectstorage to None, run_after=None
[2024-11-14T19:18:13.352+0000] {processor.py:208} INFO - Processing /home/airflow/.local/lib/python3.12/site-packages/airflow/example_dags/tutorial_objectstorage.py took 0.228 seconds
[2024-11-14T19:40:16.692+0000] {processor.py:186} INFO - Started process (PID=98) to work on /home/airflow/.local/lib/python3.12/site-packages/airflow/example_dags/tutorial_objectstorage.py
[2024-11-14T19:40:16.695+0000] {processor.py:914} INFO - Processing file /home/airflow/.local/lib/python3.12/site-packages/airflow/example_dags/tutorial_objectstorage.py for tasks to queue
[2024-11-14T19:40:16.704+0000] {logging_mixin.py:190} INFO - [2024-11-14T19:40:16.703+0000] {dagbag.py:588} INFO - Filling up the DagBag from /home/airflow/.local/lib/python3.12/site-packages/airflow/example_dags/tutorial_objectstorage.py
[2024-11-14T19:40:16.726+0000] {processor.py:925} INFO - DAG(s) 'tutorial_objectstorage' retrieved from /home/airflow/.local/lib/python3.12/site-packages/airflow/example_dags/tutorial_objectstorage.py
[2024-11-14T19:40:16.819+0000] {logging_mixin.py:190} INFO - [2024-11-14T19:40:16.818+0000] {dag.py:3239} INFO - Sync 1 DAGs
[2024-11-14T19:40:16.862+0000] {logging_mixin.py:190} INFO - [2024-11-14T19:40:16.861+0000] {dag.py:4180} INFO - Setting next_dagrun for tutorial_objectstorage to None, run_after=None
[2024-11-14T19:40:16.944+0000] {processor.py:208} INFO - Processing /home/airflow/.local/lib/python3.12/site-packages/airflow/example_dags/tutorial_objectstorage.py took 0.269 seconds
[2024-11-14T19:46:08.520+0000] {processor.py:186} INFO - Started process (PID=90) to work on /home/airflow/.local/lib/python3.12/site-packages/airflow/example_dags/tutorial_objectstorage.py
[2024-11-14T19:46:08.522+0000] {processor.py:914} INFO - Processing file /home/airflow/.local/lib/python3.12/site-packages/airflow/example_dags/tutorial_objectstorage.py for tasks to queue
[2024-11-14T19:46:08.529+0000] {logging_mixin.py:190} INFO - [2024-11-14T19:46:08.526+0000] {dagbag.py:588} INFO - Filling up the DagBag from /home/airflow/.local/lib/python3.12/site-packages/airflow/example_dags/tutorial_objectstorage.py
[2024-11-14T19:46:08.565+0000] {processor.py:925} INFO - DAG(s) 'tutorial_objectstorage' retrieved from /home/airflow/.local/lib/python3.12/site-packages/airflow/example_dags/tutorial_objectstorage.py
[2024-11-14T19:46:10.707+0000] {logging_mixin.py:190} INFO - [2024-11-14T19:46:10.704+0000] {dag.py:3239} INFO - Sync 1 DAGs
