[2024-11-14T17:00:20.698+0000] {processor.py:186} INFO - Started process (PID=147) to work on /home/airflow/.local/lib/python3.12/site-packages/airflow/example_dags/tutorial.py
[2024-11-14T17:00:20.706+0000] {processor.py:914} INFO - Processing file /home/airflow/.local/lib/python3.12/site-packages/airflow/example_dags/tutorial.py for tasks to queue
[2024-11-14T17:00:20.731+0000] {logging_mixin.py:190} INFO - [2024-11-14T17:00:20.730+0000] {dagbag.py:588} INFO - Filling up the DagBag from /home/airflow/.local/lib/python3.12/site-packages/airflow/example_dags/tutorial.py
[2024-11-14T17:00:20.833+0000] {processor.py:925} INFO - DAG(s) 'tutorial' retrieved from /home/airflow/.local/lib/python3.12/site-packages/airflow/example_dags/tutorial.py
[2024-11-14T17:03:01.716+0000] {processor.py:186} INFO - Started process (PID=88) to work on /home/airflow/.local/lib/python3.12/site-packages/airflow/example_dags/tutorial.py
[2024-11-14T17:03:01.718+0000] {processor.py:914} INFO - Processing file /home/airflow/.local/lib/python3.12/site-packages/airflow/example_dags/tutorial.py for tasks to queue
[2024-11-14T17:03:01.722+0000] {logging_mixin.py:190} INFO - [2024-11-14T17:03:01.721+0000] {dagbag.py:588} INFO - Filling up the DagBag from /home/airflow/.local/lib/python3.12/site-packages/airflow/example_dags/tutorial.py
[2024-11-14T17:03:01.732+0000] {processor.py:925} INFO - DAG(s) 'tutorial' retrieved from /home/airflow/.local/lib/python3.12/site-packages/airflow/example_dags/tutorial.py
[2024-11-14T17:03:01.984+0000] {logging_mixin.py:190} INFO - [2024-11-14T17:03:01.982+0000] {override.py:1900} INFO - Created Permission View: can read on DAG:tutorial
[2024-11-14T17:03:02.015+0000] {logging_mixin.py:190} INFO - [2024-11-14T17:03:02.014+0000] {override.py:1900} INFO - Created Permission View: can delete on DAG:tutorial
[2024-11-14T17:03:02.046+0000] {logging_mixin.py:190} INFO - [2024-11-14T17:03:02.045+0000] {override.py:1900} INFO - Created Permission View: can edit on DAG:tutorial
[2024-11-14T17:03:02.059+0000] {logging_mixin.py:190} INFO - [2024-11-14T17:03:02.058+0000] {override.py:1900} INFO - Created Permission View: can delete on DAG Run:tutorial
[2024-11-14T17:03:02.071+0000] {logging_mixin.py:190} INFO - [2024-11-14T17:03:02.070+0000] {override.py:1900} INFO - Created Permission View: can read on DAG Run:tutorial
[2024-11-14T17:03:02.082+0000] {logging_mixin.py:190} INFO - [2024-11-14T17:03:02.082+0000] {override.py:1900} INFO - Created Permission View: menu access on DAG Run:tutorial
[2024-11-14T17:03:02.097+0000] {logging_mixin.py:190} INFO - [2024-11-14T17:03:02.097+0000] {override.py:1900} INFO - Created Permission View: can create on DAG Run:tutorial
[2024-11-14T17:03:02.100+0000] {logging_mixin.py:190} INFO - [2024-11-14T17:03:02.099+0000] {dag.py:3239} INFO - Sync 1 DAGs
[2024-11-14T17:03:02.215+0000] {logging_mixin.py:190} INFO - [2024-11-14T17:03:02.215+0000] {dag.py:3262} INFO - Creating ORM DAG for tutorial
[2024-11-14T17:03:02.236+0000] {logging_mixin.py:190} INFO - [2024-11-14T17:03:02.235+0000] {dag.py:4180} INFO - Setting next_dagrun for tutorial to 2024-11-13 00:00:00+00:00, run_after=2024-11-14 00:00:00+00:00
[2024-11-14T17:03:02.276+0000] {processor.py:208} INFO - Processing /home/airflow/.local/lib/python3.12/site-packages/airflow/example_dags/tutorial.py took 0.568 seconds
[2024-11-14T17:03:33.111+0000] {processor.py:186} INFO - Started process (PID=150) to work on /home/airflow/.local/lib/python3.12/site-packages/airflow/example_dags/tutorial.py
[2024-11-14T17:03:33.114+0000] {processor.py:914} INFO - Processing file /home/airflow/.local/lib/python3.12/site-packages/airflow/example_dags/tutorial.py for tasks to queue
[2024-11-14T17:03:33.121+0000] {logging_mixin.py:190} INFO - [2024-11-14T17:03:33.119+0000] {dagbag.py:588} INFO - Filling up the DagBag from /home/airflow/.local/lib/python3.12/site-packages/airflow/example_dags/tutorial.py
[2024-11-14T17:03:33.140+0000] {processor.py:925} INFO - DAG(s) 'tutorial' retrieved from /home/airflow/.local/lib/python3.12/site-packages/airflow/example_dags/tutorial.py
[2024-11-14T17:03:33.184+0000] {logging_mixin.py:190} INFO - [2024-11-14T17:03:33.184+0000] {dag.py:3239} INFO - Sync 1 DAGs
[2024-11-14T17:03:33.229+0000] {logging_mixin.py:190} INFO - [2024-11-14T17:03:33.229+0000] {dag.py:4180} INFO - Setting next_dagrun for tutorial to 2024-11-13 00:00:00+00:00, run_after=2024-11-14 00:00:00+00:00
[2024-11-14T17:03:33.267+0000] {processor.py:208} INFO - Processing /home/airflow/.local/lib/python3.12/site-packages/airflow/example_dags/tutorial.py took 0.173 seconds
[2024-11-14T17:04:22.602+0000] {processor.py:186} INFO - Started process (PID=211) to work on /home/airflow/.local/lib/python3.12/site-packages/airflow/example_dags/tutorial.py
[2024-11-14T17:04:22.620+0000] {processor.py:914} INFO - Processing file /home/airflow/.local/lib/python3.12/site-packages/airflow/example_dags/tutorial.py for tasks to queue
[2024-11-14T17:04:22.627+0000] {logging_mixin.py:190} INFO - [2024-11-14T17:04:22.626+0000] {dagbag.py:588} INFO - Filling up the DagBag from /home/airflow/.local/lib/python3.12/site-packages/airflow/example_dags/tutorial.py
[2024-11-14T17:04:22.641+0000] {processor.py:925} INFO - DAG(s) 'tutorial' retrieved from /home/airflow/.local/lib/python3.12/site-packages/airflow/example_dags/tutorial.py
[2024-11-14T17:04:22.687+0000] {logging_mixin.py:190} INFO - [2024-11-14T17:04:22.686+0000] {dag.py:3239} INFO - Sync 1 DAGs
[2024-11-14T17:04:22.762+0000] {logging_mixin.py:190} INFO - [2024-11-14T17:04:22.761+0000] {dag.py:4180} INFO - Setting next_dagrun for tutorial to 2024-11-13 00:00:00+00:00, run_after=2024-11-14 00:00:00+00:00
[2024-11-14T17:04:22.923+0000] {processor.py:208} INFO - Processing /home/airflow/.local/lib/python3.12/site-packages/airflow/example_dags/tutorial.py took 0.333 seconds
[2024-11-14T17:04:55.327+0000] {processor.py:186} INFO - Started process (PID=279) to work on /home/airflow/.local/lib/python3.12/site-packages/airflow/example_dags/tutorial.py
[2024-11-14T17:04:55.427+0000] {processor.py:914} INFO - Processing file /home/airflow/.local/lib/python3.12/site-packages/airflow/example_dags/tutorial.py for tasks to queue
[2024-11-14T17:04:56.071+0000] {logging_mixin.py:190} INFO - [2024-11-14T17:04:55.593+0000] {dagbag.py:588} INFO - Filling up the DagBag from /home/airflow/.local/lib/python3.12/site-packages/airflow/example_dags/tutorial.py
[2024-11-14T17:04:59.246+0000] {processor.py:925} INFO - DAG(s) 'tutorial' retrieved from /home/airflow/.local/lib/python3.12/site-packages/airflow/example_dags/tutorial.py
[2024-11-14T17:05:01.499+0000] {logging_mixin.py:190} INFO - [2024-11-14T17:05:01.498+0000] {dag.py:3239} INFO - Sync 1 DAGs
[2024-11-14T17:05:02.238+0000] {logging_mixin.py:190} INFO - [2024-11-14T17:05:02.237+0000] {dag.py:4180} INFO - Setting next_dagrun for tutorial to 2024-11-13 00:00:00+00:00, run_after=2024-11-14 00:00:00+00:00
[2024-11-14T17:05:02.594+0000] {processor.py:208} INFO - Processing /home/airflow/.local/lib/python3.12/site-packages/airflow/example_dags/tutorial.py took 7.613 seconds
[2024-11-14T17:06:01.299+0000] {processor.py:186} INFO - Started process (PID=335) to work on /home/airflow/.local/lib/python3.12/site-packages/airflow/example_dags/tutorial.py
[2024-11-14T17:06:01.357+0000] {processor.py:914} INFO - Processing file /home/airflow/.local/lib/python3.12/site-packages/airflow/example_dags/tutorial.py for tasks to queue
[2024-11-14T17:06:01.377+0000] {logging_mixin.py:190} INFO - [2024-11-14T17:06:01.376+0000] {dagbag.py:588} INFO - Filling up the DagBag from /home/airflow/.local/lib/python3.12/site-packages/airflow/example_dags/tutorial.py
[2024-11-14T17:06:01.436+0000] {processor.py:925} INFO - DAG(s) 'tutorial' retrieved from /home/airflow/.local/lib/python3.12/site-packages/airflow/example_dags/tutorial.py
[2024-11-14T17:06:01.583+0000] {logging_mixin.py:190} INFO - [2024-11-14T17:06:01.582+0000] {dag.py:3239} INFO - Sync 1 DAGs
[2024-11-14T17:06:01.678+0000] {logging_mixin.py:190} INFO - [2024-11-14T17:06:01.678+0000] {dag.py:4180} INFO - Setting next_dagrun for tutorial to 2024-11-13 00:00:00+00:00, run_after=2024-11-14 00:00:00+00:00
[2024-11-14T17:06:01.760+0000] {processor.py:208} INFO - Processing /home/airflow/.local/lib/python3.12/site-packages/airflow/example_dags/tutorial.py took 0.498 seconds
[2024-11-14T18:04:48.304+0000] {processor.py:186} INFO - Started process (PID=130) to work on /home/airflow/.local/lib/python3.12/site-packages/airflow/example_dags/tutorial.py
[2024-11-14T18:04:48.307+0000] {processor.py:914} INFO - Processing file /home/airflow/.local/lib/python3.12/site-packages/airflow/example_dags/tutorial.py for tasks to queue
[2024-11-14T18:04:48.315+0000] {logging_mixin.py:190} INFO - [2024-11-14T18:04:48.313+0000] {dagbag.py:588} INFO - Filling up the DagBag from /home/airflow/.local/lib/python3.12/site-packages/airflow/example_dags/tutorial.py
[2024-11-14T18:04:48.345+0000] {processor.py:925} INFO - DAG(s) 'tutorial' retrieved from /home/airflow/.local/lib/python3.12/site-packages/airflow/example_dags/tutorial.py
[2024-11-14T18:04:48.405+0000] {logging_mixin.py:190} INFO - [2024-11-14T18:04:48.400+0000] {dag.py:3239} INFO - Sync 1 DAGs
[2024-11-14T18:04:48.461+0000] {logging_mixin.py:190} INFO - [2024-11-14T18:04:48.460+0000] {dag.py:4180} INFO - Setting next_dagrun for tutorial to 2024-11-13 00:00:00+00:00, run_after=2024-11-14 00:00:00+00:00
[2024-11-14T18:04:48.513+0000] {processor.py:208} INFO - Processing /home/airflow/.local/lib/python3.12/site-packages/airflow/example_dags/tutorial.py took 0.225 seconds
[2024-11-14T18:47:43.734+0000] {processor.py:186} INFO - Started process (PID=128) to work on /home/airflow/.local/lib/python3.12/site-packages/airflow/example_dags/tutorial.py
[2024-11-14T18:47:43.737+0000] {processor.py:914} INFO - Processing file /home/airflow/.local/lib/python3.12/site-packages/airflow/example_dags/tutorial.py for tasks to queue
[2024-11-14T18:47:43.744+0000] {logging_mixin.py:190} INFO - [2024-11-14T18:47:43.743+0000] {dagbag.py:588} INFO - Filling up the DagBag from /home/airflow/.local/lib/python3.12/site-packages/airflow/example_dags/tutorial.py
[2024-11-14T18:47:43.785+0000] {processor.py:925} INFO - DAG(s) 'tutorial' retrieved from /home/airflow/.local/lib/python3.12/site-packages/airflow/example_dags/tutorial.py
[2024-11-14T18:47:44.404+0000] {logging_mixin.py:190} INFO - [2024-11-14T18:47:44.394+0000] {dag.py:3239} INFO - Sync 1 DAGs
[2024-11-14T18:47:44.506+0000] {logging_mixin.py:190} INFO - [2024-11-14T18:47:44.505+0000] {dag.py:4180} INFO - Setting next_dagrun for tutorial to 2024-11-13 00:00:00+00:00, run_after=2024-11-14 00:00:00+00:00
[2024-11-14T18:47:44.648+0000] {processor.py:208} INFO - Processing /home/airflow/.local/lib/python3.12/site-packages/airflow/example_dags/tutorial.py took 0.934 seconds
[2024-11-14T19:19:17.754+0000] {processor.py:186} INFO - Started process (PID=87) to work on /home/airflow/.local/lib/python3.12/site-packages/airflow/example_dags/tutorial.py
[2024-11-14T19:19:17.780+0000] {processor.py:914} INFO - Processing file /home/airflow/.local/lib/python3.12/site-packages/airflow/example_dags/tutorial.py for tasks to queue
[2024-11-14T19:19:17.783+0000] {logging_mixin.py:190} INFO - [2024-11-14T19:19:17.783+0000] {dagbag.py:588} INFO - Filling up the DagBag from /home/airflow/.local/lib/python3.12/site-packages/airflow/example_dags/tutorial.py
[2024-11-14T19:19:17.842+0000] {processor.py:925} INFO - DAG(s) 'tutorial' retrieved from /home/airflow/.local/lib/python3.12/site-packages/airflow/example_dags/tutorial.py
[2024-11-14T19:40:20.257+0000] {processor.py:186} INFO - Started process (PID=111) to work on /home/airflow/.local/lib/python3.12/site-packages/airflow/example_dags/tutorial.py
[2024-11-14T19:40:20.260+0000] {processor.py:914} INFO - Processing file /home/airflow/.local/lib/python3.12/site-packages/airflow/example_dags/tutorial.py for tasks to queue
[2024-11-14T19:40:20.268+0000] {logging_mixin.py:190} INFO - [2024-11-14T19:40:20.266+0000] {dagbag.py:588} INFO - Filling up the DagBag from /home/airflow/.local/lib/python3.12/site-packages/airflow/example_dags/tutorial.py
[2024-11-14T19:40:20.301+0000] {processor.py:925} INFO - DAG(s) 'tutorial' retrieved from /home/airflow/.local/lib/python3.12/site-packages/airflow/example_dags/tutorial.py
[2024-11-14T19:40:20.517+0000] {logging_mixin.py:190} INFO - [2024-11-14T19:40:20.516+0000] {dag.py:3239} INFO - Sync 1 DAGs
[2024-11-14T19:40:20.576+0000] {logging_mixin.py:190} INFO - [2024-11-14T19:40:20.575+0000] {dag.py:4180} INFO - Setting next_dagrun for tutorial to 2024-11-13 00:00:00+00:00, run_after=2024-11-14 00:00:00+00:00
[2024-11-14T19:40:20.632+0000] {processor.py:208} INFO - Processing /home/airflow/.local/lib/python3.12/site-packages/airflow/example_dags/tutorial.py took 0.391 seconds
