[2024-11-16T11:26:59.703+0000] {processor.py:186} INFO - Started process (PID=24204) to work on /home/airflow/.local/lib/python3.12/site-packages/airflow/example_dags/example_kubernetes_executor.py
[2024-11-16T11:26:59.706+0000] {processor.py:914} INFO - Processing file /home/airflow/.local/lib/python3.12/site-packages/airflow/example_dags/example_kubernetes_executor.py for tasks to queue
[2024-11-16T11:26:59.713+0000] {logging_mixin.py:190} INFO - [2024-11-16T11:26:59.711+0000] {dagbag.py:588} INFO - Filling up the DagBag from /home/airflow/.local/lib/python3.12/site-packages/airflow/example_dags/example_kubernetes_executor.py
[2024-11-16T11:26:59.777+0000] {processor.py:925} INFO - DAG(s) 'example_kubernetes_executor' retrieved from /home/airflow/.local/lib/python3.12/site-packages/airflow/example_dags/example_kubernetes_executor.py
[2024-11-16T11:26:59.909+0000] {logging_mixin.py:190} INFO - [2024-11-16T11:26:59.908+0000] {dag.py:3239} INFO - Sync 1 DAGs
[2024-11-16T11:26:59.992+0000] {logging_mixin.py:190} INFO - [2024-11-16T11:26:59.992+0000] {dag.py:4180} INFO - Setting next_dagrun for example_kubernetes_executor to None, run_after=None
[2024-11-16T11:27:00.103+0000] {processor.py:208} INFO - Processing /home/airflow/.local/lib/python3.12/site-packages/airflow/example_dags/example_kubernetes_executor.py took 0.417 seconds
[2024-11-16T11:28:53.270+0000] {processor.py:186} INFO - Started process (PID=24315) to work on /home/airflow/.local/lib/python3.12/site-packages/airflow/example_dags/example_kubernetes_executor.py
[2024-11-16T11:28:53.273+0000] {processor.py:914} INFO - Processing file /home/airflow/.local/lib/python3.12/site-packages/airflow/example_dags/example_kubernetes_executor.py for tasks to queue
[2024-11-16T11:28:53.279+0000] {logging_mixin.py:190} INFO - [2024-11-16T11:28:53.277+0000] {dagbag.py:588} INFO - Filling up the DagBag from /home/airflow/.local/lib/python3.12/site-packages/airflow/example_dags/example_kubernetes_executor.py
[2024-11-16T11:28:53.363+0000] {processor.py:925} INFO - DAG(s) 'example_kubernetes_executor' retrieved from /home/airflow/.local/lib/python3.12/site-packages/airflow/example_dags/example_kubernetes_executor.py
[2024-11-16T11:28:53.514+0000] {logging_mixin.py:190} INFO - [2024-11-16T11:28:53.513+0000] {dag.py:3239} INFO - Sync 1 DAGs
[2024-11-16T11:28:53.942+0000] {logging_mixin.py:190} INFO - [2024-11-16T11:28:53.941+0000] {dag.py:4180} INFO - Setting next_dagrun for example_kubernetes_executor to None, run_after=None
[2024-11-16T11:28:54.074+0000] {processor.py:208} INFO - Processing /home/airflow/.local/lib/python3.12/site-packages/airflow/example_dags/example_kubernetes_executor.py took 0.828 seconds
[2024-11-16T11:29:24.618+0000] {processor.py:186} INFO - Started process (PID=24378) to work on /home/airflow/.local/lib/python3.12/site-packages/airflow/example_dags/example_kubernetes_executor.py
[2024-11-16T11:29:24.620+0000] {processor.py:914} INFO - Processing file /home/airflow/.local/lib/python3.12/site-packages/airflow/example_dags/example_kubernetes_executor.py for tasks to queue
[2024-11-16T11:29:24.624+0000] {logging_mixin.py:190} INFO - [2024-11-16T11:29:24.622+0000] {dagbag.py:588} INFO - Filling up the DagBag from /home/airflow/.local/lib/python3.12/site-packages/airflow/example_dags/example_kubernetes_executor.py
[2024-11-16T11:29:24.645+0000] {processor.py:925} INFO - DAG(s) 'example_kubernetes_executor' retrieved from /home/airflow/.local/lib/python3.12/site-packages/airflow/example_dags/example_kubernetes_executor.py
[2024-11-16T11:29:24.708+0000] {logging_mixin.py:190} INFO - [2024-11-16T11:29:24.708+0000] {dag.py:3239} INFO - Sync 1 DAGs
[2024-11-16T11:29:24.741+0000] {logging_mixin.py:190} INFO - [2024-11-16T11:29:24.740+0000] {dag.py:4180} INFO - Setting next_dagrun for example_kubernetes_executor to None, run_after=None
[2024-11-16T11:29:25.007+0000] {processor.py:208} INFO - Processing /home/airflow/.local/lib/python3.12/site-packages/airflow/example_dags/example_kubernetes_executor.py took 0.399 seconds
[2024-11-16T11:29:55.357+0000] {processor.py:186} INFO - Started process (PID=24441) to work on /home/airflow/.local/lib/python3.12/site-packages/airflow/example_dags/example_kubernetes_executor.py
[2024-11-16T11:29:55.359+0000] {processor.py:914} INFO - Processing file /home/airflow/.local/lib/python3.12/site-packages/airflow/example_dags/example_kubernetes_executor.py for tasks to queue
[2024-11-16T11:29:55.361+0000] {logging_mixin.py:190} INFO - [2024-11-16T11:29:55.361+0000] {dagbag.py:588} INFO - Filling up the DagBag from /home/airflow/.local/lib/python3.12/site-packages/airflow/example_dags/example_kubernetes_executor.py
[2024-11-16T11:29:55.382+0000] {processor.py:925} INFO - DAG(s) 'example_kubernetes_executor' retrieved from /home/airflow/.local/lib/python3.12/site-packages/airflow/example_dags/example_kubernetes_executor.py
[2024-11-16T11:29:55.434+0000] {logging_mixin.py:190} INFO - [2024-11-16T11:29:55.434+0000] {dag.py:3239} INFO - Sync 1 DAGs
[2024-11-16T11:29:55.456+0000] {logging_mixin.py:190} INFO - [2024-11-16T11:29:55.455+0000] {dag.py:4180} INFO - Setting next_dagrun for example_kubernetes_executor to None, run_after=None
[2024-11-16T11:29:55.487+0000] {processor.py:208} INFO - Processing /home/airflow/.local/lib/python3.12/site-packages/airflow/example_dags/example_kubernetes_executor.py took 0.137 seconds
[2024-11-16T11:30:26.716+0000] {processor.py:186} INFO - Started process (PID=24504) to work on /home/airflow/.local/lib/python3.12/site-packages/airflow/example_dags/example_kubernetes_executor.py
[2024-11-16T11:30:26.718+0000] {processor.py:914} INFO - Processing file /home/airflow/.local/lib/python3.12/site-packages/airflow/example_dags/example_kubernetes_executor.py for tasks to queue
[2024-11-16T11:30:26.720+0000] {logging_mixin.py:190} INFO - [2024-11-16T11:30:26.720+0000] {dagbag.py:588} INFO - Filling up the DagBag from /home/airflow/.local/lib/python3.12/site-packages/airflow/example_dags/example_kubernetes_executor.py
[2024-11-16T11:30:26.749+0000] {processor.py:925} INFO - DAG(s) 'example_kubernetes_executor' retrieved from /home/airflow/.local/lib/python3.12/site-packages/airflow/example_dags/example_kubernetes_executor.py
[2024-11-16T11:30:27.052+0000] {logging_mixin.py:190} INFO - [2024-11-16T11:30:27.051+0000] {dag.py:3239} INFO - Sync 1 DAGs
[2024-11-16T11:30:27.076+0000] {logging_mixin.py:190} INFO - [2024-11-16T11:30:27.076+0000] {dag.py:4180} INFO - Setting next_dagrun for example_kubernetes_executor to None, run_after=None
[2024-11-16T11:30:27.108+0000] {processor.py:208} INFO - Processing /home/airflow/.local/lib/python3.12/site-packages/airflow/example_dags/example_kubernetes_executor.py took 0.403 seconds
[2024-11-16T11:31:07.829+0000] {processor.py:186} INFO - Started process (PID=24567) to work on /home/airflow/.local/lib/python3.12/site-packages/airflow/example_dags/example_kubernetes_executor.py
[2024-11-16T11:31:07.831+0000] {processor.py:914} INFO - Processing file /home/airflow/.local/lib/python3.12/site-packages/airflow/example_dags/example_kubernetes_executor.py for tasks to queue
[2024-11-16T11:31:07.834+0000] {logging_mixin.py:190} INFO - [2024-11-16T11:31:07.833+0000] {dagbag.py:588} INFO - Filling up the DagBag from /home/airflow/.local/lib/python3.12/site-packages/airflow/example_dags/example_kubernetes_executor.py
[2024-11-16T11:31:07.892+0000] {processor.py:925} INFO - DAG(s) 'example_kubernetes_executor' retrieved from /home/airflow/.local/lib/python3.12/site-packages/airflow/example_dags/example_kubernetes_executor.py
[2024-11-16T11:31:08.256+0000] {logging_mixin.py:190} INFO - [2024-11-16T11:31:08.256+0000] {dag.py:3239} INFO - Sync 1 DAGs
[2024-11-16T11:31:08.291+0000] {logging_mixin.py:190} INFO - [2024-11-16T11:31:08.291+0000] {dag.py:4180} INFO - Setting next_dagrun for example_kubernetes_executor to None, run_after=None
[2024-11-16T11:31:08.334+0000] {processor.py:208} INFO - Processing /home/airflow/.local/lib/python3.12/site-packages/airflow/example_dags/example_kubernetes_executor.py took 0.524 seconds
[2024-11-16T11:32:03.851+0000] {processor.py:186} INFO - Started process (PID=24652) to work on /home/airflow/.local/lib/python3.12/site-packages/airflow/example_dags/example_kubernetes_executor.py
[2024-11-16T11:32:03.854+0000] {processor.py:914} INFO - Processing file /home/airflow/.local/lib/python3.12/site-packages/airflow/example_dags/example_kubernetes_executor.py for tasks to queue
[2024-11-16T11:32:03.857+0000] {logging_mixin.py:190} INFO - [2024-11-16T11:32:03.857+0000] {dagbag.py:588} INFO - Filling up the DagBag from /home/airflow/.local/lib/python3.12/site-packages/airflow/example_dags/example_kubernetes_executor.py
[2024-11-16T11:32:03.912+0000] {processor.py:925} INFO - DAG(s) 'example_kubernetes_executor' retrieved from /home/airflow/.local/lib/python3.12/site-packages/airflow/example_dags/example_kubernetes_executor.py
[2024-11-16T11:32:04.539+0000] {logging_mixin.py:190} INFO - [2024-11-16T11:32:04.518+0000] {dag.py:3239} INFO - Sync 1 DAGs
[2024-11-16T11:32:04.621+0000] {logging_mixin.py:190} INFO - [2024-11-16T11:32:04.613+0000] {dag.py:4180} INFO - Setting next_dagrun for example_kubernetes_executor to None, run_after=None
[2024-11-16T11:32:04.884+0000] {processor.py:208} INFO - Processing /home/airflow/.local/lib/python3.12/site-packages/airflow/example_dags/example_kubernetes_executor.py took 1.049 seconds
[2024-11-16T11:34:24.143+0000] {processor.py:186} INFO - Started process (PID=24749) to work on /home/airflow/.local/lib/python3.12/site-packages/airflow/example_dags/example_kubernetes_executor.py
[2024-11-16T11:34:24.145+0000] {processor.py:914} INFO - Processing file /home/airflow/.local/lib/python3.12/site-packages/airflow/example_dags/example_kubernetes_executor.py for tasks to queue
[2024-11-16T11:34:24.147+0000] {logging_mixin.py:190} INFO - [2024-11-16T11:34:24.147+0000] {dagbag.py:588} INFO - Filling up the DagBag from /home/airflow/.local/lib/python3.12/site-packages/airflow/example_dags/example_kubernetes_executor.py
[2024-11-16T11:34:24.194+0000] {processor.py:925} INFO - DAG(s) 'example_kubernetes_executor' retrieved from /home/airflow/.local/lib/python3.12/site-packages/airflow/example_dags/example_kubernetes_executor.py
[2024-11-16T11:34:24.264+0000] {logging_mixin.py:190} INFO - [2024-11-16T11:34:24.263+0000] {dag.py:3239} INFO - Sync 1 DAGs
[2024-11-16T11:34:24.294+0000] {logging_mixin.py:190} INFO - [2024-11-16T11:34:24.294+0000] {dag.py:4180} INFO - Setting next_dagrun for example_kubernetes_executor to None, run_after=None
[2024-11-16T11:34:24.325+0000] {processor.py:208} INFO - Processing /home/airflow/.local/lib/python3.12/site-packages/airflow/example_dags/example_kubernetes_executor.py took 0.190 seconds
[2024-11-16T11:34:55.656+0000] {processor.py:186} INFO - Started process (PID=24812) to work on /home/airflow/.local/lib/python3.12/site-packages/airflow/example_dags/example_kubernetes_executor.py
[2024-11-16T11:34:55.658+0000] {processor.py:914} INFO - Processing file /home/airflow/.local/lib/python3.12/site-packages/airflow/example_dags/example_kubernetes_executor.py for tasks to queue
[2024-11-16T11:34:55.660+0000] {logging_mixin.py:190} INFO - [2024-11-16T11:34:55.659+0000] {dagbag.py:588} INFO - Filling up the DagBag from /home/airflow/.local/lib/python3.12/site-packages/airflow/example_dags/example_kubernetes_executor.py
[2024-11-16T11:34:55.687+0000] {processor.py:925} INFO - DAG(s) 'example_kubernetes_executor' retrieved from /home/airflow/.local/lib/python3.12/site-packages/airflow/example_dags/example_kubernetes_executor.py
[2024-11-16T11:34:55.750+0000] {logging_mixin.py:190} INFO - [2024-11-16T11:34:55.750+0000] {dag.py:3239} INFO - Sync 1 DAGs
[2024-11-16T11:34:55.778+0000] {logging_mixin.py:190} INFO - [2024-11-16T11:34:55.777+0000] {dag.py:4180} INFO - Setting next_dagrun for example_kubernetes_executor to None, run_after=None
[2024-11-16T11:34:55.810+0000] {processor.py:208} INFO - Processing /home/airflow/.local/lib/python3.12/site-packages/airflow/example_dags/example_kubernetes_executor.py took 0.163 seconds
