[2024-11-16T11:27:00.353+0000] {processor.py:186} INFO - Started process (PID=24207) to work on /home/airflow/.local/lib/python3.12/site-packages/airflow/example_dags/example_nested_branch_dag.py
[2024-11-16T11:27:00.356+0000] {processor.py:914} INFO - Processing file /home/airflow/.local/lib/python3.12/site-packages/airflow/example_dags/example_nested_branch_dag.py for tasks to queue
[2024-11-16T11:27:00.360+0000] {logging_mixin.py:190} INFO - [2024-11-16T11:27:00.358+0000] {dagbag.py:588} INFO - Filling up the DagBag from /home/airflow/.local/lib/python3.12/site-packages/airflow/example_dags/example_nested_branch_dag.py
[2024-11-16T11:27:00.393+0000] {processor.py:925} INFO - DAG(s) 'example_nested_branch_dag' retrieved from /home/airflow/.local/lib/python3.12/site-packages/airflow/example_dags/example_nested_branch_dag.py
[2024-11-16T11:27:00.460+0000] {logging_mixin.py:190} INFO - [2024-11-16T11:27:00.459+0000] {dag.py:3239} INFO - Sync 1 DAGs
[2024-11-16T11:27:00.588+0000] {logging_mixin.py:190} INFO - [2024-11-16T11:27:00.587+0000] {dag.py:4180} INFO - Setting next_dagrun for example_nested_branch_dag to 2024-11-15 00:00:00+00:00, run_after=2024-11-16 00:00:00+00:00
[2024-11-16T11:27:00.644+0000] {processor.py:208} INFO - Processing /home/airflow/.local/lib/python3.12/site-packages/airflow/example_dags/example_nested_branch_dag.py took 0.310 seconds
[2024-11-16T11:28:54.839+0000] {processor.py:186} INFO - Started process (PID=24318) to work on /home/airflow/.local/lib/python3.12/site-packages/airflow/example_dags/example_nested_branch_dag.py
[2024-11-16T11:28:54.842+0000] {processor.py:914} INFO - Processing file /home/airflow/.local/lib/python3.12/site-packages/airflow/example_dags/example_nested_branch_dag.py for tasks to queue
[2024-11-16T11:28:54.845+0000] {logging_mixin.py:190} INFO - [2024-11-16T11:28:54.844+0000] {dagbag.py:588} INFO - Filling up the DagBag from /home/airflow/.local/lib/python3.12/site-packages/airflow/example_dags/example_nested_branch_dag.py
[2024-11-16T11:28:54.879+0000] {processor.py:925} INFO - DAG(s) 'example_nested_branch_dag' retrieved from /home/airflow/.local/lib/python3.12/site-packages/airflow/example_dags/example_nested_branch_dag.py
[2024-11-16T11:28:54.932+0000] {logging_mixin.py:190} INFO - [2024-11-16T11:28:54.932+0000] {dag.py:3239} INFO - Sync 1 DAGs
[2024-11-16T11:28:55.441+0000] {logging_mixin.py:190} INFO - [2024-11-16T11:28:55.440+0000] {dag.py:4180} INFO - Setting next_dagrun for example_nested_branch_dag to 2024-11-15 00:00:00+00:00, run_after=2024-11-16 00:00:00+00:00
[2024-11-16T11:28:55.575+0000] {processor.py:208} INFO - Processing /home/airflow/.local/lib/python3.12/site-packages/airflow/example_dags/example_nested_branch_dag.py took 0.752 seconds
[2024-11-16T11:29:26.182+0000] {processor.py:186} INFO - Started process (PID=24381) to work on /home/airflow/.local/lib/python3.12/site-packages/airflow/example_dags/example_nested_branch_dag.py
[2024-11-16T11:29:26.197+0000] {processor.py:914} INFO - Processing file /home/airflow/.local/lib/python3.12/site-packages/airflow/example_dags/example_nested_branch_dag.py for tasks to queue
[2024-11-16T11:29:26.202+0000] {logging_mixin.py:190} INFO - [2024-11-16T11:29:26.201+0000] {dagbag.py:588} INFO - Filling up the DagBag from /home/airflow/.local/lib/python3.12/site-packages/airflow/example_dags/example_nested_branch_dag.py
[2024-11-16T11:29:26.246+0000] {processor.py:925} INFO - DAG(s) 'example_nested_branch_dag' retrieved from /home/airflow/.local/lib/python3.12/site-packages/airflow/example_dags/example_nested_branch_dag.py
[2024-11-16T11:29:26.344+0000] {logging_mixin.py:190} INFO - [2024-11-16T11:29:26.343+0000] {dag.py:3239} INFO - Sync 1 DAGs
[2024-11-16T11:29:26.441+0000] {logging_mixin.py:190} INFO - [2024-11-16T11:29:26.437+0000] {dag.py:4180} INFO - Setting next_dagrun for example_nested_branch_dag to 2024-11-15 00:00:00+00:00, run_after=2024-11-16 00:00:00+00:00
[2024-11-16T11:29:26.503+0000] {processor.py:208} INFO - Processing /home/airflow/.local/lib/python3.12/site-packages/airflow/example_dags/example_nested_branch_dag.py took 0.340 seconds
[2024-11-16T11:29:57.631+0000] {processor.py:186} INFO - Started process (PID=24444) to work on /home/airflow/.local/lib/python3.12/site-packages/airflow/example_dags/example_nested_branch_dag.py
[2024-11-16T11:29:57.634+0000] {processor.py:914} INFO - Processing file /home/airflow/.local/lib/python3.12/site-packages/airflow/example_dags/example_nested_branch_dag.py for tasks to queue
[2024-11-16T11:29:57.636+0000] {logging_mixin.py:190} INFO - [2024-11-16T11:29:57.635+0000] {dagbag.py:588} INFO - Filling up the DagBag from /home/airflow/.local/lib/python3.12/site-packages/airflow/example_dags/example_nested_branch_dag.py
[2024-11-16T11:29:57.656+0000] {processor.py:925} INFO - DAG(s) 'example_nested_branch_dag' retrieved from /home/airflow/.local/lib/python3.12/site-packages/airflow/example_dags/example_nested_branch_dag.py
[2024-11-16T11:29:57.706+0000] {logging_mixin.py:190} INFO - [2024-11-16T11:29:57.705+0000] {dag.py:3239} INFO - Sync 1 DAGs
[2024-11-16T11:29:57.755+0000] {logging_mixin.py:190} INFO - [2024-11-16T11:29:57.755+0000] {dag.py:4180} INFO - Setting next_dagrun for example_nested_branch_dag to 2024-11-15 00:00:00+00:00, run_after=2024-11-16 00:00:00+00:00
[2024-11-16T11:29:57.815+0000] {processor.py:208} INFO - Processing /home/airflow/.local/lib/python3.12/site-packages/airflow/example_dags/example_nested_branch_dag.py took 0.191 seconds
[2024-11-16T11:30:28.268+0000] {processor.py:186} INFO - Started process (PID=24507) to work on /home/airflow/.local/lib/python3.12/site-packages/airflow/example_dags/example_nested_branch_dag.py
[2024-11-16T11:30:28.270+0000] {processor.py:914} INFO - Processing file /home/airflow/.local/lib/python3.12/site-packages/airflow/example_dags/example_nested_branch_dag.py for tasks to queue
[2024-11-16T11:30:28.272+0000] {logging_mixin.py:190} INFO - [2024-11-16T11:30:28.271+0000] {dagbag.py:588} INFO - Filling up the DagBag from /home/airflow/.local/lib/python3.12/site-packages/airflow/example_dags/example_nested_branch_dag.py
[2024-11-16T11:30:28.293+0000] {processor.py:925} INFO - DAG(s) 'example_nested_branch_dag' retrieved from /home/airflow/.local/lib/python3.12/site-packages/airflow/example_dags/example_nested_branch_dag.py
[2024-11-16T11:30:28.327+0000] {logging_mixin.py:190} INFO - [2024-11-16T11:30:28.327+0000] {dag.py:3239} INFO - Sync 1 DAGs
[2024-11-16T11:30:28.569+0000] {logging_mixin.py:190} INFO - [2024-11-16T11:30:28.569+0000] {dag.py:4180} INFO - Setting next_dagrun for example_nested_branch_dag to 2024-11-15 00:00:00+00:00, run_after=2024-11-16 00:00:00+00:00
[2024-11-16T11:30:28.592+0000] {processor.py:208} INFO - Processing /home/airflow/.local/lib/python3.12/site-packages/airflow/example_dags/example_nested_branch_dag.py took 0.333 seconds
[2024-11-16T11:31:08.669+0000] {processor.py:186} INFO - Started process (PID=24570) to work on /home/airflow/.local/lib/python3.12/site-packages/airflow/example_dags/example_nested_branch_dag.py
[2024-11-16T11:31:08.675+0000] {processor.py:914} INFO - Processing file /home/airflow/.local/lib/python3.12/site-packages/airflow/example_dags/example_nested_branch_dag.py for tasks to queue
[2024-11-16T11:31:08.679+0000] {logging_mixin.py:190} INFO - [2024-11-16T11:31:08.678+0000] {dagbag.py:588} INFO - Filling up the DagBag from /home/airflow/.local/lib/python3.12/site-packages/airflow/example_dags/example_nested_branch_dag.py
[2024-11-16T11:31:08.699+0000] {processor.py:925} INFO - DAG(s) 'example_nested_branch_dag' retrieved from /home/airflow/.local/lib/python3.12/site-packages/airflow/example_dags/example_nested_branch_dag.py
[2024-11-16T11:31:08.746+0000] {logging_mixin.py:190} INFO - [2024-11-16T11:31:08.746+0000] {dag.py:3239} INFO - Sync 1 DAGs
[2024-11-16T11:31:09.012+0000] {logging_mixin.py:190} INFO - [2024-11-16T11:31:09.012+0000] {dag.py:4180} INFO - Setting next_dagrun for example_nested_branch_dag to 2024-11-15 00:00:00+00:00, run_after=2024-11-16 00:00:00+00:00
[2024-11-16T11:31:09.042+0000] {processor.py:208} INFO - Processing /home/airflow/.local/lib/python3.12/site-packages/airflow/example_dags/example_nested_branch_dag.py took 0.387 seconds
[2024-11-16T11:32:05.626+0000] {processor.py:186} INFO - Started process (PID=24655) to work on /home/airflow/.local/lib/python3.12/site-packages/airflow/example_dags/example_nested_branch_dag.py
[2024-11-16T11:32:05.627+0000] {processor.py:914} INFO - Processing file /home/airflow/.local/lib/python3.12/site-packages/airflow/example_dags/example_nested_branch_dag.py for tasks to queue
[2024-11-16T11:32:05.630+0000] {logging_mixin.py:190} INFO - [2024-11-16T11:32:05.630+0000] {dagbag.py:588} INFO - Filling up the DagBag from /home/airflow/.local/lib/python3.12/site-packages/airflow/example_dags/example_nested_branch_dag.py
[2024-11-16T11:32:05.652+0000] {processor.py:925} INFO - DAG(s) 'example_nested_branch_dag' retrieved from /home/airflow/.local/lib/python3.12/site-packages/airflow/example_dags/example_nested_branch_dag.py
[2024-11-16T11:32:05.684+0000] {logging_mixin.py:190} INFO - [2024-11-16T11:32:05.683+0000] {dag.py:3239} INFO - Sync 1 DAGs
[2024-11-16T11:32:06.370+0000] {logging_mixin.py:190} INFO - [2024-11-16T11:32:06.356+0000] {dag.py:4180} INFO - Setting next_dagrun for example_nested_branch_dag to 2024-11-15 00:00:00+00:00, run_after=2024-11-16 00:00:00+00:00
[2024-11-16T11:32:06.604+0000] {processor.py:208} INFO - Processing /home/airflow/.local/lib/python3.12/site-packages/airflow/example_dags/example_nested_branch_dag.py took 0.989 seconds
[2024-11-16T11:34:24.457+0000] {processor.py:186} INFO - Started process (PID=24752) to work on /home/airflow/.local/lib/python3.12/site-packages/airflow/example_dags/example_nested_branch_dag.py
[2024-11-16T11:34:24.459+0000] {processor.py:914} INFO - Processing file /home/airflow/.local/lib/python3.12/site-packages/airflow/example_dags/example_nested_branch_dag.py for tasks to queue
[2024-11-16T11:34:24.462+0000] {logging_mixin.py:190} INFO - [2024-11-16T11:34:24.461+0000] {dagbag.py:588} INFO - Filling up the DagBag from /home/airflow/.local/lib/python3.12/site-packages/airflow/example_dags/example_nested_branch_dag.py
[2024-11-16T11:34:24.482+0000] {processor.py:925} INFO - DAG(s) 'example_nested_branch_dag' retrieved from /home/airflow/.local/lib/python3.12/site-packages/airflow/example_dags/example_nested_branch_dag.py
[2024-11-16T11:34:24.520+0000] {logging_mixin.py:190} INFO - [2024-11-16T11:34:24.519+0000] {dag.py:3239} INFO - Sync 1 DAGs
[2024-11-16T11:34:24.569+0000] {logging_mixin.py:190} INFO - [2024-11-16T11:34:24.568+0000] {dag.py:4180} INFO - Setting next_dagrun for example_nested_branch_dag to 2024-11-15 00:00:00+00:00, run_after=2024-11-16 00:00:00+00:00
[2024-11-16T11:34:24.597+0000] {processor.py:208} INFO - Processing /home/airflow/.local/lib/python3.12/site-packages/airflow/example_dags/example_nested_branch_dag.py took 0.150 seconds
[2024-11-16T11:34:55.865+0000] {processor.py:186} INFO - Started process (PID=24815) to work on /home/airflow/.local/lib/python3.12/site-packages/airflow/example_dags/example_nested_branch_dag.py
[2024-11-16T11:34:55.867+0000] {processor.py:914} INFO - Processing file /home/airflow/.local/lib/python3.12/site-packages/airflow/example_dags/example_nested_branch_dag.py for tasks to queue
[2024-11-16T11:34:55.869+0000] {logging_mixin.py:190} INFO - [2024-11-16T11:34:55.869+0000] {dagbag.py:588} INFO - Filling up the DagBag from /home/airflow/.local/lib/python3.12/site-packages/airflow/example_dags/example_nested_branch_dag.py
[2024-11-16T11:34:55.891+0000] {processor.py:925} INFO - DAG(s) 'example_nested_branch_dag' retrieved from /home/airflow/.local/lib/python3.12/site-packages/airflow/example_dags/example_nested_branch_dag.py
[2024-11-16T11:34:55.927+0000] {logging_mixin.py:190} INFO - [2024-11-16T11:34:55.927+0000] {dag.py:3239} INFO - Sync 1 DAGs
[2024-11-16T11:34:55.968+0000] {logging_mixin.py:190} INFO - [2024-11-16T11:34:55.967+0000] {dag.py:4180} INFO - Setting next_dagrun for example_nested_branch_dag to 2024-11-15 00:00:00+00:00, run_after=2024-11-16 00:00:00+00:00
[2024-11-16T11:34:55.996+0000] {processor.py:208} INFO - Processing /home/airflow/.local/lib/python3.12/site-packages/airflow/example_dags/example_nested_branch_dag.py took 0.138 seconds
