[2024-11-16T11:26:58.700+0000] {processor.py:186} INFO - Started process (PID=24201) to work on /home/airflow/.local/lib/python3.12/site-packages/airflow/example_dags/example_sla_dag.py
[2024-11-16T11:26:58.706+0000] {processor.py:914} INFO - Processing file /home/airflow/.local/lib/python3.12/site-packages/airflow/example_dags/example_sla_dag.py for tasks to queue
[2024-11-16T11:26:58.712+0000] {logging_mixin.py:190} INFO - [2024-11-16T11:26:58.711+0000] {dagbag.py:588} INFO - Filling up the DagBag from /home/airflow/.local/lib/python3.12/site-packages/airflow/example_dags/example_sla_dag.py
[2024-11-16T11:26:58.751+0000] {processor.py:925} INFO - DAG(s) 'example_sla_dag' retrieved from /home/airflow/.local/lib/python3.12/site-packages/airflow/example_dags/example_sla_dag.py
[2024-11-16T11:26:58.813+0000] {logging_mixin.py:190} INFO - [2024-11-16T11:26:58.813+0000] {dag.py:3239} INFO - Sync 1 DAGs
[2024-11-16T11:26:58.908+0000] {logging_mixin.py:190} INFO - [2024-11-16T11:26:58.907+0000] {dag.py:4180} INFO - Setting next_dagrun for example_sla_dag to 2024-11-16 11:24:00+00:00, run_after=2024-11-16 11:26:00+00:00
[2024-11-16T11:26:58.971+0000] {processor.py:208} INFO - Processing /home/airflow/.local/lib/python3.12/site-packages/airflow/example_dags/example_sla_dag.py took 0.293 seconds
[2024-11-16T11:27:55.273+0000] {processor.py:186} INFO - Started process (PID=24271) to work on /home/airflow/.local/lib/python3.12/site-packages/airflow/example_dags/example_sla_dag.py
[2024-11-16T11:27:55.284+0000] {processor.py:914} INFO - Processing file /home/airflow/.local/lib/python3.12/site-packages/airflow/example_dags/example_sla_dag.py for tasks to queue
[2024-11-16T11:27:55.301+0000] {logging_mixin.py:190} INFO - [2024-11-16T11:27:55.290+0000] {dagbag.py:588} INFO - Filling up the DagBag from /home/airflow/.local/lib/python3.12/site-packages/airflow/example_dags/example_sla_dag.py
[2024-11-16T11:27:55.540+0000] {processor.py:925} INFO - DAG(s) 'example_sla_dag' retrieved from /home/airflow/.local/lib/python3.12/site-packages/airflow/example_dags/example_sla_dag.py
[2024-11-16T11:27:55.998+0000] {logging_mixin.py:190} INFO - [2024-11-16T11:27:55.995+0000] {dag.py:3239} INFO - Sync 1 DAGs
[2024-11-16T11:27:56.443+0000] {logging_mixin.py:190} INFO - [2024-11-16T11:27:56.442+0000] {dag.py:4180} INFO - Setting next_dagrun for example_sla_dag to 2024-11-16 11:24:00+00:00, run_after=2024-11-16 11:26:00+00:00
[2024-11-16T11:27:56.587+0000] {processor.py:208} INFO - Processing /home/airflow/.local/lib/python3.12/site-packages/airflow/example_dags/example_sla_dag.py took 1.353 seconds
[2024-11-16T11:29:11.802+0000] {processor.py:186} INFO - Started process (PID=24351) to work on /home/airflow/.local/lib/python3.12/site-packages/airflow/example_dags/example_sla_dag.py
[2024-11-16T11:29:11.804+0000] {processor.py:914} INFO - Processing file /home/airflow/.local/lib/python3.12/site-packages/airflow/example_dags/example_sla_dag.py for tasks to queue
[2024-11-16T11:29:11.807+0000] {logging_mixin.py:190} INFO - [2024-11-16T11:29:11.806+0000] {dagbag.py:588} INFO - Filling up the DagBag from /home/airflow/.local/lib/python3.12/site-packages/airflow/example_dags/example_sla_dag.py
[2024-11-16T11:29:11.824+0000] {processor.py:925} INFO - DAG(s) 'example_sla_dag' retrieved from /home/airflow/.local/lib/python3.12/site-packages/airflow/example_dags/example_sla_dag.py
[2024-11-16T11:29:11.862+0000] {logging_mixin.py:190} INFO - [2024-11-16T11:29:11.862+0000] {dag.py:3239} INFO - Sync 1 DAGs
[2024-11-16T11:29:11.908+0000] {logging_mixin.py:190} INFO - [2024-11-16T11:29:11.908+0000] {dag.py:4180} INFO - Setting next_dagrun for example_sla_dag to 2024-11-16 11:26:00+00:00, run_after=2024-11-16 11:28:00+00:00
[2024-11-16T11:29:11.942+0000] {processor.py:208} INFO - Processing /home/airflow/.local/lib/python3.12/site-packages/airflow/example_dags/example_sla_dag.py took 0.151 seconds
[2024-11-16T11:29:47.916+0000] {processor.py:186} INFO - Started process (PID=24414) to work on /home/airflow/.local/lib/python3.12/site-packages/airflow/example_dags/example_sla_dag.py
[2024-11-16T11:29:47.918+0000] {processor.py:914} INFO - Processing file /home/airflow/.local/lib/python3.12/site-packages/airflow/example_dags/example_sla_dag.py for tasks to queue
[2024-11-16T11:29:47.920+0000] {logging_mixin.py:190} INFO - [2024-11-16T11:29:47.920+0000] {dagbag.py:588} INFO - Filling up the DagBag from /home/airflow/.local/lib/python3.12/site-packages/airflow/example_dags/example_sla_dag.py
[2024-11-16T11:29:47.940+0000] {processor.py:925} INFO - DAG(s) 'example_sla_dag' retrieved from /home/airflow/.local/lib/python3.12/site-packages/airflow/example_dags/example_sla_dag.py
[2024-11-16T11:29:47.990+0000] {logging_mixin.py:190} INFO - [2024-11-16T11:29:47.989+0000] {dag.py:3239} INFO - Sync 1 DAGs
[2024-11-16T11:29:48.035+0000] {logging_mixin.py:190} INFO - [2024-11-16T11:29:48.034+0000] {dag.py:4180} INFO - Setting next_dagrun for example_sla_dag to 2024-11-16 11:26:00+00:00, run_after=2024-11-16 11:28:00+00:00
[2024-11-16T11:29:48.069+0000] {processor.py:208} INFO - Processing /home/airflow/.local/lib/python3.12/site-packages/airflow/example_dags/example_sla_dag.py took 0.164 seconds
[2024-11-16T11:30:20.951+0000] {processor.py:186} INFO - Started process (PID=24477) to work on /home/airflow/.local/lib/python3.12/site-packages/airflow/example_dags/example_sla_dag.py
[2024-11-16T11:30:20.954+0000] {processor.py:914} INFO - Processing file /home/airflow/.local/lib/python3.12/site-packages/airflow/example_dags/example_sla_dag.py for tasks to queue
[2024-11-16T11:30:20.958+0000] {logging_mixin.py:190} INFO - [2024-11-16T11:30:20.957+0000] {dagbag.py:588} INFO - Filling up the DagBag from /home/airflow/.local/lib/python3.12/site-packages/airflow/example_dags/example_sla_dag.py
[2024-11-16T11:30:20.988+0000] {processor.py:925} INFO - DAG(s) 'example_sla_dag' retrieved from /home/airflow/.local/lib/python3.12/site-packages/airflow/example_dags/example_sla_dag.py
[2024-11-16T11:30:21.026+0000] {logging_mixin.py:190} INFO - [2024-11-16T11:30:21.026+0000] {dag.py:3239} INFO - Sync 1 DAGs
[2024-11-16T11:30:21.417+0000] {logging_mixin.py:190} INFO - [2024-11-16T11:30:21.417+0000] {dag.py:4180} INFO - Setting next_dagrun for example_sla_dag to 2024-11-16 11:28:00+00:00, run_after=2024-11-16 11:30:00+00:00
[2024-11-16T11:30:21.482+0000] {processor.py:208} INFO - Processing /home/airflow/.local/lib/python3.12/site-packages/airflow/example_dags/example_sla_dag.py took 0.568 seconds
[2024-11-16T11:30:52.478+0000] {processor.py:186} INFO - Started process (PID=24547) to work on /home/airflow/.local/lib/python3.12/site-packages/airflow/example_dags/example_sla_dag.py
[2024-11-16T11:30:52.480+0000] {processor.py:914} INFO - Processing file /home/airflow/.local/lib/python3.12/site-packages/airflow/example_dags/example_sla_dag.py for tasks to queue
[2024-11-16T11:30:52.482+0000] {logging_mixin.py:190} INFO - [2024-11-16T11:30:52.481+0000] {dagbag.py:588} INFO - Filling up the DagBag from /home/airflow/.local/lib/python3.12/site-packages/airflow/example_dags/example_sla_dag.py
[2024-11-16T11:30:52.498+0000] {processor.py:925} INFO - DAG(s) 'example_sla_dag' retrieved from /home/airflow/.local/lib/python3.12/site-packages/airflow/example_dags/example_sla_dag.py
[2024-11-16T11:30:52.533+0000] {logging_mixin.py:190} INFO - [2024-11-16T11:30:52.533+0000] {dag.py:3239} INFO - Sync 1 DAGs
[2024-11-16T11:30:52.575+0000] {logging_mixin.py:190} INFO - [2024-11-16T11:30:52.574+0000] {dag.py:4180} INFO - Setting next_dagrun for example_sla_dag to 2024-11-16 11:28:00+00:00, run_after=2024-11-16 11:30:00+00:00
[2024-11-16T11:30:52.920+0000] {processor.py:208} INFO - Processing /home/airflow/.local/lib/python3.12/site-packages/airflow/example_dags/example_sla_dag.py took 0.452 seconds
[2024-11-16T11:31:23.409+0000] {processor.py:186} INFO - Started process (PID=24609) to work on /home/airflow/.local/lib/python3.12/site-packages/airflow/example_dags/example_sla_dag.py
[2024-11-16T11:31:23.490+0000] {processor.py:914} INFO - Processing file /home/airflow/.local/lib/python3.12/site-packages/airflow/example_dags/example_sla_dag.py for tasks to queue
[2024-11-16T11:31:23.496+0000] {logging_mixin.py:190} INFO - [2024-11-16T11:31:23.494+0000] {dagbag.py:588} INFO - Filling up the DagBag from /home/airflow/.local/lib/python3.12/site-packages/airflow/example_dags/example_sla_dag.py
[2024-11-16T11:31:23.562+0000] {processor.py:925} INFO - DAG(s) 'example_sla_dag' retrieved from /home/airflow/.local/lib/python3.12/site-packages/airflow/example_dags/example_sla_dag.py
[2024-11-16T11:31:23.899+0000] {logging_mixin.py:190} INFO - [2024-11-16T11:31:23.898+0000] {dag.py:3239} INFO - Sync 1 DAGs
[2024-11-16T11:31:23.959+0000] {logging_mixin.py:190} INFO - [2024-11-16T11:31:23.959+0000] {dag.py:4180} INFO - Setting next_dagrun for example_sla_dag to 2024-11-16 11:28:00+00:00, run_after=2024-11-16 11:30:00+00:00
[2024-11-16T11:31:24.051+0000] {processor.py:208} INFO - Processing /home/airflow/.local/lib/python3.12/site-packages/airflow/example_dags/example_sla_dag.py took 0.655 seconds
[2024-11-16T11:32:09.739+0000] {processor.py:186} INFO - Started process (PID=24673) to work on /home/airflow/.local/lib/python3.12/site-packages/airflow/example_dags/example_sla_dag.py
[2024-11-16T11:32:09.741+0000] {processor.py:914} INFO - Processing file /home/airflow/.local/lib/python3.12/site-packages/airflow/example_dags/example_sla_dag.py for tasks to queue
[2024-11-16T11:32:09.744+0000] {logging_mixin.py:190} INFO - [2024-11-16T11:32:09.743+0000] {dagbag.py:588} INFO - Filling up the DagBag from /home/airflow/.local/lib/python3.12/site-packages/airflow/example_dags/example_sla_dag.py
[2024-11-16T11:32:09.974+0000] {processor.py:925} INFO - DAG(s) 'example_sla_dag' retrieved from /home/airflow/.local/lib/python3.12/site-packages/airflow/example_dags/example_sla_dag.py
[2024-11-16T11:32:10.000+0000] {logging_mixin.py:190} INFO - [2024-11-16T11:32:10.000+0000] {dag.py:3239} INFO - Sync 1 DAGs
[2024-11-16T11:32:10.033+0000] {logging_mixin.py:190} INFO - [2024-11-16T11:32:10.032+0000] {dag.py:4180} INFO - Setting next_dagrun for example_sla_dag to 2024-11-16 11:30:00+00:00, run_after=2024-11-16 11:32:00+00:00
[2024-11-16T11:32:10.059+0000] {processor.py:208} INFO - Processing /home/airflow/.local/lib/python3.12/site-packages/airflow/example_dags/example_sla_dag.py took 0.328 seconds
[2024-11-16T11:34:23.667+0000] {processor.py:186} INFO - Started process (PID=24746) to work on /home/airflow/.local/lib/python3.12/site-packages/airflow/example_dags/example_sla_dag.py
[2024-11-16T11:34:23.669+0000] {processor.py:914} INFO - Processing file /home/airflow/.local/lib/python3.12/site-packages/airflow/example_dags/example_sla_dag.py for tasks to queue
[2024-11-16T11:34:23.672+0000] {logging_mixin.py:190} INFO - [2024-11-16T11:34:23.671+0000] {dagbag.py:588} INFO - Filling up the DagBag from /home/airflow/.local/lib/python3.12/site-packages/airflow/example_dags/example_sla_dag.py
[2024-11-16T11:34:23.691+0000] {processor.py:925} INFO - DAG(s) 'example_sla_dag' retrieved from /home/airflow/.local/lib/python3.12/site-packages/airflow/example_dags/example_sla_dag.py
[2024-11-16T11:34:23.728+0000] {logging_mixin.py:190} INFO - [2024-11-16T11:34:23.727+0000] {dag.py:3239} INFO - Sync 1 DAGs
[2024-11-16T11:34:23.781+0000] {logging_mixin.py:190} INFO - [2024-11-16T11:34:23.781+0000] {dag.py:4180} INFO - Setting next_dagrun for example_sla_dag to 2024-11-16 11:32:00+00:00, run_after=2024-11-16 11:34:00+00:00
[2024-11-16T11:34:23.815+0000] {processor.py:208} INFO - Processing /home/airflow/.local/lib/python3.12/site-packages/airflow/example_dags/example_sla_dag.py took 0.157 seconds
[2024-11-16T11:34:55.261+0000] {processor.py:186} INFO - Started process (PID=24809) to work on /home/airflow/.local/lib/python3.12/site-packages/airflow/example_dags/example_sla_dag.py
[2024-11-16T11:34:55.264+0000] {processor.py:914} INFO - Processing file /home/airflow/.local/lib/python3.12/site-packages/airflow/example_dags/example_sla_dag.py for tasks to queue
[2024-11-16T11:34:55.268+0000] {logging_mixin.py:190} INFO - [2024-11-16T11:34:55.267+0000] {dagbag.py:588} INFO - Filling up the DagBag from /home/airflow/.local/lib/python3.12/site-packages/airflow/example_dags/example_sla_dag.py
[2024-11-16T11:34:55.294+0000] {processor.py:925} INFO - DAG(s) 'example_sla_dag' retrieved from /home/airflow/.local/lib/python3.12/site-packages/airflow/example_dags/example_sla_dag.py
[2024-11-16T11:34:55.334+0000] {logging_mixin.py:190} INFO - [2024-11-16T11:34:55.334+0000] {dag.py:3239} INFO - Sync 1 DAGs
[2024-11-16T11:34:55.379+0000] {logging_mixin.py:190} INFO - [2024-11-16T11:34:55.378+0000] {dag.py:4180} INFO - Setting next_dagrun for example_sla_dag to 2024-11-16 11:32:00+00:00, run_after=2024-11-16 11:34:00+00:00
[2024-11-16T11:34:55.410+0000] {processor.py:208} INFO - Processing /home/airflow/.local/lib/python3.12/site-packages/airflow/example_dags/example_sla_dag.py took 0.164 seconds
