[2024-11-16T11:27:03.341+0000] {processor.py:186} INFO - Started process (PID=24220) to work on /home/airflow/.local/lib/python3.12/site-packages/airflow/example_dags/example_latest_only_with_trigger.py
[2024-11-16T11:27:03.344+0000] {processor.py:914} INFO - Processing file /home/airflow/.local/lib/python3.12/site-packages/airflow/example_dags/example_latest_only_with_trigger.py for tasks to queue
[2024-11-16T11:27:03.347+0000] {logging_mixin.py:190} INFO - [2024-11-16T11:27:03.346+0000] {dagbag.py:588} INFO - Filling up the DagBag from /home/airflow/.local/lib/python3.12/site-packages/airflow/example_dags/example_latest_only_with_trigger.py
[2024-11-16T11:27:03.372+0000] {processor.py:925} INFO - DAG(s) 'latest_only_with_trigger' retrieved from /home/airflow/.local/lib/python3.12/site-packages/airflow/example_dags/example_latest_only_with_trigger.py
[2024-11-16T11:27:03.447+0000] {logging_mixin.py:190} INFO - [2024-11-16T11:27:03.446+0000] {dag.py:3239} INFO - Sync 1 DAGs
[2024-11-16T11:27:03.514+0000] {logging_mixin.py:190} INFO - [2024-11-16T11:27:03.513+0000] {dag.py:4180} INFO - Setting next_dagrun for latest_only_with_trigger to 2024-11-16 04:00:00+00:00, run_after=2024-11-16 08:00:00+00:00
[2024-11-16T11:27:03.561+0000] {processor.py:208} INFO - Processing /home/airflow/.local/lib/python3.12/site-packages/airflow/example_dags/example_latest_only_with_trigger.py took 0.240 seconds
[2024-11-16T11:28:00.370+0000] {processor.py:186} INFO - Started process (PID=24275) to work on /home/airflow/.local/lib/python3.12/site-packages/airflow/example_dags/example_latest_only_with_trigger.py
[2024-11-16T11:28:00.471+0000] {processor.py:914} INFO - Processing file /home/airflow/.local/lib/python3.12/site-packages/airflow/example_dags/example_latest_only_with_trigger.py for tasks to queue
[2024-11-16T11:28:00.479+0000] {logging_mixin.py:190} INFO - [2024-11-16T11:28:00.477+0000] {dagbag.py:588} INFO - Filling up the DagBag from /home/airflow/.local/lib/python3.12/site-packages/airflow/example_dags/example_latest_only_with_trigger.py
[2024-11-16T11:28:00.528+0000] {processor.py:925} INFO - DAG(s) 'latest_only_with_trigger' retrieved from /home/airflow/.local/lib/python3.12/site-packages/airflow/example_dags/example_latest_only_with_trigger.py
[2024-11-16T11:28:01.298+0000] {logging_mixin.py:190} INFO - [2024-11-16T11:28:01.297+0000] {dag.py:3239} INFO - Sync 1 DAGs
[2024-11-16T11:28:02.331+0000] {logging_mixin.py:190} INFO - [2024-11-16T11:28:02.330+0000] {dag.py:4180} INFO - Setting next_dagrun for latest_only_with_trigger to 2024-11-16 04:00:00+00:00, run_after=2024-11-16 08:00:00+00:00
[2024-11-16T11:28:03.375+0000] {processor.py:208} INFO - Processing /home/airflow/.local/lib/python3.12/site-packages/airflow/example_dags/example_latest_only_with_trigger.py took 3.056 seconds
[2024-11-16T11:29:05.010+0000] {processor.py:186} INFO - Started process (PID=24331) to work on /home/airflow/.local/lib/python3.12/site-packages/airflow/example_dags/example_latest_only_with_trigger.py
[2024-11-16T11:29:05.014+0000] {processor.py:914} INFO - Processing file /home/airflow/.local/lib/python3.12/site-packages/airflow/example_dags/example_latest_only_with_trigger.py for tasks to queue
[2024-11-16T11:29:05.025+0000] {logging_mixin.py:190} INFO - [2024-11-16T11:29:05.024+0000] {dagbag.py:588} INFO - Filling up the DagBag from /home/airflow/.local/lib/python3.12/site-packages/airflow/example_dags/example_latest_only_with_trigger.py
[2024-11-16T11:29:05.094+0000] {processor.py:925} INFO - DAG(s) 'latest_only_with_trigger' retrieved from /home/airflow/.local/lib/python3.12/site-packages/airflow/example_dags/example_latest_only_with_trigger.py
[2024-11-16T11:29:05.251+0000] {logging_mixin.py:190} INFO - [2024-11-16T11:29:05.240+0000] {dag.py:3239} INFO - Sync 1 DAGs
[2024-11-16T11:29:05.367+0000] {logging_mixin.py:190} INFO - [2024-11-16T11:29:05.366+0000] {dag.py:4180} INFO - Setting next_dagrun for latest_only_with_trigger to 2024-11-16 04:00:00+00:00, run_after=2024-11-16 08:00:00+00:00
[2024-11-16T11:29:05.520+0000] {processor.py:208} INFO - Processing /home/airflow/.local/lib/python3.12/site-packages/airflow/example_dags/example_latest_only_with_trigger.py took 0.526 seconds
[2024-11-16T11:29:38.484+0000] {processor.py:186} INFO - Started process (PID=24395) to work on /home/airflow/.local/lib/python3.12/site-packages/airflow/example_dags/example_latest_only_with_trigger.py
[2024-11-16T11:29:38.568+0000] {processor.py:914} INFO - Processing file /home/airflow/.local/lib/python3.12/site-packages/airflow/example_dags/example_latest_only_with_trigger.py for tasks to queue
[2024-11-16T11:29:38.627+0000] {logging_mixin.py:190} INFO - [2024-11-16T11:29:38.625+0000] {dagbag.py:588} INFO - Filling up the DagBag from /home/airflow/.local/lib/python3.12/site-packages/airflow/example_dags/example_latest_only_with_trigger.py
[2024-11-16T11:29:38.700+0000] {processor.py:925} INFO - DAG(s) 'latest_only_with_trigger' retrieved from /home/airflow/.local/lib/python3.12/site-packages/airflow/example_dags/example_latest_only_with_trigger.py
[2024-11-16T11:29:38.869+0000] {logging_mixin.py:190} INFO - [2024-11-16T11:29:38.868+0000] {dag.py:3239} INFO - Sync 1 DAGs
[2024-11-16T11:29:39.000+0000] {logging_mixin.py:190} INFO - [2024-11-16T11:29:38.999+0000] {dag.py:4180} INFO - Setting next_dagrun for latest_only_with_trigger to 2024-11-16 04:00:00+00:00, run_after=2024-11-16 08:00:00+00:00
[2024-11-16T11:29:39.382+0000] {processor.py:208} INFO - Processing /home/airflow/.local/lib/python3.12/site-packages/airflow/example_dags/example_latest_only_with_trigger.py took 0.914 seconds
[2024-11-16T11:30:10.177+0000] {processor.py:186} INFO - Started process (PID=24458) to work on /home/airflow/.local/lib/python3.12/site-packages/airflow/example_dags/example_latest_only_with_trigger.py
[2024-11-16T11:30:10.179+0000] {processor.py:914} INFO - Processing file /home/airflow/.local/lib/python3.12/site-packages/airflow/example_dags/example_latest_only_with_trigger.py for tasks to queue
[2024-11-16T11:30:10.180+0000] {logging_mixin.py:190} INFO - [2024-11-16T11:30:10.180+0000] {dagbag.py:588} INFO - Filling up the DagBag from /home/airflow/.local/lib/python3.12/site-packages/airflow/example_dags/example_latest_only_with_trigger.py
[2024-11-16T11:30:10.195+0000] {processor.py:925} INFO - DAG(s) 'latest_only_with_trigger' retrieved from /home/airflow/.local/lib/python3.12/site-packages/airflow/example_dags/example_latest_only_with_trigger.py
[2024-11-16T11:30:10.223+0000] {logging_mixin.py:190} INFO - [2024-11-16T11:30:10.223+0000] {dag.py:3239} INFO - Sync 1 DAGs
[2024-11-16T11:30:10.263+0000] {logging_mixin.py:190} INFO - [2024-11-16T11:30:10.262+0000] {dag.py:4180} INFO - Setting next_dagrun for latest_only_with_trigger to 2024-11-16 04:00:00+00:00, run_after=2024-11-16 08:00:00+00:00
[2024-11-16T11:30:10.291+0000] {processor.py:208} INFO - Processing /home/airflow/.local/lib/python3.12/site-packages/airflow/example_dags/example_latest_only_with_trigger.py took 0.121 seconds
[2024-11-16T11:30:40.556+0000] {processor.py:186} INFO - Started process (PID=24521) to work on /home/airflow/.local/lib/python3.12/site-packages/airflow/example_dags/example_latest_only_with_trigger.py
[2024-11-16T11:30:40.558+0000] {processor.py:914} INFO - Processing file /home/airflow/.local/lib/python3.12/site-packages/airflow/example_dags/example_latest_only_with_trigger.py for tasks to queue
[2024-11-16T11:30:40.560+0000] {logging_mixin.py:190} INFO - [2024-11-16T11:30:40.560+0000] {dagbag.py:588} INFO - Filling up the DagBag from /home/airflow/.local/lib/python3.12/site-packages/airflow/example_dags/example_latest_only_with_trigger.py
[2024-11-16T11:30:40.575+0000] {processor.py:925} INFO - DAG(s) 'latest_only_with_trigger' retrieved from /home/airflow/.local/lib/python3.12/site-packages/airflow/example_dags/example_latest_only_with_trigger.py
[2024-11-16T11:30:40.604+0000] {logging_mixin.py:190} INFO - [2024-11-16T11:30:40.604+0000] {dag.py:3239} INFO - Sync 1 DAGs
[2024-11-16T11:30:40.645+0000] {logging_mixin.py:190} INFO - [2024-11-16T11:30:40.645+0000] {dag.py:4180} INFO - Setting next_dagrun for latest_only_with_trigger to 2024-11-16 04:00:00+00:00, run_after=2024-11-16 08:00:00+00:00
[2024-11-16T11:30:40.675+0000] {processor.py:208} INFO - Processing /home/airflow/.local/lib/python3.12/site-packages/airflow/example_dags/example_latest_only_with_trigger.py took 0.128 seconds
[2024-11-16T11:31:11.226+0000] {processor.py:186} INFO - Started process (PID=24583) to work on /home/airflow/.local/lib/python3.12/site-packages/airflow/example_dags/example_latest_only_with_trigger.py
[2024-11-16T11:31:11.228+0000] {processor.py:914} INFO - Processing file /home/airflow/.local/lib/python3.12/site-packages/airflow/example_dags/example_latest_only_with_trigger.py for tasks to queue
[2024-11-16T11:31:11.230+0000] {logging_mixin.py:190} INFO - [2024-11-16T11:31:11.229+0000] {dagbag.py:588} INFO - Filling up the DagBag from /home/airflow/.local/lib/python3.12/site-packages/airflow/example_dags/example_latest_only_with_trigger.py
[2024-11-16T11:31:11.244+0000] {processor.py:925} INFO - DAG(s) 'latest_only_with_trigger' retrieved from /home/airflow/.local/lib/python3.12/site-packages/airflow/example_dags/example_latest_only_with_trigger.py
[2024-11-16T11:31:11.473+0000] {logging_mixin.py:190} INFO - [2024-11-16T11:31:11.473+0000] {dag.py:3239} INFO - Sync 1 DAGs
[2024-11-16T11:31:11.513+0000] {logging_mixin.py:190} INFO - [2024-11-16T11:31:11.513+0000] {dag.py:4180} INFO - Setting next_dagrun for latest_only_with_trigger to 2024-11-16 04:00:00+00:00, run_after=2024-11-16 08:00:00+00:00
[2024-11-16T11:31:11.559+0000] {processor.py:208} INFO - Processing /home/airflow/.local/lib/python3.12/site-packages/airflow/example_dags/example_latest_only_with_trigger.py took 0.345 seconds
[2024-11-16T11:31:50.632+0000] {processor.py:186} INFO - Started process (PID=24618) to work on /home/airflow/.local/lib/python3.12/site-packages/airflow/example_dags/example_latest_only_with_trigger.py
[2024-11-16T11:31:50.635+0000] {processor.py:914} INFO - Processing file /home/airflow/.local/lib/python3.12/site-packages/airflow/example_dags/example_latest_only_with_trigger.py for tasks to queue
[2024-11-16T11:31:50.639+0000] {logging_mixin.py:190} INFO - [2024-11-16T11:31:50.638+0000] {dagbag.py:588} INFO - Filling up the DagBag from /home/airflow/.local/lib/python3.12/site-packages/airflow/example_dags/example_latest_only_with_trigger.py
[2024-11-16T11:31:50.664+0000] {processor.py:925} INFO - DAG(s) 'latest_only_with_trigger' retrieved from /home/airflow/.local/lib/python3.12/site-packages/airflow/example_dags/example_latest_only_with_trigger.py
[2024-11-16T11:31:50.701+0000] {logging_mixin.py:190} INFO - [2024-11-16T11:31:50.700+0000] {dag.py:3239} INFO - Sync 1 DAGs
[2024-11-16T11:31:50.780+0000] {logging_mixin.py:190} INFO - [2024-11-16T11:31:50.780+0000] {dag.py:4180} INFO - Setting next_dagrun for latest_only_with_trigger to 2024-11-16 04:00:00+00:00, run_after=2024-11-16 08:00:00+00:00
[2024-11-16T11:31:50.846+0000] {processor.py:208} INFO - Processing /home/airflow/.local/lib/python3.12/site-packages/airflow/example_dags/example_latest_only_with_trigger.py took 0.234 seconds
[2024-11-16T11:32:21.602+0000] {processor.py:186} INFO - Started process (PID=24681) to work on /home/airflow/.local/lib/python3.12/site-packages/airflow/example_dags/example_latest_only_with_trigger.py
[2024-11-16T11:32:21.605+0000] {processor.py:914} INFO - Processing file /home/airflow/.local/lib/python3.12/site-packages/airflow/example_dags/example_latest_only_with_trigger.py for tasks to queue
[2024-11-16T11:32:21.614+0000] {logging_mixin.py:190} INFO - [2024-11-16T11:32:21.613+0000] {dagbag.py:588} INFO - Filling up the DagBag from /home/airflow/.local/lib/python3.12/site-packages/airflow/example_dags/example_latest_only_with_trigger.py
[2024-11-16T11:32:21.639+0000] {processor.py:925} INFO - DAG(s) 'latest_only_with_trigger' retrieved from /home/airflow/.local/lib/python3.12/site-packages/airflow/example_dags/example_latest_only_with_trigger.py
[2024-11-16T11:32:21.701+0000] {logging_mixin.py:190} INFO - [2024-11-16T11:32:21.701+0000] {dag.py:3239} INFO - Sync 1 DAGs
[2024-11-16T11:32:21.779+0000] {logging_mixin.py:190} INFO - [2024-11-16T11:32:21.778+0000] {dag.py:4180} INFO - Setting next_dagrun for latest_only_with_trigger to 2024-11-16 04:00:00+00:00, run_after=2024-11-16 08:00:00+00:00
[2024-11-16T11:32:21.820+0000] {processor.py:208} INFO - Processing /home/airflow/.local/lib/python3.12/site-packages/airflow/example_dags/example_latest_only_with_trigger.py took 0.231 seconds
