[2024-11-16T11:27:06.695+0000] {processor.py:186} INFO - Started process (PID=24234) to work on /home/airflow/.local/lib/python3.12/site-packages/airflow/example_dags/example_branch_python_dop_operator_3.py
[2024-11-16T11:27:06.698+0000] {processor.py:914} INFO - Processing file /home/airflow/.local/lib/python3.12/site-packages/airflow/example_dags/example_branch_python_dop_operator_3.py for tasks to queue
[2024-11-16T11:27:06.702+0000] {logging_mixin.py:190} INFO - [2024-11-16T11:27:06.701+0000] {dagbag.py:588} INFO - Filling up the DagBag from /home/airflow/.local/lib/python3.12/site-packages/airflow/example_dags/example_branch_python_dop_operator_3.py
[2024-11-16T11:27:06.750+0000] {processor.py:925} INFO - DAG(s) 'example_branch_dop_operator_v3' retrieved from /home/airflow/.local/lib/python3.12/site-packages/airflow/example_dags/example_branch_python_dop_operator_3.py
[2024-11-16T11:27:06.817+0000] {logging_mixin.py:190} INFO - [2024-11-16T11:27:06.816+0000] {dag.py:3239} INFO - Sync 1 DAGs
[2024-11-16T11:27:06.915+0000] {logging_mixin.py:190} INFO - [2024-11-16T11:27:06.915+0000] {dag.py:4180} INFO - Setting next_dagrun for example_branch_dop_operator_v3 to 2024-11-16 11:26:00+00:00, run_after=2024-11-16 11:27:00+00:00
[2024-11-16T11:27:07.578+0000] {processor.py:208} INFO - Processing /home/airflow/.local/lib/python3.12/site-packages/airflow/example_dags/example_branch_python_dop_operator_3.py took 0.918 seconds
[2024-11-16T11:28:26.394+0000] {processor.py:186} INFO - Started process (PID=24290) to work on /home/airflow/.local/lib/python3.12/site-packages/airflow/example_dags/example_branch_python_dop_operator_3.py
[2024-11-16T11:28:26.406+0000] {processor.py:914} INFO - Processing file /home/airflow/.local/lib/python3.12/site-packages/airflow/example_dags/example_branch_python_dop_operator_3.py for tasks to queue
[2024-11-16T11:28:26.413+0000] {logging_mixin.py:190} INFO - [2024-11-16T11:28:26.412+0000] {dagbag.py:588} INFO - Filling up the DagBag from /home/airflow/.local/lib/python3.12/site-packages/airflow/example_dags/example_branch_python_dop_operator_3.py
[2024-11-16T11:28:26.483+0000] {processor.py:925} INFO - DAG(s) 'example_branch_dop_operator_v3' retrieved from /home/airflow/.local/lib/python3.12/site-packages/airflow/example_dags/example_branch_python_dop_operator_3.py
[2024-11-16T11:28:26.626+0000] {logging_mixin.py:190} INFO - [2024-11-16T11:28:26.625+0000] {dag.py:3239} INFO - Sync 1 DAGs
[2024-11-16T11:28:26.869+0000] {logging_mixin.py:190} INFO - [2024-11-16T11:28:26.868+0000] {dag.py:4180} INFO - Setting next_dagrun for example_branch_dop_operator_v3 to 2024-11-16 11:27:00+00:00, run_after=2024-11-16 11:28:00+00:00
[2024-11-16T11:28:27.003+0000] {processor.py:208} INFO - Processing /home/airflow/.local/lib/python3.12/site-packages/airflow/example_dags/example_branch_python_dop_operator_3.py took 0.653 seconds
[2024-11-16T11:29:08.210+0000] {processor.py:186} INFO - Started process (PID=24339) to work on /home/airflow/.local/lib/python3.12/site-packages/airflow/example_dags/example_branch_python_dop_operator_3.py
[2024-11-16T11:29:08.227+0000] {processor.py:914} INFO - Processing file /home/airflow/.local/lib/python3.12/site-packages/airflow/example_dags/example_branch_python_dop_operator_3.py for tasks to queue
[2024-11-16T11:29:08.232+0000] {logging_mixin.py:190} INFO - [2024-11-16T11:29:08.230+0000] {dagbag.py:588} INFO - Filling up the DagBag from /home/airflow/.local/lib/python3.12/site-packages/airflow/example_dags/example_branch_python_dop_operator_3.py
[2024-11-16T11:29:08.342+0000] {processor.py:925} INFO - DAG(s) 'example_branch_dop_operator_v3' retrieved from /home/airflow/.local/lib/python3.12/site-packages/airflow/example_dags/example_branch_python_dop_operator_3.py
[2024-11-16T11:29:08.483+0000] {logging_mixin.py:190} INFO - [2024-11-16T11:29:08.482+0000] {dag.py:3239} INFO - Sync 1 DAGs
[2024-11-16T11:29:08.772+0000] {logging_mixin.py:190} INFO - [2024-11-16T11:29:08.771+0000] {dag.py:4180} INFO - Setting next_dagrun for example_branch_dop_operator_v3 to 2024-11-16 11:28:00+00:00, run_after=2024-11-16 11:29:00+00:00
[2024-11-16T11:29:08.866+0000] {processor.py:208} INFO - Processing /home/airflow/.local/lib/python3.12/site-packages/airflow/example_dags/example_branch_python_dop_operator_3.py took 0.705 seconds
[2024-11-16T11:29:46.203+0000] {processor.py:186} INFO - Started process (PID=24402) to work on /home/airflow/.local/lib/python3.12/site-packages/airflow/example_dags/example_branch_python_dop_operator_3.py
[2024-11-16T11:29:46.205+0000] {processor.py:914} INFO - Processing file /home/airflow/.local/lib/python3.12/site-packages/airflow/example_dags/example_branch_python_dop_operator_3.py for tasks to queue
[2024-11-16T11:29:46.209+0000] {logging_mixin.py:190} INFO - [2024-11-16T11:29:46.208+0000] {dagbag.py:588} INFO - Filling up the DagBag from /home/airflow/.local/lib/python3.12/site-packages/airflow/example_dags/example_branch_python_dop_operator_3.py
[2024-11-16T11:29:46.229+0000] {processor.py:925} INFO - DAG(s) 'example_branch_dop_operator_v3' retrieved from /home/airflow/.local/lib/python3.12/site-packages/airflow/example_dags/example_branch_python_dop_operator_3.py
[2024-11-16T11:29:46.284+0000] {logging_mixin.py:190} INFO - [2024-11-16T11:29:46.284+0000] {dag.py:3239} INFO - Sync 1 DAGs
[2024-11-16T11:29:46.585+0000] {logging_mixin.py:190} INFO - [2024-11-16T11:29:46.585+0000] {dag.py:4180} INFO - Setting next_dagrun for example_branch_dop_operator_v3 to 2024-11-16 11:28:00+00:00, run_after=2024-11-16 11:29:00+00:00
[2024-11-16T11:29:46.611+0000] {processor.py:208} INFO - Processing /home/airflow/.local/lib/python3.12/site-packages/airflow/example_dags/example_branch_python_dop_operator_3.py took 0.421 seconds
[2024-11-16T11:30:16.752+0000] {processor.py:186} INFO - Started process (PID=24465) to work on /home/airflow/.local/lib/python3.12/site-packages/airflow/example_dags/example_branch_python_dop_operator_3.py
[2024-11-16T11:30:16.754+0000] {processor.py:914} INFO - Processing file /home/airflow/.local/lib/python3.12/site-packages/airflow/example_dags/example_branch_python_dop_operator_3.py for tasks to queue
[2024-11-16T11:30:16.756+0000] {logging_mixin.py:190} INFO - [2024-11-16T11:30:16.755+0000] {dagbag.py:588} INFO - Filling up the DagBag from /home/airflow/.local/lib/python3.12/site-packages/airflow/example_dags/example_branch_python_dop_operator_3.py
[2024-11-16T11:30:16.777+0000] {processor.py:925} INFO - DAG(s) 'example_branch_dop_operator_v3' retrieved from /home/airflow/.local/lib/python3.12/site-packages/airflow/example_dags/example_branch_python_dop_operator_3.py
[2024-11-16T11:30:16.808+0000] {logging_mixin.py:190} INFO - [2024-11-16T11:30:16.807+0000] {dag.py:3239} INFO - Sync 1 DAGs
[2024-11-16T11:30:16.859+0000] {logging_mixin.py:190} INFO - [2024-11-16T11:30:16.859+0000] {dag.py:4180} INFO - Setting next_dagrun for example_branch_dop_operator_v3 to 2024-11-16 11:29:00+00:00, run_after=2024-11-16 11:30:00+00:00
[2024-11-16T11:30:17.446+0000] {processor.py:208} INFO - Processing /home/airflow/.local/lib/python3.12/site-packages/airflow/example_dags/example_branch_python_dop_operator_3.py took 0.704 seconds
[2024-11-16T11:30:48.207+0000] {processor.py:186} INFO - Started process (PID=24528) to work on /home/airflow/.local/lib/python3.12/site-packages/airflow/example_dags/example_branch_python_dop_operator_3.py
[2024-11-16T11:30:48.209+0000] {processor.py:914} INFO - Processing file /home/airflow/.local/lib/python3.12/site-packages/airflow/example_dags/example_branch_python_dop_operator_3.py for tasks to queue
[2024-11-16T11:30:48.211+0000] {logging_mixin.py:190} INFO - [2024-11-16T11:30:48.211+0000] {dagbag.py:588} INFO - Filling up the DagBag from /home/airflow/.local/lib/python3.12/site-packages/airflow/example_dags/example_branch_python_dop_operator_3.py
[2024-11-16T11:30:48.227+0000] {processor.py:925} INFO - DAG(s) 'example_branch_dop_operator_v3' retrieved from /home/airflow/.local/lib/python3.12/site-packages/airflow/example_dags/example_branch_python_dop_operator_3.py
[2024-11-16T11:30:48.265+0000] {logging_mixin.py:190} INFO - [2024-11-16T11:30:48.265+0000] {dag.py:3239} INFO - Sync 1 DAGs
[2024-11-16T11:30:48.306+0000] {logging_mixin.py:190} INFO - [2024-11-16T11:30:48.306+0000] {dag.py:4180} INFO - Setting next_dagrun for example_branch_dop_operator_v3 to 2024-11-16 11:29:00+00:00, run_after=2024-11-16 11:30:00+00:00
[2024-11-16T11:30:48.336+0000] {processor.py:208} INFO - Processing /home/airflow/.local/lib/python3.12/site-packages/airflow/example_dags/example_branch_python_dop_operator_3.py took 0.139 seconds
[2024-11-16T11:31:18.525+0000] {processor.py:186} INFO - Started process (PID=24591) to work on /home/airflow/.local/lib/python3.12/site-packages/airflow/example_dags/example_branch_python_dop_operator_3.py
[2024-11-16T11:31:18.527+0000] {processor.py:914} INFO - Processing file /home/airflow/.local/lib/python3.12/site-packages/airflow/example_dags/example_branch_python_dop_operator_3.py for tasks to queue
[2024-11-16T11:31:18.529+0000] {logging_mixin.py:190} INFO - [2024-11-16T11:31:18.528+0000] {dagbag.py:588} INFO - Filling up the DagBag from /home/airflow/.local/lib/python3.12/site-packages/airflow/example_dags/example_branch_python_dop_operator_3.py
[2024-11-16T11:31:18.547+0000] {processor.py:925} INFO - DAG(s) 'example_branch_dop_operator_v3' retrieved from /home/airflow/.local/lib/python3.12/site-packages/airflow/example_dags/example_branch_python_dop_operator_3.py
[2024-11-16T11:31:18.577+0000] {logging_mixin.py:190} INFO - [2024-11-16T11:31:18.577+0000] {dag.py:3239} INFO - Sync 1 DAGs
[2024-11-16T11:31:18.637+0000] {logging_mixin.py:190} INFO - [2024-11-16T11:31:18.637+0000] {dag.py:4180} INFO - Setting next_dagrun for example_branch_dop_operator_v3 to 2024-11-16 11:30:00+00:00, run_after=2024-11-16 11:31:00+00:00
[2024-11-16T11:31:18.677+0000] {processor.py:208} INFO - Processing /home/airflow/.local/lib/python3.12/site-packages/airflow/example_dags/example_branch_python_dop_operator_3.py took 0.164 seconds
[2024-11-16T11:31:52.986+0000] {processor.py:186} INFO - Started process (PID=24632) to work on /home/airflow/.local/lib/python3.12/site-packages/airflow/example_dags/example_branch_python_dop_operator_3.py
[2024-11-16T11:31:52.988+0000] {processor.py:914} INFO - Processing file /home/airflow/.local/lib/python3.12/site-packages/airflow/example_dags/example_branch_python_dop_operator_3.py for tasks to queue
[2024-11-16T11:31:52.991+0000] {logging_mixin.py:190} INFO - [2024-11-16T11:31:52.990+0000] {dagbag.py:588} INFO - Filling up the DagBag from /home/airflow/.local/lib/python3.12/site-packages/airflow/example_dags/example_branch_python_dop_operator_3.py
[2024-11-16T11:31:53.024+0000] {processor.py:925} INFO - DAG(s) 'example_branch_dop_operator_v3' retrieved from /home/airflow/.local/lib/python3.12/site-packages/airflow/example_dags/example_branch_python_dop_operator_3.py
[2024-11-16T11:31:53.086+0000] {logging_mixin.py:190} INFO - [2024-11-16T11:31:53.085+0000] {dag.py:3239} INFO - Sync 1 DAGs
[2024-11-16T11:31:53.171+0000] {logging_mixin.py:190} INFO - [2024-11-16T11:31:53.170+0000] {dag.py:4180} INFO - Setting next_dagrun for example_branch_dop_operator_v3 to 2024-11-16 11:30:00+00:00, run_after=2024-11-16 11:31:00+00:00
[2024-11-16T11:31:53.619+0000] {processor.py:208} INFO - Processing /home/airflow/.local/lib/python3.12/site-packages/airflow/example_dags/example_branch_python_dop_operator_3.py took 0.655 seconds
[2024-11-16T11:32:23.837+0000] {processor.py:186} INFO - Started process (PID=24696) to work on /home/airflow/.local/lib/python3.12/site-packages/airflow/example_dags/example_branch_python_dop_operator_3.py
[2024-11-16T11:32:23.839+0000] {processor.py:914} INFO - Processing file /home/airflow/.local/lib/python3.12/site-packages/airflow/example_dags/example_branch_python_dop_operator_3.py for tasks to queue
[2024-11-16T11:32:23.841+0000] {logging_mixin.py:190} INFO - [2024-11-16T11:32:23.841+0000] {dagbag.py:588} INFO - Filling up the DagBag from /home/airflow/.local/lib/python3.12/site-packages/airflow/example_dags/example_branch_python_dop_operator_3.py
[2024-11-16T11:32:23.861+0000] {processor.py:925} INFO - DAG(s) 'example_branch_dop_operator_v3' retrieved from /home/airflow/.local/lib/python3.12/site-packages/airflow/example_dags/example_branch_python_dop_operator_3.py
[2024-11-16T11:32:23.911+0000] {logging_mixin.py:190} INFO - [2024-11-16T11:32:23.910+0000] {dag.py:3239} INFO - Sync 1 DAGs
[2024-11-16T11:32:23.967+0000] {logging_mixin.py:190} INFO - [2024-11-16T11:32:23.967+0000] {dag.py:4180} INFO - Setting next_dagrun for example_branch_dop_operator_v3 to 2024-11-16 11:31:00+00:00, run_after=2024-11-16 11:32:00+00:00
[2024-11-16T11:32:23.997+0000] {processor.py:208} INFO - Processing /home/airflow/.local/lib/python3.12/site-packages/airflow/example_dags/example_branch_python_dop_operator_3.py took 0.171 seconds
[2024-11-16T11:34:18.504+0000] {processor.py:186} INFO - Started process (PID=24720) to work on /home/airflow/.local/lib/python3.12/site-packages/airflow/example_dags/example_branch_python_dop_operator_3.py
[2024-11-16T11:34:18.506+0000] {processor.py:914} INFO - Processing file /home/airflow/.local/lib/python3.12/site-packages/airflow/example_dags/example_branch_python_dop_operator_3.py for tasks to queue
[2024-11-16T11:34:18.520+0000] {logging_mixin.py:190} INFO - [2024-11-16T11:34:18.509+0000] {dagbag.py:588} INFO - Filling up the DagBag from /home/airflow/.local/lib/python3.12/site-packages/airflow/example_dags/example_branch_python_dop_operator_3.py
[2024-11-16T11:34:18.554+0000] {processor.py:925} INFO - DAG(s) 'example_branch_dop_operator_v3' retrieved from /home/airflow/.local/lib/python3.12/site-packages/airflow/example_dags/example_branch_python_dop_operator_3.py
[2024-11-16T11:34:18.615+0000] {logging_mixin.py:190} INFO - [2024-11-16T11:34:18.614+0000] {dag.py:3239} INFO - Sync 1 DAGs
[2024-11-16T11:34:18.693+0000] {logging_mixin.py:190} INFO - [2024-11-16T11:34:18.692+0000] {dag.py:4180} INFO - Setting next_dagrun for example_branch_dop_operator_v3 to 2024-11-16 11:33:00+00:00, run_after=2024-11-16 11:34:00+00:00
[2024-11-16T11:34:18.751+0000] {processor.py:208} INFO - Processing /home/airflow/.local/lib/python3.12/site-packages/airflow/example_dags/example_branch_python_dop_operator_3.py took 0.258 seconds
[2024-11-16T11:34:49.351+0000] {processor.py:186} INFO - Started process (PID=24782) to work on /home/airflow/.local/lib/python3.12/site-packages/airflow/example_dags/example_branch_python_dop_operator_3.py
[2024-11-16T11:34:49.354+0000] {processor.py:914} INFO - Processing file /home/airflow/.local/lib/python3.12/site-packages/airflow/example_dags/example_branch_python_dop_operator_3.py for tasks to queue
[2024-11-16T11:34:49.357+0000] {logging_mixin.py:190} INFO - [2024-11-16T11:34:49.356+0000] {dagbag.py:588} INFO - Filling up the DagBag from /home/airflow/.local/lib/python3.12/site-packages/airflow/example_dags/example_branch_python_dop_operator_3.py
[2024-11-16T11:34:49.378+0000] {processor.py:925} INFO - DAG(s) 'example_branch_dop_operator_v3' retrieved from /home/airflow/.local/lib/python3.12/site-packages/airflow/example_dags/example_branch_python_dop_operator_3.py
[2024-11-16T11:34:49.408+0000] {logging_mixin.py:190} INFO - [2024-11-16T11:34:49.408+0000] {dag.py:3239} INFO - Sync 1 DAGs
[2024-11-16T11:34:49.457+0000] {logging_mixin.py:190} INFO - [2024-11-16T11:34:49.457+0000] {dag.py:4180} INFO - Setting next_dagrun for example_branch_dop_operator_v3 to 2024-11-16 11:33:00+00:00, run_after=2024-11-16 11:34:00+00:00
[2024-11-16T11:34:49.493+0000] {processor.py:208} INFO - Processing /home/airflow/.local/lib/python3.12/site-packages/airflow/example_dags/example_branch_python_dop_operator_3.py took 0.155 seconds
