[2024-11-16T11:26:58.468+0000] {processor.py:186} INFO - Started process (PID=24200) to work on /home/airflow/.local/lib/python3.12/site-packages/airflow/example_dags/example_datasets.py
[2024-11-16T11:26:58.470+0000] {processor.py:914} INFO - Processing file /home/airflow/.local/lib/python3.12/site-packages/airflow/example_dags/example_datasets.py for tasks to queue
[2024-11-16T11:26:58.473+0000] {logging_mixin.py:190} INFO - [2024-11-16T11:26:58.472+0000] {dagbag.py:588} INFO - Filling up the DagBag from /home/airflow/.local/lib/python3.12/site-packages/airflow/example_dags/example_datasets.py
[2024-11-16T11:26:59.337+0000] {processor.py:925} INFO - DAG(s) 'dataset_produces_2', 'dataset_consumes_1_never_scheduled', 'consume_1_or_both_2_and_3_with_dataset_expressions', 'conditional_dataset_and_time_based_timetable', 'dataset_produces_1', 'consume_1_or_2_with_dataset_expressions', 'dataset_consumes_1', 'dataset_consumes_unknown_never_scheduled', 'dataset_consumes_1_and_2', 'consume_1_and_2_with_dataset_expressions' retrieved from /home/airflow/.local/lib/python3.12/site-packages/airflow/example_dags/example_datasets.py
[2024-11-16T11:26:59.459+0000] {logging_mixin.py:190} INFO - [2024-11-16T11:26:59.459+0000] {dag.py:3239} INFO - Sync 10 DAGs
[2024-11-16T11:26:59.528+0000] {logging_mixin.py:190} INFO - [2024-11-16T11:26:59.528+0000] {dag.py:4180} INFO - Setting next_dagrun for conditional_dataset_and_time_based_timetable to 2024-11-13 01:00:00+00:00, run_after=2024-11-13 01:00:00+00:00
[2024-11-16T11:26:59.537+0000] {logging_mixin.py:190} INFO - [2024-11-16T11:26:59.536+0000] {dag.py:4180} INFO - Setting next_dagrun for consume_1_and_2_with_dataset_expressions to None, run_after=None
[2024-11-16T11:26:59.541+0000] {logging_mixin.py:190} INFO - [2024-11-16T11:26:59.540+0000] {dag.py:4180} INFO - Setting next_dagrun for consume_1_or_2_with_dataset_expressions to None, run_after=None
[2024-11-16T11:26:59.545+0000] {logging_mixin.py:190} INFO - [2024-11-16T11:26:59.545+0000] {dag.py:4180} INFO - Setting next_dagrun for consume_1_or_both_2_and_3_with_dataset_expressions to None, run_after=None
[2024-11-16T11:26:59.549+0000] {logging_mixin.py:190} INFO - [2024-11-16T11:26:59.548+0000] {dag.py:4180} INFO - Setting next_dagrun for dataset_consumes_1 to None, run_after=None
[2024-11-16T11:26:59.553+0000] {logging_mixin.py:190} INFO - [2024-11-16T11:26:59.553+0000] {dag.py:4180} INFO - Setting next_dagrun for dataset_consumes_1_and_2 to None, run_after=None
[2024-11-16T11:26:59.557+0000] {logging_mixin.py:190} INFO - [2024-11-16T11:26:59.557+0000] {dag.py:4180} INFO - Setting next_dagrun for dataset_consumes_1_never_scheduled to None, run_after=None
[2024-11-16T11:26:59.562+0000] {logging_mixin.py:190} INFO - [2024-11-16T11:26:59.561+0000] {dag.py:4180} INFO - Setting next_dagrun for dataset_consumes_unknown_never_scheduled to None, run_after=None
[2024-11-16T11:26:59.567+0000] {logging_mixin.py:190} INFO - [2024-11-16T11:26:59.567+0000] {dag.py:4180} INFO - Setting next_dagrun for dataset_produces_1 to 2024-11-15 00:00:00+00:00, run_after=2024-11-16 00:00:00+00:00
[2024-11-16T11:26:59.574+0000] {logging_mixin.py:190} INFO - [2024-11-16T11:26:59.573+0000] {dag.py:4180} INFO - Setting next_dagrun for dataset_produces_2 to None, run_after=None
[2024-11-16T11:26:59.710+0000] {processor.py:208} INFO - Processing /home/airflow/.local/lib/python3.12/site-packages/airflow/example_dags/example_datasets.py took 1.256 seconds
[2024-11-16T11:27:54.390+0000] {processor.py:186} INFO - Started process (PID=24270) to work on /home/airflow/.local/lib/python3.12/site-packages/airflow/example_dags/example_datasets.py
[2024-11-16T11:27:54.408+0000] {processor.py:914} INFO - Processing file /home/airflow/.local/lib/python3.12/site-packages/airflow/example_dags/example_datasets.py for tasks to queue
[2024-11-16T11:27:54.466+0000] {logging_mixin.py:190} INFO - [2024-11-16T11:27:54.455+0000] {dagbag.py:588} INFO - Filling up the DagBag from /home/airflow/.local/lib/python3.12/site-packages/airflow/example_dags/example_datasets.py
[2024-11-16T11:28:21.941+0000] {processor.py:925} INFO - DAG(s) 'consume_1_and_2_with_dataset_expressions', 'dataset_produces_2', 'conditional_dataset_and_time_based_timetable', 'dataset_consumes_1_and_2', 'dataset_consumes_1', 'consume_1_or_both_2_and_3_with_dataset_expressions', 'consume_1_or_2_with_dataset_expressions', 'dataset_consumes_1_never_scheduled', 'dataset_produces_1', 'dataset_consumes_unknown_never_scheduled' retrieved from /home/airflow/.local/lib/python3.12/site-packages/airflow/example_dags/example_datasets.py
[2024-11-16T11:28:23.276+0000] {logging_mixin.py:190} INFO - [2024-11-16T11:28:23.272+0000] {dag.py:3239} INFO - Sync 10 DAGs
[2024-11-16T11:28:23.705+0000] {logging_mixin.py:190} INFO - [2024-11-16T11:28:23.704+0000] {dag.py:4180} INFO - Setting next_dagrun for conditional_dataset_and_time_based_timetable to 2024-11-13 01:00:00+00:00, run_after=2024-11-13 01:00:00+00:00
[2024-11-16T11:28:23.792+0000] {logging_mixin.py:190} INFO - [2024-11-16T11:28:23.791+0000] {dag.py:4180} INFO - Setting next_dagrun for consume_1_and_2_with_dataset_expressions to None, run_after=None
[2024-11-16T11:28:23.942+0000] {logging_mixin.py:190} INFO - [2024-11-16T11:28:23.941+0000] {dag.py:4180} INFO - Setting next_dagrun for consume_1_or_2_with_dataset_expressions to None, run_after=None
[2024-11-16T11:28:24.116+0000] {logging_mixin.py:190} INFO - [2024-11-16T11:28:24.113+0000] {dag.py:4180} INFO - Setting next_dagrun for consume_1_or_both_2_and_3_with_dataset_expressions to None, run_after=None
[2024-11-16T11:28:24.197+0000] {logging_mixin.py:190} INFO - [2024-11-16T11:28:24.196+0000] {dag.py:4180} INFO - Setting next_dagrun for dataset_consumes_1 to None, run_after=None
[2024-11-16T11:28:24.205+0000] {logging_mixin.py:190} INFO - [2024-11-16T11:28:24.204+0000] {dag.py:4180} INFO - Setting next_dagrun for dataset_consumes_1_and_2 to None, run_after=None
[2024-11-16T11:28:24.218+0000] {logging_mixin.py:190} INFO - [2024-11-16T11:28:24.217+0000] {dag.py:4180} INFO - Setting next_dagrun for dataset_consumes_1_never_scheduled to None, run_after=None
[2024-11-16T11:28:24.244+0000] {logging_mixin.py:190} INFO - [2024-11-16T11:28:24.244+0000] {dag.py:4180} INFO - Setting next_dagrun for dataset_consumes_unknown_never_scheduled to None, run_after=None
[2024-11-16T11:28:24.261+0000] {logging_mixin.py:190} INFO - [2024-11-16T11:28:24.260+0000] {dag.py:4180} INFO - Setting next_dagrun for dataset_produces_1 to 2024-11-15 00:00:00+00:00, run_after=2024-11-16 00:00:00+00:00
[2024-11-16T11:28:24.326+0000] {logging_mixin.py:190} INFO - [2024-11-16T11:28:24.325+0000] {dag.py:4180} INFO - Setting next_dagrun for dataset_produces_2 to None, run_after=None
[2024-11-16T11:28:25.100+0000] {processor.py:208} INFO - Processing /home/airflow/.local/lib/python3.12/site-packages/airflow/example_dags/example_datasets.py took 29.278 seconds
[2024-11-16T11:29:11.062+0000] {processor.py:186} INFO - Started process (PID=24350) to work on /home/airflow/.local/lib/python3.12/site-packages/airflow/example_dags/example_datasets.py
[2024-11-16T11:29:11.064+0000] {processor.py:914} INFO - Processing file /home/airflow/.local/lib/python3.12/site-packages/airflow/example_dags/example_datasets.py for tasks to queue
[2024-11-16T11:29:11.067+0000] {logging_mixin.py:190} INFO - [2024-11-16T11:29:11.066+0000] {dagbag.py:588} INFO - Filling up the DagBag from /home/airflow/.local/lib/python3.12/site-packages/airflow/example_dags/example_datasets.py
[2024-11-16T11:29:11.568+0000] {processor.py:925} INFO - DAG(s) 'dataset_consumes_1_and_2', 'consume_1_or_2_with_dataset_expressions', 'dataset_produces_1', 'dataset_produces_2', 'conditional_dataset_and_time_based_timetable', 'dataset_consumes_1', 'dataset_consumes_unknown_never_scheduled', 'dataset_consumes_1_never_scheduled', 'consume_1_and_2_with_dataset_expressions', 'consume_1_or_both_2_and_3_with_dataset_expressions' retrieved from /home/airflow/.local/lib/python3.12/site-packages/airflow/example_dags/example_datasets.py
[2024-11-16T11:29:11.658+0000] {logging_mixin.py:190} INFO - [2024-11-16T11:29:11.658+0000] {dag.py:3239} INFO - Sync 10 DAGs
[2024-11-16T11:29:11.704+0000] {logging_mixin.py:190} INFO - [2024-11-16T11:29:11.703+0000] {dag.py:4180} INFO - Setting next_dagrun for conditional_dataset_and_time_based_timetable to 2024-11-13 01:00:00+00:00, run_after=2024-11-13 01:00:00+00:00
[2024-11-16T11:29:11.711+0000] {logging_mixin.py:190} INFO - [2024-11-16T11:29:11.710+0000] {dag.py:4180} INFO - Setting next_dagrun for consume_1_and_2_with_dataset_expressions to None, run_after=None
[2024-11-16T11:29:11.713+0000] {logging_mixin.py:190} INFO - [2024-11-16T11:29:11.713+0000] {dag.py:4180} INFO - Setting next_dagrun for consume_1_or_2_with_dataset_expressions to None, run_after=None
[2024-11-16T11:29:11.719+0000] {logging_mixin.py:190} INFO - [2024-11-16T11:29:11.718+0000] {dag.py:4180} INFO - Setting next_dagrun for consume_1_or_both_2_and_3_with_dataset_expressions to None, run_after=None
[2024-11-16T11:29:11.723+0000] {logging_mixin.py:190} INFO - [2024-11-16T11:29:11.723+0000] {dag.py:4180} INFO - Setting next_dagrun for dataset_consumes_1 to None, run_after=None
[2024-11-16T11:29:11.726+0000] {logging_mixin.py:190} INFO - [2024-11-16T11:29:11.726+0000] {dag.py:4180} INFO - Setting next_dagrun for dataset_consumes_1_and_2 to None, run_after=None
[2024-11-16T11:29:11.728+0000] {logging_mixin.py:190} INFO - [2024-11-16T11:29:11.728+0000] {dag.py:4180} INFO - Setting next_dagrun for dataset_consumes_1_never_scheduled to None, run_after=None
[2024-11-16T11:29:11.731+0000] {logging_mixin.py:190} INFO - [2024-11-16T11:29:11.731+0000] {dag.py:4180} INFO - Setting next_dagrun for dataset_consumes_unknown_never_scheduled to None, run_after=None
[2024-11-16T11:29:11.738+0000] {logging_mixin.py:190} INFO - [2024-11-16T11:29:11.738+0000] {dag.py:4180} INFO - Setting next_dagrun for dataset_produces_1 to 2024-11-15 00:00:00+00:00, run_after=2024-11-16 00:00:00+00:00
[2024-11-16T11:29:11.741+0000] {logging_mixin.py:190} INFO - [2024-11-16T11:29:11.741+0000] {dag.py:4180} INFO - Setting next_dagrun for dataset_produces_2 to None, run_after=None
[2024-11-16T11:29:11.809+0000] {processor.py:208} INFO - Processing /home/airflow/.local/lib/python3.12/site-packages/airflow/example_dags/example_datasets.py took 0.756 seconds
[2024-11-16T11:29:47.763+0000] {processor.py:186} INFO - Started process (PID=24413) to work on /home/airflow/.local/lib/python3.12/site-packages/airflow/example_dags/example_datasets.py
[2024-11-16T11:29:47.766+0000] {processor.py:914} INFO - Processing file /home/airflow/.local/lib/python3.12/site-packages/airflow/example_dags/example_datasets.py for tasks to queue
[2024-11-16T11:29:47.768+0000] {logging_mixin.py:190} INFO - [2024-11-16T11:29:47.768+0000] {dagbag.py:588} INFO - Filling up the DagBag from /home/airflow/.local/lib/python3.12/site-packages/airflow/example_dags/example_datasets.py
[2024-11-16T11:29:48.467+0000] {processor.py:925} INFO - DAG(s) 'dataset_consumes_1_never_scheduled', 'dataset_consumes_1', 'dataset_produces_1', 'consume_1_and_2_with_dataset_expressions', 'dataset_consumes_1_and_2', 'conditional_dataset_and_time_based_timetable', 'dataset_produces_2', 'consume_1_or_both_2_and_3_with_dataset_expressions', 'consume_1_or_2_with_dataset_expressions', 'dataset_consumes_unknown_never_scheduled' retrieved from /home/airflow/.local/lib/python3.12/site-packages/airflow/example_dags/example_datasets.py
[2024-11-16T11:29:48.536+0000] {logging_mixin.py:190} INFO - [2024-11-16T11:29:48.535+0000] {dag.py:3239} INFO - Sync 10 DAGs
[2024-11-16T11:29:48.582+0000] {logging_mixin.py:190} INFO - [2024-11-16T11:29:48.581+0000] {dag.py:4180} INFO - Setting next_dagrun for conditional_dataset_and_time_based_timetable to 2024-11-13 01:00:00+00:00, run_after=2024-11-13 01:00:00+00:00
[2024-11-16T11:29:48.592+0000] {logging_mixin.py:190} INFO - [2024-11-16T11:29:48.591+0000] {dag.py:4180} INFO - Setting next_dagrun for consume_1_and_2_with_dataset_expressions to None, run_after=None
[2024-11-16T11:29:48.595+0000] {logging_mixin.py:190} INFO - [2024-11-16T11:29:48.594+0000] {dag.py:4180} INFO - Setting next_dagrun for consume_1_or_2_with_dataset_expressions to None, run_after=None
[2024-11-16T11:29:48.597+0000] {logging_mixin.py:190} INFO - [2024-11-16T11:29:48.597+0000] {dag.py:4180} INFO - Setting next_dagrun for consume_1_or_both_2_and_3_with_dataset_expressions to None, run_after=None
[2024-11-16T11:29:48.600+0000] {logging_mixin.py:190} INFO - [2024-11-16T11:29:48.600+0000] {dag.py:4180} INFO - Setting next_dagrun for dataset_consumes_1 to None, run_after=None
[2024-11-16T11:29:48.604+0000] {logging_mixin.py:190} INFO - [2024-11-16T11:29:48.604+0000] {dag.py:4180} INFO - Setting next_dagrun for dataset_consumes_1_and_2 to None, run_after=None
[2024-11-16T11:29:48.608+0000] {logging_mixin.py:190} INFO - [2024-11-16T11:29:48.607+0000] {dag.py:4180} INFO - Setting next_dagrun for dataset_consumes_1_never_scheduled to None, run_after=None
[2024-11-16T11:29:48.611+0000] {logging_mixin.py:190} INFO - [2024-11-16T11:29:48.610+0000] {dag.py:4180} INFO - Setting next_dagrun for dataset_consumes_unknown_never_scheduled to None, run_after=None
[2024-11-16T11:29:48.615+0000] {logging_mixin.py:190} INFO - [2024-11-16T11:29:48.615+0000] {dag.py:4180} INFO - Setting next_dagrun for dataset_produces_1 to 2024-11-15 00:00:00+00:00, run_after=2024-11-16 00:00:00+00:00
[2024-11-16T11:29:48.618+0000] {logging_mixin.py:190} INFO - [2024-11-16T11:29:48.617+0000] {dag.py:4180} INFO - Setting next_dagrun for dataset_produces_2 to None, run_after=None
[2024-11-16T11:29:48.686+0000] {processor.py:208} INFO - Processing /home/airflow/.local/lib/python3.12/site-packages/airflow/example_dags/example_datasets.py took 0.934 seconds
[2024-11-16T11:30:20.100+0000] {processor.py:186} INFO - Started process (PID=24476) to work on /home/airflow/.local/lib/python3.12/site-packages/airflow/example_dags/example_datasets.py
[2024-11-16T11:30:20.102+0000] {processor.py:914} INFO - Processing file /home/airflow/.local/lib/python3.12/site-packages/airflow/example_dags/example_datasets.py for tasks to queue
[2024-11-16T11:30:20.104+0000] {logging_mixin.py:190} INFO - [2024-11-16T11:30:20.103+0000] {dagbag.py:588} INFO - Filling up the DagBag from /home/airflow/.local/lib/python3.12/site-packages/airflow/example_dags/example_datasets.py
[2024-11-16T11:30:20.875+0000] {processor.py:925} INFO - DAG(s) 'dataset_produces_2', 'dataset_consumes_1_never_scheduled', 'dataset_consumes_1', 'conditional_dataset_and_time_based_timetable', 'dataset_produces_1', 'dataset_consumes_unknown_never_scheduled', 'consume_1_and_2_with_dataset_expressions', 'dataset_consumes_1_and_2', 'consume_1_or_2_with_dataset_expressions', 'consume_1_or_both_2_and_3_with_dataset_expressions' retrieved from /home/airflow/.local/lib/python3.12/site-packages/airflow/example_dags/example_datasets.py
[2024-11-16T11:30:20.980+0000] {logging_mixin.py:190} INFO - [2024-11-16T11:30:20.979+0000] {dag.py:3239} INFO - Sync 10 DAGs
[2024-11-16T11:30:21.029+0000] {logging_mixin.py:190} INFO - [2024-11-16T11:30:21.029+0000] {dag.py:4180} INFO - Setting next_dagrun for conditional_dataset_and_time_based_timetable to 2024-11-13 01:00:00+00:00, run_after=2024-11-13 01:00:00+00:00
[2024-11-16T11:30:21.036+0000] {logging_mixin.py:190} INFO - [2024-11-16T11:30:21.036+0000] {dag.py:4180} INFO - Setting next_dagrun for consume_1_and_2_with_dataset_expressions to None, run_after=None
[2024-11-16T11:30:21.039+0000] {logging_mixin.py:190} INFO - [2024-11-16T11:30:21.039+0000] {dag.py:4180} INFO - Setting next_dagrun for consume_1_or_2_with_dataset_expressions to None, run_after=None
[2024-11-16T11:30:21.041+0000] {logging_mixin.py:190} INFO - [2024-11-16T11:30:21.041+0000] {dag.py:4180} INFO - Setting next_dagrun for consume_1_or_both_2_and_3_with_dataset_expressions to None, run_after=None
[2024-11-16T11:30:21.044+0000] {logging_mixin.py:190} INFO - [2024-11-16T11:30:21.044+0000] {dag.py:4180} INFO - Setting next_dagrun for dataset_consumes_1 to None, run_after=None
[2024-11-16T11:30:21.048+0000] {logging_mixin.py:190} INFO - [2024-11-16T11:30:21.047+0000] {dag.py:4180} INFO - Setting next_dagrun for dataset_consumes_1_and_2 to None, run_after=None
[2024-11-16T11:30:21.051+0000] {logging_mixin.py:190} INFO - [2024-11-16T11:30:21.051+0000] {dag.py:4180} INFO - Setting next_dagrun for dataset_consumes_1_never_scheduled to None, run_after=None
[2024-11-16T11:30:21.054+0000] {logging_mixin.py:190} INFO - [2024-11-16T11:30:21.054+0000] {dag.py:4180} INFO - Setting next_dagrun for dataset_consumes_unknown_never_scheduled to None, run_after=None
[2024-11-16T11:30:21.060+0000] {logging_mixin.py:190} INFO - [2024-11-16T11:30:21.059+0000] {dag.py:4180} INFO - Setting next_dagrun for dataset_produces_1 to 2024-11-15 00:00:00+00:00, run_after=2024-11-16 00:00:00+00:00
[2024-11-16T11:30:21.064+0000] {logging_mixin.py:190} INFO - [2024-11-16T11:30:21.063+0000] {dag.py:4180} INFO - Setting next_dagrun for dataset_produces_2 to None, run_after=None
[2024-11-16T11:30:21.136+0000] {processor.py:208} INFO - Processing /home/airflow/.local/lib/python3.12/site-packages/airflow/example_dags/example_datasets.py took 1.045 seconds
[2024-11-16T11:30:51.449+0000] {processor.py:186} INFO - Started process (PID=24539) to work on /home/airflow/.local/lib/python3.12/site-packages/airflow/example_dags/example_datasets.py
[2024-11-16T11:30:51.451+0000] {processor.py:914} INFO - Processing file /home/airflow/.local/lib/python3.12/site-packages/airflow/example_dags/example_datasets.py for tasks to queue
[2024-11-16T11:30:51.453+0000] {logging_mixin.py:190} INFO - [2024-11-16T11:30:51.453+0000] {dagbag.py:588} INFO - Filling up the DagBag from /home/airflow/.local/lib/python3.12/site-packages/airflow/example_dags/example_datasets.py
[2024-11-16T11:30:52.245+0000] {processor.py:925} INFO - DAG(s) 'dataset_consumes_1', 'dataset_produces_1', 'dataset_consumes_1_and_2', 'dataset_consumes_unknown_never_scheduled', 'dataset_consumes_1_never_scheduled', 'consume_1_and_2_with_dataset_expressions', 'dataset_produces_2', 'conditional_dataset_and_time_based_timetable', 'consume_1_or_both_2_and_3_with_dataset_expressions', 'consume_1_or_2_with_dataset_expressions' retrieved from /home/airflow/.local/lib/python3.12/site-packages/airflow/example_dags/example_datasets.py
[2024-11-16T11:30:52.310+0000] {logging_mixin.py:190} INFO - [2024-11-16T11:30:52.309+0000] {dag.py:3239} INFO - Sync 10 DAGs
[2024-11-16T11:30:52.342+0000] {logging_mixin.py:190} INFO - [2024-11-16T11:30:52.342+0000] {dag.py:4180} INFO - Setting next_dagrun for conditional_dataset_and_time_based_timetable to 2024-11-13 01:00:00+00:00, run_after=2024-11-13 01:00:00+00:00
[2024-11-16T11:30:52.347+0000] {logging_mixin.py:190} INFO - [2024-11-16T11:30:52.347+0000] {dag.py:4180} INFO - Setting next_dagrun for consume_1_and_2_with_dataset_expressions to None, run_after=None
[2024-11-16T11:30:52.349+0000] {logging_mixin.py:190} INFO - [2024-11-16T11:30:52.349+0000] {dag.py:4180} INFO - Setting next_dagrun for consume_1_or_2_with_dataset_expressions to None, run_after=None
[2024-11-16T11:30:52.351+0000] {logging_mixin.py:190} INFO - [2024-11-16T11:30:52.351+0000] {dag.py:4180} INFO - Setting next_dagrun for consume_1_or_both_2_and_3_with_dataset_expressions to None, run_after=None
[2024-11-16T11:30:52.354+0000] {logging_mixin.py:190} INFO - [2024-11-16T11:30:52.353+0000] {dag.py:4180} INFO - Setting next_dagrun for dataset_consumes_1 to None, run_after=None
[2024-11-16T11:30:52.356+0000] {logging_mixin.py:190} INFO - [2024-11-16T11:30:52.356+0000] {dag.py:4180} INFO - Setting next_dagrun for dataset_consumes_1_and_2 to None, run_after=None
[2024-11-16T11:30:52.359+0000] {logging_mixin.py:190} INFO - [2024-11-16T11:30:52.359+0000] {dag.py:4180} INFO - Setting next_dagrun for dataset_consumes_1_never_scheduled to None, run_after=None
[2024-11-16T11:30:52.361+0000] {logging_mixin.py:190} INFO - [2024-11-16T11:30:52.361+0000] {dag.py:4180} INFO - Setting next_dagrun for dataset_consumes_unknown_never_scheduled to None, run_after=None
[2024-11-16T11:30:52.365+0000] {logging_mixin.py:190} INFO - [2024-11-16T11:30:52.364+0000] {dag.py:4180} INFO - Setting next_dagrun for dataset_produces_1 to 2024-11-15 00:00:00+00:00, run_after=2024-11-16 00:00:00+00:00
[2024-11-16T11:30:52.367+0000] {logging_mixin.py:190} INFO - [2024-11-16T11:30:52.367+0000] {dag.py:4180} INFO - Setting next_dagrun for dataset_produces_2 to None, run_after=None
[2024-11-16T11:30:52.418+0000] {processor.py:208} INFO - Processing /home/airflow/.local/lib/python3.12/site-packages/airflow/example_dags/example_datasets.py took 0.981 seconds
[2024-11-16T11:31:23.067+0000] {processor.py:186} INFO - Started process (PID=24608) to work on /home/airflow/.local/lib/python3.12/site-packages/airflow/example_dags/example_datasets.py
[2024-11-16T11:31:23.089+0000] {processor.py:914} INFO - Processing file /home/airflow/.local/lib/python3.12/site-packages/airflow/example_dags/example_datasets.py for tasks to queue
[2024-11-16T11:31:23.092+0000] {logging_mixin.py:190} INFO - [2024-11-16T11:31:23.092+0000] {dagbag.py:588} INFO - Filling up the DagBag from /home/airflow/.local/lib/python3.12/site-packages/airflow/example_dags/example_datasets.py
[2024-11-16T11:31:26.680+0000] {processor.py:925} INFO - DAG(s) 'consume_1_and_2_with_dataset_expressions', 'dataset_consumes_1_and_2', 'dataset_produces_2', 'conditional_dataset_and_time_based_timetable', 'dataset_consumes_unknown_never_scheduled', 'dataset_consumes_1', 'consume_1_or_2_with_dataset_expressions', 'dataset_produces_1', 'consume_1_or_both_2_and_3_with_dataset_expressions', 'dataset_consumes_1_never_scheduled' retrieved from /home/airflow/.local/lib/python3.12/site-packages/airflow/example_dags/example_datasets.py
[2024-11-16T11:31:26.849+0000] {logging_mixin.py:190} INFO - [2024-11-16T11:31:26.848+0000] {dag.py:3239} INFO - Sync 10 DAGs
[2024-11-16T11:31:26.929+0000] {logging_mixin.py:190} INFO - [2024-11-16T11:31:26.928+0000] {dag.py:4180} INFO - Setting next_dagrun for conditional_dataset_and_time_based_timetable to 2024-11-13 01:00:00+00:00, run_after=2024-11-13 01:00:00+00:00
[2024-11-16T11:31:26.942+0000] {logging_mixin.py:190} INFO - [2024-11-16T11:31:26.941+0000] {dag.py:4180} INFO - Setting next_dagrun for consume_1_and_2_with_dataset_expressions to None, run_after=None
[2024-11-16T11:31:26.946+0000] {logging_mixin.py:190} INFO - [2024-11-16T11:31:26.946+0000] {dag.py:4180} INFO - Setting next_dagrun for consume_1_or_2_with_dataset_expressions to None, run_after=None
[2024-11-16T11:31:26.950+0000] {logging_mixin.py:190} INFO - [2024-11-16T11:31:26.949+0000] {dag.py:4180} INFO - Setting next_dagrun for consume_1_or_both_2_and_3_with_dataset_expressions to None, run_after=None
[2024-11-16T11:31:26.953+0000] {logging_mixin.py:190} INFO - [2024-11-16T11:31:26.952+0000] {dag.py:4180} INFO - Setting next_dagrun for dataset_consumes_1 to None, run_after=None
[2024-11-16T11:31:26.956+0000] {logging_mixin.py:190} INFO - [2024-11-16T11:31:26.956+0000] {dag.py:4180} INFO - Setting next_dagrun for dataset_consumes_1_and_2 to None, run_after=None
[2024-11-16T11:31:26.959+0000] {logging_mixin.py:190} INFO - [2024-11-16T11:31:26.959+0000] {dag.py:4180} INFO - Setting next_dagrun for dataset_consumes_1_never_scheduled to None, run_after=None
[2024-11-16T11:31:26.962+0000] {logging_mixin.py:190} INFO - [2024-11-16T11:31:26.962+0000] {dag.py:4180} INFO - Setting next_dagrun for dataset_consumes_unknown_never_scheduled to None, run_after=None
[2024-11-16T11:31:26.970+0000] {logging_mixin.py:190} INFO - [2024-11-16T11:31:26.970+0000] {dag.py:4180} INFO - Setting next_dagrun for dataset_produces_1 to 2024-11-15 00:00:00+00:00, run_after=2024-11-16 00:00:00+00:00
[2024-11-16T11:31:26.973+0000] {logging_mixin.py:190} INFO - [2024-11-16T11:31:26.972+0000] {dag.py:4180} INFO - Setting next_dagrun for dataset_produces_2 to None, run_after=None
[2024-11-16T11:31:27.072+0000] {processor.py:208} INFO - Processing /home/airflow/.local/lib/python3.12/site-packages/airflow/example_dags/example_datasets.py took 4.011 seconds
[2024-11-16T11:32:09.587+0000] {processor.py:186} INFO - Started process (PID=24672) to work on /home/airflow/.local/lib/python3.12/site-packages/airflow/example_dags/example_datasets.py
[2024-11-16T11:32:09.589+0000] {processor.py:914} INFO - Processing file /home/airflow/.local/lib/python3.12/site-packages/airflow/example_dags/example_datasets.py for tasks to queue
[2024-11-16T11:32:09.591+0000] {logging_mixin.py:190} INFO - [2024-11-16T11:32:09.591+0000] {dagbag.py:588} INFO - Filling up the DagBag from /home/airflow/.local/lib/python3.12/site-packages/airflow/example_dags/example_datasets.py
[2024-11-16T11:32:10.277+0000] {processor.py:925} INFO - DAG(s) 'dataset_produces_1', 'dataset_consumes_unknown_never_scheduled', 'consume_1_or_2_with_dataset_expressions', 'conditional_dataset_and_time_based_timetable', 'consume_1_or_both_2_and_3_with_dataset_expressions', 'consume_1_and_2_with_dataset_expressions', 'dataset_consumes_1_and_2', 'dataset_consumes_1_never_scheduled', 'dataset_produces_2', 'dataset_consumes_1' retrieved from /home/airflow/.local/lib/python3.12/site-packages/airflow/example_dags/example_datasets.py
[2024-11-16T11:32:10.339+0000] {logging_mixin.py:190} INFO - [2024-11-16T11:32:10.339+0000] {dag.py:3239} INFO - Sync 10 DAGs
[2024-11-16T11:32:10.380+0000] {logging_mixin.py:190} INFO - [2024-11-16T11:32:10.379+0000] {dag.py:4180} INFO - Setting next_dagrun for conditional_dataset_and_time_based_timetable to 2024-11-13 01:00:00+00:00, run_after=2024-11-13 01:00:00+00:00
[2024-11-16T11:32:10.386+0000] {logging_mixin.py:190} INFO - [2024-11-16T11:32:10.385+0000] {dag.py:4180} INFO - Setting next_dagrun for consume_1_and_2_with_dataset_expressions to None, run_after=None
[2024-11-16T11:32:10.388+0000] {logging_mixin.py:190} INFO - [2024-11-16T11:32:10.388+0000] {dag.py:4180} INFO - Setting next_dagrun for consume_1_or_2_with_dataset_expressions to None, run_after=None
[2024-11-16T11:32:10.391+0000] {logging_mixin.py:190} INFO - [2024-11-16T11:32:10.390+0000] {dag.py:4180} INFO - Setting next_dagrun for consume_1_or_both_2_and_3_with_dataset_expressions to None, run_after=None
[2024-11-16T11:32:10.393+0000] {logging_mixin.py:190} INFO - [2024-11-16T11:32:10.393+0000] {dag.py:4180} INFO - Setting next_dagrun for dataset_consumes_1 to None, run_after=None
[2024-11-16T11:32:10.397+0000] {logging_mixin.py:190} INFO - [2024-11-16T11:32:10.397+0000] {dag.py:4180} INFO - Setting next_dagrun for dataset_consumes_1_and_2 to None, run_after=None
[2024-11-16T11:32:10.400+0000] {logging_mixin.py:190} INFO - [2024-11-16T11:32:10.399+0000] {dag.py:4180} INFO - Setting next_dagrun for dataset_consumes_1_never_scheduled to None, run_after=None
[2024-11-16T11:32:10.402+0000] {logging_mixin.py:190} INFO - [2024-11-16T11:32:10.402+0000] {dag.py:4180} INFO - Setting next_dagrun for dataset_consumes_unknown_never_scheduled to None, run_after=None
[2024-11-16T11:32:10.406+0000] {logging_mixin.py:190} INFO - [2024-11-16T11:32:10.406+0000] {dag.py:4180} INFO - Setting next_dagrun for dataset_produces_1 to 2024-11-15 00:00:00+00:00, run_after=2024-11-16 00:00:00+00:00
[2024-11-16T11:32:10.409+0000] {logging_mixin.py:190} INFO - [2024-11-16T11:32:10.408+0000] {dag.py:4180} INFO - Setting next_dagrun for dataset_produces_2 to None, run_after=None
[2024-11-16T11:32:10.490+0000] {processor.py:208} INFO - Processing /home/airflow/.local/lib/python3.12/site-packages/airflow/example_dags/example_datasets.py took 0.920 seconds
[2024-11-16T11:34:23.548+0000] {processor.py:186} INFO - Started process (PID=24745) to work on /home/airflow/.local/lib/python3.12/site-packages/airflow/example_dags/example_datasets.py
[2024-11-16T11:34:23.549+0000] {processor.py:914} INFO - Processing file /home/airflow/.local/lib/python3.12/site-packages/airflow/example_dags/example_datasets.py for tasks to queue
[2024-11-16T11:34:23.551+0000] {logging_mixin.py:190} INFO - [2024-11-16T11:34:23.551+0000] {dagbag.py:588} INFO - Filling up the DagBag from /home/airflow/.local/lib/python3.12/site-packages/airflow/example_dags/example_datasets.py
[2024-11-16T11:34:23.821+0000] {processor.py:925} INFO - DAG(s) 'dataset_produces_1', 'dataset_consumes_1_never_scheduled', 'dataset_produces_2', 'dataset_consumes_1', 'consume_1_or_2_with_dataset_expressions', 'conditional_dataset_and_time_based_timetable', 'dataset_consumes_1_and_2', 'consume_1_or_both_2_and_3_with_dataset_expressions', 'consume_1_and_2_with_dataset_expressions', 'dataset_consumes_unknown_never_scheduled' retrieved from /home/airflow/.local/lib/python3.12/site-packages/airflow/example_dags/example_datasets.py
[2024-11-16T11:34:23.917+0000] {logging_mixin.py:190} INFO - [2024-11-16T11:34:23.916+0000] {dag.py:3239} INFO - Sync 10 DAGs
[2024-11-16T11:34:23.966+0000] {logging_mixin.py:190} INFO - [2024-11-16T11:34:23.966+0000] {dag.py:4180} INFO - Setting next_dagrun for conditional_dataset_and_time_based_timetable to 2024-11-13 01:00:00+00:00, run_after=2024-11-13 01:00:00+00:00
[2024-11-16T11:34:23.974+0000] {logging_mixin.py:190} INFO - [2024-11-16T11:34:23.974+0000] {dag.py:4180} INFO - Setting next_dagrun for consume_1_and_2_with_dataset_expressions to None, run_after=None
[2024-11-16T11:34:23.982+0000] {logging_mixin.py:190} INFO - [2024-11-16T11:34:23.977+0000] {dag.py:4180} INFO - Setting next_dagrun for consume_1_or_2_with_dataset_expressions to None, run_after=None
[2024-11-16T11:34:24.000+0000] {logging_mixin.py:190} INFO - [2024-11-16T11:34:24.000+0000] {dag.py:4180} INFO - Setting next_dagrun for consume_1_or_both_2_and_3_with_dataset_expressions to None, run_after=None
[2024-11-16T11:34:24.004+0000] {logging_mixin.py:190} INFO - [2024-11-16T11:34:24.003+0000] {dag.py:4180} INFO - Setting next_dagrun for dataset_consumes_1 to None, run_after=None
[2024-11-16T11:34:24.007+0000] {logging_mixin.py:190} INFO - [2024-11-16T11:34:24.007+0000] {dag.py:4180} INFO - Setting next_dagrun for dataset_consumes_1_and_2 to None, run_after=None
[2024-11-16T11:34:24.010+0000] {logging_mixin.py:190} INFO - [2024-11-16T11:34:24.010+0000] {dag.py:4180} INFO - Setting next_dagrun for dataset_consumes_1_never_scheduled to None, run_after=None
[2024-11-16T11:34:24.012+0000] {logging_mixin.py:190} INFO - [2024-11-16T11:34:24.012+0000] {dag.py:4180} INFO - Setting next_dagrun for dataset_consumes_unknown_never_scheduled to None, run_after=None
[2024-11-16T11:34:24.017+0000] {logging_mixin.py:190} INFO - [2024-11-16T11:34:24.017+0000] {dag.py:4180} INFO - Setting next_dagrun for dataset_produces_1 to 2024-11-15 00:00:00+00:00, run_after=2024-11-16 00:00:00+00:00
[2024-11-16T11:34:24.019+0000] {logging_mixin.py:190} INFO - [2024-11-16T11:34:24.019+0000] {dag.py:4180} INFO - Setting next_dagrun for dataset_produces_2 to None, run_after=None
[2024-11-16T11:34:24.087+0000] {processor.py:208} INFO - Processing /home/airflow/.local/lib/python3.12/site-packages/airflow/example_dags/example_datasets.py took 0.548 seconds
[2024-11-16T11:34:54.703+0000] {processor.py:186} INFO - Started process (PID=24808) to work on /home/airflow/.local/lib/python3.12/site-packages/airflow/example_dags/example_datasets.py
[2024-11-16T11:34:54.705+0000] {processor.py:914} INFO - Processing file /home/airflow/.local/lib/python3.12/site-packages/airflow/example_dags/example_datasets.py for tasks to queue
[2024-11-16T11:34:54.707+0000] {logging_mixin.py:190} INFO - [2024-11-16T11:34:54.707+0000] {dagbag.py:588} INFO - Filling up the DagBag from /home/airflow/.local/lib/python3.12/site-packages/airflow/example_dags/example_datasets.py
[2024-11-16T11:34:54.952+0000] {processor.py:925} INFO - DAG(s) 'consume_1_or_both_2_and_3_with_dataset_expressions', 'dataset_consumes_1_never_scheduled', 'consume_1_or_2_with_dataset_expressions', 'dataset_consumes_1', 'dataset_produces_1', 'dataset_consumes_unknown_never_scheduled', 'dataset_consumes_1_and_2', 'conditional_dataset_and_time_based_timetable', 'dataset_produces_2', 'consume_1_and_2_with_dataset_expressions' retrieved from /home/airflow/.local/lib/python3.12/site-packages/airflow/example_dags/example_datasets.py
[2024-11-16T11:34:55.021+0000] {logging_mixin.py:190} INFO - [2024-11-16T11:34:55.021+0000] {dag.py:3239} INFO - Sync 10 DAGs
[2024-11-16T11:34:55.060+0000] {logging_mixin.py:190} INFO - [2024-11-16T11:34:55.060+0000] {dag.py:4180} INFO - Setting next_dagrun for conditional_dataset_and_time_based_timetable to 2024-11-13 01:00:00+00:00, run_after=2024-11-13 01:00:00+00:00
[2024-11-16T11:34:55.067+0000] {logging_mixin.py:190} INFO - [2024-11-16T11:34:55.067+0000] {dag.py:4180} INFO - Setting next_dagrun for consume_1_and_2_with_dataset_expressions to None, run_after=None
[2024-11-16T11:34:55.070+0000] {logging_mixin.py:190} INFO - [2024-11-16T11:34:55.069+0000] {dag.py:4180} INFO - Setting next_dagrun for consume_1_or_2_with_dataset_expressions to None, run_after=None
[2024-11-16T11:34:55.072+0000] {logging_mixin.py:190} INFO - [2024-11-16T11:34:55.071+0000] {dag.py:4180} INFO - Setting next_dagrun for consume_1_or_both_2_and_3_with_dataset_expressions to None, run_after=None
[2024-11-16T11:34:55.074+0000] {logging_mixin.py:190} INFO - [2024-11-16T11:34:55.074+0000] {dag.py:4180} INFO - Setting next_dagrun for dataset_consumes_1 to None, run_after=None
[2024-11-16T11:34:55.077+0000] {logging_mixin.py:190} INFO - [2024-11-16T11:34:55.076+0000] {dag.py:4180} INFO - Setting next_dagrun for dataset_consumes_1_and_2 to None, run_after=None
[2024-11-16T11:34:55.080+0000] {logging_mixin.py:190} INFO - [2024-11-16T11:34:55.079+0000] {dag.py:4180} INFO - Setting next_dagrun for dataset_consumes_1_never_scheduled to None, run_after=None
[2024-11-16T11:34:55.084+0000] {logging_mixin.py:190} INFO - [2024-11-16T11:34:55.083+0000] {dag.py:4180} INFO - Setting next_dagrun for dataset_consumes_unknown_never_scheduled to None, run_after=None
[2024-11-16T11:34:55.087+0000] {logging_mixin.py:190} INFO - [2024-11-16T11:34:55.087+0000] {dag.py:4180} INFO - Setting next_dagrun for dataset_produces_1 to 2024-11-15 00:00:00+00:00, run_after=2024-11-16 00:00:00+00:00
[2024-11-16T11:34:55.090+0000] {logging_mixin.py:190} INFO - [2024-11-16T11:34:55.089+0000] {dag.py:4180} INFO - Setting next_dagrun for dataset_produces_2 to None, run_after=None
[2024-11-16T11:34:55.159+0000] {processor.py:208} INFO - Processing /home/airflow/.local/lib/python3.12/site-packages/airflow/example_dags/example_datasets.py took 0.466 seconds
