[2024-11-16T11:26:56.668+0000] {processor.py:186} INFO - Started process (PID=24193) to work on /home/airflow/.local/lib/python3.12/site-packages/airflow/example_dags/example_subdag_operator.py
[2024-11-16T11:26:56.679+0000] {processor.py:914} INFO - Processing file /home/airflow/.local/lib/python3.12/site-packages/airflow/example_dags/example_subdag_operator.py for tasks to queue
[2024-11-16T11:26:56.682+0000] {logging_mixin.py:190} INFO - [2024-11-16T11:26:56.681+0000] {dagbag.py:588} INFO - Filling up the DagBag from /home/airflow/.local/lib/python3.12/site-packages/airflow/example_dags/example_subdag_operator.py
[2024-11-16T11:26:56.801+0000] {processor.py:925} INFO - DAG(s) 'example_subdag_operator.section-1', 'example_subdag_operator.section-2', 'example_subdag_operator' retrieved from /home/airflow/.local/lib/python3.12/site-packages/airflow/example_dags/example_subdag_operator.py
[2024-11-16T11:26:56.873+0000] {logging_mixin.py:190} INFO - [2024-11-16T11:26:56.872+0000] {dag.py:3239} INFO - Sync 3 DAGs
[2024-11-16T11:26:56.976+0000] {logging_mixin.py:190} INFO - [2024-11-16T11:26:56.975+0000] {dag.py:4180} INFO - Setting next_dagrun for example_subdag_operator to 2022-01-01 00:00:00+00:00, run_after=2022-01-01 00:00:00+00:00
[2024-11-16T11:26:56.991+0000] {logging_mixin.py:190} INFO - [2024-11-16T11:26:56.989+0000] {dag.py:4180} INFO - Setting next_dagrun for example_subdag_operator.section-1 to None, run_after=None
[2024-11-16T11:26:56.999+0000] {logging_mixin.py:190} INFO - [2024-11-16T11:26:56.998+0000] {dag.py:4180} INFO - Setting next_dagrun for example_subdag_operator.section-2 to None, run_after=None
[2024-11-16T11:26:57.037+0000] {logging_mixin.py:190} INFO - [2024-11-16T11:26:57.036+0000] {dag.py:3239} INFO - Sync 2 DAGs
[2024-11-16T11:26:57.062+0000] {logging_mixin.py:190} INFO - [2024-11-16T11:26:57.061+0000] {dag.py:4180} INFO - Setting next_dagrun for example_subdag_operator.section-1 to None, run_after=None
[2024-11-16T11:26:57.068+0000] {logging_mixin.py:190} INFO - [2024-11-16T11:26:57.065+0000] {dag.py:4180} INFO - Setting next_dagrun for example_subdag_operator.section-2 to None, run_after=None
[2024-11-16T11:26:57.117+0000] {processor.py:208} INFO - Processing /home/airflow/.local/lib/python3.12/site-packages/airflow/example_dags/example_subdag_operator.py took 0.469 seconds
[2024-11-16T11:27:37.162+0000] {processor.py:186} INFO - Started process (PID=24256) to work on /home/airflow/.local/lib/python3.12/site-packages/airflow/example_dags/example_subdag_operator.py
[2024-11-16T11:27:37.472+0000] {processor.py:914} INFO - Processing file /home/airflow/.local/lib/python3.12/site-packages/airflow/example_dags/example_subdag_operator.py for tasks to queue
[2024-11-16T11:27:37.604+0000] {logging_mixin.py:190} INFO - [2024-11-16T11:27:37.600+0000] {dagbag.py:588} INFO - Filling up the DagBag from /home/airflow/.local/lib/python3.12/site-packages/airflow/example_dags/example_subdag_operator.py
[2024-11-16T11:27:38.321+0000] {processor.py:925} INFO - DAG(s) 'example_subdag_operator.section-1', 'example_subdag_operator.section-2', 'example_subdag_operator' retrieved from /home/airflow/.local/lib/python3.12/site-packages/airflow/example_dags/example_subdag_operator.py
[2024-11-16T11:27:38.777+0000] {logging_mixin.py:190} INFO - [2024-11-16T11:27:38.775+0000] {dag.py:3239} INFO - Sync 3 DAGs
[2024-11-16T11:27:40.475+0000] {logging_mixin.py:190} INFO - [2024-11-16T11:27:40.464+0000] {dag.py:4180} INFO - Setting next_dagrun for example_subdag_operator to 2022-01-01 00:00:00+00:00, run_after=2022-01-01 00:00:00+00:00
[2024-11-16T11:27:41.191+0000] {logging_mixin.py:190} INFO - [2024-11-16T11:27:41.190+0000] {dag.py:4180} INFO - Setting next_dagrun for example_subdag_operator.section-1 to None, run_after=None
[2024-11-16T11:27:41.327+0000] {logging_mixin.py:190} INFO - [2024-11-16T11:27:41.327+0000] {dag.py:4180} INFO - Setting next_dagrun for example_subdag_operator.section-2 to None, run_after=None
[2024-11-16T11:27:42.257+0000] {logging_mixin.py:190} INFO - [2024-11-16T11:27:42.256+0000] {dag.py:3239} INFO - Sync 2 DAGs
[2024-11-16T11:27:42.406+0000] {logging_mixin.py:190} INFO - [2024-11-16T11:27:42.405+0000] {dag.py:4180} INFO - Setting next_dagrun for example_subdag_operator.section-1 to None, run_after=None
[2024-11-16T11:27:42.430+0000] {logging_mixin.py:190} INFO - [2024-11-16T11:27:42.429+0000] {dag.py:4180} INFO - Setting next_dagrun for example_subdag_operator.section-2 to None, run_after=None
[2024-11-16T11:27:43.071+0000] {processor.py:208} INFO - Processing /home/airflow/.local/lib/python3.12/site-packages/airflow/example_dags/example_subdag_operator.py took 6.239 seconds
[2024-11-16T11:29:09.524+0000] {processor.py:186} INFO - Started process (PID=24343) to work on /home/airflow/.local/lib/python3.12/site-packages/airflow/example_dags/example_subdag_operator.py
[2024-11-16T11:29:09.527+0000] {processor.py:914} INFO - Processing file /home/airflow/.local/lib/python3.12/site-packages/airflow/example_dags/example_subdag_operator.py for tasks to queue
[2024-11-16T11:29:09.532+0000] {logging_mixin.py:190} INFO - [2024-11-16T11:29:09.531+0000] {dagbag.py:588} INFO - Filling up the DagBag from /home/airflow/.local/lib/python3.12/site-packages/airflow/example_dags/example_subdag_operator.py
[2024-11-16T11:29:09.614+0000] {processor.py:925} INFO - DAG(s) 'example_subdag_operator.section-1', 'example_subdag_operator.section-2', 'example_subdag_operator' retrieved from /home/airflow/.local/lib/python3.12/site-packages/airflow/example_dags/example_subdag_operator.py
[2024-11-16T11:29:09.666+0000] {logging_mixin.py:190} INFO - [2024-11-16T11:29:09.665+0000] {dag.py:3239} INFO - Sync 3 DAGs
[2024-11-16T11:29:09.733+0000] {logging_mixin.py:190} INFO - [2024-11-16T11:29:09.733+0000] {dag.py:4180} INFO - Setting next_dagrun for example_subdag_operator to 2022-01-01 00:00:00+00:00, run_after=2022-01-01 00:00:00+00:00
[2024-11-16T11:29:09.741+0000] {logging_mixin.py:190} INFO - [2024-11-16T11:29:09.740+0000] {dag.py:4180} INFO - Setting next_dagrun for example_subdag_operator.section-1 to None, run_after=None
[2024-11-16T11:29:09.750+0000] {logging_mixin.py:190} INFO - [2024-11-16T11:29:09.748+0000] {dag.py:4180} INFO - Setting next_dagrun for example_subdag_operator.section-2 to None, run_after=None
[2024-11-16T11:29:09.771+0000] {logging_mixin.py:190} INFO - [2024-11-16T11:29:09.770+0000] {dag.py:3239} INFO - Sync 2 DAGs
[2024-11-16T11:29:09.785+0000] {logging_mixin.py:190} INFO - [2024-11-16T11:29:09.785+0000] {dag.py:4180} INFO - Setting next_dagrun for example_subdag_operator.section-1 to None, run_after=None
[2024-11-16T11:29:09.788+0000] {logging_mixin.py:190} INFO - [2024-11-16T11:29:09.787+0000] {dag.py:4180} INFO - Setting next_dagrun for example_subdag_operator.section-2 to None, run_after=None
[2024-11-16T11:29:09.846+0000] {processor.py:208} INFO - Processing /home/airflow/.local/lib/python3.12/site-packages/airflow/example_dags/example_subdag_operator.py took 0.338 seconds
[2024-11-16T11:29:47.112+0000] {processor.py:186} INFO - Started process (PID=24406) to work on /home/airflow/.local/lib/python3.12/site-packages/airflow/example_dags/example_subdag_operator.py
[2024-11-16T11:29:47.114+0000] {processor.py:914} INFO - Processing file /home/airflow/.local/lib/python3.12/site-packages/airflow/example_dags/example_subdag_operator.py for tasks to queue
[2024-11-16T11:29:47.116+0000] {logging_mixin.py:190} INFO - [2024-11-16T11:29:47.115+0000] {dagbag.py:588} INFO - Filling up the DagBag from /home/airflow/.local/lib/python3.12/site-packages/airflow/example_dags/example_subdag_operator.py
[2024-11-16T11:29:47.166+0000] {processor.py:925} INFO - DAG(s) 'example_subdag_operator.section-1', 'example_subdag_operator.section-2', 'example_subdag_operator' retrieved from /home/airflow/.local/lib/python3.12/site-packages/airflow/example_dags/example_subdag_operator.py
[2024-11-16T11:29:47.193+0000] {logging_mixin.py:190} INFO - [2024-11-16T11:29:47.192+0000] {dag.py:3239} INFO - Sync 3 DAGs
[2024-11-16T11:29:47.235+0000] {logging_mixin.py:190} INFO - [2024-11-16T11:29:47.235+0000] {dag.py:4180} INFO - Setting next_dagrun for example_subdag_operator to 2022-01-01 00:00:00+00:00, run_after=2022-01-01 00:00:00+00:00
[2024-11-16T11:29:47.244+0000] {logging_mixin.py:190} INFO - [2024-11-16T11:29:47.243+0000] {dag.py:4180} INFO - Setting next_dagrun for example_subdag_operator.section-1 to None, run_after=None
[2024-11-16T11:29:47.247+0000] {logging_mixin.py:190} INFO - [2024-11-16T11:29:47.247+0000] {dag.py:4180} INFO - Setting next_dagrun for example_subdag_operator.section-2 to None, run_after=None
[2024-11-16T11:29:47.260+0000] {logging_mixin.py:190} INFO - [2024-11-16T11:29:47.260+0000] {dag.py:3239} INFO - Sync 2 DAGs
[2024-11-16T11:29:47.271+0000] {logging_mixin.py:190} INFO - [2024-11-16T11:29:47.271+0000] {dag.py:4180} INFO - Setting next_dagrun for example_subdag_operator.section-1 to None, run_after=None
[2024-11-16T11:29:47.272+0000] {logging_mixin.py:190} INFO - [2024-11-16T11:29:47.272+0000] {dag.py:4180} INFO - Setting next_dagrun for example_subdag_operator.section-2 to None, run_after=None
[2024-11-16T11:29:47.292+0000] {processor.py:208} INFO - Processing /home/airflow/.local/lib/python3.12/site-packages/airflow/example_dags/example_subdag_operator.py took 0.191 seconds
[2024-11-16T11:30:18.581+0000] {processor.py:186} INFO - Started process (PID=24469) to work on /home/airflow/.local/lib/python3.12/site-packages/airflow/example_dags/example_subdag_operator.py
[2024-11-16T11:30:18.583+0000] {processor.py:914} INFO - Processing file /home/airflow/.local/lib/python3.12/site-packages/airflow/example_dags/example_subdag_operator.py for tasks to queue
[2024-11-16T11:30:18.586+0000] {logging_mixin.py:190} INFO - [2024-11-16T11:30:18.585+0000] {dagbag.py:588} INFO - Filling up the DagBag from /home/airflow/.local/lib/python3.12/site-packages/airflow/example_dags/example_subdag_operator.py
[2024-11-16T11:30:18.638+0000] {processor.py:925} INFO - DAG(s) 'example_subdag_operator.section-1', 'example_subdag_operator.section-2', 'example_subdag_operator' retrieved from /home/airflow/.local/lib/python3.12/site-packages/airflow/example_dags/example_subdag_operator.py
[2024-11-16T11:30:18.665+0000] {logging_mixin.py:190} INFO - [2024-11-16T11:30:18.664+0000] {dag.py:3239} INFO - Sync 3 DAGs
[2024-11-16T11:30:18.969+0000] {logging_mixin.py:190} INFO - [2024-11-16T11:30:18.968+0000] {dag.py:4180} INFO - Setting next_dagrun for example_subdag_operator to 2022-01-01 00:00:00+00:00, run_after=2022-01-01 00:00:00+00:00
[2024-11-16T11:30:18.973+0000] {logging_mixin.py:190} INFO - [2024-11-16T11:30:18.973+0000] {dag.py:4180} INFO - Setting next_dagrun for example_subdag_operator.section-1 to None, run_after=None
[2024-11-16T11:30:18.976+0000] {logging_mixin.py:190} INFO - [2024-11-16T11:30:18.975+0000] {dag.py:4180} INFO - Setting next_dagrun for example_subdag_operator.section-2 to None, run_after=None
[2024-11-16T11:30:18.990+0000] {logging_mixin.py:190} INFO - [2024-11-16T11:30:18.989+0000] {dag.py:3239} INFO - Sync 2 DAGs
[2024-11-16T11:30:19.003+0000] {logging_mixin.py:190} INFO - [2024-11-16T11:30:19.002+0000] {dag.py:4180} INFO - Setting next_dagrun for example_subdag_operator.section-1 to None, run_after=None
[2024-11-16T11:30:19.004+0000] {logging_mixin.py:190} INFO - [2024-11-16T11:30:19.004+0000] {dag.py:4180} INFO - Setting next_dagrun for example_subdag_operator.section-2 to None, run_after=None
[2024-11-16T11:30:19.022+0000] {processor.py:208} INFO - Processing /home/airflow/.local/lib/python3.12/site-packages/airflow/example_dags/example_subdag_operator.py took 0.453 seconds
[2024-11-16T11:30:49.454+0000] {processor.py:186} INFO - Started process (PID=24532) to work on /home/airflow/.local/lib/python3.12/site-packages/airflow/example_dags/example_subdag_operator.py
[2024-11-16T11:30:49.456+0000] {processor.py:914} INFO - Processing file /home/airflow/.local/lib/python3.12/site-packages/airflow/example_dags/example_subdag_operator.py for tasks to queue
[2024-11-16T11:30:49.459+0000] {logging_mixin.py:190} INFO - [2024-11-16T11:30:49.458+0000] {dagbag.py:588} INFO - Filling up the DagBag from /home/airflow/.local/lib/python3.12/site-packages/airflow/example_dags/example_subdag_operator.py
[2024-11-16T11:30:49.497+0000] {processor.py:925} INFO - DAG(s) 'example_subdag_operator.section-1', 'example_subdag_operator.section-2', 'example_subdag_operator' retrieved from /home/airflow/.local/lib/python3.12/site-packages/airflow/example_dags/example_subdag_operator.py
[2024-11-16T11:30:49.516+0000] {logging_mixin.py:190} INFO - [2024-11-16T11:30:49.515+0000] {dag.py:3239} INFO - Sync 3 DAGs
[2024-11-16T11:30:49.550+0000] {logging_mixin.py:190} INFO - [2024-11-16T11:30:49.549+0000] {dag.py:4180} INFO - Setting next_dagrun for example_subdag_operator to 2022-01-01 00:00:00+00:00, run_after=2022-01-01 00:00:00+00:00
[2024-11-16T11:30:49.555+0000] {logging_mixin.py:190} INFO - [2024-11-16T11:30:49.555+0000] {dag.py:4180} INFO - Setting next_dagrun for example_subdag_operator.section-1 to None, run_after=None
[2024-11-16T11:30:49.557+0000] {logging_mixin.py:190} INFO - [2024-11-16T11:30:49.557+0000] {dag.py:4180} INFO - Setting next_dagrun for example_subdag_operator.section-2 to None, run_after=None
[2024-11-16T11:30:49.568+0000] {logging_mixin.py:190} INFO - [2024-11-16T11:30:49.568+0000] {dag.py:3239} INFO - Sync 2 DAGs
[2024-11-16T11:30:49.577+0000] {logging_mixin.py:190} INFO - [2024-11-16T11:30:49.577+0000] {dag.py:4180} INFO - Setting next_dagrun for example_subdag_operator.section-1 to None, run_after=None
[2024-11-16T11:30:49.578+0000] {logging_mixin.py:190} INFO - [2024-11-16T11:30:49.578+0000] {dag.py:4180} INFO - Setting next_dagrun for example_subdag_operator.section-2 to None, run_after=None
[2024-11-16T11:30:49.597+0000] {processor.py:208} INFO - Processing /home/airflow/.local/lib/python3.12/site-packages/airflow/example_dags/example_subdag_operator.py took 0.152 seconds
[2024-11-16T11:31:19.760+0000] {processor.py:186} INFO - Started process (PID=24595) to work on /home/airflow/.local/lib/python3.12/site-packages/airflow/example_dags/example_subdag_operator.py
[2024-11-16T11:31:19.763+0000] {processor.py:914} INFO - Processing file /home/airflow/.local/lib/python3.12/site-packages/airflow/example_dags/example_subdag_operator.py for tasks to queue
[2024-11-16T11:31:19.766+0000] {logging_mixin.py:190} INFO - [2024-11-16T11:31:19.765+0000] {dagbag.py:588} INFO - Filling up the DagBag from /home/airflow/.local/lib/python3.12/site-packages/airflow/example_dags/example_subdag_operator.py
[2024-11-16T11:31:19.806+0000] {processor.py:925} INFO - DAG(s) 'example_subdag_operator.section-1', 'example_subdag_operator.section-2', 'example_subdag_operator' retrieved from /home/airflow/.local/lib/python3.12/site-packages/airflow/example_dags/example_subdag_operator.py
[2024-11-16T11:31:19.837+0000] {logging_mixin.py:190} INFO - [2024-11-16T11:31:19.836+0000] {dag.py:3239} INFO - Sync 3 DAGs
[2024-11-16T11:31:19.883+0000] {logging_mixin.py:190} INFO - [2024-11-16T11:31:19.883+0000] {dag.py:4180} INFO - Setting next_dagrun for example_subdag_operator to 2022-01-01 00:00:00+00:00, run_after=2022-01-01 00:00:00+00:00
[2024-11-16T11:31:19.890+0000] {logging_mixin.py:190} INFO - [2024-11-16T11:31:19.890+0000] {dag.py:4180} INFO - Setting next_dagrun for example_subdag_operator.section-1 to None, run_after=None
[2024-11-16T11:31:19.893+0000] {logging_mixin.py:190} INFO - [2024-11-16T11:31:19.893+0000] {dag.py:4180} INFO - Setting next_dagrun for example_subdag_operator.section-2 to None, run_after=None
[2024-11-16T11:31:19.904+0000] {logging_mixin.py:190} INFO - [2024-11-16T11:31:19.903+0000] {dag.py:3239} INFO - Sync 2 DAGs
[2024-11-16T11:31:19.912+0000] {logging_mixin.py:190} INFO - [2024-11-16T11:31:19.912+0000] {dag.py:4180} INFO - Setting next_dagrun for example_subdag_operator.section-1 to None, run_after=None
[2024-11-16T11:31:19.914+0000] {logging_mixin.py:190} INFO - [2024-11-16T11:31:19.914+0000] {dag.py:4180} INFO - Setting next_dagrun for example_subdag_operator.section-2 to None, run_after=None
[2024-11-16T11:31:19.932+0000] {processor.py:208} INFO - Processing /home/airflow/.local/lib/python3.12/site-packages/airflow/example_dags/example_subdag_operator.py took 0.180 seconds
[2024-11-16T11:32:01.690+0000] {processor.py:186} INFO - Started process (PID=24649) to work on /home/airflow/.local/lib/python3.12/site-packages/airflow/example_dags/example_subdag_operator.py
[2024-11-16T11:32:01.694+0000] {processor.py:914} INFO - Processing file /home/airflow/.local/lib/python3.12/site-packages/airflow/example_dags/example_subdag_operator.py for tasks to queue
[2024-11-16T11:32:01.698+0000] {logging_mixin.py:190} INFO - [2024-11-16T11:32:01.697+0000] {dagbag.py:588} INFO - Filling up the DagBag from /home/airflow/.local/lib/python3.12/site-packages/airflow/example_dags/example_subdag_operator.py
[2024-11-16T11:32:02.155+0000] {processor.py:925} INFO - DAG(s) 'example_subdag_operator.section-1', 'example_subdag_operator.section-2', 'example_subdag_operator' retrieved from /home/airflow/.local/lib/python3.12/site-packages/airflow/example_dags/example_subdag_operator.py
[2024-11-16T11:32:02.191+0000] {logging_mixin.py:190} INFO - [2024-11-16T11:32:02.191+0000] {dag.py:3239} INFO - Sync 3 DAGs
[2024-11-16T11:32:02.668+0000] {logging_mixin.py:190} INFO - [2024-11-16T11:32:02.667+0000] {dag.py:4180} INFO - Setting next_dagrun for example_subdag_operator to 2022-01-01 00:00:00+00:00, run_after=2022-01-01 00:00:00+00:00
[2024-11-16T11:32:02.674+0000] {logging_mixin.py:190} INFO - [2024-11-16T11:32:02.674+0000] {dag.py:4180} INFO - Setting next_dagrun for example_subdag_operator.section-1 to None, run_after=None
[2024-11-16T11:32:02.679+0000] {logging_mixin.py:190} INFO - [2024-11-16T11:32:02.678+0000] {dag.py:4180} INFO - Setting next_dagrun for example_subdag_operator.section-2 to None, run_after=None
[2024-11-16T11:32:02.702+0000] {logging_mixin.py:190} INFO - [2024-11-16T11:32:02.702+0000] {dag.py:3239} INFO - Sync 2 DAGs
[2024-11-16T11:32:02.727+0000] {logging_mixin.py:190} INFO - [2024-11-16T11:32:02.726+0000] {dag.py:4180} INFO - Setting next_dagrun for example_subdag_operator.section-1 to None, run_after=None
[2024-11-16T11:32:02.730+0000] {logging_mixin.py:190} INFO - [2024-11-16T11:32:02.729+0000] {dag.py:4180} INFO - Setting next_dagrun for example_subdag_operator.section-2 to None, run_after=None
[2024-11-16T11:32:02.782+0000] {processor.py:208} INFO - Processing /home/airflow/.local/lib/python3.12/site-packages/airflow/example_dags/example_subdag_operator.py took 1.110 seconds
