[2024-11-16T11:27:09.835+0000] {processor.py:186} INFO - Started process (PID=24235) to work on /home/airflow/.local/lib/python3.12/site-packages/airflow/example_dags/example_dag_decorator.py
[2024-11-16T11:27:09.844+0000] {processor.py:914} INFO - Processing file /home/airflow/.local/lib/python3.12/site-packages/airflow/example_dags/example_dag_decorator.py for tasks to queue
[2024-11-16T11:27:09.852+0000] {logging_mixin.py:190} INFO - [2024-11-16T11:27:09.851+0000] {dagbag.py:588} INFO - Filling up the DagBag from /home/airflow/.local/lib/python3.12/site-packages/airflow/example_dags/example_dag_decorator.py
[2024-11-16T11:27:09.940+0000] {processor.py:925} INFO - DAG(s) 'example_dag_decorator' retrieved from /home/airflow/.local/lib/python3.12/site-packages/airflow/example_dags/example_dag_decorator.py
[2024-11-16T11:27:18.642+0000] {logging_mixin.py:190} INFO - [2024-11-16T11:27:18.639+0000] {dag.py:3239} INFO - Sync 1 DAGs
[2024-11-16T11:27:18.745+0000] {logging_mixin.py:190} INFO - [2024-11-16T11:27:18.744+0000] {dag.py:4180} INFO - Setting next_dagrun for example_dag_decorator to None, run_after=None
[2024-11-16T11:27:18.873+0000] {processor.py:208} INFO - Processing /home/airflow/.local/lib/python3.12/site-packages/airflow/example_dags/example_dag_decorator.py took 9.075 seconds
[2024-11-16T11:28:25.698+0000] {processor.py:186} INFO - Started process (PID=24289) to work on /home/airflow/.local/lib/python3.12/site-packages/airflow/example_dags/example_dag_decorator.py
[2024-11-16T11:28:25.934+0000] {processor.py:914} INFO - Processing file /home/airflow/.local/lib/python3.12/site-packages/airflow/example_dags/example_dag_decorator.py for tasks to queue
[2024-11-16T11:28:26.028+0000] {logging_mixin.py:190} INFO - [2024-11-16T11:28:26.027+0000] {dagbag.py:588} INFO - Filling up the DagBag from /home/airflow/.local/lib/python3.12/site-packages/airflow/example_dags/example_dag_decorator.py
[2024-11-16T11:28:26.194+0000] {processor.py:925} INFO - DAG(s) 'example_dag_decorator' retrieved from /home/airflow/.local/lib/python3.12/site-packages/airflow/example_dags/example_dag_decorator.py
[2024-11-16T11:28:38.837+0000] {logging_mixin.py:190} INFO - [2024-11-16T11:28:38.836+0000] {dag.py:3239} INFO - Sync 1 DAGs
[2024-11-16T11:28:38.898+0000] {logging_mixin.py:190} INFO - [2024-11-16T11:28:38.897+0000] {dag.py:4180} INFO - Setting next_dagrun for example_dag_decorator to None, run_after=None
[2024-11-16T11:28:38.998+0000] {processor.py:208} INFO - Processing /home/airflow/.local/lib/python3.12/site-packages/airflow/example_dags/example_dag_decorator.py took 13.792 seconds
[2024-11-16T11:29:12.079+0000] {processor.py:186} INFO - Started process (PID=24354) to work on /home/airflow/.local/lib/python3.12/site-packages/airflow/example_dags/example_dag_decorator.py
[2024-11-16T11:29:12.081+0000] {processor.py:914} INFO - Processing file /home/airflow/.local/lib/python3.12/site-packages/airflow/example_dags/example_dag_decorator.py for tasks to queue
[2024-11-16T11:29:12.085+0000] {logging_mixin.py:190} INFO - [2024-11-16T11:29:12.084+0000] {dagbag.py:588} INFO - Filling up the DagBag from /home/airflow/.local/lib/python3.12/site-packages/airflow/example_dags/example_dag_decorator.py
[2024-11-16T11:29:12.113+0000] {processor.py:925} INFO - DAG(s) 'example_dag_decorator' retrieved from /home/airflow/.local/lib/python3.12/site-packages/airflow/example_dags/example_dag_decorator.py
[2024-11-16T11:29:12.951+0000] {logging_mixin.py:190} INFO - [2024-11-16T11:29:12.950+0000] {dag.py:3239} INFO - Sync 1 DAGs
[2024-11-16T11:29:12.983+0000] {logging_mixin.py:190} INFO - [2024-11-16T11:29:12.983+0000] {dag.py:4180} INFO - Setting next_dagrun for example_dag_decorator to None, run_after=None
[2024-11-16T11:29:13.061+0000] {processor.py:208} INFO - Processing /home/airflow/.local/lib/python3.12/site-packages/airflow/example_dags/example_dag_decorator.py took 0.990 seconds
[2024-11-16T11:29:48.523+0000] {processor.py:186} INFO - Started process (PID=24417) to work on /home/airflow/.local/lib/python3.12/site-packages/airflow/example_dags/example_dag_decorator.py
[2024-11-16T11:29:48.525+0000] {processor.py:914} INFO - Processing file /home/airflow/.local/lib/python3.12/site-packages/airflow/example_dags/example_dag_decorator.py for tasks to queue
[2024-11-16T11:29:48.527+0000] {logging_mixin.py:190} INFO - [2024-11-16T11:29:48.526+0000] {dagbag.py:588} INFO - Filling up the DagBag from /home/airflow/.local/lib/python3.12/site-packages/airflow/example_dags/example_dag_decorator.py
[2024-11-16T11:29:48.547+0000] {processor.py:925} INFO - DAG(s) 'example_dag_decorator' retrieved from /home/airflow/.local/lib/python3.12/site-packages/airflow/example_dags/example_dag_decorator.py
[2024-11-16T11:29:49.013+0000] {logging_mixin.py:190} INFO - [2024-11-16T11:29:49.012+0000] {dag.py:3239} INFO - Sync 1 DAGs
[2024-11-16T11:29:49.049+0000] {logging_mixin.py:190} INFO - [2024-11-16T11:29:49.048+0000] {dag.py:4180} INFO - Setting next_dagrun for example_dag_decorator to None, run_after=None
[2024-11-16T11:29:49.084+0000] {processor.py:208} INFO - Processing /home/airflow/.local/lib/python3.12/site-packages/airflow/example_dags/example_dag_decorator.py took 0.569 seconds
[2024-11-16T11:30:21.817+0000] {processor.py:186} INFO - Started process (PID=24486) to work on /home/airflow/.local/lib/python3.12/site-packages/airflow/example_dags/example_dag_decorator.py
[2024-11-16T11:30:21.820+0000] {processor.py:914} INFO - Processing file /home/airflow/.local/lib/python3.12/site-packages/airflow/example_dags/example_dag_decorator.py for tasks to queue
[2024-11-16T11:30:21.822+0000] {logging_mixin.py:190} INFO - [2024-11-16T11:30:21.822+0000] {dagbag.py:588} INFO - Filling up the DagBag from /home/airflow/.local/lib/python3.12/site-packages/airflow/example_dags/example_dag_decorator.py
[2024-11-16T11:30:21.841+0000] {processor.py:925} INFO - DAG(s) 'example_dag_decorator' retrieved from /home/airflow/.local/lib/python3.12/site-packages/airflow/example_dags/example_dag_decorator.py
[2024-11-16T11:30:22.309+0000] {logging_mixin.py:190} INFO - [2024-11-16T11:30:22.309+0000] {dag.py:3239} INFO - Sync 1 DAGs
[2024-11-16T11:30:22.327+0000] {logging_mixin.py:190} INFO - [2024-11-16T11:30:22.326+0000] {dag.py:4180} INFO - Setting next_dagrun for example_dag_decorator to None, run_after=None
[2024-11-16T11:30:22.355+0000] {processor.py:208} INFO - Processing /home/airflow/.local/lib/python3.12/site-packages/airflow/example_dags/example_dag_decorator.py took 0.546 seconds
[2024-11-16T11:30:52.448+0000] {processor.py:186} INFO - Started process (PID=24546) to work on /home/airflow/.local/lib/python3.12/site-packages/airflow/example_dags/example_dag_decorator.py
[2024-11-16T11:30:52.450+0000] {processor.py:914} INFO - Processing file /home/airflow/.local/lib/python3.12/site-packages/airflow/example_dags/example_dag_decorator.py for tasks to queue
[2024-11-16T11:30:52.453+0000] {logging_mixin.py:190} INFO - [2024-11-16T11:30:52.452+0000] {dagbag.py:588} INFO - Filling up the DagBag from /home/airflow/.local/lib/python3.12/site-packages/airflow/example_dags/example_dag_decorator.py
[2024-11-16T11:30:52.470+0000] {processor.py:925} INFO - DAG(s) 'example_dag_decorator' retrieved from /home/airflow/.local/lib/python3.12/site-packages/airflow/example_dags/example_dag_decorator.py
[2024-11-16T11:30:53.085+0000] {logging_mixin.py:190} INFO - [2024-11-16T11:30:53.084+0000] {dag.py:3239} INFO - Sync 1 DAGs
[2024-11-16T11:30:53.116+0000] {logging_mixin.py:190} INFO - [2024-11-16T11:30:53.115+0000] {dag.py:4180} INFO - Setting next_dagrun for example_dag_decorator to None, run_after=None
[2024-11-16T11:30:53.165+0000] {processor.py:208} INFO - Processing /home/airflow/.local/lib/python3.12/site-packages/airflow/example_dags/example_dag_decorator.py took 0.728 seconds
[2024-11-16T11:31:24.126+0000] {processor.py:186} INFO - Started process (PID=24610) to work on /home/airflow/.local/lib/python3.12/site-packages/airflow/example_dags/example_dag_decorator.py
[2024-11-16T11:31:24.161+0000] {processor.py:914} INFO - Processing file /home/airflow/.local/lib/python3.12/site-packages/airflow/example_dags/example_dag_decorator.py for tasks to queue
[2024-11-16T11:31:24.165+0000] {logging_mixin.py:190} INFO - [2024-11-16T11:31:24.164+0000] {dagbag.py:588} INFO - Filling up the DagBag from /home/airflow/.local/lib/python3.12/site-packages/airflow/example_dags/example_dag_decorator.py
[2024-11-16T11:31:24.253+0000] {processor.py:925} INFO - DAG(s) 'example_dag_decorator' retrieved from /home/airflow/.local/lib/python3.12/site-packages/airflow/example_dags/example_dag_decorator.py
[2024-11-16T11:31:26.356+0000] {logging_mixin.py:190} INFO - [2024-11-16T11:31:26.352+0000] {dag.py:3239} INFO - Sync 1 DAGs
[2024-11-16T11:31:26.380+0000] {logging_mixin.py:190} INFO - [2024-11-16T11:31:26.379+0000] {dag.py:4180} INFO - Setting next_dagrun for example_dag_decorator to None, run_after=None
[2024-11-16T11:31:26.435+0000] {processor.py:208} INFO - Processing /home/airflow/.local/lib/python3.12/site-packages/airflow/example_dags/example_dag_decorator.py took 2.318 seconds
[2024-11-16T11:32:08.535+0000] {processor.py:186} INFO - Started process (PID=24667) to work on /home/airflow/.local/lib/python3.12/site-packages/airflow/example_dags/example_dag_decorator.py
[2024-11-16T11:32:08.538+0000] {processor.py:914} INFO - Processing file /home/airflow/.local/lib/python3.12/site-packages/airflow/example_dags/example_dag_decorator.py for tasks to queue
[2024-11-16T11:32:08.544+0000] {logging_mixin.py:190} INFO - [2024-11-16T11:32:08.543+0000] {dagbag.py:588} INFO - Filling up the DagBag from /home/airflow/.local/lib/python3.12/site-packages/airflow/example_dags/example_dag_decorator.py
[2024-11-16T11:32:08.570+0000] {processor.py:925} INFO - DAG(s) 'example_dag_decorator' retrieved from /home/airflow/.local/lib/python3.12/site-packages/airflow/example_dags/example_dag_decorator.py
[2024-11-16T11:32:09.084+0000] {logging_mixin.py:190} INFO - [2024-11-16T11:32:09.083+0000] {dag.py:3239} INFO - Sync 1 DAGs
[2024-11-16T11:32:09.101+0000] {logging_mixin.py:190} INFO - [2024-11-16T11:32:09.101+0000] {dag.py:4180} INFO - Setting next_dagrun for example_dag_decorator to None, run_after=None
[2024-11-16T11:32:09.131+0000] {processor.py:208} INFO - Processing /home/airflow/.local/lib/python3.12/site-packages/airflow/example_dags/example_dag_decorator.py took 0.609 seconds
