[2024-11-16T11:27:03.911+0000] {processor.py:186} INFO - Started process (PID=24224) to work on /home/airflow/.local/lib/python3.12/site-packages/airflow/example_dags/example_params_ui_tutorial.py
[2024-11-16T11:27:03.913+0000] {processor.py:914} INFO - Processing file /home/airflow/.local/lib/python3.12/site-packages/airflow/example_dags/example_params_ui_tutorial.py for tasks to queue
[2024-11-16T11:27:03.916+0000] {logging_mixin.py:190} INFO - [2024-11-16T11:27:03.915+0000] {dagbag.py:588} INFO - Filling up the DagBag from /home/airflow/.local/lib/python3.12/site-packages/airflow/example_dags/example_params_ui_tutorial.py
[2024-11-16T11:27:03.940+0000] {processor.py:925} INFO - DAG(s) 'example_params_ui_tutorial' retrieved from /home/airflow/.local/lib/python3.12/site-packages/airflow/example_dags/example_params_ui_tutorial.py
[2024-11-16T11:27:05.289+0000] {logging_mixin.py:190} INFO - [2024-11-16T11:27:05.288+0000] {dag.py:3239} INFO - Sync 1 DAGs
[2024-11-16T11:27:05.420+0000] {logging_mixin.py:190} INFO - [2024-11-16T11:27:05.420+0000] {dag.py:4180} INFO - Setting next_dagrun for example_params_ui_tutorial to None, run_after=None
[2024-11-16T11:27:05.610+0000] {processor.py:208} INFO - Processing /home/airflow/.local/lib/python3.12/site-packages/airflow/example_dags/example_params_ui_tutorial.py took 1.712 seconds
[2024-11-16T11:28:13.175+0000] {processor.py:186} INFO - Started process (PID=24279) to work on /home/airflow/.local/lib/python3.12/site-packages/airflow/example_dags/example_params_ui_tutorial.py
[2024-11-16T11:28:13.193+0000] {processor.py:914} INFO - Processing file /home/airflow/.local/lib/python3.12/site-packages/airflow/example_dags/example_params_ui_tutorial.py for tasks to queue
[2024-11-16T11:28:13.198+0000] {logging_mixin.py:190} INFO - [2024-11-16T11:28:13.197+0000] {dagbag.py:588} INFO - Filling up the DagBag from /home/airflow/.local/lib/python3.12/site-packages/airflow/example_dags/example_params_ui_tutorial.py
[2024-11-16T11:28:13.261+0000] {processor.py:925} INFO - DAG(s) 'example_params_ui_tutorial' retrieved from /home/airflow/.local/lib/python3.12/site-packages/airflow/example_dags/example_params_ui_tutorial.py
[2024-11-16T11:28:13.684+0000] {logging_mixin.py:190} INFO - [2024-11-16T11:28:13.684+0000] {dag.py:3239} INFO - Sync 1 DAGs
[2024-11-16T11:28:14.157+0000] {logging_mixin.py:190} INFO - [2024-11-16T11:28:14.156+0000] {dag.py:4180} INFO - Setting next_dagrun for example_params_ui_tutorial to None, run_after=None
[2024-11-16T11:28:14.516+0000] {processor.py:208} INFO - Processing /home/airflow/.local/lib/python3.12/site-packages/airflow/example_dags/example_params_ui_tutorial.py took 1.365 seconds
[2024-11-16T11:29:06.519+0000] {processor.py:186} INFO - Started process (PID=24335) to work on /home/airflow/.local/lib/python3.12/site-packages/airflow/example_dags/example_params_ui_tutorial.py
[2024-11-16T11:29:06.606+0000] {processor.py:914} INFO - Processing file /home/airflow/.local/lib/python3.12/site-packages/airflow/example_dags/example_params_ui_tutorial.py for tasks to queue
[2024-11-16T11:29:06.617+0000] {logging_mixin.py:190} INFO - [2024-11-16T11:29:06.616+0000] {dagbag.py:588} INFO - Filling up the DagBag from /home/airflow/.local/lib/python3.12/site-packages/airflow/example_dags/example_params_ui_tutorial.py
[2024-11-16T11:29:06.715+0000] {processor.py:925} INFO - DAG(s) 'example_params_ui_tutorial' retrieved from /home/airflow/.local/lib/python3.12/site-packages/airflow/example_dags/example_params_ui_tutorial.py
[2024-11-16T11:29:06.981+0000] {logging_mixin.py:190} INFO - [2024-11-16T11:29:06.980+0000] {dag.py:3239} INFO - Sync 1 DAGs
[2024-11-16T11:29:07.055+0000] {logging_mixin.py:190} INFO - [2024-11-16T11:29:07.054+0000] {dag.py:4180} INFO - Setting next_dagrun for example_params_ui_tutorial to None, run_after=None
[2024-11-16T11:29:07.161+0000] {processor.py:208} INFO - Processing /home/airflow/.local/lib/python3.12/site-packages/airflow/example_dags/example_params_ui_tutorial.py took 0.666 seconds
[2024-11-16T11:29:42.378+0000] {processor.py:186} INFO - Started process (PID=24398) to work on /home/airflow/.local/lib/python3.12/site-packages/airflow/example_dags/example_params_ui_tutorial.py
[2024-11-16T11:29:42.382+0000] {processor.py:914} INFO - Processing file /home/airflow/.local/lib/python3.12/site-packages/airflow/example_dags/example_params_ui_tutorial.py for tasks to queue
[2024-11-16T11:29:42.389+0000] {logging_mixin.py:190} INFO - [2024-11-16T11:29:42.388+0000] {dagbag.py:588} INFO - Filling up the DagBag from /home/airflow/.local/lib/python3.12/site-packages/airflow/example_dags/example_params_ui_tutorial.py
[2024-11-16T11:29:42.426+0000] {processor.py:925} INFO - DAG(s) 'example_params_ui_tutorial' retrieved from /home/airflow/.local/lib/python3.12/site-packages/airflow/example_dags/example_params_ui_tutorial.py
[2024-11-16T11:29:42.569+0000] {logging_mixin.py:190} INFO - [2024-11-16T11:29:42.568+0000] {dag.py:3239} INFO - Sync 1 DAGs
[2024-11-16T11:29:42.867+0000] {logging_mixin.py:190} INFO - [2024-11-16T11:29:42.867+0000] {dag.py:4180} INFO - Setting next_dagrun for example_params_ui_tutorial to None, run_after=None
[2024-11-16T11:29:42.905+0000] {processor.py:208} INFO - Processing /home/airflow/.local/lib/python3.12/site-packages/airflow/example_dags/example_params_ui_tutorial.py took 0.547 seconds
[2024-11-16T11:30:13.032+0000] {processor.py:186} INFO - Started process (PID=24461) to work on /home/airflow/.local/lib/python3.12/site-packages/airflow/example_dags/example_params_ui_tutorial.py
[2024-11-16T11:30:13.034+0000] {processor.py:914} INFO - Processing file /home/airflow/.local/lib/python3.12/site-packages/airflow/example_dags/example_params_ui_tutorial.py for tasks to queue
[2024-11-16T11:30:13.036+0000] {logging_mixin.py:190} INFO - [2024-11-16T11:30:13.036+0000] {dagbag.py:588} INFO - Filling up the DagBag from /home/airflow/.local/lib/python3.12/site-packages/airflow/example_dags/example_params_ui_tutorial.py
[2024-11-16T11:30:13.058+0000] {processor.py:925} INFO - DAG(s) 'example_params_ui_tutorial' retrieved from /home/airflow/.local/lib/python3.12/site-packages/airflow/example_dags/example_params_ui_tutorial.py
[2024-11-16T11:30:13.153+0000] {logging_mixin.py:190} INFO - [2024-11-16T11:30:13.152+0000] {dag.py:3239} INFO - Sync 1 DAGs
[2024-11-16T11:30:13.184+0000] {logging_mixin.py:190} INFO - [2024-11-16T11:30:13.184+0000] {dag.py:4180} INFO - Setting next_dagrun for example_params_ui_tutorial to None, run_after=None
[2024-11-16T11:30:13.215+0000] {processor.py:208} INFO - Processing /home/airflow/.local/lib/python3.12/site-packages/airflow/example_dags/example_params_ui_tutorial.py took 0.195 seconds
[2024-11-16T11:30:43.786+0000] {processor.py:186} INFO - Started process (PID=24524) to work on /home/airflow/.local/lib/python3.12/site-packages/airflow/example_dags/example_params_ui_tutorial.py
[2024-11-16T11:30:43.788+0000] {processor.py:914} INFO - Processing file /home/airflow/.local/lib/python3.12/site-packages/airflow/example_dags/example_params_ui_tutorial.py for tasks to queue
[2024-11-16T11:30:43.790+0000] {logging_mixin.py:190} INFO - [2024-11-16T11:30:43.789+0000] {dagbag.py:588} INFO - Filling up the DagBag from /home/airflow/.local/lib/python3.12/site-packages/airflow/example_dags/example_params_ui_tutorial.py
[2024-11-16T11:30:43.806+0000] {processor.py:925} INFO - DAG(s) 'example_params_ui_tutorial' retrieved from /home/airflow/.local/lib/python3.12/site-packages/airflow/example_dags/example_params_ui_tutorial.py
[2024-11-16T11:30:43.868+0000] {logging_mixin.py:190} INFO - [2024-11-16T11:30:43.867+0000] {dag.py:3239} INFO - Sync 1 DAGs
[2024-11-16T11:30:43.895+0000] {logging_mixin.py:190} INFO - [2024-11-16T11:30:43.895+0000] {dag.py:4180} INFO - Setting next_dagrun for example_params_ui_tutorial to None, run_after=None
[2024-11-16T11:30:43.919+0000] {processor.py:208} INFO - Processing /home/airflow/.local/lib/python3.12/site-packages/airflow/example_dags/example_params_ui_tutorial.py took 0.142 seconds
[2024-11-16T11:31:14.105+0000] {processor.py:186} INFO - Started process (PID=24587) to work on /home/airflow/.local/lib/python3.12/site-packages/airflow/example_dags/example_params_ui_tutorial.py
[2024-11-16T11:31:14.107+0000] {processor.py:914} INFO - Processing file /home/airflow/.local/lib/python3.12/site-packages/airflow/example_dags/example_params_ui_tutorial.py for tasks to queue
[2024-11-16T11:31:14.111+0000] {logging_mixin.py:190} INFO - [2024-11-16T11:31:14.109+0000] {dagbag.py:588} INFO - Filling up the DagBag from /home/airflow/.local/lib/python3.12/site-packages/airflow/example_dags/example_params_ui_tutorial.py
[2024-11-16T11:31:14.126+0000] {processor.py:925} INFO - DAG(s) 'example_params_ui_tutorial' retrieved from /home/airflow/.local/lib/python3.12/site-packages/airflow/example_dags/example_params_ui_tutorial.py
[2024-11-16T11:31:14.201+0000] {logging_mixin.py:190} INFO - [2024-11-16T11:31:14.200+0000] {dag.py:3239} INFO - Sync 1 DAGs
[2024-11-16T11:31:14.228+0000] {logging_mixin.py:190} INFO - [2024-11-16T11:31:14.228+0000] {dag.py:4180} INFO - Setting next_dagrun for example_params_ui_tutorial to None, run_after=None
[2024-11-16T11:31:14.263+0000] {processor.py:208} INFO - Processing /home/airflow/.local/lib/python3.12/site-packages/airflow/example_dags/example_params_ui_tutorial.py took 0.173 seconds
[2024-11-16T11:31:51.451+0000] {processor.py:186} INFO - Started process (PID=24622) to work on /home/airflow/.local/lib/python3.12/site-packages/airflow/example_dags/example_params_ui_tutorial.py
[2024-11-16T11:31:51.456+0000] {processor.py:914} INFO - Processing file /home/airflow/.local/lib/python3.12/site-packages/airflow/example_dags/example_params_ui_tutorial.py for tasks to queue
[2024-11-16T11:31:51.460+0000] {logging_mixin.py:190} INFO - [2024-11-16T11:31:51.458+0000] {dagbag.py:588} INFO - Filling up the DagBag from /home/airflow/.local/lib/python3.12/site-packages/airflow/example_dags/example_params_ui_tutorial.py
[2024-11-16T11:31:51.493+0000] {processor.py:925} INFO - DAG(s) 'example_params_ui_tutorial' retrieved from /home/airflow/.local/lib/python3.12/site-packages/airflow/example_dags/example_params_ui_tutorial.py
[2024-11-16T11:31:51.606+0000] {logging_mixin.py:190} INFO - [2024-11-16T11:31:51.603+0000] {dag.py:3239} INFO - Sync 1 DAGs
[2024-11-16T11:31:51.669+0000] {logging_mixin.py:190} INFO - [2024-11-16T11:31:51.668+0000] {dag.py:4180} INFO - Setting next_dagrun for example_params_ui_tutorial to None, run_after=None
[2024-11-16T11:31:51.742+0000] {processor.py:208} INFO - Processing /home/airflow/.local/lib/python3.12/site-packages/airflow/example_dags/example_params_ui_tutorial.py took 0.314 seconds
[2024-11-16T11:32:21.946+0000] {processor.py:186} INFO - Started process (PID=24684) to work on /home/airflow/.local/lib/python3.12/site-packages/airflow/example_dags/example_params_ui_tutorial.py
[2024-11-16T11:32:21.948+0000] {processor.py:914} INFO - Processing file /home/airflow/.local/lib/python3.12/site-packages/airflow/example_dags/example_params_ui_tutorial.py for tasks to queue
[2024-11-16T11:32:21.951+0000] {logging_mixin.py:190} INFO - [2024-11-16T11:32:21.950+0000] {dagbag.py:588} INFO - Filling up the DagBag from /home/airflow/.local/lib/python3.12/site-packages/airflow/example_dags/example_params_ui_tutorial.py
[2024-11-16T11:32:21.966+0000] {processor.py:925} INFO - DAG(s) 'example_params_ui_tutorial' retrieved from /home/airflow/.local/lib/python3.12/site-packages/airflow/example_dags/example_params_ui_tutorial.py
[2024-11-16T11:32:22.057+0000] {logging_mixin.py:190} INFO - [2024-11-16T11:32:22.057+0000] {dag.py:3239} INFO - Sync 1 DAGs
[2024-11-16T11:32:22.081+0000] {logging_mixin.py:190} INFO - [2024-11-16T11:32:22.081+0000] {dag.py:4180} INFO - Setting next_dagrun for example_params_ui_tutorial to None, run_after=None
[2024-11-16T11:32:22.111+0000] {processor.py:208} INFO - Processing /home/airflow/.local/lib/python3.12/site-packages/airflow/example_dags/example_params_ui_tutorial.py took 0.175 seconds
