[2024-11-16T11:27:03.726+0000] {processor.py:186} INFO - Started process (PID=24223) to work on /home/airflow/.local/lib/python3.12/site-packages/airflow/example_dags/example_branch_operator_decorator.py
[2024-11-16T11:27:03.728+0000] {processor.py:914} INFO - Processing file /home/airflow/.local/lib/python3.12/site-packages/airflow/example_dags/example_branch_operator_decorator.py for tasks to queue
[2024-11-16T11:27:03.731+0000] {logging_mixin.py:190} INFO - [2024-11-16T11:27:03.730+0000] {dagbag.py:588} INFO - Filling up the DagBag from /home/airflow/.local/lib/python3.12/site-packages/airflow/example_dags/example_branch_operator_decorator.py
[2024-11-16T11:27:03.782+0000] {processor.py:925} INFO - DAG(s) 'example_branch_python_operator_decorator' retrieved from /home/airflow/.local/lib/python3.12/site-packages/airflow/example_dags/example_branch_operator_decorator.py
[2024-11-16T11:27:03.859+0000] {logging_mixin.py:190} INFO - [2024-11-16T11:27:03.858+0000] {dag.py:3239} INFO - Sync 1 DAGs
[2024-11-16T11:27:03.912+0000] {logging_mixin.py:190} INFO - [2024-11-16T11:27:03.911+0000] {dag.py:4180} INFO - Setting next_dagrun for example_branch_python_operator_decorator to 2024-11-15 00:00:00+00:00, run_after=2024-11-16 00:00:00+00:00
[2024-11-16T11:27:04.345+0000] {processor.py:208} INFO - Processing /home/airflow/.local/lib/python3.12/site-packages/airflow/example_dags/example_branch_operator_decorator.py took 0.633 seconds
[2024-11-16T11:28:10.963+0000] {processor.py:186} INFO - Started process (PID=24278) to work on /home/airflow/.local/lib/python3.12/site-packages/airflow/example_dags/example_branch_operator_decorator.py
[2024-11-16T11:28:10.973+0000] {processor.py:914} INFO - Processing file /home/airflow/.local/lib/python3.12/site-packages/airflow/example_dags/example_branch_operator_decorator.py for tasks to queue
[2024-11-16T11:28:10.979+0000] {logging_mixin.py:190} INFO - [2024-11-16T11:28:10.978+0000] {dagbag.py:588} INFO - Filling up the DagBag from /home/airflow/.local/lib/python3.12/site-packages/airflow/example_dags/example_branch_operator_decorator.py
[2024-11-16T11:28:11.186+0000] {processor.py:925} INFO - DAG(s) 'example_branch_python_operator_decorator' retrieved from /home/airflow/.local/lib/python3.12/site-packages/airflow/example_dags/example_branch_operator_decorator.py
[2024-11-16T11:28:12.348+0000] {logging_mixin.py:190} INFO - [2024-11-16T11:28:12.347+0000] {dag.py:3239} INFO - Sync 1 DAGs
[2024-11-16T11:28:12.611+0000] {logging_mixin.py:190} INFO - [2024-11-16T11:28:12.610+0000] {dag.py:4180} INFO - Setting next_dagrun for example_branch_python_operator_decorator to 2024-11-15 00:00:00+00:00, run_after=2024-11-16 00:00:00+00:00
[2024-11-16T11:28:12.700+0000] {processor.py:208} INFO - Processing /home/airflow/.local/lib/python3.12/site-packages/airflow/example_dags/example_branch_operator_decorator.py took 1.889 seconds
[2024-11-16T11:29:05.748+0000] {processor.py:186} INFO - Started process (PID=24334) to work on /home/airflow/.local/lib/python3.12/site-packages/airflow/example_dags/example_branch_operator_decorator.py
[2024-11-16T11:29:05.752+0000] {processor.py:914} INFO - Processing file /home/airflow/.local/lib/python3.12/site-packages/airflow/example_dags/example_branch_operator_decorator.py for tasks to queue
[2024-11-16T11:29:05.765+0000] {logging_mixin.py:190} INFO - [2024-11-16T11:29:05.763+0000] {dagbag.py:588} INFO - Filling up the DagBag from /home/airflow/.local/lib/python3.12/site-packages/airflow/example_dags/example_branch_operator_decorator.py
[2024-11-16T11:29:05.994+0000] {processor.py:925} INFO - DAG(s) 'example_branch_python_operator_decorator' retrieved from /home/airflow/.local/lib/python3.12/site-packages/airflow/example_dags/example_branch_operator_decorator.py
[2024-11-16T11:29:06.155+0000] {logging_mixin.py:190} INFO - [2024-11-16T11:29:06.154+0000] {dag.py:3239} INFO - Sync 1 DAGs
[2024-11-16T11:29:06.334+0000] {logging_mixin.py:190} INFO - [2024-11-16T11:29:06.332+0000] {dag.py:4180} INFO - Setting next_dagrun for example_branch_python_operator_decorator to 2024-11-15 00:00:00+00:00, run_after=2024-11-16 00:00:00+00:00
[2024-11-16T11:29:06.468+0000] {processor.py:208} INFO - Processing /home/airflow/.local/lib/python3.12/site-packages/airflow/example_dags/example_branch_operator_decorator.py took 0.815 seconds
[2024-11-16T11:29:40.112+0000] {processor.py:186} INFO - Started process (PID=24397) to work on /home/airflow/.local/lib/python3.12/site-packages/airflow/example_dags/example_branch_operator_decorator.py
[2024-11-16T11:29:40.187+0000] {processor.py:914} INFO - Processing file /home/airflow/.local/lib/python3.12/site-packages/airflow/example_dags/example_branch_operator_decorator.py for tasks to queue
[2024-11-16T11:29:40.189+0000] {logging_mixin.py:190} INFO - [2024-11-16T11:29:40.189+0000] {dagbag.py:588} INFO - Filling up the DagBag from /home/airflow/.local/lib/python3.12/site-packages/airflow/example_dags/example_branch_operator_decorator.py
[2024-11-16T11:29:40.267+0000] {processor.py:925} INFO - DAG(s) 'example_branch_python_operator_decorator' retrieved from /home/airflow/.local/lib/python3.12/site-packages/airflow/example_dags/example_branch_operator_decorator.py
[2024-11-16T11:29:40.474+0000] {logging_mixin.py:190} INFO - [2024-11-16T11:29:40.474+0000] {dag.py:3239} INFO - Sync 1 DAGs
[2024-11-16T11:29:41.774+0000] {logging_mixin.py:190} INFO - [2024-11-16T11:29:41.772+0000] {dag.py:4180} INFO - Setting next_dagrun for example_branch_python_operator_decorator to 2024-11-15 00:00:00+00:00, run_after=2024-11-16 00:00:00+00:00
[2024-11-16T11:29:42.108+0000] {processor.py:208} INFO - Processing /home/airflow/.local/lib/python3.12/site-packages/airflow/example_dags/example_branch_operator_decorator.py took 2.014 seconds
[2024-11-16T11:30:12.440+0000] {processor.py:186} INFO - Started process (PID=24460) to work on /home/airflow/.local/lib/python3.12/site-packages/airflow/example_dags/example_branch_operator_decorator.py
[2024-11-16T11:30:12.443+0000] {processor.py:914} INFO - Processing file /home/airflow/.local/lib/python3.12/site-packages/airflow/example_dags/example_branch_operator_decorator.py for tasks to queue
[2024-11-16T11:30:12.446+0000] {logging_mixin.py:190} INFO - [2024-11-16T11:30:12.445+0000] {dagbag.py:588} INFO - Filling up the DagBag from /home/airflow/.local/lib/python3.12/site-packages/airflow/example_dags/example_branch_operator_decorator.py
[2024-11-16T11:30:12.508+0000] {processor.py:925} INFO - DAG(s) 'example_branch_python_operator_decorator' retrieved from /home/airflow/.local/lib/python3.12/site-packages/airflow/example_dags/example_branch_operator_decorator.py
[2024-11-16T11:30:12.601+0000] {logging_mixin.py:190} INFO - [2024-11-16T11:30:12.601+0000] {dag.py:3239} INFO - Sync 1 DAGs
[2024-11-16T11:30:12.682+0000] {logging_mixin.py:190} INFO - [2024-11-16T11:30:12.681+0000] {dag.py:4180} INFO - Setting next_dagrun for example_branch_python_operator_decorator to 2024-11-15 00:00:00+00:00, run_after=2024-11-16 00:00:00+00:00
[2024-11-16T11:30:12.953+0000] {processor.py:208} INFO - Processing /home/airflow/.local/lib/python3.12/site-packages/airflow/example_dags/example_branch_operator_decorator.py took 0.522 seconds
[2024-11-16T11:30:43.777+0000] {processor.py:186} INFO - Started process (PID=24523) to work on /home/airflow/.local/lib/python3.12/site-packages/airflow/example_dags/example_branch_operator_decorator.py
[2024-11-16T11:30:43.779+0000] {processor.py:914} INFO - Processing file /home/airflow/.local/lib/python3.12/site-packages/airflow/example_dags/example_branch_operator_decorator.py for tasks to queue
[2024-11-16T11:30:43.781+0000] {logging_mixin.py:190} INFO - [2024-11-16T11:30:43.781+0000] {dagbag.py:588} INFO - Filling up the DagBag from /home/airflow/.local/lib/python3.12/site-packages/airflow/example_dags/example_branch_operator_decorator.py
[2024-11-16T11:30:43.812+0000] {processor.py:925} INFO - DAG(s) 'example_branch_python_operator_decorator' retrieved from /home/airflow/.local/lib/python3.12/site-packages/airflow/example_dags/example_branch_operator_decorator.py
[2024-11-16T11:30:43.853+0000] {logging_mixin.py:190} INFO - [2024-11-16T11:30:43.853+0000] {dag.py:3239} INFO - Sync 1 DAGs
[2024-11-16T11:30:43.892+0000] {logging_mixin.py:190} INFO - [2024-11-16T11:30:43.892+0000] {dag.py:4180} INFO - Setting next_dagrun for example_branch_python_operator_decorator to 2024-11-15 00:00:00+00:00, run_after=2024-11-16 00:00:00+00:00
[2024-11-16T11:30:43.918+0000] {processor.py:208} INFO - Processing /home/airflow/.local/lib/python3.12/site-packages/airflow/example_dags/example_branch_operator_decorator.py took 0.149 seconds
[2024-11-16T11:31:14.098+0000] {processor.py:186} INFO - Started process (PID=24586) to work on /home/airflow/.local/lib/python3.12/site-packages/airflow/example_dags/example_branch_operator_decorator.py
[2024-11-16T11:31:14.101+0000] {processor.py:914} INFO - Processing file /home/airflow/.local/lib/python3.12/site-packages/airflow/example_dags/example_branch_operator_decorator.py for tasks to queue
[2024-11-16T11:31:14.104+0000] {logging_mixin.py:190} INFO - [2024-11-16T11:31:14.103+0000] {dagbag.py:588} INFO - Filling up the DagBag from /home/airflow/.local/lib/python3.12/site-packages/airflow/example_dags/example_branch_operator_decorator.py
[2024-11-16T11:31:14.148+0000] {processor.py:925} INFO - DAG(s) 'example_branch_python_operator_decorator' retrieved from /home/airflow/.local/lib/python3.12/site-packages/airflow/example_dags/example_branch_operator_decorator.py
[2024-11-16T11:31:14.191+0000] {logging_mixin.py:190} INFO - [2024-11-16T11:31:14.191+0000] {dag.py:3239} INFO - Sync 1 DAGs
[2024-11-16T11:31:14.236+0000] {logging_mixin.py:190} INFO - [2024-11-16T11:31:14.235+0000] {dag.py:4180} INFO - Setting next_dagrun for example_branch_python_operator_decorator to 2024-11-15 00:00:00+00:00, run_after=2024-11-16 00:00:00+00:00
[2024-11-16T11:31:14.270+0000] {processor.py:208} INFO - Processing /home/airflow/.local/lib/python3.12/site-packages/airflow/example_dags/example_branch_operator_decorator.py took 0.184 seconds
[2024-11-16T11:31:51.433+0000] {processor.py:186} INFO - Started process (PID=24621) to work on /home/airflow/.local/lib/python3.12/site-packages/airflow/example_dags/example_branch_operator_decorator.py
[2024-11-16T11:31:51.444+0000] {processor.py:914} INFO - Processing file /home/airflow/.local/lib/python3.12/site-packages/airflow/example_dags/example_branch_operator_decorator.py for tasks to queue
[2024-11-16T11:31:51.447+0000] {logging_mixin.py:190} INFO - [2024-11-16T11:31:51.446+0000] {dagbag.py:588} INFO - Filling up the DagBag from /home/airflow/.local/lib/python3.12/site-packages/airflow/example_dags/example_branch_operator_decorator.py
[2024-11-16T11:31:51.516+0000] {processor.py:925} INFO - DAG(s) 'example_branch_python_operator_decorator' retrieved from /home/airflow/.local/lib/python3.12/site-packages/airflow/example_dags/example_branch_operator_decorator.py
[2024-11-16T11:31:51.613+0000] {logging_mixin.py:190} INFO - [2024-11-16T11:31:51.612+0000] {dag.py:3239} INFO - Sync 1 DAGs
[2024-11-16T11:31:51.714+0000] {logging_mixin.py:190} INFO - [2024-11-16T11:31:51.714+0000] {dag.py:4180} INFO - Setting next_dagrun for example_branch_python_operator_decorator to 2024-11-15 00:00:00+00:00, run_after=2024-11-16 00:00:00+00:00
[2024-11-16T11:31:52.325+0000] {processor.py:208} INFO - Processing /home/airflow/.local/lib/python3.12/site-packages/airflow/example_dags/example_branch_operator_decorator.py took 0.912 seconds
[2024-11-16T11:32:23.137+0000] {processor.py:186} INFO - Started process (PID=24692) to work on /home/airflow/.local/lib/python3.12/site-packages/airflow/example_dags/example_branch_operator_decorator.py
[2024-11-16T11:32:23.140+0000] {processor.py:914} INFO - Processing file /home/airflow/.local/lib/python3.12/site-packages/airflow/example_dags/example_branch_operator_decorator.py for tasks to queue
[2024-11-16T11:32:23.145+0000] {logging_mixin.py:190} INFO - [2024-11-16T11:32:23.142+0000] {dagbag.py:588} INFO - Filling up the DagBag from /home/airflow/.local/lib/python3.12/site-packages/airflow/example_dags/example_branch_operator_decorator.py
[2024-11-16T11:32:23.197+0000] {processor.py:925} INFO - DAG(s) 'example_branch_python_operator_decorator' retrieved from /home/airflow/.local/lib/python3.12/site-packages/airflow/example_dags/example_branch_operator_decorator.py
[2024-11-16T11:32:23.303+0000] {logging_mixin.py:190} INFO - [2024-11-16T11:32:23.302+0000] {dag.py:3239} INFO - Sync 1 DAGs
[2024-11-16T11:32:23.347+0000] {logging_mixin.py:190} INFO - [2024-11-16T11:32:23.347+0000] {dag.py:4180} INFO - Setting next_dagrun for example_branch_python_operator_decorator to 2024-11-15 00:00:00+00:00, run_after=2024-11-16 00:00:00+00:00
[2024-11-16T11:32:23.383+0000] {processor.py:208} INFO - Processing /home/airflow/.local/lib/python3.12/site-packages/airflow/example_dags/example_branch_operator_decorator.py took 0.265 seconds
[2024-11-16T11:34:17.376+0000] {processor.py:186} INFO - Started process (PID=24714) to work on /home/airflow/.local/lib/python3.12/site-packages/airflow/example_dags/example_branch_operator_decorator.py
[2024-11-16T11:34:17.379+0000] {processor.py:914} INFO - Processing file /home/airflow/.local/lib/python3.12/site-packages/airflow/example_dags/example_branch_operator_decorator.py for tasks to queue
[2024-11-16T11:34:17.382+0000] {logging_mixin.py:190} INFO - [2024-11-16T11:34:17.382+0000] {dagbag.py:588} INFO - Filling up the DagBag from /home/airflow/.local/lib/python3.12/site-packages/airflow/example_dags/example_branch_operator_decorator.py
[2024-11-16T11:34:17.468+0000] {processor.py:925} INFO - DAG(s) 'example_branch_python_operator_decorator' retrieved from /home/airflow/.local/lib/python3.12/site-packages/airflow/example_dags/example_branch_operator_decorator.py
[2024-11-16T11:34:17.629+0000] {logging_mixin.py:190} INFO - [2024-11-16T11:34:17.628+0000] {dag.py:3239} INFO - Sync 1 DAGs
[2024-11-16T11:34:17.700+0000] {logging_mixin.py:190} INFO - [2024-11-16T11:34:17.699+0000] {dag.py:4180} INFO - Setting next_dagrun for example_branch_python_operator_decorator to 2024-11-15 00:00:00+00:00, run_after=2024-11-16 00:00:00+00:00
[2024-11-16T11:34:17.745+0000] {processor.py:208} INFO - Processing /home/airflow/.local/lib/python3.12/site-packages/airflow/example_dags/example_branch_operator_decorator.py took 0.382 seconds
[2024-11-16T11:34:48.468+0000] {processor.py:186} INFO - Started process (PID=24777) to work on /home/airflow/.local/lib/python3.12/site-packages/airflow/example_dags/example_branch_operator_decorator.py
[2024-11-16T11:34:48.470+0000] {processor.py:914} INFO - Processing file /home/airflow/.local/lib/python3.12/site-packages/airflow/example_dags/example_branch_operator_decorator.py for tasks to queue
[2024-11-16T11:34:48.472+0000] {logging_mixin.py:190} INFO - [2024-11-16T11:34:48.471+0000] {dagbag.py:588} INFO - Filling up the DagBag from /home/airflow/.local/lib/python3.12/site-packages/airflow/example_dags/example_branch_operator_decorator.py
[2024-11-16T11:34:48.510+0000] {processor.py:925} INFO - DAG(s) 'example_branch_python_operator_decorator' retrieved from /home/airflow/.local/lib/python3.12/site-packages/airflow/example_dags/example_branch_operator_decorator.py
[2024-11-16T11:34:48.567+0000] {logging_mixin.py:190} INFO - [2024-11-16T11:34:48.566+0000] {dag.py:3239} INFO - Sync 1 DAGs
[2024-11-16T11:34:48.632+0000] {logging_mixin.py:190} INFO - [2024-11-16T11:34:48.631+0000] {dag.py:4180} INFO - Setting next_dagrun for example_branch_python_operator_decorator to 2024-11-15 00:00:00+00:00, run_after=2024-11-16 00:00:00+00:00
[2024-11-16T11:34:48.687+0000] {processor.py:208} INFO - Processing /home/airflow/.local/lib/python3.12/site-packages/airflow/example_dags/example_branch_operator_decorator.py took 0.230 seconds
