[2024-11-16T11:27:06.629+0000] {processor.py:186} INFO - Started process (PID=24233) to work on /home/airflow/.local/lib/python3.12/site-packages/airflow/example_dags/example_time_delta_sensor_async.py
[2024-11-16T11:27:06.644+0000] {processor.py:914} INFO - Processing file /home/airflow/.local/lib/python3.12/site-packages/airflow/example_dags/example_time_delta_sensor_async.py for tasks to queue
[2024-11-16T11:27:06.650+0000] {logging_mixin.py:190} INFO - [2024-11-16T11:27:06.649+0000] {dagbag.py:588} INFO - Filling up the DagBag from /home/airflow/.local/lib/python3.12/site-packages/airflow/example_dags/example_time_delta_sensor_async.py
[2024-11-16T11:27:06.694+0000] {processor.py:925} INFO - DAG(s) 'example_time_delta_sensor_async' retrieved from /home/airflow/.local/lib/python3.12/site-packages/airflow/example_dags/example_time_delta_sensor_async.py
[2024-11-16T11:27:06.758+0000] {logging_mixin.py:190} INFO - [2024-11-16T11:27:06.758+0000] {dag.py:3239} INFO - Sync 1 DAGs
[2024-11-16T11:27:06.816+0000] {logging_mixin.py:190} INFO - [2024-11-16T11:27:06.815+0000] {dag.py:4180} INFO - Setting next_dagrun for example_time_delta_sensor_async to None, run_after=None
[2024-11-16T11:27:06.873+0000] {processor.py:208} INFO - Processing /home/airflow/.local/lib/python3.12/site-packages/airflow/example_dags/example_time_delta_sensor_async.py took 0.284 seconds
[2024-11-16T11:28:25.148+0000] {processor.py:186} INFO - Started process (PID=24288) to work on /home/airflow/.local/lib/python3.12/site-packages/airflow/example_dags/example_time_delta_sensor_async.py
[2024-11-16T11:28:25.169+0000] {processor.py:914} INFO - Processing file /home/airflow/.local/lib/python3.12/site-packages/airflow/example_dags/example_time_delta_sensor_async.py for tasks to queue
[2024-11-16T11:28:25.175+0000] {logging_mixin.py:190} INFO - [2024-11-16T11:28:25.174+0000] {dagbag.py:588} INFO - Filling up the DagBag from /home/airflow/.local/lib/python3.12/site-packages/airflow/example_dags/example_time_delta_sensor_async.py
[2024-11-16T11:28:25.277+0000] {processor.py:925} INFO - DAG(s) 'example_time_delta_sensor_async' retrieved from /home/airflow/.local/lib/python3.12/site-packages/airflow/example_dags/example_time_delta_sensor_async.py
[2024-11-16T11:28:25.514+0000] {logging_mixin.py:190} INFO - [2024-11-16T11:28:25.509+0000] {dag.py:3239} INFO - Sync 1 DAGs
[2024-11-16T11:28:25.842+0000] {logging_mixin.py:190} INFO - [2024-11-16T11:28:25.840+0000] {dag.py:4180} INFO - Setting next_dagrun for example_time_delta_sensor_async to None, run_after=None
[2024-11-16T11:28:26.104+0000] {processor.py:208} INFO - Processing /home/airflow/.local/lib/python3.12/site-packages/airflow/example_dags/example_time_delta_sensor_async.py took 1.429 seconds
[2024-11-16T11:29:07.747+0000] {processor.py:186} INFO - Started process (PID=24338) to work on /home/airflow/.local/lib/python3.12/site-packages/airflow/example_dags/example_time_delta_sensor_async.py
[2024-11-16T11:29:07.772+0000] {processor.py:914} INFO - Processing file /home/airflow/.local/lib/python3.12/site-packages/airflow/example_dags/example_time_delta_sensor_async.py for tasks to queue
[2024-11-16T11:29:07.775+0000] {logging_mixin.py:190} INFO - [2024-11-16T11:29:07.774+0000] {dagbag.py:588} INFO - Filling up the DagBag from /home/airflow/.local/lib/python3.12/site-packages/airflow/example_dags/example_time_delta_sensor_async.py
[2024-11-16T11:29:07.844+0000] {processor.py:925} INFO - DAG(s) 'example_time_delta_sensor_async' retrieved from /home/airflow/.local/lib/python3.12/site-packages/airflow/example_dags/example_time_delta_sensor_async.py
[2024-11-16T11:29:07.995+0000] {logging_mixin.py:190} INFO - [2024-11-16T11:29:07.995+0000] {dag.py:3239} INFO - Sync 1 DAGs
[2024-11-16T11:29:08.111+0000] {logging_mixin.py:190} INFO - [2024-11-16T11:29:08.110+0000] {dag.py:4180} INFO - Setting next_dagrun for example_time_delta_sensor_async to None, run_after=None
[2024-11-16T11:29:08.244+0000] {processor.py:208} INFO - Processing /home/airflow/.local/lib/python3.12/site-packages/airflow/example_dags/example_time_delta_sensor_async.py took 0.532 seconds
[2024-11-16T11:29:46.138+0000] {processor.py:186} INFO - Started process (PID=24401) to work on /home/airflow/.local/lib/python3.12/site-packages/airflow/example_dags/example_time_delta_sensor_async.py
[2024-11-16T11:29:46.142+0000] {processor.py:914} INFO - Processing file /home/airflow/.local/lib/python3.12/site-packages/airflow/example_dags/example_time_delta_sensor_async.py for tasks to queue
[2024-11-16T11:29:46.146+0000] {logging_mixin.py:190} INFO - [2024-11-16T11:29:46.145+0000] {dagbag.py:588} INFO - Filling up the DagBag from /home/airflow/.local/lib/python3.12/site-packages/airflow/example_dags/example_time_delta_sensor_async.py
[2024-11-16T11:29:46.170+0000] {processor.py:925} INFO - DAG(s) 'example_time_delta_sensor_async' retrieved from /home/airflow/.local/lib/python3.12/site-packages/airflow/example_dags/example_time_delta_sensor_async.py
[2024-11-16T11:29:46.215+0000] {logging_mixin.py:190} INFO - [2024-11-16T11:29:46.215+0000] {dag.py:3239} INFO - Sync 1 DAGs
[2024-11-16T11:29:46.493+0000] {logging_mixin.py:190} INFO - [2024-11-16T11:29:46.492+0000] {dag.py:4180} INFO - Setting next_dagrun for example_time_delta_sensor_async to None, run_after=None
[2024-11-16T11:29:46.533+0000] {processor.py:208} INFO - Processing /home/airflow/.local/lib/python3.12/site-packages/airflow/example_dags/example_time_delta_sensor_async.py took 0.408 seconds
[2024-11-16T11:30:16.725+0000] {processor.py:186} INFO - Started process (PID=24464) to work on /home/airflow/.local/lib/python3.12/site-packages/airflow/example_dags/example_time_delta_sensor_async.py
[2024-11-16T11:30:16.727+0000] {processor.py:914} INFO - Processing file /home/airflow/.local/lib/python3.12/site-packages/airflow/example_dags/example_time_delta_sensor_async.py for tasks to queue
[2024-11-16T11:30:16.730+0000] {logging_mixin.py:190} INFO - [2024-11-16T11:30:16.729+0000] {dagbag.py:588} INFO - Filling up the DagBag from /home/airflow/.local/lib/python3.12/site-packages/airflow/example_dags/example_time_delta_sensor_async.py
[2024-11-16T11:30:16.740+0000] {processor.py:925} INFO - DAG(s) 'example_time_delta_sensor_async' retrieved from /home/airflow/.local/lib/python3.12/site-packages/airflow/example_dags/example_time_delta_sensor_async.py
[2024-11-16T11:30:16.770+0000] {logging_mixin.py:190} INFO - [2024-11-16T11:30:16.770+0000] {dag.py:3239} INFO - Sync 1 DAGs
[2024-11-16T11:30:16.796+0000] {logging_mixin.py:190} INFO - [2024-11-16T11:30:16.796+0000] {dag.py:4180} INFO - Setting next_dagrun for example_time_delta_sensor_async to None, run_after=None
[2024-11-16T11:30:16.823+0000] {processor.py:208} INFO - Processing /home/airflow/.local/lib/python3.12/site-packages/airflow/example_dags/example_time_delta_sensor_async.py took 0.106 seconds
[2024-11-16T11:30:47.156+0000] {processor.py:186} INFO - Started process (PID=24527) to work on /home/airflow/.local/lib/python3.12/site-packages/airflow/example_dags/example_time_delta_sensor_async.py
[2024-11-16T11:30:47.157+0000] {processor.py:914} INFO - Processing file /home/airflow/.local/lib/python3.12/site-packages/airflow/example_dags/example_time_delta_sensor_async.py for tasks to queue
[2024-11-16T11:30:47.159+0000] {logging_mixin.py:190} INFO - [2024-11-16T11:30:47.158+0000] {dagbag.py:588} INFO - Filling up the DagBag from /home/airflow/.local/lib/python3.12/site-packages/airflow/example_dags/example_time_delta_sensor_async.py
[2024-11-16T11:30:47.168+0000] {processor.py:925} INFO - DAG(s) 'example_time_delta_sensor_async' retrieved from /home/airflow/.local/lib/python3.12/site-packages/airflow/example_dags/example_time_delta_sensor_async.py
[2024-11-16T11:30:47.197+0000] {logging_mixin.py:190} INFO - [2024-11-16T11:30:47.196+0000] {dag.py:3239} INFO - Sync 1 DAGs
[2024-11-16T11:30:47.227+0000] {logging_mixin.py:190} INFO - [2024-11-16T11:30:47.226+0000] {dag.py:4180} INFO - Setting next_dagrun for example_time_delta_sensor_async to None, run_after=None
[2024-11-16T11:30:47.252+0000] {processor.py:208} INFO - Processing /home/airflow/.local/lib/python3.12/site-packages/airflow/example_dags/example_time_delta_sensor_async.py took 0.104 seconds
[2024-11-16T11:31:17.497+0000] {processor.py:186} INFO - Started process (PID=24590) to work on /home/airflow/.local/lib/python3.12/site-packages/airflow/example_dags/example_time_delta_sensor_async.py
[2024-11-16T11:31:17.499+0000] {processor.py:914} INFO - Processing file /home/airflow/.local/lib/python3.12/site-packages/airflow/example_dags/example_time_delta_sensor_async.py for tasks to queue
[2024-11-16T11:31:17.501+0000] {logging_mixin.py:190} INFO - [2024-11-16T11:31:17.500+0000] {dagbag.py:588} INFO - Filling up the DagBag from /home/airflow/.local/lib/python3.12/site-packages/airflow/example_dags/example_time_delta_sensor_async.py
[2024-11-16T11:31:17.512+0000] {processor.py:925} INFO - DAG(s) 'example_time_delta_sensor_async' retrieved from /home/airflow/.local/lib/python3.12/site-packages/airflow/example_dags/example_time_delta_sensor_async.py
[2024-11-16T11:31:17.537+0000] {logging_mixin.py:190} INFO - [2024-11-16T11:31:17.536+0000] {dag.py:3239} INFO - Sync 1 DAGs
[2024-11-16T11:31:17.559+0000] {logging_mixin.py:190} INFO - [2024-11-16T11:31:17.558+0000] {dag.py:4180} INFO - Setting next_dagrun for example_time_delta_sensor_async to None, run_after=None
[2024-11-16T11:31:17.589+0000] {processor.py:208} INFO - Processing /home/airflow/.local/lib/python3.12/site-packages/airflow/example_dags/example_time_delta_sensor_async.py took 0.103 seconds
[2024-11-16T11:31:52.711+0000] {processor.py:186} INFO - Started process (PID=24631) to work on /home/airflow/.local/lib/python3.12/site-packages/airflow/example_dags/example_time_delta_sensor_async.py
[2024-11-16T11:31:52.713+0000] {processor.py:914} INFO - Processing file /home/airflow/.local/lib/python3.12/site-packages/airflow/example_dags/example_time_delta_sensor_async.py for tasks to queue
[2024-11-16T11:31:52.716+0000] {logging_mixin.py:190} INFO - [2024-11-16T11:31:52.715+0000] {dagbag.py:588} INFO - Filling up the DagBag from /home/airflow/.local/lib/python3.12/site-packages/airflow/example_dags/example_time_delta_sensor_async.py
[2024-11-16T11:31:52.732+0000] {processor.py:925} INFO - DAG(s) 'example_time_delta_sensor_async' retrieved from /home/airflow/.local/lib/python3.12/site-packages/airflow/example_dags/example_time_delta_sensor_async.py
[2024-11-16T11:31:52.776+0000] {logging_mixin.py:190} INFO - [2024-11-16T11:31:52.776+0000] {dag.py:3239} INFO - Sync 1 DAGs
[2024-11-16T11:31:52.816+0000] {logging_mixin.py:190} INFO - [2024-11-16T11:31:52.815+0000] {dag.py:4180} INFO - Setting next_dagrun for example_time_delta_sensor_async to None, run_after=None
[2024-11-16T11:31:52.872+0000] {processor.py:208} INFO - Processing /home/airflow/.local/lib/python3.12/site-packages/airflow/example_dags/example_time_delta_sensor_async.py took 0.174 seconds
[2024-11-16T11:32:23.670+0000] {processor.py:186} INFO - Started process (PID=24695) to work on /home/airflow/.local/lib/python3.12/site-packages/airflow/example_dags/example_time_delta_sensor_async.py
[2024-11-16T11:32:23.672+0000] {processor.py:914} INFO - Processing file /home/airflow/.local/lib/python3.12/site-packages/airflow/example_dags/example_time_delta_sensor_async.py for tasks to queue
[2024-11-16T11:32:23.674+0000] {logging_mixin.py:190} INFO - [2024-11-16T11:32:23.673+0000] {dagbag.py:588} INFO - Filling up the DagBag from /home/airflow/.local/lib/python3.12/site-packages/airflow/example_dags/example_time_delta_sensor_async.py
[2024-11-16T11:32:23.686+0000] {processor.py:925} INFO - DAG(s) 'example_time_delta_sensor_async' retrieved from /home/airflow/.local/lib/python3.12/site-packages/airflow/example_dags/example_time_delta_sensor_async.py
[2024-11-16T11:32:23.716+0000] {logging_mixin.py:190} INFO - [2024-11-16T11:32:23.716+0000] {dag.py:3239} INFO - Sync 1 DAGs
[2024-11-16T11:32:23.739+0000] {logging_mixin.py:190} INFO - [2024-11-16T11:32:23.739+0000] {dag.py:4180} INFO - Setting next_dagrun for example_time_delta_sensor_async to None, run_after=None
[2024-11-16T11:32:23.769+0000] {processor.py:208} INFO - Processing /home/airflow/.local/lib/python3.12/site-packages/airflow/example_dags/example_time_delta_sensor_async.py took 0.108 seconds
[2024-11-16T11:34:18.280+0000] {processor.py:186} INFO - Started process (PID=24718) to work on /home/airflow/.local/lib/python3.12/site-packages/airflow/example_dags/example_time_delta_sensor_async.py
[2024-11-16T11:34:18.284+0000] {processor.py:914} INFO - Processing file /home/airflow/.local/lib/python3.12/site-packages/airflow/example_dags/example_time_delta_sensor_async.py for tasks to queue
[2024-11-16T11:34:18.287+0000] {logging_mixin.py:190} INFO - [2024-11-16T11:34:18.287+0000] {dagbag.py:588} INFO - Filling up the DagBag from /home/airflow/.local/lib/python3.12/site-packages/airflow/example_dags/example_time_delta_sensor_async.py
[2024-11-16T11:34:18.306+0000] {processor.py:925} INFO - DAG(s) 'example_time_delta_sensor_async' retrieved from /home/airflow/.local/lib/python3.12/site-packages/airflow/example_dags/example_time_delta_sensor_async.py
[2024-11-16T11:34:18.370+0000] {logging_mixin.py:190} INFO - [2024-11-16T11:34:18.369+0000] {dag.py:3239} INFO - Sync 1 DAGs
[2024-11-16T11:34:18.397+0000] {logging_mixin.py:190} INFO - [2024-11-16T11:34:18.397+0000] {dag.py:4180} INFO - Setting next_dagrun for example_time_delta_sensor_async to None, run_after=None
[2024-11-16T11:34:18.426+0000] {processor.py:208} INFO - Processing /home/airflow/.local/lib/python3.12/site-packages/airflow/example_dags/example_time_delta_sensor_async.py took 0.157 seconds
[2024-11-16T11:34:49.169+0000] {processor.py:186} INFO - Started process (PID=24781) to work on /home/airflow/.local/lib/python3.12/site-packages/airflow/example_dags/example_time_delta_sensor_async.py
[2024-11-16T11:34:49.171+0000] {processor.py:914} INFO - Processing file /home/airflow/.local/lib/python3.12/site-packages/airflow/example_dags/example_time_delta_sensor_async.py for tasks to queue
[2024-11-16T11:34:49.174+0000] {logging_mixin.py:190} INFO - [2024-11-16T11:34:49.173+0000] {dagbag.py:588} INFO - Filling up the DagBag from /home/airflow/.local/lib/python3.12/site-packages/airflow/example_dags/example_time_delta_sensor_async.py
[2024-11-16T11:34:49.191+0000] {processor.py:925} INFO - DAG(s) 'example_time_delta_sensor_async' retrieved from /home/airflow/.local/lib/python3.12/site-packages/airflow/example_dags/example_time_delta_sensor_async.py
[2024-11-16T11:34:49.221+0000] {logging_mixin.py:190} INFO - [2024-11-16T11:34:49.220+0000] {dag.py:3239} INFO - Sync 1 DAGs
[2024-11-16T11:34:49.242+0000] {logging_mixin.py:190} INFO - [2024-11-16T11:34:49.242+0000] {dag.py:4180} INFO - Setting next_dagrun for example_time_delta_sensor_async to None, run_after=None
[2024-11-16T11:34:49.270+0000] {processor.py:208} INFO - Processing /home/airflow/.local/lib/python3.12/site-packages/airflow/example_dags/example_time_delta_sensor_async.py took 0.112 seconds
