[2024-11-16T11:27:04.468+0000] {processor.py:186} INFO - Started process (PID=24225) to work on /home/airflow/.local/lib/python3.12/site-packages/airflow/example_dags/example_trigger_controller_dag.py
[2024-11-16T11:27:04.471+0000] {processor.py:914} INFO - Processing file /home/airflow/.local/lib/python3.12/site-packages/airflow/example_dags/example_trigger_controller_dag.py for tasks to queue
[2024-11-16T11:27:04.476+0000] {logging_mixin.py:190} INFO - [2024-11-16T11:27:04.474+0000] {dagbag.py:588} INFO - Filling up the DagBag from /home/airflow/.local/lib/python3.12/site-packages/airflow/example_dags/example_trigger_controller_dag.py
[2024-11-16T11:27:04.499+0000] {processor.py:925} INFO - DAG(s) 'example_trigger_controller_dag' retrieved from /home/airflow/.local/lib/python3.12/site-packages/airflow/example_dags/example_trigger_controller_dag.py
[2024-11-16T11:27:04.566+0000] {logging_mixin.py:190} INFO - [2024-11-16T11:27:04.566+0000] {dag.py:3239} INFO - Sync 1 DAGs
[2024-11-16T11:27:04.636+0000] {logging_mixin.py:190} INFO - [2024-11-16T11:27:04.633+0000] {dag.py:4180} INFO - Setting next_dagrun for example_trigger_controller_dag to 2021-01-01 00:00:00+00:00, run_after=2021-01-01 00:00:00+00:00
[2024-11-16T11:27:06.356+0000] {processor.py:208} INFO - Processing /home/airflow/.local/lib/python3.12/site-packages/airflow/example_dags/example_trigger_controller_dag.py took 1.908 seconds
[2024-11-16T11:28:16.517+0000] {processor.py:186} INFO - Started process (PID=24280) to work on /home/airflow/.local/lib/python3.12/site-packages/airflow/example_dags/example_trigger_controller_dag.py
[2024-11-16T11:28:16.543+0000] {processor.py:914} INFO - Processing file /home/airflow/.local/lib/python3.12/site-packages/airflow/example_dags/example_trigger_controller_dag.py for tasks to queue
[2024-11-16T11:28:16.549+0000] {logging_mixin.py:190} INFO - [2024-11-16T11:28:16.548+0000] {dagbag.py:588} INFO - Filling up the DagBag from /home/airflow/.local/lib/python3.12/site-packages/airflow/example_dags/example_trigger_controller_dag.py
[2024-11-16T11:28:16.877+0000] {processor.py:925} INFO - DAG(s) 'example_trigger_controller_dag' retrieved from /home/airflow/.local/lib/python3.12/site-packages/airflow/example_dags/example_trigger_controller_dag.py
[2024-11-16T11:28:17.193+0000] {logging_mixin.py:190} INFO - [2024-11-16T11:28:17.189+0000] {dag.py:3239} INFO - Sync 1 DAGs
[2024-11-16T11:28:17.771+0000] {logging_mixin.py:190} INFO - [2024-11-16T11:28:17.770+0000] {dag.py:4180} INFO - Setting next_dagrun for example_trigger_controller_dag to 2021-01-01 00:00:00+00:00, run_after=2021-01-01 00:00:00+00:00
[2024-11-16T11:28:18.847+0000] {processor.py:208} INFO - Processing /home/airflow/.local/lib/python3.12/site-packages/airflow/example_dags/example_trigger_controller_dag.py took 2.398 seconds
[2024-11-16T11:29:06.731+0000] {processor.py:186} INFO - Started process (PID=24336) to work on /home/airflow/.local/lib/python3.12/site-packages/airflow/example_dags/example_trigger_controller_dag.py
[2024-11-16T11:29:06.738+0000] {processor.py:914} INFO - Processing file /home/airflow/.local/lib/python3.12/site-packages/airflow/example_dags/example_trigger_controller_dag.py for tasks to queue
[2024-11-16T11:29:06.743+0000] {logging_mixin.py:190} INFO - [2024-11-16T11:29:06.741+0000] {dagbag.py:588} INFO - Filling up the DagBag from /home/airflow/.local/lib/python3.12/site-packages/airflow/example_dags/example_trigger_controller_dag.py
[2024-11-16T11:29:06.796+0000] {processor.py:925} INFO - DAG(s) 'example_trigger_controller_dag' retrieved from /home/airflow/.local/lib/python3.12/site-packages/airflow/example_dags/example_trigger_controller_dag.py
[2024-11-16T11:29:06.955+0000] {logging_mixin.py:190} INFO - [2024-11-16T11:29:06.954+0000] {dag.py:3239} INFO - Sync 1 DAGs
[2024-11-16T11:29:07.145+0000] {logging_mixin.py:190} INFO - [2024-11-16T11:29:07.133+0000] {dag.py:4180} INFO - Setting next_dagrun for example_trigger_controller_dag to 2021-01-01 00:00:00+00:00, run_after=2021-01-01 00:00:00+00:00
[2024-11-16T11:29:07.275+0000] {processor.py:208} INFO - Processing /home/airflow/.local/lib/python3.12/site-packages/airflow/example_dags/example_trigger_controller_dag.py took 0.586 seconds
[2024-11-16T11:29:43.007+0000] {processor.py:186} INFO - Started process (PID=24399) to work on /home/airflow/.local/lib/python3.12/site-packages/airflow/example_dags/example_trigger_controller_dag.py
[2024-11-16T11:29:43.009+0000] {processor.py:914} INFO - Processing file /home/airflow/.local/lib/python3.12/site-packages/airflow/example_dags/example_trigger_controller_dag.py for tasks to queue
[2024-11-16T11:29:43.012+0000] {logging_mixin.py:190} INFO - [2024-11-16T11:29:43.012+0000] {dagbag.py:588} INFO - Filling up the DagBag from /home/airflow/.local/lib/python3.12/site-packages/airflow/example_dags/example_trigger_controller_dag.py
[2024-11-16T11:29:43.024+0000] {processor.py:925} INFO - DAG(s) 'example_trigger_controller_dag' retrieved from /home/airflow/.local/lib/python3.12/site-packages/airflow/example_dags/example_trigger_controller_dag.py
[2024-11-16T11:29:43.074+0000] {logging_mixin.py:190} INFO - [2024-11-16T11:29:43.073+0000] {dag.py:3239} INFO - Sync 1 DAGs
[2024-11-16T11:29:45.948+0000] {logging_mixin.py:190} INFO - [2024-11-16T11:29:45.947+0000] {dag.py:4180} INFO - Setting next_dagrun for example_trigger_controller_dag to 2021-01-01 00:00:00+00:00, run_after=2021-01-01 00:00:00+00:00
[2024-11-16T11:29:46.022+0000] {processor.py:208} INFO - Processing /home/airflow/.local/lib/python3.12/site-packages/airflow/example_dags/example_trigger_controller_dag.py took 3.024 seconds
[2024-11-16T11:30:16.512+0000] {processor.py:186} INFO - Started process (PID=24462) to work on /home/airflow/.local/lib/python3.12/site-packages/airflow/example_dags/example_trigger_controller_dag.py
[2024-11-16T11:30:16.515+0000] {processor.py:914} INFO - Processing file /home/airflow/.local/lib/python3.12/site-packages/airflow/example_dags/example_trigger_controller_dag.py for tasks to queue
[2024-11-16T11:30:16.518+0000] {logging_mixin.py:190} INFO - [2024-11-16T11:30:16.517+0000] {dagbag.py:588} INFO - Filling up the DagBag from /home/airflow/.local/lib/python3.12/site-packages/airflow/example_dags/example_trigger_controller_dag.py
[2024-11-16T11:30:16.536+0000] {processor.py:925} INFO - DAG(s) 'example_trigger_controller_dag' retrieved from /home/airflow/.local/lib/python3.12/site-packages/airflow/example_dags/example_trigger_controller_dag.py
[2024-11-16T11:30:16.595+0000] {logging_mixin.py:190} INFO - [2024-11-16T11:30:16.594+0000] {dag.py:3239} INFO - Sync 1 DAGs
[2024-11-16T11:30:16.651+0000] {logging_mixin.py:190} INFO - [2024-11-16T11:30:16.651+0000] {dag.py:4180} INFO - Setting next_dagrun for example_trigger_controller_dag to 2021-01-01 00:00:00+00:00, run_after=2021-01-01 00:00:00+00:00
[2024-11-16T11:30:16.691+0000] {processor.py:208} INFO - Processing /home/airflow/.local/lib/python3.12/site-packages/airflow/example_dags/example_trigger_controller_dag.py took 0.198 seconds
[2024-11-16T11:30:46.967+0000] {processor.py:186} INFO - Started process (PID=24525) to work on /home/airflow/.local/lib/python3.12/site-packages/airflow/example_dags/example_trigger_controller_dag.py
[2024-11-16T11:30:46.968+0000] {processor.py:914} INFO - Processing file /home/airflow/.local/lib/python3.12/site-packages/airflow/example_dags/example_trigger_controller_dag.py for tasks to queue
[2024-11-16T11:30:46.970+0000] {logging_mixin.py:190} INFO - [2024-11-16T11:30:46.970+0000] {dagbag.py:588} INFO - Filling up the DagBag from /home/airflow/.local/lib/python3.12/site-packages/airflow/example_dags/example_trigger_controller_dag.py
[2024-11-16T11:30:47.000+0000] {processor.py:925} INFO - DAG(s) 'example_trigger_controller_dag' retrieved from /home/airflow/.local/lib/python3.12/site-packages/airflow/example_dags/example_trigger_controller_dag.py
[2024-11-16T11:30:47.041+0000] {logging_mixin.py:190} INFO - [2024-11-16T11:30:47.041+0000] {dag.py:3239} INFO - Sync 1 DAGs
[2024-11-16T11:30:47.095+0000] {logging_mixin.py:190} INFO - [2024-11-16T11:30:47.095+0000] {dag.py:4180} INFO - Setting next_dagrun for example_trigger_controller_dag to 2021-01-01 00:00:00+00:00, run_after=2021-01-01 00:00:00+00:00
[2024-11-16T11:30:47.128+0000] {processor.py:208} INFO - Processing /home/airflow/.local/lib/python3.12/site-packages/airflow/example_dags/example_trigger_controller_dag.py took 0.171 seconds
[2024-11-16T11:31:17.350+0000] {processor.py:186} INFO - Started process (PID=24588) to work on /home/airflow/.local/lib/python3.12/site-packages/airflow/example_dags/example_trigger_controller_dag.py
[2024-11-16T11:31:17.352+0000] {processor.py:914} INFO - Processing file /home/airflow/.local/lib/python3.12/site-packages/airflow/example_dags/example_trigger_controller_dag.py for tasks to queue
[2024-11-16T11:31:17.353+0000] {logging_mixin.py:190} INFO - [2024-11-16T11:31:17.353+0000] {dagbag.py:588} INFO - Filling up the DagBag from /home/airflow/.local/lib/python3.12/site-packages/airflow/example_dags/example_trigger_controller_dag.py
[2024-11-16T11:31:17.363+0000] {processor.py:925} INFO - DAG(s) 'example_trigger_controller_dag' retrieved from /home/airflow/.local/lib/python3.12/site-packages/airflow/example_dags/example_trigger_controller_dag.py
[2024-11-16T11:31:17.388+0000] {logging_mixin.py:190} INFO - [2024-11-16T11:31:17.388+0000] {dag.py:3239} INFO - Sync 1 DAGs
[2024-11-16T11:31:17.421+0000] {logging_mixin.py:190} INFO - [2024-11-16T11:31:17.421+0000] {dag.py:4180} INFO - Setting next_dagrun for example_trigger_controller_dag to 2021-01-01 00:00:00+00:00, run_after=2021-01-01 00:00:00+00:00
[2024-11-16T11:31:17.445+0000] {processor.py:208} INFO - Processing /home/airflow/.local/lib/python3.12/site-packages/airflow/example_dags/example_trigger_controller_dag.py took 0.111 seconds
[2024-11-16T11:31:51.872+0000] {processor.py:186} INFO - Started process (PID=24623) to work on /home/airflow/.local/lib/python3.12/site-packages/airflow/example_dags/example_trigger_controller_dag.py
[2024-11-16T11:31:51.880+0000] {processor.py:914} INFO - Processing file /home/airflow/.local/lib/python3.12/site-packages/airflow/example_dags/example_trigger_controller_dag.py for tasks to queue
[2024-11-16T11:31:51.891+0000] {logging_mixin.py:190} INFO - [2024-11-16T11:31:51.890+0000] {dagbag.py:588} INFO - Filling up the DagBag from /home/airflow/.local/lib/python3.12/site-packages/airflow/example_dags/example_trigger_controller_dag.py
[2024-11-16T11:31:51.945+0000] {processor.py:925} INFO - DAG(s) 'example_trigger_controller_dag' retrieved from /home/airflow/.local/lib/python3.12/site-packages/airflow/example_dags/example_trigger_controller_dag.py
[2024-11-16T11:31:52.054+0000] {logging_mixin.py:190} INFO - [2024-11-16T11:31:52.052+0000] {dag.py:3239} INFO - Sync 1 DAGs
[2024-11-16T11:31:52.197+0000] {logging_mixin.py:190} INFO - [2024-11-16T11:31:52.197+0000] {dag.py:4180} INFO - Setting next_dagrun for example_trigger_controller_dag to 2021-01-01 00:00:00+00:00, run_after=2021-01-01 00:00:00+00:00
[2024-11-16T11:31:52.598+0000] {processor.py:208} INFO - Processing /home/airflow/.local/lib/python3.12/site-packages/airflow/example_dags/example_trigger_controller_dag.py took 0.749 seconds
[2024-11-16T11:32:23.138+0000] {processor.py:186} INFO - Started process (PID=24693) to work on /home/airflow/.local/lib/python3.12/site-packages/airflow/example_dags/example_trigger_controller_dag.py
[2024-11-16T11:32:23.141+0000] {processor.py:914} INFO - Processing file /home/airflow/.local/lib/python3.12/site-packages/airflow/example_dags/example_trigger_controller_dag.py for tasks to queue
[2024-11-16T11:32:23.145+0000] {logging_mixin.py:190} INFO - [2024-11-16T11:32:23.143+0000] {dagbag.py:588} INFO - Filling up the DagBag from /home/airflow/.local/lib/python3.12/site-packages/airflow/example_dags/example_trigger_controller_dag.py
[2024-11-16T11:32:23.169+0000] {processor.py:925} INFO - DAG(s) 'example_trigger_controller_dag' retrieved from /home/airflow/.local/lib/python3.12/site-packages/airflow/example_dags/example_trigger_controller_dag.py
[2024-11-16T11:32:23.293+0000] {logging_mixin.py:190} INFO - [2024-11-16T11:32:23.292+0000] {dag.py:3239} INFO - Sync 1 DAGs
[2024-11-16T11:32:23.345+0000] {logging_mixin.py:190} INFO - [2024-11-16T11:32:23.345+0000] {dag.py:4180} INFO - Setting next_dagrun for example_trigger_controller_dag to 2021-01-01 00:00:00+00:00, run_after=2021-01-01 00:00:00+00:00
[2024-11-16T11:32:23.388+0000] {processor.py:208} INFO - Processing /home/airflow/.local/lib/python3.12/site-packages/airflow/example_dags/example_trigger_controller_dag.py took 0.265 seconds
