[2024-11-16T11:27:01.083+0000] {processor.py:186} INFO - Started process (PID=24209) to work on /home/airflow/.local/lib/python3.12/site-packages/airflow/example_dags/example_setup_teardown.py
[2024-11-16T11:27:01.086+0000] {processor.py:914} INFO - Processing file /home/airflow/.local/lib/python3.12/site-packages/airflow/example_dags/example_setup_teardown.py for tasks to queue
[2024-11-16T11:27:01.089+0000] {logging_mixin.py:190} INFO - [2024-11-16T11:27:01.088+0000] {dagbag.py:588} INFO - Filling up the DagBag from /home/airflow/.local/lib/python3.12/site-packages/airflow/example_dags/example_setup_teardown.py
[2024-11-16T11:27:01.114+0000] {processor.py:925} INFO - DAG(s) 'example_setup_teardown' retrieved from /home/airflow/.local/lib/python3.12/site-packages/airflow/example_dags/example_setup_teardown.py
[2024-11-16T11:27:01.190+0000] {logging_mixin.py:190} INFO - [2024-11-16T11:27:01.190+0000] {dag.py:3239} INFO - Sync 1 DAGs
[2024-11-16T11:27:01.235+0000] {logging_mixin.py:190} INFO - [2024-11-16T11:27:01.235+0000] {dag.py:4180} INFO - Setting next_dagrun for example_setup_teardown to None, run_after=None
[2024-11-16T11:27:01.299+0000] {processor.py:208} INFO - Processing /home/airflow/.local/lib/python3.12/site-packages/airflow/example_dags/example_setup_teardown.py took 0.236 seconds
[2024-11-16T11:28:55.820+0000] {processor.py:186} INFO - Started process (PID=24320) to work on /home/airflow/.local/lib/python3.12/site-packages/airflow/example_dags/example_setup_teardown.py
[2024-11-16T11:28:55.845+0000] {processor.py:914} INFO - Processing file /home/airflow/.local/lib/python3.12/site-packages/airflow/example_dags/example_setup_teardown.py for tasks to queue
[2024-11-16T11:28:55.861+0000] {logging_mixin.py:190} INFO - [2024-11-16T11:28:55.860+0000] {dagbag.py:588} INFO - Filling up the DagBag from /home/airflow/.local/lib/python3.12/site-packages/airflow/example_dags/example_setup_teardown.py
[2024-11-16T11:28:55.928+0000] {processor.py:925} INFO - DAG(s) 'example_setup_teardown' retrieved from /home/airflow/.local/lib/python3.12/site-packages/airflow/example_dags/example_setup_teardown.py
[2024-11-16T11:28:56.133+0000] {logging_mixin.py:190} INFO - [2024-11-16T11:28:56.132+0000] {dag.py:3239} INFO - Sync 1 DAGs
[2024-11-16T11:28:56.321+0000] {logging_mixin.py:190} INFO - [2024-11-16T11:28:56.320+0000] {dag.py:4180} INFO - Setting next_dagrun for example_setup_teardown to None, run_after=None
[2024-11-16T11:28:57.323+0000] {processor.py:208} INFO - Processing /home/airflow/.local/lib/python3.12/site-packages/airflow/example_dags/example_setup_teardown.py took 1.533 seconds
[2024-11-16T11:29:27.687+0000] {processor.py:186} INFO - Started process (PID=24383) to work on /home/airflow/.local/lib/python3.12/site-packages/airflow/example_dags/example_setup_teardown.py
[2024-11-16T11:29:27.701+0000] {processor.py:914} INFO - Processing file /home/airflow/.local/lib/python3.12/site-packages/airflow/example_dags/example_setup_teardown.py for tasks to queue
[2024-11-16T11:29:27.707+0000] {logging_mixin.py:190} INFO - [2024-11-16T11:29:27.706+0000] {dagbag.py:588} INFO - Filling up the DagBag from /home/airflow/.local/lib/python3.12/site-packages/airflow/example_dags/example_setup_teardown.py
[2024-11-16T11:29:27.745+0000] {processor.py:925} INFO - DAG(s) 'example_setup_teardown' retrieved from /home/airflow/.local/lib/python3.12/site-packages/airflow/example_dags/example_setup_teardown.py
[2024-11-16T11:29:27.816+0000] {logging_mixin.py:190} INFO - [2024-11-16T11:29:27.815+0000] {dag.py:3239} INFO - Sync 1 DAGs
[2024-11-16T11:29:27.915+0000] {logging_mixin.py:190} INFO - [2024-11-16T11:29:27.914+0000] {dag.py:4180} INFO - Setting next_dagrun for example_setup_teardown to None, run_after=None
[2024-11-16T11:29:28.018+0000] {processor.py:208} INFO - Processing /home/airflow/.local/lib/python3.12/site-packages/airflow/example_dags/example_setup_teardown.py took 0.355 seconds
[2024-11-16T11:29:58.980+0000] {processor.py:186} INFO - Started process (PID=24446) to work on /home/airflow/.local/lib/python3.12/site-packages/airflow/example_dags/example_setup_teardown.py
[2024-11-16T11:29:58.983+0000] {processor.py:914} INFO - Processing file /home/airflow/.local/lib/python3.12/site-packages/airflow/example_dags/example_setup_teardown.py for tasks to queue
[2024-11-16T11:29:58.986+0000] {logging_mixin.py:190} INFO - [2024-11-16T11:29:58.985+0000] {dagbag.py:588} INFO - Filling up the DagBag from /home/airflow/.local/lib/python3.12/site-packages/airflow/example_dags/example_setup_teardown.py
[2024-11-16T11:29:59.007+0000] {processor.py:925} INFO - DAG(s) 'example_setup_teardown' retrieved from /home/airflow/.local/lib/python3.12/site-packages/airflow/example_dags/example_setup_teardown.py
[2024-11-16T11:29:59.074+0000] {logging_mixin.py:190} INFO - [2024-11-16T11:29:59.073+0000] {dag.py:3239} INFO - Sync 1 DAGs
[2024-11-16T11:29:59.112+0000] {logging_mixin.py:190} INFO - [2024-11-16T11:29:59.111+0000] {dag.py:4180} INFO - Setting next_dagrun for example_setup_teardown to None, run_after=None
[2024-11-16T11:29:59.186+0000] {processor.py:208} INFO - Processing /home/airflow/.local/lib/python3.12/site-packages/airflow/example_dags/example_setup_teardown.py took 0.226 seconds
[2024-11-16T11:30:29.676+0000] {processor.py:186} INFO - Started process (PID=24509) to work on /home/airflow/.local/lib/python3.12/site-packages/airflow/example_dags/example_setup_teardown.py
[2024-11-16T11:30:29.679+0000] {processor.py:914} INFO - Processing file /home/airflow/.local/lib/python3.12/site-packages/airflow/example_dags/example_setup_teardown.py for tasks to queue
[2024-11-16T11:30:29.681+0000] {logging_mixin.py:190} INFO - [2024-11-16T11:30:29.681+0000] {dagbag.py:588} INFO - Filling up the DagBag from /home/airflow/.local/lib/python3.12/site-packages/airflow/example_dags/example_setup_teardown.py
[2024-11-16T11:30:29.704+0000] {processor.py:925} INFO - DAG(s) 'example_setup_teardown' retrieved from /home/airflow/.local/lib/python3.12/site-packages/airflow/example_dags/example_setup_teardown.py
[2024-11-16T11:30:29.740+0000] {logging_mixin.py:190} INFO - [2024-11-16T11:30:29.739+0000] {dag.py:3239} INFO - Sync 1 DAGs
[2024-11-16T11:30:29.998+0000] {logging_mixin.py:190} INFO - [2024-11-16T11:30:29.997+0000] {dag.py:4180} INFO - Setting next_dagrun for example_setup_teardown to None, run_after=None
[2024-11-16T11:30:30.044+0000] {processor.py:208} INFO - Processing /home/airflow/.local/lib/python3.12/site-packages/airflow/example_dags/example_setup_teardown.py took 0.382 seconds
[2024-11-16T11:31:09.100+0000] {processor.py:186} INFO - Started process (PID=24572) to work on /home/airflow/.local/lib/python3.12/site-packages/airflow/example_dags/example_setup_teardown.py
[2024-11-16T11:31:09.102+0000] {processor.py:914} INFO - Processing file /home/airflow/.local/lib/python3.12/site-packages/airflow/example_dags/example_setup_teardown.py for tasks to queue
[2024-11-16T11:31:09.105+0000] {logging_mixin.py:190} INFO - [2024-11-16T11:31:09.104+0000] {dagbag.py:588} INFO - Filling up the DagBag from /home/airflow/.local/lib/python3.12/site-packages/airflow/example_dags/example_setup_teardown.py
[2024-11-16T11:31:09.127+0000] {processor.py:925} INFO - DAG(s) 'example_setup_teardown' retrieved from /home/airflow/.local/lib/python3.12/site-packages/airflow/example_dags/example_setup_teardown.py
[2024-11-16T11:31:09.172+0000] {logging_mixin.py:190} INFO - [2024-11-16T11:31:09.171+0000] {dag.py:3239} INFO - Sync 1 DAGs
[2024-11-16T11:31:09.423+0000] {logging_mixin.py:190} INFO - [2024-11-16T11:31:09.423+0000] {dag.py:4180} INFO - Setting next_dagrun for example_setup_teardown to None, run_after=None
[2024-11-16T11:31:09.453+0000] {processor.py:208} INFO - Processing /home/airflow/.local/lib/python3.12/site-packages/airflow/example_dags/example_setup_teardown.py took 0.365 seconds
[2024-11-16T11:32:06.695+0000] {processor.py:186} INFO - Started process (PID=24657) to work on /home/airflow/.local/lib/python3.12/site-packages/airflow/example_dags/example_setup_teardown.py
[2024-11-16T11:32:06.697+0000] {processor.py:914} INFO - Processing file /home/airflow/.local/lib/python3.12/site-packages/airflow/example_dags/example_setup_teardown.py for tasks to queue
[2024-11-16T11:32:06.700+0000] {logging_mixin.py:190} INFO - [2024-11-16T11:32:06.699+0000] {dagbag.py:588} INFO - Filling up the DagBag from /home/airflow/.local/lib/python3.12/site-packages/airflow/example_dags/example_setup_teardown.py
[2024-11-16T11:32:06.721+0000] {processor.py:925} INFO - DAG(s) 'example_setup_teardown' retrieved from /home/airflow/.local/lib/python3.12/site-packages/airflow/example_dags/example_setup_teardown.py
[2024-11-16T11:32:06.859+0000] {logging_mixin.py:190} INFO - [2024-11-16T11:32:06.858+0000] {dag.py:3239} INFO - Sync 1 DAGs
[2024-11-16T11:32:07.111+0000] {logging_mixin.py:190} INFO - [2024-11-16T11:32:07.110+0000] {dag.py:4180} INFO - Setting next_dagrun for example_setup_teardown to None, run_after=None
[2024-11-16T11:32:07.135+0000] {processor.py:208} INFO - Processing /home/airflow/.local/lib/python3.12/site-packages/airflow/example_dags/example_setup_teardown.py took 0.457 seconds
[2024-11-16T11:34:24.655+0000] {processor.py:186} INFO - Started process (PID=24754) to work on /home/airflow/.local/lib/python3.12/site-packages/airflow/example_dags/example_setup_teardown.py
[2024-11-16T11:34:24.657+0000] {processor.py:914} INFO - Processing file /home/airflow/.local/lib/python3.12/site-packages/airflow/example_dags/example_setup_teardown.py for tasks to queue
[2024-11-16T11:34:24.659+0000] {logging_mixin.py:190} INFO - [2024-11-16T11:34:24.658+0000] {dagbag.py:588} INFO - Filling up the DagBag from /home/airflow/.local/lib/python3.12/site-packages/airflow/example_dags/example_setup_teardown.py
[2024-11-16T11:34:24.675+0000] {processor.py:925} INFO - DAG(s) 'example_setup_teardown' retrieved from /home/airflow/.local/lib/python3.12/site-packages/airflow/example_dags/example_setup_teardown.py
[2024-11-16T11:34:24.713+0000] {logging_mixin.py:190} INFO - [2024-11-16T11:34:24.712+0000] {dag.py:3239} INFO - Sync 1 DAGs
[2024-11-16T11:34:24.749+0000] {logging_mixin.py:190} INFO - [2024-11-16T11:34:24.749+0000] {dag.py:4180} INFO - Setting next_dagrun for example_setup_teardown to None, run_after=None
[2024-11-16T11:34:24.792+0000] {processor.py:208} INFO - Processing /home/airflow/.local/lib/python3.12/site-packages/airflow/example_dags/example_setup_teardown.py took 0.146 seconds
[2024-11-16T11:34:56.248+0000] {processor.py:186} INFO - Started process (PID=24817) to work on /home/airflow/.local/lib/python3.12/site-packages/airflow/example_dags/example_setup_teardown.py
[2024-11-16T11:34:56.251+0000] {processor.py:914} INFO - Processing file /home/airflow/.local/lib/python3.12/site-packages/airflow/example_dags/example_setup_teardown.py for tasks to queue
[2024-11-16T11:34:56.254+0000] {logging_mixin.py:190} INFO - [2024-11-16T11:34:56.253+0000] {dagbag.py:588} INFO - Filling up the DagBag from /home/airflow/.local/lib/python3.12/site-packages/airflow/example_dags/example_setup_teardown.py
[2024-11-16T11:34:56.271+0000] {processor.py:925} INFO - DAG(s) 'example_setup_teardown' retrieved from /home/airflow/.local/lib/python3.12/site-packages/airflow/example_dags/example_setup_teardown.py
[2024-11-16T11:34:56.316+0000] {logging_mixin.py:190} INFO - [2024-11-16T11:34:56.315+0000] {dag.py:3239} INFO - Sync 1 DAGs
[2024-11-16T11:34:56.390+0000] {logging_mixin.py:190} INFO - [2024-11-16T11:34:56.389+0000] {dag.py:4180} INFO - Setting next_dagrun for example_setup_teardown to None, run_after=None
[2024-11-16T11:34:56.444+0000] {processor.py:208} INFO - Processing /home/airflow/.local/lib/python3.12/site-packages/airflow/example_dags/example_setup_teardown.py took 0.209 seconds
