[2024-11-16T11:27:03.459+0000] {processor.py:186} INFO - Started process (PID=24221) to work on /home/airflow/.local/lib/python3.12/site-packages/airflow/example_dags/example_dynamic_task_mapping.py
[2024-11-16T11:27:03.461+0000] {processor.py:914} INFO - Processing file /home/airflow/.local/lib/python3.12/site-packages/airflow/example_dags/example_dynamic_task_mapping.py for tasks to queue
[2024-11-16T11:27:03.465+0000] {logging_mixin.py:190} INFO - [2024-11-16T11:27:03.464+0000] {dagbag.py:588} INFO - Filling up the DagBag from /home/airflow/.local/lib/python3.12/site-packages/airflow/example_dags/example_dynamic_task_mapping.py
[2024-11-16T11:27:03.491+0000] {processor.py:925} INFO - DAG(s) 'example_dynamic_task_mapping' retrieved from /home/airflow/.local/lib/python3.12/site-packages/airflow/example_dags/example_dynamic_task_mapping.py
[2024-11-16T11:27:03.544+0000] {logging_mixin.py:190} INFO - [2024-11-16T11:27:03.543+0000] {dag.py:3239} INFO - Sync 1 DAGs
[2024-11-16T11:27:03.584+0000] {logging_mixin.py:190} INFO - [2024-11-16T11:27:03.584+0000] {dag.py:4180} INFO - Setting next_dagrun for example_dynamic_task_mapping to None, run_after=None
[2024-11-16T11:27:03.634+0000] {processor.py:208} INFO - Processing /home/airflow/.local/lib/python3.12/site-packages/airflow/example_dags/example_dynamic_task_mapping.py took 0.189 seconds
[2024-11-16T11:28:04.397+0000] {processor.py:186} INFO - Started process (PID=24276) to work on /home/airflow/.local/lib/python3.12/site-packages/airflow/example_dags/example_dynamic_task_mapping.py
[2024-11-16T11:28:04.410+0000] {processor.py:914} INFO - Processing file /home/airflow/.local/lib/python3.12/site-packages/airflow/example_dags/example_dynamic_task_mapping.py for tasks to queue
[2024-11-16T11:28:04.433+0000] {logging_mixin.py:190} INFO - [2024-11-16T11:28:04.432+0000] {dagbag.py:588} INFO - Filling up the DagBag from /home/airflow/.local/lib/python3.12/site-packages/airflow/example_dags/example_dynamic_task_mapping.py
[2024-11-16T11:28:06.177+0000] {processor.py:925} INFO - DAG(s) 'example_dynamic_task_mapping' retrieved from /home/airflow/.local/lib/python3.12/site-packages/airflow/example_dags/example_dynamic_task_mapping.py
[2024-11-16T11:28:06.568+0000] {logging_mixin.py:190} INFO - [2024-11-16T11:28:06.567+0000] {dag.py:3239} INFO - Sync 1 DAGs
[2024-11-16T11:28:06.765+0000] {logging_mixin.py:190} INFO - [2024-11-16T11:28:06.764+0000] {dag.py:4180} INFO - Setting next_dagrun for example_dynamic_task_mapping to None, run_after=None
[2024-11-16T11:28:06.884+0000] {processor.py:208} INFO - Processing /home/airflow/.local/lib/python3.12/site-packages/airflow/example_dags/example_dynamic_task_mapping.py took 1.038 seconds
[2024-11-16T11:29:05.020+0000] {processor.py:186} INFO - Started process (PID=24332) to work on /home/airflow/.local/lib/python3.12/site-packages/airflow/example_dags/example_dynamic_task_mapping.py
[2024-11-16T11:29:05.025+0000] {processor.py:914} INFO - Processing file /home/airflow/.local/lib/python3.12/site-packages/airflow/example_dags/example_dynamic_task_mapping.py for tasks to queue
[2024-11-16T11:29:05.036+0000] {logging_mixin.py:190} INFO - [2024-11-16T11:29:05.035+0000] {dagbag.py:588} INFO - Filling up the DagBag from /home/airflow/.local/lib/python3.12/site-packages/airflow/example_dags/example_dynamic_task_mapping.py
[2024-11-16T11:29:05.118+0000] {processor.py:925} INFO - DAG(s) 'example_dynamic_task_mapping' retrieved from /home/airflow/.local/lib/python3.12/site-packages/airflow/example_dags/example_dynamic_task_mapping.py
[2024-11-16T11:29:05.215+0000] {logging_mixin.py:190} INFO - [2024-11-16T11:29:05.214+0000] {dag.py:3239} INFO - Sync 1 DAGs
[2024-11-16T11:29:05.337+0000] {logging_mixin.py:190} INFO - [2024-11-16T11:29:05.337+0000] {dag.py:4180} INFO - Setting next_dagrun for example_dynamic_task_mapping to None, run_after=None
[2024-11-16T11:29:05.437+0000] {processor.py:208} INFO - Processing /home/airflow/.local/lib/python3.12/site-packages/airflow/example_dags/example_dynamic_task_mapping.py took 0.442 seconds
[2024-11-16T11:29:36.897+0000] {processor.py:186} INFO - Started process (PID=24394) to work on /home/airflow/.local/lib/python3.12/site-packages/airflow/example_dags/example_dynamic_task_mapping.py
[2024-11-16T11:29:36.953+0000] {processor.py:914} INFO - Processing file /home/airflow/.local/lib/python3.12/site-packages/airflow/example_dags/example_dynamic_task_mapping.py for tasks to queue
[2024-11-16T11:29:36.957+0000] {logging_mixin.py:190} INFO - [2024-11-16T11:29:36.956+0000] {dagbag.py:588} INFO - Filling up the DagBag from /home/airflow/.local/lib/python3.12/site-packages/airflow/example_dags/example_dynamic_task_mapping.py
[2024-11-16T11:29:37.212+0000] {processor.py:925} INFO - DAG(s) 'example_dynamic_task_mapping' retrieved from /home/airflow/.local/lib/python3.12/site-packages/airflow/example_dags/example_dynamic_task_mapping.py
[2024-11-16T11:29:37.493+0000] {logging_mixin.py:190} INFO - [2024-11-16T11:29:37.493+0000] {dag.py:3239} INFO - Sync 1 DAGs
[2024-11-16T11:29:37.574+0000] {logging_mixin.py:190} INFO - [2024-11-16T11:29:37.573+0000] {dag.py:4180} INFO - Setting next_dagrun for example_dynamic_task_mapping to None, run_after=None
[2024-11-16T11:29:38.252+0000] {processor.py:208} INFO - Processing /home/airflow/.local/lib/python3.12/site-packages/airflow/example_dags/example_dynamic_task_mapping.py took 1.368 seconds
[2024-11-16T11:30:09.016+0000] {processor.py:186} INFO - Started process (PID=24457) to work on /home/airflow/.local/lib/python3.12/site-packages/airflow/example_dags/example_dynamic_task_mapping.py
[2024-11-16T11:30:09.018+0000] {processor.py:914} INFO - Processing file /home/airflow/.local/lib/python3.12/site-packages/airflow/example_dags/example_dynamic_task_mapping.py for tasks to queue
[2024-11-16T11:30:09.023+0000] {logging_mixin.py:190} INFO - [2024-11-16T11:30:09.022+0000] {dagbag.py:588} INFO - Filling up the DagBag from /home/airflow/.local/lib/python3.12/site-packages/airflow/example_dags/example_dynamic_task_mapping.py
[2024-11-16T11:30:09.041+0000] {processor.py:925} INFO - DAG(s) 'example_dynamic_task_mapping' retrieved from /home/airflow/.local/lib/python3.12/site-packages/airflow/example_dags/example_dynamic_task_mapping.py
[2024-11-16T11:30:09.074+0000] {logging_mixin.py:190} INFO - [2024-11-16T11:30:09.073+0000] {dag.py:3239} INFO - Sync 1 DAGs
[2024-11-16T11:30:09.099+0000] {logging_mixin.py:190} INFO - [2024-11-16T11:30:09.098+0000] {dag.py:4180} INFO - Setting next_dagrun for example_dynamic_task_mapping to None, run_after=None
[2024-11-16T11:30:09.124+0000] {processor.py:208} INFO - Processing /home/airflow/.local/lib/python3.12/site-packages/airflow/example_dags/example_dynamic_task_mapping.py took 0.131 seconds
[2024-11-16T11:30:39.491+0000] {processor.py:186} INFO - Started process (PID=24520) to work on /home/airflow/.local/lib/python3.12/site-packages/airflow/example_dags/example_dynamic_task_mapping.py
[2024-11-16T11:30:39.492+0000] {processor.py:914} INFO - Processing file /home/airflow/.local/lib/python3.12/site-packages/airflow/example_dags/example_dynamic_task_mapping.py for tasks to queue
[2024-11-16T11:30:39.494+0000] {logging_mixin.py:190} INFO - [2024-11-16T11:30:39.494+0000] {dagbag.py:588} INFO - Filling up the DagBag from /home/airflow/.local/lib/python3.12/site-packages/airflow/example_dags/example_dynamic_task_mapping.py
[2024-11-16T11:30:39.510+0000] {processor.py:925} INFO - DAG(s) 'example_dynamic_task_mapping' retrieved from /home/airflow/.local/lib/python3.12/site-packages/airflow/example_dags/example_dynamic_task_mapping.py
[2024-11-16T11:30:39.535+0000] {logging_mixin.py:190} INFO - [2024-11-16T11:30:39.535+0000] {dag.py:3239} INFO - Sync 1 DAGs
[2024-11-16T11:30:39.557+0000] {logging_mixin.py:190} INFO - [2024-11-16T11:30:39.556+0000] {dag.py:4180} INFO - Setting next_dagrun for example_dynamic_task_mapping to None, run_after=None
[2024-11-16T11:30:39.587+0000] {processor.py:208} INFO - Processing /home/airflow/.local/lib/python3.12/site-packages/airflow/example_dags/example_dynamic_task_mapping.py took 0.104 seconds
[2024-11-16T11:31:11.634+0000] {processor.py:186} INFO - Started process (PID=24584) to work on /home/airflow/.local/lib/python3.12/site-packages/airflow/example_dags/example_dynamic_task_mapping.py
[2024-11-16T11:31:11.637+0000] {processor.py:914} INFO - Processing file /home/airflow/.local/lib/python3.12/site-packages/airflow/example_dags/example_dynamic_task_mapping.py for tasks to queue
[2024-11-16T11:31:11.639+0000] {logging_mixin.py:190} INFO - [2024-11-16T11:31:11.639+0000] {dagbag.py:588} INFO - Filling up the DagBag from /home/airflow/.local/lib/python3.12/site-packages/airflow/example_dags/example_dynamic_task_mapping.py
[2024-11-16T11:31:11.657+0000] {processor.py:925} INFO - DAG(s) 'example_dynamic_task_mapping' retrieved from /home/airflow/.local/lib/python3.12/site-packages/airflow/example_dags/example_dynamic_task_mapping.py
[2024-11-16T11:31:11.914+0000] {logging_mixin.py:190} INFO - [2024-11-16T11:31:11.913+0000] {dag.py:3239} INFO - Sync 1 DAGs
[2024-11-16T11:31:11.932+0000] {logging_mixin.py:190} INFO - [2024-11-16T11:31:11.932+0000] {dag.py:4180} INFO - Setting next_dagrun for example_dynamic_task_mapping to None, run_after=None
[2024-11-16T11:31:11.972+0000] {processor.py:208} INFO - Processing /home/airflow/.local/lib/python3.12/site-packages/airflow/example_dags/example_dynamic_task_mapping.py took 0.349 seconds
[2024-11-16T11:31:50.689+0000] {processor.py:186} INFO - Started process (PID=24619) to work on /home/airflow/.local/lib/python3.12/site-packages/airflow/example_dags/example_dynamic_task_mapping.py
[2024-11-16T11:31:50.691+0000] {processor.py:914} INFO - Processing file /home/airflow/.local/lib/python3.12/site-packages/airflow/example_dags/example_dynamic_task_mapping.py for tasks to queue
[2024-11-16T11:31:50.693+0000] {logging_mixin.py:190} INFO - [2024-11-16T11:31:50.693+0000] {dagbag.py:588} INFO - Filling up the DagBag from /home/airflow/.local/lib/python3.12/site-packages/airflow/example_dags/example_dynamic_task_mapping.py
[2024-11-16T11:31:50.722+0000] {processor.py:925} INFO - DAG(s) 'example_dynamic_task_mapping' retrieved from /home/airflow/.local/lib/python3.12/site-packages/airflow/example_dags/example_dynamic_task_mapping.py
[2024-11-16T11:31:50.775+0000] {logging_mixin.py:190} INFO - [2024-11-16T11:31:50.775+0000] {dag.py:3239} INFO - Sync 1 DAGs
[2024-11-16T11:31:50.825+0000] {logging_mixin.py:190} INFO - [2024-11-16T11:31:50.825+0000] {dag.py:4180} INFO - Setting next_dagrun for example_dynamic_task_mapping to None, run_after=None
[2024-11-16T11:31:50.873+0000] {processor.py:208} INFO - Processing /home/airflow/.local/lib/python3.12/site-packages/airflow/example_dags/example_dynamic_task_mapping.py took 0.195 seconds
[2024-11-16T11:32:21.750+0000] {processor.py:186} INFO - Started process (PID=24682) to work on /home/airflow/.local/lib/python3.12/site-packages/airflow/example_dags/example_dynamic_task_mapping.py
[2024-11-16T11:32:21.753+0000] {processor.py:914} INFO - Processing file /home/airflow/.local/lib/python3.12/site-packages/airflow/example_dags/example_dynamic_task_mapping.py for tasks to queue
[2024-11-16T11:32:21.761+0000] {logging_mixin.py:190} INFO - [2024-11-16T11:32:21.759+0000] {dagbag.py:588} INFO - Filling up the DagBag from /home/airflow/.local/lib/python3.12/site-packages/airflow/example_dags/example_dynamic_task_mapping.py
[2024-11-16T11:32:21.785+0000] {processor.py:925} INFO - DAG(s) 'example_dynamic_task_mapping' retrieved from /home/airflow/.local/lib/python3.12/site-packages/airflow/example_dags/example_dynamic_task_mapping.py
[2024-11-16T11:32:21.825+0000] {logging_mixin.py:190} INFO - [2024-11-16T11:32:21.824+0000] {dag.py:3239} INFO - Sync 1 DAGs
[2024-11-16T11:32:21.853+0000] {logging_mixin.py:190} INFO - [2024-11-16T11:32:21.853+0000] {dag.py:4180} INFO - Setting next_dagrun for example_dynamic_task_mapping to None, run_after=None
[2024-11-16T11:32:21.885+0000] {processor.py:208} INFO - Processing /home/airflow/.local/lib/python3.12/site-packages/airflow/example_dags/example_dynamic_task_mapping.py took 0.148 seconds
