[2024-11-16T11:26:59.053+0000] {processor.py:186} INFO - Started process (PID=24202) to work on /home/airflow/.local/lib/python3.12/site-packages/airflow/example_dags/example_xcomargs.py
[2024-11-16T11:26:59.056+0000] {processor.py:914} INFO - Processing file /home/airflow/.local/lib/python3.12/site-packages/airflow/example_dags/example_xcomargs.py for tasks to queue
[2024-11-16T11:26:59.059+0000] {logging_mixin.py:190} INFO - [2024-11-16T11:26:59.058+0000] {dagbag.py:588} INFO - Filling up the DagBag from /home/airflow/.local/lib/python3.12/site-packages/airflow/example_dags/example_xcomargs.py
[2024-11-16T11:26:59.101+0000] {processor.py:925} INFO - DAG(s) 'example_xcom_args_with_operators', 'example_xcom_args' retrieved from /home/airflow/.local/lib/python3.12/site-packages/airflow/example_dags/example_xcomargs.py
[2024-11-16T11:26:59.172+0000] {logging_mixin.py:190} INFO - [2024-11-16T11:26:59.171+0000] {dag.py:3239} INFO - Sync 2 DAGs
[2024-11-16T11:26:59.219+0000] {logging_mixin.py:190} INFO - [2024-11-16T11:26:59.218+0000] {dag.py:4180} INFO - Setting next_dagrun for example_xcom_args to None, run_after=None
[2024-11-16T11:26:59.234+0000] {logging_mixin.py:190} INFO - [2024-11-16T11:26:59.233+0000] {dag.py:4180} INFO - Setting next_dagrun for example_xcom_args_with_operators to None, run_after=None
[2024-11-16T11:26:59.281+0000] {processor.py:208} INFO - Processing /home/airflow/.local/lib/python3.12/site-packages/airflow/example_dags/example_xcomargs.py took 0.240 seconds
[2024-11-16T11:27:56.751+0000] {processor.py:186} INFO - Started process (PID=24272) to work on /home/airflow/.local/lib/python3.12/site-packages/airflow/example_dags/example_xcomargs.py
[2024-11-16T11:27:56.764+0000] {processor.py:914} INFO - Processing file /home/airflow/.local/lib/python3.12/site-packages/airflow/example_dags/example_xcomargs.py for tasks to queue
[2024-11-16T11:27:56.769+0000] {logging_mixin.py:190} INFO - [2024-11-16T11:27:56.768+0000] {dagbag.py:588} INFO - Filling up the DagBag from /home/airflow/.local/lib/python3.12/site-packages/airflow/example_dags/example_xcomargs.py
[2024-11-16T11:27:56.851+0000] {processor.py:925} INFO - DAG(s) 'example_xcom_args_with_operators', 'example_xcom_args' retrieved from /home/airflow/.local/lib/python3.12/site-packages/airflow/example_dags/example_xcomargs.py
[2024-11-16T11:27:56.960+0000] {logging_mixin.py:190} INFO - [2024-11-16T11:27:56.958+0000] {dag.py:3239} INFO - Sync 2 DAGs
[2024-11-16T11:27:57.180+0000] {logging_mixin.py:190} INFO - [2024-11-16T11:27:57.179+0000] {dag.py:4180} INFO - Setting next_dagrun for example_xcom_args to None, run_after=None
[2024-11-16T11:27:57.211+0000] {logging_mixin.py:190} INFO - [2024-11-16T11:27:57.210+0000] {dag.py:4180} INFO - Setting next_dagrun for example_xcom_args_with_operators to None, run_after=None
[2024-11-16T11:27:57.411+0000] {processor.py:208} INFO - Processing /home/airflow/.local/lib/python3.12/site-packages/airflow/example_dags/example_xcomargs.py took 0.682 seconds
[2024-11-16T11:29:11.876+0000] {processor.py:186} INFO - Started process (PID=24352) to work on /home/airflow/.local/lib/python3.12/site-packages/airflow/example_dags/example_xcomargs.py
[2024-11-16T11:29:11.878+0000] {processor.py:914} INFO - Processing file /home/airflow/.local/lib/python3.12/site-packages/airflow/example_dags/example_xcomargs.py for tasks to queue
[2024-11-16T11:29:11.880+0000] {logging_mixin.py:190} INFO - [2024-11-16T11:29:11.879+0000] {dagbag.py:588} INFO - Filling up the DagBag from /home/airflow/.local/lib/python3.12/site-packages/airflow/example_dags/example_xcomargs.py
[2024-11-16T11:29:11.897+0000] {processor.py:925} INFO - DAG(s) 'example_xcom_args_with_operators', 'example_xcom_args' retrieved from /home/airflow/.local/lib/python3.12/site-packages/airflow/example_dags/example_xcomargs.py
[2024-11-16T11:29:11.947+0000] {logging_mixin.py:190} INFO - [2024-11-16T11:29:11.947+0000] {dag.py:3239} INFO - Sync 2 DAGs
[2024-11-16T11:29:11.983+0000] {logging_mixin.py:190} INFO - [2024-11-16T11:29:11.982+0000] {dag.py:4180} INFO - Setting next_dagrun for example_xcom_args to None, run_after=None
[2024-11-16T11:29:11.992+0000] {logging_mixin.py:190} INFO - [2024-11-16T11:29:11.992+0000] {dag.py:4180} INFO - Setting next_dagrun for example_xcom_args_with_operators to None, run_after=None
[2024-11-16T11:29:12.020+0000] {processor.py:208} INFO - Processing /home/airflow/.local/lib/python3.12/site-packages/airflow/example_dags/example_xcomargs.py took 0.151 seconds
[2024-11-16T11:29:48.125+0000] {processor.py:186} INFO - Started process (PID=24415) to work on /home/airflow/.local/lib/python3.12/site-packages/airflow/example_dags/example_xcomargs.py
[2024-11-16T11:29:48.127+0000] {processor.py:914} INFO - Processing file /home/airflow/.local/lib/python3.12/site-packages/airflow/example_dags/example_xcomargs.py for tasks to queue
[2024-11-16T11:29:48.129+0000] {logging_mixin.py:190} INFO - [2024-11-16T11:29:48.128+0000] {dagbag.py:588} INFO - Filling up the DagBag from /home/airflow/.local/lib/python3.12/site-packages/airflow/example_dags/example_xcomargs.py
[2024-11-16T11:29:48.148+0000] {processor.py:925} INFO - DAG(s) 'example_xcom_args_with_operators', 'example_xcom_args' retrieved from /home/airflow/.local/lib/python3.12/site-packages/airflow/example_dags/example_xcomargs.py
[2024-11-16T11:29:48.188+0000] {logging_mixin.py:190} INFO - [2024-11-16T11:29:48.188+0000] {dag.py:3239} INFO - Sync 2 DAGs
[2024-11-16T11:29:48.220+0000] {logging_mixin.py:190} INFO - [2024-11-16T11:29:48.219+0000] {dag.py:4180} INFO - Setting next_dagrun for example_xcom_args to None, run_after=None
[2024-11-16T11:29:48.227+0000] {logging_mixin.py:190} INFO - [2024-11-16T11:29:48.227+0000] {dag.py:4180} INFO - Setting next_dagrun for example_xcom_args_with_operators to None, run_after=None
[2024-11-16T11:29:48.286+0000] {processor.py:208} INFO - Processing /home/airflow/.local/lib/python3.12/site-packages/airflow/example_dags/example_xcomargs.py took 0.171 seconds
[2024-11-16T11:30:21.239+0000] {processor.py:186} INFO - Started process (PID=24478) to work on /home/airflow/.local/lib/python3.12/site-packages/airflow/example_dags/example_xcomargs.py
[2024-11-16T11:30:21.242+0000] {processor.py:914} INFO - Processing file /home/airflow/.local/lib/python3.12/site-packages/airflow/example_dags/example_xcomargs.py for tasks to queue
[2024-11-16T11:30:21.246+0000] {logging_mixin.py:190} INFO - [2024-11-16T11:30:21.245+0000] {dagbag.py:588} INFO - Filling up the DagBag from /home/airflow/.local/lib/python3.12/site-packages/airflow/example_dags/example_xcomargs.py
[2024-11-16T11:30:21.273+0000] {processor.py:925} INFO - DAG(s) 'example_xcom_args_with_operators', 'example_xcom_args' retrieved from /home/airflow/.local/lib/python3.12/site-packages/airflow/example_dags/example_xcomargs.py
[2024-11-16T11:30:21.332+0000] {logging_mixin.py:190} INFO - [2024-11-16T11:30:21.331+0000] {dag.py:3239} INFO - Sync 2 DAGs
[2024-11-16T11:30:21.394+0000] {logging_mixin.py:190} INFO - [2024-11-16T11:30:21.394+0000] {dag.py:4180} INFO - Setting next_dagrun for example_xcom_args to None, run_after=None
[2024-11-16T11:30:21.410+0000] {logging_mixin.py:190} INFO - [2024-11-16T11:30:21.410+0000] {dag.py:4180} INFO - Setting next_dagrun for example_xcom_args_with_operators to None, run_after=None
[2024-11-16T11:30:21.750+0000] {processor.py:208} INFO - Processing /home/airflow/.local/lib/python3.12/site-packages/airflow/example_dags/example_xcomargs.py took 0.527 seconds
[2024-11-16T11:30:53.014+0000] {processor.py:186} INFO - Started process (PID=24548) to work on /home/airflow/.local/lib/python3.12/site-packages/airflow/example_dags/example_xcomargs.py
[2024-11-16T11:30:53.016+0000] {processor.py:914} INFO - Processing file /home/airflow/.local/lib/python3.12/site-packages/airflow/example_dags/example_xcomargs.py for tasks to queue
[2024-11-16T11:30:53.020+0000] {logging_mixin.py:190} INFO - [2024-11-16T11:30:53.018+0000] {dagbag.py:588} INFO - Filling up the DagBag from /home/airflow/.local/lib/python3.12/site-packages/airflow/example_dags/example_xcomargs.py
[2024-11-16T11:30:53.063+0000] {processor.py:925} INFO - DAG(s) 'example_xcom_args_with_operators', 'example_xcom_args' retrieved from /home/airflow/.local/lib/python3.12/site-packages/airflow/example_dags/example_xcomargs.py
[2024-11-16T11:30:53.248+0000] {logging_mixin.py:190} INFO - [2024-11-16T11:30:53.247+0000] {dag.py:3239} INFO - Sync 2 DAGs
[2024-11-16T11:30:53.285+0000] {logging_mixin.py:190} INFO - [2024-11-16T11:30:53.284+0000] {dag.py:4180} INFO - Setting next_dagrun for example_xcom_args to None, run_after=None
[2024-11-16T11:30:53.295+0000] {logging_mixin.py:190} INFO - [2024-11-16T11:30:53.294+0000] {dag.py:4180} INFO - Setting next_dagrun for example_xcom_args_with_operators to None, run_after=None
[2024-11-16T11:30:53.328+0000] {processor.py:208} INFO - Processing /home/airflow/.local/lib/python3.12/site-packages/airflow/example_dags/example_xcomargs.py took 0.329 seconds
[2024-11-16T11:31:26.552+0000] {processor.py:186} INFO - Started process (PID=24611) to work on /home/airflow/.local/lib/python3.12/site-packages/airflow/example_dags/example_xcomargs.py
[2024-11-16T11:31:26.554+0000] {processor.py:914} INFO - Processing file /home/airflow/.local/lib/python3.12/site-packages/airflow/example_dags/example_xcomargs.py for tasks to queue
[2024-11-16T11:31:26.557+0000] {logging_mixin.py:190} INFO - [2024-11-16T11:31:26.555+0000] {dagbag.py:588} INFO - Filling up the DagBag from /home/airflow/.local/lib/python3.12/site-packages/airflow/example_dags/example_xcomargs.py
[2024-11-16T11:31:26.588+0000] {processor.py:925} INFO - DAG(s) 'example_xcom_args_with_operators', 'example_xcom_args' retrieved from /home/airflow/.local/lib/python3.12/site-packages/airflow/example_dags/example_xcomargs.py
[2024-11-16T11:31:26.790+0000] {logging_mixin.py:190} INFO - [2024-11-16T11:31:26.790+0000] {dag.py:3239} INFO - Sync 2 DAGs
[2024-11-16T11:31:26.825+0000] {logging_mixin.py:190} INFO - [2024-11-16T11:31:26.825+0000] {dag.py:4180} INFO - Setting next_dagrun for example_xcom_args to None, run_after=None
[2024-11-16T11:31:26.837+0000] {logging_mixin.py:190} INFO - [2024-11-16T11:31:26.836+0000] {dag.py:4180} INFO - Setting next_dagrun for example_xcom_args_with_operators to None, run_after=None
[2024-11-16T11:31:26.877+0000] {processor.py:208} INFO - Processing /home/airflow/.local/lib/python3.12/site-packages/airflow/example_dags/example_xcomargs.py took 0.340 seconds
[2024-11-16T11:32:10.115+0000] {processor.py:186} INFO - Started process (PID=24674) to work on /home/airflow/.local/lib/python3.12/site-packages/airflow/example_dags/example_xcomargs.py
[2024-11-16T11:32:10.116+0000] {processor.py:914} INFO - Processing file /home/airflow/.local/lib/python3.12/site-packages/airflow/example_dags/example_xcomargs.py for tasks to queue
[2024-11-16T11:32:10.119+0000] {logging_mixin.py:190} INFO - [2024-11-16T11:32:10.118+0000] {dagbag.py:588} INFO - Filling up the DagBag from /home/airflow/.local/lib/python3.12/site-packages/airflow/example_dags/example_xcomargs.py
[2024-11-16T11:32:10.324+0000] {processor.py:925} INFO - DAG(s) 'example_xcom_args', 'example_xcom_args_with_operators' retrieved from /home/airflow/.local/lib/python3.12/site-packages/airflow/example_dags/example_xcomargs.py
[2024-11-16T11:32:10.354+0000] {logging_mixin.py:190} INFO - [2024-11-16T11:32:10.354+0000] {dag.py:3239} INFO - Sync 2 DAGs
[2024-11-16T11:32:10.376+0000] {logging_mixin.py:190} INFO - [2024-11-16T11:32:10.375+0000] {dag.py:4180} INFO - Setting next_dagrun for example_xcom_args to None, run_after=None
[2024-11-16T11:32:10.383+0000] {logging_mixin.py:190} INFO - [2024-11-16T11:32:10.382+0000] {dag.py:4180} INFO - Setting next_dagrun for example_xcom_args_with_operators to None, run_after=None
[2024-11-16T11:32:10.406+0000] {processor.py:208} INFO - Processing /home/airflow/.local/lib/python3.12/site-packages/airflow/example_dags/example_xcomargs.py took 0.302 seconds
[2024-11-16T11:34:23.877+0000] {processor.py:186} INFO - Started process (PID=24747) to work on /home/airflow/.local/lib/python3.12/site-packages/airflow/example_dags/example_xcomargs.py
[2024-11-16T11:34:23.878+0000] {processor.py:914} INFO - Processing file /home/airflow/.local/lib/python3.12/site-packages/airflow/example_dags/example_xcomargs.py for tasks to queue
[2024-11-16T11:34:23.882+0000] {logging_mixin.py:190} INFO - [2024-11-16T11:34:23.881+0000] {dagbag.py:588} INFO - Filling up the DagBag from /home/airflow/.local/lib/python3.12/site-packages/airflow/example_dags/example_xcomargs.py
[2024-11-16T11:34:23.908+0000] {processor.py:925} INFO - DAG(s) 'example_xcom_args', 'example_xcom_args_with_operators' retrieved from /home/airflow/.local/lib/python3.12/site-packages/airflow/example_dags/example_xcomargs.py
[2024-11-16T11:34:23.953+0000] {logging_mixin.py:190} INFO - [2024-11-16T11:34:23.953+0000] {dag.py:3239} INFO - Sync 2 DAGs
[2024-11-16T11:34:23.998+0000] {logging_mixin.py:190} INFO - [2024-11-16T11:34:23.998+0000] {dag.py:4180} INFO - Setting next_dagrun for example_xcom_args to None, run_after=None
[2024-11-16T11:34:24.010+0000] {logging_mixin.py:190} INFO - [2024-11-16T11:34:24.010+0000] {dag.py:4180} INFO - Setting next_dagrun for example_xcom_args_with_operators to None, run_after=None
[2024-11-16T11:34:24.038+0000] {processor.py:208} INFO - Processing /home/airflow/.local/lib/python3.12/site-packages/airflow/example_dags/example_xcomargs.py took 0.175 seconds
[2024-11-16T11:34:55.268+0000] {processor.py:186} INFO - Started process (PID=24810) to work on /home/airflow/.local/lib/python3.12/site-packages/airflow/example_dags/example_xcomargs.py
[2024-11-16T11:34:55.270+0000] {processor.py:914} INFO - Processing file /home/airflow/.local/lib/python3.12/site-packages/airflow/example_dags/example_xcomargs.py for tasks to queue
[2024-11-16T11:34:55.274+0000] {logging_mixin.py:190} INFO - [2024-11-16T11:34:55.272+0000] {dagbag.py:588} INFO - Filling up the DagBag from /home/airflow/.local/lib/python3.12/site-packages/airflow/example_dags/example_xcomargs.py
[2024-11-16T11:34:55.298+0000] {processor.py:925} INFO - DAG(s) 'example_xcom_args', 'example_xcom_args_with_operators' retrieved from /home/airflow/.local/lib/python3.12/site-packages/airflow/example_dags/example_xcomargs.py
[2024-11-16T11:34:55.341+0000] {logging_mixin.py:190} INFO - [2024-11-16T11:34:55.341+0000] {dag.py:3239} INFO - Sync 2 DAGs
[2024-11-16T11:34:55.367+0000] {logging_mixin.py:190} INFO - [2024-11-16T11:34:55.367+0000] {dag.py:4180} INFO - Setting next_dagrun for example_xcom_args to None, run_after=None
[2024-11-16T11:34:55.375+0000] {logging_mixin.py:190} INFO - [2024-11-16T11:34:55.375+0000] {dag.py:4180} INFO - Setting next_dagrun for example_xcom_args_with_operators to None, run_after=None
[2024-11-16T11:34:55.404+0000] {processor.py:208} INFO - Processing /home/airflow/.local/lib/python3.12/site-packages/airflow/example_dags/example_xcomargs.py took 0.149 seconds
