[2024-11-16T11:27:05.802+0000] {processor.py:186} INFO - Started process (PID=24226) to work on /home/airflow/.local/lib/python3.12/site-packages/airflow/example_dags/example_display_name.py
[2024-11-16T11:27:05.845+0000] {processor.py:914} INFO - Processing file /home/airflow/.local/lib/python3.12/site-packages/airflow/example_dags/example_display_name.py for tasks to queue
[2024-11-16T11:27:05.878+0000] {logging_mixin.py:190} INFO - [2024-11-16T11:27:05.877+0000] {dagbag.py:588} INFO - Filling up the DagBag from /home/airflow/.local/lib/python3.12/site-packages/airflow/example_dags/example_display_name.py
[2024-11-16T11:27:05.995+0000] {processor.py:925} INFO - DAG(s) 'example_display_name' retrieved from /home/airflow/.local/lib/python3.12/site-packages/airflow/example_dags/example_display_name.py
[2024-11-16T11:27:06.176+0000] {logging_mixin.py:190} INFO - [2024-11-16T11:27:06.175+0000] {dag.py:3239} INFO - Sync 1 DAGs
[2024-11-16T11:27:06.303+0000] {logging_mixin.py:190} INFO - [2024-11-16T11:27:06.302+0000] {dag.py:4180} INFO - Setting next_dagrun for example_display_name to None, run_after=None
[2024-11-16T11:27:06.479+0000] {processor.py:208} INFO - Processing /home/airflow/.local/lib/python3.12/site-packages/airflow/example_dags/example_display_name.py took 0.703 seconds
[2024-11-16T11:28:19.697+0000] {processor.py:186} INFO - Started process (PID=24287) to work on /home/airflow/.local/lib/python3.12/site-packages/airflow/example_dags/example_display_name.py
[2024-11-16T11:28:19.700+0000] {processor.py:914} INFO - Processing file /home/airflow/.local/lib/python3.12/site-packages/airflow/example_dags/example_display_name.py for tasks to queue
[2024-11-16T11:28:19.859+0000] {logging_mixin.py:190} INFO - [2024-11-16T11:28:19.801+0000] {dagbag.py:588} INFO - Filling up the DagBag from /home/airflow/.local/lib/python3.12/site-packages/airflow/example_dags/example_display_name.py
[2024-11-16T11:28:21.285+0000] {processor.py:925} INFO - DAG(s) 'example_display_name' retrieved from /home/airflow/.local/lib/python3.12/site-packages/airflow/example_dags/example_display_name.py
[2024-11-16T11:28:21.920+0000] {logging_mixin.py:190} INFO - [2024-11-16T11:28:21.914+0000] {dag.py:3239} INFO - Sync 1 DAGs
[2024-11-16T11:28:22.768+0000] {logging_mixin.py:190} INFO - [2024-11-16T11:28:22.767+0000] {dag.py:4180} INFO - Setting next_dagrun for example_display_name to None, run_after=None
[2024-11-16T11:28:23.356+0000] {processor.py:208} INFO - Processing /home/airflow/.local/lib/python3.12/site-packages/airflow/example_dags/example_display_name.py took 3.715 seconds
[2024-11-16T11:29:07.483+0000] {processor.py:186} INFO - Started process (PID=24337) to work on /home/airflow/.local/lib/python3.12/site-packages/airflow/example_dags/example_display_name.py
[2024-11-16T11:29:07.493+0000] {processor.py:914} INFO - Processing file /home/airflow/.local/lib/python3.12/site-packages/airflow/example_dags/example_display_name.py for tasks to queue
[2024-11-16T11:29:07.500+0000] {logging_mixin.py:190} INFO - [2024-11-16T11:29:07.500+0000] {dagbag.py:588} INFO - Filling up the DagBag from /home/airflow/.local/lib/python3.12/site-packages/airflow/example_dags/example_display_name.py
[2024-11-16T11:29:07.552+0000] {processor.py:925} INFO - DAG(s) 'example_display_name' retrieved from /home/airflow/.local/lib/python3.12/site-packages/airflow/example_dags/example_display_name.py
[2024-11-16T11:29:07.697+0000] {logging_mixin.py:190} INFO - [2024-11-16T11:29:07.696+0000] {dag.py:3239} INFO - Sync 1 DAGs
[2024-11-16T11:29:07.839+0000] {logging_mixin.py:190} INFO - [2024-11-16T11:29:07.838+0000] {dag.py:4180} INFO - Setting next_dagrun for example_display_name to None, run_after=None
[2024-11-16T11:29:07.962+0000] {processor.py:208} INFO - Processing /home/airflow/.local/lib/python3.12/site-packages/airflow/example_dags/example_display_name.py took 0.507 seconds
[2024-11-16T11:29:43.010+0000] {processor.py:186} INFO - Started process (PID=24400) to work on /home/airflow/.local/lib/python3.12/site-packages/airflow/example_dags/example_display_name.py
[2024-11-16T11:29:43.012+0000] {processor.py:914} INFO - Processing file /home/airflow/.local/lib/python3.12/site-packages/airflow/example_dags/example_display_name.py for tasks to queue
[2024-11-16T11:29:43.015+0000] {logging_mixin.py:190} INFO - [2024-11-16T11:29:43.015+0000] {dagbag.py:588} INFO - Filling up the DagBag from /home/airflow/.local/lib/python3.12/site-packages/airflow/example_dags/example_display_name.py
[2024-11-16T11:29:43.031+0000] {processor.py:925} INFO - DAG(s) 'example_display_name' retrieved from /home/airflow/.local/lib/python3.12/site-packages/airflow/example_dags/example_display_name.py
[2024-11-16T11:29:43.074+0000] {logging_mixin.py:190} INFO - [2024-11-16T11:29:43.074+0000] {dag.py:3239} INFO - Sync 1 DAGs
[2024-11-16T11:29:46.014+0000] {logging_mixin.py:190} INFO - [2024-11-16T11:29:46.013+0000] {dag.py:4180} INFO - Setting next_dagrun for example_display_name to None, run_after=None
[2024-11-16T11:29:46.080+0000] {processor.py:208} INFO - Processing /home/airflow/.local/lib/python3.12/site-packages/airflow/example_dags/example_display_name.py took 3.081 seconds
[2024-11-16T11:30:16.518+0000] {processor.py:186} INFO - Started process (PID=24463) to work on /home/airflow/.local/lib/python3.12/site-packages/airflow/example_dags/example_display_name.py
[2024-11-16T11:30:16.525+0000] {processor.py:914} INFO - Processing file /home/airflow/.local/lib/python3.12/site-packages/airflow/example_dags/example_display_name.py for tasks to queue
[2024-11-16T11:30:16.529+0000] {logging_mixin.py:190} INFO - [2024-11-16T11:30:16.528+0000] {dagbag.py:588} INFO - Filling up the DagBag from /home/airflow/.local/lib/python3.12/site-packages/airflow/example_dags/example_display_name.py
[2024-11-16T11:30:16.550+0000] {processor.py:925} INFO - DAG(s) 'example_display_name' retrieved from /home/airflow/.local/lib/python3.12/site-packages/airflow/example_dags/example_display_name.py
[2024-11-16T11:30:16.595+0000] {logging_mixin.py:190} INFO - [2024-11-16T11:30:16.594+0000] {dag.py:3239} INFO - Sync 1 DAGs
[2024-11-16T11:30:16.627+0000] {logging_mixin.py:190} INFO - [2024-11-16T11:30:16.627+0000] {dag.py:4180} INFO - Setting next_dagrun for example_display_name to None, run_after=None
[2024-11-16T11:30:16.667+0000] {processor.py:208} INFO - Processing /home/airflow/.local/lib/python3.12/site-packages/airflow/example_dags/example_display_name.py took 0.162 seconds
[2024-11-16T11:30:46.971+0000] {processor.py:186} INFO - Started process (PID=24526) to work on /home/airflow/.local/lib/python3.12/site-packages/airflow/example_dags/example_display_name.py
[2024-11-16T11:30:46.983+0000] {processor.py:914} INFO - Processing file /home/airflow/.local/lib/python3.12/site-packages/airflow/example_dags/example_display_name.py for tasks to queue
[2024-11-16T11:30:46.993+0000] {logging_mixin.py:190} INFO - [2024-11-16T11:30:46.987+0000] {dagbag.py:588} INFO - Filling up the DagBag from /home/airflow/.local/lib/python3.12/site-packages/airflow/example_dags/example_display_name.py
[2024-11-16T11:30:47.009+0000] {processor.py:925} INFO - DAG(s) 'example_display_name' retrieved from /home/airflow/.local/lib/python3.12/site-packages/airflow/example_dags/example_display_name.py
[2024-11-16T11:30:47.038+0000] {logging_mixin.py:190} INFO - [2024-11-16T11:30:47.038+0000] {dag.py:3239} INFO - Sync 1 DAGs
[2024-11-16T11:30:47.074+0000] {logging_mixin.py:190} INFO - [2024-11-16T11:30:47.074+0000] {dag.py:4180} INFO - Setting next_dagrun for example_display_name to None, run_after=None
[2024-11-16T11:30:47.104+0000] {processor.py:208} INFO - Processing /home/airflow/.local/lib/python3.12/site-packages/airflow/example_dags/example_display_name.py took 0.143 seconds
[2024-11-16T11:31:17.350+0000] {processor.py:186} INFO - Started process (PID=24589) to work on /home/airflow/.local/lib/python3.12/site-packages/airflow/example_dags/example_display_name.py
[2024-11-16T11:31:17.352+0000] {processor.py:914} INFO - Processing file /home/airflow/.local/lib/python3.12/site-packages/airflow/example_dags/example_display_name.py for tasks to queue
[2024-11-16T11:31:17.353+0000] {logging_mixin.py:190} INFO - [2024-11-16T11:31:17.353+0000] {dagbag.py:588} INFO - Filling up the DagBag from /home/airflow/.local/lib/python3.12/site-packages/airflow/example_dags/example_display_name.py
[2024-11-16T11:31:17.365+0000] {processor.py:925} INFO - DAG(s) 'example_display_name' retrieved from /home/airflow/.local/lib/python3.12/site-packages/airflow/example_dags/example_display_name.py
[2024-11-16T11:31:17.388+0000] {logging_mixin.py:190} INFO - [2024-11-16T11:31:17.388+0000] {dag.py:3239} INFO - Sync 1 DAGs
[2024-11-16T11:31:17.409+0000] {logging_mixin.py:190} INFO - [2024-11-16T11:31:17.409+0000] {dag.py:4180} INFO - Setting next_dagrun for example_display_name to None, run_after=None
[2024-11-16T11:31:17.441+0000] {processor.py:208} INFO - Processing /home/airflow/.local/lib/python3.12/site-packages/airflow/example_dags/example_display_name.py took 0.103 seconds
[2024-11-16T11:31:52.438+0000] {processor.py:186} INFO - Started process (PID=24630) to work on /home/airflow/.local/lib/python3.12/site-packages/airflow/example_dags/example_display_name.py
[2024-11-16T11:31:52.440+0000] {processor.py:914} INFO - Processing file /home/airflow/.local/lib/python3.12/site-packages/airflow/example_dags/example_display_name.py for tasks to queue
[2024-11-16T11:31:52.445+0000] {logging_mixin.py:190} INFO - [2024-11-16T11:31:52.443+0000] {dagbag.py:588} INFO - Filling up the DagBag from /home/airflow/.local/lib/python3.12/site-packages/airflow/example_dags/example_display_name.py
[2024-11-16T11:31:52.466+0000] {processor.py:925} INFO - DAG(s) 'example_display_name' retrieved from /home/airflow/.local/lib/python3.12/site-packages/airflow/example_dags/example_display_name.py
[2024-11-16T11:31:52.531+0000] {logging_mixin.py:190} INFO - [2024-11-16T11:31:52.530+0000] {dag.py:3239} INFO - Sync 1 DAGs
[2024-11-16T11:31:52.574+0000] {logging_mixin.py:190} INFO - [2024-11-16T11:31:52.573+0000] {dag.py:4180} INFO - Setting next_dagrun for example_display_name to None, run_after=None
[2024-11-16T11:31:52.621+0000] {processor.py:208} INFO - Processing /home/airflow/.local/lib/python3.12/site-packages/airflow/example_dags/example_display_name.py took 0.204 seconds
[2024-11-16T11:32:23.447+0000] {processor.py:186} INFO - Started process (PID=24694) to work on /home/airflow/.local/lib/python3.12/site-packages/airflow/example_dags/example_display_name.py
[2024-11-16T11:32:23.448+0000] {processor.py:914} INFO - Processing file /home/airflow/.local/lib/python3.12/site-packages/airflow/example_dags/example_display_name.py for tasks to queue
[2024-11-16T11:32:23.451+0000] {logging_mixin.py:190} INFO - [2024-11-16T11:32:23.450+0000] {dagbag.py:588} INFO - Filling up the DagBag from /home/airflow/.local/lib/python3.12/site-packages/airflow/example_dags/example_display_name.py
[2024-11-16T11:32:23.465+0000] {processor.py:925} INFO - DAG(s) 'example_display_name' retrieved from /home/airflow/.local/lib/python3.12/site-packages/airflow/example_dags/example_display_name.py
[2024-11-16T11:32:23.555+0000] {logging_mixin.py:190} INFO - [2024-11-16T11:32:23.555+0000] {dag.py:3239} INFO - Sync 1 DAGs
[2024-11-16T11:32:23.576+0000] {logging_mixin.py:190} INFO - [2024-11-16T11:32:23.576+0000] {dag.py:4180} INFO - Setting next_dagrun for example_display_name to None, run_after=None
[2024-11-16T11:32:23.608+0000] {processor.py:208} INFO - Processing /home/airflow/.local/lib/python3.12/site-packages/airflow/example_dags/example_display_name.py took 0.170 seconds
[2024-11-16T11:34:18.150+0000] {processor.py:186} INFO - Started process (PID=24717) to work on /home/airflow/.local/lib/python3.12/site-packages/airflow/example_dags/example_display_name.py
[2024-11-16T11:34:18.163+0000] {processor.py:914} INFO - Processing file /home/airflow/.local/lib/python3.12/site-packages/airflow/example_dags/example_display_name.py for tasks to queue
[2024-11-16T11:34:18.166+0000] {logging_mixin.py:190} INFO - [2024-11-16T11:34:18.165+0000] {dagbag.py:588} INFO - Filling up the DagBag from /home/airflow/.local/lib/python3.12/site-packages/airflow/example_dags/example_display_name.py
[2024-11-16T11:34:18.179+0000] {processor.py:925} INFO - DAG(s) 'example_display_name' retrieved from /home/airflow/.local/lib/python3.12/site-packages/airflow/example_dags/example_display_name.py
[2024-11-16T11:34:18.222+0000] {logging_mixin.py:190} INFO - [2024-11-16T11:34:18.221+0000] {dag.py:3239} INFO - Sync 1 DAGs
[2024-11-16T11:34:18.263+0000] {logging_mixin.py:190} INFO - [2024-11-16T11:34:18.262+0000] {dag.py:4180} INFO - Setting next_dagrun for example_display_name to None, run_after=None
[2024-11-16T11:34:18.304+0000] {processor.py:208} INFO - Processing /home/airflow/.local/lib/python3.12/site-packages/airflow/example_dags/example_display_name.py took 0.169 seconds
[2024-11-16T11:34:49.166+0000] {processor.py:186} INFO - Started process (PID=24780) to work on /home/airflow/.local/lib/python3.12/site-packages/airflow/example_dags/example_display_name.py
[2024-11-16T11:34:49.168+0000] {processor.py:914} INFO - Processing file /home/airflow/.local/lib/python3.12/site-packages/airflow/example_dags/example_display_name.py for tasks to queue
[2024-11-16T11:34:49.171+0000] {logging_mixin.py:190} INFO - [2024-11-16T11:34:49.170+0000] {dagbag.py:588} INFO - Filling up the DagBag from /home/airflow/.local/lib/python3.12/site-packages/airflow/example_dags/example_display_name.py
[2024-11-16T11:34:49.192+0000] {processor.py:925} INFO - DAG(s) 'example_display_name' retrieved from /home/airflow/.local/lib/python3.12/site-packages/airflow/example_dags/example_display_name.py
[2024-11-16T11:34:49.224+0000] {logging_mixin.py:190} INFO - [2024-11-16T11:34:49.224+0000] {dag.py:3239} INFO - Sync 1 DAGs
[2024-11-16T11:34:49.255+0000] {logging_mixin.py:190} INFO - [2024-11-16T11:34:49.254+0000] {dag.py:4180} INFO - Setting next_dagrun for example_display_name to None, run_after=None
[2024-11-16T11:34:49.289+0000] {processor.py:208} INFO - Processing /home/airflow/.local/lib/python3.12/site-packages/airflow/example_dags/example_display_name.py took 0.134 seconds
