[2024-11-16T11:26:53.813+0000] {processor.py:186} INFO - Started process (PID=24185) to work on /home/airflow/.local/lib/python3.12/site-packages/airflow/example_dags/tutorial_taskflow_api_virtualenv.py
[2024-11-16T11:26:53.816+0000] {processor.py:914} INFO - Processing file /home/airflow/.local/lib/python3.12/site-packages/airflow/example_dags/tutorial_taskflow_api_virtualenv.py for tasks to queue
[2024-11-16T11:26:53.829+0000] {logging_mixin.py:190} INFO - [2024-11-16T11:26:53.819+0000] {dagbag.py:588} INFO - Filling up the DagBag from /home/airflow/.local/lib/python3.12/site-packages/airflow/example_dags/tutorial_taskflow_api_virtualenv.py
[2024-11-16T11:26:53.885+0000] {processor.py:925} INFO - DAG(s) 'tutorial_taskflow_api_virtualenv' retrieved from /home/airflow/.local/lib/python3.12/site-packages/airflow/example_dags/tutorial_taskflow_api_virtualenv.py
[2024-11-16T11:26:53.982+0000] {logging_mixin.py:190} INFO - [2024-11-16T11:26:53.982+0000] {dag.py:3239} INFO - Sync 1 DAGs
[2024-11-16T11:26:54.068+0000] {logging_mixin.py:190} INFO - [2024-11-16T11:26:54.067+0000] {dag.py:4180} INFO - Setting next_dagrun for tutorial_taskflow_api_virtualenv to None, run_after=None
[2024-11-16T11:26:54.149+0000] {processor.py:208} INFO - Processing /home/airflow/.local/lib/python3.12/site-packages/airflow/example_dags/tutorial_taskflow_api_virtualenv.py took 0.366 seconds
[2024-11-16T11:27:25.195+0000] {processor.py:186} INFO - Started process (PID=24248) to work on /home/airflow/.local/lib/python3.12/site-packages/airflow/example_dags/tutorial_taskflow_api_virtualenv.py
[2024-11-16T11:27:25.197+0000] {processor.py:914} INFO - Processing file /home/airflow/.local/lib/python3.12/site-packages/airflow/example_dags/tutorial_taskflow_api_virtualenv.py for tasks to queue
[2024-11-16T11:27:25.202+0000] {logging_mixin.py:190} INFO - [2024-11-16T11:27:25.201+0000] {dagbag.py:588} INFO - Filling up the DagBag from /home/airflow/.local/lib/python3.12/site-packages/airflow/example_dags/tutorial_taskflow_api_virtualenv.py
[2024-11-16T11:27:25.244+0000] {processor.py:925} INFO - DAG(s) 'tutorial_taskflow_api_virtualenv' retrieved from /home/airflow/.local/lib/python3.12/site-packages/airflow/example_dags/tutorial_taskflow_api_virtualenv.py
[2024-11-16T11:27:25.304+0000] {logging_mixin.py:190} INFO - [2024-11-16T11:27:25.304+0000] {dag.py:3239} INFO - Sync 1 DAGs
[2024-11-16T11:27:25.354+0000] {logging_mixin.py:190} INFO - [2024-11-16T11:27:25.353+0000] {dag.py:4180} INFO - Setting next_dagrun for tutorial_taskflow_api_virtualenv to None, run_after=None
[2024-11-16T11:27:25.412+0000] {processor.py:208} INFO - Processing /home/airflow/.local/lib/python3.12/site-packages/airflow/example_dags/tutorial_taskflow_api_virtualenv.py took 0.237 seconds
[2024-11-16T11:28:49.902+0000] {processor.py:186} INFO - Started process (PID=24303) to work on /home/airflow/.local/lib/python3.12/site-packages/airflow/example_dags/tutorial_taskflow_api_virtualenv.py
[2024-11-16T11:28:49.911+0000] {processor.py:914} INFO - Processing file /home/airflow/.local/lib/python3.12/site-packages/airflow/example_dags/tutorial_taskflow_api_virtualenv.py for tasks to queue
[2024-11-16T11:28:49.922+0000] {logging_mixin.py:190} INFO - [2024-11-16T11:28:49.921+0000] {dagbag.py:588} INFO - Filling up the DagBag from /home/airflow/.local/lib/python3.12/site-packages/airflow/example_dags/tutorial_taskflow_api_virtualenv.py
[2024-11-16T11:28:50.062+0000] {processor.py:925} INFO - DAG(s) 'tutorial_taskflow_api_virtualenv' retrieved from /home/airflow/.local/lib/python3.12/site-packages/airflow/example_dags/tutorial_taskflow_api_virtualenv.py
[2024-11-16T11:28:50.222+0000] {logging_mixin.py:190} INFO - [2024-11-16T11:28:50.221+0000] {dag.py:3239} INFO - Sync 1 DAGs
[2024-11-16T11:28:50.288+0000] {logging_mixin.py:190} INFO - [2024-11-16T11:28:50.287+0000] {dag.py:4180} INFO - Setting next_dagrun for tutorial_taskflow_api_virtualenv to None, run_after=None
[2024-11-16T11:28:50.423+0000] {processor.py:208} INFO - Processing /home/airflow/.local/lib/python3.12/site-packages/airflow/example_dags/tutorial_taskflow_api_virtualenv.py took 0.545 seconds
[2024-11-16T11:29:21.189+0000] {processor.py:186} INFO - Started process (PID=24366) to work on /home/airflow/.local/lib/python3.12/site-packages/airflow/example_dags/tutorial_taskflow_api_virtualenv.py
[2024-11-16T11:29:21.191+0000] {processor.py:914} INFO - Processing file /home/airflow/.local/lib/python3.12/site-packages/airflow/example_dags/tutorial_taskflow_api_virtualenv.py for tasks to queue
[2024-11-16T11:29:21.194+0000] {logging_mixin.py:190} INFO - [2024-11-16T11:29:21.193+0000] {dagbag.py:588} INFO - Filling up the DagBag from /home/airflow/.local/lib/python3.12/site-packages/airflow/example_dags/tutorial_taskflow_api_virtualenv.py
[2024-11-16T11:29:21.227+0000] {processor.py:925} INFO - DAG(s) 'tutorial_taskflow_api_virtualenv' retrieved from /home/airflow/.local/lib/python3.12/site-packages/airflow/example_dags/tutorial_taskflow_api_virtualenv.py
[2024-11-16T11:29:21.302+0000] {logging_mixin.py:190} INFO - [2024-11-16T11:29:21.297+0000] {dag.py:3239} INFO - Sync 1 DAGs
[2024-11-16T11:29:21.346+0000] {logging_mixin.py:190} INFO - [2024-11-16T11:29:21.345+0000] {dag.py:4180} INFO - Setting next_dagrun for tutorial_taskflow_api_virtualenv to None, run_after=None
[2024-11-16T11:29:21.415+0000] {processor.py:208} INFO - Processing /home/airflow/.local/lib/python3.12/site-packages/airflow/example_dags/tutorial_taskflow_api_virtualenv.py took 0.237 seconds
[2024-11-16T11:29:51.699+0000] {processor.py:186} INFO - Started process (PID=24435) to work on /home/airflow/.local/lib/python3.12/site-packages/airflow/example_dags/tutorial_taskflow_api_virtualenv.py
[2024-11-16T11:29:51.702+0000] {processor.py:914} INFO - Processing file /home/airflow/.local/lib/python3.12/site-packages/airflow/example_dags/tutorial_taskflow_api_virtualenv.py for tasks to queue
[2024-11-16T11:29:51.704+0000] {logging_mixin.py:190} INFO - [2024-11-16T11:29:51.704+0000] {dagbag.py:588} INFO - Filling up the DagBag from /home/airflow/.local/lib/python3.12/site-packages/airflow/example_dags/tutorial_taskflow_api_virtualenv.py
[2024-11-16T11:29:51.729+0000] {processor.py:925} INFO - DAG(s) 'tutorial_taskflow_api_virtualenv' retrieved from /home/airflow/.local/lib/python3.12/site-packages/airflow/example_dags/tutorial_taskflow_api_virtualenv.py
[2024-11-16T11:29:51.764+0000] {logging_mixin.py:190} INFO - [2024-11-16T11:29:51.764+0000] {dag.py:3239} INFO - Sync 1 DAGs
[2024-11-16T11:29:51.804+0000] {logging_mixin.py:190} INFO - [2024-11-16T11:29:51.803+0000] {dag.py:4180} INFO - Setting next_dagrun for tutorial_taskflow_api_virtualenv to None, run_after=None
[2024-11-16T11:29:51.835+0000] {processor.py:208} INFO - Processing /home/airflow/.local/lib/python3.12/site-packages/airflow/example_dags/tutorial_taskflow_api_virtualenv.py took 0.148 seconds
[2024-11-16T11:30:25.082+0000] {processor.py:186} INFO - Started process (PID=24498) to work on /home/airflow/.local/lib/python3.12/site-packages/airflow/example_dags/tutorial_taskflow_api_virtualenv.py
[2024-11-16T11:30:25.088+0000] {processor.py:914} INFO - Processing file /home/airflow/.local/lib/python3.12/site-packages/airflow/example_dags/tutorial_taskflow_api_virtualenv.py for tasks to queue
[2024-11-16T11:30:25.094+0000] {logging_mixin.py:190} INFO - [2024-11-16T11:30:25.093+0000] {dagbag.py:588} INFO - Filling up the DagBag from /home/airflow/.local/lib/python3.12/site-packages/airflow/example_dags/tutorial_taskflow_api_virtualenv.py
[2024-11-16T11:30:25.138+0000] {processor.py:925} INFO - DAG(s) 'tutorial_taskflow_api_virtualenv' retrieved from /home/airflow/.local/lib/python3.12/site-packages/airflow/example_dags/tutorial_taskflow_api_virtualenv.py
[2024-11-16T11:30:25.179+0000] {logging_mixin.py:190} INFO - [2024-11-16T11:30:25.179+0000] {dag.py:3239} INFO - Sync 1 DAGs
[2024-11-16T11:30:25.466+0000] {logging_mixin.py:190} INFO - [2024-11-16T11:30:25.466+0000] {dag.py:4180} INFO - Setting next_dagrun for tutorial_taskflow_api_virtualenv to None, run_after=None
[2024-11-16T11:30:25.506+0000] {processor.py:208} INFO - Processing /home/airflow/.local/lib/python3.12/site-packages/airflow/example_dags/tutorial_taskflow_api_virtualenv.py took 0.448 seconds
[2024-11-16T11:31:04.342+0000] {processor.py:186} INFO - Started process (PID=24561) to work on /home/airflow/.local/lib/python3.12/site-packages/airflow/example_dags/tutorial_taskflow_api_virtualenv.py
[2024-11-16T11:31:04.345+0000] {processor.py:914} INFO - Processing file /home/airflow/.local/lib/python3.12/site-packages/airflow/example_dags/tutorial_taskflow_api_virtualenv.py for tasks to queue
[2024-11-16T11:31:04.348+0000] {logging_mixin.py:190} INFO - [2024-11-16T11:31:04.347+0000] {dagbag.py:588} INFO - Filling up the DagBag from /home/airflow/.local/lib/python3.12/site-packages/airflow/example_dags/tutorial_taskflow_api_virtualenv.py
[2024-11-16T11:31:04.415+0000] {processor.py:925} INFO - DAG(s) 'tutorial_taskflow_api_virtualenv' retrieved from /home/airflow/.local/lib/python3.12/site-packages/airflow/example_dags/tutorial_taskflow_api_virtualenv.py
[2024-11-16T11:31:04.491+0000] {logging_mixin.py:190} INFO - [2024-11-16T11:31:04.491+0000] {dag.py:3239} INFO - Sync 1 DAGs
[2024-11-16T11:31:04.520+0000] {logging_mixin.py:190} INFO - [2024-11-16T11:31:04.519+0000] {dag.py:4180} INFO - Setting next_dagrun for tutorial_taskflow_api_virtualenv to None, run_after=None
[2024-11-16T11:31:05.401+0000] {processor.py:208} INFO - Processing /home/airflow/.local/lib/python3.12/site-packages/airflow/example_dags/tutorial_taskflow_api_virtualenv.py took 1.071 seconds
[2024-11-16T11:31:57.666+0000] {processor.py:186} INFO - Started process (PID=24641) to work on /home/airflow/.local/lib/python3.12/site-packages/airflow/example_dags/tutorial_taskflow_api_virtualenv.py
[2024-11-16T11:31:57.673+0000] {processor.py:914} INFO - Processing file /home/airflow/.local/lib/python3.12/site-packages/airflow/example_dags/tutorial_taskflow_api_virtualenv.py for tasks to queue
[2024-11-16T11:31:57.676+0000] {logging_mixin.py:190} INFO - [2024-11-16T11:31:57.675+0000] {dagbag.py:588} INFO - Filling up the DagBag from /home/airflow/.local/lib/python3.12/site-packages/airflow/example_dags/tutorial_taskflow_api_virtualenv.py
[2024-11-16T11:31:57.737+0000] {processor.py:925} INFO - DAG(s) 'tutorial_taskflow_api_virtualenv' retrieved from /home/airflow/.local/lib/python3.12/site-packages/airflow/example_dags/tutorial_taskflow_api_virtualenv.py
[2024-11-16T11:31:57.992+0000] {logging_mixin.py:190} INFO - [2024-11-16T11:31:57.992+0000] {dag.py:3239} INFO - Sync 1 DAGs
[2024-11-16T11:31:58.527+0000] {logging_mixin.py:190} INFO - [2024-11-16T11:31:58.522+0000] {dag.py:4180} INFO - Setting next_dagrun for tutorial_taskflow_api_virtualenv to None, run_after=None
[2024-11-16T11:31:58.608+0000] {processor.py:208} INFO - Processing /home/airflow/.local/lib/python3.12/site-packages/airflow/example_dags/tutorial_taskflow_api_virtualenv.py took 0.964 seconds
[2024-11-16T11:34:21.039+0000] {processor.py:186} INFO - Started process (PID=24730) to work on /home/airflow/.local/lib/python3.12/site-packages/airflow/example_dags/tutorial_taskflow_api_virtualenv.py
[2024-11-16T11:34:21.042+0000] {processor.py:914} INFO - Processing file /home/airflow/.local/lib/python3.12/site-packages/airflow/example_dags/tutorial_taskflow_api_virtualenv.py for tasks to queue
[2024-11-16T11:34:21.045+0000] {logging_mixin.py:190} INFO - [2024-11-16T11:34:21.045+0000] {dagbag.py:588} INFO - Filling up the DagBag from /home/airflow/.local/lib/python3.12/site-packages/airflow/example_dags/tutorial_taskflow_api_virtualenv.py
[2024-11-16T11:34:21.121+0000] {processor.py:925} INFO - DAG(s) 'tutorial_taskflow_api_virtualenv' retrieved from /home/airflow/.local/lib/python3.12/site-packages/airflow/example_dags/tutorial_taskflow_api_virtualenv.py
[2024-11-16T11:34:21.229+0000] {logging_mixin.py:190} INFO - [2024-11-16T11:34:21.227+0000] {dag.py:3239} INFO - Sync 1 DAGs
[2024-11-16T11:34:21.270+0000] {logging_mixin.py:190} INFO - [2024-11-16T11:34:21.269+0000] {dag.py:4180} INFO - Setting next_dagrun for tutorial_taskflow_api_virtualenv to None, run_after=None
[2024-11-16T11:34:21.309+0000] {processor.py:208} INFO - Processing /home/airflow/.local/lib/python3.12/site-packages/airflow/example_dags/tutorial_taskflow_api_virtualenv.py took 0.290 seconds
[2024-11-16T11:34:51.935+0000] {processor.py:186} INFO - Started process (PID=24793) to work on /home/airflow/.local/lib/python3.12/site-packages/airflow/example_dags/tutorial_taskflow_api_virtualenv.py
[2024-11-16T11:34:51.937+0000] {processor.py:914} INFO - Processing file /home/airflow/.local/lib/python3.12/site-packages/airflow/example_dags/tutorial_taskflow_api_virtualenv.py for tasks to queue
[2024-11-16T11:34:51.940+0000] {logging_mixin.py:190} INFO - [2024-11-16T11:34:51.939+0000] {dagbag.py:588} INFO - Filling up the DagBag from /home/airflow/.local/lib/python3.12/site-packages/airflow/example_dags/tutorial_taskflow_api_virtualenv.py
[2024-11-16T11:34:51.965+0000] {processor.py:925} INFO - DAG(s) 'tutorial_taskflow_api_virtualenv' retrieved from /home/airflow/.local/lib/python3.12/site-packages/airflow/example_dags/tutorial_taskflow_api_virtualenv.py
[2024-11-16T11:34:51.996+0000] {logging_mixin.py:190} INFO - [2024-11-16T11:34:51.995+0000] {dag.py:3239} INFO - Sync 1 DAGs
[2024-11-16T11:34:52.030+0000] {logging_mixin.py:190} INFO - [2024-11-16T11:34:52.029+0000] {dag.py:4180} INFO - Setting next_dagrun for tutorial_taskflow_api_virtualenv to None, run_after=None
[2024-11-16T11:34:52.064+0000] {processor.py:208} INFO - Processing /home/airflow/.local/lib/python3.12/site-packages/airflow/example_dags/tutorial_taskflow_api_virtualenv.py took 0.139 seconds
