[2024-11-16T11:26:59.372+0000] {processor.py:186} INFO - Started process (PID=24203) to work on /home/airflow/.local/lib/python3.12/site-packages/airflow/example_dags/tutorial.py
[2024-11-16T11:26:59.375+0000] {processor.py:914} INFO - Processing file /home/airflow/.local/lib/python3.12/site-packages/airflow/example_dags/tutorial.py for tasks to queue
[2024-11-16T11:26:59.379+0000] {logging_mixin.py:190} INFO - [2024-11-16T11:26:59.378+0000] {dagbag.py:588} INFO - Filling up the DagBag from /home/airflow/.local/lib/python3.12/site-packages/airflow/example_dags/tutorial.py
[2024-11-16T11:26:59.406+0000] {processor.py:925} INFO - DAG(s) 'tutorial' retrieved from /home/airflow/.local/lib/python3.12/site-packages/airflow/example_dags/tutorial.py
[2024-11-16T11:26:59.461+0000] {logging_mixin.py:190} INFO - [2024-11-16T11:26:59.460+0000] {dag.py:3239} INFO - Sync 1 DAGs
[2024-11-16T11:26:59.534+0000] {logging_mixin.py:190} INFO - [2024-11-16T11:26:59.534+0000] {dag.py:4180} INFO - Setting next_dagrun for tutorial to 2024-11-15 00:00:00+00:00, run_after=2024-11-16 00:00:00+00:00
[2024-11-16T11:26:59.592+0000] {processor.py:208} INFO - Processing /home/airflow/.local/lib/python3.12/site-packages/airflow/example_dags/tutorial.py took 0.238 seconds
[2024-11-16T11:27:57.721+0000] {processor.py:186} INFO - Started process (PID=24273) to work on /home/airflow/.local/lib/python3.12/site-packages/airflow/example_dags/tutorial.py
[2024-11-16T11:27:57.726+0000] {processor.py:914} INFO - Processing file /home/airflow/.local/lib/python3.12/site-packages/airflow/example_dags/tutorial.py for tasks to queue
[2024-11-16T11:27:57.730+0000] {logging_mixin.py:190} INFO - [2024-11-16T11:27:57.729+0000] {dagbag.py:588} INFO - Filling up the DagBag from /home/airflow/.local/lib/python3.12/site-packages/airflow/example_dags/tutorial.py
[2024-11-16T11:27:57.825+0000] {processor.py:925} INFO - DAG(s) 'tutorial' retrieved from /home/airflow/.local/lib/python3.12/site-packages/airflow/example_dags/tutorial.py
[2024-11-16T11:27:58.234+0000] {logging_mixin.py:190} INFO - [2024-11-16T11:27:58.233+0000] {dag.py:3239} INFO - Sync 1 DAGs
[2024-11-16T11:27:58.437+0000] {logging_mixin.py:190} INFO - [2024-11-16T11:27:58.437+0000] {dag.py:4180} INFO - Setting next_dagrun for tutorial to 2024-11-15 00:00:00+00:00, run_after=2024-11-16 00:00:00+00:00
[2024-11-16T11:27:58.740+0000] {processor.py:208} INFO - Processing /home/airflow/.local/lib/python3.12/site-packages/airflow/example_dags/tutorial.py took 1.059 seconds
[2024-11-16T11:29:12.003+0000] {processor.py:186} INFO - Started process (PID=24353) to work on /home/airflow/.local/lib/python3.12/site-packages/airflow/example_dags/tutorial.py
[2024-11-16T11:29:12.006+0000] {processor.py:914} INFO - Processing file /home/airflow/.local/lib/python3.12/site-packages/airflow/example_dags/tutorial.py for tasks to queue
[2024-11-16T11:29:12.008+0000] {logging_mixin.py:190} INFO - [2024-11-16T11:29:12.007+0000] {dagbag.py:588} INFO - Filling up the DagBag from /home/airflow/.local/lib/python3.12/site-packages/airflow/example_dags/tutorial.py
[2024-11-16T11:29:12.023+0000] {processor.py:925} INFO - DAG(s) 'tutorial' retrieved from /home/airflow/.local/lib/python3.12/site-packages/airflow/example_dags/tutorial.py
[2024-11-16T11:29:12.060+0000] {logging_mixin.py:190} INFO - [2024-11-16T11:29:12.059+0000] {dag.py:3239} INFO - Sync 1 DAGs
[2024-11-16T11:29:12.101+0000] {logging_mixin.py:190} INFO - [2024-11-16T11:29:12.100+0000] {dag.py:4180} INFO - Setting next_dagrun for tutorial to 2024-11-15 00:00:00+00:00, run_after=2024-11-16 00:00:00+00:00
[2024-11-16T11:29:12.157+0000] {processor.py:208} INFO - Processing /home/airflow/.local/lib/python3.12/site-packages/airflow/example_dags/tutorial.py took 0.164 seconds
[2024-11-16T11:29:48.345+0000] {processor.py:186} INFO - Started process (PID=24416) to work on /home/airflow/.local/lib/python3.12/site-packages/airflow/example_dags/tutorial.py
[2024-11-16T11:29:48.347+0000] {processor.py:914} INFO - Processing file /home/airflow/.local/lib/python3.12/site-packages/airflow/example_dags/tutorial.py for tasks to queue
[2024-11-16T11:29:48.349+0000] {logging_mixin.py:190} INFO - [2024-11-16T11:29:48.348+0000] {dagbag.py:588} INFO - Filling up the DagBag from /home/airflow/.local/lib/python3.12/site-packages/airflow/example_dags/tutorial.py
[2024-11-16T11:29:48.363+0000] {processor.py:925} INFO - DAG(s) 'tutorial' retrieved from /home/airflow/.local/lib/python3.12/site-packages/airflow/example_dags/tutorial.py
[2024-11-16T11:29:48.400+0000] {logging_mixin.py:190} INFO - [2024-11-16T11:29:48.400+0000] {dag.py:3239} INFO - Sync 1 DAGs
[2024-11-16T11:29:48.441+0000] {logging_mixin.py:190} INFO - [2024-11-16T11:29:48.441+0000] {dag.py:4180} INFO - Setting next_dagrun for tutorial to 2024-11-15 00:00:00+00:00, run_after=2024-11-16 00:00:00+00:00
[2024-11-16T11:29:48.470+0000] {processor.py:208} INFO - Processing /home/airflow/.local/lib/python3.12/site-packages/airflow/example_dags/tutorial.py took 0.135 seconds
[2024-11-16T11:30:21.591+0000] {processor.py:186} INFO - Started process (PID=24479) to work on /home/airflow/.local/lib/python3.12/site-packages/airflow/example_dags/tutorial.py
[2024-11-16T11:30:21.593+0000] {processor.py:914} INFO - Processing file /home/airflow/.local/lib/python3.12/site-packages/airflow/example_dags/tutorial.py for tasks to queue
[2024-11-16T11:30:21.596+0000] {logging_mixin.py:190} INFO - [2024-11-16T11:30:21.595+0000] {dagbag.py:588} INFO - Filling up the DagBag from /home/airflow/.local/lib/python3.12/site-packages/airflow/example_dags/tutorial.py
[2024-11-16T11:30:21.621+0000] {processor.py:925} INFO - DAG(s) 'tutorial' retrieved from /home/airflow/.local/lib/python3.12/site-packages/airflow/example_dags/tutorial.py
[2024-11-16T11:30:21.667+0000] {logging_mixin.py:190} INFO - [2024-11-16T11:30:21.666+0000] {dag.py:3239} INFO - Sync 1 DAGs
[2024-11-16T11:30:21.914+0000] {logging_mixin.py:190} INFO - [2024-11-16T11:30:21.914+0000] {dag.py:4180} INFO - Setting next_dagrun for tutorial to 2024-11-15 00:00:00+00:00, run_after=2024-11-16 00:00:00+00:00
[2024-11-16T11:30:21.948+0000] {processor.py:208} INFO - Processing /home/airflow/.local/lib/python3.12/site-packages/airflow/example_dags/tutorial.py took 0.376 seconds
[2024-11-16T11:30:53.265+0000] {processor.py:186} INFO - Started process (PID=24549) to work on /home/airflow/.local/lib/python3.12/site-packages/airflow/example_dags/tutorial.py
[2024-11-16T11:30:53.267+0000] {processor.py:914} INFO - Processing file /home/airflow/.local/lib/python3.12/site-packages/airflow/example_dags/tutorial.py for tasks to queue
[2024-11-16T11:30:53.270+0000] {logging_mixin.py:190} INFO - [2024-11-16T11:30:53.269+0000] {dagbag.py:588} INFO - Filling up the DagBag from /home/airflow/.local/lib/python3.12/site-packages/airflow/example_dags/tutorial.py
[2024-11-16T11:30:53.291+0000] {processor.py:925} INFO - DAG(s) 'tutorial' retrieved from /home/airflow/.local/lib/python3.12/site-packages/airflow/example_dags/tutorial.py
[2024-11-16T11:30:53.328+0000] {logging_mixin.py:190} INFO - [2024-11-16T11:30:53.327+0000] {dag.py:3239} INFO - Sync 1 DAGs
[2024-11-16T11:30:53.379+0000] {logging_mixin.py:190} INFO - [2024-11-16T11:30:53.379+0000] {dag.py:4180} INFO - Setting next_dagrun for tutorial to 2024-11-15 00:00:00+00:00, run_after=2024-11-16 00:00:00+00:00
[2024-11-16T11:30:53.657+0000] {processor.py:208} INFO - Processing /home/airflow/.local/lib/python3.12/site-packages/airflow/example_dags/tutorial.py took 0.406 seconds
[2024-11-16T11:31:26.959+0000] {processor.py:186} INFO - Started process (PID=24612) to work on /home/airflow/.local/lib/python3.12/site-packages/airflow/example_dags/tutorial.py
[2024-11-16T11:31:26.961+0000] {processor.py:914} INFO - Processing file /home/airflow/.local/lib/python3.12/site-packages/airflow/example_dags/tutorial.py for tasks to queue
[2024-11-16T11:31:26.966+0000] {logging_mixin.py:190} INFO - [2024-11-16T11:31:26.965+0000] {dagbag.py:588} INFO - Filling up the DagBag from /home/airflow/.local/lib/python3.12/site-packages/airflow/example_dags/tutorial.py
[2024-11-16T11:31:26.984+0000] {processor.py:925} INFO - DAG(s) 'tutorial' retrieved from /home/airflow/.local/lib/python3.12/site-packages/airflow/example_dags/tutorial.py
[2024-11-16T11:31:27.040+0000] {logging_mixin.py:190} INFO - [2024-11-16T11:31:27.039+0000] {dag.py:3239} INFO - Sync 1 DAGs
[2024-11-16T11:31:27.139+0000] {logging_mixin.py:190} INFO - [2024-11-16T11:31:27.138+0000] {dag.py:4180} INFO - Setting next_dagrun for tutorial to 2024-11-15 00:00:00+00:00, run_after=2024-11-16 00:00:00+00:00
[2024-11-16T11:31:27.203+0000] {processor.py:208} INFO - Processing /home/airflow/.local/lib/python3.12/site-packages/airflow/example_dags/tutorial.py took 0.256 seconds
[2024-11-16T11:32:10.477+0000] {processor.py:186} INFO - Started process (PID=24675) to work on /home/airflow/.local/lib/python3.12/site-packages/airflow/example_dags/tutorial.py
[2024-11-16T11:32:10.480+0000] {processor.py:914} INFO - Processing file /home/airflow/.local/lib/python3.12/site-packages/airflow/example_dags/tutorial.py for tasks to queue
[2024-11-16T11:32:10.486+0000] {logging_mixin.py:190} INFO - [2024-11-16T11:32:10.484+0000] {dagbag.py:588} INFO - Filling up the DagBag from /home/airflow/.local/lib/python3.12/site-packages/airflow/example_dags/tutorial.py
[2024-11-16T11:32:10.726+0000] {processor.py:925} INFO - DAG(s) 'tutorial' retrieved from /home/airflow/.local/lib/python3.12/site-packages/airflow/example_dags/tutorial.py
[2024-11-16T11:32:10.749+0000] {logging_mixin.py:190} INFO - [2024-11-16T11:32:10.749+0000] {dag.py:3239} INFO - Sync 1 DAGs
[2024-11-16T11:32:10.800+0000] {logging_mixin.py:190} INFO - [2024-11-16T11:32:10.800+0000] {dag.py:4180} INFO - Setting next_dagrun for tutorial to 2024-11-15 00:00:00+00:00, run_after=2024-11-16 00:00:00+00:00
[2024-11-16T11:32:10.843+0000] {processor.py:208} INFO - Processing /home/airflow/.local/lib/python3.12/site-packages/airflow/example_dags/tutorial.py took 0.379 seconds
