[2024-11-16T11:26:46.981+0000] {processor.py:186} INFO - Started process (PID=24177) to work on /home/airflow/.local/lib/python3.12/site-packages/airflow/example_dags/tutorial_taskflow_api.py
[2024-11-16T11:26:46.987+0000] {processor.py:914} INFO - Processing file /home/airflow/.local/lib/python3.12/site-packages/airflow/example_dags/tutorial_taskflow_api.py for tasks to queue
[2024-11-16T11:26:46.997+0000] {logging_mixin.py:190} INFO - [2024-11-16T11:26:46.996+0000] {dagbag.py:588} INFO - Filling up the DagBag from /home/airflow/.local/lib/python3.12/site-packages/airflow/example_dags/tutorial_taskflow_api.py
[2024-11-16T11:26:47.074+0000] {processor.py:925} INFO - DAG(s) 'tutorial_taskflow_api' retrieved from /home/airflow/.local/lib/python3.12/site-packages/airflow/example_dags/tutorial_taskflow_api.py
[2024-11-16T11:26:47.243+0000] {logging_mixin.py:190} INFO - [2024-11-16T11:26:47.243+0000] {dag.py:3239} INFO - Sync 1 DAGs
[2024-11-16T11:26:47.372+0000] {logging_mixin.py:190} INFO - [2024-11-16T11:26:47.365+0000] {dag.py:4180} INFO - Setting next_dagrun for tutorial_taskflow_api to None, run_after=None
[2024-11-16T11:26:47.543+0000] {processor.py:208} INFO - Processing /home/airflow/.local/lib/python3.12/site-packages/airflow/example_dags/tutorial_taskflow_api.py took 0.612 seconds
[2024-11-16T11:27:21.447+0000] {processor.py:186} INFO - Started process (PID=24240) to work on /home/airflow/.local/lib/python3.12/site-packages/airflow/example_dags/tutorial_taskflow_api.py
[2024-11-16T11:27:21.458+0000] {processor.py:914} INFO - Processing file /home/airflow/.local/lib/python3.12/site-packages/airflow/example_dags/tutorial_taskflow_api.py for tasks to queue
[2024-11-16T11:27:21.468+0000] {logging_mixin.py:190} INFO - [2024-11-16T11:27:21.467+0000] {dagbag.py:588} INFO - Filling up the DagBag from /home/airflow/.local/lib/python3.12/site-packages/airflow/example_dags/tutorial_taskflow_api.py
[2024-11-16T11:27:21.507+0000] {processor.py:925} INFO - DAG(s) 'tutorial_taskflow_api' retrieved from /home/airflow/.local/lib/python3.12/site-packages/airflow/example_dags/tutorial_taskflow_api.py
[2024-11-16T11:27:21.608+0000] {logging_mixin.py:190} INFO - [2024-11-16T11:27:21.607+0000] {dag.py:3239} INFO - Sync 1 DAGs
[2024-11-16T11:27:21.690+0000] {logging_mixin.py:190} INFO - [2024-11-16T11:27:21.690+0000] {dag.py:4180} INFO - Setting next_dagrun for tutorial_taskflow_api to None, run_after=None
[2024-11-16T11:27:21.809+0000] {processor.py:208} INFO - Processing /home/airflow/.local/lib/python3.12/site-packages/airflow/example_dags/tutorial_taskflow_api.py took 0.389 seconds
[2024-11-16T11:28:39.938+0000] {processor.py:186} INFO - Started process (PID=24295) to work on /home/airflow/.local/lib/python3.12/site-packages/airflow/example_dags/tutorial_taskflow_api.py
[2024-11-16T11:28:39.947+0000] {processor.py:914} INFO - Processing file /home/airflow/.local/lib/python3.12/site-packages/airflow/example_dags/tutorial_taskflow_api.py for tasks to queue
[2024-11-16T11:28:39.952+0000] {logging_mixin.py:190} INFO - [2024-11-16T11:28:39.952+0000] {dagbag.py:588} INFO - Filling up the DagBag from /home/airflow/.local/lib/python3.12/site-packages/airflow/example_dags/tutorial_taskflow_api.py
[2024-11-16T11:28:39.976+0000] {processor.py:925} INFO - DAG(s) 'tutorial_taskflow_api' retrieved from /home/airflow/.local/lib/python3.12/site-packages/airflow/example_dags/tutorial_taskflow_api.py
[2024-11-16T11:28:40.123+0000] {logging_mixin.py:190} INFO - [2024-11-16T11:28:40.123+0000] {dag.py:3239} INFO - Sync 1 DAGs
[2024-11-16T11:28:40.376+0000] {logging_mixin.py:190} INFO - [2024-11-16T11:28:40.376+0000] {dag.py:4180} INFO - Setting next_dagrun for tutorial_taskflow_api to None, run_after=None
[2024-11-16T11:28:40.437+0000] {processor.py:208} INFO - Processing /home/airflow/.local/lib/python3.12/site-packages/airflow/example_dags/tutorial_taskflow_api.py took 0.522 seconds
[2024-11-16T11:29:13.579+0000] {processor.py:186} INFO - Started process (PID=24358) to work on /home/airflow/.local/lib/python3.12/site-packages/airflow/example_dags/tutorial_taskflow_api.py
[2024-11-16T11:29:13.581+0000] {processor.py:914} INFO - Processing file /home/airflow/.local/lib/python3.12/site-packages/airflow/example_dags/tutorial_taskflow_api.py for tasks to queue
[2024-11-16T11:29:13.584+0000] {logging_mixin.py:190} INFO - [2024-11-16T11:29:13.583+0000] {dagbag.py:588} INFO - Filling up the DagBag from /home/airflow/.local/lib/python3.12/site-packages/airflow/example_dags/tutorial_taskflow_api.py
[2024-11-16T11:29:13.598+0000] {processor.py:925} INFO - DAG(s) 'tutorial_taskflow_api' retrieved from /home/airflow/.local/lib/python3.12/site-packages/airflow/example_dags/tutorial_taskflow_api.py
[2024-11-16T11:29:13.658+0000] {logging_mixin.py:190} INFO - [2024-11-16T11:29:13.657+0000] {dag.py:3239} INFO - Sync 1 DAGs
[2024-11-16T11:29:13.695+0000] {logging_mixin.py:190} INFO - [2024-11-16T11:29:13.695+0000] {dag.py:4180} INFO - Setting next_dagrun for tutorial_taskflow_api to None, run_after=None
[2024-11-16T11:29:13.899+0000] {processor.py:208} INFO - Processing /home/airflow/.local/lib/python3.12/site-packages/airflow/example_dags/tutorial_taskflow_api.py took 0.328 seconds
[2024-11-16T11:29:49.950+0000] {processor.py:186} INFO - Started process (PID=24421) to work on /home/airflow/.local/lib/python3.12/site-packages/airflow/example_dags/tutorial_taskflow_api.py
[2024-11-16T11:29:49.952+0000] {processor.py:914} INFO - Processing file /home/airflow/.local/lib/python3.12/site-packages/airflow/example_dags/tutorial_taskflow_api.py for tasks to queue
[2024-11-16T11:29:49.955+0000] {logging_mixin.py:190} INFO - [2024-11-16T11:29:49.955+0000] {dagbag.py:588} INFO - Filling up the DagBag from /home/airflow/.local/lib/python3.12/site-packages/airflow/example_dags/tutorial_taskflow_api.py
[2024-11-16T11:29:49.977+0000] {processor.py:925} INFO - DAG(s) 'tutorial_taskflow_api' retrieved from /home/airflow/.local/lib/python3.12/site-packages/airflow/example_dags/tutorial_taskflow_api.py
[2024-11-16T11:29:50.025+0000] {logging_mixin.py:190} INFO - [2024-11-16T11:29:50.025+0000] {dag.py:3239} INFO - Sync 1 DAGs
[2024-11-16T11:29:50.053+0000] {logging_mixin.py:190} INFO - [2024-11-16T11:29:50.053+0000] {dag.py:4180} INFO - Setting next_dagrun for tutorial_taskflow_api to None, run_after=None
[2024-11-16T11:29:50.090+0000] {processor.py:208} INFO - Processing /home/airflow/.local/lib/python3.12/site-packages/airflow/example_dags/tutorial_taskflow_api.py took 0.155 seconds
[2024-11-16T11:30:23.052+0000] {processor.py:186} INFO - Started process (PID=24490) to work on /home/airflow/.local/lib/python3.12/site-packages/airflow/example_dags/tutorial_taskflow_api.py
[2024-11-16T11:30:23.055+0000] {processor.py:914} INFO - Processing file /home/airflow/.local/lib/python3.12/site-packages/airflow/example_dags/tutorial_taskflow_api.py for tasks to queue
[2024-11-16T11:30:23.057+0000] {logging_mixin.py:190} INFO - [2024-11-16T11:30:23.056+0000] {dagbag.py:588} INFO - Filling up the DagBag from /home/airflow/.local/lib/python3.12/site-packages/airflow/example_dags/tutorial_taskflow_api.py
[2024-11-16T11:30:23.072+0000] {processor.py:925} INFO - DAG(s) 'tutorial_taskflow_api' retrieved from /home/airflow/.local/lib/python3.12/site-packages/airflow/example_dags/tutorial_taskflow_api.py
[2024-11-16T11:30:23.102+0000] {logging_mixin.py:190} INFO - [2024-11-16T11:30:23.102+0000] {dag.py:3239} INFO - Sync 1 DAGs
[2024-11-16T11:30:23.126+0000] {logging_mixin.py:190} INFO - [2024-11-16T11:30:23.126+0000] {dag.py:4180} INFO - Setting next_dagrun for tutorial_taskflow_api to None, run_after=None
[2024-11-16T11:30:23.367+0000] {processor.py:208} INFO - Processing /home/airflow/.local/lib/python3.12/site-packages/airflow/example_dags/tutorial_taskflow_api.py took 0.324 seconds
[2024-11-16T11:30:55.407+0000] {processor.py:186} INFO - Started process (PID=24553) to work on /home/airflow/.local/lib/python3.12/site-packages/airflow/example_dags/tutorial_taskflow_api.py
[2024-11-16T11:30:55.410+0000] {processor.py:914} INFO - Processing file /home/airflow/.local/lib/python3.12/site-packages/airflow/example_dags/tutorial_taskflow_api.py for tasks to queue
[2024-11-16T11:30:55.412+0000] {logging_mixin.py:190} INFO - [2024-11-16T11:30:55.411+0000] {dagbag.py:588} INFO - Filling up the DagBag from /home/airflow/.local/lib/python3.12/site-packages/airflow/example_dags/tutorial_taskflow_api.py
[2024-11-16T11:30:55.426+0000] {processor.py:925} INFO - DAG(s) 'tutorial_taskflow_api' retrieved from /home/airflow/.local/lib/python3.12/site-packages/airflow/example_dags/tutorial_taskflow_api.py
[2024-11-16T11:30:55.463+0000] {logging_mixin.py:190} INFO - [2024-11-16T11:30:55.462+0000] {dag.py:3239} INFO - Sync 1 DAGs
[2024-11-16T11:30:55.493+0000] {logging_mixin.py:190} INFO - [2024-11-16T11:30:55.491+0000] {dag.py:4180} INFO - Setting next_dagrun for tutorial_taskflow_api to None, run_after=None
[2024-11-16T11:30:55.559+0000] {processor.py:208} INFO - Processing /home/airflow/.local/lib/python3.12/site-packages/airflow/example_dags/tutorial_taskflow_api.py took 0.163 seconds
[2024-11-16T11:31:50.383+0000] {processor.py:186} INFO - Started process (PID=24616) to work on /home/airflow/.local/lib/python3.12/site-packages/airflow/example_dags/tutorial_taskflow_api.py
[2024-11-16T11:31:50.386+0000] {processor.py:914} INFO - Processing file /home/airflow/.local/lib/python3.12/site-packages/airflow/example_dags/tutorial_taskflow_api.py for tasks to queue
[2024-11-16T11:31:50.389+0000] {logging_mixin.py:190} INFO - [2024-11-16T11:31:50.389+0000] {dagbag.py:588} INFO - Filling up the DagBag from /home/airflow/.local/lib/python3.12/site-packages/airflow/example_dags/tutorial_taskflow_api.py
[2024-11-16T11:31:50.417+0000] {processor.py:925} INFO - DAG(s) 'tutorial_taskflow_api' retrieved from /home/airflow/.local/lib/python3.12/site-packages/airflow/example_dags/tutorial_taskflow_api.py
[2024-11-16T11:31:50.518+0000] {logging_mixin.py:190} INFO - [2024-11-16T11:31:50.517+0000] {dag.py:3239} INFO - Sync 1 DAGs
[2024-11-16T11:31:50.553+0000] {logging_mixin.py:190} INFO - [2024-11-16T11:31:50.553+0000] {dag.py:4180} INFO - Setting next_dagrun for tutorial_taskflow_api to None, run_after=None
[2024-11-16T11:31:50.613+0000] {processor.py:208} INFO - Processing /home/airflow/.local/lib/python3.12/site-packages/airflow/example_dags/tutorial_taskflow_api.py took 0.255 seconds
[2024-11-16T11:32:21.380+0000] {processor.py:186} INFO - Started process (PID=24680) to work on /home/airflow/.local/lib/python3.12/site-packages/airflow/example_dags/tutorial_taskflow_api.py
[2024-11-16T11:32:21.384+0000] {processor.py:914} INFO - Processing file /home/airflow/.local/lib/python3.12/site-packages/airflow/example_dags/tutorial_taskflow_api.py for tasks to queue
[2024-11-16T11:32:21.387+0000] {logging_mixin.py:190} INFO - [2024-11-16T11:32:21.386+0000] {dagbag.py:588} INFO - Filling up the DagBag from /home/airflow/.local/lib/python3.12/site-packages/airflow/example_dags/tutorial_taskflow_api.py
[2024-11-16T11:32:21.406+0000] {processor.py:925} INFO - DAG(s) 'tutorial_taskflow_api' retrieved from /home/airflow/.local/lib/python3.12/site-packages/airflow/example_dags/tutorial_taskflow_api.py
[2024-11-16T11:32:21.460+0000] {logging_mixin.py:190} INFO - [2024-11-16T11:32:21.459+0000] {dag.py:3239} INFO - Sync 1 DAGs
[2024-11-16T11:32:21.489+0000] {logging_mixin.py:190} INFO - [2024-11-16T11:32:21.488+0000] {dag.py:4180} INFO - Setting next_dagrun for tutorial_taskflow_api to None, run_after=None
[2024-11-16T11:32:21.525+0000] {processor.py:208} INFO - Processing /home/airflow/.local/lib/python3.12/site-packages/airflow/example_dags/tutorial_taskflow_api.py took 0.156 seconds
[2024-11-16T11:34:20.330+0000] {processor.py:186} INFO - Started process (PID=24725) to work on /home/airflow/.local/lib/python3.12/site-packages/airflow/example_dags/tutorial_taskflow_api.py
[2024-11-16T11:34:20.332+0000] {processor.py:914} INFO - Processing file /home/airflow/.local/lib/python3.12/site-packages/airflow/example_dags/tutorial_taskflow_api.py for tasks to queue
[2024-11-16T11:34:20.335+0000] {logging_mixin.py:190} INFO - [2024-11-16T11:34:20.334+0000] {dagbag.py:588} INFO - Filling up the DagBag from /home/airflow/.local/lib/python3.12/site-packages/airflow/example_dags/tutorial_taskflow_api.py
[2024-11-16T11:34:20.356+0000] {processor.py:925} INFO - DAG(s) 'tutorial_taskflow_api' retrieved from /home/airflow/.local/lib/python3.12/site-packages/airflow/example_dags/tutorial_taskflow_api.py
[2024-11-16T11:34:20.432+0000] {logging_mixin.py:190} INFO - [2024-11-16T11:34:20.429+0000] {dag.py:3239} INFO - Sync 1 DAGs
[2024-11-16T11:34:20.468+0000] {logging_mixin.py:190} INFO - [2024-11-16T11:34:20.467+0000] {dag.py:4180} INFO - Setting next_dagrun for tutorial_taskflow_api to None, run_after=None
[2024-11-16T11:34:20.513+0000] {processor.py:208} INFO - Processing /home/airflow/.local/lib/python3.12/site-packages/airflow/example_dags/tutorial_taskflow_api.py took 0.197 seconds
[2024-11-16T11:34:51.362+0000] {processor.py:186} INFO - Started process (PID=24788) to work on /home/airflow/.local/lib/python3.12/site-packages/airflow/example_dags/tutorial_taskflow_api.py
[2024-11-16T11:34:51.364+0000] {processor.py:914} INFO - Processing file /home/airflow/.local/lib/python3.12/site-packages/airflow/example_dags/tutorial_taskflow_api.py for tasks to queue
[2024-11-16T11:34:51.367+0000] {logging_mixin.py:190} INFO - [2024-11-16T11:34:51.366+0000] {dagbag.py:588} INFO - Filling up the DagBag from /home/airflow/.local/lib/python3.12/site-packages/airflow/example_dags/tutorial_taskflow_api.py
[2024-11-16T11:34:51.384+0000] {processor.py:925} INFO - DAG(s) 'tutorial_taskflow_api' retrieved from /home/airflow/.local/lib/python3.12/site-packages/airflow/example_dags/tutorial_taskflow_api.py
[2024-11-16T11:34:51.427+0000] {logging_mixin.py:190} INFO - [2024-11-16T11:34:51.427+0000] {dag.py:3239} INFO - Sync 1 DAGs
[2024-11-16T11:34:51.451+0000] {logging_mixin.py:190} INFO - [2024-11-16T11:34:51.451+0000] {dag.py:4180} INFO - Setting next_dagrun for tutorial_taskflow_api to None, run_after=None
[2024-11-16T11:34:51.482+0000] {processor.py:208} INFO - Processing /home/airflow/.local/lib/python3.12/site-packages/airflow/example_dags/tutorial_taskflow_api.py took 0.129 seconds
