[2024-11-16T11:26:55.558+0000] {processor.py:186} INFO - Started process (PID=24190) to work on /home/airflow/.local/lib/python3.12/site-packages/airflow/example_dags/tutorial_objectstorage.py
[2024-11-16T11:26:55.575+0000] {processor.py:914} INFO - Processing file /home/airflow/.local/lib/python3.12/site-packages/airflow/example_dags/tutorial_objectstorage.py for tasks to queue
[2024-11-16T11:26:55.583+0000] {logging_mixin.py:190} INFO - [2024-11-16T11:26:55.583+0000] {dagbag.py:588} INFO - Filling up the DagBag from /home/airflow/.local/lib/python3.12/site-packages/airflow/example_dags/tutorial_objectstorage.py
[2024-11-16T11:26:55.644+0000] {processor.py:925} INFO - DAG(s) 'tutorial_objectstorage' retrieved from /home/airflow/.local/lib/python3.12/site-packages/airflow/example_dags/tutorial_objectstorage.py
[2024-11-16T11:26:55.768+0000] {logging_mixin.py:190} INFO - [2024-11-16T11:26:55.767+0000] {dag.py:3239} INFO - Sync 1 DAGs
[2024-11-16T11:26:55.869+0000] {logging_mixin.py:190} INFO - [2024-11-16T11:26:55.868+0000] {dag.py:4180} INFO - Setting next_dagrun for tutorial_objectstorage to None, run_after=None
[2024-11-16T11:26:55.947+0000] {processor.py:208} INFO - Processing /home/airflow/.local/lib/python3.12/site-packages/airflow/example_dags/tutorial_objectstorage.py took 0.413 seconds
[2024-11-16T11:27:26.091+0000] {processor.py:186} INFO - Started process (PID=24252) to work on /home/airflow/.local/lib/python3.12/site-packages/airflow/example_dags/tutorial_objectstorage.py
[2024-11-16T11:27:26.093+0000] {processor.py:914} INFO - Processing file /home/airflow/.local/lib/python3.12/site-packages/airflow/example_dags/tutorial_objectstorage.py for tasks to queue
[2024-11-16T11:27:26.097+0000] {logging_mixin.py:190} INFO - [2024-11-16T11:27:26.096+0000] {dagbag.py:588} INFO - Filling up the DagBag from /home/airflow/.local/lib/python3.12/site-packages/airflow/example_dags/tutorial_objectstorage.py
[2024-11-16T11:27:26.124+0000] {processor.py:925} INFO - DAG(s) 'tutorial_objectstorage' retrieved from /home/airflow/.local/lib/python3.12/site-packages/airflow/example_dags/tutorial_objectstorage.py
[2024-11-16T11:27:26.176+0000] {logging_mixin.py:190} INFO - [2024-11-16T11:27:26.175+0000] {dag.py:3239} INFO - Sync 1 DAGs
[2024-11-16T11:27:26.212+0000] {logging_mixin.py:190} INFO - [2024-11-16T11:27:26.211+0000] {dag.py:4180} INFO - Setting next_dagrun for tutorial_objectstorage to None, run_after=None
[2024-11-16T11:27:26.408+0000] {processor.py:208} INFO - Processing /home/airflow/.local/lib/python3.12/site-packages/airflow/example_dags/tutorial_objectstorage.py took 0.344 seconds
[2024-11-16T11:28:52.724+0000] {processor.py:186} INFO - Started process (PID=24314) to work on /home/airflow/.local/lib/python3.12/site-packages/airflow/example_dags/tutorial_objectstorage.py
[2024-11-16T11:28:52.733+0000] {processor.py:914} INFO - Processing file /home/airflow/.local/lib/python3.12/site-packages/airflow/example_dags/tutorial_objectstorage.py for tasks to queue
[2024-11-16T11:28:52.738+0000] {logging_mixin.py:190} INFO - [2024-11-16T11:28:52.737+0000] {dagbag.py:588} INFO - Filling up the DagBag from /home/airflow/.local/lib/python3.12/site-packages/airflow/example_dags/tutorial_objectstorage.py
[2024-11-16T11:28:52.790+0000] {processor.py:925} INFO - DAG(s) 'tutorial_objectstorage' retrieved from /home/airflow/.local/lib/python3.12/site-packages/airflow/example_dags/tutorial_objectstorage.py
[2024-11-16T11:28:52.874+0000] {logging_mixin.py:190} INFO - [2024-11-16T11:28:52.873+0000] {dag.py:3239} INFO - Sync 1 DAGs
[2024-11-16T11:28:52.956+0000] {logging_mixin.py:190} INFO - [2024-11-16T11:28:52.955+0000] {dag.py:4180} INFO - Setting next_dagrun for tutorial_objectstorage to None, run_after=None
[2024-11-16T11:28:53.062+0000] {processor.py:208} INFO - Processing /home/airflow/.local/lib/python3.12/site-packages/airflow/example_dags/tutorial_objectstorage.py took 0.363 seconds
[2024-11-16T11:29:23.409+0000] {processor.py:186} INFO - Started process (PID=24377) to work on /home/airflow/.local/lib/python3.12/site-packages/airflow/example_dags/tutorial_objectstorage.py
[2024-11-16T11:29:23.415+0000] {processor.py:914} INFO - Processing file /home/airflow/.local/lib/python3.12/site-packages/airflow/example_dags/tutorial_objectstorage.py for tasks to queue
[2024-11-16T11:29:23.419+0000] {logging_mixin.py:190} INFO - [2024-11-16T11:29:23.419+0000] {dagbag.py:588} INFO - Filling up the DagBag from /home/airflow/.local/lib/python3.12/site-packages/airflow/example_dags/tutorial_objectstorage.py
[2024-11-16T11:29:23.443+0000] {processor.py:925} INFO - DAG(s) 'tutorial_objectstorage' retrieved from /home/airflow/.local/lib/python3.12/site-packages/airflow/example_dags/tutorial_objectstorage.py
[2024-11-16T11:29:23.490+0000] {logging_mixin.py:190} INFO - [2024-11-16T11:29:23.490+0000] {dag.py:3239} INFO - Sync 1 DAGs
[2024-11-16T11:29:23.524+0000] {logging_mixin.py:190} INFO - [2024-11-16T11:29:23.523+0000] {dag.py:4180} INFO - Setting next_dagrun for tutorial_objectstorage to None, run_after=None
[2024-11-16T11:29:23.561+0000] {processor.py:208} INFO - Processing /home/airflow/.local/lib/python3.12/site-packages/airflow/example_dags/tutorial_objectstorage.py took 0.164 seconds
[2024-11-16T11:29:54.186+0000] {processor.py:186} INFO - Started process (PID=24440) to work on /home/airflow/.local/lib/python3.12/site-packages/airflow/example_dags/tutorial_objectstorage.py
[2024-11-16T11:29:54.188+0000] {processor.py:914} INFO - Processing file /home/airflow/.local/lib/python3.12/site-packages/airflow/example_dags/tutorial_objectstorage.py for tasks to queue
[2024-11-16T11:29:54.190+0000] {logging_mixin.py:190} INFO - [2024-11-16T11:29:54.190+0000] {dagbag.py:588} INFO - Filling up the DagBag from /home/airflow/.local/lib/python3.12/site-packages/airflow/example_dags/tutorial_objectstorage.py
[2024-11-16T11:29:54.211+0000] {processor.py:925} INFO - DAG(s) 'tutorial_objectstorage' retrieved from /home/airflow/.local/lib/python3.12/site-packages/airflow/example_dags/tutorial_objectstorage.py
[2024-11-16T11:29:54.248+0000] {logging_mixin.py:190} INFO - [2024-11-16T11:29:54.248+0000] {dag.py:3239} INFO - Sync 1 DAGs
[2024-11-16T11:29:54.270+0000] {logging_mixin.py:190} INFO - [2024-11-16T11:29:54.270+0000] {dag.py:4180} INFO - Setting next_dagrun for tutorial_objectstorage to None, run_after=None
[2024-11-16T11:29:54.301+0000] {processor.py:208} INFO - Processing /home/airflow/.local/lib/python3.12/site-packages/airflow/example_dags/tutorial_objectstorage.py took 0.125 seconds
[2024-11-16T11:30:26.647+0000] {processor.py:186} INFO - Started process (PID=24503) to work on /home/airflow/.local/lib/python3.12/site-packages/airflow/example_dags/tutorial_objectstorage.py
[2024-11-16T11:30:26.653+0000] {processor.py:914} INFO - Processing file /home/airflow/.local/lib/python3.12/site-packages/airflow/example_dags/tutorial_objectstorage.py for tasks to queue
[2024-11-16T11:30:26.656+0000] {logging_mixin.py:190} INFO - [2024-11-16T11:30:26.655+0000] {dagbag.py:588} INFO - Filling up the DagBag from /home/airflow/.local/lib/python3.12/site-packages/airflow/example_dags/tutorial_objectstorage.py
[2024-11-16T11:30:26.677+0000] {processor.py:925} INFO - DAG(s) 'tutorial_objectstorage' retrieved from /home/airflow/.local/lib/python3.12/site-packages/airflow/example_dags/tutorial_objectstorage.py
[2024-11-16T11:30:26.717+0000] {logging_mixin.py:190} INFO - [2024-11-16T11:30:26.716+0000] {dag.py:3239} INFO - Sync 1 DAGs
[2024-11-16T11:30:26.994+0000] {logging_mixin.py:190} INFO - [2024-11-16T11:30:26.993+0000] {dag.py:4180} INFO - Setting next_dagrun for tutorial_objectstorage to None, run_after=None
[2024-11-16T11:30:27.030+0000] {processor.py:208} INFO - Processing /home/airflow/.local/lib/python3.12/site-packages/airflow/example_dags/tutorial_objectstorage.py took 0.392 seconds
[2024-11-16T11:31:07.577+0000] {processor.py:186} INFO - Started process (PID=24566) to work on /home/airflow/.local/lib/python3.12/site-packages/airflow/example_dags/tutorial_objectstorage.py
[2024-11-16T11:31:07.579+0000] {processor.py:914} INFO - Processing file /home/airflow/.local/lib/python3.12/site-packages/airflow/example_dags/tutorial_objectstorage.py for tasks to queue
[2024-11-16T11:31:07.583+0000] {logging_mixin.py:190} INFO - [2024-11-16T11:31:07.583+0000] {dagbag.py:588} INFO - Filling up the DagBag from /home/airflow/.local/lib/python3.12/site-packages/airflow/example_dags/tutorial_objectstorage.py
[2024-11-16T11:31:07.609+0000] {processor.py:925} INFO - DAG(s) 'tutorial_objectstorage' retrieved from /home/airflow/.local/lib/python3.12/site-packages/airflow/example_dags/tutorial_objectstorage.py
[2024-11-16T11:31:07.655+0000] {logging_mixin.py:190} INFO - [2024-11-16T11:31:07.654+0000] {dag.py:3239} INFO - Sync 1 DAGs
[2024-11-16T11:31:07.695+0000] {logging_mixin.py:190} INFO - [2024-11-16T11:31:07.694+0000] {dag.py:4180} INFO - Setting next_dagrun for tutorial_objectstorage to None, run_after=None
[2024-11-16T11:31:08.018+0000] {processor.py:208} INFO - Processing /home/airflow/.local/lib/python3.12/site-packages/airflow/example_dags/tutorial_objectstorage.py took 0.459 seconds
[2024-11-16T11:32:00.071+0000] {processor.py:186} INFO - Started process (PID=24646) to work on /home/airflow/.local/lib/python3.12/site-packages/airflow/example_dags/tutorial_objectstorage.py
[2024-11-16T11:32:00.075+0000] {processor.py:914} INFO - Processing file /home/airflow/.local/lib/python3.12/site-packages/airflow/example_dags/tutorial_objectstorage.py for tasks to queue
[2024-11-16T11:32:00.078+0000] {logging_mixin.py:190} INFO - [2024-11-16T11:32:00.077+0000] {dagbag.py:588} INFO - Filling up the DagBag from /home/airflow/.local/lib/python3.12/site-packages/airflow/example_dags/tutorial_objectstorage.py
[2024-11-16T11:32:00.111+0000] {processor.py:925} INFO - DAG(s) 'tutorial_objectstorage' retrieved from /home/airflow/.local/lib/python3.12/site-packages/airflow/example_dags/tutorial_objectstorage.py
[2024-11-16T11:32:00.161+0000] {logging_mixin.py:190} INFO - [2024-11-16T11:32:00.161+0000] {dag.py:3239} INFO - Sync 1 DAGs
[2024-11-16T11:32:00.545+0000] {logging_mixin.py:190} INFO - [2024-11-16T11:32:00.537+0000] {dag.py:4180} INFO - Setting next_dagrun for tutorial_objectstorage to None, run_after=None
[2024-11-16T11:32:00.620+0000] {processor.py:208} INFO - Processing /home/airflow/.local/lib/python3.12/site-packages/airflow/example_dags/tutorial_objectstorage.py took 0.581 seconds
