[2024-11-12T10:13:46.196+0000] {processor.py:186} INFO - Started process (PID=12621) to work on /home/airflow/.local/lib/python3.12/site-packages/airflow/example_dags/example_branch_labels.py
[2024-11-12T10:13:46.197+0000] {processor.py:914} INFO - Processing file /home/airflow/.local/lib/python3.12/site-packages/airflow/example_dags/example_branch_labels.py for tasks to queue
[2024-11-12T10:13:46.200+0000] {logging_mixin.py:190} INFO - [2024-11-12T10:13:46.199+0000] {dagbag.py:588} INFO - Filling up the DagBag from /home/airflow/.local/lib/python3.12/site-packages/airflow/example_dags/example_branch_labels.py
[2024-11-12T10:13:46.217+0000] {processor.py:925} INFO - DAG(s) 'example_branch_labels' retrieved from /home/airflow/.local/lib/python3.12/site-packages/airflow/example_dags/example_branch_labels.py
[2024-11-12T10:13:46.252+0000] {logging_mixin.py:190} INFO - [2024-11-12T10:13:46.251+0000] {dag.py:3239} INFO - Sync 1 DAGs
[2024-11-12T10:13:46.284+0000] {logging_mixin.py:190} INFO - [2024-11-12T10:13:46.284+0000] {dag.py:4180} INFO - Setting next_dagrun for example_branch_labels to 2024-11-11 00:00:00+00:00, run_after=2024-11-12 00:00:00+00:00
[2024-11-12T10:13:46.311+0000] {processor.py:208} INFO - Processing /home/airflow/.local/lib/python3.12/site-packages/airflow/example_dags/example_branch_labels.py took 0.125 seconds
[2024-11-12T10:14:17.062+0000] {processor.py:186} INFO - Started process (PID=12683) to work on /home/airflow/.local/lib/python3.12/site-packages/airflow/example_dags/example_branch_labels.py
[2024-11-12T10:14:17.065+0000] {processor.py:914} INFO - Processing file /home/airflow/.local/lib/python3.12/site-packages/airflow/example_dags/example_branch_labels.py for tasks to queue
[2024-11-12T10:14:17.067+0000] {logging_mixin.py:190} INFO - [2024-11-12T10:14:17.067+0000] {dagbag.py:588} INFO - Filling up the DagBag from /home/airflow/.local/lib/python3.12/site-packages/airflow/example_dags/example_branch_labels.py
[2024-11-12T10:14:17.079+0000] {processor.py:925} INFO - DAG(s) 'example_branch_labels' retrieved from /home/airflow/.local/lib/python3.12/site-packages/airflow/example_dags/example_branch_labels.py
[2024-11-12T10:14:17.111+0000] {logging_mixin.py:190} INFO - [2024-11-12T10:14:17.111+0000] {dag.py:3239} INFO - Sync 1 DAGs
[2024-11-12T10:14:17.145+0000] {logging_mixin.py:190} INFO - [2024-11-12T10:14:17.145+0000] {dag.py:4180} INFO - Setting next_dagrun for example_branch_labels to 2024-11-11 00:00:00+00:00, run_after=2024-11-12 00:00:00+00:00
[2024-11-12T10:14:17.170+0000] {processor.py:208} INFO - Processing /home/airflow/.local/lib/python3.12/site-packages/airflow/example_dags/example_branch_labels.py took 0.114 seconds
[2024-11-12T10:14:47.267+0000] {processor.py:186} INFO - Started process (PID=12744) to work on /home/airflow/.local/lib/python3.12/site-packages/airflow/example_dags/example_branch_labels.py
[2024-11-12T10:14:47.268+0000] {processor.py:914} INFO - Processing file /home/airflow/.local/lib/python3.12/site-packages/airflow/example_dags/example_branch_labels.py for tasks to queue
[2024-11-12T10:14:47.271+0000] {logging_mixin.py:190} INFO - [2024-11-12T10:14:47.270+0000] {dagbag.py:588} INFO - Filling up the DagBag from /home/airflow/.local/lib/python3.12/site-packages/airflow/example_dags/example_branch_labels.py
[2024-11-12T10:14:47.287+0000] {processor.py:925} INFO - DAG(s) 'example_branch_labels' retrieved from /home/airflow/.local/lib/python3.12/site-packages/airflow/example_dags/example_branch_labels.py
[2024-11-12T10:14:47.319+0000] {logging_mixin.py:190} INFO - [2024-11-12T10:14:47.319+0000] {dag.py:3239} INFO - Sync 1 DAGs
[2024-11-12T10:14:47.360+0000] {logging_mixin.py:190} INFO - [2024-11-12T10:14:47.359+0000] {dag.py:4180} INFO - Setting next_dagrun for example_branch_labels to 2024-11-11 00:00:00+00:00, run_after=2024-11-12 00:00:00+00:00
[2024-11-12T10:14:47.388+0000] {processor.py:208} INFO - Processing /home/airflow/.local/lib/python3.12/site-packages/airflow/example_dags/example_branch_labels.py took 0.131 seconds
[2024-11-12T10:15:17.755+0000] {processor.py:186} INFO - Started process (PID=12800) to work on /home/airflow/.local/lib/python3.12/site-packages/airflow/example_dags/example_branch_labels.py
[2024-11-12T10:15:17.762+0000] {processor.py:914} INFO - Processing file /home/airflow/.local/lib/python3.12/site-packages/airflow/example_dags/example_branch_labels.py for tasks to queue
[2024-11-12T10:15:17.766+0000] {logging_mixin.py:190} INFO - [2024-11-12T10:15:17.765+0000] {dagbag.py:588} INFO - Filling up the DagBag from /home/airflow/.local/lib/python3.12/site-packages/airflow/example_dags/example_branch_labels.py
[2024-11-12T10:15:17.809+0000] {processor.py:925} INFO - DAG(s) 'example_branch_labels' retrieved from /home/airflow/.local/lib/python3.12/site-packages/airflow/example_dags/example_branch_labels.py
[2024-11-12T10:15:17.889+0000] {logging_mixin.py:190} INFO - [2024-11-12T10:15:17.887+0000] {dag.py:3239} INFO - Sync 1 DAGs
[2024-11-12T10:15:18.011+0000] {logging_mixin.py:190} INFO - [2024-11-12T10:15:18.011+0000] {dag.py:4180} INFO - Setting next_dagrun for example_branch_labels to 2024-11-11 00:00:00+00:00, run_after=2024-11-12 00:00:00+00:00
[2024-11-12T10:15:18.100+0000] {processor.py:208} INFO - Processing /home/airflow/.local/lib/python3.12/site-packages/airflow/example_dags/example_branch_labels.py took 0.377 seconds
[2024-11-12T10:15:48.259+0000] {processor.py:186} INFO - Started process (PID=12863) to work on /home/airflow/.local/lib/python3.12/site-packages/airflow/example_dags/example_branch_labels.py
[2024-11-12T10:15:48.261+0000] {processor.py:914} INFO - Processing file /home/airflow/.local/lib/python3.12/site-packages/airflow/example_dags/example_branch_labels.py for tasks to queue
[2024-11-12T10:15:48.263+0000] {logging_mixin.py:190} INFO - [2024-11-12T10:15:48.263+0000] {dagbag.py:588} INFO - Filling up the DagBag from /home/airflow/.local/lib/python3.12/site-packages/airflow/example_dags/example_branch_labels.py
[2024-11-12T10:15:48.276+0000] {processor.py:925} INFO - DAG(s) 'example_branch_labels' retrieved from /home/airflow/.local/lib/python3.12/site-packages/airflow/example_dags/example_branch_labels.py
[2024-11-12T10:15:48.303+0000] {logging_mixin.py:190} INFO - [2024-11-12T10:15:48.302+0000] {dag.py:3239} INFO - Sync 1 DAGs
[2024-11-12T10:15:48.344+0000] {logging_mixin.py:190} INFO - [2024-11-12T10:15:48.344+0000] {dag.py:4180} INFO - Setting next_dagrun for example_branch_labels to 2024-11-11 00:00:00+00:00, run_after=2024-11-12 00:00:00+00:00
[2024-11-12T10:15:48.371+0000] {processor.py:208} INFO - Processing /home/airflow/.local/lib/python3.12/site-packages/airflow/example_dags/example_branch_labels.py took 0.121 seconds
[2024-11-12T10:16:18.748+0000] {processor.py:186} INFO - Started process (PID=12925) to work on /home/airflow/.local/lib/python3.12/site-packages/airflow/example_dags/example_branch_labels.py
[2024-11-12T10:16:18.750+0000] {processor.py:914} INFO - Processing file /home/airflow/.local/lib/python3.12/site-packages/airflow/example_dags/example_branch_labels.py for tasks to queue
[2024-11-12T10:16:18.754+0000] {logging_mixin.py:190} INFO - [2024-11-12T10:16:18.753+0000] {dagbag.py:588} INFO - Filling up the DagBag from /home/airflow/.local/lib/python3.12/site-packages/airflow/example_dags/example_branch_labels.py
[2024-11-12T10:16:18.778+0000] {processor.py:925} INFO - DAG(s) 'example_branch_labels' retrieved from /home/airflow/.local/lib/python3.12/site-packages/airflow/example_dags/example_branch_labels.py
[2024-11-12T10:16:18.822+0000] {logging_mixin.py:190} INFO - [2024-11-12T10:16:18.821+0000] {dag.py:3239} INFO - Sync 1 DAGs
[2024-11-12T10:16:18.874+0000] {logging_mixin.py:190} INFO - [2024-11-12T10:16:18.873+0000] {dag.py:4180} INFO - Setting next_dagrun for example_branch_labels to 2024-11-11 00:00:00+00:00, run_after=2024-11-12 00:00:00+00:00
[2024-11-12T10:16:18.911+0000] {processor.py:208} INFO - Processing /home/airflow/.local/lib/python3.12/site-packages/airflow/example_dags/example_branch_labels.py took 0.178 seconds
[2024-11-12T10:16:49.231+0000] {processor.py:186} INFO - Started process (PID=12987) to work on /home/airflow/.local/lib/python3.12/site-packages/airflow/example_dags/example_branch_labels.py
[2024-11-12T10:16:49.233+0000] {processor.py:914} INFO - Processing file /home/airflow/.local/lib/python3.12/site-packages/airflow/example_dags/example_branch_labels.py for tasks to queue
[2024-11-12T10:16:49.235+0000] {logging_mixin.py:190} INFO - [2024-11-12T10:16:49.235+0000] {dagbag.py:588} INFO - Filling up the DagBag from /home/airflow/.local/lib/python3.12/site-packages/airflow/example_dags/example_branch_labels.py
[2024-11-12T10:16:49.255+0000] {processor.py:925} INFO - DAG(s) 'example_branch_labels' retrieved from /home/airflow/.local/lib/python3.12/site-packages/airflow/example_dags/example_branch_labels.py
[2024-11-12T10:16:49.288+0000] {logging_mixin.py:190} INFO - [2024-11-12T10:16:49.288+0000] {dag.py:3239} INFO - Sync 1 DAGs
[2024-11-12T10:16:49.333+0000] {logging_mixin.py:190} INFO - [2024-11-12T10:16:49.333+0000] {dag.py:4180} INFO - Setting next_dagrun for example_branch_labels to 2024-11-11 00:00:00+00:00, run_after=2024-11-12 00:00:00+00:00
[2024-11-12T10:16:49.378+0000] {processor.py:208} INFO - Processing /home/airflow/.local/lib/python3.12/site-packages/airflow/example_dags/example_branch_labels.py took 0.155 seconds
[2024-11-12T10:17:19.869+0000] {processor.py:186} INFO - Started process (PID=13047) to work on /home/airflow/.local/lib/python3.12/site-packages/airflow/example_dags/example_branch_labels.py
[2024-11-12T10:17:19.871+0000] {processor.py:914} INFO - Processing file /home/airflow/.local/lib/python3.12/site-packages/airflow/example_dags/example_branch_labels.py for tasks to queue
[2024-11-12T10:17:19.872+0000] {logging_mixin.py:190} INFO - [2024-11-12T10:17:19.872+0000] {dagbag.py:588} INFO - Filling up the DagBag from /home/airflow/.local/lib/python3.12/site-packages/airflow/example_dags/example_branch_labels.py
[2024-11-12T10:17:19.884+0000] {processor.py:925} INFO - DAG(s) 'example_branch_labels' retrieved from /home/airflow/.local/lib/python3.12/site-packages/airflow/example_dags/example_branch_labels.py
[2024-11-12T10:17:19.911+0000] {logging_mixin.py:190} INFO - [2024-11-12T10:17:19.911+0000] {dag.py:3239} INFO - Sync 1 DAGs
[2024-11-12T10:17:19.942+0000] {logging_mixin.py:190} INFO - [2024-11-12T10:17:19.942+0000] {dag.py:4180} INFO - Setting next_dagrun for example_branch_labels to 2024-11-11 00:00:00+00:00, run_after=2024-11-12 00:00:00+00:00
[2024-11-12T10:17:19.966+0000] {processor.py:208} INFO - Processing /home/airflow/.local/lib/python3.12/site-packages/airflow/example_dags/example_branch_labels.py took 0.106 seconds
[2024-11-12T10:17:50.068+0000] {processor.py:186} INFO - Started process (PID=13109) to work on /home/airflow/.local/lib/python3.12/site-packages/airflow/example_dags/example_branch_labels.py
[2024-11-12T10:17:50.070+0000] {processor.py:914} INFO - Processing file /home/airflow/.local/lib/python3.12/site-packages/airflow/example_dags/example_branch_labels.py for tasks to queue
[2024-11-12T10:17:50.072+0000] {logging_mixin.py:190} INFO - [2024-11-12T10:17:50.071+0000] {dagbag.py:588} INFO - Filling up the DagBag from /home/airflow/.local/lib/python3.12/site-packages/airflow/example_dags/example_branch_labels.py
[2024-11-12T10:17:50.089+0000] {processor.py:925} INFO - DAG(s) 'example_branch_labels' retrieved from /home/airflow/.local/lib/python3.12/site-packages/airflow/example_dags/example_branch_labels.py
[2024-11-12T10:17:50.126+0000] {logging_mixin.py:190} INFO - [2024-11-12T10:17:50.126+0000] {dag.py:3239} INFO - Sync 1 DAGs
[2024-11-12T10:17:50.171+0000] {logging_mixin.py:190} INFO - [2024-11-12T10:17:50.171+0000] {dag.py:4180} INFO - Setting next_dagrun for example_branch_labels to 2024-11-11 00:00:00+00:00, run_after=2024-11-12 00:00:00+00:00
[2024-11-12T10:17:50.206+0000] {processor.py:208} INFO - Processing /home/airflow/.local/lib/python3.12/site-packages/airflow/example_dags/example_branch_labels.py took 0.150 seconds
[2024-11-12T10:18:20.438+0000] {processor.py:186} INFO - Started process (PID=13169) to work on /home/airflow/.local/lib/python3.12/site-packages/airflow/example_dags/example_branch_labels.py
[2024-11-12T10:18:20.440+0000] {processor.py:914} INFO - Processing file /home/airflow/.local/lib/python3.12/site-packages/airflow/example_dags/example_branch_labels.py for tasks to queue
[2024-11-12T10:18:20.442+0000] {logging_mixin.py:190} INFO - [2024-11-12T10:18:20.442+0000] {dagbag.py:588} INFO - Filling up the DagBag from /home/airflow/.local/lib/python3.12/site-packages/airflow/example_dags/example_branch_labels.py
[2024-11-12T10:18:20.463+0000] {processor.py:925} INFO - DAG(s) 'example_branch_labels' retrieved from /home/airflow/.local/lib/python3.12/site-packages/airflow/example_dags/example_branch_labels.py
[2024-11-12T10:18:20.501+0000] {logging_mixin.py:190} INFO - [2024-11-12T10:18:20.500+0000] {dag.py:3239} INFO - Sync 1 DAGs
[2024-11-12T10:18:20.541+0000] {logging_mixin.py:190} INFO - [2024-11-12T10:18:20.541+0000] {dag.py:4180} INFO - Setting next_dagrun for example_branch_labels to 2024-11-11 00:00:00+00:00, run_after=2024-11-12 00:00:00+00:00
[2024-11-12T10:18:20.576+0000] {processor.py:208} INFO - Processing /home/airflow/.local/lib/python3.12/site-packages/airflow/example_dags/example_branch_labels.py took 0.149 seconds
[2024-11-12T10:18:50.963+0000] {processor.py:186} INFO - Started process (PID=13231) to work on /home/airflow/.local/lib/python3.12/site-packages/airflow/example_dags/example_branch_labels.py
[2024-11-12T10:18:50.965+0000] {processor.py:914} INFO - Processing file /home/airflow/.local/lib/python3.12/site-packages/airflow/example_dags/example_branch_labels.py for tasks to queue
[2024-11-12T10:18:50.968+0000] {logging_mixin.py:190} INFO - [2024-11-12T10:18:50.967+0000] {dagbag.py:588} INFO - Filling up the DagBag from /home/airflow/.local/lib/python3.12/site-packages/airflow/example_dags/example_branch_labels.py
[2024-11-12T10:18:50.991+0000] {processor.py:925} INFO - DAG(s) 'example_branch_labels' retrieved from /home/airflow/.local/lib/python3.12/site-packages/airflow/example_dags/example_branch_labels.py
[2024-11-12T10:18:51.026+0000] {logging_mixin.py:190} INFO - [2024-11-12T10:18:51.026+0000] {dag.py:3239} INFO - Sync 1 DAGs
[2024-11-12T10:18:51.086+0000] {logging_mixin.py:190} INFO - [2024-11-12T10:18:51.085+0000] {dag.py:4180} INFO - Setting next_dagrun for example_branch_labels to 2024-11-11 00:00:00+00:00, run_after=2024-11-12 00:00:00+00:00
[2024-11-12T10:18:51.120+0000] {processor.py:208} INFO - Processing /home/airflow/.local/lib/python3.12/site-packages/airflow/example_dags/example_branch_labels.py took 0.168 seconds
[2024-11-12T10:19:21.313+0000] {processor.py:186} INFO - Started process (PID=13294) to work on /home/airflow/.local/lib/python3.12/site-packages/airflow/example_dags/example_branch_labels.py
[2024-11-12T10:19:21.315+0000] {processor.py:914} INFO - Processing file /home/airflow/.local/lib/python3.12/site-packages/airflow/example_dags/example_branch_labels.py for tasks to queue
[2024-11-12T10:19:21.319+0000] {logging_mixin.py:190} INFO - [2024-11-12T10:19:21.318+0000] {dagbag.py:588} INFO - Filling up the DagBag from /home/airflow/.local/lib/python3.12/site-packages/airflow/example_dags/example_branch_labels.py
[2024-11-12T10:19:21.337+0000] {processor.py:925} INFO - DAG(s) 'example_branch_labels' retrieved from /home/airflow/.local/lib/python3.12/site-packages/airflow/example_dags/example_branch_labels.py
[2024-11-12T10:19:21.385+0000] {logging_mixin.py:190} INFO - [2024-11-12T10:19:21.384+0000] {dag.py:3239} INFO - Sync 1 DAGs
[2024-11-12T10:19:21.432+0000] {logging_mixin.py:190} INFO - [2024-11-12T10:19:21.432+0000] {dag.py:4180} INFO - Setting next_dagrun for example_branch_labels to 2024-11-11 00:00:00+00:00, run_after=2024-11-12 00:00:00+00:00
[2024-11-12T10:19:21.461+0000] {processor.py:208} INFO - Processing /home/airflow/.local/lib/python3.12/site-packages/airflow/example_dags/example_branch_labels.py took 0.166 seconds
[2024-11-12T10:19:51.986+0000] {processor.py:186} INFO - Started process (PID=13356) to work on /home/airflow/.local/lib/python3.12/site-packages/airflow/example_dags/example_branch_labels.py
[2024-11-12T10:19:51.987+0000] {processor.py:914} INFO - Processing file /home/airflow/.local/lib/python3.12/site-packages/airflow/example_dags/example_branch_labels.py for tasks to queue
[2024-11-12T10:19:51.989+0000] {logging_mixin.py:190} INFO - [2024-11-12T10:19:51.989+0000] {dagbag.py:588} INFO - Filling up the DagBag from /home/airflow/.local/lib/python3.12/site-packages/airflow/example_dags/example_branch_labels.py
[2024-11-12T10:19:52.009+0000] {processor.py:925} INFO - DAG(s) 'example_branch_labels' retrieved from /home/airflow/.local/lib/python3.12/site-packages/airflow/example_dags/example_branch_labels.py
[2024-11-12T10:19:52.041+0000] {logging_mixin.py:190} INFO - [2024-11-12T10:19:52.040+0000] {dag.py:3239} INFO - Sync 1 DAGs
[2024-11-12T10:19:52.083+0000] {logging_mixin.py:190} INFO - [2024-11-12T10:19:52.083+0000] {dag.py:4180} INFO - Setting next_dagrun for example_branch_labels to 2024-11-11 00:00:00+00:00, run_after=2024-11-12 00:00:00+00:00
[2024-11-12T10:19:52.109+0000] {processor.py:208} INFO - Processing /home/airflow/.local/lib/python3.12/site-packages/airflow/example_dags/example_branch_labels.py took 0.132 seconds
[2024-11-12T10:20:22.220+0000] {processor.py:186} INFO - Started process (PID=13418) to work on /home/airflow/.local/lib/python3.12/site-packages/airflow/example_dags/example_branch_labels.py
[2024-11-12T10:20:22.222+0000] {processor.py:914} INFO - Processing file /home/airflow/.local/lib/python3.12/site-packages/airflow/example_dags/example_branch_labels.py for tasks to queue
[2024-11-12T10:20:22.223+0000] {logging_mixin.py:190} INFO - [2024-11-12T10:20:22.223+0000] {dagbag.py:588} INFO - Filling up the DagBag from /home/airflow/.local/lib/python3.12/site-packages/airflow/example_dags/example_branch_labels.py
[2024-11-12T10:20:22.236+0000] {processor.py:925} INFO - DAG(s) 'example_branch_labels' retrieved from /home/airflow/.local/lib/python3.12/site-packages/airflow/example_dags/example_branch_labels.py
[2024-11-12T10:20:22.265+0000] {logging_mixin.py:190} INFO - [2024-11-12T10:20:22.265+0000] {dag.py:3239} INFO - Sync 1 DAGs
[2024-11-12T10:20:22.298+0000] {logging_mixin.py:190} INFO - [2024-11-12T10:20:22.298+0000] {dag.py:4180} INFO - Setting next_dagrun for example_branch_labels to 2024-11-11 00:00:00+00:00, run_after=2024-11-12 00:00:00+00:00
[2024-11-12T10:20:22.322+0000] {processor.py:208} INFO - Processing /home/airflow/.local/lib/python3.12/site-packages/airflow/example_dags/example_branch_labels.py took 0.109 seconds
[2024-11-12T10:20:52.902+0000] {processor.py:186} INFO - Started process (PID=13480) to work on /home/airflow/.local/lib/python3.12/site-packages/airflow/example_dags/example_branch_labels.py
[2024-11-12T10:20:52.904+0000] {processor.py:914} INFO - Processing file /home/airflow/.local/lib/python3.12/site-packages/airflow/example_dags/example_branch_labels.py for tasks to queue
[2024-11-12T10:20:52.907+0000] {logging_mixin.py:190} INFO - [2024-11-12T10:20:52.906+0000] {dagbag.py:588} INFO - Filling up the DagBag from /home/airflow/.local/lib/python3.12/site-packages/airflow/example_dags/example_branch_labels.py
[2024-11-12T10:20:52.936+0000] {processor.py:925} INFO - DAG(s) 'example_branch_labels' retrieved from /home/airflow/.local/lib/python3.12/site-packages/airflow/example_dags/example_branch_labels.py
[2024-11-12T10:20:52.980+0000] {logging_mixin.py:190} INFO - [2024-11-12T10:20:52.979+0000] {dag.py:3239} INFO - Sync 1 DAGs
[2024-11-12T10:20:53.035+0000] {logging_mixin.py:190} INFO - [2024-11-12T10:20:53.034+0000] {dag.py:4180} INFO - Setting next_dagrun for example_branch_labels to 2024-11-11 00:00:00+00:00, run_after=2024-11-12 00:00:00+00:00
[2024-11-12T10:20:53.070+0000] {processor.py:208} INFO - Processing /home/airflow/.local/lib/python3.12/site-packages/airflow/example_dags/example_branch_labels.py took 0.180 seconds
[2024-11-12T10:21:23.645+0000] {processor.py:186} INFO - Started process (PID=13540) to work on /home/airflow/.local/lib/python3.12/site-packages/airflow/example_dags/example_branch_labels.py
[2024-11-12T10:21:23.647+0000] {processor.py:914} INFO - Processing file /home/airflow/.local/lib/python3.12/site-packages/airflow/example_dags/example_branch_labels.py for tasks to queue
[2024-11-12T10:21:23.649+0000] {logging_mixin.py:190} INFO - [2024-11-12T10:21:23.648+0000] {dagbag.py:588} INFO - Filling up the DagBag from /home/airflow/.local/lib/python3.12/site-packages/airflow/example_dags/example_branch_labels.py
[2024-11-12T10:21:23.660+0000] {processor.py:925} INFO - DAG(s) 'example_branch_labels' retrieved from /home/airflow/.local/lib/python3.12/site-packages/airflow/example_dags/example_branch_labels.py
[2024-11-12T10:21:23.689+0000] {logging_mixin.py:190} INFO - [2024-11-12T10:21:23.688+0000] {dag.py:3239} INFO - Sync 1 DAGs
[2024-11-12T10:21:23.725+0000] {logging_mixin.py:190} INFO - [2024-11-12T10:21:23.725+0000] {dag.py:4180} INFO - Setting next_dagrun for example_branch_labels to 2024-11-11 00:00:00+00:00, run_after=2024-11-12 00:00:00+00:00
[2024-11-12T10:21:23.761+0000] {processor.py:208} INFO - Processing /home/airflow/.local/lib/python3.12/site-packages/airflow/example_dags/example_branch_labels.py took 0.124 seconds
[2024-11-12T10:21:53.925+0000] {processor.py:186} INFO - Started process (PID=13603) to work on /home/airflow/.local/lib/python3.12/site-packages/airflow/example_dags/example_branch_labels.py
[2024-11-12T10:21:53.927+0000] {processor.py:914} INFO - Processing file /home/airflow/.local/lib/python3.12/site-packages/airflow/example_dags/example_branch_labels.py for tasks to queue
[2024-11-12T10:21:53.929+0000] {logging_mixin.py:190} INFO - [2024-11-12T10:21:53.928+0000] {dagbag.py:588} INFO - Filling up the DagBag from /home/airflow/.local/lib/python3.12/site-packages/airflow/example_dags/example_branch_labels.py
[2024-11-12T10:21:53.944+0000] {processor.py:925} INFO - DAG(s) 'example_branch_labels' retrieved from /home/airflow/.local/lib/python3.12/site-packages/airflow/example_dags/example_branch_labels.py
[2024-11-12T10:21:53.978+0000] {logging_mixin.py:190} INFO - [2024-11-12T10:21:53.977+0000] {dag.py:3239} INFO - Sync 1 DAGs
[2024-11-12T10:21:54.025+0000] {logging_mixin.py:190} INFO - [2024-11-12T10:21:54.024+0000] {dag.py:4180} INFO - Setting next_dagrun for example_branch_labels to 2024-11-11 00:00:00+00:00, run_after=2024-11-12 00:00:00+00:00
[2024-11-12T10:21:54.061+0000] {processor.py:208} INFO - Processing /home/airflow/.local/lib/python3.12/site-packages/airflow/example_dags/example_branch_labels.py took 0.145 seconds
[2024-11-12T10:22:24.361+0000] {processor.py:186} INFO - Started process (PID=13666) to work on /home/airflow/.local/lib/python3.12/site-packages/airflow/example_dags/example_branch_labels.py
[2024-11-12T10:22:24.364+0000] {processor.py:914} INFO - Processing file /home/airflow/.local/lib/python3.12/site-packages/airflow/example_dags/example_branch_labels.py for tasks to queue
[2024-11-12T10:22:24.367+0000] {logging_mixin.py:190} INFO - [2024-11-12T10:22:24.366+0000] {dagbag.py:588} INFO - Filling up the DagBag from /home/airflow/.local/lib/python3.12/site-packages/airflow/example_dags/example_branch_labels.py
[2024-11-12T10:22:24.400+0000] {processor.py:925} INFO - DAG(s) 'example_branch_labels' retrieved from /home/airflow/.local/lib/python3.12/site-packages/airflow/example_dags/example_branch_labels.py
[2024-11-12T10:22:24.453+0000] {logging_mixin.py:190} INFO - [2024-11-12T10:22:24.452+0000] {dag.py:3239} INFO - Sync 1 DAGs
[2024-11-12T10:22:24.543+0000] {logging_mixin.py:190} INFO - [2024-11-12T10:22:24.542+0000] {dag.py:4180} INFO - Setting next_dagrun for example_branch_labels to 2024-11-11 00:00:00+00:00, run_after=2024-11-12 00:00:00+00:00
[2024-11-12T10:22:24.587+0000] {processor.py:208} INFO - Processing /home/airflow/.local/lib/python3.12/site-packages/airflow/example_dags/example_branch_labels.py took 0.241 seconds
[2024-11-12T10:22:54.958+0000] {processor.py:186} INFO - Started process (PID=13729) to work on /home/airflow/.local/lib/python3.12/site-packages/airflow/example_dags/example_branch_labels.py
[2024-11-12T10:22:54.959+0000] {processor.py:914} INFO - Processing file /home/airflow/.local/lib/python3.12/site-packages/airflow/example_dags/example_branch_labels.py for tasks to queue
[2024-11-12T10:22:54.961+0000] {logging_mixin.py:190} INFO - [2024-11-12T10:22:54.961+0000] {dagbag.py:588} INFO - Filling up the DagBag from /home/airflow/.local/lib/python3.12/site-packages/airflow/example_dags/example_branch_labels.py
[2024-11-12T10:22:54.975+0000] {processor.py:925} INFO - DAG(s) 'example_branch_labels' retrieved from /home/airflow/.local/lib/python3.12/site-packages/airflow/example_dags/example_branch_labels.py
[2024-11-12T10:22:55.015+0000] {logging_mixin.py:190} INFO - [2024-11-12T10:22:55.014+0000] {dag.py:3239} INFO - Sync 1 DAGs
[2024-11-12T10:22:55.064+0000] {logging_mixin.py:190} INFO - [2024-11-12T10:22:55.063+0000] {dag.py:4180} INFO - Setting next_dagrun for example_branch_labels to 2024-11-11 00:00:00+00:00, run_after=2024-11-12 00:00:00+00:00
[2024-11-12T10:22:55.106+0000] {processor.py:208} INFO - Processing /home/airflow/.local/lib/python3.12/site-packages/airflow/example_dags/example_branch_labels.py took 0.159 seconds
[2024-11-12T10:23:25.443+0000] {processor.py:186} INFO - Started process (PID=13792) to work on /home/airflow/.local/lib/python3.12/site-packages/airflow/example_dags/example_branch_labels.py
[2024-11-12T10:23:25.444+0000] {processor.py:914} INFO - Processing file /home/airflow/.local/lib/python3.12/site-packages/airflow/example_dags/example_branch_labels.py for tasks to queue
[2024-11-12T10:23:25.447+0000] {logging_mixin.py:190} INFO - [2024-11-12T10:23:25.446+0000] {dagbag.py:588} INFO - Filling up the DagBag from /home/airflow/.local/lib/python3.12/site-packages/airflow/example_dags/example_branch_labels.py
[2024-11-12T10:23:25.459+0000] {processor.py:925} INFO - DAG(s) 'example_branch_labels' retrieved from /home/airflow/.local/lib/python3.12/site-packages/airflow/example_dags/example_branch_labels.py
[2024-11-12T10:23:25.485+0000] {logging_mixin.py:190} INFO - [2024-11-12T10:23:25.484+0000] {dag.py:3239} INFO - Sync 1 DAGs
[2024-11-12T10:23:25.518+0000] {logging_mixin.py:190} INFO - [2024-11-12T10:23:25.518+0000] {dag.py:4180} INFO - Setting next_dagrun for example_branch_labels to 2024-11-11 00:00:00+00:00, run_after=2024-11-12 00:00:00+00:00
[2024-11-12T10:23:25.543+0000] {processor.py:208} INFO - Processing /home/airflow/.local/lib/python3.12/site-packages/airflow/example_dags/example_branch_labels.py took 0.107 seconds
[2024-11-12T10:23:56.066+0000] {processor.py:186} INFO - Started process (PID=13855) to work on /home/airflow/.local/lib/python3.12/site-packages/airflow/example_dags/example_branch_labels.py
[2024-11-12T10:23:56.067+0000] {processor.py:914} INFO - Processing file /home/airflow/.local/lib/python3.12/site-packages/airflow/example_dags/example_branch_labels.py for tasks to queue
[2024-11-12T10:23:56.069+0000] {logging_mixin.py:190} INFO - [2024-11-12T10:23:56.069+0000] {dagbag.py:588} INFO - Filling up the DagBag from /home/airflow/.local/lib/python3.12/site-packages/airflow/example_dags/example_branch_labels.py
[2024-11-12T10:23:56.082+0000] {processor.py:925} INFO - DAG(s) 'example_branch_labels' retrieved from /home/airflow/.local/lib/python3.12/site-packages/airflow/example_dags/example_branch_labels.py
[2024-11-12T10:23:56.110+0000] {logging_mixin.py:190} INFO - [2024-11-12T10:23:56.110+0000] {dag.py:3239} INFO - Sync 1 DAGs
[2024-11-12T10:23:56.141+0000] {logging_mixin.py:190} INFO - [2024-11-12T10:23:56.141+0000] {dag.py:4180} INFO - Setting next_dagrun for example_branch_labels to 2024-11-11 00:00:00+00:00, run_after=2024-11-12 00:00:00+00:00
[2024-11-12T10:23:56.167+0000] {processor.py:208} INFO - Processing /home/airflow/.local/lib/python3.12/site-packages/airflow/example_dags/example_branch_labels.py took 0.109 seconds
[2024-11-12T10:24:26.402+0000] {processor.py:186} INFO - Started process (PID=13918) to work on /home/airflow/.local/lib/python3.12/site-packages/airflow/example_dags/example_branch_labels.py
[2024-11-12T10:24:26.403+0000] {processor.py:914} INFO - Processing file /home/airflow/.local/lib/python3.12/site-packages/airflow/example_dags/example_branch_labels.py for tasks to queue
[2024-11-12T10:24:26.405+0000] {logging_mixin.py:190} INFO - [2024-11-12T10:24:26.405+0000] {dagbag.py:588} INFO - Filling up the DagBag from /home/airflow/.local/lib/python3.12/site-packages/airflow/example_dags/example_branch_labels.py
[2024-11-12T10:24:26.422+0000] {processor.py:925} INFO - DAG(s) 'example_branch_labels' retrieved from /home/airflow/.local/lib/python3.12/site-packages/airflow/example_dags/example_branch_labels.py
[2024-11-12T10:24:26.458+0000] {logging_mixin.py:190} INFO - [2024-11-12T10:24:26.457+0000] {dag.py:3239} INFO - Sync 1 DAGs
[2024-11-12T10:24:26.498+0000] {logging_mixin.py:190} INFO - [2024-11-12T10:24:26.497+0000] {dag.py:4180} INFO - Setting next_dagrun for example_branch_labels to 2024-11-11 00:00:00+00:00, run_after=2024-11-12 00:00:00+00:00
[2024-11-12T10:24:26.531+0000] {processor.py:208} INFO - Processing /home/airflow/.local/lib/python3.12/site-packages/airflow/example_dags/example_branch_labels.py took 0.138 seconds
