[2024-11-12T10:14:12.060+0000] {processor.py:186} INFO - Started process (PID=12660) to work on /home/airflow/.local/lib/python3.12/site-packages/airflow/example_dags/example_branch_python_dop_operator_3.py
[2024-11-12T10:14:12.061+0000] {processor.py:914} INFO - Processing file /home/airflow/.local/lib/python3.12/site-packages/airflow/example_dags/example_branch_python_dop_operator_3.py for tasks to queue
[2024-11-12T10:14:12.063+0000] {logging_mixin.py:190} INFO - [2024-11-12T10:14:12.063+0000] {dagbag.py:588} INFO - Filling up the DagBag from /home/airflow/.local/lib/python3.12/site-packages/airflow/example_dags/example_branch_python_dop_operator_3.py
[2024-11-12T10:14:12.081+0000] {processor.py:925} INFO - DAG(s) 'example_branch_dop_operator_v3' retrieved from /home/airflow/.local/lib/python3.12/site-packages/airflow/example_dags/example_branch_python_dop_operator_3.py
[2024-11-12T10:14:12.114+0000] {logging_mixin.py:190} INFO - [2024-11-12T10:14:12.113+0000] {dag.py:3239} INFO - Sync 1 DAGs
[2024-11-12T10:14:12.159+0000] {logging_mixin.py:190} INFO - [2024-11-12T10:14:12.158+0000] {dag.py:4180} INFO - Setting next_dagrun for example_branch_dop_operator_v3 to 2024-11-12 10:13:00+00:00, run_after=2024-11-12 10:14:00+00:00
[2024-11-12T10:14:12.192+0000] {processor.py:208} INFO - Processing /home/airflow/.local/lib/python3.12/site-packages/airflow/example_dags/example_branch_python_dop_operator_3.py took 0.143 seconds
[2024-11-12T10:14:42.424+0000] {processor.py:186} INFO - Started process (PID=12722) to work on /home/airflow/.local/lib/python3.12/site-packages/airflow/example_dags/example_branch_python_dop_operator_3.py
[2024-11-12T10:14:42.426+0000] {processor.py:914} INFO - Processing file /home/airflow/.local/lib/python3.12/site-packages/airflow/example_dags/example_branch_python_dop_operator_3.py for tasks to queue
[2024-11-12T10:14:42.427+0000] {logging_mixin.py:190} INFO - [2024-11-12T10:14:42.427+0000] {dagbag.py:588} INFO - Filling up the DagBag from /home/airflow/.local/lib/python3.12/site-packages/airflow/example_dags/example_branch_python_dop_operator_3.py
[2024-11-12T10:14:42.442+0000] {processor.py:925} INFO - DAG(s) 'example_branch_dop_operator_v3' retrieved from /home/airflow/.local/lib/python3.12/site-packages/airflow/example_dags/example_branch_python_dop_operator_3.py
[2024-11-12T10:14:42.469+0000] {logging_mixin.py:190} INFO - [2024-11-12T10:14:42.469+0000] {dag.py:3239} INFO - Sync 1 DAGs
[2024-11-12T10:14:42.509+0000] {logging_mixin.py:190} INFO - [2024-11-12T10:14:42.509+0000] {dag.py:4180} INFO - Setting next_dagrun for example_branch_dop_operator_v3 to 2024-11-12 10:13:00+00:00, run_after=2024-11-12 10:14:00+00:00
[2024-11-12T10:14:42.536+0000] {processor.py:208} INFO - Processing /home/airflow/.local/lib/python3.12/site-packages/airflow/example_dags/example_branch_python_dop_operator_3.py took 0.121 seconds
[2024-11-12T10:15:13.317+0000] {processor.py:186} INFO - Started process (PID=12784) to work on /home/airflow/.local/lib/python3.12/site-packages/airflow/example_dags/example_branch_python_dop_operator_3.py
[2024-11-12T10:15:13.319+0000] {processor.py:914} INFO - Processing file /home/airflow/.local/lib/python3.12/site-packages/airflow/example_dags/example_branch_python_dop_operator_3.py for tasks to queue
[2024-11-12T10:15:13.321+0000] {logging_mixin.py:190} INFO - [2024-11-12T10:15:13.320+0000] {dagbag.py:588} INFO - Filling up the DagBag from /home/airflow/.local/lib/python3.12/site-packages/airflow/example_dags/example_branch_python_dop_operator_3.py
[2024-11-12T10:15:13.334+0000] {processor.py:925} INFO - DAG(s) 'example_branch_dop_operator_v3' retrieved from /home/airflow/.local/lib/python3.12/site-packages/airflow/example_dags/example_branch_python_dop_operator_3.py
[2024-11-12T10:15:13.358+0000] {logging_mixin.py:190} INFO - [2024-11-12T10:15:13.358+0000] {dag.py:3239} INFO - Sync 1 DAGs
[2024-11-12T10:15:13.394+0000] {logging_mixin.py:190} INFO - [2024-11-12T10:15:13.394+0000] {dag.py:4180} INFO - Setting next_dagrun for example_branch_dop_operator_v3 to 2024-11-12 10:14:00+00:00, run_after=2024-11-12 10:15:00+00:00
[2024-11-12T10:15:13.421+0000] {processor.py:208} INFO - Processing /home/airflow/.local/lib/python3.12/site-packages/airflow/example_dags/example_branch_python_dop_operator_3.py took 0.111 seconds
[2024-11-12T10:15:44.358+0000] {processor.py:186} INFO - Started process (PID=12847) to work on /home/airflow/.local/lib/python3.12/site-packages/airflow/example_dags/example_branch_python_dop_operator_3.py
[2024-11-12T10:15:44.360+0000] {processor.py:914} INFO - Processing file /home/airflow/.local/lib/python3.12/site-packages/airflow/example_dags/example_branch_python_dop_operator_3.py for tasks to queue
[2024-11-12T10:15:44.363+0000] {logging_mixin.py:190} INFO - [2024-11-12T10:15:44.362+0000] {dagbag.py:588} INFO - Filling up the DagBag from /home/airflow/.local/lib/python3.12/site-packages/airflow/example_dags/example_branch_python_dop_operator_3.py
[2024-11-12T10:15:44.384+0000] {processor.py:925} INFO - DAG(s) 'example_branch_dop_operator_v3' retrieved from /home/airflow/.local/lib/python3.12/site-packages/airflow/example_dags/example_branch_python_dop_operator_3.py
[2024-11-12T10:15:44.419+0000] {logging_mixin.py:190} INFO - [2024-11-12T10:15:44.419+0000] {dag.py:3239} INFO - Sync 1 DAGs
[2024-11-12T10:15:44.493+0000] {logging_mixin.py:190} INFO - [2024-11-12T10:15:44.493+0000] {dag.py:4180} INFO - Setting next_dagrun for example_branch_dop_operator_v3 to 2024-11-12 10:14:00+00:00, run_after=2024-11-12 10:15:00+00:00
[2024-11-12T10:15:44.532+0000] {processor.py:208} INFO - Processing /home/airflow/.local/lib/python3.12/site-packages/airflow/example_dags/example_branch_python_dop_operator_3.py took 0.184 seconds
[2024-11-12T10:16:14.967+0000] {processor.py:186} INFO - Started process (PID=12909) to work on /home/airflow/.local/lib/python3.12/site-packages/airflow/example_dags/example_branch_python_dop_operator_3.py
[2024-11-12T10:16:14.969+0000] {processor.py:914} INFO - Processing file /home/airflow/.local/lib/python3.12/site-packages/airflow/example_dags/example_branch_python_dop_operator_3.py for tasks to queue
[2024-11-12T10:16:14.972+0000] {logging_mixin.py:190} INFO - [2024-11-12T10:16:14.971+0000] {dagbag.py:588} INFO - Filling up the DagBag from /home/airflow/.local/lib/python3.12/site-packages/airflow/example_dags/example_branch_python_dop_operator_3.py
[2024-11-12T10:16:15.000+0000] {processor.py:925} INFO - DAG(s) 'example_branch_dop_operator_v3' retrieved from /home/airflow/.local/lib/python3.12/site-packages/airflow/example_dags/example_branch_python_dop_operator_3.py
[2024-11-12T10:16:15.081+0000] {logging_mixin.py:190} INFO - [2024-11-12T10:16:15.080+0000] {dag.py:3239} INFO - Sync 1 DAGs
[2024-11-12T10:16:15.193+0000] {logging_mixin.py:190} INFO - [2024-11-12T10:16:15.192+0000] {dag.py:4180} INFO - Setting next_dagrun for example_branch_dop_operator_v3 to 2024-11-12 10:15:00+00:00, run_after=2024-11-12 10:16:00+00:00
[2024-11-12T10:16:15.273+0000] {processor.py:208} INFO - Processing /home/airflow/.local/lib/python3.12/site-packages/airflow/example_dags/example_branch_python_dop_operator_3.py took 0.319 seconds
[2024-11-12T10:16:46.035+0000] {processor.py:186} INFO - Started process (PID=12971) to work on /home/airflow/.local/lib/python3.12/site-packages/airflow/example_dags/example_branch_python_dop_operator_3.py
[2024-11-12T10:16:46.037+0000] {processor.py:914} INFO - Processing file /home/airflow/.local/lib/python3.12/site-packages/airflow/example_dags/example_branch_python_dop_operator_3.py for tasks to queue
[2024-11-12T10:16:46.039+0000] {logging_mixin.py:190} INFO - [2024-11-12T10:16:46.038+0000] {dagbag.py:588} INFO - Filling up the DagBag from /home/airflow/.local/lib/python3.12/site-packages/airflow/example_dags/example_branch_python_dop_operator_3.py
[2024-11-12T10:16:46.058+0000] {processor.py:925} INFO - DAG(s) 'example_branch_dop_operator_v3' retrieved from /home/airflow/.local/lib/python3.12/site-packages/airflow/example_dags/example_branch_python_dop_operator_3.py
[2024-11-12T10:16:46.089+0000] {logging_mixin.py:190} INFO - [2024-11-12T10:16:46.089+0000] {dag.py:3239} INFO - Sync 1 DAGs
[2024-11-12T10:16:46.135+0000] {logging_mixin.py:190} INFO - [2024-11-12T10:16:46.134+0000] {dag.py:4180} INFO - Setting next_dagrun for example_branch_dop_operator_v3 to 2024-11-12 10:15:00+00:00, run_after=2024-11-12 10:16:00+00:00
[2024-11-12T10:16:46.171+0000] {processor.py:208} INFO - Processing /home/airflow/.local/lib/python3.12/site-packages/airflow/example_dags/example_branch_python_dop_operator_3.py took 0.147 seconds
[2024-11-12T10:17:16.524+0000] {processor.py:186} INFO - Started process (PID=13033) to work on /home/airflow/.local/lib/python3.12/site-packages/airflow/example_dags/example_branch_python_dop_operator_3.py
[2024-11-12T10:17:16.526+0000] {processor.py:914} INFO - Processing file /home/airflow/.local/lib/python3.12/site-packages/airflow/example_dags/example_branch_python_dop_operator_3.py for tasks to queue
[2024-11-12T10:17:16.528+0000] {logging_mixin.py:190} INFO - [2024-11-12T10:17:16.527+0000] {dagbag.py:588} INFO - Filling up the DagBag from /home/airflow/.local/lib/python3.12/site-packages/airflow/example_dags/example_branch_python_dop_operator_3.py
[2024-11-12T10:17:16.541+0000] {processor.py:925} INFO - DAG(s) 'example_branch_dop_operator_v3' retrieved from /home/airflow/.local/lib/python3.12/site-packages/airflow/example_dags/example_branch_python_dop_operator_3.py
[2024-11-12T10:17:16.572+0000] {logging_mixin.py:190} INFO - [2024-11-12T10:17:16.572+0000] {dag.py:3239} INFO - Sync 1 DAGs
[2024-11-12T10:17:16.612+0000] {logging_mixin.py:190} INFO - [2024-11-12T10:17:16.611+0000] {dag.py:4180} INFO - Setting next_dagrun for example_branch_dop_operator_v3 to 2024-11-12 10:16:00+00:00, run_after=2024-11-12 10:17:00+00:00
[2024-11-12T10:17:16.642+0000] {processor.py:208} INFO - Processing /home/airflow/.local/lib/python3.12/site-packages/airflow/example_dags/example_branch_python_dop_operator_3.py took 0.124 seconds
[2024-11-12T10:17:47.568+0000] {processor.py:186} INFO - Started process (PID=13095) to work on /home/airflow/.local/lib/python3.12/site-packages/airflow/example_dags/example_branch_python_dop_operator_3.py
[2024-11-12T10:17:47.569+0000] {processor.py:914} INFO - Processing file /home/airflow/.local/lib/python3.12/site-packages/airflow/example_dags/example_branch_python_dop_operator_3.py for tasks to queue
[2024-11-12T10:17:47.572+0000] {logging_mixin.py:190} INFO - [2024-11-12T10:17:47.572+0000] {dagbag.py:588} INFO - Filling up the DagBag from /home/airflow/.local/lib/python3.12/site-packages/airflow/example_dags/example_branch_python_dop_operator_3.py
[2024-11-12T10:17:47.594+0000] {processor.py:925} INFO - DAG(s) 'example_branch_dop_operator_v3' retrieved from /home/airflow/.local/lib/python3.12/site-packages/airflow/example_dags/example_branch_python_dop_operator_3.py
[2024-11-12T10:17:47.629+0000] {logging_mixin.py:190} INFO - [2024-11-12T10:17:47.628+0000] {dag.py:3239} INFO - Sync 1 DAGs
[2024-11-12T10:17:47.679+0000] {logging_mixin.py:190} INFO - [2024-11-12T10:17:47.679+0000] {dag.py:4180} INFO - Setting next_dagrun for example_branch_dop_operator_v3 to 2024-11-12 10:16:00+00:00, run_after=2024-11-12 10:17:00+00:00
[2024-11-12T10:17:47.720+0000] {processor.py:208} INFO - Processing /home/airflow/.local/lib/python3.12/site-packages/airflow/example_dags/example_branch_python_dop_operator_3.py took 0.164 seconds
[2024-11-12T10:18:18.114+0000] {processor.py:186} INFO - Started process (PID=13157) to work on /home/airflow/.local/lib/python3.12/site-packages/airflow/example_dags/example_branch_python_dop_operator_3.py
[2024-11-12T10:18:18.115+0000] {processor.py:914} INFO - Processing file /home/airflow/.local/lib/python3.12/site-packages/airflow/example_dags/example_branch_python_dop_operator_3.py for tasks to queue
[2024-11-12T10:18:18.117+0000] {logging_mixin.py:190} INFO - [2024-11-12T10:18:18.117+0000] {dagbag.py:588} INFO - Filling up the DagBag from /home/airflow/.local/lib/python3.12/site-packages/airflow/example_dags/example_branch_python_dop_operator_3.py
[2024-11-12T10:18:18.133+0000] {processor.py:925} INFO - DAG(s) 'example_branch_dop_operator_v3' retrieved from /home/airflow/.local/lib/python3.12/site-packages/airflow/example_dags/example_branch_python_dop_operator_3.py
[2024-11-12T10:18:18.163+0000] {logging_mixin.py:190} INFO - [2024-11-12T10:18:18.162+0000] {dag.py:3239} INFO - Sync 1 DAGs
[2024-11-12T10:18:18.200+0000] {logging_mixin.py:190} INFO - [2024-11-12T10:18:18.200+0000] {dag.py:4180} INFO - Setting next_dagrun for example_branch_dop_operator_v3 to 2024-11-12 10:17:00+00:00, run_after=2024-11-12 10:18:00+00:00
[2024-11-12T10:18:18.229+0000] {processor.py:208} INFO - Processing /home/airflow/.local/lib/python3.12/site-packages/airflow/example_dags/example_branch_python_dop_operator_3.py took 0.123 seconds
[2024-11-12T10:18:48.638+0000] {processor.py:186} INFO - Started process (PID=13219) to work on /home/airflow/.local/lib/python3.12/site-packages/airflow/example_dags/example_branch_python_dop_operator_3.py
[2024-11-12T10:18:48.639+0000] {processor.py:914} INFO - Processing file /home/airflow/.local/lib/python3.12/site-packages/airflow/example_dags/example_branch_python_dop_operator_3.py for tasks to queue
[2024-11-12T10:18:48.641+0000] {logging_mixin.py:190} INFO - [2024-11-12T10:18:48.640+0000] {dagbag.py:588} INFO - Filling up the DagBag from /home/airflow/.local/lib/python3.12/site-packages/airflow/example_dags/example_branch_python_dop_operator_3.py
[2024-11-12T10:18:48.654+0000] {processor.py:925} INFO - DAG(s) 'example_branch_dop_operator_v3' retrieved from /home/airflow/.local/lib/python3.12/site-packages/airflow/example_dags/example_branch_python_dop_operator_3.py
[2024-11-12T10:18:48.682+0000] {logging_mixin.py:190} INFO - [2024-11-12T10:18:48.682+0000] {dag.py:3239} INFO - Sync 1 DAGs
[2024-11-12T10:18:48.717+0000] {logging_mixin.py:190} INFO - [2024-11-12T10:18:48.717+0000] {dag.py:4180} INFO - Setting next_dagrun for example_branch_dop_operator_v3 to 2024-11-12 10:17:00+00:00, run_after=2024-11-12 10:18:00+00:00
[2024-11-12T10:18:48.747+0000] {processor.py:208} INFO - Processing /home/airflow/.local/lib/python3.12/site-packages/airflow/example_dags/example_branch_python_dop_operator_3.py took 0.116 seconds
[2024-11-12T10:19:18.959+0000] {processor.py:186} INFO - Started process (PID=13282) to work on /home/airflow/.local/lib/python3.12/site-packages/airflow/example_dags/example_branch_python_dop_operator_3.py
[2024-11-12T10:19:18.961+0000] {processor.py:914} INFO - Processing file /home/airflow/.local/lib/python3.12/site-packages/airflow/example_dags/example_branch_python_dop_operator_3.py for tasks to queue
[2024-11-12T10:19:18.963+0000] {logging_mixin.py:190} INFO - [2024-11-12T10:19:18.962+0000] {dagbag.py:588} INFO - Filling up the DagBag from /home/airflow/.local/lib/python3.12/site-packages/airflow/example_dags/example_branch_python_dop_operator_3.py
[2024-11-12T10:19:18.978+0000] {processor.py:925} INFO - DAG(s) 'example_branch_dop_operator_v3' retrieved from /home/airflow/.local/lib/python3.12/site-packages/airflow/example_dags/example_branch_python_dop_operator_3.py
[2024-11-12T10:19:19.007+0000] {logging_mixin.py:190} INFO - [2024-11-12T10:19:19.006+0000] {dag.py:3239} INFO - Sync 1 DAGs
[2024-11-12T10:19:19.055+0000] {logging_mixin.py:190} INFO - [2024-11-12T10:19:19.055+0000] {dag.py:4180} INFO - Setting next_dagrun for example_branch_dop_operator_v3 to 2024-11-12 10:18:00+00:00, run_after=2024-11-12 10:19:00+00:00
[2024-11-12T10:19:19.090+0000] {processor.py:208} INFO - Processing /home/airflow/.local/lib/python3.12/site-packages/airflow/example_dags/example_branch_python_dop_operator_3.py took 0.141 seconds
[2024-11-12T10:19:49.859+0000] {processor.py:186} INFO - Started process (PID=13345) to work on /home/airflow/.local/lib/python3.12/site-packages/airflow/example_dags/example_branch_python_dop_operator_3.py
[2024-11-12T10:19:49.860+0000] {processor.py:914} INFO - Processing file /home/airflow/.local/lib/python3.12/site-packages/airflow/example_dags/example_branch_python_dop_operator_3.py for tasks to queue
[2024-11-12T10:19:49.863+0000] {logging_mixin.py:190} INFO - [2024-11-12T10:19:49.863+0000] {dagbag.py:588} INFO - Filling up the DagBag from /home/airflow/.local/lib/python3.12/site-packages/airflow/example_dags/example_branch_python_dop_operator_3.py
[2024-11-12T10:19:49.881+0000] {processor.py:925} INFO - DAG(s) 'example_branch_dop_operator_v3' retrieved from /home/airflow/.local/lib/python3.12/site-packages/airflow/example_dags/example_branch_python_dop_operator_3.py
[2024-11-12T10:19:49.911+0000] {logging_mixin.py:190} INFO - [2024-11-12T10:19:49.911+0000] {dag.py:3239} INFO - Sync 1 DAGs
[2024-11-12T10:19:49.956+0000] {logging_mixin.py:190} INFO - [2024-11-12T10:19:49.956+0000] {dag.py:4180} INFO - Setting next_dagrun for example_branch_dop_operator_v3 to 2024-11-12 10:18:00+00:00, run_after=2024-11-12 10:19:00+00:00
[2024-11-12T10:19:49.989+0000] {processor.py:208} INFO - Processing /home/airflow/.local/lib/python3.12/site-packages/airflow/example_dags/example_branch_python_dop_operator_3.py took 0.139 seconds
[2024-11-12T10:20:20.105+0000] {processor.py:186} INFO - Started process (PID=13408) to work on /home/airflow/.local/lib/python3.12/site-packages/airflow/example_dags/example_branch_python_dop_operator_3.py
[2024-11-12T10:20:20.106+0000] {processor.py:914} INFO - Processing file /home/airflow/.local/lib/python3.12/site-packages/airflow/example_dags/example_branch_python_dop_operator_3.py for tasks to queue
[2024-11-12T10:20:20.108+0000] {logging_mixin.py:190} INFO - [2024-11-12T10:20:20.108+0000] {dagbag.py:588} INFO - Filling up the DagBag from /home/airflow/.local/lib/python3.12/site-packages/airflow/example_dags/example_branch_python_dop_operator_3.py
[2024-11-12T10:20:20.121+0000] {processor.py:925} INFO - DAG(s) 'example_branch_dop_operator_v3' retrieved from /home/airflow/.local/lib/python3.12/site-packages/airflow/example_dags/example_branch_python_dop_operator_3.py
[2024-11-12T10:20:20.143+0000] {logging_mixin.py:190} INFO - [2024-11-12T10:20:20.143+0000] {dag.py:3239} INFO - Sync 1 DAGs
[2024-11-12T10:20:20.181+0000] {logging_mixin.py:190} INFO - [2024-11-12T10:20:20.180+0000] {dag.py:4180} INFO - Setting next_dagrun for example_branch_dop_operator_v3 to 2024-11-12 10:19:00+00:00, run_after=2024-11-12 10:20:00+00:00
[2024-11-12T10:20:20.209+0000] {processor.py:208} INFO - Processing /home/airflow/.local/lib/python3.12/site-packages/airflow/example_dags/example_branch_python_dop_operator_3.py took 0.112 seconds
[2024-11-12T10:20:50.721+0000] {processor.py:186} INFO - Started process (PID=13471) to work on /home/airflow/.local/lib/python3.12/site-packages/airflow/example_dags/example_branch_python_dop_operator_3.py
[2024-11-12T10:20:50.724+0000] {processor.py:914} INFO - Processing file /home/airflow/.local/lib/python3.12/site-packages/airflow/example_dags/example_branch_python_dop_operator_3.py for tasks to queue
[2024-11-12T10:20:50.727+0000] {logging_mixin.py:190} INFO - [2024-11-12T10:20:50.726+0000] {dagbag.py:588} INFO - Filling up the DagBag from /home/airflow/.local/lib/python3.12/site-packages/airflow/example_dags/example_branch_python_dop_operator_3.py
[2024-11-12T10:20:50.750+0000] {processor.py:925} INFO - DAG(s) 'example_branch_dop_operator_v3' retrieved from /home/airflow/.local/lib/python3.12/site-packages/airflow/example_dags/example_branch_python_dop_operator_3.py
[2024-11-12T10:20:50.790+0000] {logging_mixin.py:190} INFO - [2024-11-12T10:20:50.790+0000] {dag.py:3239} INFO - Sync 1 DAGs
[2024-11-12T10:20:50.854+0000] {logging_mixin.py:190} INFO - [2024-11-12T10:20:50.853+0000] {dag.py:4180} INFO - Setting next_dagrun for example_branch_dop_operator_v3 to 2024-11-12 10:19:00+00:00, run_after=2024-11-12 10:20:00+00:00
[2024-11-12T10:20:50.909+0000] {processor.py:208} INFO - Processing /home/airflow/.local/lib/python3.12/site-packages/airflow/example_dags/example_branch_python_dop_operator_3.py took 0.201 seconds
[2024-11-12T10:21:21.064+0000] {processor.py:186} INFO - Started process (PID=13534) to work on /home/airflow/.local/lib/python3.12/site-packages/airflow/example_dags/example_branch_python_dop_operator_3.py
[2024-11-12T10:21:21.067+0000] {processor.py:914} INFO - Processing file /home/airflow/.local/lib/python3.12/site-packages/airflow/example_dags/example_branch_python_dop_operator_3.py for tasks to queue
[2024-11-12T10:21:21.070+0000] {logging_mixin.py:190} INFO - [2024-11-12T10:21:21.069+0000] {dagbag.py:588} INFO - Filling up the DagBag from /home/airflow/.local/lib/python3.12/site-packages/airflow/example_dags/example_branch_python_dop_operator_3.py
[2024-11-12T10:21:21.089+0000] {processor.py:925} INFO - DAG(s) 'example_branch_dop_operator_v3' retrieved from /home/airflow/.local/lib/python3.12/site-packages/airflow/example_dags/example_branch_python_dop_operator_3.py
[2024-11-12T10:21:21.124+0000] {logging_mixin.py:190} INFO - [2024-11-12T10:21:21.123+0000] {dag.py:3239} INFO - Sync 1 DAGs
[2024-11-12T10:21:21.207+0000] {logging_mixin.py:190} INFO - [2024-11-12T10:21:21.207+0000] {dag.py:4180} INFO - Setting next_dagrun for example_branch_dop_operator_v3 to 2024-11-12 10:20:00+00:00, run_after=2024-11-12 10:21:00+00:00
[2024-11-12T10:21:21.261+0000] {processor.py:208} INFO - Processing /home/airflow/.local/lib/python3.12/site-packages/airflow/example_dags/example_branch_python_dop_operator_3.py took 0.208 seconds
[2024-11-12T10:21:51.590+0000] {processor.py:186} INFO - Started process (PID=13597) to work on /home/airflow/.local/lib/python3.12/site-packages/airflow/example_dags/example_branch_python_dop_operator_3.py
[2024-11-12T10:21:51.591+0000] {processor.py:914} INFO - Processing file /home/airflow/.local/lib/python3.12/site-packages/airflow/example_dags/example_branch_python_dop_operator_3.py for tasks to queue
[2024-11-12T10:21:51.593+0000] {logging_mixin.py:190} INFO - [2024-11-12T10:21:51.593+0000] {dagbag.py:588} INFO - Filling up the DagBag from /home/airflow/.local/lib/python3.12/site-packages/airflow/example_dags/example_branch_python_dop_operator_3.py
[2024-11-12T10:21:51.607+0000] {processor.py:925} INFO - DAG(s) 'example_branch_dop_operator_v3' retrieved from /home/airflow/.local/lib/python3.12/site-packages/airflow/example_dags/example_branch_python_dop_operator_3.py
[2024-11-12T10:21:51.633+0000] {logging_mixin.py:190} INFO - [2024-11-12T10:21:51.633+0000] {dag.py:3239} INFO - Sync 1 DAGs
[2024-11-12T10:21:51.673+0000] {logging_mixin.py:190} INFO - [2024-11-12T10:21:51.673+0000] {dag.py:4180} INFO - Setting next_dagrun for example_branch_dop_operator_v3 to 2024-11-12 10:20:00+00:00, run_after=2024-11-12 10:21:00+00:00
[2024-11-12T10:21:51.705+0000] {processor.py:208} INFO - Processing /home/airflow/.local/lib/python3.12/site-packages/airflow/example_dags/example_branch_python_dop_operator_3.py took 0.122 seconds
