[2024-11-12T10:14:10.632+0000] {processor.py:186} INFO - Started process (PID=12652) to work on /home/airflow/.local/lib/python3.12/site-packages/airflow/example_dags/example_sensors.py
[2024-11-12T10:14:10.651+0000] {processor.py:914} INFO - Processing file /home/airflow/.local/lib/python3.12/site-packages/airflow/example_dags/example_sensors.py for tasks to queue
[2024-11-12T10:14:10.661+0000] {logging_mixin.py:190} INFO - [2024-11-12T10:14:10.660+0000] {dagbag.py:588} INFO - Filling up the DagBag from /home/airflow/.local/lib/python3.12/site-packages/airflow/example_dags/example_sensors.py
[2024-11-12T10:14:10.725+0000] {processor.py:925} INFO - DAG(s) 'example_sensors' retrieved from /home/airflow/.local/lib/python3.12/site-packages/airflow/example_dags/example_sensors.py
[2024-11-12T10:14:10.842+0000] {logging_mixin.py:190} INFO - [2024-11-12T10:14:10.841+0000] {dag.py:3239} INFO - Sync 1 DAGs
[2024-11-12T10:14:10.908+0000] {logging_mixin.py:190} INFO - [2024-11-12T10:14:10.908+0000] {dag.py:4180} INFO - Setting next_dagrun for example_sensors to None, run_after=None
[2024-11-12T10:14:10.959+0000] {processor.py:208} INFO - Processing /home/airflow/.local/lib/python3.12/site-packages/airflow/example_dags/example_sensors.py took 0.349 seconds
[2024-11-12T10:14:41.270+0000] {processor.py:186} INFO - Started process (PID=12720) to work on /home/airflow/.local/lib/python3.12/site-packages/airflow/example_dags/example_sensors.py
[2024-11-12T10:14:41.272+0000] {processor.py:914} INFO - Processing file /home/airflow/.local/lib/python3.12/site-packages/airflow/example_dags/example_sensors.py for tasks to queue
[2024-11-12T10:14:41.274+0000] {logging_mixin.py:190} INFO - [2024-11-12T10:14:41.273+0000] {dagbag.py:588} INFO - Filling up the DagBag from /home/airflow/.local/lib/python3.12/site-packages/airflow/example_dags/example_sensors.py
[2024-11-12T10:14:41.287+0000] {processor.py:925} INFO - DAG(s) 'example_sensors' retrieved from /home/airflow/.local/lib/python3.12/site-packages/airflow/example_dags/example_sensors.py
[2024-11-12T10:14:41.321+0000] {logging_mixin.py:190} INFO - [2024-11-12T10:14:41.321+0000] {dag.py:3239} INFO - Sync 1 DAGs
[2024-11-12T10:14:41.342+0000] {logging_mixin.py:190} INFO - [2024-11-12T10:14:41.341+0000] {dag.py:4180} INFO - Setting next_dagrun for example_sensors to None, run_after=None
[2024-11-12T10:14:41.367+0000] {processor.py:208} INFO - Processing /home/airflow/.local/lib/python3.12/site-packages/airflow/example_dags/example_sensors.py took 0.104 seconds
[2024-11-12T10:15:12.167+0000] {processor.py:186} INFO - Started process (PID=12782) to work on /home/airflow/.local/lib/python3.12/site-packages/airflow/example_dags/example_sensors.py
[2024-11-12T10:15:12.168+0000] {processor.py:914} INFO - Processing file /home/airflow/.local/lib/python3.12/site-packages/airflow/example_dags/example_sensors.py for tasks to queue
[2024-11-12T10:15:12.170+0000] {logging_mixin.py:190} INFO - [2024-11-12T10:15:12.169+0000] {dagbag.py:588} INFO - Filling up the DagBag from /home/airflow/.local/lib/python3.12/site-packages/airflow/example_dags/example_sensors.py
[2024-11-12T10:15:12.184+0000] {processor.py:925} INFO - DAG(s) 'example_sensors' retrieved from /home/airflow/.local/lib/python3.12/site-packages/airflow/example_dags/example_sensors.py
[2024-11-12T10:15:12.217+0000] {logging_mixin.py:190} INFO - [2024-11-12T10:15:12.216+0000] {dag.py:3239} INFO - Sync 1 DAGs
[2024-11-12T10:15:12.234+0000] {logging_mixin.py:190} INFO - [2024-11-12T10:15:12.234+0000] {dag.py:4180} INFO - Setting next_dagrun for example_sensors to None, run_after=None
[2024-11-12T10:15:12.260+0000] {processor.py:208} INFO - Processing /home/airflow/.local/lib/python3.12/site-packages/airflow/example_dags/example_sensors.py took 0.101 seconds
[2024-11-12T10:15:43.131+0000] {processor.py:186} INFO - Started process (PID=12845) to work on /home/airflow/.local/lib/python3.12/site-packages/airflow/example_dags/example_sensors.py
[2024-11-12T10:15:43.133+0000] {processor.py:914} INFO - Processing file /home/airflow/.local/lib/python3.12/site-packages/airflow/example_dags/example_sensors.py for tasks to queue
[2024-11-12T10:15:43.136+0000] {logging_mixin.py:190} INFO - [2024-11-12T10:15:43.136+0000] {dagbag.py:588} INFO - Filling up the DagBag from /home/airflow/.local/lib/python3.12/site-packages/airflow/example_dags/example_sensors.py
[2024-11-12T10:15:43.161+0000] {processor.py:925} INFO - DAG(s) 'example_sensors' retrieved from /home/airflow/.local/lib/python3.12/site-packages/airflow/example_dags/example_sensors.py
[2024-11-12T10:15:43.211+0000] {logging_mixin.py:190} INFO - [2024-11-12T10:15:43.211+0000] {dag.py:3239} INFO - Sync 1 DAGs
[2024-11-12T10:15:43.243+0000] {logging_mixin.py:190} INFO - [2024-11-12T10:15:43.242+0000] {dag.py:4180} INFO - Setting next_dagrun for example_sensors to None, run_after=None
[2024-11-12T10:15:43.279+0000] {processor.py:208} INFO - Processing /home/airflow/.local/lib/python3.12/site-packages/airflow/example_dags/example_sensors.py took 0.159 seconds
[2024-11-12T10:16:13.692+0000] {processor.py:186} INFO - Started process (PID=12907) to work on /home/airflow/.local/lib/python3.12/site-packages/airflow/example_dags/example_sensors.py
[2024-11-12T10:16:13.694+0000] {processor.py:914} INFO - Processing file /home/airflow/.local/lib/python3.12/site-packages/airflow/example_dags/example_sensors.py for tasks to queue
[2024-11-12T10:16:13.697+0000] {logging_mixin.py:190} INFO - [2024-11-12T10:16:13.696+0000] {dagbag.py:588} INFO - Filling up the DagBag from /home/airflow/.local/lib/python3.12/site-packages/airflow/example_dags/example_sensors.py
[2024-11-12T10:16:13.743+0000] {processor.py:925} INFO - DAG(s) 'example_sensors' retrieved from /home/airflow/.local/lib/python3.12/site-packages/airflow/example_dags/example_sensors.py
[2024-11-12T10:16:13.800+0000] {logging_mixin.py:190} INFO - [2024-11-12T10:16:13.800+0000] {dag.py:3239} INFO - Sync 1 DAGs
[2024-11-12T10:16:13.829+0000] {logging_mixin.py:190} INFO - [2024-11-12T10:16:13.829+0000] {dag.py:4180} INFO - Setting next_dagrun for example_sensors to None, run_after=None
[2024-11-12T10:16:13.872+0000] {processor.py:208} INFO - Processing /home/airflow/.local/lib/python3.12/site-packages/airflow/example_dags/example_sensors.py took 0.221 seconds
[2024-11-12T10:16:44.873+0000] {processor.py:186} INFO - Started process (PID=12969) to work on /home/airflow/.local/lib/python3.12/site-packages/airflow/example_dags/example_sensors.py
[2024-11-12T10:16:44.875+0000] {processor.py:914} INFO - Processing file /home/airflow/.local/lib/python3.12/site-packages/airflow/example_dags/example_sensors.py for tasks to queue
[2024-11-12T10:16:44.877+0000] {logging_mixin.py:190} INFO - [2024-11-12T10:16:44.877+0000] {dagbag.py:588} INFO - Filling up the DagBag from /home/airflow/.local/lib/python3.12/site-packages/airflow/example_dags/example_sensors.py
[2024-11-12T10:16:44.890+0000] {processor.py:925} INFO - DAG(s) 'example_sensors' retrieved from /home/airflow/.local/lib/python3.12/site-packages/airflow/example_dags/example_sensors.py
[2024-11-12T10:16:44.922+0000] {logging_mixin.py:190} INFO - [2024-11-12T10:16:44.922+0000] {dag.py:3239} INFO - Sync 1 DAGs
[2024-11-12T10:16:44.939+0000] {logging_mixin.py:190} INFO - [2024-11-12T10:16:44.939+0000] {dag.py:4180} INFO - Setting next_dagrun for example_sensors to None, run_after=None
[2024-11-12T10:16:44.963+0000] {processor.py:208} INFO - Processing /home/airflow/.local/lib/python3.12/site-packages/airflow/example_dags/example_sensors.py took 0.097 seconds
[2024-11-12T10:17:15.362+0000] {processor.py:186} INFO - Started process (PID=13031) to work on /home/airflow/.local/lib/python3.12/site-packages/airflow/example_dags/example_sensors.py
[2024-11-12T10:17:15.363+0000] {processor.py:914} INFO - Processing file /home/airflow/.local/lib/python3.12/site-packages/airflow/example_dags/example_sensors.py for tasks to queue
[2024-11-12T10:17:15.365+0000] {logging_mixin.py:190} INFO - [2024-11-12T10:17:15.364+0000] {dagbag.py:588} INFO - Filling up the DagBag from /home/airflow/.local/lib/python3.12/site-packages/airflow/example_dags/example_sensors.py
[2024-11-12T10:17:15.379+0000] {processor.py:925} INFO - DAG(s) 'example_sensors' retrieved from /home/airflow/.local/lib/python3.12/site-packages/airflow/example_dags/example_sensors.py
[2024-11-12T10:17:15.411+0000] {logging_mixin.py:190} INFO - [2024-11-12T10:17:15.411+0000] {dag.py:3239} INFO - Sync 1 DAGs
[2024-11-12T10:17:15.431+0000] {logging_mixin.py:190} INFO - [2024-11-12T10:17:15.431+0000] {dag.py:4180} INFO - Setting next_dagrun for example_sensors to None, run_after=None
[2024-11-12T10:17:15.462+0000] {processor.py:208} INFO - Processing /home/airflow/.local/lib/python3.12/site-packages/airflow/example_dags/example_sensors.py took 0.110 seconds
[2024-11-12T10:17:46.332+0000] {processor.py:186} INFO - Started process (PID=13093) to work on /home/airflow/.local/lib/python3.12/site-packages/airflow/example_dags/example_sensors.py
[2024-11-12T10:17:46.333+0000] {processor.py:914} INFO - Processing file /home/airflow/.local/lib/python3.12/site-packages/airflow/example_dags/example_sensors.py for tasks to queue
[2024-11-12T10:17:46.336+0000] {logging_mixin.py:190} INFO - [2024-11-12T10:17:46.335+0000] {dagbag.py:588} INFO - Filling up the DagBag from /home/airflow/.local/lib/python3.12/site-packages/airflow/example_dags/example_sensors.py
[2024-11-12T10:17:46.357+0000] {processor.py:925} INFO - DAG(s) 'example_sensors' retrieved from /home/airflow/.local/lib/python3.12/site-packages/airflow/example_dags/example_sensors.py
[2024-11-12T10:17:46.406+0000] {logging_mixin.py:190} INFO - [2024-11-12T10:17:46.406+0000] {dag.py:3239} INFO - Sync 1 DAGs
[2024-11-12T10:17:46.438+0000] {logging_mixin.py:190} INFO - [2024-11-12T10:17:46.437+0000] {dag.py:4180} INFO - Setting next_dagrun for example_sensors to None, run_after=None
[2024-11-12T10:17:46.495+0000] {processor.py:208} INFO - Processing /home/airflow/.local/lib/python3.12/site-packages/airflow/example_dags/example_sensors.py took 0.174 seconds
[2024-11-12T10:18:16.950+0000] {processor.py:186} INFO - Started process (PID=13155) to work on /home/airflow/.local/lib/python3.12/site-packages/airflow/example_dags/example_sensors.py
[2024-11-12T10:18:16.951+0000] {processor.py:914} INFO - Processing file /home/airflow/.local/lib/python3.12/site-packages/airflow/example_dags/example_sensors.py for tasks to queue
[2024-11-12T10:18:16.953+0000] {logging_mixin.py:190} INFO - [2024-11-12T10:18:16.952+0000] {dagbag.py:588} INFO - Filling up the DagBag from /home/airflow/.local/lib/python3.12/site-packages/airflow/example_dags/example_sensors.py
[2024-11-12T10:18:16.970+0000] {processor.py:925} INFO - DAG(s) 'example_sensors' retrieved from /home/airflow/.local/lib/python3.12/site-packages/airflow/example_dags/example_sensors.py
[2024-11-12T10:18:17.006+0000] {logging_mixin.py:190} INFO - [2024-11-12T10:18:17.005+0000] {dag.py:3239} INFO - Sync 1 DAGs
[2024-11-12T10:18:17.025+0000] {logging_mixin.py:190} INFO - [2024-11-12T10:18:17.025+0000] {dag.py:4180} INFO - Setting next_dagrun for example_sensors to None, run_after=None
[2024-11-12T10:18:17.053+0000] {processor.py:208} INFO - Processing /home/airflow/.local/lib/python3.12/site-packages/airflow/example_dags/example_sensors.py took 0.111 seconds
[2024-11-12T10:18:47.451+0000] {processor.py:186} INFO - Started process (PID=13217) to work on /home/airflow/.local/lib/python3.12/site-packages/airflow/example_dags/example_sensors.py
[2024-11-12T10:18:47.453+0000] {processor.py:914} INFO - Processing file /home/airflow/.local/lib/python3.12/site-packages/airflow/example_dags/example_sensors.py for tasks to queue
[2024-11-12T10:18:47.455+0000] {logging_mixin.py:190} INFO - [2024-11-12T10:18:47.455+0000] {dagbag.py:588} INFO - Filling up the DagBag from /home/airflow/.local/lib/python3.12/site-packages/airflow/example_dags/example_sensors.py
[2024-11-12T10:18:47.480+0000] {processor.py:925} INFO - DAG(s) 'example_sensors' retrieved from /home/airflow/.local/lib/python3.12/site-packages/airflow/example_dags/example_sensors.py
[2024-11-12T10:18:47.521+0000] {logging_mixin.py:190} INFO - [2024-11-12T10:18:47.520+0000] {dag.py:3239} INFO - Sync 1 DAGs
[2024-11-12T10:18:47.544+0000] {logging_mixin.py:190} INFO - [2024-11-12T10:18:47.544+0000] {dag.py:4180} INFO - Setting next_dagrun for example_sensors to None, run_after=None
[2024-11-12T10:18:47.577+0000] {processor.py:208} INFO - Processing /home/airflow/.local/lib/python3.12/site-packages/airflow/example_dags/example_sensors.py took 0.140 seconds
[2024-11-12T10:19:17.783+0000] {processor.py:186} INFO - Started process (PID=13280) to work on /home/airflow/.local/lib/python3.12/site-packages/airflow/example_dags/example_sensors.py
[2024-11-12T10:19:17.784+0000] {processor.py:914} INFO - Processing file /home/airflow/.local/lib/python3.12/site-packages/airflow/example_dags/example_sensors.py for tasks to queue
[2024-11-12T10:19:17.786+0000] {logging_mixin.py:190} INFO - [2024-11-12T10:19:17.786+0000] {dagbag.py:588} INFO - Filling up the DagBag from /home/airflow/.local/lib/python3.12/site-packages/airflow/example_dags/example_sensors.py
[2024-11-12T10:19:17.802+0000] {processor.py:925} INFO - DAG(s) 'example_sensors' retrieved from /home/airflow/.local/lib/python3.12/site-packages/airflow/example_dags/example_sensors.py
[2024-11-12T10:19:17.839+0000] {logging_mixin.py:190} INFO - [2024-11-12T10:19:17.838+0000] {dag.py:3239} INFO - Sync 1 DAGs
[2024-11-12T10:19:17.857+0000] {logging_mixin.py:190} INFO - [2024-11-12T10:19:17.857+0000] {dag.py:4180} INFO - Setting next_dagrun for example_sensors to None, run_after=None
[2024-11-12T10:19:17.887+0000] {processor.py:208} INFO - Processing /home/airflow/.local/lib/python3.12/site-packages/airflow/example_dags/example_sensors.py took 0.112 seconds
[2024-11-12T10:19:48.670+0000] {processor.py:186} INFO - Started process (PID=13343) to work on /home/airflow/.local/lib/python3.12/site-packages/airflow/example_dags/example_sensors.py
[2024-11-12T10:19:48.672+0000] {processor.py:914} INFO - Processing file /home/airflow/.local/lib/python3.12/site-packages/airflow/example_dags/example_sensors.py for tasks to queue
[2024-11-12T10:19:48.674+0000] {logging_mixin.py:190} INFO - [2024-11-12T10:19:48.673+0000] {dagbag.py:588} INFO - Filling up the DagBag from /home/airflow/.local/lib/python3.12/site-packages/airflow/example_dags/example_sensors.py
[2024-11-12T10:19:48.690+0000] {processor.py:925} INFO - DAG(s) 'example_sensors' retrieved from /home/airflow/.local/lib/python3.12/site-packages/airflow/example_dags/example_sensors.py
[2024-11-12T10:19:48.731+0000] {logging_mixin.py:190} INFO - [2024-11-12T10:19:48.730+0000] {dag.py:3239} INFO - Sync 1 DAGs
[2024-11-12T10:19:48.752+0000] {logging_mixin.py:190} INFO - [2024-11-12T10:19:48.752+0000] {dag.py:4180} INFO - Setting next_dagrun for example_sensors to None, run_after=None
[2024-11-12T10:19:48.784+0000] {processor.py:208} INFO - Processing /home/airflow/.local/lib/python3.12/site-packages/airflow/example_dags/example_sensors.py took 0.125 seconds
[2024-11-12T10:20:18.922+0000] {processor.py:186} INFO - Started process (PID=13406) to work on /home/airflow/.local/lib/python3.12/site-packages/airflow/example_dags/example_sensors.py
[2024-11-12T10:20:18.923+0000] {processor.py:914} INFO - Processing file /home/airflow/.local/lib/python3.12/site-packages/airflow/example_dags/example_sensors.py for tasks to queue
[2024-11-12T10:20:18.926+0000] {logging_mixin.py:190} INFO - [2024-11-12T10:20:18.926+0000] {dagbag.py:588} INFO - Filling up the DagBag from /home/airflow/.local/lib/python3.12/site-packages/airflow/example_dags/example_sensors.py
[2024-11-12T10:20:18.946+0000] {processor.py:925} INFO - DAG(s) 'example_sensors' retrieved from /home/airflow/.local/lib/python3.12/site-packages/airflow/example_dags/example_sensors.py
[2024-11-12T10:20:18.985+0000] {logging_mixin.py:190} INFO - [2024-11-12T10:20:18.985+0000] {dag.py:3239} INFO - Sync 1 DAGs
[2024-11-12T10:20:19.008+0000] {logging_mixin.py:190} INFO - [2024-11-12T10:20:19.007+0000] {dag.py:4180} INFO - Setting next_dagrun for example_sensors to None, run_after=None
[2024-11-12T10:20:19.037+0000] {processor.py:208} INFO - Processing /home/airflow/.local/lib/python3.12/site-packages/airflow/example_dags/example_sensors.py took 0.125 seconds
[2024-11-12T10:20:49.447+0000] {processor.py:186} INFO - Started process (PID=13469) to work on /home/airflow/.local/lib/python3.12/site-packages/airflow/example_dags/example_sensors.py
[2024-11-12T10:20:49.449+0000] {processor.py:914} INFO - Processing file /home/airflow/.local/lib/python3.12/site-packages/airflow/example_dags/example_sensors.py for tasks to queue
[2024-11-12T10:20:49.452+0000] {logging_mixin.py:190} INFO - [2024-11-12T10:20:49.451+0000] {dagbag.py:588} INFO - Filling up the DagBag from /home/airflow/.local/lib/python3.12/site-packages/airflow/example_dags/example_sensors.py
[2024-11-12T10:20:49.475+0000] {processor.py:925} INFO - DAG(s) 'example_sensors' retrieved from /home/airflow/.local/lib/python3.12/site-packages/airflow/example_dags/example_sensors.py
[2024-11-12T10:20:49.532+0000] {logging_mixin.py:190} INFO - [2024-11-12T10:20:49.532+0000] {dag.py:3239} INFO - Sync 1 DAGs
[2024-11-12T10:20:49.569+0000] {logging_mixin.py:190} INFO - [2024-11-12T10:20:49.568+0000] {dag.py:4180} INFO - Setting next_dagrun for example_sensors to None, run_after=None
[2024-11-12T10:20:49.613+0000] {processor.py:208} INFO - Processing /home/airflow/.local/lib/python3.12/site-packages/airflow/example_dags/example_sensors.py took 0.182 seconds
[2024-11-12T10:21:19.694+0000] {processor.py:186} INFO - Started process (PID=13531) to work on /home/airflow/.local/lib/python3.12/site-packages/airflow/example_dags/example_sensors.py
[2024-11-12T10:21:19.695+0000] {processor.py:914} INFO - Processing file /home/airflow/.local/lib/python3.12/site-packages/airflow/example_dags/example_sensors.py for tasks to queue
[2024-11-12T10:21:19.699+0000] {logging_mixin.py:190} INFO - [2024-11-12T10:21:19.698+0000] {dagbag.py:588} INFO - Filling up the DagBag from /home/airflow/.local/lib/python3.12/site-packages/airflow/example_dags/example_sensors.py
[2024-11-12T10:21:19.716+0000] {processor.py:925} INFO - DAG(s) 'example_sensors' retrieved from /home/airflow/.local/lib/python3.12/site-packages/airflow/example_dags/example_sensors.py
[2024-11-12T10:21:19.755+0000] {logging_mixin.py:190} INFO - [2024-11-12T10:21:19.755+0000] {dag.py:3239} INFO - Sync 1 DAGs
[2024-11-12T10:21:19.774+0000] {logging_mixin.py:190} INFO - [2024-11-12T10:21:19.774+0000] {dag.py:4180} INFO - Setting next_dagrun for example_sensors to None, run_after=None
[2024-11-12T10:21:19.801+0000] {processor.py:208} INFO - Processing /home/airflow/.local/lib/python3.12/site-packages/airflow/example_dags/example_sensors.py took 0.116 seconds
[2024-11-12T10:21:50.428+0000] {processor.py:186} INFO - Started process (PID=13595) to work on /home/airflow/.local/lib/python3.12/site-packages/airflow/example_dags/example_sensors.py
[2024-11-12T10:21:50.429+0000] {processor.py:914} INFO - Processing file /home/airflow/.local/lib/python3.12/site-packages/airflow/example_dags/example_sensors.py for tasks to queue
[2024-11-12T10:21:50.431+0000] {logging_mixin.py:190} INFO - [2024-11-12T10:21:50.430+0000] {dagbag.py:588} INFO - Filling up the DagBag from /home/airflow/.local/lib/python3.12/site-packages/airflow/example_dags/example_sensors.py
[2024-11-12T10:21:50.447+0000] {processor.py:925} INFO - DAG(s) 'example_sensors' retrieved from /home/airflow/.local/lib/python3.12/site-packages/airflow/example_dags/example_sensors.py
[2024-11-12T10:21:50.484+0000] {logging_mixin.py:190} INFO - [2024-11-12T10:21:50.483+0000] {dag.py:3239} INFO - Sync 1 DAGs
[2024-11-12T10:21:50.502+0000] {logging_mixin.py:190} INFO - [2024-11-12T10:21:50.502+0000] {dag.py:4180} INFO - Setting next_dagrun for example_sensors to None, run_after=None
[2024-11-12T10:21:50.528+0000] {processor.py:208} INFO - Processing /home/airflow/.local/lib/python3.12/site-packages/airflow/example_dags/example_sensors.py took 0.109 seconds
[2024-11-12T10:22:20.804+0000] {processor.py:186} INFO - Started process (PID=13658) to work on /home/airflow/.local/lib/python3.12/site-packages/airflow/example_dags/example_sensors.py
[2024-11-12T10:22:20.806+0000] {processor.py:914} INFO - Processing file /home/airflow/.local/lib/python3.12/site-packages/airflow/example_dags/example_sensors.py for tasks to queue
[2024-11-12T10:22:20.809+0000] {logging_mixin.py:190} INFO - [2024-11-12T10:22:20.808+0000] {dagbag.py:588} INFO - Filling up the DagBag from /home/airflow/.local/lib/python3.12/site-packages/airflow/example_dags/example_sensors.py
[2024-11-12T10:22:20.829+0000] {processor.py:925} INFO - DAG(s) 'example_sensors' retrieved from /home/airflow/.local/lib/python3.12/site-packages/airflow/example_dags/example_sensors.py
[2024-11-12T10:22:20.874+0000] {logging_mixin.py:190} INFO - [2024-11-12T10:22:20.873+0000] {dag.py:3239} INFO - Sync 1 DAGs
[2024-11-12T10:22:20.896+0000] {logging_mixin.py:190} INFO - [2024-11-12T10:22:20.896+0000] {dag.py:4180} INFO - Setting next_dagrun for example_sensors to None, run_after=None
[2024-11-12T10:22:20.928+0000] {processor.py:208} INFO - Processing /home/airflow/.local/lib/python3.12/site-packages/airflow/example_dags/example_sensors.py took 0.133 seconds
[2024-11-12T10:22:51.242+0000] {processor.py:186} INFO - Started process (PID=13721) to work on /home/airflow/.local/lib/python3.12/site-packages/airflow/example_dags/example_sensors.py
[2024-11-12T10:22:51.243+0000] {processor.py:914} INFO - Processing file /home/airflow/.local/lib/python3.12/site-packages/airflow/example_dags/example_sensors.py for tasks to queue
[2024-11-12T10:22:51.245+0000] {logging_mixin.py:190} INFO - [2024-11-12T10:22:51.244+0000] {dagbag.py:588} INFO - Filling up the DagBag from /home/airflow/.local/lib/python3.12/site-packages/airflow/example_dags/example_sensors.py
[2024-11-12T10:22:51.260+0000] {processor.py:925} INFO - DAG(s) 'example_sensors' retrieved from /home/airflow/.local/lib/python3.12/site-packages/airflow/example_dags/example_sensors.py
[2024-11-12T10:22:51.306+0000] {logging_mixin.py:190} INFO - [2024-11-12T10:22:51.306+0000] {dag.py:3239} INFO - Sync 1 DAGs
[2024-11-12T10:22:51.328+0000] {logging_mixin.py:190} INFO - [2024-11-12T10:22:51.328+0000] {dag.py:4180} INFO - Setting next_dagrun for example_sensors to None, run_after=None
[2024-11-12T10:22:51.357+0000] {processor.py:208} INFO - Processing /home/airflow/.local/lib/python3.12/site-packages/airflow/example_dags/example_sensors.py took 0.121 seconds
[2024-11-12T10:23:21.781+0000] {processor.py:186} INFO - Started process (PID=13784) to work on /home/airflow/.local/lib/python3.12/site-packages/airflow/example_dags/example_sensors.py
[2024-11-12T10:23:21.782+0000] {processor.py:914} INFO - Processing file /home/airflow/.local/lib/python3.12/site-packages/airflow/example_dags/example_sensors.py for tasks to queue
[2024-11-12T10:23:21.784+0000] {logging_mixin.py:190} INFO - [2024-11-12T10:23:21.784+0000] {dagbag.py:588} INFO - Filling up the DagBag from /home/airflow/.local/lib/python3.12/site-packages/airflow/example_dags/example_sensors.py
[2024-11-12T10:23:21.801+0000] {processor.py:925} INFO - DAG(s) 'example_sensors' retrieved from /home/airflow/.local/lib/python3.12/site-packages/airflow/example_dags/example_sensors.py
[2024-11-12T10:23:21.836+0000] {logging_mixin.py:190} INFO - [2024-11-12T10:23:21.836+0000] {dag.py:3239} INFO - Sync 1 DAGs
[2024-11-12T10:23:21.855+0000] {logging_mixin.py:190} INFO - [2024-11-12T10:23:21.855+0000] {dag.py:4180} INFO - Setting next_dagrun for example_sensors to None, run_after=None
[2024-11-12T10:23:21.882+0000] {processor.py:208} INFO - Processing /home/airflow/.local/lib/python3.12/site-packages/airflow/example_dags/example_sensors.py took 0.109 seconds
[2024-11-12T10:23:52.189+0000] {processor.py:186} INFO - Started process (PID=13847) to work on /home/airflow/.local/lib/python3.12/site-packages/airflow/example_dags/example_sensors.py
[2024-11-12T10:23:52.192+0000] {processor.py:914} INFO - Processing file /home/airflow/.local/lib/python3.12/site-packages/airflow/example_dags/example_sensors.py for tasks to queue
[2024-11-12T10:23:52.195+0000] {logging_mixin.py:190} INFO - [2024-11-12T10:23:52.194+0000] {dagbag.py:588} INFO - Filling up the DagBag from /home/airflow/.local/lib/python3.12/site-packages/airflow/example_dags/example_sensors.py
[2024-11-12T10:23:52.222+0000] {processor.py:925} INFO - DAG(s) 'example_sensors' retrieved from /home/airflow/.local/lib/python3.12/site-packages/airflow/example_dags/example_sensors.py
[2024-11-12T10:23:52.284+0000] {logging_mixin.py:190} INFO - [2024-11-12T10:23:52.284+0000] {dag.py:3239} INFO - Sync 1 DAGs
[2024-11-12T10:23:52.312+0000] {logging_mixin.py:190} INFO - [2024-11-12T10:23:52.311+0000] {dag.py:4180} INFO - Setting next_dagrun for example_sensors to None, run_after=None
[2024-11-12T10:23:52.347+0000] {processor.py:208} INFO - Processing /home/airflow/.local/lib/python3.12/site-packages/airflow/example_dags/example_sensors.py took 0.169 seconds
[2024-11-12T10:24:23.052+0000] {processor.py:186} INFO - Started process (PID=13909) to work on /home/airflow/.local/lib/python3.12/site-packages/airflow/example_dags/example_sensors.py
[2024-11-12T10:24:23.054+0000] {processor.py:914} INFO - Processing file /home/airflow/.local/lib/python3.12/site-packages/airflow/example_dags/example_sensors.py for tasks to queue
[2024-11-12T10:24:23.056+0000] {logging_mixin.py:190} INFO - [2024-11-12T10:24:23.056+0000] {dagbag.py:588} INFO - Filling up the DagBag from /home/airflow/.local/lib/python3.12/site-packages/airflow/example_dags/example_sensors.py
[2024-11-12T10:24:23.079+0000] {processor.py:925} INFO - DAG(s) 'example_sensors' retrieved from /home/airflow/.local/lib/python3.12/site-packages/airflow/example_dags/example_sensors.py
[2024-11-12T10:24:23.130+0000] {logging_mixin.py:190} INFO - [2024-11-12T10:24:23.130+0000] {dag.py:3239} INFO - Sync 1 DAGs
[2024-11-12T10:24:23.153+0000] {logging_mixin.py:190} INFO - [2024-11-12T10:24:23.152+0000] {dag.py:4180} INFO - Setting next_dagrun for example_sensors to None, run_after=None
[2024-11-12T10:24:23.186+0000] {processor.py:208} INFO - Processing /home/airflow/.local/lib/python3.12/site-packages/airflow/example_dags/example_sensors.py took 0.143 seconds
