[2024-11-12T10:13:52.713+0000] {processor.py:186} INFO - Started process (PID=12634) to work on /home/airflow/.local/lib/python3.12/site-packages/airflow/example_dags/example_local_kubernetes_executor.py
[2024-11-12T10:13:52.715+0000] {processor.py:914} INFO - Processing file /home/airflow/.local/lib/python3.12/site-packages/airflow/example_dags/example_local_kubernetes_executor.py for tasks to queue
[2024-11-12T10:13:52.718+0000] {logging_mixin.py:190} INFO - [2024-11-12T10:13:52.717+0000] {dagbag.py:588} INFO - Filling up the DagBag from /home/airflow/.local/lib/python3.12/site-packages/airflow/example_dags/example_local_kubernetes_executor.py
[2024-11-12T10:13:52.740+0000] {processor.py:925} INFO - DAG(s) 'example_local_kubernetes_executor' retrieved from /home/airflow/.local/lib/python3.12/site-packages/airflow/example_dags/example_local_kubernetes_executor.py
[2024-11-12T10:13:52.809+0000] {logging_mixin.py:190} INFO - [2024-11-12T10:13:52.809+0000] {dag.py:3239} INFO - Sync 1 DAGs
[2024-11-12T10:13:52.844+0000] {logging_mixin.py:190} INFO - [2024-11-12T10:13:52.843+0000] {dag.py:4180} INFO - Setting next_dagrun for example_local_kubernetes_executor to None, run_after=None
[2024-11-12T10:13:52.887+0000] {processor.py:208} INFO - Processing /home/airflow/.local/lib/python3.12/site-packages/airflow/example_dags/example_local_kubernetes_executor.py took 0.188 seconds
[2024-11-12T10:14:23.512+0000] {processor.py:186} INFO - Started process (PID=12696) to work on /home/airflow/.local/lib/python3.12/site-packages/airflow/example_dags/example_local_kubernetes_executor.py
[2024-11-12T10:14:23.514+0000] {processor.py:914} INFO - Processing file /home/airflow/.local/lib/python3.12/site-packages/airflow/example_dags/example_local_kubernetes_executor.py for tasks to queue
[2024-11-12T10:14:23.517+0000] {logging_mixin.py:190} INFO - [2024-11-12T10:14:23.517+0000] {dagbag.py:588} INFO - Filling up the DagBag from /home/airflow/.local/lib/python3.12/site-packages/airflow/example_dags/example_local_kubernetes_executor.py
[2024-11-12T10:14:23.540+0000] {processor.py:925} INFO - DAG(s) 'example_local_kubernetes_executor' retrieved from /home/airflow/.local/lib/python3.12/site-packages/airflow/example_dags/example_local_kubernetes_executor.py
[2024-11-12T10:14:23.600+0000] {logging_mixin.py:190} INFO - [2024-11-12T10:14:23.599+0000] {dag.py:3239} INFO - Sync 1 DAGs
[2024-11-12T10:14:23.629+0000] {logging_mixin.py:190} INFO - [2024-11-12T10:14:23.628+0000] {dag.py:4180} INFO - Setting next_dagrun for example_local_kubernetes_executor to None, run_after=None
[2024-11-12T10:14:23.666+0000] {processor.py:208} INFO - Processing /home/airflow/.local/lib/python3.12/site-packages/airflow/example_dags/example_local_kubernetes_executor.py took 0.166 seconds
[2024-11-12T10:14:53.872+0000] {processor.py:186} INFO - Started process (PID=12758) to work on /home/airflow/.local/lib/python3.12/site-packages/airflow/example_dags/example_local_kubernetes_executor.py
[2024-11-12T10:14:53.876+0000] {processor.py:914} INFO - Processing file /home/airflow/.local/lib/python3.12/site-packages/airflow/example_dags/example_local_kubernetes_executor.py for tasks to queue
[2024-11-12T10:14:53.878+0000] {logging_mixin.py:190} INFO - [2024-11-12T10:14:53.878+0000] {dagbag.py:588} INFO - Filling up the DagBag from /home/airflow/.local/lib/python3.12/site-packages/airflow/example_dags/example_local_kubernetes_executor.py
[2024-11-12T10:14:53.893+0000] {processor.py:925} INFO - DAG(s) 'example_local_kubernetes_executor' retrieved from /home/airflow/.local/lib/python3.12/site-packages/airflow/example_dags/example_local_kubernetes_executor.py
[2024-11-12T10:14:53.938+0000] {logging_mixin.py:190} INFO - [2024-11-12T10:14:53.937+0000] {dag.py:3239} INFO - Sync 1 DAGs
[2024-11-12T10:14:53.962+0000] {logging_mixin.py:190} INFO - [2024-11-12T10:14:53.962+0000] {dag.py:4180} INFO - Setting next_dagrun for example_local_kubernetes_executor to None, run_after=None
[2024-11-12T10:14:53.995+0000] {processor.py:208} INFO - Processing /home/airflow/.local/lib/python3.12/site-packages/airflow/example_dags/example_local_kubernetes_executor.py took 0.131 seconds
[2024-11-12T10:15:24.508+0000] {processor.py:186} INFO - Started process (PID=12820) to work on /home/airflow/.local/lib/python3.12/site-packages/airflow/example_dags/example_local_kubernetes_executor.py
[2024-11-12T10:15:24.526+0000] {processor.py:914} INFO - Processing file /home/airflow/.local/lib/python3.12/site-packages/airflow/example_dags/example_local_kubernetes_executor.py for tasks to queue
[2024-11-12T10:15:24.531+0000] {logging_mixin.py:190} INFO - [2024-11-12T10:15:24.530+0000] {dagbag.py:588} INFO - Filling up the DagBag from /home/airflow/.local/lib/python3.12/site-packages/airflow/example_dags/example_local_kubernetes_executor.py
[2024-11-12T10:15:24.567+0000] {processor.py:925} INFO - DAG(s) 'example_local_kubernetes_executor' retrieved from /home/airflow/.local/lib/python3.12/site-packages/airflow/example_dags/example_local_kubernetes_executor.py
[2024-11-12T10:15:24.655+0000] {logging_mixin.py:190} INFO - [2024-11-12T10:15:24.654+0000] {dag.py:3239} INFO - Sync 1 DAGs
[2024-11-12T10:15:24.699+0000] {logging_mixin.py:190} INFO - [2024-11-12T10:15:24.698+0000] {dag.py:4180} INFO - Setting next_dagrun for example_local_kubernetes_executor to None, run_after=None
[2024-11-12T10:15:24.760+0000] {processor.py:208} INFO - Processing /home/airflow/.local/lib/python3.12/site-packages/airflow/example_dags/example_local_kubernetes_executor.py took 0.276 seconds
[2024-11-12T10:15:55.071+0000] {processor.py:186} INFO - Started process (PID=12883) to work on /home/airflow/.local/lib/python3.12/site-packages/airflow/example_dags/example_local_kubernetes_executor.py
[2024-11-12T10:15:55.075+0000] {processor.py:914} INFO - Processing file /home/airflow/.local/lib/python3.12/site-packages/airflow/example_dags/example_local_kubernetes_executor.py for tasks to queue
[2024-11-12T10:15:55.079+0000] {logging_mixin.py:190} INFO - [2024-11-12T10:15:55.078+0000] {dagbag.py:588} INFO - Filling up the DagBag from /home/airflow/.local/lib/python3.12/site-packages/airflow/example_dags/example_local_kubernetes_executor.py
[2024-11-12T10:15:55.115+0000] {processor.py:925} INFO - DAG(s) 'example_local_kubernetes_executor' retrieved from /home/airflow/.local/lib/python3.12/site-packages/airflow/example_dags/example_local_kubernetes_executor.py
[2024-11-12T10:15:55.248+0000] {logging_mixin.py:190} INFO - [2024-11-12T10:15:55.247+0000] {dag.py:3239} INFO - Sync 1 DAGs
[2024-11-12T10:15:55.324+0000] {logging_mixin.py:190} INFO - [2024-11-12T10:15:55.323+0000] {dag.py:4180} INFO - Setting next_dagrun for example_local_kubernetes_executor to None, run_after=None
[2024-11-12T10:15:55.479+0000] {processor.py:208} INFO - Processing /home/airflow/.local/lib/python3.12/site-packages/airflow/example_dags/example_local_kubernetes_executor.py took 0.430 seconds
[2024-11-12T10:16:26.059+0000] {processor.py:186} INFO - Started process (PID=12945) to work on /home/airflow/.local/lib/python3.12/site-packages/airflow/example_dags/example_local_kubernetes_executor.py
[2024-11-12T10:16:26.060+0000] {processor.py:914} INFO - Processing file /home/airflow/.local/lib/python3.12/site-packages/airflow/example_dags/example_local_kubernetes_executor.py for tasks to queue
[2024-11-12T10:16:26.062+0000] {logging_mixin.py:190} INFO - [2024-11-12T10:16:26.062+0000] {dagbag.py:588} INFO - Filling up the DagBag from /home/airflow/.local/lib/python3.12/site-packages/airflow/example_dags/example_local_kubernetes_executor.py
[2024-11-12T10:16:26.075+0000] {processor.py:925} INFO - DAG(s) 'example_local_kubernetes_executor' retrieved from /home/airflow/.local/lib/python3.12/site-packages/airflow/example_dags/example_local_kubernetes_executor.py
[2024-11-12T10:16:26.121+0000] {logging_mixin.py:190} INFO - [2024-11-12T10:16:26.121+0000] {dag.py:3239} INFO - Sync 1 DAGs
[2024-11-12T10:16:26.145+0000] {logging_mixin.py:190} INFO - [2024-11-12T10:16:26.145+0000] {dag.py:4180} INFO - Setting next_dagrun for example_local_kubernetes_executor to None, run_after=None
[2024-11-12T10:16:26.173+0000] {processor.py:208} INFO - Processing /home/airflow/.local/lib/python3.12/site-packages/airflow/example_dags/example_local_kubernetes_executor.py took 0.123 seconds
[2024-11-12T10:16:56.331+0000] {processor.py:186} INFO - Started process (PID=13007) to work on /home/airflow/.local/lib/python3.12/site-packages/airflow/example_dags/example_local_kubernetes_executor.py
[2024-11-12T10:16:56.332+0000] {processor.py:914} INFO - Processing file /home/airflow/.local/lib/python3.12/site-packages/airflow/example_dags/example_local_kubernetes_executor.py for tasks to queue
[2024-11-12T10:16:56.336+0000] {logging_mixin.py:190} INFO - [2024-11-12T10:16:56.335+0000] {dagbag.py:588} INFO - Filling up the DagBag from /home/airflow/.local/lib/python3.12/site-packages/airflow/example_dags/example_local_kubernetes_executor.py
[2024-11-12T10:16:56.363+0000] {processor.py:925} INFO - DAG(s) 'example_local_kubernetes_executor' retrieved from /home/airflow/.local/lib/python3.12/site-packages/airflow/example_dags/example_local_kubernetes_executor.py
[2024-11-12T10:16:56.424+0000] {logging_mixin.py:190} INFO - [2024-11-12T10:16:56.423+0000] {dag.py:3239} INFO - Sync 1 DAGs
[2024-11-12T10:16:56.468+0000] {logging_mixin.py:190} INFO - [2024-11-12T10:16:56.467+0000] {dag.py:4180} INFO - Setting next_dagrun for example_local_kubernetes_executor to None, run_after=None
[2024-11-12T10:16:56.523+0000] {processor.py:208} INFO - Processing /home/airflow/.local/lib/python3.12/site-packages/airflow/example_dags/example_local_kubernetes_executor.py took 0.204 seconds
[2024-11-12T10:17:27.322+0000] {processor.py:186} INFO - Started process (PID=13069) to work on /home/airflow/.local/lib/python3.12/site-packages/airflow/example_dags/example_local_kubernetes_executor.py
[2024-11-12T10:17:27.324+0000] {processor.py:914} INFO - Processing file /home/airflow/.local/lib/python3.12/site-packages/airflow/example_dags/example_local_kubernetes_executor.py for tasks to queue
[2024-11-12T10:17:27.326+0000] {logging_mixin.py:190} INFO - [2024-11-12T10:17:27.326+0000] {dagbag.py:588} INFO - Filling up the DagBag from /home/airflow/.local/lib/python3.12/site-packages/airflow/example_dags/example_local_kubernetes_executor.py
[2024-11-12T10:17:27.343+0000] {processor.py:925} INFO - DAG(s) 'example_local_kubernetes_executor' retrieved from /home/airflow/.local/lib/python3.12/site-packages/airflow/example_dags/example_local_kubernetes_executor.py
[2024-11-12T10:17:27.412+0000] {logging_mixin.py:190} INFO - [2024-11-12T10:17:27.411+0000] {dag.py:3239} INFO - Sync 1 DAGs
[2024-11-12T10:17:27.453+0000] {logging_mixin.py:190} INFO - [2024-11-12T10:17:27.452+0000] {dag.py:4180} INFO - Setting next_dagrun for example_local_kubernetes_executor to None, run_after=None
[2024-11-12T10:17:27.502+0000] {processor.py:208} INFO - Processing /home/airflow/.local/lib/python3.12/site-packages/airflow/example_dags/example_local_kubernetes_executor.py took 0.191 seconds
[2024-11-12T10:17:57.626+0000] {processor.py:186} INFO - Started process (PID=13131) to work on /home/airflow/.local/lib/python3.12/site-packages/airflow/example_dags/example_local_kubernetes_executor.py
[2024-11-12T10:17:57.628+0000] {processor.py:914} INFO - Processing file /home/airflow/.local/lib/python3.12/site-packages/airflow/example_dags/example_local_kubernetes_executor.py for tasks to queue
[2024-11-12T10:17:57.631+0000] {logging_mixin.py:190} INFO - [2024-11-12T10:17:57.630+0000] {dagbag.py:588} INFO - Filling up the DagBag from /home/airflow/.local/lib/python3.12/site-packages/airflow/example_dags/example_local_kubernetes_executor.py
[2024-11-12T10:17:57.650+0000] {processor.py:925} INFO - DAG(s) 'example_local_kubernetes_executor' retrieved from /home/airflow/.local/lib/python3.12/site-packages/airflow/example_dags/example_local_kubernetes_executor.py
[2024-11-12T10:17:57.713+0000] {logging_mixin.py:190} INFO - [2024-11-12T10:17:57.712+0000] {dag.py:3239} INFO - Sync 1 DAGs
[2024-11-12T10:17:57.748+0000] {logging_mixin.py:190} INFO - [2024-11-12T10:17:57.748+0000] {dag.py:4180} INFO - Setting next_dagrun for example_local_kubernetes_executor to None, run_after=None
[2024-11-12T10:17:57.793+0000] {processor.py:208} INFO - Processing /home/airflow/.local/lib/python3.12/site-packages/airflow/example_dags/example_local_kubernetes_executor.py took 0.178 seconds
[2024-11-12T10:18:28.223+0000] {processor.py:186} INFO - Started process (PID=13193) to work on /home/airflow/.local/lib/python3.12/site-packages/airflow/example_dags/example_local_kubernetes_executor.py
[2024-11-12T10:18:28.224+0000] {processor.py:914} INFO - Processing file /home/airflow/.local/lib/python3.12/site-packages/airflow/example_dags/example_local_kubernetes_executor.py for tasks to queue
[2024-11-12T10:18:28.226+0000] {logging_mixin.py:190} INFO - [2024-11-12T10:18:28.226+0000] {dagbag.py:588} INFO - Filling up the DagBag from /home/airflow/.local/lib/python3.12/site-packages/airflow/example_dags/example_local_kubernetes_executor.py
[2024-11-12T10:18:28.239+0000] {processor.py:925} INFO - DAG(s) 'example_local_kubernetes_executor' retrieved from /home/airflow/.local/lib/python3.12/site-packages/airflow/example_dags/example_local_kubernetes_executor.py
[2024-11-12T10:18:28.283+0000] {logging_mixin.py:190} INFO - [2024-11-12T10:18:28.283+0000] {dag.py:3239} INFO - Sync 1 DAGs
[2024-11-12T10:18:28.305+0000] {logging_mixin.py:190} INFO - [2024-11-12T10:18:28.305+0000] {dag.py:4180} INFO - Setting next_dagrun for example_local_kubernetes_executor to None, run_after=None
[2024-11-12T10:18:28.334+0000] {processor.py:208} INFO - Processing /home/airflow/.local/lib/python3.12/site-packages/airflow/example_dags/example_local_kubernetes_executor.py took 0.119 seconds
[2024-11-12T10:18:58.575+0000] {processor.py:186} INFO - Started process (PID=13255) to work on /home/airflow/.local/lib/python3.12/site-packages/airflow/example_dags/example_local_kubernetes_executor.py
[2024-11-12T10:18:58.577+0000] {processor.py:914} INFO - Processing file /home/airflow/.local/lib/python3.12/site-packages/airflow/example_dags/example_local_kubernetes_executor.py for tasks to queue
[2024-11-12T10:18:58.580+0000] {logging_mixin.py:190} INFO - [2024-11-12T10:18:58.579+0000] {dagbag.py:588} INFO - Filling up the DagBag from /home/airflow/.local/lib/python3.12/site-packages/airflow/example_dags/example_local_kubernetes_executor.py
[2024-11-12T10:18:58.591+0000] {processor.py:925} INFO - DAG(s) 'example_local_kubernetes_executor' retrieved from /home/airflow/.local/lib/python3.12/site-packages/airflow/example_dags/example_local_kubernetes_executor.py
[2024-11-12T10:18:58.633+0000] {logging_mixin.py:190} INFO - [2024-11-12T10:18:58.633+0000] {dag.py:3239} INFO - Sync 1 DAGs
[2024-11-12T10:18:58.656+0000] {logging_mixin.py:190} INFO - [2024-11-12T10:18:58.655+0000] {dag.py:4180} INFO - Setting next_dagrun for example_local_kubernetes_executor to None, run_after=None
[2024-11-12T10:18:58.683+0000] {processor.py:208} INFO - Processing /home/airflow/.local/lib/python3.12/site-packages/airflow/example_dags/example_local_kubernetes_executor.py took 0.115 seconds
[2024-11-12T10:19:28.826+0000] {processor.py:186} INFO - Started process (PID=13318) to work on /home/airflow/.local/lib/python3.12/site-packages/airflow/example_dags/example_local_kubernetes_executor.py
[2024-11-12T10:19:28.828+0000] {processor.py:914} INFO - Processing file /home/airflow/.local/lib/python3.12/site-packages/airflow/example_dags/example_local_kubernetes_executor.py for tasks to queue
[2024-11-12T10:19:28.830+0000] {logging_mixin.py:190} INFO - [2024-11-12T10:19:28.829+0000] {dagbag.py:588} INFO - Filling up the DagBag from /home/airflow/.local/lib/python3.12/site-packages/airflow/example_dags/example_local_kubernetes_executor.py
[2024-11-12T10:19:28.846+0000] {processor.py:925} INFO - DAG(s) 'example_local_kubernetes_executor' retrieved from /home/airflow/.local/lib/python3.12/site-packages/airflow/example_dags/example_local_kubernetes_executor.py
[2024-11-12T10:19:28.896+0000] {logging_mixin.py:190} INFO - [2024-11-12T10:19:28.896+0000] {dag.py:3239} INFO - Sync 1 DAGs
[2024-11-12T10:19:28.917+0000] {logging_mixin.py:190} INFO - [2024-11-12T10:19:28.916+0000] {dag.py:4180} INFO - Setting next_dagrun for example_local_kubernetes_executor to None, run_after=None
[2024-11-12T10:19:28.944+0000] {processor.py:208} INFO - Processing /home/airflow/.local/lib/python3.12/site-packages/airflow/example_dags/example_local_kubernetes_executor.py took 0.126 seconds
[2024-11-12T10:19:59.240+0000] {processor.py:186} INFO - Started process (PID=13381) to work on /home/airflow/.local/lib/python3.12/site-packages/airflow/example_dags/example_local_kubernetes_executor.py
[2024-11-12T10:19:59.241+0000] {processor.py:914} INFO - Processing file /home/airflow/.local/lib/python3.12/site-packages/airflow/example_dags/example_local_kubernetes_executor.py for tasks to queue
[2024-11-12T10:19:59.244+0000] {logging_mixin.py:190} INFO - [2024-11-12T10:19:59.243+0000] {dagbag.py:588} INFO - Filling up the DagBag from /home/airflow/.local/lib/python3.12/site-packages/airflow/example_dags/example_local_kubernetes_executor.py
[2024-11-12T10:19:59.258+0000] {processor.py:925} INFO - DAG(s) 'example_local_kubernetes_executor' retrieved from /home/airflow/.local/lib/python3.12/site-packages/airflow/example_dags/example_local_kubernetes_executor.py
[2024-11-12T10:19:59.303+0000] {logging_mixin.py:190} INFO - [2024-11-12T10:19:59.303+0000] {dag.py:3239} INFO - Sync 1 DAGs
[2024-11-12T10:19:59.327+0000] {logging_mixin.py:190} INFO - [2024-11-12T10:19:59.327+0000] {dag.py:4180} INFO - Setting next_dagrun for example_local_kubernetes_executor to None, run_after=None
[2024-11-12T10:19:59.361+0000] {processor.py:208} INFO - Processing /home/airflow/.local/lib/python3.12/site-packages/airflow/example_dags/example_local_kubernetes_executor.py took 0.130 seconds
[2024-11-12T10:20:29.715+0000] {processor.py:186} INFO - Started process (PID=13444) to work on /home/airflow/.local/lib/python3.12/site-packages/airflow/example_dags/example_local_kubernetes_executor.py
[2024-11-12T10:20:29.716+0000] {processor.py:914} INFO - Processing file /home/airflow/.local/lib/python3.12/site-packages/airflow/example_dags/example_local_kubernetes_executor.py for tasks to queue
[2024-11-12T10:20:29.719+0000] {logging_mixin.py:190} INFO - [2024-11-12T10:20:29.718+0000] {dagbag.py:588} INFO - Filling up the DagBag from /home/airflow/.local/lib/python3.12/site-packages/airflow/example_dags/example_local_kubernetes_executor.py
[2024-11-12T10:20:29.731+0000] {processor.py:925} INFO - DAG(s) 'example_local_kubernetes_executor' retrieved from /home/airflow/.local/lib/python3.12/site-packages/airflow/example_dags/example_local_kubernetes_executor.py
[2024-11-12T10:20:29.779+0000] {logging_mixin.py:190} INFO - [2024-11-12T10:20:29.778+0000] {dag.py:3239} INFO - Sync 1 DAGs
[2024-11-12T10:20:29.799+0000] {logging_mixin.py:190} INFO - [2024-11-12T10:20:29.799+0000] {dag.py:4180} INFO - Setting next_dagrun for example_local_kubernetes_executor to None, run_after=None
[2024-11-12T10:20:29.827+0000] {processor.py:208} INFO - Processing /home/airflow/.local/lib/python3.12/site-packages/airflow/example_dags/example_local_kubernetes_executor.py took 0.120 seconds
[2024-11-12T10:20:59.947+0000] {processor.py:186} INFO - Started process (PID=13507) to work on /home/airflow/.local/lib/python3.12/site-packages/airflow/example_dags/example_local_kubernetes_executor.py
[2024-11-12T10:20:59.949+0000] {processor.py:914} INFO - Processing file /home/airflow/.local/lib/python3.12/site-packages/airflow/example_dags/example_local_kubernetes_executor.py for tasks to queue
[2024-11-12T10:20:59.953+0000] {logging_mixin.py:190} INFO - [2024-11-12T10:20:59.952+0000] {dagbag.py:588} INFO - Filling up the DagBag from /home/airflow/.local/lib/python3.12/site-packages/airflow/example_dags/example_local_kubernetes_executor.py
[2024-11-12T10:20:59.979+0000] {processor.py:925} INFO - DAG(s) 'example_local_kubernetes_executor' retrieved from /home/airflow/.local/lib/python3.12/site-packages/airflow/example_dags/example_local_kubernetes_executor.py
[2024-11-12T10:21:00.060+0000] {logging_mixin.py:190} INFO - [2024-11-12T10:21:00.059+0000] {dag.py:3239} INFO - Sync 1 DAGs
[2024-11-12T10:21:00.093+0000] {logging_mixin.py:190} INFO - [2024-11-12T10:21:00.093+0000] {dag.py:4180} INFO - Setting next_dagrun for example_local_kubernetes_executor to None, run_after=None
[2024-11-12T10:21:00.129+0000] {processor.py:208} INFO - Processing /home/airflow/.local/lib/python3.12/site-packages/airflow/example_dags/example_local_kubernetes_executor.py took 0.198 seconds
[2024-11-12T10:21:30.653+0000] {processor.py:186} INFO - Started process (PID=13570) to work on /home/airflow/.local/lib/python3.12/site-packages/airflow/example_dags/example_local_kubernetes_executor.py
[2024-11-12T10:21:30.655+0000] {processor.py:914} INFO - Processing file /home/airflow/.local/lib/python3.12/site-packages/airflow/example_dags/example_local_kubernetes_executor.py for tasks to queue
[2024-11-12T10:21:30.658+0000] {logging_mixin.py:190} INFO - [2024-11-12T10:21:30.657+0000] {dagbag.py:588} INFO - Filling up the DagBag from /home/airflow/.local/lib/python3.12/site-packages/airflow/example_dags/example_local_kubernetes_executor.py
[2024-11-12T10:21:30.676+0000] {processor.py:925} INFO - DAG(s) 'example_local_kubernetes_executor' retrieved from /home/airflow/.local/lib/python3.12/site-packages/airflow/example_dags/example_local_kubernetes_executor.py
[2024-11-12T10:21:30.738+0000] {logging_mixin.py:190} INFO - [2024-11-12T10:21:30.738+0000] {dag.py:3239} INFO - Sync 1 DAGs
[2024-11-12T10:21:30.769+0000] {logging_mixin.py:190} INFO - [2024-11-12T10:21:30.768+0000] {dag.py:4180} INFO - Setting next_dagrun for example_local_kubernetes_executor to None, run_after=None
[2024-11-12T10:21:30.805+0000] {processor.py:208} INFO - Processing /home/airflow/.local/lib/python3.12/site-packages/airflow/example_dags/example_local_kubernetes_executor.py took 0.161 seconds
[2024-11-12T10:22:01.323+0000] {processor.py:186} INFO - Started process (PID=13633) to work on /home/airflow/.local/lib/python3.12/site-packages/airflow/example_dags/example_local_kubernetes_executor.py
[2024-11-12T10:22:01.326+0000] {processor.py:914} INFO - Processing file /home/airflow/.local/lib/python3.12/site-packages/airflow/example_dags/example_local_kubernetes_executor.py for tasks to queue
[2024-11-12T10:22:01.328+0000] {logging_mixin.py:190} INFO - [2024-11-12T10:22:01.328+0000] {dagbag.py:588} INFO - Filling up the DagBag from /home/airflow/.local/lib/python3.12/site-packages/airflow/example_dags/example_local_kubernetes_executor.py
[2024-11-12T10:22:01.349+0000] {processor.py:925} INFO - DAG(s) 'example_local_kubernetes_executor' retrieved from /home/airflow/.local/lib/python3.12/site-packages/airflow/example_dags/example_local_kubernetes_executor.py
[2024-11-12T10:22:01.425+0000] {logging_mixin.py:190} INFO - [2024-11-12T10:22:01.424+0000] {dag.py:3239} INFO - Sync 1 DAGs
[2024-11-12T10:22:01.467+0000] {logging_mixin.py:190} INFO - [2024-11-12T10:22:01.467+0000] {dag.py:4180} INFO - Setting next_dagrun for example_local_kubernetes_executor to None, run_after=None
[2024-11-12T10:22:01.517+0000] {processor.py:208} INFO - Processing /home/airflow/.local/lib/python3.12/site-packages/airflow/example_dags/example_local_kubernetes_executor.py took 0.214 seconds
[2024-11-12T10:22:31.774+0000] {processor.py:186} INFO - Started process (PID=13696) to work on /home/airflow/.local/lib/python3.12/site-packages/airflow/example_dags/example_local_kubernetes_executor.py
[2024-11-12T10:22:31.775+0000] {processor.py:914} INFO - Processing file /home/airflow/.local/lib/python3.12/site-packages/airflow/example_dags/example_local_kubernetes_executor.py for tasks to queue
[2024-11-12T10:22:31.778+0000] {logging_mixin.py:190} INFO - [2024-11-12T10:22:31.777+0000] {dagbag.py:588} INFO - Filling up the DagBag from /home/airflow/.local/lib/python3.12/site-packages/airflow/example_dags/example_local_kubernetes_executor.py
[2024-11-12T10:22:31.795+0000] {processor.py:925} INFO - DAG(s) 'example_local_kubernetes_executor' retrieved from /home/airflow/.local/lib/python3.12/site-packages/airflow/example_dags/example_local_kubernetes_executor.py
[2024-11-12T10:22:31.846+0000] {logging_mixin.py:190} INFO - [2024-11-12T10:22:31.846+0000] {dag.py:3239} INFO - Sync 1 DAGs
[2024-11-12T10:22:31.872+0000] {logging_mixin.py:190} INFO - [2024-11-12T10:22:31.872+0000] {dag.py:4180} INFO - Setting next_dagrun for example_local_kubernetes_executor to None, run_after=None
[2024-11-12T10:22:31.902+0000] {processor.py:208} INFO - Processing /home/airflow/.local/lib/python3.12/site-packages/airflow/example_dags/example_local_kubernetes_executor.py took 0.139 seconds
[2024-11-12T10:23:02.464+0000] {processor.py:186} INFO - Started process (PID=13759) to work on /home/airflow/.local/lib/python3.12/site-packages/airflow/example_dags/example_local_kubernetes_executor.py
[2024-11-12T10:23:02.466+0000] {processor.py:914} INFO - Processing file /home/airflow/.local/lib/python3.12/site-packages/airflow/example_dags/example_local_kubernetes_executor.py for tasks to queue
[2024-11-12T10:23:02.470+0000] {logging_mixin.py:190} INFO - [2024-11-12T10:23:02.469+0000] {dagbag.py:588} INFO - Filling up the DagBag from /home/airflow/.local/lib/python3.12/site-packages/airflow/example_dags/example_local_kubernetes_executor.py
[2024-11-12T10:23:02.489+0000] {processor.py:925} INFO - DAG(s) 'example_local_kubernetes_executor' retrieved from /home/airflow/.local/lib/python3.12/site-packages/airflow/example_dags/example_local_kubernetes_executor.py
[2024-11-12T10:23:02.547+0000] {logging_mixin.py:190} INFO - [2024-11-12T10:23:02.546+0000] {dag.py:3239} INFO - Sync 1 DAGs
[2024-11-12T10:23:02.573+0000] {logging_mixin.py:190} INFO - [2024-11-12T10:23:02.572+0000] {dag.py:4180} INFO - Setting next_dagrun for example_local_kubernetes_executor to None, run_after=None
[2024-11-12T10:23:02.604+0000] {processor.py:208} INFO - Processing /home/airflow/.local/lib/python3.12/site-packages/airflow/example_dags/example_local_kubernetes_executor.py took 0.152 seconds
[2024-11-12T10:23:33.029+0000] {processor.py:186} INFO - Started process (PID=13822) to work on /home/airflow/.local/lib/python3.12/site-packages/airflow/example_dags/example_local_kubernetes_executor.py
[2024-11-12T10:23:33.031+0000] {processor.py:914} INFO - Processing file /home/airflow/.local/lib/python3.12/site-packages/airflow/example_dags/example_local_kubernetes_executor.py for tasks to queue
[2024-11-12T10:23:33.033+0000] {logging_mixin.py:190} INFO - [2024-11-12T10:23:33.032+0000] {dagbag.py:588} INFO - Filling up the DagBag from /home/airflow/.local/lib/python3.12/site-packages/airflow/example_dags/example_local_kubernetes_executor.py
[2024-11-12T10:23:33.047+0000] {processor.py:925} INFO - DAG(s) 'example_local_kubernetes_executor' retrieved from /home/airflow/.local/lib/python3.12/site-packages/airflow/example_dags/example_local_kubernetes_executor.py
[2024-11-12T10:23:33.100+0000] {logging_mixin.py:190} INFO - [2024-11-12T10:23:33.100+0000] {dag.py:3239} INFO - Sync 1 DAGs
[2024-11-12T10:23:33.125+0000] {logging_mixin.py:190} INFO - [2024-11-12T10:23:33.125+0000] {dag.py:4180} INFO - Setting next_dagrun for example_local_kubernetes_executor to None, run_after=None
[2024-11-12T10:23:33.155+0000] {processor.py:208} INFO - Processing /home/airflow/.local/lib/python3.12/site-packages/airflow/example_dags/example_local_kubernetes_executor.py took 0.136 seconds
[2024-11-12T10:24:03.637+0000] {processor.py:186} INFO - Started process (PID=13885) to work on /home/airflow/.local/lib/python3.12/site-packages/airflow/example_dags/example_local_kubernetes_executor.py
[2024-11-12T10:24:03.639+0000] {processor.py:914} INFO - Processing file /home/airflow/.local/lib/python3.12/site-packages/airflow/example_dags/example_local_kubernetes_executor.py for tasks to queue
[2024-11-12T10:24:03.641+0000] {logging_mixin.py:190} INFO - [2024-11-12T10:24:03.640+0000] {dagbag.py:588} INFO - Filling up the DagBag from /home/airflow/.local/lib/python3.12/site-packages/airflow/example_dags/example_local_kubernetes_executor.py
[2024-11-12T10:24:03.658+0000] {processor.py:925} INFO - DAG(s) 'example_local_kubernetes_executor' retrieved from /home/airflow/.local/lib/python3.12/site-packages/airflow/example_dags/example_local_kubernetes_executor.py
[2024-11-12T10:24:03.732+0000] {logging_mixin.py:190} INFO - [2024-11-12T10:24:03.731+0000] {dag.py:3239} INFO - Sync 1 DAGs
[2024-11-12T10:24:03.775+0000] {logging_mixin.py:190} INFO - [2024-11-12T10:24:03.775+0000] {dag.py:4180} INFO - Setting next_dagrun for example_local_kubernetes_executor to None, run_after=None
[2024-11-12T10:24:03.822+0000] {processor.py:208} INFO - Processing /home/airflow/.local/lib/python3.12/site-packages/airflow/example_dags/example_local_kubernetes_executor.py took 0.198 seconds
