[2024-11-12T10:13:46.191+0000] {processor.py:186} INFO - Started process (PID=12620) to work on /home/airflow/.local/lib/python3.12/site-packages/airflow/example_dags/example_dag_decorator.py
[2024-11-12T10:13:46.193+0000] {processor.py:914} INFO - Processing file /home/airflow/.local/lib/python3.12/site-packages/airflow/example_dags/example_dag_decorator.py for tasks to queue
[2024-11-12T10:13:46.195+0000] {logging_mixin.py:190} INFO - [2024-11-12T10:13:46.194+0000] {dagbag.py:588} INFO - Filling up the DagBag from /home/airflow/.local/lib/python3.12/site-packages/airflow/example_dags/example_dag_decorator.py
[2024-11-12T10:13:46.214+0000] {processor.py:925} INFO - DAG(s) 'example_dag_decorator' retrieved from /home/airflow/.local/lib/python3.12/site-packages/airflow/example_dags/example_dag_decorator.py
[2024-11-12T10:13:46.250+0000] {logging_mixin.py:190} INFO - [2024-11-12T10:13:46.250+0000] {dag.py:3239} INFO - Sync 1 DAGs
[2024-11-12T10:13:46.271+0000] {logging_mixin.py:190} INFO - [2024-11-12T10:13:46.271+0000] {dag.py:4180} INFO - Setting next_dagrun for example_dag_decorator to None, run_after=None
[2024-11-12T10:13:46.296+0000] {processor.py:208} INFO - Processing /home/airflow/.local/lib/python3.12/site-packages/airflow/example_dags/example_dag_decorator.py took 0.112 seconds
[2024-11-12T10:14:17.062+0000] {processor.py:186} INFO - Started process (PID=12682) to work on /home/airflow/.local/lib/python3.12/site-packages/airflow/example_dags/example_dag_decorator.py
[2024-11-12T10:14:17.065+0000] {processor.py:914} INFO - Processing file /home/airflow/.local/lib/python3.12/site-packages/airflow/example_dags/example_dag_decorator.py for tasks to queue
[2024-11-12T10:14:17.067+0000] {logging_mixin.py:190} INFO - [2024-11-12T10:14:17.067+0000] {dagbag.py:588} INFO - Filling up the DagBag from /home/airflow/.local/lib/python3.12/site-packages/airflow/example_dags/example_dag_decorator.py
[2024-11-12T10:14:17.083+0000] {processor.py:925} INFO - DAG(s) 'example_dag_decorator' retrieved from /home/airflow/.local/lib/python3.12/site-packages/airflow/example_dags/example_dag_decorator.py
[2024-11-12T10:14:17.305+0000] {logging_mixin.py:190} INFO - [2024-11-12T10:14:17.305+0000] {dag.py:3239} INFO - Sync 1 DAGs
[2024-11-12T10:14:17.325+0000] {logging_mixin.py:190} INFO - [2024-11-12T10:14:17.325+0000] {dag.py:4180} INFO - Setting next_dagrun for example_dag_decorator to None, run_after=None
[2024-11-12T10:14:17.356+0000] {processor.py:208} INFO - Processing /home/airflow/.local/lib/python3.12/site-packages/airflow/example_dags/example_dag_decorator.py took 0.302 seconds
[2024-11-12T10:14:47.442+0000] {processor.py:186} INFO - Started process (PID=12745) to work on /home/airflow/.local/lib/python3.12/site-packages/airflow/example_dags/example_dag_decorator.py
[2024-11-12T10:14:47.444+0000] {processor.py:914} INFO - Processing file /home/airflow/.local/lib/python3.12/site-packages/airflow/example_dags/example_dag_decorator.py for tasks to queue
[2024-11-12T10:14:47.447+0000] {logging_mixin.py:190} INFO - [2024-11-12T10:14:47.446+0000] {dagbag.py:588} INFO - Filling up the DagBag from /home/airflow/.local/lib/python3.12/site-packages/airflow/example_dags/example_dag_decorator.py
[2024-11-12T10:14:47.470+0000] {processor.py:925} INFO - DAG(s) 'example_dag_decorator' retrieved from /home/airflow/.local/lib/python3.12/site-packages/airflow/example_dags/example_dag_decorator.py
[2024-11-12T10:14:47.757+0000] {logging_mixin.py:190} INFO - [2024-11-12T10:14:47.756+0000] {dag.py:3239} INFO - Sync 1 DAGs
[2024-11-12T10:14:47.790+0000] {logging_mixin.py:190} INFO - [2024-11-12T10:14:47.790+0000] {dag.py:4180} INFO - Setting next_dagrun for example_dag_decorator to None, run_after=None
[2024-11-12T10:14:47.830+0000] {processor.py:208} INFO - Processing /home/airflow/.local/lib/python3.12/site-packages/airflow/example_dags/example_dag_decorator.py took 0.399 seconds
[2024-11-12T10:15:19.218+0000] {processor.py:186} INFO - Started process (PID=12807) to work on /home/airflow/.local/lib/python3.12/site-packages/airflow/example_dags/example_dag_decorator.py
[2024-11-12T10:15:19.220+0000] {processor.py:914} INFO - Processing file /home/airflow/.local/lib/python3.12/site-packages/airflow/example_dags/example_dag_decorator.py for tasks to queue
[2024-11-12T10:15:19.223+0000] {logging_mixin.py:190} INFO - [2024-11-12T10:15:19.222+0000] {dagbag.py:588} INFO - Filling up the DagBag from /home/airflow/.local/lib/python3.12/site-packages/airflow/example_dags/example_dag_decorator.py
[2024-11-12T10:15:19.251+0000] {processor.py:925} INFO - DAG(s) 'example_dag_decorator' retrieved from /home/airflow/.local/lib/python3.12/site-packages/airflow/example_dags/example_dag_decorator.py
[2024-11-12T10:15:19.641+0000] {logging_mixin.py:190} INFO - [2024-11-12T10:15:19.640+0000] {dag.py:3239} INFO - Sync 1 DAGs
[2024-11-12T10:15:19.676+0000] {logging_mixin.py:190} INFO - [2024-11-12T10:15:19.675+0000] {dag.py:4180} INFO - Setting next_dagrun for example_dag_decorator to None, run_after=None
[2024-11-12T10:15:19.719+0000] {processor.py:208} INFO - Processing /home/airflow/.local/lib/python3.12/site-packages/airflow/example_dags/example_dag_decorator.py took 0.515 seconds
[2024-11-12T10:15:49.936+0000] {processor.py:186} INFO - Started process (PID=12870) to work on /home/airflow/.local/lib/python3.12/site-packages/airflow/example_dags/example_dag_decorator.py
[2024-11-12T10:15:49.938+0000] {processor.py:914} INFO - Processing file /home/airflow/.local/lib/python3.12/site-packages/airflow/example_dags/example_dag_decorator.py for tasks to queue
[2024-11-12T10:15:49.940+0000] {logging_mixin.py:190} INFO - [2024-11-12T10:15:49.939+0000] {dagbag.py:588} INFO - Filling up the DagBag from /home/airflow/.local/lib/python3.12/site-packages/airflow/example_dags/example_dag_decorator.py
[2024-11-12T10:15:49.957+0000] {processor.py:925} INFO - DAG(s) 'example_dag_decorator' retrieved from /home/airflow/.local/lib/python3.12/site-packages/airflow/example_dags/example_dag_decorator.py
[2024-11-12T10:15:50.154+0000] {logging_mixin.py:190} INFO - [2024-11-12T10:15:50.153+0000] {dag.py:3239} INFO - Sync 1 DAGs
[2024-11-12T10:15:50.181+0000] {logging_mixin.py:190} INFO - [2024-11-12T10:15:50.181+0000] {dag.py:4180} INFO - Setting next_dagrun for example_dag_decorator to None, run_after=None
[2024-11-12T10:15:50.223+0000] {processor.py:208} INFO - Processing /home/airflow/.local/lib/python3.12/site-packages/airflow/example_dags/example_dag_decorator.py took 0.296 seconds
[2024-11-12T10:16:20.633+0000] {processor.py:186} INFO - Started process (PID=12932) to work on /home/airflow/.local/lib/python3.12/site-packages/airflow/example_dags/example_dag_decorator.py
[2024-11-12T10:16:20.635+0000] {processor.py:914} INFO - Processing file /home/airflow/.local/lib/python3.12/site-packages/airflow/example_dags/example_dag_decorator.py for tasks to queue
[2024-11-12T10:16:20.637+0000] {logging_mixin.py:190} INFO - [2024-11-12T10:16:20.637+0000] {dagbag.py:588} INFO - Filling up the DagBag from /home/airflow/.local/lib/python3.12/site-packages/airflow/example_dags/example_dag_decorator.py
[2024-11-12T10:16:20.661+0000] {processor.py:925} INFO - DAG(s) 'example_dag_decorator' retrieved from /home/airflow/.local/lib/python3.12/site-packages/airflow/example_dags/example_dag_decorator.py
[2024-11-12T10:16:20.839+0000] {logging_mixin.py:190} INFO - [2024-11-12T10:16:20.839+0000] {dag.py:3239} INFO - Sync 1 DAGs
[2024-11-12T10:16:20.858+0000] {logging_mixin.py:190} INFO - [2024-11-12T10:16:20.858+0000] {dag.py:4180} INFO - Setting next_dagrun for example_dag_decorator to None, run_after=None
[2024-11-12T10:16:20.887+0000] {processor.py:208} INFO - Processing /home/airflow/.local/lib/python3.12/site-packages/airflow/example_dags/example_dag_decorator.py took 0.269 seconds
[2024-11-12T10:16:51.030+0000] {processor.py:186} INFO - Started process (PID=12992) to work on /home/airflow/.local/lib/python3.12/site-packages/airflow/example_dags/example_dag_decorator.py
[2024-11-12T10:16:51.032+0000] {processor.py:914} INFO - Processing file /home/airflow/.local/lib/python3.12/site-packages/airflow/example_dags/example_dag_decorator.py for tasks to queue
[2024-11-12T10:16:51.037+0000] {logging_mixin.py:190} INFO - [2024-11-12T10:16:51.037+0000] {dagbag.py:588} INFO - Filling up the DagBag from /home/airflow/.local/lib/python3.12/site-packages/airflow/example_dags/example_dag_decorator.py
[2024-11-12T10:16:51.071+0000] {processor.py:925} INFO - DAG(s) 'example_dag_decorator' retrieved from /home/airflow/.local/lib/python3.12/site-packages/airflow/example_dags/example_dag_decorator.py
[2024-11-12T10:16:51.412+0000] {logging_mixin.py:190} INFO - [2024-11-12T10:16:51.411+0000] {dag.py:3239} INFO - Sync 1 DAGs
[2024-11-12T10:16:51.487+0000] {logging_mixin.py:190} INFO - [2024-11-12T10:16:51.487+0000] {dag.py:4180} INFO - Setting next_dagrun for example_dag_decorator to None, run_after=None
[2024-11-12T10:16:51.596+0000] {processor.py:208} INFO - Processing /home/airflow/.local/lib/python3.12/site-packages/airflow/example_dags/example_dag_decorator.py took 0.582 seconds
[2024-11-12T10:17:21.721+0000] {processor.py:186} INFO - Started process (PID=13055) to work on /home/airflow/.local/lib/python3.12/site-packages/airflow/example_dags/example_dag_decorator.py
[2024-11-12T10:17:21.722+0000] {processor.py:914} INFO - Processing file /home/airflow/.local/lib/python3.12/site-packages/airflow/example_dags/example_dag_decorator.py for tasks to queue
[2024-11-12T10:17:21.725+0000] {logging_mixin.py:190} INFO - [2024-11-12T10:17:21.724+0000] {dagbag.py:588} INFO - Filling up the DagBag from /home/airflow/.local/lib/python3.12/site-packages/airflow/example_dags/example_dag_decorator.py
[2024-11-12T10:17:21.744+0000] {processor.py:925} INFO - DAG(s) 'example_dag_decorator' retrieved from /home/airflow/.local/lib/python3.12/site-packages/airflow/example_dags/example_dag_decorator.py
[2024-11-12T10:17:21.958+0000] {logging_mixin.py:190} INFO - [2024-11-12T10:17:21.957+0000] {dag.py:3239} INFO - Sync 1 DAGs
[2024-11-12T10:17:21.980+0000] {logging_mixin.py:190} INFO - [2024-11-12T10:17:21.980+0000] {dag.py:4180} INFO - Setting next_dagrun for example_dag_decorator to None, run_after=None
[2024-11-12T10:17:22.014+0000] {processor.py:208} INFO - Processing /home/airflow/.local/lib/python3.12/site-packages/airflow/example_dags/example_dag_decorator.py took 0.303 seconds
[2024-11-12T10:17:52.162+0000] {processor.py:186} INFO - Started process (PID=13118) to work on /home/airflow/.local/lib/python3.12/site-packages/airflow/example_dags/example_dag_decorator.py
[2024-11-12T10:17:52.163+0000] {processor.py:914} INFO - Processing file /home/airflow/.local/lib/python3.12/site-packages/airflow/example_dags/example_dag_decorator.py for tasks to queue
[2024-11-12T10:17:52.166+0000] {logging_mixin.py:190} INFO - [2024-11-12T10:17:52.165+0000] {dagbag.py:588} INFO - Filling up the DagBag from /home/airflow/.local/lib/python3.12/site-packages/airflow/example_dags/example_dag_decorator.py
[2024-11-12T10:17:52.184+0000] {processor.py:925} INFO - DAG(s) 'example_dag_decorator' retrieved from /home/airflow/.local/lib/python3.12/site-packages/airflow/example_dags/example_dag_decorator.py
[2024-11-12T10:17:52.371+0000] {logging_mixin.py:190} INFO - [2024-11-12T10:17:52.370+0000] {dag.py:3239} INFO - Sync 1 DAGs
[2024-11-12T10:17:52.390+0000] {logging_mixin.py:190} INFO - [2024-11-12T10:17:52.390+0000] {dag.py:4180} INFO - Setting next_dagrun for example_dag_decorator to None, run_after=None
[2024-11-12T10:17:52.421+0000] {processor.py:208} INFO - Processing /home/airflow/.local/lib/python3.12/site-packages/airflow/example_dags/example_dag_decorator.py took 0.267 seconds
[2024-11-12T10:18:22.757+0000] {processor.py:186} INFO - Started process (PID=13180) to work on /home/airflow/.local/lib/python3.12/site-packages/airflow/example_dags/example_dag_decorator.py
[2024-11-12T10:18:22.759+0000] {processor.py:914} INFO - Processing file /home/airflow/.local/lib/python3.12/site-packages/airflow/example_dags/example_dag_decorator.py for tasks to queue
[2024-11-12T10:18:22.761+0000] {logging_mixin.py:190} INFO - [2024-11-12T10:18:22.760+0000] {dagbag.py:588} INFO - Filling up the DagBag from /home/airflow/.local/lib/python3.12/site-packages/airflow/example_dags/example_dag_decorator.py
[2024-11-12T10:18:22.781+0000] {processor.py:925} INFO - DAG(s) 'example_dag_decorator' retrieved from /home/airflow/.local/lib/python3.12/site-packages/airflow/example_dags/example_dag_decorator.py
[2024-11-12T10:18:22.973+0000] {logging_mixin.py:190} INFO - [2024-11-12T10:18:22.972+0000] {dag.py:3239} INFO - Sync 1 DAGs
[2024-11-12T10:18:22.996+0000] {logging_mixin.py:190} INFO - [2024-11-12T10:18:22.995+0000] {dag.py:4180} INFO - Setting next_dagrun for example_dag_decorator to None, run_after=None
[2024-11-12T10:18:23.032+0000] {processor.py:208} INFO - Processing /home/airflow/.local/lib/python3.12/site-packages/airflow/example_dags/example_dag_decorator.py took 0.285 seconds
[2024-11-12T10:18:53.160+0000] {processor.py:186} INFO - Started process (PID=13242) to work on /home/airflow/.local/lib/python3.12/site-packages/airflow/example_dags/example_dag_decorator.py
[2024-11-12T10:18:53.162+0000] {processor.py:914} INFO - Processing file /home/airflow/.local/lib/python3.12/site-packages/airflow/example_dags/example_dag_decorator.py for tasks to queue
[2024-11-12T10:18:53.164+0000] {logging_mixin.py:190} INFO - [2024-11-12T10:18:53.163+0000] {dagbag.py:588} INFO - Filling up the DagBag from /home/airflow/.local/lib/python3.12/site-packages/airflow/example_dags/example_dag_decorator.py
[2024-11-12T10:18:53.181+0000] {processor.py:925} INFO - DAG(s) 'example_dag_decorator' retrieved from /home/airflow/.local/lib/python3.12/site-packages/airflow/example_dags/example_dag_decorator.py
[2024-11-12T10:18:53.348+0000] {logging_mixin.py:190} INFO - [2024-11-12T10:18:53.348+0000] {dag.py:3239} INFO - Sync 1 DAGs
[2024-11-12T10:18:53.367+0000] {logging_mixin.py:190} INFO - [2024-11-12T10:18:53.367+0000] {dag.py:4180} INFO - Setting next_dagrun for example_dag_decorator to None, run_after=None
[2024-11-12T10:18:53.396+0000] {processor.py:208} INFO - Processing /home/airflow/.local/lib/python3.12/site-packages/airflow/example_dags/example_dag_decorator.py took 0.245 seconds
[2024-11-12T10:19:23.605+0000] {processor.py:186} INFO - Started process (PID=13305) to work on /home/airflow/.local/lib/python3.12/site-packages/airflow/example_dags/example_dag_decorator.py
[2024-11-12T10:19:23.607+0000] {processor.py:914} INFO - Processing file /home/airflow/.local/lib/python3.12/site-packages/airflow/example_dags/example_dag_decorator.py for tasks to queue
[2024-11-12T10:19:23.609+0000] {logging_mixin.py:190} INFO - [2024-11-12T10:19:23.609+0000] {dagbag.py:588} INFO - Filling up the DagBag from /home/airflow/.local/lib/python3.12/site-packages/airflow/example_dags/example_dag_decorator.py
[2024-11-12T10:19:23.630+0000] {processor.py:925} INFO - DAG(s) 'example_dag_decorator' retrieved from /home/airflow/.local/lib/python3.12/site-packages/airflow/example_dags/example_dag_decorator.py
[2024-11-12T10:19:23.818+0000] {logging_mixin.py:190} INFO - [2024-11-12T10:19:23.818+0000] {dag.py:3239} INFO - Sync 1 DAGs
[2024-11-12T10:19:23.838+0000] {logging_mixin.py:190} INFO - [2024-11-12T10:19:23.838+0000] {dag.py:4180} INFO - Setting next_dagrun for example_dag_decorator to None, run_after=None
[2024-11-12T10:19:23.870+0000] {processor.py:208} INFO - Processing /home/airflow/.local/lib/python3.12/site-packages/airflow/example_dags/example_dag_decorator.py took 0.275 seconds
[2024-11-12T10:19:54.362+0000] {processor.py:186} INFO - Started process (PID=13368) to work on /home/airflow/.local/lib/python3.12/site-packages/airflow/example_dags/example_dag_decorator.py
[2024-11-12T10:19:54.364+0000] {processor.py:914} INFO - Processing file /home/airflow/.local/lib/python3.12/site-packages/airflow/example_dags/example_dag_decorator.py for tasks to queue
[2024-11-12T10:19:54.366+0000] {logging_mixin.py:190} INFO - [2024-11-12T10:19:54.365+0000] {dagbag.py:588} INFO - Filling up the DagBag from /home/airflow/.local/lib/python3.12/site-packages/airflow/example_dags/example_dag_decorator.py
[2024-11-12T10:19:54.383+0000] {processor.py:925} INFO - DAG(s) 'example_dag_decorator' retrieved from /home/airflow/.local/lib/python3.12/site-packages/airflow/example_dags/example_dag_decorator.py
[2024-11-12T10:19:54.414+0000] {logging_mixin.py:190} INFO - [2024-11-12T10:19:54.413+0000] {dag.py:3239} INFO - Sync 1 DAGs
[2024-11-12T10:19:54.433+0000] {logging_mixin.py:190} INFO - [2024-11-12T10:19:54.433+0000] {dag.py:4180} INFO - Setting next_dagrun for example_dag_decorator to None, run_after=None
[2024-11-12T10:19:54.460+0000] {processor.py:208} INFO - Processing /home/airflow/.local/lib/python3.12/site-packages/airflow/example_dags/example_dag_decorator.py took 0.106 seconds
[2024-11-12T10:20:24.651+0000] {processor.py:186} INFO - Started process (PID=13429) to work on /home/airflow/.local/lib/python3.12/site-packages/airflow/example_dags/example_dag_decorator.py
[2024-11-12T10:20:24.653+0000] {processor.py:914} INFO - Processing file /home/airflow/.local/lib/python3.12/site-packages/airflow/example_dags/example_dag_decorator.py for tasks to queue
[2024-11-12T10:20:24.655+0000] {logging_mixin.py:190} INFO - [2024-11-12T10:20:24.654+0000] {dagbag.py:588} INFO - Filling up the DagBag from /home/airflow/.local/lib/python3.12/site-packages/airflow/example_dags/example_dag_decorator.py
[2024-11-12T10:20:24.672+0000] {processor.py:925} INFO - DAG(s) 'example_dag_decorator' retrieved from /home/airflow/.local/lib/python3.12/site-packages/airflow/example_dags/example_dag_decorator.py
[2024-11-12T10:20:24.829+0000] {logging_mixin.py:190} INFO - [2024-11-12T10:20:24.829+0000] {dag.py:3239} INFO - Sync 1 DAGs
[2024-11-12T10:20:24.846+0000] {logging_mixin.py:190} INFO - [2024-11-12T10:20:24.846+0000] {dag.py:4180} INFO - Setting next_dagrun for example_dag_decorator to None, run_after=None
[2024-11-12T10:20:24.871+0000] {processor.py:208} INFO - Processing /home/airflow/.local/lib/python3.12/site-packages/airflow/example_dags/example_dag_decorator.py took 0.228 seconds
[2024-11-12T10:20:55.171+0000] {processor.py:186} INFO - Started process (PID=13489) to work on /home/airflow/.local/lib/python3.12/site-packages/airflow/example_dags/example_dag_decorator.py
[2024-11-12T10:20:55.173+0000] {processor.py:914} INFO - Processing file /home/airflow/.local/lib/python3.12/site-packages/airflow/example_dags/example_dag_decorator.py for tasks to queue
[2024-11-12T10:20:55.176+0000] {logging_mixin.py:190} INFO - [2024-11-12T10:20:55.175+0000] {dagbag.py:588} INFO - Filling up the DagBag from /home/airflow/.local/lib/python3.12/site-packages/airflow/example_dags/example_dag_decorator.py
[2024-11-12T10:20:55.202+0000] {processor.py:925} INFO - DAG(s) 'example_dag_decorator' retrieved from /home/airflow/.local/lib/python3.12/site-packages/airflow/example_dags/example_dag_decorator.py
[2024-11-12T10:20:55.550+0000] {logging_mixin.py:190} INFO - [2024-11-12T10:20:55.549+0000] {dag.py:3239} INFO - Sync 1 DAGs
[2024-11-12T10:20:55.577+0000] {logging_mixin.py:190} INFO - [2024-11-12T10:20:55.577+0000] {dag.py:4180} INFO - Setting next_dagrun for example_dag_decorator to None, run_after=None
[2024-11-12T10:20:55.617+0000] {processor.py:208} INFO - Processing /home/airflow/.local/lib/python3.12/site-packages/airflow/example_dags/example_dag_decorator.py took 0.455 seconds
[2024-11-12T10:21:26.484+0000] {processor.py:186} INFO - Started process (PID=13553) to work on /home/airflow/.local/lib/python3.12/site-packages/airflow/example_dags/example_dag_decorator.py
[2024-11-12T10:21:26.486+0000] {processor.py:914} INFO - Processing file /home/airflow/.local/lib/python3.12/site-packages/airflow/example_dags/example_dag_decorator.py for tasks to queue
[2024-11-12T10:21:26.488+0000] {logging_mixin.py:190} INFO - [2024-11-12T10:21:26.487+0000] {dagbag.py:588} INFO - Filling up the DagBag from /home/airflow/.local/lib/python3.12/site-packages/airflow/example_dags/example_dag_decorator.py
[2024-11-12T10:21:26.507+0000] {processor.py:925} INFO - DAG(s) 'example_dag_decorator' retrieved from /home/airflow/.local/lib/python3.12/site-packages/airflow/example_dags/example_dag_decorator.py
[2024-11-12T10:21:26.710+0000] {logging_mixin.py:190} INFO - [2024-11-12T10:21:26.710+0000] {dag.py:3239} INFO - Sync 1 DAGs
[2024-11-12T10:21:26.736+0000] {logging_mixin.py:190} INFO - [2024-11-12T10:21:26.735+0000] {dag.py:4180} INFO - Setting next_dagrun for example_dag_decorator to None, run_after=None
[2024-11-12T10:21:26.775+0000] {processor.py:208} INFO - Processing /home/airflow/.local/lib/python3.12/site-packages/airflow/example_dags/example_dag_decorator.py took 0.301 seconds
[2024-11-12T10:21:57.440+0000] {processor.py:186} INFO - Started process (PID=13616) to work on /home/airflow/.local/lib/python3.12/site-packages/airflow/example_dags/example_dag_decorator.py
[2024-11-12T10:21:57.442+0000] {processor.py:914} INFO - Processing file /home/airflow/.local/lib/python3.12/site-packages/airflow/example_dags/example_dag_decorator.py for tasks to queue
[2024-11-12T10:21:57.444+0000] {logging_mixin.py:190} INFO - [2024-11-12T10:21:57.444+0000] {dagbag.py:588} INFO - Filling up the DagBag from /home/airflow/.local/lib/python3.12/site-packages/airflow/example_dags/example_dag_decorator.py
[2024-11-12T10:21:57.465+0000] {processor.py:925} INFO - DAG(s) 'example_dag_decorator' retrieved from /home/airflow/.local/lib/python3.12/site-packages/airflow/example_dags/example_dag_decorator.py
[2024-11-12T10:21:57.636+0000] {logging_mixin.py:190} INFO - [2024-11-12T10:21:57.636+0000] {dag.py:3239} INFO - Sync 1 DAGs
[2024-11-12T10:21:57.655+0000] {logging_mixin.py:190} INFO - [2024-11-12T10:21:57.655+0000] {dag.py:4180} INFO - Setting next_dagrun for example_dag_decorator to None, run_after=None
[2024-11-12T10:21:57.684+0000] {processor.py:208} INFO - Processing /home/airflow/.local/lib/python3.12/site-packages/airflow/example_dags/example_dag_decorator.py took 0.252 seconds
[2024-11-12T10:22:28.240+0000] {processor.py:186} INFO - Started process (PID=13679) to work on /home/airflow/.local/lib/python3.12/site-packages/airflow/example_dags/example_dag_decorator.py
[2024-11-12T10:22:28.241+0000] {processor.py:914} INFO - Processing file /home/airflow/.local/lib/python3.12/site-packages/airflow/example_dags/example_dag_decorator.py for tasks to queue
[2024-11-12T10:22:28.242+0000] {logging_mixin.py:190} INFO - [2024-11-12T10:22:28.242+0000] {dagbag.py:588} INFO - Filling up the DagBag from /home/airflow/.local/lib/python3.12/site-packages/airflow/example_dags/example_dag_decorator.py
[2024-11-12T10:22:28.257+0000] {processor.py:925} INFO - DAG(s) 'example_dag_decorator' retrieved from /home/airflow/.local/lib/python3.12/site-packages/airflow/example_dags/example_dag_decorator.py
[2024-11-12T10:22:28.416+0000] {logging_mixin.py:190} INFO - [2024-11-12T10:22:28.415+0000] {dag.py:3239} INFO - Sync 1 DAGs
[2024-11-12T10:22:28.433+0000] {logging_mixin.py:190} INFO - [2024-11-12T10:22:28.433+0000] {dag.py:4180} INFO - Setting next_dagrun for example_dag_decorator to None, run_after=None
[2024-11-12T10:22:28.461+0000] {processor.py:208} INFO - Processing /home/airflow/.local/lib/python3.12/site-packages/airflow/example_dags/example_dag_decorator.py took 0.228 seconds
[2024-11-12T10:22:58.579+0000] {processor.py:186} INFO - Started process (PID=13742) to work on /home/airflow/.local/lib/python3.12/site-packages/airflow/example_dags/example_dag_decorator.py
[2024-11-12T10:22:58.581+0000] {processor.py:914} INFO - Processing file /home/airflow/.local/lib/python3.12/site-packages/airflow/example_dags/example_dag_decorator.py for tasks to queue
[2024-11-12T10:22:58.583+0000] {logging_mixin.py:190} INFO - [2024-11-12T10:22:58.582+0000] {dagbag.py:588} INFO - Filling up the DagBag from /home/airflow/.local/lib/python3.12/site-packages/airflow/example_dags/example_dag_decorator.py
[2024-11-12T10:22:58.598+0000] {processor.py:925} INFO - DAG(s) 'example_dag_decorator' retrieved from /home/airflow/.local/lib/python3.12/site-packages/airflow/example_dags/example_dag_decorator.py
[2024-11-12T10:22:58.774+0000] {logging_mixin.py:190} INFO - [2024-11-12T10:22:58.773+0000] {dag.py:3239} INFO - Sync 1 DAGs
[2024-11-12T10:22:58.794+0000] {logging_mixin.py:190} INFO - [2024-11-12T10:22:58.794+0000] {dag.py:4180} INFO - Setting next_dagrun for example_dag_decorator to None, run_after=None
[2024-11-12T10:22:58.823+0000] {processor.py:208} INFO - Processing /home/airflow/.local/lib/python3.12/site-packages/airflow/example_dags/example_dag_decorator.py took 0.253 seconds
[2024-11-12T10:23:29.450+0000] {processor.py:186} INFO - Started process (PID=13805) to work on /home/airflow/.local/lib/python3.12/site-packages/airflow/example_dags/example_dag_decorator.py
[2024-11-12T10:23:29.452+0000] {processor.py:914} INFO - Processing file /home/airflow/.local/lib/python3.12/site-packages/airflow/example_dags/example_dag_decorator.py for tasks to queue
[2024-11-12T10:23:29.454+0000] {logging_mixin.py:190} INFO - [2024-11-12T10:23:29.454+0000] {dagbag.py:588} INFO - Filling up the DagBag from /home/airflow/.local/lib/python3.12/site-packages/airflow/example_dags/example_dag_decorator.py
[2024-11-12T10:23:29.473+0000] {processor.py:925} INFO - DAG(s) 'example_dag_decorator' retrieved from /home/airflow/.local/lib/python3.12/site-packages/airflow/example_dags/example_dag_decorator.py
[2024-11-12T10:23:29.656+0000] {logging_mixin.py:190} INFO - [2024-11-12T10:23:29.655+0000] {dag.py:3239} INFO - Sync 1 DAGs
[2024-11-12T10:23:29.679+0000] {logging_mixin.py:190} INFO - [2024-11-12T10:23:29.678+0000] {dag.py:4180} INFO - Setting next_dagrun for example_dag_decorator to None, run_after=None
[2024-11-12T10:23:29.719+0000] {processor.py:208} INFO - Processing /home/airflow/.local/lib/python3.12/site-packages/airflow/example_dags/example_dag_decorator.py took 0.278 seconds
[2024-11-12T10:24:00.452+0000] {processor.py:186} INFO - Started process (PID=13868) to work on /home/airflow/.local/lib/python3.12/site-packages/airflow/example_dags/example_dag_decorator.py
[2024-11-12T10:24:00.455+0000] {processor.py:914} INFO - Processing file /home/airflow/.local/lib/python3.12/site-packages/airflow/example_dags/example_dag_decorator.py for tasks to queue
[2024-11-12T10:24:00.458+0000] {logging_mixin.py:190} INFO - [2024-11-12T10:24:00.457+0000] {dagbag.py:588} INFO - Filling up the DagBag from /home/airflow/.local/lib/python3.12/site-packages/airflow/example_dags/example_dag_decorator.py
[2024-11-12T10:24:00.474+0000] {processor.py:925} INFO - DAG(s) 'example_dag_decorator' retrieved from /home/airflow/.local/lib/python3.12/site-packages/airflow/example_dags/example_dag_decorator.py
[2024-11-12T10:24:00.506+0000] {logging_mixin.py:190} INFO - [2024-11-12T10:24:00.506+0000] {dag.py:3239} INFO - Sync 1 DAGs
[2024-11-12T10:24:00.528+0000] {logging_mixin.py:190} INFO - [2024-11-12T10:24:00.527+0000] {dag.py:4180} INFO - Setting next_dagrun for example_dag_decorator to None, run_after=None
[2024-11-12T10:24:00.556+0000] {processor.py:208} INFO - Processing /home/airflow/.local/lib/python3.12/site-packages/airflow/example_dags/example_dag_decorator.py took 0.114 seconds
