[2024-11-12T10:13:51.601+0000] {processor.py:186} INFO - Started process (PID=12633) to work on /home/airflow/.local/lib/python3.12/site-packages/airflow/example_dags/example_short_circuit_operator.py
[2024-11-12T10:13:51.604+0000] {processor.py:914} INFO - Processing file /home/airflow/.local/lib/python3.12/site-packages/airflow/example_dags/example_short_circuit_operator.py for tasks to queue
[2024-11-12T10:13:51.615+0000] {logging_mixin.py:190} INFO - [2024-11-12T10:13:51.614+0000] {dagbag.py:588} INFO - Filling up the DagBag from /home/airflow/.local/lib/python3.12/site-packages/airflow/example_dags/example_short_circuit_operator.py
[2024-11-12T10:13:51.651+0000] {processor.py:925} INFO - DAG(s) 'example_short_circuit_operator' retrieved from /home/airflow/.local/lib/python3.12/site-packages/airflow/example_dags/example_short_circuit_operator.py
[2024-11-12T10:13:51.750+0000] {logging_mixin.py:190} INFO - [2024-11-12T10:13:51.750+0000] {dag.py:3239} INFO - Sync 1 DAGs
[2024-11-12T10:13:51.793+0000] {logging_mixin.py:190} INFO - [2024-11-12T10:13:51.793+0000] {dag.py:4180} INFO - Setting next_dagrun for example_short_circuit_operator to None, run_after=None
[2024-11-12T10:13:51.830+0000] {processor.py:208} INFO - Processing /home/airflow/.local/lib/python3.12/site-packages/airflow/example_dags/example_short_circuit_operator.py took 0.255 seconds
[2024-11-12T10:14:22.421+0000] {processor.py:186} INFO - Started process (PID=12695) to work on /home/airflow/.local/lib/python3.12/site-packages/airflow/example_dags/example_short_circuit_operator.py
[2024-11-12T10:14:22.425+0000] {processor.py:914} INFO - Processing file /home/airflow/.local/lib/python3.12/site-packages/airflow/example_dags/example_short_circuit_operator.py for tasks to queue
[2024-11-12T10:14:22.428+0000] {logging_mixin.py:190} INFO - [2024-11-12T10:14:22.427+0000] {dagbag.py:588} INFO - Filling up the DagBag from /home/airflow/.local/lib/python3.12/site-packages/airflow/example_dags/example_short_circuit_operator.py
[2024-11-12T10:14:22.454+0000] {processor.py:925} INFO - DAG(s) 'example_short_circuit_operator' retrieved from /home/airflow/.local/lib/python3.12/site-packages/airflow/example_dags/example_short_circuit_operator.py
[2024-11-12T10:14:22.512+0000] {logging_mixin.py:190} INFO - [2024-11-12T10:14:22.511+0000] {dag.py:3239} INFO - Sync 1 DAGs
[2024-11-12T10:14:22.550+0000] {logging_mixin.py:190} INFO - [2024-11-12T10:14:22.549+0000] {dag.py:4180} INFO - Setting next_dagrun for example_short_circuit_operator to None, run_after=None
[2024-11-12T10:14:22.593+0000] {processor.py:208} INFO - Processing /home/airflow/.local/lib/python3.12/site-packages/airflow/example_dags/example_short_circuit_operator.py took 0.192 seconds
[2024-11-12T10:14:52.809+0000] {processor.py:186} INFO - Started process (PID=12757) to work on /home/airflow/.local/lib/python3.12/site-packages/airflow/example_dags/example_short_circuit_operator.py
[2024-11-12T10:14:52.812+0000] {processor.py:914} INFO - Processing file /home/airflow/.local/lib/python3.12/site-packages/airflow/example_dags/example_short_circuit_operator.py for tasks to queue
[2024-11-12T10:14:52.814+0000] {logging_mixin.py:190} INFO - [2024-11-12T10:14:52.813+0000] {dagbag.py:588} INFO - Filling up the DagBag from /home/airflow/.local/lib/python3.12/site-packages/airflow/example_dags/example_short_circuit_operator.py
[2024-11-12T10:14:52.829+0000] {processor.py:925} INFO - DAG(s) 'example_short_circuit_operator' retrieved from /home/airflow/.local/lib/python3.12/site-packages/airflow/example_dags/example_short_circuit_operator.py
[2024-11-12T10:14:52.863+0000] {logging_mixin.py:190} INFO - [2024-11-12T10:14:52.862+0000] {dag.py:3239} INFO - Sync 1 DAGs
[2024-11-12T10:14:52.886+0000] {logging_mixin.py:190} INFO - [2024-11-12T10:14:52.885+0000] {dag.py:4180} INFO - Setting next_dagrun for example_short_circuit_operator to None, run_after=None
[2024-11-12T10:14:52.916+0000] {processor.py:208} INFO - Processing /home/airflow/.local/lib/python3.12/site-packages/airflow/example_dags/example_short_circuit_operator.py took 0.120 seconds
[2024-11-12T10:15:23.390+0000] {processor.py:186} INFO - Started process (PID=12819) to work on /home/airflow/.local/lib/python3.12/site-packages/airflow/example_dags/example_short_circuit_operator.py
[2024-11-12T10:15:23.392+0000] {processor.py:914} INFO - Processing file /home/airflow/.local/lib/python3.12/site-packages/airflow/example_dags/example_short_circuit_operator.py for tasks to queue
[2024-11-12T10:15:23.395+0000] {logging_mixin.py:190} INFO - [2024-11-12T10:15:23.394+0000] {dagbag.py:588} INFO - Filling up the DagBag from /home/airflow/.local/lib/python3.12/site-packages/airflow/example_dags/example_short_circuit_operator.py
[2024-11-12T10:15:23.412+0000] {processor.py:925} INFO - DAG(s) 'example_short_circuit_operator' retrieved from /home/airflow/.local/lib/python3.12/site-packages/airflow/example_dags/example_short_circuit_operator.py
[2024-11-12T10:15:23.451+0000] {logging_mixin.py:190} INFO - [2024-11-12T10:15:23.450+0000] {dag.py:3239} INFO - Sync 1 DAGs
[2024-11-12T10:15:23.474+0000] {logging_mixin.py:190} INFO - [2024-11-12T10:15:23.473+0000] {dag.py:4180} INFO - Setting next_dagrun for example_short_circuit_operator to None, run_after=None
[2024-11-12T10:15:23.499+0000] {processor.py:208} INFO - Processing /home/airflow/.local/lib/python3.12/site-packages/airflow/example_dags/example_short_circuit_operator.py took 0.122 seconds
[2024-11-12T10:15:53.598+0000] {processor.py:186} INFO - Started process (PID=12882) to work on /home/airflow/.local/lib/python3.12/site-packages/airflow/example_dags/example_short_circuit_operator.py
[2024-11-12T10:15:53.603+0000] {processor.py:914} INFO - Processing file /home/airflow/.local/lib/python3.12/site-packages/airflow/example_dags/example_short_circuit_operator.py for tasks to queue
[2024-11-12T10:15:53.607+0000] {logging_mixin.py:190} INFO - [2024-11-12T10:15:53.606+0000] {dagbag.py:588} INFO - Filling up the DagBag from /home/airflow/.local/lib/python3.12/site-packages/airflow/example_dags/example_short_circuit_operator.py
[2024-11-12T10:15:53.635+0000] {processor.py:925} INFO - DAG(s) 'example_short_circuit_operator' retrieved from /home/airflow/.local/lib/python3.12/site-packages/airflow/example_dags/example_short_circuit_operator.py
[2024-11-12T10:15:53.689+0000] {logging_mixin.py:190} INFO - [2024-11-12T10:15:53.689+0000] {dag.py:3239} INFO - Sync 1 DAGs
[2024-11-12T10:15:53.728+0000] {logging_mixin.py:190} INFO - [2024-11-12T10:15:53.727+0000] {dag.py:4180} INFO - Setting next_dagrun for example_short_circuit_operator to None, run_after=None
[2024-11-12T10:15:53.799+0000] {processor.py:208} INFO - Processing /home/airflow/.local/lib/python3.12/site-packages/airflow/example_dags/example_short_circuit_operator.py took 0.222 seconds
[2024-11-12T10:16:23.885+0000] {processor.py:186} INFO - Started process (PID=12943) to work on /home/airflow/.local/lib/python3.12/site-packages/airflow/example_dags/example_short_circuit_operator.py
[2024-11-12T10:16:23.887+0000] {processor.py:914} INFO - Processing file /home/airflow/.local/lib/python3.12/site-packages/airflow/example_dags/example_short_circuit_operator.py for tasks to queue
[2024-11-12T10:16:23.889+0000] {logging_mixin.py:190} INFO - [2024-11-12T10:16:23.889+0000] {dagbag.py:588} INFO - Filling up the DagBag from /home/airflow/.local/lib/python3.12/site-packages/airflow/example_dags/example_short_circuit_operator.py
[2024-11-12T10:16:23.901+0000] {processor.py:925} INFO - DAG(s) 'example_short_circuit_operator' retrieved from /home/airflow/.local/lib/python3.12/site-packages/airflow/example_dags/example_short_circuit_operator.py
[2024-11-12T10:16:23.936+0000] {logging_mixin.py:190} INFO - [2024-11-12T10:16:23.935+0000] {dag.py:3239} INFO - Sync 1 DAGs
[2024-11-12T10:16:23.956+0000] {logging_mixin.py:190} INFO - [2024-11-12T10:16:23.955+0000] {dag.py:4180} INFO - Setting next_dagrun for example_short_circuit_operator to None, run_after=None
[2024-11-12T10:16:23.983+0000] {processor.py:208} INFO - Processing /home/airflow/.local/lib/python3.12/site-packages/airflow/example_dags/example_short_circuit_operator.py took 0.107 seconds
[2024-11-12T10:16:54.132+0000] {processor.py:186} INFO - Started process (PID=13005) to work on /home/airflow/.local/lib/python3.12/site-packages/airflow/example_dags/example_short_circuit_operator.py
[2024-11-12T10:16:54.135+0000] {processor.py:914} INFO - Processing file /home/airflow/.local/lib/python3.12/site-packages/airflow/example_dags/example_short_circuit_operator.py for tasks to queue
[2024-11-12T10:16:54.137+0000] {logging_mixin.py:190} INFO - [2024-11-12T10:16:54.137+0000] {dagbag.py:588} INFO - Filling up the DagBag from /home/airflow/.local/lib/python3.12/site-packages/airflow/example_dags/example_short_circuit_operator.py
[2024-11-12T10:16:54.151+0000] {processor.py:925} INFO - DAG(s) 'example_short_circuit_operator' retrieved from /home/airflow/.local/lib/python3.12/site-packages/airflow/example_dags/example_short_circuit_operator.py
[2024-11-12T10:16:54.190+0000] {logging_mixin.py:190} INFO - [2024-11-12T10:16:54.189+0000] {dag.py:3239} INFO - Sync 1 DAGs
[2024-11-12T10:16:54.216+0000] {logging_mixin.py:190} INFO - [2024-11-12T10:16:54.216+0000] {dag.py:4180} INFO - Setting next_dagrun for example_short_circuit_operator to None, run_after=None
[2024-11-12T10:16:54.248+0000] {processor.py:208} INFO - Processing /home/airflow/.local/lib/python3.12/site-packages/airflow/example_dags/example_short_circuit_operator.py took 0.127 seconds
[2024-11-12T10:17:25.244+0000] {processor.py:186} INFO - Started process (PID=13068) to work on /home/airflow/.local/lib/python3.12/site-packages/airflow/example_dags/example_short_circuit_operator.py
[2024-11-12T10:17:25.246+0000] {processor.py:914} INFO - Processing file /home/airflow/.local/lib/python3.12/site-packages/airflow/example_dags/example_short_circuit_operator.py for tasks to queue
[2024-11-12T10:17:25.250+0000] {logging_mixin.py:190} INFO - [2024-11-12T10:17:25.249+0000] {dagbag.py:588} INFO - Filling up the DagBag from /home/airflow/.local/lib/python3.12/site-packages/airflow/example_dags/example_short_circuit_operator.py
[2024-11-12T10:17:25.269+0000] {processor.py:925} INFO - DAG(s) 'example_short_circuit_operator' retrieved from /home/airflow/.local/lib/python3.12/site-packages/airflow/example_dags/example_short_circuit_operator.py
[2024-11-12T10:17:25.308+0000] {logging_mixin.py:190} INFO - [2024-11-12T10:17:25.308+0000] {dag.py:3239} INFO - Sync 1 DAGs
[2024-11-12T10:17:25.343+0000] {logging_mixin.py:190} INFO - [2024-11-12T10:17:25.343+0000] {dag.py:4180} INFO - Setting next_dagrun for example_short_circuit_operator to None, run_after=None
[2024-11-12T10:17:25.381+0000] {processor.py:208} INFO - Processing /home/airflow/.local/lib/python3.12/site-packages/airflow/example_dags/example_short_circuit_operator.py took 0.149 seconds
[2024-11-12T10:17:56.385+0000] {processor.py:186} INFO - Started process (PID=13130) to work on /home/airflow/.local/lib/python3.12/site-packages/airflow/example_dags/example_short_circuit_operator.py
[2024-11-12T10:17:56.387+0000] {processor.py:914} INFO - Processing file /home/airflow/.local/lib/python3.12/site-packages/airflow/example_dags/example_short_circuit_operator.py for tasks to queue
[2024-11-12T10:17:56.390+0000] {logging_mixin.py:190} INFO - [2024-11-12T10:17:56.389+0000] {dagbag.py:588} INFO - Filling up the DagBag from /home/airflow/.local/lib/python3.12/site-packages/airflow/example_dags/example_short_circuit_operator.py
[2024-11-12T10:17:56.410+0000] {processor.py:925} INFO - DAG(s) 'example_short_circuit_operator' retrieved from /home/airflow/.local/lib/python3.12/site-packages/airflow/example_dags/example_short_circuit_operator.py
[2024-11-12T10:17:56.478+0000] {logging_mixin.py:190} INFO - [2024-11-12T10:17:56.477+0000] {dag.py:3239} INFO - Sync 1 DAGs
[2024-11-12T10:17:56.513+0000] {logging_mixin.py:190} INFO - [2024-11-12T10:17:56.513+0000] {dag.py:4180} INFO - Setting next_dagrun for example_short_circuit_operator to None, run_after=None
[2024-11-12T10:17:56.549+0000] {processor.py:208} INFO - Processing /home/airflow/.local/lib/python3.12/site-packages/airflow/example_dags/example_short_circuit_operator.py took 0.178 seconds
[2024-11-12T10:18:27.023+0000] {processor.py:186} INFO - Started process (PID=13192) to work on /home/airflow/.local/lib/python3.12/site-packages/airflow/example_dags/example_short_circuit_operator.py
[2024-11-12T10:18:27.024+0000] {processor.py:914} INFO - Processing file /home/airflow/.local/lib/python3.12/site-packages/airflow/example_dags/example_short_circuit_operator.py for tasks to queue
[2024-11-12T10:18:27.027+0000] {logging_mixin.py:190} INFO - [2024-11-12T10:18:27.026+0000] {dagbag.py:588} INFO - Filling up the DagBag from /home/airflow/.local/lib/python3.12/site-packages/airflow/example_dags/example_short_circuit_operator.py
[2024-11-12T10:18:27.041+0000] {processor.py:925} INFO - DAG(s) 'example_short_circuit_operator' retrieved from /home/airflow/.local/lib/python3.12/site-packages/airflow/example_dags/example_short_circuit_operator.py
[2024-11-12T10:18:27.080+0000] {logging_mixin.py:190} INFO - [2024-11-12T10:18:27.080+0000] {dag.py:3239} INFO - Sync 1 DAGs
[2024-11-12T10:18:27.116+0000] {logging_mixin.py:190} INFO - [2024-11-12T10:18:27.116+0000] {dag.py:4180} INFO - Setting next_dagrun for example_short_circuit_operator to None, run_after=None
[2024-11-12T10:18:27.157+0000] {processor.py:208} INFO - Processing /home/airflow/.local/lib/python3.12/site-packages/airflow/example_dags/example_short_circuit_operator.py took 0.145 seconds
[2024-11-12T10:18:57.392+0000] {processor.py:186} INFO - Started process (PID=13254) to work on /home/airflow/.local/lib/python3.12/site-packages/airflow/example_dags/example_short_circuit_operator.py
[2024-11-12T10:18:57.394+0000] {processor.py:914} INFO - Processing file /home/airflow/.local/lib/python3.12/site-packages/airflow/example_dags/example_short_circuit_operator.py for tasks to queue
[2024-11-12T10:18:57.397+0000] {logging_mixin.py:190} INFO - [2024-11-12T10:18:57.396+0000] {dagbag.py:588} INFO - Filling up the DagBag from /home/airflow/.local/lib/python3.12/site-packages/airflow/example_dags/example_short_circuit_operator.py
[2024-11-12T10:18:57.412+0000] {processor.py:925} INFO - DAG(s) 'example_short_circuit_operator' retrieved from /home/airflow/.local/lib/python3.12/site-packages/airflow/example_dags/example_short_circuit_operator.py
[2024-11-12T10:18:57.456+0000] {logging_mixin.py:190} INFO - [2024-11-12T10:18:57.455+0000] {dag.py:3239} INFO - Sync 1 DAGs
[2024-11-12T10:18:57.483+0000] {logging_mixin.py:190} INFO - [2024-11-12T10:18:57.483+0000] {dag.py:4180} INFO - Setting next_dagrun for example_short_circuit_operator to None, run_after=None
[2024-11-12T10:18:57.515+0000] {processor.py:208} INFO - Processing /home/airflow/.local/lib/python3.12/site-packages/airflow/example_dags/example_short_circuit_operator.py took 0.135 seconds
[2024-11-12T10:19:27.609+0000] {processor.py:186} INFO - Started process (PID=13316) to work on /home/airflow/.local/lib/python3.12/site-packages/airflow/example_dags/example_short_circuit_operator.py
[2024-11-12T10:19:27.611+0000] {processor.py:914} INFO - Processing file /home/airflow/.local/lib/python3.12/site-packages/airflow/example_dags/example_short_circuit_operator.py for tasks to queue
[2024-11-12T10:19:27.613+0000] {logging_mixin.py:190} INFO - [2024-11-12T10:19:27.612+0000] {dagbag.py:588} INFO - Filling up the DagBag from /home/airflow/.local/lib/python3.12/site-packages/airflow/example_dags/example_short_circuit_operator.py
[2024-11-12T10:19:27.625+0000] {processor.py:925} INFO - DAG(s) 'example_short_circuit_operator' retrieved from /home/airflow/.local/lib/python3.12/site-packages/airflow/example_dags/example_short_circuit_operator.py
[2024-11-12T10:19:27.659+0000] {logging_mixin.py:190} INFO - [2024-11-12T10:19:27.658+0000] {dag.py:3239} INFO - Sync 1 DAGs
[2024-11-12T10:19:27.680+0000] {logging_mixin.py:190} INFO - [2024-11-12T10:19:27.680+0000] {dag.py:4180} INFO - Setting next_dagrun for example_short_circuit_operator to None, run_after=None
[2024-11-12T10:19:27.711+0000] {processor.py:208} INFO - Processing /home/airflow/.local/lib/python3.12/site-packages/airflow/example_dags/example_short_circuit_operator.py took 0.110 seconds
[2024-11-12T10:19:58.030+0000] {processor.py:186} INFO - Started process (PID=13379) to work on /home/airflow/.local/lib/python3.12/site-packages/airflow/example_dags/example_short_circuit_operator.py
[2024-11-12T10:19:58.032+0000] {processor.py:914} INFO - Processing file /home/airflow/.local/lib/python3.12/site-packages/airflow/example_dags/example_short_circuit_operator.py for tasks to queue
[2024-11-12T10:19:58.034+0000] {logging_mixin.py:190} INFO - [2024-11-12T10:19:58.033+0000] {dagbag.py:588} INFO - Filling up the DagBag from /home/airflow/.local/lib/python3.12/site-packages/airflow/example_dags/example_short_circuit_operator.py
[2024-11-12T10:19:58.044+0000] {processor.py:925} INFO - DAG(s) 'example_short_circuit_operator' retrieved from /home/airflow/.local/lib/python3.12/site-packages/airflow/example_dags/example_short_circuit_operator.py
[2024-11-12T10:19:58.078+0000] {logging_mixin.py:190} INFO - [2024-11-12T10:19:58.078+0000] {dag.py:3239} INFO - Sync 1 DAGs
[2024-11-12T10:19:58.101+0000] {logging_mixin.py:190} INFO - [2024-11-12T10:19:58.100+0000] {dag.py:4180} INFO - Setting next_dagrun for example_short_circuit_operator to None, run_after=None
[2024-11-12T10:19:58.128+0000] {processor.py:208} INFO - Processing /home/airflow/.local/lib/python3.12/site-packages/airflow/example_dags/example_short_circuit_operator.py took 0.106 seconds
[2024-11-12T10:20:28.486+0000] {processor.py:186} INFO - Started process (PID=13442) to work on /home/airflow/.local/lib/python3.12/site-packages/airflow/example_dags/example_short_circuit_operator.py
[2024-11-12T10:20:28.488+0000] {processor.py:914} INFO - Processing file /home/airflow/.local/lib/python3.12/site-packages/airflow/example_dags/example_short_circuit_operator.py for tasks to queue
[2024-11-12T10:20:28.492+0000] {logging_mixin.py:190} INFO - [2024-11-12T10:20:28.491+0000] {dagbag.py:588} INFO - Filling up the DagBag from /home/airflow/.local/lib/python3.12/site-packages/airflow/example_dags/example_short_circuit_operator.py
[2024-11-12T10:20:28.506+0000] {processor.py:925} INFO - DAG(s) 'example_short_circuit_operator' retrieved from /home/airflow/.local/lib/python3.12/site-packages/airflow/example_dags/example_short_circuit_operator.py
[2024-11-12T10:20:28.548+0000] {logging_mixin.py:190} INFO - [2024-11-12T10:20:28.548+0000] {dag.py:3239} INFO - Sync 1 DAGs
[2024-11-12T10:20:28.581+0000] {logging_mixin.py:190} INFO - [2024-11-12T10:20:28.580+0000] {dag.py:4180} INFO - Setting next_dagrun for example_short_circuit_operator to None, run_after=None
[2024-11-12T10:20:28.615+0000] {processor.py:208} INFO - Processing /home/airflow/.local/lib/python3.12/site-packages/airflow/example_dags/example_short_circuit_operator.py took 0.139 seconds
[2024-11-12T10:20:59.090+0000] {processor.py:186} INFO - Started process (PID=13505) to work on /home/airflow/.local/lib/python3.12/site-packages/airflow/example_dags/example_short_circuit_operator.py
[2024-11-12T10:20:59.094+0000] {processor.py:914} INFO - Processing file /home/airflow/.local/lib/python3.12/site-packages/airflow/example_dags/example_short_circuit_operator.py for tasks to queue
[2024-11-12T10:20:59.097+0000] {logging_mixin.py:190} INFO - [2024-11-12T10:20:59.096+0000] {dagbag.py:588} INFO - Filling up the DagBag from /home/airflow/.local/lib/python3.12/site-packages/airflow/example_dags/example_short_circuit_operator.py
[2024-11-12T10:20:59.139+0000] {processor.py:925} INFO - DAG(s) 'example_short_circuit_operator' retrieved from /home/airflow/.local/lib/python3.12/site-packages/airflow/example_dags/example_short_circuit_operator.py
[2024-11-12T10:20:59.231+0000] {logging_mixin.py:190} INFO - [2024-11-12T10:20:59.231+0000] {dag.py:3239} INFO - Sync 1 DAGs
[2024-11-12T10:20:59.266+0000] {logging_mixin.py:190} INFO - [2024-11-12T10:20:59.266+0000] {dag.py:4180} INFO - Setting next_dagrun for example_short_circuit_operator to None, run_after=None
[2024-11-12T10:20:59.308+0000] {processor.py:208} INFO - Processing /home/airflow/.local/lib/python3.12/site-packages/airflow/example_dags/example_short_circuit_operator.py took 0.247 seconds
[2024-11-12T10:21:29.904+0000] {processor.py:186} INFO - Started process (PID=13568) to work on /home/airflow/.local/lib/python3.12/site-packages/airflow/example_dags/example_short_circuit_operator.py
[2024-11-12T10:21:29.906+0000] {processor.py:914} INFO - Processing file /home/airflow/.local/lib/python3.12/site-packages/airflow/example_dags/example_short_circuit_operator.py for tasks to queue
[2024-11-12T10:21:29.908+0000] {logging_mixin.py:190} INFO - [2024-11-12T10:21:29.908+0000] {dagbag.py:588} INFO - Filling up the DagBag from /home/airflow/.local/lib/python3.12/site-packages/airflow/example_dags/example_short_circuit_operator.py
[2024-11-12T10:21:29.921+0000] {processor.py:925} INFO - DAG(s) 'example_short_circuit_operator' retrieved from /home/airflow/.local/lib/python3.12/site-packages/airflow/example_dags/example_short_circuit_operator.py
[2024-11-12T10:21:29.958+0000] {logging_mixin.py:190} INFO - [2024-11-12T10:21:29.957+0000] {dag.py:3239} INFO - Sync 1 DAGs
[2024-11-12T10:21:30.005+0000] {logging_mixin.py:190} INFO - [2024-11-12T10:21:30.004+0000] {dag.py:4180} INFO - Setting next_dagrun for example_short_circuit_operator to None, run_after=None
[2024-11-12T10:21:30.044+0000] {processor.py:208} INFO - Processing /home/airflow/.local/lib/python3.12/site-packages/airflow/example_dags/example_short_circuit_operator.py took 0.151 seconds
[2024-11-12T10:22:00.617+0000] {processor.py:186} INFO - Started process (PID=13631) to work on /home/airflow/.local/lib/python3.12/site-packages/airflow/example_dags/example_short_circuit_operator.py
[2024-11-12T10:22:00.619+0000] {processor.py:914} INFO - Processing file /home/airflow/.local/lib/python3.12/site-packages/airflow/example_dags/example_short_circuit_operator.py for tasks to queue
[2024-11-12T10:22:00.621+0000] {logging_mixin.py:190} INFO - [2024-11-12T10:22:00.620+0000] {dagbag.py:588} INFO - Filling up the DagBag from /home/airflow/.local/lib/python3.12/site-packages/airflow/example_dags/example_short_circuit_operator.py
[2024-11-12T10:22:00.633+0000] {processor.py:925} INFO - DAG(s) 'example_short_circuit_operator' retrieved from /home/airflow/.local/lib/python3.12/site-packages/airflow/example_dags/example_short_circuit_operator.py
[2024-11-12T10:22:00.671+0000] {logging_mixin.py:190} INFO - [2024-11-12T10:22:00.670+0000] {dag.py:3239} INFO - Sync 1 DAGs
[2024-11-12T10:22:00.694+0000] {logging_mixin.py:190} INFO - [2024-11-12T10:22:00.693+0000] {dag.py:4180} INFO - Setting next_dagrun for example_short_circuit_operator to None, run_after=None
[2024-11-12T10:22:00.724+0000] {processor.py:208} INFO - Processing /home/airflow/.local/lib/python3.12/site-packages/airflow/example_dags/example_short_circuit_operator.py took 0.115 seconds
[2024-11-12T10:22:31.612+0000] {processor.py:186} INFO - Started process (PID=13695) to work on /home/airflow/.local/lib/python3.12/site-packages/airflow/example_dags/example_short_circuit_operator.py
[2024-11-12T10:22:31.614+0000] {processor.py:914} INFO - Processing file /home/airflow/.local/lib/python3.12/site-packages/airflow/example_dags/example_short_circuit_operator.py for tasks to queue
[2024-11-12T10:22:31.616+0000] {logging_mixin.py:190} INFO - [2024-11-12T10:22:31.615+0000] {dagbag.py:588} INFO - Filling up the DagBag from /home/airflow/.local/lib/python3.12/site-packages/airflow/example_dags/example_short_circuit_operator.py
[2024-11-12T10:22:31.629+0000] {processor.py:925} INFO - DAG(s) 'example_short_circuit_operator' retrieved from /home/airflow/.local/lib/python3.12/site-packages/airflow/example_dags/example_short_circuit_operator.py
[2024-11-12T10:22:31.660+0000] {logging_mixin.py:190} INFO - [2024-11-12T10:22:31.660+0000] {dag.py:3239} INFO - Sync 1 DAGs
[2024-11-12T10:22:31.687+0000] {logging_mixin.py:190} INFO - [2024-11-12T10:22:31.686+0000] {dag.py:4180} INFO - Setting next_dagrun for example_short_circuit_operator to None, run_after=None
[2024-11-12T10:22:31.716+0000] {processor.py:208} INFO - Processing /home/airflow/.local/lib/python3.12/site-packages/airflow/example_dags/example_short_circuit_operator.py took 0.111 seconds
[2024-11-12T10:23:02.184+0000] {processor.py:186} INFO - Started process (PID=13758) to work on /home/airflow/.local/lib/python3.12/site-packages/airflow/example_dags/example_short_circuit_operator.py
[2024-11-12T10:23:02.186+0000] {processor.py:914} INFO - Processing file /home/airflow/.local/lib/python3.12/site-packages/airflow/example_dags/example_short_circuit_operator.py for tasks to queue
[2024-11-12T10:23:02.190+0000] {logging_mixin.py:190} INFO - [2024-11-12T10:23:02.188+0000] {dagbag.py:588} INFO - Filling up the DagBag from /home/airflow/.local/lib/python3.12/site-packages/airflow/example_dags/example_short_circuit_operator.py
[2024-11-12T10:23:02.215+0000] {processor.py:925} INFO - DAG(s) 'example_short_circuit_operator' retrieved from /home/airflow/.local/lib/python3.12/site-packages/airflow/example_dags/example_short_circuit_operator.py
[2024-11-12T10:23:02.293+0000] {logging_mixin.py:190} INFO - [2024-11-12T10:23:02.293+0000] {dag.py:3239} INFO - Sync 1 DAGs
[2024-11-12T10:23:02.356+0000] {logging_mixin.py:190} INFO - [2024-11-12T10:23:02.356+0000] {dag.py:4180} INFO - Setting next_dagrun for example_short_circuit_operator to None, run_after=None
[2024-11-12T10:23:02.402+0000] {processor.py:208} INFO - Processing /home/airflow/.local/lib/python3.12/site-packages/airflow/example_dags/example_short_circuit_operator.py took 0.228 seconds
[2024-11-12T10:23:32.467+0000] {processor.py:186} INFO - Started process (PID=13820) to work on /home/airflow/.local/lib/python3.12/site-packages/airflow/example_dags/example_short_circuit_operator.py
[2024-11-12T10:23:32.468+0000] {processor.py:914} INFO - Processing file /home/airflow/.local/lib/python3.12/site-packages/airflow/example_dags/example_short_circuit_operator.py for tasks to queue
[2024-11-12T10:23:32.470+0000] {logging_mixin.py:190} INFO - [2024-11-12T10:23:32.470+0000] {dagbag.py:588} INFO - Filling up the DagBag from /home/airflow/.local/lib/python3.12/site-packages/airflow/example_dags/example_short_circuit_operator.py
[2024-11-12T10:23:32.484+0000] {processor.py:925} INFO - DAG(s) 'example_short_circuit_operator' retrieved from /home/airflow/.local/lib/python3.12/site-packages/airflow/example_dags/example_short_circuit_operator.py
[2024-11-12T10:23:32.520+0000] {logging_mixin.py:190} INFO - [2024-11-12T10:23:32.520+0000] {dag.py:3239} INFO - Sync 1 DAGs
[2024-11-12T10:23:32.542+0000] {logging_mixin.py:190} INFO - [2024-11-12T10:23:32.542+0000] {dag.py:4180} INFO - Setting next_dagrun for example_short_circuit_operator to None, run_after=None
[2024-11-12T10:23:32.571+0000] {processor.py:208} INFO - Processing /home/airflow/.local/lib/python3.12/site-packages/airflow/example_dags/example_short_circuit_operator.py took 0.113 seconds
[2024-11-12T10:24:02.958+0000] {processor.py:186} INFO - Started process (PID=13883) to work on /home/airflow/.local/lib/python3.12/site-packages/airflow/example_dags/example_short_circuit_operator.py
[2024-11-12T10:24:02.959+0000] {processor.py:914} INFO - Processing file /home/airflow/.local/lib/python3.12/site-packages/airflow/example_dags/example_short_circuit_operator.py for tasks to queue
[2024-11-12T10:24:02.961+0000] {logging_mixin.py:190} INFO - [2024-11-12T10:24:02.961+0000] {dagbag.py:588} INFO - Filling up the DagBag from /home/airflow/.local/lib/python3.12/site-packages/airflow/example_dags/example_short_circuit_operator.py
[2024-11-12T10:24:02.975+0000] {processor.py:925} INFO - DAG(s) 'example_short_circuit_operator' retrieved from /home/airflow/.local/lib/python3.12/site-packages/airflow/example_dags/example_short_circuit_operator.py
[2024-11-12T10:24:03.012+0000] {logging_mixin.py:190} INFO - [2024-11-12T10:24:03.012+0000] {dag.py:3239} INFO - Sync 1 DAGs
[2024-11-12T10:24:03.042+0000] {logging_mixin.py:190} INFO - [2024-11-12T10:24:03.042+0000] {dag.py:4180} INFO - Setting next_dagrun for example_short_circuit_operator to None, run_after=None
[2024-11-12T10:24:03.080+0000] {processor.py:208} INFO - Processing /home/airflow/.local/lib/python3.12/site-packages/airflow/example_dags/example_short_circuit_operator.py took 0.132 seconds
[2024-11-12T10:24:33.699+0000] {processor.py:186} INFO - Started process (PID=13946) to work on /home/airflow/.local/lib/python3.12/site-packages/airflow/example_dags/example_short_circuit_operator.py
[2024-11-12T10:24:33.701+0000] {processor.py:914} INFO - Processing file /home/airflow/.local/lib/python3.12/site-packages/airflow/example_dags/example_short_circuit_operator.py for tasks to queue
[2024-11-12T10:24:33.703+0000] {logging_mixin.py:190} INFO - [2024-11-12T10:24:33.703+0000] {dagbag.py:588} INFO - Filling up the DagBag from /home/airflow/.local/lib/python3.12/site-packages/airflow/example_dags/example_short_circuit_operator.py
[2024-11-12T10:24:33.715+0000] {processor.py:925} INFO - DAG(s) 'example_short_circuit_operator' retrieved from /home/airflow/.local/lib/python3.12/site-packages/airflow/example_dags/example_short_circuit_operator.py
[2024-11-12T10:24:33.748+0000] {logging_mixin.py:190} INFO - [2024-11-12T10:24:33.748+0000] {dag.py:3239} INFO - Sync 1 DAGs
[2024-11-12T10:24:33.776+0000] {logging_mixin.py:190} INFO - [2024-11-12T10:24:33.775+0000] {dag.py:4180} INFO - Setting next_dagrun for example_short_circuit_operator to None, run_after=None
[2024-11-12T10:24:33.804+0000] {processor.py:208} INFO - Processing /home/airflow/.local/lib/python3.12/site-packages/airflow/example_dags/example_short_circuit_operator.py took 0.114 seconds
[2024-11-12T10:25:05.133+0000] {processor.py:186} INFO - Started process (PID=14010) to work on /home/airflow/.local/lib/python3.12/site-packages/airflow/example_dags/example_short_circuit_operator.py
[2024-11-12T10:25:05.134+0000] {processor.py:914} INFO - Processing file /home/airflow/.local/lib/python3.12/site-packages/airflow/example_dags/example_short_circuit_operator.py for tasks to queue
[2024-11-12T10:25:05.137+0000] {logging_mixin.py:190} INFO - [2024-11-12T10:25:05.136+0000] {dagbag.py:588} INFO - Filling up the DagBag from /home/airflow/.local/lib/python3.12/site-packages/airflow/example_dags/example_short_circuit_operator.py
[2024-11-12T10:25:05.153+0000] {processor.py:925} INFO - DAG(s) 'example_short_circuit_operator' retrieved from /home/airflow/.local/lib/python3.12/site-packages/airflow/example_dags/example_short_circuit_operator.py
[2024-11-12T10:25:05.193+0000] {logging_mixin.py:190} INFO - [2024-11-12T10:25:05.193+0000] {dag.py:3239} INFO - Sync 1 DAGs
[2024-11-12T10:25:05.222+0000] {logging_mixin.py:190} INFO - [2024-11-12T10:25:05.221+0000] {dag.py:4180} INFO - Setting next_dagrun for example_short_circuit_operator to None, run_after=None
[2024-11-12T10:25:05.253+0000] {processor.py:208} INFO - Processing /home/airflow/.local/lib/python3.12/site-packages/airflow/example_dags/example_short_circuit_operator.py took 0.131 seconds
[2024-11-12T10:25:35.830+0000] {processor.py:186} INFO - Started process (PID=14073) to work on /home/airflow/.local/lib/python3.12/site-packages/airflow/example_dags/example_short_circuit_operator.py
[2024-11-12T10:25:35.831+0000] {processor.py:914} INFO - Processing file /home/airflow/.local/lib/python3.12/site-packages/airflow/example_dags/example_short_circuit_operator.py for tasks to queue
[2024-11-12T10:25:35.834+0000] {logging_mixin.py:190} INFO - [2024-11-12T10:25:35.833+0000] {dagbag.py:588} INFO - Filling up the DagBag from /home/airflow/.local/lib/python3.12/site-packages/airflow/example_dags/example_short_circuit_operator.py
[2024-11-12T10:25:35.848+0000] {processor.py:925} INFO - DAG(s) 'example_short_circuit_operator' retrieved from /home/airflow/.local/lib/python3.12/site-packages/airflow/example_dags/example_short_circuit_operator.py
[2024-11-12T10:25:35.886+0000] {logging_mixin.py:190} INFO - [2024-11-12T10:25:35.884+0000] {dag.py:3239} INFO - Sync 1 DAGs
[2024-11-12T10:25:35.913+0000] {logging_mixin.py:190} INFO - [2024-11-12T10:25:35.913+0000] {dag.py:4180} INFO - Setting next_dagrun for example_short_circuit_operator to None, run_after=None
[2024-11-12T10:25:35.946+0000] {processor.py:208} INFO - Processing /home/airflow/.local/lib/python3.12/site-packages/airflow/example_dags/example_short_circuit_operator.py took 0.127 seconds
[2024-11-12T10:26:07.064+0000] {processor.py:186} INFO - Started process (PID=14136) to work on /home/airflow/.local/lib/python3.12/site-packages/airflow/example_dags/example_short_circuit_operator.py
[2024-11-12T10:26:07.066+0000] {processor.py:914} INFO - Processing file /home/airflow/.local/lib/python3.12/site-packages/airflow/example_dags/example_short_circuit_operator.py for tasks to queue
[2024-11-12T10:26:07.069+0000] {logging_mixin.py:190} INFO - [2024-11-12T10:26:07.068+0000] {dagbag.py:588} INFO - Filling up the DagBag from /home/airflow/.local/lib/python3.12/site-packages/airflow/example_dags/example_short_circuit_operator.py
[2024-11-12T10:26:07.087+0000] {processor.py:925} INFO - DAG(s) 'example_short_circuit_operator' retrieved from /home/airflow/.local/lib/python3.12/site-packages/airflow/example_dags/example_short_circuit_operator.py
[2024-11-12T10:26:07.136+0000] {logging_mixin.py:190} INFO - [2024-11-12T10:26:07.136+0000] {dag.py:3239} INFO - Sync 1 DAGs
[2024-11-12T10:26:07.176+0000] {logging_mixin.py:190} INFO - [2024-11-12T10:26:07.175+0000] {dag.py:4180} INFO - Setting next_dagrun for example_short_circuit_operator to None, run_after=None
[2024-11-12T10:26:07.218+0000] {processor.py:208} INFO - Processing /home/airflow/.local/lib/python3.12/site-packages/airflow/example_dags/example_short_circuit_operator.py took 0.166 seconds
[2024-11-12T10:26:37.925+0000] {processor.py:186} INFO - Started process (PID=14200) to work on /home/airflow/.local/lib/python3.12/site-packages/airflow/example_dags/example_short_circuit_operator.py
[2024-11-12T10:26:37.926+0000] {processor.py:914} INFO - Processing file /home/airflow/.local/lib/python3.12/site-packages/airflow/example_dags/example_short_circuit_operator.py for tasks to queue
[2024-11-12T10:26:37.929+0000] {logging_mixin.py:190} INFO - [2024-11-12T10:26:37.928+0000] {dagbag.py:588} INFO - Filling up the DagBag from /home/airflow/.local/lib/python3.12/site-packages/airflow/example_dags/example_short_circuit_operator.py
[2024-11-12T10:26:37.944+0000] {processor.py:925} INFO - DAG(s) 'example_short_circuit_operator' retrieved from /home/airflow/.local/lib/python3.12/site-packages/airflow/example_dags/example_short_circuit_operator.py
[2024-11-12T10:26:37.982+0000] {logging_mixin.py:190} INFO - [2024-11-12T10:26:37.982+0000] {dag.py:3239} INFO - Sync 1 DAGs
[2024-11-12T10:26:38.011+0000] {logging_mixin.py:190} INFO - [2024-11-12T10:26:38.010+0000] {dag.py:4180} INFO - Setting next_dagrun for example_short_circuit_operator to None, run_after=None
[2024-11-12T10:26:38.046+0000] {processor.py:208} INFO - Processing /home/airflow/.local/lib/python3.12/site-packages/airflow/example_dags/example_short_circuit_operator.py took 0.133 seconds
[2024-11-12T10:27:08.387+0000] {processor.py:186} INFO - Started process (PID=14263) to work on /home/airflow/.local/lib/python3.12/site-packages/airflow/example_dags/example_short_circuit_operator.py
[2024-11-12T10:27:08.389+0000] {processor.py:914} INFO - Processing file /home/airflow/.local/lib/python3.12/site-packages/airflow/example_dags/example_short_circuit_operator.py for tasks to queue
[2024-11-12T10:27:08.391+0000] {logging_mixin.py:190} INFO - [2024-11-12T10:27:08.391+0000] {dagbag.py:588} INFO - Filling up the DagBag from /home/airflow/.local/lib/python3.12/site-packages/airflow/example_dags/example_short_circuit_operator.py
[2024-11-12T10:27:08.406+0000] {processor.py:925} INFO - DAG(s) 'example_short_circuit_operator' retrieved from /home/airflow/.local/lib/python3.12/site-packages/airflow/example_dags/example_short_circuit_operator.py
[2024-11-12T10:27:08.439+0000] {logging_mixin.py:190} INFO - [2024-11-12T10:27:08.439+0000] {dag.py:3239} INFO - Sync 1 DAGs
[2024-11-12T10:27:08.467+0000] {logging_mixin.py:190} INFO - [2024-11-12T10:27:08.466+0000] {dag.py:4180} INFO - Setting next_dagrun for example_short_circuit_operator to None, run_after=None
[2024-11-12T10:27:08.497+0000] {processor.py:208} INFO - Processing /home/airflow/.local/lib/python3.12/site-packages/airflow/example_dags/example_short_circuit_operator.py took 0.119 seconds
[2024-11-12T10:27:38.694+0000] {processor.py:186} INFO - Started process (PID=14326) to work on /home/airflow/.local/lib/python3.12/site-packages/airflow/example_dags/example_short_circuit_operator.py
[2024-11-12T10:27:38.695+0000] {processor.py:914} INFO - Processing file /home/airflow/.local/lib/python3.12/site-packages/airflow/example_dags/example_short_circuit_operator.py for tasks to queue
[2024-11-12T10:27:38.697+0000] {logging_mixin.py:190} INFO - [2024-11-12T10:27:38.696+0000] {dagbag.py:588} INFO - Filling up the DagBag from /home/airflow/.local/lib/python3.12/site-packages/airflow/example_dags/example_short_circuit_operator.py
[2024-11-12T10:27:38.707+0000] {processor.py:925} INFO - DAG(s) 'example_short_circuit_operator' retrieved from /home/airflow/.local/lib/python3.12/site-packages/airflow/example_dags/example_short_circuit_operator.py
[2024-11-12T10:27:38.740+0000] {logging_mixin.py:190} INFO - [2024-11-12T10:27:38.739+0000] {dag.py:3239} INFO - Sync 1 DAGs
[2024-11-12T10:27:38.759+0000] {logging_mixin.py:190} INFO - [2024-11-12T10:27:38.759+0000] {dag.py:4180} INFO - Setting next_dagrun for example_short_circuit_operator to None, run_after=None
[2024-11-12T10:27:38.785+0000] {processor.py:208} INFO - Processing /home/airflow/.local/lib/python3.12/site-packages/airflow/example_dags/example_short_circuit_operator.py took 0.099 seconds
