[2024-11-12T10:14:12.887+0000] {processor.py:186} INFO - Started process (PID=12667) to work on /home/airflow/.local/lib/python3.12/site-packages/airflow/example_dags/example_sla_dag.py
[2024-11-12T10:14:12.889+0000] {processor.py:914} INFO - Processing file /home/airflow/.local/lib/python3.12/site-packages/airflow/example_dags/example_sla_dag.py for tasks to queue
[2024-11-12T10:14:12.892+0000] {logging_mixin.py:190} INFO - [2024-11-12T10:14:12.891+0000] {dagbag.py:588} INFO - Filling up the DagBag from /home/airflow/.local/lib/python3.12/site-packages/airflow/example_dags/example_sla_dag.py
[2024-11-12T10:14:12.915+0000] {processor.py:925} INFO - DAG(s) 'example_sla_dag' retrieved from /home/airflow/.local/lib/python3.12/site-packages/airflow/example_dags/example_sla_dag.py
[2024-11-12T10:14:12.954+0000] {logging_mixin.py:190} INFO - [2024-11-12T10:14:12.953+0000] {dag.py:3239} INFO - Sync 1 DAGs
[2024-11-12T10:14:13.008+0000] {logging_mixin.py:190} INFO - [2024-11-12T10:14:13.007+0000] {dag.py:4180} INFO - Setting next_dagrun for example_sla_dag to 2024-11-12 10:12:00+00:00, run_after=2024-11-12 10:14:00+00:00
[2024-11-12T10:14:13.038+0000] {processor.py:208} INFO - Processing /home/airflow/.local/lib/python3.12/site-packages/airflow/example_dags/example_sla_dag.py took 0.165 seconds
[2024-11-12T10:14:43.241+0000] {processor.py:186} INFO - Started process (PID=12729) to work on /home/airflow/.local/lib/python3.12/site-packages/airflow/example_dags/example_sla_dag.py
[2024-11-12T10:14:43.243+0000] {processor.py:914} INFO - Processing file /home/airflow/.local/lib/python3.12/site-packages/airflow/example_dags/example_sla_dag.py for tasks to queue
[2024-11-12T10:14:43.245+0000] {logging_mixin.py:190} INFO - [2024-11-12T10:14:43.245+0000] {dagbag.py:588} INFO - Filling up the DagBag from /home/airflow/.local/lib/python3.12/site-packages/airflow/example_dags/example_sla_dag.py
[2024-11-12T10:14:43.262+0000] {processor.py:925} INFO - DAG(s) 'example_sla_dag' retrieved from /home/airflow/.local/lib/python3.12/site-packages/airflow/example_dags/example_sla_dag.py
[2024-11-12T10:14:43.298+0000] {logging_mixin.py:190} INFO - [2024-11-12T10:14:43.297+0000] {dag.py:3239} INFO - Sync 1 DAGs
[2024-11-12T10:14:43.343+0000] {logging_mixin.py:190} INFO - [2024-11-12T10:14:43.343+0000] {dag.py:4180} INFO - Setting next_dagrun for example_sla_dag to 2024-11-12 10:12:00+00:00, run_after=2024-11-12 10:14:00+00:00
[2024-11-12T10:14:43.373+0000] {processor.py:208} INFO - Processing /home/airflow/.local/lib/python3.12/site-packages/airflow/example_dags/example_sla_dag.py took 0.140 seconds
[2024-11-12T10:15:14.084+0000] {processor.py:186} INFO - Started process (PID=12791) to work on /home/airflow/.local/lib/python3.12/site-packages/airflow/example_dags/example_sla_dag.py
[2024-11-12T10:15:14.086+0000] {processor.py:914} INFO - Processing file /home/airflow/.local/lib/python3.12/site-packages/airflow/example_dags/example_sla_dag.py for tasks to queue
[2024-11-12T10:15:14.090+0000] {logging_mixin.py:190} INFO - [2024-11-12T10:15:14.089+0000] {dagbag.py:588} INFO - Filling up the DagBag from /home/airflow/.local/lib/python3.12/site-packages/airflow/example_dags/example_sla_dag.py
[2024-11-12T10:15:14.127+0000] {processor.py:925} INFO - DAG(s) 'example_sla_dag' retrieved from /home/airflow/.local/lib/python3.12/site-packages/airflow/example_dags/example_sla_dag.py
[2024-11-12T10:15:14.162+0000] {logging_mixin.py:190} INFO - [2024-11-12T10:15:14.161+0000] {dag.py:3239} INFO - Sync 1 DAGs
[2024-11-12T10:15:14.210+0000] {logging_mixin.py:190} INFO - [2024-11-12T10:15:14.210+0000] {dag.py:4180} INFO - Setting next_dagrun for example_sla_dag to 2024-11-12 10:12:00+00:00, run_after=2024-11-12 10:14:00+00:00
[2024-11-12T10:15:14.239+0000] {processor.py:208} INFO - Processing /home/airflow/.local/lib/python3.12/site-packages/airflow/example_dags/example_sla_dag.py took 0.185 seconds
[2024-11-12T10:15:45.241+0000] {processor.py:186} INFO - Started process (PID=12854) to work on /home/airflow/.local/lib/python3.12/site-packages/airflow/example_dags/example_sla_dag.py
[2024-11-12T10:15:45.243+0000] {processor.py:914} INFO - Processing file /home/airflow/.local/lib/python3.12/site-packages/airflow/example_dags/example_sla_dag.py for tasks to queue
[2024-11-12T10:15:45.245+0000] {logging_mixin.py:190} INFO - [2024-11-12T10:15:45.245+0000] {dagbag.py:588} INFO - Filling up the DagBag from /home/airflow/.local/lib/python3.12/site-packages/airflow/example_dags/example_sla_dag.py
[2024-11-12T10:15:45.263+0000] {processor.py:925} INFO - DAG(s) 'example_sla_dag' retrieved from /home/airflow/.local/lib/python3.12/site-packages/airflow/example_dags/example_sla_dag.py
[2024-11-12T10:15:45.296+0000] {logging_mixin.py:190} INFO - [2024-11-12T10:15:45.295+0000] {dag.py:3239} INFO - Sync 1 DAGs
[2024-11-12T10:15:45.353+0000] {logging_mixin.py:190} INFO - [2024-11-12T10:15:45.352+0000] {dag.py:4180} INFO - Setting next_dagrun for example_sla_dag to 2024-11-12 10:12:00+00:00, run_after=2024-11-12 10:14:00+00:00
[2024-11-12T10:15:45.389+0000] {processor.py:208} INFO - Processing /home/airflow/.local/lib/python3.12/site-packages/airflow/example_dags/example_sla_dag.py took 0.157 seconds
[2024-11-12T10:16:16.785+0000] {processor.py:186} INFO - Started process (PID=12919) to work on /home/airflow/.local/lib/python3.12/site-packages/airflow/example_dags/example_sla_dag.py
[2024-11-12T10:16:16.786+0000] {processor.py:914} INFO - Processing file /home/airflow/.local/lib/python3.12/site-packages/airflow/example_dags/example_sla_dag.py for tasks to queue
[2024-11-12T10:16:16.789+0000] {logging_mixin.py:190} INFO - [2024-11-12T10:16:16.789+0000] {dagbag.py:588} INFO - Filling up the DagBag from /home/airflow/.local/lib/python3.12/site-packages/airflow/example_dags/example_sla_dag.py
[2024-11-12T10:16:16.811+0000] {processor.py:925} INFO - DAG(s) 'example_sla_dag' retrieved from /home/airflow/.local/lib/python3.12/site-packages/airflow/example_dags/example_sla_dag.py
[2024-11-12T10:16:16.845+0000] {logging_mixin.py:190} INFO - [2024-11-12T10:16:16.844+0000] {dag.py:3239} INFO - Sync 1 DAGs
[2024-11-12T10:16:16.900+0000] {logging_mixin.py:190} INFO - [2024-11-12T10:16:16.899+0000] {dag.py:4180} INFO - Setting next_dagrun for example_sla_dag to 2024-11-12 10:14:00+00:00, run_after=2024-11-12 10:16:00+00:00
[2024-11-12T10:16:16.932+0000] {processor.py:208} INFO - Processing /home/airflow/.local/lib/python3.12/site-packages/airflow/example_dags/example_sla_dag.py took 0.158 seconds
[2024-11-12T10:16:47.554+0000] {processor.py:186} INFO - Started process (PID=12981) to work on /home/airflow/.local/lib/python3.12/site-packages/airflow/example_dags/example_sla_dag.py
[2024-11-12T10:16:47.555+0000] {processor.py:914} INFO - Processing file /home/airflow/.local/lib/python3.12/site-packages/airflow/example_dags/example_sla_dag.py for tasks to queue
[2024-11-12T10:16:47.557+0000] {logging_mixin.py:190} INFO - [2024-11-12T10:16:47.557+0000] {dagbag.py:588} INFO - Filling up the DagBag from /home/airflow/.local/lib/python3.12/site-packages/airflow/example_dags/example_sla_dag.py
[2024-11-12T10:16:47.570+0000] {processor.py:925} INFO - DAG(s) 'example_sla_dag' retrieved from /home/airflow/.local/lib/python3.12/site-packages/airflow/example_dags/example_sla_dag.py
[2024-11-12T10:16:47.595+0000] {logging_mixin.py:190} INFO - [2024-11-12T10:16:47.594+0000] {dag.py:3239} INFO - Sync 1 DAGs
[2024-11-12T10:16:47.633+0000] {logging_mixin.py:190} INFO - [2024-11-12T10:16:47.633+0000] {dag.py:4180} INFO - Setting next_dagrun for example_sla_dag to 2024-11-12 10:14:00+00:00, run_after=2024-11-12 10:16:00+00:00
[2024-11-12T10:16:47.664+0000] {processor.py:208} INFO - Processing /home/airflow/.local/lib/python3.12/site-packages/airflow/example_dags/example_sla_dag.py took 0.120 seconds
[2024-11-12T10:17:18.503+0000] {processor.py:186} INFO - Started process (PID=13043) to work on /home/airflow/.local/lib/python3.12/site-packages/airflow/example_dags/example_sla_dag.py
[2024-11-12T10:17:18.504+0000] {processor.py:914} INFO - Processing file /home/airflow/.local/lib/python3.12/site-packages/airflow/example_dags/example_sla_dag.py for tasks to queue
[2024-11-12T10:17:18.506+0000] {logging_mixin.py:190} INFO - [2024-11-12T10:17:18.505+0000] {dagbag.py:588} INFO - Filling up the DagBag from /home/airflow/.local/lib/python3.12/site-packages/airflow/example_dags/example_sla_dag.py
[2024-11-12T10:17:18.522+0000] {processor.py:925} INFO - DAG(s) 'example_sla_dag' retrieved from /home/airflow/.local/lib/python3.12/site-packages/airflow/example_dags/example_sla_dag.py
[2024-11-12T10:17:18.549+0000] {logging_mixin.py:190} INFO - [2024-11-12T10:17:18.549+0000] {dag.py:3239} INFO - Sync 1 DAGs
[2024-11-12T10:17:18.589+0000] {logging_mixin.py:190} INFO - [2024-11-12T10:17:18.589+0000] {dag.py:4180} INFO - Setting next_dagrun for example_sla_dag to 2024-11-12 10:14:00+00:00, run_after=2024-11-12 10:16:00+00:00
[2024-11-12T10:17:18.617+0000] {processor.py:208} INFO - Processing /home/airflow/.local/lib/python3.12/site-packages/airflow/example_dags/example_sla_dag.py took 0.124 seconds
[2024-11-12T10:17:49.618+0000] {processor.py:186} INFO - Started process (PID=13105) to work on /home/airflow/.local/lib/python3.12/site-packages/airflow/example_dags/example_sla_dag.py
[2024-11-12T10:17:49.621+0000] {processor.py:914} INFO - Processing file /home/airflow/.local/lib/python3.12/site-packages/airflow/example_dags/example_sla_dag.py for tasks to queue
[2024-11-12T10:17:49.624+0000] {logging_mixin.py:190} INFO - [2024-11-12T10:17:49.623+0000] {dagbag.py:588} INFO - Filling up the DagBag from /home/airflow/.local/lib/python3.12/site-packages/airflow/example_dags/example_sla_dag.py
[2024-11-12T10:17:49.648+0000] {processor.py:925} INFO - DAG(s) 'example_sla_dag' retrieved from /home/airflow/.local/lib/python3.12/site-packages/airflow/example_dags/example_sla_dag.py
[2024-11-12T10:17:49.692+0000] {logging_mixin.py:190} INFO - [2024-11-12T10:17:49.691+0000] {dag.py:3239} INFO - Sync 1 DAGs
[2024-11-12T10:17:49.753+0000] {logging_mixin.py:190} INFO - [2024-11-12T10:17:49.753+0000] {dag.py:4180} INFO - Setting next_dagrun for example_sla_dag to 2024-11-12 10:14:00+00:00, run_after=2024-11-12 10:16:00+00:00
[2024-11-12T10:17:49.790+0000] {processor.py:208} INFO - Processing /home/airflow/.local/lib/python3.12/site-packages/airflow/example_dags/example_sla_dag.py took 0.189 seconds
[2024-11-12T10:18:20.250+0000] {processor.py:186} INFO - Started process (PID=13167) to work on /home/airflow/.local/lib/python3.12/site-packages/airflow/example_dags/example_sla_dag.py
[2024-11-12T10:18:20.252+0000] {processor.py:914} INFO - Processing file /home/airflow/.local/lib/python3.12/site-packages/airflow/example_dags/example_sla_dag.py for tasks to queue
[2024-11-12T10:18:20.255+0000] {logging_mixin.py:190} INFO - [2024-11-12T10:18:20.254+0000] {dagbag.py:588} INFO - Filling up the DagBag from /home/airflow/.local/lib/python3.12/site-packages/airflow/example_dags/example_sla_dag.py
[2024-11-12T10:18:20.274+0000] {processor.py:925} INFO - DAG(s) 'example_sla_dag' retrieved from /home/airflow/.local/lib/python3.12/site-packages/airflow/example_dags/example_sla_dag.py
[2024-11-12T10:18:20.310+0000] {logging_mixin.py:190} INFO - [2024-11-12T10:18:20.310+0000] {dag.py:3239} INFO - Sync 1 DAGs
[2024-11-12T10:18:20.355+0000] {logging_mixin.py:190} INFO - [2024-11-12T10:18:20.355+0000] {dag.py:4180} INFO - Setting next_dagrun for example_sla_dag to 2024-11-12 10:16:00+00:00, run_after=2024-11-12 10:18:00+00:00
[2024-11-12T10:18:20.386+0000] {processor.py:208} INFO - Processing /home/airflow/.local/lib/python3.12/site-packages/airflow/example_dags/example_sla_dag.py took 0.150 seconds
[2024-11-12T10:18:50.569+0000] {processor.py:186} INFO - Started process (PID=13229) to work on /home/airflow/.local/lib/python3.12/site-packages/airflow/example_dags/example_sla_dag.py
[2024-11-12T10:18:50.571+0000] {processor.py:914} INFO - Processing file /home/airflow/.local/lib/python3.12/site-packages/airflow/example_dags/example_sla_dag.py for tasks to queue
[2024-11-12T10:18:50.573+0000] {logging_mixin.py:190} INFO - [2024-11-12T10:18:50.573+0000] {dagbag.py:588} INFO - Filling up the DagBag from /home/airflow/.local/lib/python3.12/site-packages/airflow/example_dags/example_sla_dag.py
[2024-11-12T10:18:50.591+0000] {processor.py:925} INFO - DAG(s) 'example_sla_dag' retrieved from /home/airflow/.local/lib/python3.12/site-packages/airflow/example_dags/example_sla_dag.py
[2024-11-12T10:18:50.627+0000] {logging_mixin.py:190} INFO - [2024-11-12T10:18:50.626+0000] {dag.py:3239} INFO - Sync 1 DAGs
[2024-11-12T10:18:50.701+0000] {logging_mixin.py:190} INFO - [2024-11-12T10:18:50.700+0000] {dag.py:4180} INFO - Setting next_dagrun for example_sla_dag to 2024-11-12 10:16:00+00:00, run_after=2024-11-12 10:18:00+00:00
[2024-11-12T10:18:50.737+0000] {processor.py:208} INFO - Processing /home/airflow/.local/lib/python3.12/site-packages/airflow/example_dags/example_sla_dag.py took 0.179 seconds
[2024-11-12T10:19:20.849+0000] {processor.py:186} INFO - Started process (PID=13291) to work on /home/airflow/.local/lib/python3.12/site-packages/airflow/example_dags/example_sla_dag.py
[2024-11-12T10:19:20.851+0000] {processor.py:914} INFO - Processing file /home/airflow/.local/lib/python3.12/site-packages/airflow/example_dags/example_sla_dag.py for tasks to queue
[2024-11-12T10:19:20.854+0000] {logging_mixin.py:190} INFO - [2024-11-12T10:19:20.853+0000] {dagbag.py:588} INFO - Filling up the DagBag from /home/airflow/.local/lib/python3.12/site-packages/airflow/example_dags/example_sla_dag.py
[2024-11-12T10:19:20.869+0000] {processor.py:925} INFO - DAG(s) 'example_sla_dag' retrieved from /home/airflow/.local/lib/python3.12/site-packages/airflow/example_dags/example_sla_dag.py
[2024-11-12T10:19:20.901+0000] {logging_mixin.py:190} INFO - [2024-11-12T10:19:20.901+0000] {dag.py:3239} INFO - Sync 1 DAGs
[2024-11-12T10:19:20.948+0000] {logging_mixin.py:190} INFO - [2024-11-12T10:19:20.948+0000] {dag.py:4180} INFO - Setting next_dagrun for example_sla_dag to 2024-11-12 10:16:00+00:00, run_after=2024-11-12 10:18:00+00:00
[2024-11-12T10:19:20.982+0000] {processor.py:208} INFO - Processing /home/airflow/.local/lib/python3.12/site-packages/airflow/example_dags/example_sla_dag.py took 0.144 seconds
[2024-11-12T10:19:51.796+0000] {processor.py:186} INFO - Started process (PID=13354) to work on /home/airflow/.local/lib/python3.12/site-packages/airflow/example_dags/example_sla_dag.py
[2024-11-12T10:19:51.798+0000] {processor.py:914} INFO - Processing file /home/airflow/.local/lib/python3.12/site-packages/airflow/example_dags/example_sla_dag.py for tasks to queue
[2024-11-12T10:19:51.800+0000] {logging_mixin.py:190} INFO - [2024-11-12T10:19:51.800+0000] {dagbag.py:588} INFO - Filling up the DagBag from /home/airflow/.local/lib/python3.12/site-packages/airflow/example_dags/example_sla_dag.py
[2024-11-12T10:19:51.818+0000] {processor.py:925} INFO - DAG(s) 'example_sla_dag' retrieved from /home/airflow/.local/lib/python3.12/site-packages/airflow/example_dags/example_sla_dag.py
[2024-11-12T10:19:51.849+0000] {logging_mixin.py:190} INFO - [2024-11-12T10:19:51.849+0000] {dag.py:3239} INFO - Sync 1 DAGs
[2024-11-12T10:19:51.896+0000] {logging_mixin.py:190} INFO - [2024-11-12T10:19:51.895+0000] {dag.py:4180} INFO - Setting next_dagrun for example_sla_dag to 2024-11-12 10:16:00+00:00, run_after=2024-11-12 10:18:00+00:00
[2024-11-12T10:19:51.924+0000] {processor.py:208} INFO - Processing /home/airflow/.local/lib/python3.12/site-packages/airflow/example_dags/example_sla_dag.py took 0.138 seconds
[2024-11-12T10:20:22.055+0000] {processor.py:186} INFO - Started process (PID=13417) to work on /home/airflow/.local/lib/python3.12/site-packages/airflow/example_dags/example_sla_dag.py
[2024-11-12T10:20:22.056+0000] {processor.py:914} INFO - Processing file /home/airflow/.local/lib/python3.12/site-packages/airflow/example_dags/example_sla_dag.py for tasks to queue
[2024-11-12T10:20:22.058+0000] {logging_mixin.py:190} INFO - [2024-11-12T10:20:22.058+0000] {dagbag.py:588} INFO - Filling up the DagBag from /home/airflow/.local/lib/python3.12/site-packages/airflow/example_dags/example_sla_dag.py
[2024-11-12T10:20:22.073+0000] {processor.py:925} INFO - DAG(s) 'example_sla_dag' retrieved from /home/airflow/.local/lib/python3.12/site-packages/airflow/example_dags/example_sla_dag.py
[2024-11-12T10:20:22.097+0000] {logging_mixin.py:190} INFO - [2024-11-12T10:20:22.097+0000] {dag.py:3239} INFO - Sync 1 DAGs
[2024-11-12T10:20:22.134+0000] {logging_mixin.py:190} INFO - [2024-11-12T10:20:22.133+0000] {dag.py:4180} INFO - Setting next_dagrun for example_sla_dag to 2024-11-12 10:18:00+00:00, run_after=2024-11-12 10:20:00+00:00
[2024-11-12T10:20:22.165+0000] {processor.py:208} INFO - Processing /home/airflow/.local/lib/python3.12/site-packages/airflow/example_dags/example_sla_dag.py took 0.117 seconds
[2024-11-12T10:20:52.979+0000] {processor.py:186} INFO - Started process (PID=13481) to work on /home/airflow/.local/lib/python3.12/site-packages/airflow/example_dags/example_sla_dag.py
[2024-11-12T10:20:52.982+0000] {processor.py:914} INFO - Processing file /home/airflow/.local/lib/python3.12/site-packages/airflow/example_dags/example_sla_dag.py for tasks to queue
[2024-11-12T10:20:52.985+0000] {logging_mixin.py:190} INFO - [2024-11-12T10:20:52.984+0000] {dagbag.py:588} INFO - Filling up the DagBag from /home/airflow/.local/lib/python3.12/site-packages/airflow/example_dags/example_sla_dag.py
[2024-11-12T10:20:53.009+0000] {processor.py:925} INFO - DAG(s) 'example_sla_dag' retrieved from /home/airflow/.local/lib/python3.12/site-packages/airflow/example_dags/example_sla_dag.py
[2024-11-12T10:20:53.046+0000] {logging_mixin.py:190} INFO - [2024-11-12T10:20:53.045+0000] {dag.py:3239} INFO - Sync 1 DAGs
[2024-11-12T10:20:53.101+0000] {logging_mixin.py:190} INFO - [2024-11-12T10:20:53.101+0000] {dag.py:4180} INFO - Setting next_dagrun for example_sla_dag to 2024-11-12 10:18:00+00:00, run_after=2024-11-12 10:20:00+00:00
[2024-11-12T10:20:53.137+0000] {processor.py:208} INFO - Processing /home/airflow/.local/lib/python3.12/site-packages/airflow/example_dags/example_sla_dag.py took 0.171 seconds
[2024-11-12T10:21:24.166+0000] {processor.py:186} INFO - Started process (PID=13544) to work on /home/airflow/.local/lib/python3.12/site-packages/airflow/example_dags/example_sla_dag.py
[2024-11-12T10:21:24.167+0000] {processor.py:914} INFO - Processing file /home/airflow/.local/lib/python3.12/site-packages/airflow/example_dags/example_sla_dag.py for tasks to queue
[2024-11-12T10:21:24.170+0000] {logging_mixin.py:190} INFO - [2024-11-12T10:21:24.169+0000] {dagbag.py:588} INFO - Filling up the DagBag from /home/airflow/.local/lib/python3.12/site-packages/airflow/example_dags/example_sla_dag.py
[2024-11-12T10:21:24.188+0000] {processor.py:925} INFO - DAG(s) 'example_sla_dag' retrieved from /home/airflow/.local/lib/python3.12/site-packages/airflow/example_dags/example_sla_dag.py
[2024-11-12T10:21:24.212+0000] {logging_mixin.py:190} INFO - [2024-11-12T10:21:24.212+0000] {dag.py:3239} INFO - Sync 1 DAGs
[2024-11-12T10:21:24.253+0000] {logging_mixin.py:190} INFO - [2024-11-12T10:21:24.253+0000] {dag.py:4180} INFO - Setting next_dagrun for example_sla_dag to 2024-11-12 10:18:00+00:00, run_after=2024-11-12 10:20:00+00:00
[2024-11-12T10:21:24.284+0000] {processor.py:208} INFO - Processing /home/airflow/.local/lib/python3.12/site-packages/airflow/example_dags/example_sla_dag.py took 0.127 seconds
[2024-11-12T10:21:54.469+0000] {processor.py:186} INFO - Started process (PID=13607) to work on /home/airflow/.local/lib/python3.12/site-packages/airflow/example_dags/example_sla_dag.py
[2024-11-12T10:21:54.471+0000] {processor.py:914} INFO - Processing file /home/airflow/.local/lib/python3.12/site-packages/airflow/example_dags/example_sla_dag.py for tasks to queue
[2024-11-12T10:21:54.473+0000] {logging_mixin.py:190} INFO - [2024-11-12T10:21:54.472+0000] {dagbag.py:588} INFO - Filling up the DagBag from /home/airflow/.local/lib/python3.12/site-packages/airflow/example_dags/example_sla_dag.py
[2024-11-12T10:21:54.490+0000] {processor.py:925} INFO - DAG(s) 'example_sla_dag' retrieved from /home/airflow/.local/lib/python3.12/site-packages/airflow/example_dags/example_sla_dag.py
[2024-11-12T10:21:54.520+0000] {logging_mixin.py:190} INFO - [2024-11-12T10:21:54.519+0000] {dag.py:3239} INFO - Sync 1 DAGs
[2024-11-12T10:21:54.562+0000] {logging_mixin.py:190} INFO - [2024-11-12T10:21:54.562+0000] {dag.py:4180} INFO - Setting next_dagrun for example_sla_dag to 2024-11-12 10:18:00+00:00, run_after=2024-11-12 10:20:00+00:00
[2024-11-12T10:21:54.591+0000] {processor.py:208} INFO - Processing /home/airflow/.local/lib/python3.12/site-packages/airflow/example_dags/example_sla_dag.py took 0.132 seconds
[2024-11-12T10:22:25.097+0000] {processor.py:186} INFO - Started process (PID=13670) to work on /home/airflow/.local/lib/python3.12/site-packages/airflow/example_dags/example_sla_dag.py
[2024-11-12T10:22:25.098+0000] {processor.py:914} INFO - Processing file /home/airflow/.local/lib/python3.12/site-packages/airflow/example_dags/example_sla_dag.py for tasks to queue
[2024-11-12T10:22:25.101+0000] {logging_mixin.py:190} INFO - [2024-11-12T10:22:25.100+0000] {dagbag.py:588} INFO - Filling up the DagBag from /home/airflow/.local/lib/python3.12/site-packages/airflow/example_dags/example_sla_dag.py
[2024-11-12T10:22:25.130+0000] {processor.py:925} INFO - DAG(s) 'example_sla_dag' retrieved from /home/airflow/.local/lib/python3.12/site-packages/airflow/example_dags/example_sla_dag.py
[2024-11-12T10:22:25.214+0000] {logging_mixin.py:190} INFO - [2024-11-12T10:22:25.214+0000] {dag.py:3239} INFO - Sync 1 DAGs
[2024-11-12T10:22:25.263+0000] {logging_mixin.py:190} INFO - [2024-11-12T10:22:25.263+0000] {dag.py:4180} INFO - Setting next_dagrun for example_sla_dag to 2024-11-12 10:20:00+00:00, run_after=2024-11-12 10:22:00+00:00
[2024-11-12T10:22:25.300+0000] {processor.py:208} INFO - Processing /home/airflow/.local/lib/python3.12/site-packages/airflow/example_dags/example_sla_dag.py took 0.214 seconds
[2024-11-12T10:22:55.566+0000] {processor.py:186} INFO - Started process (PID=13733) to work on /home/airflow/.local/lib/python3.12/site-packages/airflow/example_dags/example_sla_dag.py
[2024-11-12T10:22:55.567+0000] {processor.py:914} INFO - Processing file /home/airflow/.local/lib/python3.12/site-packages/airflow/example_dags/example_sla_dag.py for tasks to queue
[2024-11-12T10:22:55.570+0000] {logging_mixin.py:190} INFO - [2024-11-12T10:22:55.570+0000] {dagbag.py:588} INFO - Filling up the DagBag from /home/airflow/.local/lib/python3.12/site-packages/airflow/example_dags/example_sla_dag.py
[2024-11-12T10:22:55.593+0000] {processor.py:925} INFO - DAG(s) 'example_sla_dag' retrieved from /home/airflow/.local/lib/python3.12/site-packages/airflow/example_dags/example_sla_dag.py
[2024-11-12T10:22:55.624+0000] {logging_mixin.py:190} INFO - [2024-11-12T10:22:55.623+0000] {dag.py:3239} INFO - Sync 1 DAGs
[2024-11-12T10:22:55.669+0000] {logging_mixin.py:190} INFO - [2024-11-12T10:22:55.669+0000] {dag.py:4180} INFO - Setting next_dagrun for example_sla_dag to 2024-11-12 10:20:00+00:00, run_after=2024-11-12 10:22:00+00:00
[2024-11-12T10:22:55.700+0000] {processor.py:208} INFO - Processing /home/airflow/.local/lib/python3.12/site-packages/airflow/example_dags/example_sla_dag.py took 0.145 seconds
[2024-11-12T10:23:25.880+0000] {processor.py:186} INFO - Started process (PID=13796) to work on /home/airflow/.local/lib/python3.12/site-packages/airflow/example_dags/example_sla_dag.py
[2024-11-12T10:23:25.881+0000] {processor.py:914} INFO - Processing file /home/airflow/.local/lib/python3.12/site-packages/airflow/example_dags/example_sla_dag.py for tasks to queue
[2024-11-12T10:23:25.883+0000] {logging_mixin.py:190} INFO - [2024-11-12T10:23:25.882+0000] {dagbag.py:588} INFO - Filling up the DagBag from /home/airflow/.local/lib/python3.12/site-packages/airflow/example_dags/example_sla_dag.py
[2024-11-12T10:23:25.898+0000] {processor.py:925} INFO - DAG(s) 'example_sla_dag' retrieved from /home/airflow/.local/lib/python3.12/site-packages/airflow/example_dags/example_sla_dag.py
[2024-11-12T10:23:25.931+0000] {logging_mixin.py:190} INFO - [2024-11-12T10:23:25.930+0000] {dag.py:3239} INFO - Sync 1 DAGs
[2024-11-12T10:23:25.971+0000] {logging_mixin.py:190} INFO - [2024-11-12T10:23:25.971+0000] {dag.py:4180} INFO - Setting next_dagrun for example_sla_dag to 2024-11-12 10:20:00+00:00, run_after=2024-11-12 10:22:00+00:00
[2024-11-12T10:23:25.999+0000] {processor.py:208} INFO - Processing /home/airflow/.local/lib/python3.12/site-packages/airflow/example_dags/example_sla_dag.py took 0.128 seconds
[2024-11-12T10:23:56.490+0000] {processor.py:186} INFO - Started process (PID=13859) to work on /home/airflow/.local/lib/python3.12/site-packages/airflow/example_dags/example_sla_dag.py
[2024-11-12T10:23:56.491+0000] {processor.py:914} INFO - Processing file /home/airflow/.local/lib/python3.12/site-packages/airflow/example_dags/example_sla_dag.py for tasks to queue
[2024-11-12T10:23:56.493+0000] {logging_mixin.py:190} INFO - [2024-11-12T10:23:56.493+0000] {dagbag.py:588} INFO - Filling up the DagBag from /home/airflow/.local/lib/python3.12/site-packages/airflow/example_dags/example_sla_dag.py
[2024-11-12T10:23:56.507+0000] {processor.py:925} INFO - DAG(s) 'example_sla_dag' retrieved from /home/airflow/.local/lib/python3.12/site-packages/airflow/example_dags/example_sla_dag.py
[2024-11-12T10:23:56.529+0000] {logging_mixin.py:190} INFO - [2024-11-12T10:23:56.528+0000] {dag.py:3239} INFO - Sync 1 DAGs
[2024-11-12T10:23:56.560+0000] {logging_mixin.py:190} INFO - [2024-11-12T10:23:56.559+0000] {dag.py:4180} INFO - Setting next_dagrun for example_sla_dag to 2024-11-12 10:20:00+00:00, run_after=2024-11-12 10:22:00+00:00
[2024-11-12T10:23:56.585+0000] {processor.py:208} INFO - Processing /home/airflow/.local/lib/python3.12/site-packages/airflow/example_dags/example_sla_dag.py took 0.104 seconds
[2024-11-12T10:24:26.958+0000] {processor.py:186} INFO - Started process (PID=13922) to work on /home/airflow/.local/lib/python3.12/site-packages/airflow/example_dags/example_sla_dag.py
[2024-11-12T10:24:26.960+0000] {processor.py:914} INFO - Processing file /home/airflow/.local/lib/python3.12/site-packages/airflow/example_dags/example_sla_dag.py for tasks to queue
[2024-11-12T10:24:26.963+0000] {logging_mixin.py:190} INFO - [2024-11-12T10:24:26.962+0000] {dagbag.py:588} INFO - Filling up the DagBag from /home/airflow/.local/lib/python3.12/site-packages/airflow/example_dags/example_sla_dag.py
[2024-11-12T10:24:26.982+0000] {processor.py:925} INFO - DAG(s) 'example_sla_dag' retrieved from /home/airflow/.local/lib/python3.12/site-packages/airflow/example_dags/example_sla_dag.py
[2024-11-12T10:24:27.020+0000] {logging_mixin.py:190} INFO - [2024-11-12T10:24:27.020+0000] {dag.py:3239} INFO - Sync 1 DAGs
[2024-11-12T10:24:27.072+0000] {logging_mixin.py:190} INFO - [2024-11-12T10:24:27.072+0000] {dag.py:4180} INFO - Setting next_dagrun for example_sla_dag to 2024-11-12 10:22:00+00:00, run_after=2024-11-12 10:24:00+00:00
[2024-11-12T10:24:27.109+0000] {processor.py:208} INFO - Processing /home/airflow/.local/lib/python3.12/site-packages/airflow/example_dags/example_sla_dag.py took 0.162 seconds
[2024-11-12T10:24:57.286+0000] {processor.py:186} INFO - Started process (PID=13985) to work on /home/airflow/.local/lib/python3.12/site-packages/airflow/example_dags/example_sla_dag.py
[2024-11-12T10:24:57.288+0000] {processor.py:914} INFO - Processing file /home/airflow/.local/lib/python3.12/site-packages/airflow/example_dags/example_sla_dag.py for tasks to queue
[2024-11-12T10:24:57.291+0000] {logging_mixin.py:190} INFO - [2024-11-12T10:24:57.290+0000] {dagbag.py:588} INFO - Filling up the DagBag from /home/airflow/.local/lib/python3.12/site-packages/airflow/example_dags/example_sla_dag.py
[2024-11-12T10:24:57.313+0000] {processor.py:925} INFO - DAG(s) 'example_sla_dag' retrieved from /home/airflow/.local/lib/python3.12/site-packages/airflow/example_dags/example_sla_dag.py
[2024-11-12T10:24:57.358+0000] {logging_mixin.py:190} INFO - [2024-11-12T10:24:57.357+0000] {dag.py:3239} INFO - Sync 1 DAGs
[2024-11-12T10:24:57.431+0000] {logging_mixin.py:190} INFO - [2024-11-12T10:24:57.430+0000] {dag.py:4180} INFO - Setting next_dagrun for example_sla_dag to 2024-11-12 10:22:00+00:00, run_after=2024-11-12 10:24:00+00:00
[2024-11-12T10:24:57.479+0000] {processor.py:208} INFO - Processing /home/airflow/.local/lib/python3.12/site-packages/airflow/example_dags/example_sla_dag.py took 0.207 seconds
[2024-11-12T10:25:27.908+0000] {processor.py:186} INFO - Started process (PID=14048) to work on /home/airflow/.local/lib/python3.12/site-packages/airflow/example_dags/example_sla_dag.py
[2024-11-12T10:25:27.910+0000] {processor.py:914} INFO - Processing file /home/airflow/.local/lib/python3.12/site-packages/airflow/example_dags/example_sla_dag.py for tasks to queue
[2024-11-12T10:25:27.913+0000] {logging_mixin.py:190} INFO - [2024-11-12T10:25:27.912+0000] {dagbag.py:588} INFO - Filling up the DagBag from /home/airflow/.local/lib/python3.12/site-packages/airflow/example_dags/example_sla_dag.py
[2024-11-12T10:25:27.931+0000] {processor.py:925} INFO - DAG(s) 'example_sla_dag' retrieved from /home/airflow/.local/lib/python3.12/site-packages/airflow/example_dags/example_sla_dag.py
[2024-11-12T10:25:27.964+0000] {logging_mixin.py:190} INFO - [2024-11-12T10:25:27.963+0000] {dag.py:3239} INFO - Sync 1 DAGs
[2024-11-12T10:25:28.023+0000] {logging_mixin.py:190} INFO - [2024-11-12T10:25:28.023+0000] {dag.py:4180} INFO - Setting next_dagrun for example_sla_dag to 2024-11-12 10:22:00+00:00, run_after=2024-11-12 10:24:00+00:00
[2024-11-12T10:25:28.064+0000] {processor.py:208} INFO - Processing /home/airflow/.local/lib/python3.12/site-packages/airflow/example_dags/example_sla_dag.py took 0.166 seconds
[2024-11-12T10:25:59.074+0000] {processor.py:186} INFO - Started process (PID=14111) to work on /home/airflow/.local/lib/python3.12/site-packages/airflow/example_dags/example_sla_dag.py
[2024-11-12T10:25:59.076+0000] {processor.py:914} INFO - Processing file /home/airflow/.local/lib/python3.12/site-packages/airflow/example_dags/example_sla_dag.py for tasks to queue
[2024-11-12T10:25:59.078+0000] {logging_mixin.py:190} INFO - [2024-11-12T10:25:59.077+0000] {dagbag.py:588} INFO - Filling up the DagBag from /home/airflow/.local/lib/python3.12/site-packages/airflow/example_dags/example_sla_dag.py
[2024-11-12T10:25:59.092+0000] {processor.py:925} INFO - DAG(s) 'example_sla_dag' retrieved from /home/airflow/.local/lib/python3.12/site-packages/airflow/example_dags/example_sla_dag.py
[2024-11-12T10:25:59.120+0000] {logging_mixin.py:190} INFO - [2024-11-12T10:25:59.120+0000] {dag.py:3239} INFO - Sync 1 DAGs
[2024-11-12T10:25:59.155+0000] {logging_mixin.py:190} INFO - [2024-11-12T10:25:59.154+0000] {dag.py:4180} INFO - Setting next_dagrun for example_sla_dag to 2024-11-12 10:22:00+00:00, run_after=2024-11-12 10:24:00+00:00
[2024-11-12T10:25:59.181+0000] {processor.py:208} INFO - Processing /home/airflow/.local/lib/python3.12/site-packages/airflow/example_dags/example_sla_dag.py took 0.115 seconds
[2024-11-12T10:26:29.655+0000] {processor.py:186} INFO - Started process (PID=14175) to work on /home/airflow/.local/lib/python3.12/site-packages/airflow/example_dags/example_sla_dag.py
[2024-11-12T10:26:29.656+0000] {processor.py:914} INFO - Processing file /home/airflow/.local/lib/python3.12/site-packages/airflow/example_dags/example_sla_dag.py for tasks to queue
[2024-11-12T10:26:29.658+0000] {logging_mixin.py:190} INFO - [2024-11-12T10:26:29.658+0000] {dagbag.py:588} INFO - Filling up the DagBag from /home/airflow/.local/lib/python3.12/site-packages/airflow/example_dags/example_sla_dag.py
[2024-11-12T10:26:29.674+0000] {processor.py:925} INFO - DAG(s) 'example_sla_dag' retrieved from /home/airflow/.local/lib/python3.12/site-packages/airflow/example_dags/example_sla_dag.py
[2024-11-12T10:26:29.715+0000] {logging_mixin.py:190} INFO - [2024-11-12T10:26:29.715+0000] {dag.py:3239} INFO - Sync 1 DAGs
[2024-11-12T10:26:29.760+0000] {logging_mixin.py:190} INFO - [2024-11-12T10:26:29.760+0000] {dag.py:4180} INFO - Setting next_dagrun for example_sla_dag to 2024-11-12 10:24:00+00:00, run_after=2024-11-12 10:26:00+00:00
[2024-11-12T10:26:29.797+0000] {processor.py:208} INFO - Processing /home/airflow/.local/lib/python3.12/site-packages/airflow/example_dags/example_sla_dag.py took 0.152 seconds
[2024-11-12T10:27:00.388+0000] {processor.py:186} INFO - Started process (PID=14238) to work on /home/airflow/.local/lib/python3.12/site-packages/airflow/example_dags/example_sla_dag.py
[2024-11-12T10:27:00.390+0000] {processor.py:914} INFO - Processing file /home/airflow/.local/lib/python3.12/site-packages/airflow/example_dags/example_sla_dag.py for tasks to queue
[2024-11-12T10:27:00.392+0000] {logging_mixin.py:190} INFO - [2024-11-12T10:27:00.391+0000] {dagbag.py:588} INFO - Filling up the DagBag from /home/airflow/.local/lib/python3.12/site-packages/airflow/example_dags/example_sla_dag.py
[2024-11-12T10:27:00.406+0000] {processor.py:925} INFO - DAG(s) 'example_sla_dag' retrieved from /home/airflow/.local/lib/python3.12/site-packages/airflow/example_dags/example_sla_dag.py
[2024-11-12T10:27:00.435+0000] {logging_mixin.py:190} INFO - [2024-11-12T10:27:00.434+0000] {dag.py:3239} INFO - Sync 1 DAGs
[2024-11-12T10:27:00.470+0000] {logging_mixin.py:190} INFO - [2024-11-12T10:27:00.470+0000] {dag.py:4180} INFO - Setting next_dagrun for example_sla_dag to 2024-11-12 10:24:00+00:00, run_after=2024-11-12 10:26:00+00:00
[2024-11-12T10:27:00.498+0000] {processor.py:208} INFO - Processing /home/airflow/.local/lib/python3.12/site-packages/airflow/example_dags/example_sla_dag.py took 0.119 seconds
[2024-11-12T10:27:30.621+0000] {processor.py:186} INFO - Started process (PID=14301) to work on /home/airflow/.local/lib/python3.12/site-packages/airflow/example_dags/example_sla_dag.py
[2024-11-12T10:27:30.622+0000] {processor.py:914} INFO - Processing file /home/airflow/.local/lib/python3.12/site-packages/airflow/example_dags/example_sla_dag.py for tasks to queue
[2024-11-12T10:27:30.625+0000] {logging_mixin.py:190} INFO - [2024-11-12T10:27:30.625+0000] {dagbag.py:588} INFO - Filling up the DagBag from /home/airflow/.local/lib/python3.12/site-packages/airflow/example_dags/example_sla_dag.py
[2024-11-12T10:27:30.642+0000] {processor.py:925} INFO - DAG(s) 'example_sla_dag' retrieved from /home/airflow/.local/lib/python3.12/site-packages/airflow/example_dags/example_sla_dag.py
[2024-11-12T10:27:30.670+0000] {logging_mixin.py:190} INFO - [2024-11-12T10:27:30.670+0000] {dag.py:3239} INFO - Sync 1 DAGs
[2024-11-12T10:27:30.708+0000] {logging_mixin.py:190} INFO - [2024-11-12T10:27:30.707+0000] {dag.py:4180} INFO - Setting next_dagrun for example_sla_dag to 2024-11-12 10:24:00+00:00, run_after=2024-11-12 10:26:00+00:00
[2024-11-12T10:27:30.737+0000] {processor.py:208} INFO - Processing /home/airflow/.local/lib/python3.12/site-packages/airflow/example_dags/example_sla_dag.py took 0.129 seconds
[2024-11-12T10:28:01.304+0000] {processor.py:186} INFO - Started process (PID=14364) to work on /home/airflow/.local/lib/python3.12/site-packages/airflow/example_dags/example_sla_dag.py
[2024-11-12T10:28:01.305+0000] {processor.py:914} INFO - Processing file /home/airflow/.local/lib/python3.12/site-packages/airflow/example_dags/example_sla_dag.py for tasks to queue
[2024-11-12T10:28:01.307+0000] {logging_mixin.py:190} INFO - [2024-11-12T10:28:01.307+0000] {dagbag.py:588} INFO - Filling up the DagBag from /home/airflow/.local/lib/python3.12/site-packages/airflow/example_dags/example_sla_dag.py
[2024-11-12T10:28:01.325+0000] {processor.py:925} INFO - DAG(s) 'example_sla_dag' retrieved from /home/airflow/.local/lib/python3.12/site-packages/airflow/example_dags/example_sla_dag.py
[2024-11-12T10:28:01.354+0000] {logging_mixin.py:190} INFO - [2024-11-12T10:28:01.354+0000] {dag.py:3239} INFO - Sync 1 DAGs
[2024-11-12T10:28:01.393+0000] {logging_mixin.py:190} INFO - [2024-11-12T10:28:01.393+0000] {dag.py:4180} INFO - Setting next_dagrun for example_sla_dag to 2024-11-12 10:26:00+00:00, run_after=2024-11-12 10:28:00+00:00
[2024-11-12T10:28:01.425+0000] {processor.py:208} INFO - Processing /home/airflow/.local/lib/python3.12/site-packages/airflow/example_dags/example_sla_dag.py took 0.130 seconds
