[2024-11-12T10:13:57.349+0000] {processor.py:186} INFO - Started process (PID=12637) to work on /home/airflow/.local/lib/python3.12/site-packages/airflow/example_dags/example_dynamic_task_mapping.py
[2024-11-12T10:13:57.350+0000] {processor.py:914} INFO - Processing file /home/airflow/.local/lib/python3.12/site-packages/airflow/example_dags/example_dynamic_task_mapping.py for tasks to queue
[2024-11-12T10:13:57.352+0000] {logging_mixin.py:190} INFO - [2024-11-12T10:13:57.352+0000] {dagbag.py:588} INFO - Filling up the DagBag from /home/airflow/.local/lib/python3.12/site-packages/airflow/example_dags/example_dynamic_task_mapping.py
[2024-11-12T10:13:57.366+0000] {processor.py:925} INFO - DAG(s) 'example_dynamic_task_mapping' retrieved from /home/airflow/.local/lib/python3.12/site-packages/airflow/example_dags/example_dynamic_task_mapping.py
[2024-11-12T10:13:57.391+0000] {logging_mixin.py:190} INFO - [2024-11-12T10:13:57.390+0000] {dag.py:3239} INFO - Sync 1 DAGs
[2024-11-12T10:13:57.409+0000] {logging_mixin.py:190} INFO - [2024-11-12T10:13:57.409+0000] {dag.py:4180} INFO - Setting next_dagrun for example_dynamic_task_mapping to None, run_after=None
[2024-11-12T10:13:57.432+0000] {processor.py:208} INFO - Processing /home/airflow/.local/lib/python3.12/site-packages/airflow/example_dags/example_dynamic_task_mapping.py took 0.092 seconds
[2024-11-12T10:14:27.900+0000] {processor.py:186} INFO - Started process (PID=12699) to work on /home/airflow/.local/lib/python3.12/site-packages/airflow/example_dags/example_dynamic_task_mapping.py
[2024-11-12T10:14:27.945+0000] {processor.py:914} INFO - Processing file /home/airflow/.local/lib/python3.12/site-packages/airflow/example_dags/example_dynamic_task_mapping.py for tasks to queue
[2024-11-12T10:14:27.962+0000] {logging_mixin.py:190} INFO - [2024-11-12T10:14:27.961+0000] {dagbag.py:588} INFO - Filling up the DagBag from /home/airflow/.local/lib/python3.12/site-packages/airflow/example_dags/example_dynamic_task_mapping.py
[2024-11-12T10:14:28.010+0000] {processor.py:925} INFO - DAG(s) 'example_dynamic_task_mapping' retrieved from /home/airflow/.local/lib/python3.12/site-packages/airflow/example_dags/example_dynamic_task_mapping.py
[2024-11-12T10:14:28.141+0000] {logging_mixin.py:190} INFO - [2024-11-12T10:14:28.140+0000] {dag.py:3239} INFO - Sync 1 DAGs
[2024-11-12T10:14:28.189+0000] {logging_mixin.py:190} INFO - [2024-11-12T10:14:28.188+0000] {dag.py:4180} INFO - Setting next_dagrun for example_dynamic_task_mapping to None, run_after=None
[2024-11-12T10:14:28.243+0000] {processor.py:208} INFO - Processing /home/airflow/.local/lib/python3.12/site-packages/airflow/example_dags/example_dynamic_task_mapping.py took 0.379 seconds
[2024-11-12T10:14:59.116+0000] {processor.py:186} INFO - Started process (PID=12761) to work on /home/airflow/.local/lib/python3.12/site-packages/airflow/example_dags/example_dynamic_task_mapping.py
[2024-11-12T10:14:59.119+0000] {processor.py:914} INFO - Processing file /home/airflow/.local/lib/python3.12/site-packages/airflow/example_dags/example_dynamic_task_mapping.py for tasks to queue
[2024-11-12T10:14:59.121+0000] {logging_mixin.py:190} INFO - [2024-11-12T10:14:59.121+0000] {dagbag.py:588} INFO - Filling up the DagBag from /home/airflow/.local/lib/python3.12/site-packages/airflow/example_dags/example_dynamic_task_mapping.py
[2024-11-12T10:14:59.134+0000] {processor.py:925} INFO - DAG(s) 'example_dynamic_task_mapping' retrieved from /home/airflow/.local/lib/python3.12/site-packages/airflow/example_dags/example_dynamic_task_mapping.py
[2024-11-12T10:14:59.163+0000] {logging_mixin.py:190} INFO - [2024-11-12T10:14:59.163+0000] {dag.py:3239} INFO - Sync 1 DAGs
[2024-11-12T10:14:59.182+0000] {logging_mixin.py:190} INFO - [2024-11-12T10:14:59.182+0000] {dag.py:4180} INFO - Setting next_dagrun for example_dynamic_task_mapping to None, run_after=None
[2024-11-12T10:14:59.206+0000] {processor.py:208} INFO - Processing /home/airflow/.local/lib/python3.12/site-packages/airflow/example_dags/example_dynamic_task_mapping.py took 0.100 seconds
[2024-11-12T10:15:29.619+0000] {processor.py:186} INFO - Started process (PID=12823) to work on /home/airflow/.local/lib/python3.12/site-packages/airflow/example_dags/example_dynamic_task_mapping.py
[2024-11-12T10:15:29.621+0000] {processor.py:914} INFO - Processing file /home/airflow/.local/lib/python3.12/site-packages/airflow/example_dags/example_dynamic_task_mapping.py for tasks to queue
[2024-11-12T10:15:29.622+0000] {logging_mixin.py:190} INFO - [2024-11-12T10:15:29.622+0000] {dagbag.py:588} INFO - Filling up the DagBag from /home/airflow/.local/lib/python3.12/site-packages/airflow/example_dags/example_dynamic_task_mapping.py
[2024-11-12T10:15:29.634+0000] {processor.py:925} INFO - DAG(s) 'example_dynamic_task_mapping' retrieved from /home/airflow/.local/lib/python3.12/site-packages/airflow/example_dags/example_dynamic_task_mapping.py
[2024-11-12T10:15:29.660+0000] {logging_mixin.py:190} INFO - [2024-11-12T10:15:29.660+0000] {dag.py:3239} INFO - Sync 1 DAGs
[2024-11-12T10:15:29.678+0000] {logging_mixin.py:190} INFO - [2024-11-12T10:15:29.678+0000] {dag.py:4180} INFO - Setting next_dagrun for example_dynamic_task_mapping to None, run_after=None
[2024-11-12T10:15:29.702+0000] {processor.py:208} INFO - Processing /home/airflow/.local/lib/python3.12/site-packages/airflow/example_dags/example_dynamic_task_mapping.py took 0.091 seconds
[2024-11-12T10:15:59.831+0000] {processor.py:186} INFO - Started process (PID=12886) to work on /home/airflow/.local/lib/python3.12/site-packages/airflow/example_dags/example_dynamic_task_mapping.py
[2024-11-12T10:15:59.833+0000] {processor.py:914} INFO - Processing file /home/airflow/.local/lib/python3.12/site-packages/airflow/example_dags/example_dynamic_task_mapping.py for tasks to queue
[2024-11-12T10:15:59.836+0000] {logging_mixin.py:190} INFO - [2024-11-12T10:15:59.835+0000] {dagbag.py:588} INFO - Filling up the DagBag from /home/airflow/.local/lib/python3.12/site-packages/airflow/example_dags/example_dynamic_task_mapping.py
[2024-11-12T10:15:59.850+0000] {processor.py:925} INFO - DAG(s) 'example_dynamic_task_mapping' retrieved from /home/airflow/.local/lib/python3.12/site-packages/airflow/example_dags/example_dynamic_task_mapping.py
[2024-11-12T10:15:59.880+0000] {logging_mixin.py:190} INFO - [2024-11-12T10:15:59.879+0000] {dag.py:3239} INFO - Sync 1 DAGs
[2024-11-12T10:15:59.903+0000] {logging_mixin.py:190} INFO - [2024-11-12T10:15:59.903+0000] {dag.py:4180} INFO - Setting next_dagrun for example_dynamic_task_mapping to None, run_after=None
[2024-11-12T10:15:59.933+0000] {processor.py:208} INFO - Processing /home/airflow/.local/lib/python3.12/site-packages/airflow/example_dags/example_dynamic_task_mapping.py took 0.112 seconds
[2024-11-12T10:16:30.253+0000] {processor.py:186} INFO - Started process (PID=12948) to work on /home/airflow/.local/lib/python3.12/site-packages/airflow/example_dags/example_dynamic_task_mapping.py
[2024-11-12T10:16:30.254+0000] {processor.py:914} INFO - Processing file /home/airflow/.local/lib/python3.12/site-packages/airflow/example_dags/example_dynamic_task_mapping.py for tasks to queue
[2024-11-12T10:16:30.256+0000] {logging_mixin.py:190} INFO - [2024-11-12T10:16:30.255+0000] {dagbag.py:588} INFO - Filling up the DagBag from /home/airflow/.local/lib/python3.12/site-packages/airflow/example_dags/example_dynamic_task_mapping.py
[2024-11-12T10:16:30.266+0000] {processor.py:925} INFO - DAG(s) 'example_dynamic_task_mapping' retrieved from /home/airflow/.local/lib/python3.12/site-packages/airflow/example_dags/example_dynamic_task_mapping.py
[2024-11-12T10:16:30.289+0000] {logging_mixin.py:190} INFO - [2024-11-12T10:16:30.289+0000] {dag.py:3239} INFO - Sync 1 DAGs
[2024-11-12T10:16:30.307+0000] {logging_mixin.py:190} INFO - [2024-11-12T10:16:30.306+0000] {dag.py:4180} INFO - Setting next_dagrun for example_dynamic_task_mapping to None, run_after=None
[2024-11-12T10:16:30.331+0000] {processor.py:208} INFO - Processing /home/airflow/.local/lib/python3.12/site-packages/airflow/example_dags/example_dynamic_task_mapping.py took 0.085 seconds
[2024-11-12T10:17:00.634+0000] {processor.py:186} INFO - Started process (PID=13010) to work on /home/airflow/.local/lib/python3.12/site-packages/airflow/example_dags/example_dynamic_task_mapping.py
[2024-11-12T10:17:00.635+0000] {processor.py:914} INFO - Processing file /home/airflow/.local/lib/python3.12/site-packages/airflow/example_dags/example_dynamic_task_mapping.py for tasks to queue
[2024-11-12T10:17:00.637+0000] {logging_mixin.py:190} INFO - [2024-11-12T10:17:00.637+0000] {dagbag.py:588} INFO - Filling up the DagBag from /home/airflow/.local/lib/python3.12/site-packages/airflow/example_dags/example_dynamic_task_mapping.py
[2024-11-12T10:17:00.650+0000] {processor.py:925} INFO - DAG(s) 'example_dynamic_task_mapping' retrieved from /home/airflow/.local/lib/python3.12/site-packages/airflow/example_dags/example_dynamic_task_mapping.py
[2024-11-12T10:17:00.676+0000] {logging_mixin.py:190} INFO - [2024-11-12T10:17:00.676+0000] {dag.py:3239} INFO - Sync 1 DAGs
[2024-11-12T10:17:00.696+0000] {logging_mixin.py:190} INFO - [2024-11-12T10:17:00.696+0000] {dag.py:4180} INFO - Setting next_dagrun for example_dynamic_task_mapping to None, run_after=None
[2024-11-12T10:17:00.723+0000] {processor.py:208} INFO - Processing /home/airflow/.local/lib/python3.12/site-packages/airflow/example_dags/example_dynamic_task_mapping.py took 0.096 seconds
[2024-11-12T10:17:30.826+0000] {processor.py:186} INFO - Started process (PID=13072) to work on /home/airflow/.local/lib/python3.12/site-packages/airflow/example_dags/example_dynamic_task_mapping.py
[2024-11-12T10:17:30.828+0000] {processor.py:914} INFO - Processing file /home/airflow/.local/lib/python3.12/site-packages/airflow/example_dags/example_dynamic_task_mapping.py for tasks to queue
[2024-11-12T10:17:30.830+0000] {logging_mixin.py:190} INFO - [2024-11-12T10:17:30.830+0000] {dagbag.py:588} INFO - Filling up the DagBag from /home/airflow/.local/lib/python3.12/site-packages/airflow/example_dags/example_dynamic_task_mapping.py
[2024-11-12T10:17:30.850+0000] {processor.py:925} INFO - DAG(s) 'example_dynamic_task_mapping' retrieved from /home/airflow/.local/lib/python3.12/site-packages/airflow/example_dags/example_dynamic_task_mapping.py
[2024-11-12T10:17:30.886+0000] {logging_mixin.py:190} INFO - [2024-11-12T10:17:30.886+0000] {dag.py:3239} INFO - Sync 1 DAGs
[2024-11-12T10:17:30.914+0000] {logging_mixin.py:190} INFO - [2024-11-12T10:17:30.913+0000] {dag.py:4180} INFO - Setting next_dagrun for example_dynamic_task_mapping to None, run_after=None
[2024-11-12T10:17:30.954+0000] {processor.py:208} INFO - Processing /home/airflow/.local/lib/python3.12/site-packages/airflow/example_dags/example_dynamic_task_mapping.py took 0.138 seconds
[2024-11-12T10:18:01.136+0000] {processor.py:186} INFO - Started process (PID=13134) to work on /home/airflow/.local/lib/python3.12/site-packages/airflow/example_dags/example_dynamic_task_mapping.py
[2024-11-12T10:18:01.138+0000] {processor.py:914} INFO - Processing file /home/airflow/.local/lib/python3.12/site-packages/airflow/example_dags/example_dynamic_task_mapping.py for tasks to queue
[2024-11-12T10:18:01.141+0000] {logging_mixin.py:190} INFO - [2024-11-12T10:18:01.140+0000] {dagbag.py:588} INFO - Filling up the DagBag from /home/airflow/.local/lib/python3.12/site-packages/airflow/example_dags/example_dynamic_task_mapping.py
[2024-11-12T10:18:01.154+0000] {processor.py:925} INFO - DAG(s) 'example_dynamic_task_mapping' retrieved from /home/airflow/.local/lib/python3.12/site-packages/airflow/example_dags/example_dynamic_task_mapping.py
[2024-11-12T10:18:01.183+0000] {logging_mixin.py:190} INFO - [2024-11-12T10:18:01.182+0000] {dag.py:3239} INFO - Sync 1 DAGs
[2024-11-12T10:18:01.203+0000] {logging_mixin.py:190} INFO - [2024-11-12T10:18:01.203+0000] {dag.py:4180} INFO - Setting next_dagrun for example_dynamic_task_mapping to None, run_after=None
[2024-11-12T10:18:01.232+0000] {processor.py:208} INFO - Processing /home/airflow/.local/lib/python3.12/site-packages/airflow/example_dags/example_dynamic_task_mapping.py took 0.105 seconds
[2024-11-12T10:18:31.312+0000] {processor.py:186} INFO - Started process (PID=13195) to work on /home/airflow/.local/lib/python3.12/site-packages/airflow/example_dags/example_dynamic_task_mapping.py
[2024-11-12T10:18:31.314+0000] {processor.py:914} INFO - Processing file /home/airflow/.local/lib/python3.12/site-packages/airflow/example_dags/example_dynamic_task_mapping.py for tasks to queue
[2024-11-12T10:18:31.316+0000] {logging_mixin.py:190} INFO - [2024-11-12T10:18:31.315+0000] {dagbag.py:588} INFO - Filling up the DagBag from /home/airflow/.local/lib/python3.12/site-packages/airflow/example_dags/example_dynamic_task_mapping.py
[2024-11-12T10:18:31.331+0000] {processor.py:925} INFO - DAG(s) 'example_dynamic_task_mapping' retrieved from /home/airflow/.local/lib/python3.12/site-packages/airflow/example_dags/example_dynamic_task_mapping.py
[2024-11-12T10:18:31.361+0000] {logging_mixin.py:190} INFO - [2024-11-12T10:18:31.361+0000] {dag.py:3239} INFO - Sync 1 DAGs
[2024-11-12T10:18:31.385+0000] {logging_mixin.py:190} INFO - [2024-11-12T10:18:31.385+0000] {dag.py:4180} INFO - Setting next_dagrun for example_dynamic_task_mapping to None, run_after=None
[2024-11-12T10:18:31.416+0000] {processor.py:208} INFO - Processing /home/airflow/.local/lib/python3.12/site-packages/airflow/example_dags/example_dynamic_task_mapping.py took 0.113 seconds
[2024-11-12T10:19:01.626+0000] {processor.py:186} INFO - Started process (PID=13257) to work on /home/airflow/.local/lib/python3.12/site-packages/airflow/example_dags/example_dynamic_task_mapping.py
[2024-11-12T10:19:01.628+0000] {processor.py:914} INFO - Processing file /home/airflow/.local/lib/python3.12/site-packages/airflow/example_dags/example_dynamic_task_mapping.py for tasks to queue
[2024-11-12T10:19:01.631+0000] {logging_mixin.py:190} INFO - [2024-11-12T10:19:01.630+0000] {dagbag.py:588} INFO - Filling up the DagBag from /home/airflow/.local/lib/python3.12/site-packages/airflow/example_dags/example_dynamic_task_mapping.py
[2024-11-12T10:19:01.649+0000] {processor.py:925} INFO - DAG(s) 'example_dynamic_task_mapping' retrieved from /home/airflow/.local/lib/python3.12/site-packages/airflow/example_dags/example_dynamic_task_mapping.py
[2024-11-12T10:19:01.693+0000] {logging_mixin.py:190} INFO - [2024-11-12T10:19:01.693+0000] {dag.py:3239} INFO - Sync 1 DAGs
[2024-11-12T10:19:01.724+0000] {logging_mixin.py:190} INFO - [2024-11-12T10:19:01.724+0000] {dag.py:4180} INFO - Setting next_dagrun for example_dynamic_task_mapping to None, run_after=None
[2024-11-12T10:19:01.763+0000] {processor.py:208} INFO - Processing /home/airflow/.local/lib/python3.12/site-packages/airflow/example_dags/example_dynamic_task_mapping.py took 0.146 seconds
[2024-11-12T10:19:31.883+0000] {processor.py:186} INFO - Started process (PID=13320) to work on /home/airflow/.local/lib/python3.12/site-packages/airflow/example_dags/example_dynamic_task_mapping.py
[2024-11-12T10:19:31.884+0000] {processor.py:914} INFO - Processing file /home/airflow/.local/lib/python3.12/site-packages/airflow/example_dags/example_dynamic_task_mapping.py for tasks to queue
[2024-11-12T10:19:31.886+0000] {logging_mixin.py:190} INFO - [2024-11-12T10:19:31.885+0000] {dagbag.py:588} INFO - Filling up the DagBag from /home/airflow/.local/lib/python3.12/site-packages/airflow/example_dags/example_dynamic_task_mapping.py
[2024-11-12T10:19:31.897+0000] {processor.py:925} INFO - DAG(s) 'example_dynamic_task_mapping' retrieved from /home/airflow/.local/lib/python3.12/site-packages/airflow/example_dags/example_dynamic_task_mapping.py
[2024-11-12T10:19:31.924+0000] {logging_mixin.py:190} INFO - [2024-11-12T10:19:31.923+0000] {dag.py:3239} INFO - Sync 1 DAGs
[2024-11-12T10:19:31.942+0000] {logging_mixin.py:190} INFO - [2024-11-12T10:19:31.941+0000] {dag.py:4180} INFO - Setting next_dagrun for example_dynamic_task_mapping to None, run_after=None
[2024-11-12T10:19:31.966+0000] {processor.py:208} INFO - Processing /home/airflow/.local/lib/python3.12/site-packages/airflow/example_dags/example_dynamic_task_mapping.py took 0.090 seconds
[2024-11-12T10:20:02.283+0000] {processor.py:186} INFO - Started process (PID=13383) to work on /home/airflow/.local/lib/python3.12/site-packages/airflow/example_dags/example_dynamic_task_mapping.py
[2024-11-12T10:20:02.284+0000] {processor.py:914} INFO - Processing file /home/airflow/.local/lib/python3.12/site-packages/airflow/example_dags/example_dynamic_task_mapping.py for tasks to queue
[2024-11-12T10:20:02.286+0000] {logging_mixin.py:190} INFO - [2024-11-12T10:20:02.286+0000] {dagbag.py:588} INFO - Filling up the DagBag from /home/airflow/.local/lib/python3.12/site-packages/airflow/example_dags/example_dynamic_task_mapping.py
[2024-11-12T10:20:02.302+0000] {processor.py:925} INFO - DAG(s) 'example_dynamic_task_mapping' retrieved from /home/airflow/.local/lib/python3.12/site-packages/airflow/example_dags/example_dynamic_task_mapping.py
[2024-11-12T10:20:02.331+0000] {logging_mixin.py:190} INFO - [2024-11-12T10:20:02.330+0000] {dag.py:3239} INFO - Sync 1 DAGs
[2024-11-12T10:20:02.354+0000] {logging_mixin.py:190} INFO - [2024-11-12T10:20:02.353+0000] {dag.py:4180} INFO - Setting next_dagrun for example_dynamic_task_mapping to None, run_after=None
[2024-11-12T10:20:02.377+0000] {processor.py:208} INFO - Processing /home/airflow/.local/lib/python3.12/site-packages/airflow/example_dags/example_dynamic_task_mapping.py took 0.101 seconds
[2024-11-12T10:20:32.909+0000] {processor.py:186} INFO - Started process (PID=13446) to work on /home/airflow/.local/lib/python3.12/site-packages/airflow/example_dags/example_dynamic_task_mapping.py
[2024-11-12T10:20:32.911+0000] {processor.py:914} INFO - Processing file /home/airflow/.local/lib/python3.12/site-packages/airflow/example_dags/example_dynamic_task_mapping.py for tasks to queue
[2024-11-12T10:20:32.912+0000] {logging_mixin.py:190} INFO - [2024-11-12T10:20:32.912+0000] {dagbag.py:588} INFO - Filling up the DagBag from /home/airflow/.local/lib/python3.12/site-packages/airflow/example_dags/example_dynamic_task_mapping.py
[2024-11-12T10:20:32.924+0000] {processor.py:925} INFO - DAG(s) 'example_dynamic_task_mapping' retrieved from /home/airflow/.local/lib/python3.12/site-packages/airflow/example_dags/example_dynamic_task_mapping.py
[2024-11-12T10:20:32.950+0000] {logging_mixin.py:190} INFO - [2024-11-12T10:20:32.950+0000] {dag.py:3239} INFO - Sync 1 DAGs
[2024-11-12T10:20:32.974+0000] {logging_mixin.py:190} INFO - [2024-11-12T10:20:32.974+0000] {dag.py:4180} INFO - Setting next_dagrun for example_dynamic_task_mapping to None, run_after=None
[2024-11-12T10:20:32.999+0000] {processor.py:208} INFO - Processing /home/airflow/.local/lib/python3.12/site-packages/airflow/example_dags/example_dynamic_task_mapping.py took 0.098 seconds
[2024-11-12T10:21:03.217+0000] {processor.py:186} INFO - Started process (PID=13509) to work on /home/airflow/.local/lib/python3.12/site-packages/airflow/example_dags/example_dynamic_task_mapping.py
[2024-11-12T10:21:03.219+0000] {processor.py:914} INFO - Processing file /home/airflow/.local/lib/python3.12/site-packages/airflow/example_dags/example_dynamic_task_mapping.py for tasks to queue
[2024-11-12T10:21:03.220+0000] {logging_mixin.py:190} INFO - [2024-11-12T10:21:03.220+0000] {dagbag.py:588} INFO - Filling up the DagBag from /home/airflow/.local/lib/python3.12/site-packages/airflow/example_dags/example_dynamic_task_mapping.py
[2024-11-12T10:21:03.235+0000] {processor.py:925} INFO - DAG(s) 'example_dynamic_task_mapping' retrieved from /home/airflow/.local/lib/python3.12/site-packages/airflow/example_dags/example_dynamic_task_mapping.py
[2024-11-12T10:21:03.267+0000] {logging_mixin.py:190} INFO - [2024-11-12T10:21:03.266+0000] {dag.py:3239} INFO - Sync 1 DAGs
[2024-11-12T10:21:03.286+0000] {logging_mixin.py:190} INFO - [2024-11-12T10:21:03.286+0000] {dag.py:4180} INFO - Setting next_dagrun for example_dynamic_task_mapping to None, run_after=None
[2024-11-12T10:21:03.312+0000] {processor.py:208} INFO - Processing /home/airflow/.local/lib/python3.12/site-packages/airflow/example_dags/example_dynamic_task_mapping.py took 0.104 seconds
[2024-11-12T10:21:33.722+0000] {processor.py:186} INFO - Started process (PID=13572) to work on /home/airflow/.local/lib/python3.12/site-packages/airflow/example_dags/example_dynamic_task_mapping.py
[2024-11-12T10:21:33.723+0000] {processor.py:914} INFO - Processing file /home/airflow/.local/lib/python3.12/site-packages/airflow/example_dags/example_dynamic_task_mapping.py for tasks to queue
[2024-11-12T10:21:33.726+0000] {logging_mixin.py:190} INFO - [2024-11-12T10:21:33.726+0000] {dagbag.py:588} INFO - Filling up the DagBag from /home/airflow/.local/lib/python3.12/site-packages/airflow/example_dags/example_dynamic_task_mapping.py
[2024-11-12T10:21:33.743+0000] {processor.py:925} INFO - DAG(s) 'example_dynamic_task_mapping' retrieved from /home/airflow/.local/lib/python3.12/site-packages/airflow/example_dags/example_dynamic_task_mapping.py
[2024-11-12T10:21:33.775+0000] {logging_mixin.py:190} INFO - [2024-11-12T10:21:33.774+0000] {dag.py:3239} INFO - Sync 1 DAGs
[2024-11-12T10:21:33.801+0000] {logging_mixin.py:190} INFO - [2024-11-12T10:21:33.801+0000] {dag.py:4180} INFO - Setting next_dagrun for example_dynamic_task_mapping to None, run_after=None
[2024-11-12T10:21:33.833+0000] {processor.py:208} INFO - Processing /home/airflow/.local/lib/python3.12/site-packages/airflow/example_dags/example_dynamic_task_mapping.py took 0.123 seconds
[2024-11-12T10:22:04.621+0000] {processor.py:186} INFO - Started process (PID=13635) to work on /home/airflow/.local/lib/python3.12/site-packages/airflow/example_dags/example_dynamic_task_mapping.py
[2024-11-12T10:22:04.623+0000] {processor.py:914} INFO - Processing file /home/airflow/.local/lib/python3.12/site-packages/airflow/example_dags/example_dynamic_task_mapping.py for tasks to queue
[2024-11-12T10:22:04.626+0000] {logging_mixin.py:190} INFO - [2024-11-12T10:22:04.626+0000] {dagbag.py:588} INFO - Filling up the DagBag from /home/airflow/.local/lib/python3.12/site-packages/airflow/example_dags/example_dynamic_task_mapping.py
[2024-11-12T10:22:04.642+0000] {processor.py:925} INFO - DAG(s) 'example_dynamic_task_mapping' retrieved from /home/airflow/.local/lib/python3.12/site-packages/airflow/example_dags/example_dynamic_task_mapping.py
[2024-11-12T10:22:04.678+0000] {logging_mixin.py:190} INFO - [2024-11-12T10:22:04.678+0000] {dag.py:3239} INFO - Sync 1 DAGs
[2024-11-12T10:22:04.726+0000] {logging_mixin.py:190} INFO - [2024-11-12T10:22:04.725+0000] {dag.py:4180} INFO - Setting next_dagrun for example_dynamic_task_mapping to None, run_after=None
[2024-11-12T10:22:04.800+0000] {processor.py:208} INFO - Processing /home/airflow/.local/lib/python3.12/site-packages/airflow/example_dags/example_dynamic_task_mapping.py took 0.191 seconds
[2024-11-12T10:22:34.986+0000] {processor.py:186} INFO - Started process (PID=13698) to work on /home/airflow/.local/lib/python3.12/site-packages/airflow/example_dags/example_dynamic_task_mapping.py
[2024-11-12T10:22:34.987+0000] {processor.py:914} INFO - Processing file /home/airflow/.local/lib/python3.12/site-packages/airflow/example_dags/example_dynamic_task_mapping.py for tasks to queue
[2024-11-12T10:22:34.989+0000] {logging_mixin.py:190} INFO - [2024-11-12T10:22:34.989+0000] {dagbag.py:588} INFO - Filling up the DagBag from /home/airflow/.local/lib/python3.12/site-packages/airflow/example_dags/example_dynamic_task_mapping.py
[2024-11-12T10:22:35.001+0000] {processor.py:925} INFO - DAG(s) 'example_dynamic_task_mapping' retrieved from /home/airflow/.local/lib/python3.12/site-packages/airflow/example_dags/example_dynamic_task_mapping.py
[2024-11-12T10:22:35.026+0000] {logging_mixin.py:190} INFO - [2024-11-12T10:22:35.026+0000] {dag.py:3239} INFO - Sync 1 DAGs
[2024-11-12T10:22:35.045+0000] {logging_mixin.py:190} INFO - [2024-11-12T10:22:35.045+0000] {dag.py:4180} INFO - Setting next_dagrun for example_dynamic_task_mapping to None, run_after=None
[2024-11-12T10:22:35.074+0000] {processor.py:208} INFO - Processing /home/airflow/.local/lib/python3.12/site-packages/airflow/example_dags/example_dynamic_task_mapping.py took 0.095 seconds
[2024-11-12T10:23:05.684+0000] {processor.py:186} INFO - Started process (PID=13761) to work on /home/airflow/.local/lib/python3.12/site-packages/airflow/example_dags/example_dynamic_task_mapping.py
[2024-11-12T10:23:05.686+0000] {processor.py:914} INFO - Processing file /home/airflow/.local/lib/python3.12/site-packages/airflow/example_dags/example_dynamic_task_mapping.py for tasks to queue
[2024-11-12T10:23:05.688+0000] {logging_mixin.py:190} INFO - [2024-11-12T10:23:05.688+0000] {dagbag.py:588} INFO - Filling up the DagBag from /home/airflow/.local/lib/python3.12/site-packages/airflow/example_dags/example_dynamic_task_mapping.py
[2024-11-12T10:23:05.700+0000] {processor.py:925} INFO - DAG(s) 'example_dynamic_task_mapping' retrieved from /home/airflow/.local/lib/python3.12/site-packages/airflow/example_dags/example_dynamic_task_mapping.py
[2024-11-12T10:23:05.729+0000] {logging_mixin.py:190} INFO - [2024-11-12T10:23:05.729+0000] {dag.py:3239} INFO - Sync 1 DAGs
[2024-11-12T10:23:05.753+0000] {logging_mixin.py:190} INFO - [2024-11-12T10:23:05.752+0000] {dag.py:4180} INFO - Setting next_dagrun for example_dynamic_task_mapping to None, run_after=None
[2024-11-12T10:23:05.787+0000] {processor.py:208} INFO - Processing /home/airflow/.local/lib/python3.12/site-packages/airflow/example_dags/example_dynamic_task_mapping.py took 0.110 seconds
[2024-11-12T10:23:36.071+0000] {processor.py:186} INFO - Started process (PID=13824) to work on /home/airflow/.local/lib/python3.12/site-packages/airflow/example_dags/example_dynamic_task_mapping.py
[2024-11-12T10:23:36.073+0000] {processor.py:914} INFO - Processing file /home/airflow/.local/lib/python3.12/site-packages/airflow/example_dags/example_dynamic_task_mapping.py for tasks to queue
[2024-11-12T10:23:36.075+0000] {logging_mixin.py:190} INFO - [2024-11-12T10:23:36.075+0000] {dagbag.py:588} INFO - Filling up the DagBag from /home/airflow/.local/lib/python3.12/site-packages/airflow/example_dags/example_dynamic_task_mapping.py
[2024-11-12T10:23:36.087+0000] {processor.py:925} INFO - DAG(s) 'example_dynamic_task_mapping' retrieved from /home/airflow/.local/lib/python3.12/site-packages/airflow/example_dags/example_dynamic_task_mapping.py
[2024-11-12T10:23:36.111+0000] {logging_mixin.py:190} INFO - [2024-11-12T10:23:36.110+0000] {dag.py:3239} INFO - Sync 1 DAGs
[2024-11-12T10:23:36.128+0000] {logging_mixin.py:190} INFO - [2024-11-12T10:23:36.127+0000] {dag.py:4180} INFO - Setting next_dagrun for example_dynamic_task_mapping to None, run_after=None
[2024-11-12T10:23:36.153+0000] {processor.py:208} INFO - Processing /home/airflow/.local/lib/python3.12/site-packages/airflow/example_dags/example_dynamic_task_mapping.py took 0.089 seconds
[2024-11-12T10:24:06.680+0000] {processor.py:186} INFO - Started process (PID=13887) to work on /home/airflow/.local/lib/python3.12/site-packages/airflow/example_dags/example_dynamic_task_mapping.py
[2024-11-12T10:24:06.682+0000] {processor.py:914} INFO - Processing file /home/airflow/.local/lib/python3.12/site-packages/airflow/example_dags/example_dynamic_task_mapping.py for tasks to queue
[2024-11-12T10:24:06.683+0000] {logging_mixin.py:190} INFO - [2024-11-12T10:24:06.683+0000] {dagbag.py:588} INFO - Filling up the DagBag from /home/airflow/.local/lib/python3.12/site-packages/airflow/example_dags/example_dynamic_task_mapping.py
[2024-11-12T10:24:06.696+0000] {processor.py:925} INFO - DAG(s) 'example_dynamic_task_mapping' retrieved from /home/airflow/.local/lib/python3.12/site-packages/airflow/example_dags/example_dynamic_task_mapping.py
[2024-11-12T10:24:06.723+0000] {logging_mixin.py:190} INFO - [2024-11-12T10:24:06.723+0000] {dag.py:3239} INFO - Sync 1 DAGs
[2024-11-12T10:24:06.743+0000] {logging_mixin.py:190} INFO - [2024-11-12T10:24:06.743+0000] {dag.py:4180} INFO - Setting next_dagrun for example_dynamic_task_mapping to None, run_after=None
[2024-11-12T10:24:06.771+0000] {processor.py:208} INFO - Processing /home/airflow/.local/lib/python3.12/site-packages/airflow/example_dags/example_dynamic_task_mapping.py took 0.097 seconds
