[2024-11-12T10:13:44.796+0000] {processor.py:186} INFO - Started process (PID=12616) to work on /home/airflow/.local/lib/python3.12/site-packages/airflow/example_dags/example_setup_teardown.py
[2024-11-12T10:13:44.798+0000] {processor.py:914} INFO - Processing file /home/airflow/.local/lib/python3.12/site-packages/airflow/example_dags/example_setup_teardown.py for tasks to queue
[2024-11-12T10:13:44.800+0000] {logging_mixin.py:190} INFO - [2024-11-12T10:13:44.800+0000] {dagbag.py:588} INFO - Filling up the DagBag from /home/airflow/.local/lib/python3.12/site-packages/airflow/example_dags/example_setup_teardown.py
[2024-11-12T10:13:44.817+0000] {processor.py:925} INFO - DAG(s) 'example_setup_teardown' retrieved from /home/airflow/.local/lib/python3.12/site-packages/airflow/example_dags/example_setup_teardown.py
[2024-11-12T10:13:44.853+0000] {logging_mixin.py:190} INFO - [2024-11-12T10:13:44.853+0000] {dag.py:3239} INFO - Sync 1 DAGs
[2024-11-12T10:13:44.889+0000] {logging_mixin.py:190} INFO - [2024-11-12T10:13:44.888+0000] {dag.py:4180} INFO - Setting next_dagrun for example_setup_teardown to None, run_after=None
[2024-11-12T10:13:44.923+0000] {processor.py:208} INFO - Processing /home/airflow/.local/lib/python3.12/site-packages/airflow/example_dags/example_setup_teardown.py took 0.137 seconds
[2024-11-12T10:14:15.747+0000] {processor.py:186} INFO - Started process (PID=12678) to work on /home/airflow/.local/lib/python3.12/site-packages/airflow/example_dags/example_setup_teardown.py
[2024-11-12T10:14:15.749+0000] {processor.py:914} INFO - Processing file /home/airflow/.local/lib/python3.12/site-packages/airflow/example_dags/example_setup_teardown.py for tasks to queue
[2024-11-12T10:14:15.751+0000] {logging_mixin.py:190} INFO - [2024-11-12T10:14:15.751+0000] {dagbag.py:588} INFO - Filling up the DagBag from /home/airflow/.local/lib/python3.12/site-packages/airflow/example_dags/example_setup_teardown.py
[2024-11-12T10:14:15.764+0000] {processor.py:925} INFO - DAG(s) 'example_setup_teardown' retrieved from /home/airflow/.local/lib/python3.12/site-packages/airflow/example_dags/example_setup_teardown.py
[2024-11-12T10:14:15.793+0000] {logging_mixin.py:190} INFO - [2024-11-12T10:14:15.793+0000] {dag.py:3239} INFO - Sync 1 DAGs
[2024-11-12T10:14:15.814+0000] {logging_mixin.py:190} INFO - [2024-11-12T10:14:15.813+0000] {dag.py:4180} INFO - Setting next_dagrun for example_setup_teardown to None, run_after=None
[2024-11-12T10:14:15.839+0000] {processor.py:208} INFO - Processing /home/airflow/.local/lib/python3.12/site-packages/airflow/example_dags/example_setup_teardown.py took 0.100 seconds
[2024-11-12T10:14:46.698+0000] {processor.py:186} INFO - Started process (PID=12740) to work on /home/airflow/.local/lib/python3.12/site-packages/airflow/example_dags/example_setup_teardown.py
[2024-11-12T10:14:46.701+0000] {processor.py:914} INFO - Processing file /home/airflow/.local/lib/python3.12/site-packages/airflow/example_dags/example_setup_teardown.py for tasks to queue
[2024-11-12T10:14:46.704+0000] {logging_mixin.py:190} INFO - [2024-11-12T10:14:46.703+0000] {dagbag.py:588} INFO - Filling up the DagBag from /home/airflow/.local/lib/python3.12/site-packages/airflow/example_dags/example_setup_teardown.py
[2024-11-12T10:14:46.731+0000] {processor.py:925} INFO - DAG(s) 'example_setup_teardown' retrieved from /home/airflow/.local/lib/python3.12/site-packages/airflow/example_dags/example_setup_teardown.py
[2024-11-12T10:14:46.779+0000] {logging_mixin.py:190} INFO - [2024-11-12T10:14:46.779+0000] {dag.py:3239} INFO - Sync 1 DAGs
[2024-11-12T10:14:46.810+0000] {logging_mixin.py:190} INFO - [2024-11-12T10:14:46.809+0000] {dag.py:4180} INFO - Setting next_dagrun for example_setup_teardown to None, run_after=None
[2024-11-12T10:14:46.850+0000] {processor.py:208} INFO - Processing /home/airflow/.local/lib/python3.12/site-packages/airflow/example_dags/example_setup_teardown.py took 0.169 seconds
[2024-11-12T10:15:18.408+0000] {processor.py:186} INFO - Started process (PID=12803) to work on /home/airflow/.local/lib/python3.12/site-packages/airflow/example_dags/example_setup_teardown.py
[2024-11-12T10:15:18.419+0000] {processor.py:914} INFO - Processing file /home/airflow/.local/lib/python3.12/site-packages/airflow/example_dags/example_setup_teardown.py for tasks to queue
[2024-11-12T10:15:18.424+0000] {logging_mixin.py:190} INFO - [2024-11-12T10:15:18.423+0000] {dagbag.py:588} INFO - Filling up the DagBag from /home/airflow/.local/lib/python3.12/site-packages/airflow/example_dags/example_setup_teardown.py
[2024-11-12T10:15:18.460+0000] {processor.py:925} INFO - DAG(s) 'example_setup_teardown' retrieved from /home/airflow/.local/lib/python3.12/site-packages/airflow/example_dags/example_setup_teardown.py
[2024-11-12T10:15:18.569+0000] {logging_mixin.py:190} INFO - [2024-11-12T10:15:18.568+0000] {dag.py:3239} INFO - Sync 1 DAGs
[2024-11-12T10:15:18.663+0000] {logging_mixin.py:190} INFO - [2024-11-12T10:15:18.651+0000] {dag.py:4180} INFO - Setting next_dagrun for example_setup_teardown to None, run_after=None
[2024-11-12T10:15:18.744+0000] {processor.py:208} INFO - Processing /home/airflow/.local/lib/python3.12/site-packages/airflow/example_dags/example_setup_teardown.py took 0.372 seconds
[2024-11-12T10:15:49.435+0000] {processor.py:186} INFO - Started process (PID=12866) to work on /home/airflow/.local/lib/python3.12/site-packages/airflow/example_dags/example_setup_teardown.py
[2024-11-12T10:15:49.437+0000] {processor.py:914} INFO - Processing file /home/airflow/.local/lib/python3.12/site-packages/airflow/example_dags/example_setup_teardown.py for tasks to queue
[2024-11-12T10:15:49.440+0000] {logging_mixin.py:190} INFO - [2024-11-12T10:15:49.439+0000] {dagbag.py:588} INFO - Filling up the DagBag from /home/airflow/.local/lib/python3.12/site-packages/airflow/example_dags/example_setup_teardown.py
[2024-11-12T10:15:49.453+0000] {processor.py:925} INFO - DAG(s) 'example_setup_teardown' retrieved from /home/airflow/.local/lib/python3.12/site-packages/airflow/example_dags/example_setup_teardown.py
[2024-11-12T10:15:49.484+0000] {logging_mixin.py:190} INFO - [2024-11-12T10:15:49.484+0000] {dag.py:3239} INFO - Sync 1 DAGs
[2024-11-12T10:15:49.509+0000] {logging_mixin.py:190} INFO - [2024-11-12T10:15:49.509+0000] {dag.py:4180} INFO - Setting next_dagrun for example_setup_teardown to None, run_after=None
[2024-11-12T10:15:49.539+0000] {processor.py:208} INFO - Processing /home/airflow/.local/lib/python3.12/site-packages/airflow/example_dags/example_setup_teardown.py took 0.112 seconds
[2024-11-12T10:16:19.997+0000] {processor.py:186} INFO - Started process (PID=12928) to work on /home/airflow/.local/lib/python3.12/site-packages/airflow/example_dags/example_setup_teardown.py
[2024-11-12T10:16:19.999+0000] {processor.py:914} INFO - Processing file /home/airflow/.local/lib/python3.12/site-packages/airflow/example_dags/example_setup_teardown.py for tasks to queue
[2024-11-12T10:16:20.001+0000] {logging_mixin.py:190} INFO - [2024-11-12T10:16:20.000+0000] {dagbag.py:588} INFO - Filling up the DagBag from /home/airflow/.local/lib/python3.12/site-packages/airflow/example_dags/example_setup_teardown.py
[2024-11-12T10:16:20.015+0000] {processor.py:925} INFO - DAG(s) 'example_setup_teardown' retrieved from /home/airflow/.local/lib/python3.12/site-packages/airflow/example_dags/example_setup_teardown.py
[2024-11-12T10:16:20.050+0000] {logging_mixin.py:190} INFO - [2024-11-12T10:16:20.050+0000] {dag.py:3239} INFO - Sync 1 DAGs
[2024-11-12T10:16:20.079+0000] {logging_mixin.py:190} INFO - [2024-11-12T10:16:20.078+0000] {dag.py:4180} INFO - Setting next_dagrun for example_setup_teardown to None, run_after=None
[2024-11-12T10:16:20.113+0000] {processor.py:208} INFO - Processing /home/airflow/.local/lib/python3.12/site-packages/airflow/example_dags/example_setup_teardown.py took 0.126 seconds
[2024-11-12T10:16:50.489+0000] {processor.py:186} INFO - Started process (PID=12990) to work on /home/airflow/.local/lib/python3.12/site-packages/airflow/example_dags/example_setup_teardown.py
[2024-11-12T10:16:50.491+0000] {processor.py:914} INFO - Processing file /home/airflow/.local/lib/python3.12/site-packages/airflow/example_dags/example_setup_teardown.py for tasks to queue
[2024-11-12T10:16:50.494+0000] {logging_mixin.py:190} INFO - [2024-11-12T10:16:50.493+0000] {dagbag.py:588} INFO - Filling up the DagBag from /home/airflow/.local/lib/python3.12/site-packages/airflow/example_dags/example_setup_teardown.py
[2024-11-12T10:16:50.517+0000] {processor.py:925} INFO - DAG(s) 'example_setup_teardown' retrieved from /home/airflow/.local/lib/python3.12/site-packages/airflow/example_dags/example_setup_teardown.py
[2024-11-12T10:16:50.567+0000] {logging_mixin.py:190} INFO - [2024-11-12T10:16:50.566+0000] {dag.py:3239} INFO - Sync 1 DAGs
[2024-11-12T10:16:50.595+0000] {logging_mixin.py:190} INFO - [2024-11-12T10:16:50.595+0000] {dag.py:4180} INFO - Setting next_dagrun for example_setup_teardown to None, run_after=None
[2024-11-12T10:16:50.636+0000] {processor.py:208} INFO - Processing /home/airflow/.local/lib/python3.12/site-packages/airflow/example_dags/example_setup_teardown.py took 0.166 seconds
[2024-11-12T10:17:21.213+0000] {processor.py:186} INFO - Started process (PID=13052) to work on /home/airflow/.local/lib/python3.12/site-packages/airflow/example_dags/example_setup_teardown.py
[2024-11-12T10:17:21.215+0000] {processor.py:914} INFO - Processing file /home/airflow/.local/lib/python3.12/site-packages/airflow/example_dags/example_setup_teardown.py for tasks to queue
[2024-11-12T10:17:21.218+0000] {logging_mixin.py:190} INFO - [2024-11-12T10:17:21.218+0000] {dagbag.py:588} INFO - Filling up the DagBag from /home/airflow/.local/lib/python3.12/site-packages/airflow/example_dags/example_setup_teardown.py
[2024-11-12T10:17:21.234+0000] {processor.py:925} INFO - DAG(s) 'example_setup_teardown' retrieved from /home/airflow/.local/lib/python3.12/site-packages/airflow/example_dags/example_setup_teardown.py
[2024-11-12T10:17:21.263+0000] {logging_mixin.py:190} INFO - [2024-11-12T10:17:21.263+0000] {dag.py:3239} INFO - Sync 1 DAGs
[2024-11-12T10:17:21.285+0000] {logging_mixin.py:190} INFO - [2024-11-12T10:17:21.285+0000] {dag.py:4180} INFO - Setting next_dagrun for example_setup_teardown to None, run_after=None
[2024-11-12T10:17:21.314+0000] {processor.py:208} INFO - Processing /home/airflow/.local/lib/python3.12/site-packages/airflow/example_dags/example_setup_teardown.py took 0.111 seconds
[2024-11-12T10:17:51.531+0000] {processor.py:186} INFO - Started process (PID=13114) to work on /home/airflow/.local/lib/python3.12/site-packages/airflow/example_dags/example_setup_teardown.py
[2024-11-12T10:17:51.533+0000] {processor.py:914} INFO - Processing file /home/airflow/.local/lib/python3.12/site-packages/airflow/example_dags/example_setup_teardown.py for tasks to queue
[2024-11-12T10:17:51.535+0000] {logging_mixin.py:190} INFO - [2024-11-12T10:17:51.535+0000] {dagbag.py:588} INFO - Filling up the DagBag from /home/airflow/.local/lib/python3.12/site-packages/airflow/example_dags/example_setup_teardown.py
[2024-11-12T10:17:51.546+0000] {processor.py:925} INFO - DAG(s) 'example_setup_teardown' retrieved from /home/airflow/.local/lib/python3.12/site-packages/airflow/example_dags/example_setup_teardown.py
[2024-11-12T10:17:51.575+0000] {logging_mixin.py:190} INFO - [2024-11-12T10:17:51.575+0000] {dag.py:3239} INFO - Sync 1 DAGs
[2024-11-12T10:17:51.596+0000] {logging_mixin.py:190} INFO - [2024-11-12T10:17:51.595+0000] {dag.py:4180} INFO - Setting next_dagrun for example_setup_teardown to None, run_after=None
[2024-11-12T10:17:51.622+0000] {processor.py:208} INFO - Processing /home/airflow/.local/lib/python3.12/site-packages/airflow/example_dags/example_setup_teardown.py took 0.098 seconds
[2024-11-12T10:18:22.187+0000] {processor.py:186} INFO - Started process (PID=13176) to work on /home/airflow/.local/lib/python3.12/site-packages/airflow/example_dags/example_setup_teardown.py
[2024-11-12T10:18:22.189+0000] {processor.py:914} INFO - Processing file /home/airflow/.local/lib/python3.12/site-packages/airflow/example_dags/example_setup_teardown.py for tasks to queue
[2024-11-12T10:18:22.191+0000] {logging_mixin.py:190} INFO - [2024-11-12T10:18:22.191+0000] {dagbag.py:588} INFO - Filling up the DagBag from /home/airflow/.local/lib/python3.12/site-packages/airflow/example_dags/example_setup_teardown.py
[2024-11-12T10:18:22.205+0000] {processor.py:925} INFO - DAG(s) 'example_setup_teardown' retrieved from /home/airflow/.local/lib/python3.12/site-packages/airflow/example_dags/example_setup_teardown.py
[2024-11-12T10:18:22.239+0000] {logging_mixin.py:190} INFO - [2024-11-12T10:18:22.238+0000] {dag.py:3239} INFO - Sync 1 DAGs
[2024-11-12T10:18:22.270+0000] {logging_mixin.py:190} INFO - [2024-11-12T10:18:22.270+0000] {dag.py:4180} INFO - Setting next_dagrun for example_setup_teardown to None, run_after=None
[2024-11-12T10:18:22.304+0000] {processor.py:208} INFO - Processing /home/airflow/.local/lib/python3.12/site-packages/airflow/example_dags/example_setup_teardown.py took 0.126 seconds
[2024-11-12T10:18:52.709+0000] {processor.py:186} INFO - Started process (PID=13238) to work on /home/airflow/.local/lib/python3.12/site-packages/airflow/example_dags/example_setup_teardown.py
[2024-11-12T10:18:52.710+0000] {processor.py:914} INFO - Processing file /home/airflow/.local/lib/python3.12/site-packages/airflow/example_dags/example_setup_teardown.py for tasks to queue
[2024-11-12T10:18:52.712+0000] {logging_mixin.py:190} INFO - [2024-11-12T10:18:52.712+0000] {dagbag.py:588} INFO - Filling up the DagBag from /home/airflow/.local/lib/python3.12/site-packages/airflow/example_dags/example_setup_teardown.py
[2024-11-12T10:18:52.724+0000] {processor.py:925} INFO - DAG(s) 'example_setup_teardown' retrieved from /home/airflow/.local/lib/python3.12/site-packages/airflow/example_dags/example_setup_teardown.py
[2024-11-12T10:18:52.752+0000] {logging_mixin.py:190} INFO - [2024-11-12T10:18:52.752+0000] {dag.py:3239} INFO - Sync 1 DAGs
[2024-11-12T10:18:52.773+0000] {logging_mixin.py:190} INFO - [2024-11-12T10:18:52.773+0000] {dag.py:4180} INFO - Setting next_dagrun for example_setup_teardown to None, run_after=None
[2024-11-12T10:18:52.801+0000] {processor.py:208} INFO - Processing /home/airflow/.local/lib/python3.12/site-packages/airflow/example_dags/example_setup_teardown.py took 0.099 seconds
[2024-11-12T10:19:23.036+0000] {processor.py:186} INFO - Started process (PID=13301) to work on /home/airflow/.local/lib/python3.12/site-packages/airflow/example_dags/example_setup_teardown.py
[2024-11-12T10:19:23.037+0000] {processor.py:914} INFO - Processing file /home/airflow/.local/lib/python3.12/site-packages/airflow/example_dags/example_setup_teardown.py for tasks to queue
[2024-11-12T10:19:23.040+0000] {logging_mixin.py:190} INFO - [2024-11-12T10:19:23.039+0000] {dagbag.py:588} INFO - Filling up the DagBag from /home/airflow/.local/lib/python3.12/site-packages/airflow/example_dags/example_setup_teardown.py
[2024-11-12T10:19:23.052+0000] {processor.py:925} INFO - DAG(s) 'example_setup_teardown' retrieved from /home/airflow/.local/lib/python3.12/site-packages/airflow/example_dags/example_setup_teardown.py
[2024-11-12T10:19:23.082+0000] {logging_mixin.py:190} INFO - [2024-11-12T10:19:23.082+0000] {dag.py:3239} INFO - Sync 1 DAGs
[2024-11-12T10:19:23.105+0000] {logging_mixin.py:190} INFO - [2024-11-12T10:19:23.104+0000] {dag.py:4180} INFO - Setting next_dagrun for example_setup_teardown to None, run_after=None
[2024-11-12T10:19:23.129+0000] {processor.py:208} INFO - Processing /home/airflow/.local/lib/python3.12/site-packages/airflow/example_dags/example_setup_teardown.py took 0.100 seconds
[2024-11-12T10:19:53.918+0000] {processor.py:186} INFO - Started process (PID=13364) to work on /home/airflow/.local/lib/python3.12/site-packages/airflow/example_dags/example_setup_teardown.py
[2024-11-12T10:19:53.919+0000] {processor.py:914} INFO - Processing file /home/airflow/.local/lib/python3.12/site-packages/airflow/example_dags/example_setup_teardown.py for tasks to queue
[2024-11-12T10:19:53.921+0000] {logging_mixin.py:190} INFO - [2024-11-12T10:19:53.921+0000] {dagbag.py:588} INFO - Filling up the DagBag from /home/airflow/.local/lib/python3.12/site-packages/airflow/example_dags/example_setup_teardown.py
[2024-11-12T10:19:53.931+0000] {processor.py:925} INFO - DAG(s) 'example_setup_teardown' retrieved from /home/airflow/.local/lib/python3.12/site-packages/airflow/example_dags/example_setup_teardown.py
[2024-11-12T10:19:53.957+0000] {logging_mixin.py:190} INFO - [2024-11-12T10:19:53.957+0000] {dag.py:3239} INFO - Sync 1 DAGs
[2024-11-12T10:19:53.976+0000] {logging_mixin.py:190} INFO - [2024-11-12T10:19:53.976+0000] {dag.py:4180} INFO - Setting next_dagrun for example_setup_teardown to None, run_after=None
[2024-11-12T10:19:54.003+0000] {processor.py:208} INFO - Processing /home/airflow/.local/lib/python3.12/site-packages/airflow/example_dags/example_setup_teardown.py took 0.091 seconds
[2024-11-12T10:20:24.333+0000] {processor.py:186} INFO - Started process (PID=13427) to work on /home/airflow/.local/lib/python3.12/site-packages/airflow/example_dags/example_setup_teardown.py
[2024-11-12T10:20:24.335+0000] {processor.py:914} INFO - Processing file /home/airflow/.local/lib/python3.12/site-packages/airflow/example_dags/example_setup_teardown.py for tasks to queue
[2024-11-12T10:20:24.338+0000] {logging_mixin.py:190} INFO - [2024-11-12T10:20:24.338+0000] {dagbag.py:588} INFO - Filling up the DagBag from /home/airflow/.local/lib/python3.12/site-packages/airflow/example_dags/example_setup_teardown.py
[2024-11-12T10:20:24.353+0000] {processor.py:925} INFO - DAG(s) 'example_setup_teardown' retrieved from /home/airflow/.local/lib/python3.12/site-packages/airflow/example_dags/example_setup_teardown.py
[2024-11-12T10:20:24.382+0000] {logging_mixin.py:190} INFO - [2024-11-12T10:20:24.382+0000] {dag.py:3239} INFO - Sync 1 DAGs
[2024-11-12T10:20:24.406+0000] {logging_mixin.py:190} INFO - [2024-11-12T10:20:24.405+0000] {dag.py:4180} INFO - Setting next_dagrun for example_setup_teardown to None, run_after=None
[2024-11-12T10:20:24.435+0000] {processor.py:208} INFO - Processing /home/airflow/.local/lib/python3.12/site-packages/airflow/example_dags/example_setup_teardown.py took 0.113 seconds
[2024-11-12T10:20:55.695+0000] {processor.py:186} INFO - Started process (PID=13492) to work on /home/airflow/.local/lib/python3.12/site-packages/airflow/example_dags/example_setup_teardown.py
[2024-11-12T10:20:55.699+0000] {processor.py:914} INFO - Processing file /home/airflow/.local/lib/python3.12/site-packages/airflow/example_dags/example_setup_teardown.py for tasks to queue
[2024-11-12T10:20:55.702+0000] {logging_mixin.py:190} INFO - [2024-11-12T10:20:55.701+0000] {dagbag.py:588} INFO - Filling up the DagBag from /home/airflow/.local/lib/python3.12/site-packages/airflow/example_dags/example_setup_teardown.py
[2024-11-12T10:20:55.719+0000] {processor.py:925} INFO - DAG(s) 'example_setup_teardown' retrieved from /home/airflow/.local/lib/python3.12/site-packages/airflow/example_dags/example_setup_teardown.py
[2024-11-12T10:20:55.759+0000] {logging_mixin.py:190} INFO - [2024-11-12T10:20:55.759+0000] {dag.py:3239} INFO - Sync 1 DAGs
[2024-11-12T10:20:55.791+0000] {logging_mixin.py:190} INFO - [2024-11-12T10:20:55.790+0000] {dag.py:4180} INFO - Setting next_dagrun for example_setup_teardown to None, run_after=None
[2024-11-12T10:20:55.833+0000] {processor.py:208} INFO - Processing /home/airflow/.local/lib/python3.12/site-packages/airflow/example_dags/example_setup_teardown.py took 0.150 seconds
[2024-11-12T10:21:26.668+0000] {processor.py:186} INFO - Started process (PID=13555) to work on /home/airflow/.local/lib/python3.12/site-packages/airflow/example_dags/example_setup_teardown.py
[2024-11-12T10:21:26.670+0000] {processor.py:914} INFO - Processing file /home/airflow/.local/lib/python3.12/site-packages/airflow/example_dags/example_setup_teardown.py for tasks to queue
[2024-11-12T10:21:26.672+0000] {logging_mixin.py:190} INFO - [2024-11-12T10:21:26.671+0000] {dagbag.py:588} INFO - Filling up the DagBag from /home/airflow/.local/lib/python3.12/site-packages/airflow/example_dags/example_setup_teardown.py
[2024-11-12T10:21:26.687+0000] {processor.py:925} INFO - DAG(s) 'example_setup_teardown' retrieved from /home/airflow/.local/lib/python3.12/site-packages/airflow/example_dags/example_setup_teardown.py
[2024-11-12T10:21:26.728+0000] {logging_mixin.py:190} INFO - [2024-11-12T10:21:26.728+0000] {dag.py:3239} INFO - Sync 1 DAGs
[2024-11-12T10:21:26.760+0000] {logging_mixin.py:190} INFO - [2024-11-12T10:21:26.759+0000] {dag.py:4180} INFO - Setting next_dagrun for example_setup_teardown to None, run_after=None
[2024-11-12T10:21:26.795+0000] {processor.py:208} INFO - Processing /home/airflow/.local/lib/python3.12/site-packages/airflow/example_dags/example_setup_teardown.py took 0.136 seconds
[2024-11-12T10:21:57.591+0000] {processor.py:186} INFO - Started process (PID=13618) to work on /home/airflow/.local/lib/python3.12/site-packages/airflow/example_dags/example_setup_teardown.py
[2024-11-12T10:21:57.593+0000] {processor.py:914} INFO - Processing file /home/airflow/.local/lib/python3.12/site-packages/airflow/example_dags/example_setup_teardown.py for tasks to queue
[2024-11-12T10:21:57.594+0000] {logging_mixin.py:190} INFO - [2024-11-12T10:21:57.594+0000] {dagbag.py:588} INFO - Filling up the DagBag from /home/airflow/.local/lib/python3.12/site-packages/airflow/example_dags/example_setup_teardown.py
[2024-11-12T10:21:57.607+0000] {processor.py:925} INFO - DAG(s) 'example_setup_teardown' retrieved from /home/airflow/.local/lib/python3.12/site-packages/airflow/example_dags/example_setup_teardown.py
[2024-11-12T10:21:57.637+0000] {logging_mixin.py:190} INFO - [2024-11-12T10:21:57.637+0000] {dag.py:3239} INFO - Sync 1 DAGs
[2024-11-12T10:21:57.661+0000] {logging_mixin.py:190} INFO - [2024-11-12T10:21:57.660+0000] {dag.py:4180} INFO - Setting next_dagrun for example_setup_teardown to None, run_after=None
[2024-11-12T10:21:57.688+0000] {processor.py:208} INFO - Processing /home/airflow/.local/lib/python3.12/site-packages/airflow/example_dags/example_setup_teardown.py took 0.105 seconds
[2024-11-12T10:22:28.387+0000] {processor.py:186} INFO - Started process (PID=13681) to work on /home/airflow/.local/lib/python3.12/site-packages/airflow/example_dags/example_setup_teardown.py
[2024-11-12T10:22:28.389+0000] {processor.py:914} INFO - Processing file /home/airflow/.local/lib/python3.12/site-packages/airflow/example_dags/example_setup_teardown.py for tasks to queue
[2024-11-12T10:22:28.390+0000] {logging_mixin.py:190} INFO - [2024-11-12T10:22:28.390+0000] {dagbag.py:588} INFO - Filling up the DagBag from /home/airflow/.local/lib/python3.12/site-packages/airflow/example_dags/example_setup_teardown.py
[2024-11-12T10:22:28.403+0000] {processor.py:925} INFO - DAG(s) 'example_setup_teardown' retrieved from /home/airflow/.local/lib/python3.12/site-packages/airflow/example_dags/example_setup_teardown.py
[2024-11-12T10:22:28.430+0000] {logging_mixin.py:190} INFO - [2024-11-12T10:22:28.429+0000] {dag.py:3239} INFO - Sync 1 DAGs
[2024-11-12T10:22:28.454+0000] {logging_mixin.py:190} INFO - [2024-11-12T10:22:28.453+0000] {dag.py:4180} INFO - Setting next_dagrun for example_setup_teardown to None, run_after=None
[2024-11-12T10:22:28.482+0000] {processor.py:208} INFO - Processing /home/airflow/.local/lib/python3.12/site-packages/airflow/example_dags/example_setup_teardown.py took 0.104 seconds
[2024-11-12T10:22:58.742+0000] {processor.py:186} INFO - Started process (PID=13744) to work on /home/airflow/.local/lib/python3.12/site-packages/airflow/example_dags/example_setup_teardown.py
[2024-11-12T10:22:58.744+0000] {processor.py:914} INFO - Processing file /home/airflow/.local/lib/python3.12/site-packages/airflow/example_dags/example_setup_teardown.py for tasks to queue
[2024-11-12T10:22:58.746+0000] {logging_mixin.py:190} INFO - [2024-11-12T10:22:58.745+0000] {dagbag.py:588} INFO - Filling up the DagBag from /home/airflow/.local/lib/python3.12/site-packages/airflow/example_dags/example_setup_teardown.py
[2024-11-12T10:22:58.758+0000] {processor.py:925} INFO - DAG(s) 'example_setup_teardown' retrieved from /home/airflow/.local/lib/python3.12/site-packages/airflow/example_dags/example_setup_teardown.py
[2024-11-12T10:22:58.785+0000] {logging_mixin.py:190} INFO - [2024-11-12T10:22:58.785+0000] {dag.py:3239} INFO - Sync 1 DAGs
[2024-11-12T10:22:58.808+0000] {logging_mixin.py:190} INFO - [2024-11-12T10:22:58.807+0000] {dag.py:4180} INFO - Setting next_dagrun for example_setup_teardown to None, run_after=None
[2024-11-12T10:22:58.833+0000] {processor.py:208} INFO - Processing /home/airflow/.local/lib/python3.12/site-packages/airflow/example_dags/example_setup_teardown.py took 0.099 seconds
[2024-11-12T10:23:29.605+0000] {processor.py:186} INFO - Started process (PID=13807) to work on /home/airflow/.local/lib/python3.12/site-packages/airflow/example_dags/example_setup_teardown.py
[2024-11-12T10:23:29.606+0000] {processor.py:914} INFO - Processing file /home/airflow/.local/lib/python3.12/site-packages/airflow/example_dags/example_setup_teardown.py for tasks to queue
[2024-11-12T10:23:29.608+0000] {logging_mixin.py:190} INFO - [2024-11-12T10:23:29.608+0000] {dagbag.py:588} INFO - Filling up the DagBag from /home/airflow/.local/lib/python3.12/site-packages/airflow/example_dags/example_setup_teardown.py
[2024-11-12T10:23:29.623+0000] {processor.py:925} INFO - DAG(s) 'example_setup_teardown' retrieved from /home/airflow/.local/lib/python3.12/site-packages/airflow/example_dags/example_setup_teardown.py
[2024-11-12T10:23:29.661+0000] {logging_mixin.py:190} INFO - [2024-11-12T10:23:29.660+0000] {dag.py:3239} INFO - Sync 1 DAGs
[2024-11-12T10:23:29.690+0000] {logging_mixin.py:190} INFO - [2024-11-12T10:23:29.690+0000] {dag.py:4180} INFO - Setting next_dagrun for example_setup_teardown to None, run_after=None
[2024-11-12T10:23:29.735+0000] {processor.py:208} INFO - Processing /home/airflow/.local/lib/python3.12/site-packages/airflow/example_dags/example_setup_teardown.py took 0.138 seconds
[2024-11-12T10:24:00.611+0000] {processor.py:186} INFO - Started process (PID=13870) to work on /home/airflow/.local/lib/python3.12/site-packages/airflow/example_dags/example_setup_teardown.py
[2024-11-12T10:24:00.612+0000] {processor.py:914} INFO - Processing file /home/airflow/.local/lib/python3.12/site-packages/airflow/example_dags/example_setup_teardown.py for tasks to queue
[2024-11-12T10:24:00.614+0000] {logging_mixin.py:190} INFO - [2024-11-12T10:24:00.614+0000] {dagbag.py:588} INFO - Filling up the DagBag from /home/airflow/.local/lib/python3.12/site-packages/airflow/example_dags/example_setup_teardown.py
[2024-11-12T10:24:00.627+0000] {processor.py:925} INFO - DAG(s) 'example_setup_teardown' retrieved from /home/airflow/.local/lib/python3.12/site-packages/airflow/example_dags/example_setup_teardown.py
[2024-11-12T10:24:00.658+0000] {logging_mixin.py:190} INFO - [2024-11-12T10:24:00.658+0000] {dag.py:3239} INFO - Sync 1 DAGs
[2024-11-12T10:24:00.681+0000] {logging_mixin.py:190} INFO - [2024-11-12T10:24:00.681+0000] {dag.py:4180} INFO - Setting next_dagrun for example_setup_teardown to None, run_after=None
[2024-11-12T10:24:00.710+0000] {processor.py:208} INFO - Processing /home/airflow/.local/lib/python3.12/site-packages/airflow/example_dags/example_setup_teardown.py took 0.108 seconds
[2024-11-12T10:24:31.403+0000] {processor.py:186} INFO - Started process (PID=13933) to work on /home/airflow/.local/lib/python3.12/site-packages/airflow/example_dags/example_setup_teardown.py
[2024-11-12T10:24:31.405+0000] {processor.py:914} INFO - Processing file /home/airflow/.local/lib/python3.12/site-packages/airflow/example_dags/example_setup_teardown.py for tasks to queue
[2024-11-12T10:24:31.407+0000] {logging_mixin.py:190} INFO - [2024-11-12T10:24:31.407+0000] {dagbag.py:588} INFO - Filling up the DagBag from /home/airflow/.local/lib/python3.12/site-packages/airflow/example_dags/example_setup_teardown.py
[2024-11-12T10:24:31.422+0000] {processor.py:925} INFO - DAG(s) 'example_setup_teardown' retrieved from /home/airflow/.local/lib/python3.12/site-packages/airflow/example_dags/example_setup_teardown.py
[2024-11-12T10:24:31.457+0000] {logging_mixin.py:190} INFO - [2024-11-12T10:24:31.456+0000] {dag.py:3239} INFO - Sync 1 DAGs
[2024-11-12T10:24:31.482+0000] {logging_mixin.py:190} INFO - [2024-11-12T10:24:31.481+0000] {dag.py:4180} INFO - Setting next_dagrun for example_setup_teardown to None, run_after=None
[2024-11-12T10:24:31.512+0000] {processor.py:208} INFO - Processing /home/airflow/.local/lib/python3.12/site-packages/airflow/example_dags/example_setup_teardown.py took 0.119 seconds
[2024-11-12T10:25:02.127+0000] {processor.py:186} INFO - Started process (PID=13996) to work on /home/airflow/.local/lib/python3.12/site-packages/airflow/example_dags/example_setup_teardown.py
[2024-11-12T10:25:02.130+0000] {processor.py:914} INFO - Processing file /home/airflow/.local/lib/python3.12/site-packages/airflow/example_dags/example_setup_teardown.py for tasks to queue
[2024-11-12T10:25:02.135+0000] {logging_mixin.py:190} INFO - [2024-11-12T10:25:02.134+0000] {dagbag.py:588} INFO - Filling up the DagBag from /home/airflow/.local/lib/python3.12/site-packages/airflow/example_dags/example_setup_teardown.py
[2024-11-12T10:25:02.156+0000] {processor.py:925} INFO - DAG(s) 'example_setup_teardown' retrieved from /home/airflow/.local/lib/python3.12/site-packages/airflow/example_dags/example_setup_teardown.py
[2024-11-12T10:25:02.210+0000] {logging_mixin.py:190} INFO - [2024-11-12T10:25:02.209+0000] {dag.py:3239} INFO - Sync 1 DAGs
[2024-11-12T10:25:02.252+0000] {logging_mixin.py:190} INFO - [2024-11-12T10:25:02.251+0000] {dag.py:4180} INFO - Setting next_dagrun for example_setup_teardown to None, run_after=None
[2024-11-12T10:25:02.300+0000] {processor.py:208} INFO - Processing /home/airflow/.local/lib/python3.12/site-packages/airflow/example_dags/example_setup_teardown.py took 0.188 seconds
[2024-11-12T10:25:32.914+0000] {processor.py:186} INFO - Started process (PID=14059) to work on /home/airflow/.local/lib/python3.12/site-packages/airflow/example_dags/example_setup_teardown.py
[2024-11-12T10:25:32.915+0000] {processor.py:914} INFO - Processing file /home/airflow/.local/lib/python3.12/site-packages/airflow/example_dags/example_setup_teardown.py for tasks to queue
[2024-11-12T10:25:32.919+0000] {logging_mixin.py:190} INFO - [2024-11-12T10:25:32.918+0000] {dagbag.py:588} INFO - Filling up the DagBag from /home/airflow/.local/lib/python3.12/site-packages/airflow/example_dags/example_setup_teardown.py
[2024-11-12T10:25:32.932+0000] {processor.py:925} INFO - DAG(s) 'example_setup_teardown' retrieved from /home/airflow/.local/lib/python3.12/site-packages/airflow/example_dags/example_setup_teardown.py
[2024-11-12T10:25:32.970+0000] {logging_mixin.py:190} INFO - [2024-11-12T10:25:32.970+0000] {dag.py:3239} INFO - Sync 1 DAGs
[2024-11-12T10:25:32.996+0000] {logging_mixin.py:190} INFO - [2024-11-12T10:25:32.996+0000] {dag.py:4180} INFO - Setting next_dagrun for example_setup_teardown to None, run_after=None
[2024-11-12T10:25:33.028+0000] {processor.py:208} INFO - Processing /home/airflow/.local/lib/python3.12/site-packages/airflow/example_dags/example_setup_teardown.py took 0.125 seconds
[2024-11-12T10:26:03.200+0000] {processor.py:186} INFO - Started process (PID=14122) to work on /home/airflow/.local/lib/python3.12/site-packages/airflow/example_dags/example_setup_teardown.py
[2024-11-12T10:26:03.201+0000] {processor.py:914} INFO - Processing file /home/airflow/.local/lib/python3.12/site-packages/airflow/example_dags/example_setup_teardown.py for tasks to queue
[2024-11-12T10:26:03.203+0000] {logging_mixin.py:190} INFO - [2024-11-12T10:26:03.203+0000] {dagbag.py:588} INFO - Filling up the DagBag from /home/airflow/.local/lib/python3.12/site-packages/airflow/example_dags/example_setup_teardown.py
[2024-11-12T10:26:03.214+0000] {processor.py:925} INFO - DAG(s) 'example_setup_teardown' retrieved from /home/airflow/.local/lib/python3.12/site-packages/airflow/example_dags/example_setup_teardown.py
[2024-11-12T10:26:03.240+0000] {logging_mixin.py:190} INFO - [2024-11-12T10:26:03.240+0000] {dag.py:3239} INFO - Sync 1 DAGs
[2024-11-12T10:26:03.260+0000] {logging_mixin.py:190} INFO - [2024-11-12T10:26:03.260+0000] {dag.py:4180} INFO - Setting next_dagrun for example_setup_teardown to None, run_after=None
[2024-11-12T10:26:03.288+0000] {processor.py:208} INFO - Processing /home/airflow/.local/lib/python3.12/site-packages/airflow/example_dags/example_setup_teardown.py took 0.096 seconds
[2024-11-12T10:26:33.591+0000] {processor.py:186} INFO - Started process (PID=14186) to work on /home/airflow/.local/lib/python3.12/site-packages/airflow/example_dags/example_setup_teardown.py
[2024-11-12T10:26:33.592+0000] {processor.py:914} INFO - Processing file /home/airflow/.local/lib/python3.12/site-packages/airflow/example_dags/example_setup_teardown.py for tasks to queue
[2024-11-12T10:26:33.594+0000] {logging_mixin.py:190} INFO - [2024-11-12T10:26:33.594+0000] {dagbag.py:588} INFO - Filling up the DagBag from /home/airflow/.local/lib/python3.12/site-packages/airflow/example_dags/example_setup_teardown.py
[2024-11-12T10:26:33.607+0000] {processor.py:925} INFO - DAG(s) 'example_setup_teardown' retrieved from /home/airflow/.local/lib/python3.12/site-packages/airflow/example_dags/example_setup_teardown.py
[2024-11-12T10:26:33.637+0000] {logging_mixin.py:190} INFO - [2024-11-12T10:26:33.636+0000] {dag.py:3239} INFO - Sync 1 DAGs
[2024-11-12T10:26:33.659+0000] {logging_mixin.py:190} INFO - [2024-11-12T10:26:33.659+0000] {dag.py:4180} INFO - Setting next_dagrun for example_setup_teardown to None, run_after=None
[2024-11-12T10:26:33.686+0000] {processor.py:208} INFO - Processing /home/airflow/.local/lib/python3.12/site-packages/airflow/example_dags/example_setup_teardown.py took 0.103 seconds
[2024-11-12T10:27:04.514+0000] {processor.py:186} INFO - Started process (PID=14249) to work on /home/airflow/.local/lib/python3.12/site-packages/airflow/example_dags/example_setup_teardown.py
[2024-11-12T10:27:04.515+0000] {processor.py:914} INFO - Processing file /home/airflow/.local/lib/python3.12/site-packages/airflow/example_dags/example_setup_teardown.py for tasks to queue
[2024-11-12T10:27:04.518+0000] {logging_mixin.py:190} INFO - [2024-11-12T10:27:04.517+0000] {dagbag.py:588} INFO - Filling up the DagBag from /home/airflow/.local/lib/python3.12/site-packages/airflow/example_dags/example_setup_teardown.py
[2024-11-12T10:27:04.529+0000] {processor.py:925} INFO - DAG(s) 'example_setup_teardown' retrieved from /home/airflow/.local/lib/python3.12/site-packages/airflow/example_dags/example_setup_teardown.py
[2024-11-12T10:27:04.560+0000] {logging_mixin.py:190} INFO - [2024-11-12T10:27:04.560+0000] {dag.py:3239} INFO - Sync 1 DAGs
[2024-11-12T10:27:04.585+0000] {logging_mixin.py:190} INFO - [2024-11-12T10:27:04.584+0000] {dag.py:4180} INFO - Setting next_dagrun for example_setup_teardown to None, run_after=None
[2024-11-12T10:27:04.612+0000] {processor.py:208} INFO - Processing /home/airflow/.local/lib/python3.12/site-packages/airflow/example_dags/example_setup_teardown.py took 0.107 seconds
[2024-11-12T10:27:35.472+0000] {processor.py:186} INFO - Started process (PID=14312) to work on /home/airflow/.local/lib/python3.12/site-packages/airflow/example_dags/example_setup_teardown.py
[2024-11-12T10:27:35.473+0000] {processor.py:914} INFO - Processing file /home/airflow/.local/lib/python3.12/site-packages/airflow/example_dags/example_setup_teardown.py for tasks to queue
[2024-11-12T10:27:35.475+0000] {logging_mixin.py:190} INFO - [2024-11-12T10:27:35.475+0000] {dagbag.py:588} INFO - Filling up the DagBag from /home/airflow/.local/lib/python3.12/site-packages/airflow/example_dags/example_setup_teardown.py
[2024-11-12T10:27:35.487+0000] {processor.py:925} INFO - DAG(s) 'example_setup_teardown' retrieved from /home/airflow/.local/lib/python3.12/site-packages/airflow/example_dags/example_setup_teardown.py
[2024-11-12T10:27:35.523+0000] {logging_mixin.py:190} INFO - [2024-11-12T10:27:35.522+0000] {dag.py:3239} INFO - Sync 1 DAGs
[2024-11-12T10:27:35.550+0000] {logging_mixin.py:190} INFO - [2024-11-12T10:27:35.550+0000] {dag.py:4180} INFO - Setting next_dagrun for example_setup_teardown to None, run_after=None
[2024-11-12T10:27:35.577+0000] {processor.py:208} INFO - Processing /home/airflow/.local/lib/python3.12/site-packages/airflow/example_dags/example_setup_teardown.py took 0.113 seconds
[2024-11-12T10:28:06.291+0000] {processor.py:186} INFO - Started process (PID=14375) to work on /home/airflow/.local/lib/python3.12/site-packages/airflow/example_dags/example_setup_teardown.py
[2024-11-12T10:28:06.293+0000] {processor.py:914} INFO - Processing file /home/airflow/.local/lib/python3.12/site-packages/airflow/example_dags/example_setup_teardown.py for tasks to queue
[2024-11-12T10:28:06.296+0000] {logging_mixin.py:190} INFO - [2024-11-12T10:28:06.296+0000] {dagbag.py:588} INFO - Filling up the DagBag from /home/airflow/.local/lib/python3.12/site-packages/airflow/example_dags/example_setup_teardown.py
[2024-11-12T10:28:06.313+0000] {processor.py:925} INFO - DAG(s) 'example_setup_teardown' retrieved from /home/airflow/.local/lib/python3.12/site-packages/airflow/example_dags/example_setup_teardown.py
[2024-11-12T10:28:06.345+0000] {logging_mixin.py:190} INFO - [2024-11-12T10:28:06.345+0000] {dag.py:3239} INFO - Sync 1 DAGs
[2024-11-12T10:28:06.373+0000] {logging_mixin.py:190} INFO - [2024-11-12T10:28:06.373+0000] {dag.py:4180} INFO - Setting next_dagrun for example_setup_teardown to None, run_after=None
[2024-11-12T10:28:06.407+0000] {processor.py:208} INFO - Processing /home/airflow/.local/lib/python3.12/site-packages/airflow/example_dags/example_setup_teardown.py took 0.126 seconds
