[2024-11-12T10:13:44.712+0000] {processor.py:186} INFO - Started process (PID=12615) to work on /home/airflow/.local/lib/python3.12/site-packages/airflow/example_dags/example_latest_only.py
[2024-11-12T10:13:44.714+0000] {processor.py:914} INFO - Processing file /home/airflow/.local/lib/python3.12/site-packages/airflow/example_dags/example_latest_only.py for tasks to queue
[2024-11-12T10:13:44.716+0000] {logging_mixin.py:190} INFO - [2024-11-12T10:13:44.715+0000] {dagbag.py:588} INFO - Filling up the DagBag from /home/airflow/.local/lib/python3.12/site-packages/airflow/example_dags/example_latest_only.py
[2024-11-12T10:13:44.731+0000] {processor.py:925} INFO - DAG(s) 'latest_only' retrieved from /home/airflow/.local/lib/python3.12/site-packages/airflow/example_dags/example_latest_only.py
[2024-11-12T10:13:44.770+0000] {logging_mixin.py:190} INFO - [2024-11-12T10:13:44.769+0000] {dag.py:3239} INFO - Sync 1 DAGs
[2024-11-12T10:13:44.817+0000] {logging_mixin.py:190} INFO - [2024-11-12T10:13:44.817+0000] {dag.py:4180} INFO - Setting next_dagrun for latest_only to 2024-11-12 04:00:00+00:00, run_after=2024-11-12 08:00:00+00:00
[2024-11-12T10:13:44.848+0000] {processor.py:208} INFO - Processing /home/airflow/.local/lib/python3.12/site-packages/airflow/example_dags/example_latest_only.py took 0.147 seconds
[2024-11-12T10:14:15.641+0000] {processor.py:186} INFO - Started process (PID=12677) to work on /home/airflow/.local/lib/python3.12/site-packages/airflow/example_dags/example_latest_only.py
[2024-11-12T10:14:15.643+0000] {processor.py:914} INFO - Processing file /home/airflow/.local/lib/python3.12/site-packages/airflow/example_dags/example_latest_only.py for tasks to queue
[2024-11-12T10:14:15.645+0000] {logging_mixin.py:190} INFO - [2024-11-12T10:14:15.644+0000] {dagbag.py:588} INFO - Filling up the DagBag from /home/airflow/.local/lib/python3.12/site-packages/airflow/example_dags/example_latest_only.py
[2024-11-12T10:14:15.655+0000] {processor.py:925} INFO - DAG(s) 'latest_only' retrieved from /home/airflow/.local/lib/python3.12/site-packages/airflow/example_dags/example_latest_only.py
[2024-11-12T10:14:15.679+0000] {logging_mixin.py:190} INFO - [2024-11-12T10:14:15.679+0000] {dag.py:3239} INFO - Sync 1 DAGs
[2024-11-12T10:14:15.712+0000] {logging_mixin.py:190} INFO - [2024-11-12T10:14:15.712+0000] {dag.py:4180} INFO - Setting next_dagrun for latest_only to 2024-11-12 04:00:00+00:00, run_after=2024-11-12 08:00:00+00:00
[2024-11-12T10:14:15.738+0000] {processor.py:208} INFO - Processing /home/airflow/.local/lib/python3.12/site-packages/airflow/example_dags/example_latest_only.py took 0.104 seconds
[2024-11-12T10:14:46.375+0000] {processor.py:186} INFO - Started process (PID=12739) to work on /home/airflow/.local/lib/python3.12/site-packages/airflow/example_dags/example_latest_only.py
[2024-11-12T10:14:46.389+0000] {processor.py:914} INFO - Processing file /home/airflow/.local/lib/python3.12/site-packages/airflow/example_dags/example_latest_only.py for tasks to queue
[2024-11-12T10:14:46.393+0000] {logging_mixin.py:190} INFO - [2024-11-12T10:14:46.392+0000] {dagbag.py:588} INFO - Filling up the DagBag from /home/airflow/.local/lib/python3.12/site-packages/airflow/example_dags/example_latest_only.py
[2024-11-12T10:14:46.461+0000] {processor.py:925} INFO - DAG(s) 'latest_only' retrieved from /home/airflow/.local/lib/python3.12/site-packages/airflow/example_dags/example_latest_only.py
[2024-11-12T10:14:46.573+0000] {logging_mixin.py:190} INFO - [2024-11-12T10:14:46.572+0000] {dag.py:3239} INFO - Sync 1 DAGs
[2024-11-12T10:14:46.692+0000] {logging_mixin.py:190} INFO - [2024-11-12T10:14:46.691+0000] {dag.py:4180} INFO - Setting next_dagrun for latest_only to 2024-11-12 04:00:00+00:00, run_after=2024-11-12 08:00:00+00:00
[2024-11-12T10:14:46.739+0000] {processor.py:208} INFO - Processing /home/airflow/.local/lib/python3.12/site-packages/airflow/example_dags/example_latest_only.py took 0.404 seconds
[2024-11-12T10:15:18.266+0000] {processor.py:186} INFO - Started process (PID=12802) to work on /home/airflow/.local/lib/python3.12/site-packages/airflow/example_dags/example_latest_only.py
[2024-11-12T10:15:18.277+0000] {processor.py:914} INFO - Processing file /home/airflow/.local/lib/python3.12/site-packages/airflow/example_dags/example_latest_only.py for tasks to queue
[2024-11-12T10:15:18.289+0000] {logging_mixin.py:190} INFO - [2024-11-12T10:15:18.288+0000] {dagbag.py:588} INFO - Filling up the DagBag from /home/airflow/.local/lib/python3.12/site-packages/airflow/example_dags/example_latest_only.py
[2024-11-12T10:15:18.321+0000] {processor.py:925} INFO - DAG(s) 'latest_only' retrieved from /home/airflow/.local/lib/python3.12/site-packages/airflow/example_dags/example_latest_only.py
[2024-11-12T10:15:18.411+0000] {logging_mixin.py:190} INFO - [2024-11-12T10:15:18.411+0000] {dag.py:3239} INFO - Sync 1 DAGs
[2024-11-12T10:15:18.530+0000] {logging_mixin.py:190} INFO - [2024-11-12T10:15:18.529+0000] {dag.py:4180} INFO - Setting next_dagrun for latest_only to 2024-11-12 04:00:00+00:00, run_after=2024-11-12 08:00:00+00:00
[2024-11-12T10:15:18.625+0000] {processor.py:208} INFO - Processing /home/airflow/.local/lib/python3.12/site-packages/airflow/example_dags/example_latest_only.py took 0.386 seconds
[2024-11-12T10:15:49.432+0000] {processor.py:186} INFO - Started process (PID=12865) to work on /home/airflow/.local/lib/python3.12/site-packages/airflow/example_dags/example_latest_only.py
[2024-11-12T10:15:49.434+0000] {processor.py:914} INFO - Processing file /home/airflow/.local/lib/python3.12/site-packages/airflow/example_dags/example_latest_only.py for tasks to queue
[2024-11-12T10:15:49.436+0000] {logging_mixin.py:190} INFO - [2024-11-12T10:15:49.435+0000] {dagbag.py:588} INFO - Filling up the DagBag from /home/airflow/.local/lib/python3.12/site-packages/airflow/example_dags/example_latest_only.py
[2024-11-12T10:15:49.449+0000] {processor.py:925} INFO - DAG(s) 'latest_only' retrieved from /home/airflow/.local/lib/python3.12/site-packages/airflow/example_dags/example_latest_only.py
[2024-11-12T10:15:49.479+0000] {logging_mixin.py:190} INFO - [2024-11-12T10:15:49.478+0000] {dag.py:3239} INFO - Sync 1 DAGs
[2024-11-12T10:15:49.518+0000] {logging_mixin.py:190} INFO - [2024-11-12T10:15:49.518+0000] {dag.py:4180} INFO - Setting next_dagrun for latest_only to 2024-11-12 04:00:00+00:00, run_after=2024-11-12 08:00:00+00:00
[2024-11-12T10:15:49.545+0000] {processor.py:208} INFO - Processing /home/airflow/.local/lib/python3.12/site-packages/airflow/example_dags/example_latest_only.py took 0.121 seconds
[2024-11-12T10:16:19.994+0000] {processor.py:186} INFO - Started process (PID=12927) to work on /home/airflow/.local/lib/python3.12/site-packages/airflow/example_dags/example_latest_only.py
[2024-11-12T10:16:19.995+0000] {processor.py:914} INFO - Processing file /home/airflow/.local/lib/python3.12/site-packages/airflow/example_dags/example_latest_only.py for tasks to queue
[2024-11-12T10:16:19.998+0000] {logging_mixin.py:190} INFO - [2024-11-12T10:16:19.998+0000] {dagbag.py:588} INFO - Filling up the DagBag from /home/airflow/.local/lib/python3.12/site-packages/airflow/example_dags/example_latest_only.py
[2024-11-12T10:16:20.012+0000] {processor.py:925} INFO - DAG(s) 'latest_only' retrieved from /home/airflow/.local/lib/python3.12/site-packages/airflow/example_dags/example_latest_only.py
[2024-11-12T10:16:20.044+0000] {logging_mixin.py:190} INFO - [2024-11-12T10:16:20.043+0000] {dag.py:3239} INFO - Sync 1 DAGs
[2024-11-12T10:16:20.084+0000] {logging_mixin.py:190} INFO - [2024-11-12T10:16:20.084+0000] {dag.py:4180} INFO - Setting next_dagrun for latest_only to 2024-11-12 04:00:00+00:00, run_after=2024-11-12 08:00:00+00:00
[2024-11-12T10:16:20.118+0000] {processor.py:208} INFO - Processing /home/airflow/.local/lib/python3.12/site-packages/airflow/example_dags/example_latest_only.py took 0.134 seconds
[2024-11-12T10:16:50.480+0000] {processor.py:186} INFO - Started process (PID=12989) to work on /home/airflow/.local/lib/python3.12/site-packages/airflow/example_dags/example_latest_only.py
[2024-11-12T10:16:50.485+0000] {processor.py:914} INFO - Processing file /home/airflow/.local/lib/python3.12/site-packages/airflow/example_dags/example_latest_only.py for tasks to queue
[2024-11-12T10:16:50.488+0000] {logging_mixin.py:190} INFO - [2024-11-12T10:16:50.487+0000] {dagbag.py:588} INFO - Filling up the DagBag from /home/airflow/.local/lib/python3.12/site-packages/airflow/example_dags/example_latest_only.py
[2024-11-12T10:16:50.506+0000] {processor.py:925} INFO - DAG(s) 'latest_only' retrieved from /home/airflow/.local/lib/python3.12/site-packages/airflow/example_dags/example_latest_only.py
[2024-11-12T10:16:50.552+0000] {logging_mixin.py:190} INFO - [2024-11-12T10:16:50.551+0000] {dag.py:3239} INFO - Sync 1 DAGs
[2024-11-12T10:16:50.604+0000] {logging_mixin.py:190} INFO - [2024-11-12T10:16:50.604+0000] {dag.py:4180} INFO - Setting next_dagrun for latest_only to 2024-11-12 04:00:00+00:00, run_after=2024-11-12 08:00:00+00:00
[2024-11-12T10:16:50.645+0000] {processor.py:208} INFO - Processing /home/airflow/.local/lib/python3.12/site-packages/airflow/example_dags/example_latest_only.py took 0.186 seconds
[2024-11-12T10:17:21.212+0000] {processor.py:186} INFO - Started process (PID=13051) to work on /home/airflow/.local/lib/python3.12/site-packages/airflow/example_dags/example_latest_only.py
[2024-11-12T10:17:21.213+0000] {processor.py:914} INFO - Processing file /home/airflow/.local/lib/python3.12/site-packages/airflow/example_dags/example_latest_only.py for tasks to queue
[2024-11-12T10:17:21.216+0000] {logging_mixin.py:190} INFO - [2024-11-12T10:17:21.216+0000] {dagbag.py:588} INFO - Filling up the DagBag from /home/airflow/.local/lib/python3.12/site-packages/airflow/example_dags/example_latest_only.py
[2024-11-12T10:17:21.227+0000] {processor.py:925} INFO - DAG(s) 'latest_only' retrieved from /home/airflow/.local/lib/python3.12/site-packages/airflow/example_dags/example_latest_only.py
[2024-11-12T10:17:21.259+0000] {logging_mixin.py:190} INFO - [2024-11-12T10:17:21.258+0000] {dag.py:3239} INFO - Sync 1 DAGs
[2024-11-12T10:17:21.295+0000] {logging_mixin.py:190} INFO - [2024-11-12T10:17:21.295+0000] {dag.py:4180} INFO - Setting next_dagrun for latest_only to 2024-11-12 04:00:00+00:00, run_after=2024-11-12 08:00:00+00:00
[2024-11-12T10:17:21.327+0000] {processor.py:208} INFO - Processing /home/airflow/.local/lib/python3.12/site-packages/airflow/example_dags/example_latest_only.py took 0.126 seconds
[2024-11-12T10:17:51.527+0000] {processor.py:186} INFO - Started process (PID=13113) to work on /home/airflow/.local/lib/python3.12/site-packages/airflow/example_dags/example_latest_only.py
[2024-11-12T10:17:51.528+0000] {processor.py:914} INFO - Processing file /home/airflow/.local/lib/python3.12/site-packages/airflow/example_dags/example_latest_only.py for tasks to queue
[2024-11-12T10:17:51.530+0000] {logging_mixin.py:190} INFO - [2024-11-12T10:17:51.530+0000] {dagbag.py:588} INFO - Filling up the DagBag from /home/airflow/.local/lib/python3.12/site-packages/airflow/example_dags/example_latest_only.py
[2024-11-12T10:17:51.541+0000] {processor.py:925} INFO - DAG(s) 'latest_only' retrieved from /home/airflow/.local/lib/python3.12/site-packages/airflow/example_dags/example_latest_only.py
[2024-11-12T10:17:51.567+0000] {logging_mixin.py:190} INFO - [2024-11-12T10:17:51.567+0000] {dag.py:3239} INFO - Sync 1 DAGs
[2024-11-12T10:17:51.599+0000] {logging_mixin.py:190} INFO - [2024-11-12T10:17:51.599+0000] {dag.py:4180} INFO - Setting next_dagrun for latest_only to 2024-11-12 04:00:00+00:00, run_after=2024-11-12 08:00:00+00:00
[2024-11-12T10:17:51.625+0000] {processor.py:208} INFO - Processing /home/airflow/.local/lib/python3.12/site-packages/airflow/example_dags/example_latest_only.py took 0.105 seconds
[2024-11-12T10:18:22.186+0000] {processor.py:186} INFO - Started process (PID=13175) to work on /home/airflow/.local/lib/python3.12/site-packages/airflow/example_dags/example_latest_only.py
[2024-11-12T10:18:22.188+0000] {processor.py:914} INFO - Processing file /home/airflow/.local/lib/python3.12/site-packages/airflow/example_dags/example_latest_only.py for tasks to queue
[2024-11-12T10:18:22.190+0000] {logging_mixin.py:190} INFO - [2024-11-12T10:18:22.189+0000] {dagbag.py:588} INFO - Filling up the DagBag from /home/airflow/.local/lib/python3.12/site-packages/airflow/example_dags/example_latest_only.py
[2024-11-12T10:18:22.202+0000] {processor.py:925} INFO - DAG(s) 'latest_only' retrieved from /home/airflow/.local/lib/python3.12/site-packages/airflow/example_dags/example_latest_only.py
[2024-11-12T10:18:22.237+0000] {logging_mixin.py:190} INFO - [2024-11-12T10:18:22.237+0000] {dag.py:3239} INFO - Sync 1 DAGs
[2024-11-12T10:18:22.286+0000] {logging_mixin.py:190} INFO - [2024-11-12T10:18:22.286+0000] {dag.py:4180} INFO - Setting next_dagrun for latest_only to 2024-11-12 04:00:00+00:00, run_after=2024-11-12 08:00:00+00:00
[2024-11-12T10:18:22.324+0000] {processor.py:208} INFO - Processing /home/airflow/.local/lib/python3.12/site-packages/airflow/example_dags/example_latest_only.py took 0.148 seconds
[2024-11-12T10:18:52.709+0000] {processor.py:186} INFO - Started process (PID=13237) to work on /home/airflow/.local/lib/python3.12/site-packages/airflow/example_dags/example_latest_only.py
[2024-11-12T10:18:52.711+0000] {processor.py:914} INFO - Processing file /home/airflow/.local/lib/python3.12/site-packages/airflow/example_dags/example_latest_only.py for tasks to queue
[2024-11-12T10:18:52.712+0000] {logging_mixin.py:190} INFO - [2024-11-12T10:18:52.712+0000] {dagbag.py:588} INFO - Filling up the DagBag from /home/airflow/.local/lib/python3.12/site-packages/airflow/example_dags/example_latest_only.py
[2024-11-12T10:18:52.722+0000] {processor.py:925} INFO - DAG(s) 'latest_only' retrieved from /home/airflow/.local/lib/python3.12/site-packages/airflow/example_dags/example_latest_only.py
[2024-11-12T10:18:52.750+0000] {logging_mixin.py:190} INFO - [2024-11-12T10:18:52.749+0000] {dag.py:3239} INFO - Sync 1 DAGs
[2024-11-12T10:18:52.783+0000] {logging_mixin.py:190} INFO - [2024-11-12T10:18:52.782+0000] {dag.py:4180} INFO - Setting next_dagrun for latest_only to 2024-11-12 04:00:00+00:00, run_after=2024-11-12 08:00:00+00:00
[2024-11-12T10:18:52.809+0000] {processor.py:208} INFO - Processing /home/airflow/.local/lib/python3.12/site-packages/airflow/example_dags/example_latest_only.py took 0.107 seconds
[2024-11-12T10:19:23.035+0000] {processor.py:186} INFO - Started process (PID=13300) to work on /home/airflow/.local/lib/python3.12/site-packages/airflow/example_dags/example_latest_only.py
[2024-11-12T10:19:23.037+0000] {processor.py:914} INFO - Processing file /home/airflow/.local/lib/python3.12/site-packages/airflow/example_dags/example_latest_only.py for tasks to queue
[2024-11-12T10:19:23.039+0000] {logging_mixin.py:190} INFO - [2024-11-12T10:19:23.038+0000] {dagbag.py:588} INFO - Filling up the DagBag from /home/airflow/.local/lib/python3.12/site-packages/airflow/example_dags/example_latest_only.py
[2024-11-12T10:19:23.050+0000] {processor.py:925} INFO - DAG(s) 'latest_only' retrieved from /home/airflow/.local/lib/python3.12/site-packages/airflow/example_dags/example_latest_only.py
[2024-11-12T10:19:23.078+0000] {logging_mixin.py:190} INFO - [2024-11-12T10:19:23.078+0000] {dag.py:3239} INFO - Sync 1 DAGs
[2024-11-12T10:19:23.110+0000] {logging_mixin.py:190} INFO - [2024-11-12T10:19:23.110+0000] {dag.py:4180} INFO - Setting next_dagrun for latest_only to 2024-11-12 04:00:00+00:00, run_after=2024-11-12 08:00:00+00:00
[2024-11-12T10:19:23.137+0000] {processor.py:208} INFO - Processing /home/airflow/.local/lib/python3.12/site-packages/airflow/example_dags/example_latest_only.py took 0.109 seconds
[2024-11-12T10:19:53.918+0000] {processor.py:186} INFO - Started process (PID=13363) to work on /home/airflow/.local/lib/python3.12/site-packages/airflow/example_dags/example_latest_only.py
[2024-11-12T10:19:53.919+0000] {processor.py:914} INFO - Processing file /home/airflow/.local/lib/python3.12/site-packages/airflow/example_dags/example_latest_only.py for tasks to queue
[2024-11-12T10:19:53.921+0000] {logging_mixin.py:190} INFO - [2024-11-12T10:19:53.921+0000] {dagbag.py:588} INFO - Filling up the DagBag from /home/airflow/.local/lib/python3.12/site-packages/airflow/example_dags/example_latest_only.py
[2024-11-12T10:19:53.931+0000] {processor.py:925} INFO - DAG(s) 'latest_only' retrieved from /home/airflow/.local/lib/python3.12/site-packages/airflow/example_dags/example_latest_only.py
[2024-11-12T10:19:53.956+0000] {logging_mixin.py:190} INFO - [2024-11-12T10:19:53.955+0000] {dag.py:3239} INFO - Sync 1 DAGs
[2024-11-12T10:19:53.986+0000] {logging_mixin.py:190} INFO - [2024-11-12T10:19:53.985+0000] {dag.py:4180} INFO - Setting next_dagrun for latest_only to 2024-11-12 04:00:00+00:00, run_after=2024-11-12 08:00:00+00:00
[2024-11-12T10:19:54.012+0000] {processor.py:208} INFO - Processing /home/airflow/.local/lib/python3.12/site-packages/airflow/example_dags/example_latest_only.py took 0.102 seconds
[2024-11-12T10:20:24.328+0000] {processor.py:186} INFO - Started process (PID=13426) to work on /home/airflow/.local/lib/python3.12/site-packages/airflow/example_dags/example_latest_only.py
[2024-11-12T10:20:24.329+0000] {processor.py:914} INFO - Processing file /home/airflow/.local/lib/python3.12/site-packages/airflow/example_dags/example_latest_only.py for tasks to queue
[2024-11-12T10:20:24.331+0000] {logging_mixin.py:190} INFO - [2024-11-12T10:20:24.331+0000] {dagbag.py:588} INFO - Filling up the DagBag from /home/airflow/.local/lib/python3.12/site-packages/airflow/example_dags/example_latest_only.py
[2024-11-12T10:20:24.344+0000] {processor.py:925} INFO - DAG(s) 'latest_only' retrieved from /home/airflow/.local/lib/python3.12/site-packages/airflow/example_dags/example_latest_only.py
[2024-11-12T10:20:24.374+0000] {logging_mixin.py:190} INFO - [2024-11-12T10:20:24.374+0000] {dag.py:3239} INFO - Sync 1 DAGs
[2024-11-12T10:20:24.413+0000] {logging_mixin.py:190} INFO - [2024-11-12T10:20:24.413+0000] {dag.py:4180} INFO - Setting next_dagrun for latest_only to 2024-11-12 04:00:00+00:00, run_after=2024-11-12 08:00:00+00:00
[2024-11-12T10:20:24.447+0000] {processor.py:208} INFO - Processing /home/airflow/.local/lib/python3.12/site-packages/airflow/example_dags/example_latest_only.py took 0.127 seconds
[2024-11-12T10:20:55.476+0000] {processor.py:186} INFO - Started process (PID=13491) to work on /home/airflow/.local/lib/python3.12/site-packages/airflow/example_dags/example_latest_only.py
[2024-11-12T10:20:55.478+0000] {processor.py:914} INFO - Processing file /home/airflow/.local/lib/python3.12/site-packages/airflow/example_dags/example_latest_only.py for tasks to queue
[2024-11-12T10:20:55.481+0000] {logging_mixin.py:190} INFO - [2024-11-12T10:20:55.480+0000] {dagbag.py:588} INFO - Filling up the DagBag from /home/airflow/.local/lib/python3.12/site-packages/airflow/example_dags/example_latest_only.py
[2024-11-12T10:20:55.500+0000] {processor.py:925} INFO - DAG(s) 'latest_only' retrieved from /home/airflow/.local/lib/python3.12/site-packages/airflow/example_dags/example_latest_only.py
[2024-11-12T10:20:55.539+0000] {logging_mixin.py:190} INFO - [2024-11-12T10:20:55.539+0000] {dag.py:3239} INFO - Sync 1 DAGs
[2024-11-12T10:20:55.590+0000] {logging_mixin.py:190} INFO - [2024-11-12T10:20:55.589+0000] {dag.py:4180} INFO - Setting next_dagrun for latest_only to 2024-11-12 04:00:00+00:00, run_after=2024-11-12 08:00:00+00:00
[2024-11-12T10:20:55.628+0000] {processor.py:208} INFO - Processing /home/airflow/.local/lib/python3.12/site-packages/airflow/example_dags/example_latest_only.py took 0.169 seconds
[2024-11-12T10:21:26.485+0000] {processor.py:186} INFO - Started process (PID=13554) to work on /home/airflow/.local/lib/python3.12/site-packages/airflow/example_dags/example_latest_only.py
[2024-11-12T10:21:26.486+0000] {processor.py:914} INFO - Processing file /home/airflow/.local/lib/python3.12/site-packages/airflow/example_dags/example_latest_only.py for tasks to queue
[2024-11-12T10:21:26.489+0000] {logging_mixin.py:190} INFO - [2024-11-12T10:21:26.488+0000] {dagbag.py:588} INFO - Filling up the DagBag from /home/airflow/.local/lib/python3.12/site-packages/airflow/example_dags/example_latest_only.py
[2024-11-12T10:21:26.502+0000] {processor.py:925} INFO - DAG(s) 'latest_only' retrieved from /home/airflow/.local/lib/python3.12/site-packages/airflow/example_dags/example_latest_only.py
[2024-11-12T10:21:26.534+0000] {logging_mixin.py:190} INFO - [2024-11-12T10:21:26.533+0000] {dag.py:3239} INFO - Sync 1 DAGs
[2024-11-12T10:21:26.573+0000] {logging_mixin.py:190} INFO - [2024-11-12T10:21:26.573+0000] {dag.py:4180} INFO - Setting next_dagrun for latest_only to 2024-11-12 04:00:00+00:00, run_after=2024-11-12 08:00:00+00:00
[2024-11-12T10:21:26.609+0000] {processor.py:208} INFO - Processing /home/airflow/.local/lib/python3.12/site-packages/airflow/example_dags/example_latest_only.py took 0.135 seconds
[2024-11-12T10:21:57.442+0000] {processor.py:186} INFO - Started process (PID=13617) to work on /home/airflow/.local/lib/python3.12/site-packages/airflow/example_dags/example_latest_only.py
[2024-11-12T10:21:57.444+0000] {processor.py:914} INFO - Processing file /home/airflow/.local/lib/python3.12/site-packages/airflow/example_dags/example_latest_only.py for tasks to queue
[2024-11-12T10:21:57.446+0000] {logging_mixin.py:190} INFO - [2024-11-12T10:21:57.445+0000] {dagbag.py:588} INFO - Filling up the DagBag from /home/airflow/.local/lib/python3.12/site-packages/airflow/example_dags/example_latest_only.py
[2024-11-12T10:21:57.457+0000] {processor.py:925} INFO - DAG(s) 'latest_only' retrieved from /home/airflow/.local/lib/python3.12/site-packages/airflow/example_dags/example_latest_only.py
[2024-11-12T10:21:57.488+0000] {logging_mixin.py:190} INFO - [2024-11-12T10:21:57.487+0000] {dag.py:3239} INFO - Sync 1 DAGs
[2024-11-12T10:21:57.522+0000] {logging_mixin.py:190} INFO - [2024-11-12T10:21:57.522+0000] {dag.py:4180} INFO - Setting next_dagrun for latest_only to 2024-11-12 04:00:00+00:00, run_after=2024-11-12 08:00:00+00:00
[2024-11-12T10:21:57.549+0000] {processor.py:208} INFO - Processing /home/airflow/.local/lib/python3.12/site-packages/airflow/example_dags/example_latest_only.py took 0.115 seconds
[2024-11-12T10:22:28.242+0000] {processor.py:186} INFO - Started process (PID=13680) to work on /home/airflow/.local/lib/python3.12/site-packages/airflow/example_dags/example_latest_only.py
[2024-11-12T10:22:28.243+0000] {processor.py:914} INFO - Processing file /home/airflow/.local/lib/python3.12/site-packages/airflow/example_dags/example_latest_only.py for tasks to queue
[2024-11-12T10:22:28.245+0000] {logging_mixin.py:190} INFO - [2024-11-12T10:22:28.244+0000] {dagbag.py:588} INFO - Filling up the DagBag from /home/airflow/.local/lib/python3.12/site-packages/airflow/example_dags/example_latest_only.py
[2024-11-12T10:22:28.254+0000] {processor.py:925} INFO - DAG(s) 'latest_only' retrieved from /home/airflow/.local/lib/python3.12/site-packages/airflow/example_dags/example_latest_only.py
[2024-11-12T10:22:28.280+0000] {logging_mixin.py:190} INFO - [2024-11-12T10:22:28.280+0000] {dag.py:3239} INFO - Sync 1 DAGs
[2024-11-12T10:22:28.315+0000] {logging_mixin.py:190} INFO - [2024-11-12T10:22:28.315+0000] {dag.py:4180} INFO - Setting next_dagrun for latest_only to 2024-11-12 04:00:00+00:00, run_after=2024-11-12 08:00:00+00:00
[2024-11-12T10:22:28.342+0000] {processor.py:208} INFO - Processing /home/airflow/.local/lib/python3.12/site-packages/airflow/example_dags/example_latest_only.py took 0.107 seconds
[2024-11-12T10:22:58.588+0000] {processor.py:186} INFO - Started process (PID=13743) to work on /home/airflow/.local/lib/python3.12/site-packages/airflow/example_dags/example_latest_only.py
[2024-11-12T10:22:58.589+0000] {processor.py:914} INFO - Processing file /home/airflow/.local/lib/python3.12/site-packages/airflow/example_dags/example_latest_only.py for tasks to queue
[2024-11-12T10:22:58.592+0000] {logging_mixin.py:190} INFO - [2024-11-12T10:22:58.591+0000] {dagbag.py:588} INFO - Filling up the DagBag from /home/airflow/.local/lib/python3.12/site-packages/airflow/example_dags/example_latest_only.py
[2024-11-12T10:22:58.602+0000] {processor.py:925} INFO - DAG(s) 'latest_only' retrieved from /home/airflow/.local/lib/python3.12/site-packages/airflow/example_dags/example_latest_only.py
[2024-11-12T10:22:58.631+0000] {logging_mixin.py:190} INFO - [2024-11-12T10:22:58.630+0000] {dag.py:3239} INFO - Sync 1 DAGs
[2024-11-12T10:22:58.664+0000] {logging_mixin.py:190} INFO - [2024-11-12T10:22:58.664+0000] {dag.py:4180} INFO - Setting next_dagrun for latest_only to 2024-11-12 04:00:00+00:00, run_after=2024-11-12 08:00:00+00:00
[2024-11-12T10:22:58.693+0000] {processor.py:208} INFO - Processing /home/airflow/.local/lib/python3.12/site-packages/airflow/example_dags/example_latest_only.py took 0.114 seconds
[2024-11-12T10:23:29.451+0000] {processor.py:186} INFO - Started process (PID=13806) to work on /home/airflow/.local/lib/python3.12/site-packages/airflow/example_dags/example_latest_only.py
[2024-11-12T10:23:29.452+0000] {processor.py:914} INFO - Processing file /home/airflow/.local/lib/python3.12/site-packages/airflow/example_dags/example_latest_only.py for tasks to queue
[2024-11-12T10:23:29.455+0000] {logging_mixin.py:190} INFO - [2024-11-12T10:23:29.454+0000] {dagbag.py:588} INFO - Filling up the DagBag from /home/airflow/.local/lib/python3.12/site-packages/airflow/example_dags/example_latest_only.py
[2024-11-12T10:23:29.466+0000] {processor.py:925} INFO - DAG(s) 'latest_only' retrieved from /home/airflow/.local/lib/python3.12/site-packages/airflow/example_dags/example_latest_only.py
[2024-11-12T10:23:29.495+0000] {logging_mixin.py:190} INFO - [2024-11-12T10:23:29.494+0000] {dag.py:3239} INFO - Sync 1 DAGs
[2024-11-12T10:23:29.531+0000] {logging_mixin.py:190} INFO - [2024-11-12T10:23:29.531+0000] {dag.py:4180} INFO - Setting next_dagrun for latest_only to 2024-11-12 04:00:00+00:00, run_after=2024-11-12 08:00:00+00:00
[2024-11-12T10:23:29.560+0000] {processor.py:208} INFO - Processing /home/airflow/.local/lib/python3.12/site-packages/airflow/example_dags/example_latest_only.py took 0.116 seconds
[2024-11-12T10:24:00.452+0000] {processor.py:186} INFO - Started process (PID=13869) to work on /home/airflow/.local/lib/python3.12/site-packages/airflow/example_dags/example_latest_only.py
[2024-11-12T10:24:00.454+0000] {processor.py:914} INFO - Processing file /home/airflow/.local/lib/python3.12/site-packages/airflow/example_dags/example_latest_only.py for tasks to queue
[2024-11-12T10:24:00.457+0000] {logging_mixin.py:190} INFO - [2024-11-12T10:24:00.456+0000] {dagbag.py:588} INFO - Filling up the DagBag from /home/airflow/.local/lib/python3.12/site-packages/airflow/example_dags/example_latest_only.py
[2024-11-12T10:24:00.469+0000] {processor.py:925} INFO - DAG(s) 'latest_only' retrieved from /home/airflow/.local/lib/python3.12/site-packages/airflow/example_dags/example_latest_only.py
[2024-11-12T10:24:00.495+0000] {logging_mixin.py:190} INFO - [2024-11-12T10:24:00.494+0000] {dag.py:3239} INFO - Sync 1 DAGs
[2024-11-12T10:24:00.529+0000] {logging_mixin.py:190} INFO - [2024-11-12T10:24:00.529+0000] {dag.py:4180} INFO - Setting next_dagrun for latest_only to 2024-11-12 04:00:00+00:00, run_after=2024-11-12 08:00:00+00:00
[2024-11-12T10:24:00.555+0000] {processor.py:208} INFO - Processing /home/airflow/.local/lib/python3.12/site-packages/airflow/example_dags/example_latest_only.py took 0.114 seconds
[2024-11-12T10:24:31.197+0000] {processor.py:186} INFO - Started process (PID=13932) to work on /home/airflow/.local/lib/python3.12/site-packages/airflow/example_dags/example_latest_only.py
[2024-11-12T10:24:31.201+0000] {processor.py:914} INFO - Processing file /home/airflow/.local/lib/python3.12/site-packages/airflow/example_dags/example_latest_only.py for tasks to queue
[2024-11-12T10:24:31.206+0000] {logging_mixin.py:190} INFO - [2024-11-12T10:24:31.205+0000] {dagbag.py:588} INFO - Filling up the DagBag from /home/airflow/.local/lib/python3.12/site-packages/airflow/example_dags/example_latest_only.py
[2024-11-12T10:24:31.222+0000] {processor.py:925} INFO - DAG(s) 'latest_only' retrieved from /home/airflow/.local/lib/python3.12/site-packages/airflow/example_dags/example_latest_only.py
[2024-11-12T10:24:31.268+0000] {logging_mixin.py:190} INFO - [2024-11-12T10:24:31.267+0000] {dag.py:3239} INFO - Sync 1 DAGs
[2024-11-12T10:24:31.319+0000] {logging_mixin.py:190} INFO - [2024-11-12T10:24:31.318+0000] {dag.py:4180} INFO - Setting next_dagrun for latest_only to 2024-11-12 04:00:00+00:00, run_after=2024-11-12 08:00:00+00:00
[2024-11-12T10:24:31.351+0000] {processor.py:208} INFO - Processing /home/airflow/.local/lib/python3.12/site-packages/airflow/example_dags/example_latest_only.py took 0.173 seconds
[2024-11-12T10:25:01.885+0000] {processor.py:186} INFO - Started process (PID=13995) to work on /home/airflow/.local/lib/python3.12/site-packages/airflow/example_dags/example_latest_only.py
[2024-11-12T10:25:01.887+0000] {processor.py:914} INFO - Processing file /home/airflow/.local/lib/python3.12/site-packages/airflow/example_dags/example_latest_only.py for tasks to queue
[2024-11-12T10:25:01.890+0000] {logging_mixin.py:190} INFO - [2024-11-12T10:25:01.889+0000] {dagbag.py:588} INFO - Filling up the DagBag from /home/airflow/.local/lib/python3.12/site-packages/airflow/example_dags/example_latest_only.py
[2024-11-12T10:25:01.910+0000] {processor.py:925} INFO - DAG(s) 'latest_only' retrieved from /home/airflow/.local/lib/python3.12/site-packages/airflow/example_dags/example_latest_only.py
[2024-11-12T10:25:01.953+0000] {logging_mixin.py:190} INFO - [2024-11-12T10:25:01.953+0000] {dag.py:3239} INFO - Sync 1 DAGs
[2024-11-12T10:25:02.009+0000] {logging_mixin.py:190} INFO - [2024-11-12T10:25:02.008+0000] {dag.py:4180} INFO - Setting next_dagrun for latest_only to 2024-11-12 04:00:00+00:00, run_after=2024-11-12 08:00:00+00:00
[2024-11-12T10:25:02.050+0000] {processor.py:208} INFO - Processing /home/airflow/.local/lib/python3.12/site-packages/airflow/example_dags/example_latest_only.py took 0.177 seconds
[2024-11-12T10:25:32.706+0000] {processor.py:186} INFO - Started process (PID=14058) to work on /home/airflow/.local/lib/python3.12/site-packages/airflow/example_dags/example_latest_only.py
[2024-11-12T10:25:32.709+0000] {processor.py:914} INFO - Processing file /home/airflow/.local/lib/python3.12/site-packages/airflow/example_dags/example_latest_only.py for tasks to queue
[2024-11-12T10:25:32.712+0000] {logging_mixin.py:190} INFO - [2024-11-12T10:25:32.711+0000] {dagbag.py:588} INFO - Filling up the DagBag from /home/airflow/.local/lib/python3.12/site-packages/airflow/example_dags/example_latest_only.py
[2024-11-12T10:25:32.732+0000] {processor.py:925} INFO - DAG(s) 'latest_only' retrieved from /home/airflow/.local/lib/python3.12/site-packages/airflow/example_dags/example_latest_only.py
[2024-11-12T10:25:32.770+0000] {logging_mixin.py:190} INFO - [2024-11-12T10:25:32.769+0000] {dag.py:3239} INFO - Sync 1 DAGs
[2024-11-12T10:25:32.810+0000] {logging_mixin.py:190} INFO - [2024-11-12T10:25:32.810+0000] {dag.py:4180} INFO - Setting next_dagrun for latest_only to 2024-11-12 04:00:00+00:00, run_after=2024-11-12 08:00:00+00:00
[2024-11-12T10:25:32.852+0000] {processor.py:208} INFO - Processing /home/airflow/.local/lib/python3.12/site-packages/airflow/example_dags/example_latest_only.py took 0.164 seconds
[2024-11-12T10:26:03.046+0000] {processor.py:186} INFO - Started process (PID=14121) to work on /home/airflow/.local/lib/python3.12/site-packages/airflow/example_dags/example_latest_only.py
[2024-11-12T10:26:03.047+0000] {processor.py:914} INFO - Processing file /home/airflow/.local/lib/python3.12/site-packages/airflow/example_dags/example_latest_only.py for tasks to queue
[2024-11-12T10:26:03.049+0000] {logging_mixin.py:190} INFO - [2024-11-12T10:26:03.048+0000] {dagbag.py:588} INFO - Filling up the DagBag from /home/airflow/.local/lib/python3.12/site-packages/airflow/example_dags/example_latest_only.py
[2024-11-12T10:26:03.061+0000] {processor.py:925} INFO - DAG(s) 'latest_only' retrieved from /home/airflow/.local/lib/python3.12/site-packages/airflow/example_dags/example_latest_only.py
[2024-11-12T10:26:03.089+0000] {logging_mixin.py:190} INFO - [2024-11-12T10:26:03.089+0000] {dag.py:3239} INFO - Sync 1 DAGs
[2024-11-12T10:26:03.120+0000] {logging_mixin.py:190} INFO - [2024-11-12T10:26:03.120+0000] {dag.py:4180} INFO - Setting next_dagrun for latest_only to 2024-11-12 04:00:00+00:00, run_after=2024-11-12 08:00:00+00:00
[2024-11-12T10:26:03.146+0000] {processor.py:208} INFO - Processing /home/airflow/.local/lib/python3.12/site-packages/airflow/example_dags/example_latest_only.py took 0.110 seconds
[2024-11-12T10:26:33.436+0000] {processor.py:186} INFO - Started process (PID=14185) to work on /home/airflow/.local/lib/python3.12/site-packages/airflow/example_dags/example_latest_only.py
[2024-11-12T10:26:33.438+0000] {processor.py:914} INFO - Processing file /home/airflow/.local/lib/python3.12/site-packages/airflow/example_dags/example_latest_only.py for tasks to queue
[2024-11-12T10:26:33.440+0000] {logging_mixin.py:190} INFO - [2024-11-12T10:26:33.439+0000] {dagbag.py:588} INFO - Filling up the DagBag from /home/airflow/.local/lib/python3.12/site-packages/airflow/example_dags/example_latest_only.py
[2024-11-12T10:26:33.450+0000] {processor.py:925} INFO - DAG(s) 'latest_only' retrieved from /home/airflow/.local/lib/python3.12/site-packages/airflow/example_dags/example_latest_only.py
[2024-11-12T10:26:33.479+0000] {logging_mixin.py:190} INFO - [2024-11-12T10:26:33.478+0000] {dag.py:3239} INFO - Sync 1 DAGs
[2024-11-12T10:26:33.516+0000] {logging_mixin.py:190} INFO - [2024-11-12T10:26:33.515+0000] {dag.py:4180} INFO - Setting next_dagrun for latest_only to 2024-11-12 04:00:00+00:00, run_after=2024-11-12 08:00:00+00:00
[2024-11-12T10:26:33.544+0000] {processor.py:208} INFO - Processing /home/airflow/.local/lib/python3.12/site-packages/airflow/example_dags/example_latest_only.py took 0.116 seconds
[2024-11-12T10:27:04.352+0000] {processor.py:186} INFO - Started process (PID=14248) to work on /home/airflow/.local/lib/python3.12/site-packages/airflow/example_dags/example_latest_only.py
[2024-11-12T10:27:04.353+0000] {processor.py:914} INFO - Processing file /home/airflow/.local/lib/python3.12/site-packages/airflow/example_dags/example_latest_only.py for tasks to queue
[2024-11-12T10:27:04.355+0000] {logging_mixin.py:190} INFO - [2024-11-12T10:27:04.355+0000] {dagbag.py:588} INFO - Filling up the DagBag from /home/airflow/.local/lib/python3.12/site-packages/airflow/example_dags/example_latest_only.py
[2024-11-12T10:27:04.366+0000] {processor.py:925} INFO - DAG(s) 'latest_only' retrieved from /home/airflow/.local/lib/python3.12/site-packages/airflow/example_dags/example_latest_only.py
[2024-11-12T10:27:04.395+0000] {logging_mixin.py:190} INFO - [2024-11-12T10:27:04.394+0000] {dag.py:3239} INFO - Sync 1 DAGs
[2024-11-12T10:27:04.433+0000] {logging_mixin.py:190} INFO - [2024-11-12T10:27:04.432+0000] {dag.py:4180} INFO - Setting next_dagrun for latest_only to 2024-11-12 04:00:00+00:00, run_after=2024-11-12 08:00:00+00:00
[2024-11-12T10:27:04.463+0000] {processor.py:208} INFO - Processing /home/airflow/.local/lib/python3.12/site-packages/airflow/example_dags/example_latest_only.py took 0.119 seconds
[2024-11-12T10:27:35.323+0000] {processor.py:186} INFO - Started process (PID=14311) to work on /home/airflow/.local/lib/python3.12/site-packages/airflow/example_dags/example_latest_only.py
[2024-11-12T10:27:35.324+0000] {processor.py:914} INFO - Processing file /home/airflow/.local/lib/python3.12/site-packages/airflow/example_dags/example_latest_only.py for tasks to queue
[2024-11-12T10:27:35.326+0000] {logging_mixin.py:190} INFO - [2024-11-12T10:27:35.325+0000] {dagbag.py:588} INFO - Filling up the DagBag from /home/airflow/.local/lib/python3.12/site-packages/airflow/example_dags/example_latest_only.py
[2024-11-12T10:27:35.336+0000] {processor.py:925} INFO - DAG(s) 'latest_only' retrieved from /home/airflow/.local/lib/python3.12/site-packages/airflow/example_dags/example_latest_only.py
[2024-11-12T10:27:35.359+0000] {logging_mixin.py:190} INFO - [2024-11-12T10:27:35.359+0000] {dag.py:3239} INFO - Sync 1 DAGs
[2024-11-12T10:27:35.395+0000] {logging_mixin.py:190} INFO - [2024-11-12T10:27:35.395+0000] {dag.py:4180} INFO - Setting next_dagrun for latest_only to 2024-11-12 04:00:00+00:00, run_after=2024-11-12 08:00:00+00:00
[2024-11-12T10:27:35.420+0000] {processor.py:208} INFO - Processing /home/airflow/.local/lib/python3.12/site-packages/airflow/example_dags/example_latest_only.py took 0.104 seconds
[2024-11-12T10:28:06.126+0000] {processor.py:186} INFO - Started process (PID=14374) to work on /home/airflow/.local/lib/python3.12/site-packages/airflow/example_dags/example_latest_only.py
[2024-11-12T10:28:06.128+0000] {processor.py:914} INFO - Processing file /home/airflow/.local/lib/python3.12/site-packages/airflow/example_dags/example_latest_only.py for tasks to queue
[2024-11-12T10:28:06.131+0000] {logging_mixin.py:190} INFO - [2024-11-12T10:28:06.130+0000] {dagbag.py:588} INFO - Filling up the DagBag from /home/airflow/.local/lib/python3.12/site-packages/airflow/example_dags/example_latest_only.py
[2024-11-12T10:28:06.147+0000] {processor.py:925} INFO - DAG(s) 'latest_only' retrieved from /home/airflow/.local/lib/python3.12/site-packages/airflow/example_dags/example_latest_only.py
[2024-11-12T10:28:06.177+0000] {logging_mixin.py:190} INFO - [2024-11-12T10:28:06.177+0000] {dag.py:3239} INFO - Sync 1 DAGs
[2024-11-12T10:28:06.211+0000] {logging_mixin.py:190} INFO - [2024-11-12T10:28:06.211+0000] {dag.py:4180} INFO - Setting next_dagrun for latest_only to 2024-11-12 04:00:00+00:00, run_after=2024-11-12 08:00:00+00:00
[2024-11-12T10:28:06.239+0000] {processor.py:208} INFO - Processing /home/airflow/.local/lib/python3.12/site-packages/airflow/example_dags/example_latest_only.py took 0.122 seconds
