[2024-11-12T10:13:44.577+0000] {processor.py:186} INFO - Started process (PID=12614) to work on /home/airflow/.local/lib/python3.12/site-packages/airflow/example_dags/example_nested_branch_dag.py
[2024-11-12T10:13:44.579+0000] {processor.py:914} INFO - Processing file /home/airflow/.local/lib/python3.12/site-packages/airflow/example_dags/example_nested_branch_dag.py for tasks to queue
[2024-11-12T10:13:44.581+0000] {logging_mixin.py:190} INFO - [2024-11-12T10:13:44.581+0000] {dagbag.py:588} INFO - Filling up the DagBag from /home/airflow/.local/lib/python3.12/site-packages/airflow/example_dags/example_nested_branch_dag.py
[2024-11-12T10:13:44.602+0000] {processor.py:925} INFO - DAG(s) 'example_nested_branch_dag' retrieved from /home/airflow/.local/lib/python3.12/site-packages/airflow/example_dags/example_nested_branch_dag.py
[2024-11-12T10:13:44.648+0000] {logging_mixin.py:190} INFO - [2024-11-12T10:13:44.647+0000] {dag.py:3239} INFO - Sync 1 DAGs
[2024-11-12T10:13:44.699+0000] {logging_mixin.py:190} INFO - [2024-11-12T10:13:44.699+0000] {dag.py:4180} INFO - Setting next_dagrun for example_nested_branch_dag to 2024-11-11 00:00:00+00:00, run_after=2024-11-12 00:00:00+00:00
[2024-11-12T10:13:44.734+0000] {processor.py:208} INFO - Processing /home/airflow/.local/lib/python3.12/site-packages/airflow/example_dags/example_nested_branch_dag.py took 0.170 seconds
[2024-11-12T10:14:15.596+0000] {processor.py:186} INFO - Started process (PID=12676) to work on /home/airflow/.local/lib/python3.12/site-packages/airflow/example_dags/example_nested_branch_dag.py
[2024-11-12T10:14:15.598+0000] {processor.py:914} INFO - Processing file /home/airflow/.local/lib/python3.12/site-packages/airflow/example_dags/example_nested_branch_dag.py for tasks to queue
[2024-11-12T10:14:15.600+0000] {logging_mixin.py:190} INFO - [2024-11-12T10:14:15.599+0000] {dagbag.py:588} INFO - Filling up the DagBag from /home/airflow/.local/lib/python3.12/site-packages/airflow/example_dags/example_nested_branch_dag.py
[2024-11-12T10:14:15.616+0000] {processor.py:925} INFO - DAG(s) 'example_nested_branch_dag' retrieved from /home/airflow/.local/lib/python3.12/site-packages/airflow/example_dags/example_nested_branch_dag.py
[2024-11-12T10:14:15.644+0000] {logging_mixin.py:190} INFO - [2024-11-12T10:14:15.644+0000] {dag.py:3239} INFO - Sync 1 DAGs
[2024-11-12T10:14:15.676+0000] {logging_mixin.py:190} INFO - [2024-11-12T10:14:15.676+0000] {dag.py:4180} INFO - Setting next_dagrun for example_nested_branch_dag to 2024-11-11 00:00:00+00:00, run_after=2024-11-12 00:00:00+00:00
[2024-11-12T10:14:15.700+0000] {processor.py:208} INFO - Processing /home/airflow/.local/lib/python3.12/site-packages/airflow/example_dags/example_nested_branch_dag.py took 0.112 seconds
[2024-11-12T10:14:46.205+0000] {processor.py:186} INFO - Started process (PID=12738) to work on /home/airflow/.local/lib/python3.12/site-packages/airflow/example_dags/example_nested_branch_dag.py
[2024-11-12T10:14:46.207+0000] {processor.py:914} INFO - Processing file /home/airflow/.local/lib/python3.12/site-packages/airflow/example_dags/example_nested_branch_dag.py for tasks to queue
[2024-11-12T10:14:46.210+0000] {logging_mixin.py:190} INFO - [2024-11-12T10:14:46.209+0000] {dagbag.py:588} INFO - Filling up the DagBag from /home/airflow/.local/lib/python3.12/site-packages/airflow/example_dags/example_nested_branch_dag.py
[2024-11-12T10:14:46.239+0000] {processor.py:925} INFO - DAG(s) 'example_nested_branch_dag' retrieved from /home/airflow/.local/lib/python3.12/site-packages/airflow/example_dags/example_nested_branch_dag.py
[2024-11-12T10:14:46.348+0000] {logging_mixin.py:190} INFO - [2024-11-12T10:14:46.346+0000] {dag.py:3239} INFO - Sync 1 DAGs
[2024-11-12T10:14:46.487+0000] {logging_mixin.py:190} INFO - [2024-11-12T10:14:46.486+0000] {dag.py:4180} INFO - Setting next_dagrun for example_nested_branch_dag to 2024-11-11 00:00:00+00:00, run_after=2024-11-12 00:00:00+00:00
[2024-11-12T10:14:46.575+0000] {processor.py:208} INFO - Processing /home/airflow/.local/lib/python3.12/site-packages/airflow/example_dags/example_nested_branch_dag.py took 0.388 seconds
[2024-11-12T10:15:17.818+0000] {processor.py:186} INFO - Started process (PID=12801) to work on /home/airflow/.local/lib/python3.12/site-packages/airflow/example_dags/example_nested_branch_dag.py
[2024-11-12T10:15:17.821+0000] {processor.py:914} INFO - Processing file /home/airflow/.local/lib/python3.12/site-packages/airflow/example_dags/example_nested_branch_dag.py for tasks to queue
[2024-11-12T10:15:17.825+0000] {logging_mixin.py:190} INFO - [2024-11-12T10:15:17.824+0000] {dagbag.py:588} INFO - Filling up the DagBag from /home/airflow/.local/lib/python3.12/site-packages/airflow/example_dags/example_nested_branch_dag.py
[2024-11-12T10:15:17.879+0000] {processor.py:925} INFO - DAG(s) 'example_nested_branch_dag' retrieved from /home/airflow/.local/lib/python3.12/site-packages/airflow/example_dags/example_nested_branch_dag.py
[2024-11-12T10:15:17.970+0000] {logging_mixin.py:190} INFO - [2024-11-12T10:15:17.969+0000] {dag.py:3239} INFO - Sync 1 DAGs
[2024-11-12T10:15:18.103+0000] {logging_mixin.py:190} INFO - [2024-11-12T10:15:18.103+0000] {dag.py:4180} INFO - Setting next_dagrun for example_nested_branch_dag to 2024-11-11 00:00:00+00:00, run_after=2024-11-12 00:00:00+00:00
[2024-11-12T10:15:18.201+0000] {processor.py:208} INFO - Processing /home/airflow/.local/lib/python3.12/site-packages/airflow/example_dags/example_nested_branch_dag.py took 0.405 seconds
[2024-11-12T10:15:48.294+0000] {processor.py:186} INFO - Started process (PID=12864) to work on /home/airflow/.local/lib/python3.12/site-packages/airflow/example_dags/example_nested_branch_dag.py
[2024-11-12T10:15:48.296+0000] {processor.py:914} INFO - Processing file /home/airflow/.local/lib/python3.12/site-packages/airflow/example_dags/example_nested_branch_dag.py for tasks to queue
[2024-11-12T10:15:48.298+0000] {logging_mixin.py:190} INFO - [2024-11-12T10:15:48.297+0000] {dagbag.py:588} INFO - Filling up the DagBag from /home/airflow/.local/lib/python3.12/site-packages/airflow/example_dags/example_nested_branch_dag.py
[2024-11-12T10:15:48.315+0000] {processor.py:925} INFO - DAG(s) 'example_nested_branch_dag' retrieved from /home/airflow/.local/lib/python3.12/site-packages/airflow/example_dags/example_nested_branch_dag.py
[2024-11-12T10:15:48.349+0000] {logging_mixin.py:190} INFO - [2024-11-12T10:15:48.349+0000] {dag.py:3239} INFO - Sync 1 DAGs
[2024-11-12T10:15:48.397+0000] {logging_mixin.py:190} INFO - [2024-11-12T10:15:48.396+0000] {dag.py:4180} INFO - Setting next_dagrun for example_nested_branch_dag to 2024-11-11 00:00:00+00:00, run_after=2024-11-12 00:00:00+00:00
[2024-11-12T10:15:48.440+0000] {processor.py:208} INFO - Processing /home/airflow/.local/lib/python3.12/site-packages/airflow/example_dags/example_nested_branch_dag.py took 0.154 seconds
[2024-11-12T10:16:18.807+0000] {processor.py:186} INFO - Started process (PID=12926) to work on /home/airflow/.local/lib/python3.12/site-packages/airflow/example_dags/example_nested_branch_dag.py
[2024-11-12T10:16:18.808+0000] {processor.py:914} INFO - Processing file /home/airflow/.local/lib/python3.12/site-packages/airflow/example_dags/example_nested_branch_dag.py for tasks to queue
[2024-11-12T10:16:18.811+0000] {logging_mixin.py:190} INFO - [2024-11-12T10:16:18.810+0000] {dagbag.py:588} INFO - Filling up the DagBag from /home/airflow/.local/lib/python3.12/site-packages/airflow/example_dags/example_nested_branch_dag.py
[2024-11-12T10:16:18.835+0000] {processor.py:925} INFO - DAG(s) 'example_nested_branch_dag' retrieved from /home/airflow/.local/lib/python3.12/site-packages/airflow/example_dags/example_nested_branch_dag.py
[2024-11-12T10:16:18.879+0000] {logging_mixin.py:190} INFO - [2024-11-12T10:16:18.878+0000] {dag.py:3239} INFO - Sync 1 DAGs
[2024-11-12T10:16:18.943+0000] {logging_mixin.py:190} INFO - [2024-11-12T10:16:18.942+0000] {dag.py:4180} INFO - Setting next_dagrun for example_nested_branch_dag to 2024-11-11 00:00:00+00:00, run_after=2024-11-12 00:00:00+00:00
[2024-11-12T10:16:18.978+0000] {processor.py:208} INFO - Processing /home/airflow/.local/lib/python3.12/site-packages/airflow/example_dags/example_nested_branch_dag.py took 0.184 seconds
[2024-11-12T10:16:49.277+0000] {processor.py:186} INFO - Started process (PID=12988) to work on /home/airflow/.local/lib/python3.12/site-packages/airflow/example_dags/example_nested_branch_dag.py
[2024-11-12T10:16:49.278+0000] {processor.py:914} INFO - Processing file /home/airflow/.local/lib/python3.12/site-packages/airflow/example_dags/example_nested_branch_dag.py for tasks to queue
[2024-11-12T10:16:49.281+0000] {logging_mixin.py:190} INFO - [2024-11-12T10:16:49.280+0000] {dagbag.py:588} INFO - Filling up the DagBag from /home/airflow/.local/lib/python3.12/site-packages/airflow/example_dags/example_nested_branch_dag.py
[2024-11-12T10:16:49.300+0000] {processor.py:925} INFO - DAG(s) 'example_nested_branch_dag' retrieved from /home/airflow/.local/lib/python3.12/site-packages/airflow/example_dags/example_nested_branch_dag.py
[2024-11-12T10:16:49.346+0000] {logging_mixin.py:190} INFO - [2024-11-12T10:16:49.345+0000] {dag.py:3239} INFO - Sync 1 DAGs
[2024-11-12T10:16:49.403+0000] {logging_mixin.py:190} INFO - [2024-11-12T10:16:49.402+0000] {dag.py:4180} INFO - Setting next_dagrun for example_nested_branch_dag to 2024-11-11 00:00:00+00:00, run_after=2024-11-12 00:00:00+00:00
[2024-11-12T10:16:49.441+0000] {processor.py:208} INFO - Processing /home/airflow/.local/lib/python3.12/site-packages/airflow/example_dags/example_nested_branch_dag.py took 0.174 seconds
[2024-11-12T10:17:20.196+0000] {processor.py:186} INFO - Started process (PID=13050) to work on /home/airflow/.local/lib/python3.12/site-packages/airflow/example_dags/example_nested_branch_dag.py
[2024-11-12T10:17:20.199+0000] {processor.py:914} INFO - Processing file /home/airflow/.local/lib/python3.12/site-packages/airflow/example_dags/example_nested_branch_dag.py for tasks to queue
[2024-11-12T10:17:20.201+0000] {logging_mixin.py:190} INFO - [2024-11-12T10:17:20.200+0000] {dagbag.py:588} INFO - Filling up the DagBag from /home/airflow/.local/lib/python3.12/site-packages/airflow/example_dags/example_nested_branch_dag.py
[2024-11-12T10:17:20.218+0000] {processor.py:925} INFO - DAG(s) 'example_nested_branch_dag' retrieved from /home/airflow/.local/lib/python3.12/site-packages/airflow/example_dags/example_nested_branch_dag.py
[2024-11-12T10:17:20.254+0000] {logging_mixin.py:190} INFO - [2024-11-12T10:17:20.253+0000] {dag.py:3239} INFO - Sync 1 DAGs
[2024-11-12T10:17:20.289+0000] {logging_mixin.py:190} INFO - [2024-11-12T10:17:20.289+0000] {dag.py:4180} INFO - Setting next_dagrun for example_nested_branch_dag to 2024-11-11 00:00:00+00:00, run_after=2024-11-12 00:00:00+00:00
[2024-11-12T10:17:20.315+0000] {processor.py:208} INFO - Processing /home/airflow/.local/lib/python3.12/site-packages/airflow/example_dags/example_nested_branch_dag.py took 0.129 seconds
[2024-11-12T10:17:50.402+0000] {processor.py:186} INFO - Started process (PID=13112) to work on /home/airflow/.local/lib/python3.12/site-packages/airflow/example_dags/example_nested_branch_dag.py
[2024-11-12T10:17:50.403+0000] {processor.py:914} INFO - Processing file /home/airflow/.local/lib/python3.12/site-packages/airflow/example_dags/example_nested_branch_dag.py for tasks to queue
[2024-11-12T10:17:50.407+0000] {logging_mixin.py:190} INFO - [2024-11-12T10:17:50.406+0000] {dagbag.py:588} INFO - Filling up the DagBag from /home/airflow/.local/lib/python3.12/site-packages/airflow/example_dags/example_nested_branch_dag.py
[2024-11-12T10:17:50.439+0000] {processor.py:925} INFO - DAG(s) 'example_nested_branch_dag' retrieved from /home/airflow/.local/lib/python3.12/site-packages/airflow/example_dags/example_nested_branch_dag.py
[2024-11-12T10:17:50.499+0000] {logging_mixin.py:190} INFO - [2024-11-12T10:17:50.498+0000] {dag.py:3239} INFO - Sync 1 DAGs
[2024-11-12T10:17:50.550+0000] {logging_mixin.py:190} INFO - [2024-11-12T10:17:50.549+0000] {dag.py:4180} INFO - Setting next_dagrun for example_nested_branch_dag to 2024-11-11 00:00:00+00:00, run_after=2024-11-12 00:00:00+00:00
[2024-11-12T10:17:50.584+0000] {processor.py:208} INFO - Processing /home/airflow/.local/lib/python3.12/site-packages/airflow/example_dags/example_nested_branch_dag.py took 0.193 seconds
[2024-11-12T10:18:21.000+0000] {processor.py:186} INFO - Started process (PID=13174) to work on /home/airflow/.local/lib/python3.12/site-packages/airflow/example_dags/example_nested_branch_dag.py
[2024-11-12T10:18:21.002+0000] {processor.py:914} INFO - Processing file /home/airflow/.local/lib/python3.12/site-packages/airflow/example_dags/example_nested_branch_dag.py for tasks to queue
[2024-11-12T10:18:21.005+0000] {logging_mixin.py:190} INFO - [2024-11-12T10:18:21.004+0000] {dagbag.py:588} INFO - Filling up the DagBag from /home/airflow/.local/lib/python3.12/site-packages/airflow/example_dags/example_nested_branch_dag.py
[2024-11-12T10:18:21.026+0000] {processor.py:925} INFO - DAG(s) 'example_nested_branch_dag' retrieved from /home/airflow/.local/lib/python3.12/site-packages/airflow/example_dags/example_nested_branch_dag.py
[2024-11-12T10:18:21.067+0000] {logging_mixin.py:190} INFO - [2024-11-12T10:18:21.066+0000] {dag.py:3239} INFO - Sync 1 DAGs
[2024-11-12T10:18:21.114+0000] {logging_mixin.py:190} INFO - [2024-11-12T10:18:21.113+0000] {dag.py:4180} INFO - Setting next_dagrun for example_nested_branch_dag to 2024-11-11 00:00:00+00:00, run_after=2024-11-12 00:00:00+00:00
[2024-11-12T10:18:21.149+0000] {processor.py:208} INFO - Processing /home/airflow/.local/lib/python3.12/site-packages/airflow/example_dags/example_nested_branch_dag.py took 0.163 seconds
[2024-11-12T10:18:51.700+0000] {processor.py:186} INFO - Started process (PID=13236) to work on /home/airflow/.local/lib/python3.12/site-packages/airflow/example_dags/example_nested_branch_dag.py
[2024-11-12T10:18:51.702+0000] {processor.py:914} INFO - Processing file /home/airflow/.local/lib/python3.12/site-packages/airflow/example_dags/example_nested_branch_dag.py for tasks to queue
[2024-11-12T10:18:51.704+0000] {logging_mixin.py:190} INFO - [2024-11-12T10:18:51.704+0000] {dagbag.py:588} INFO - Filling up the DagBag from /home/airflow/.local/lib/python3.12/site-packages/airflow/example_dags/example_nested_branch_dag.py
[2024-11-12T10:18:51.728+0000] {processor.py:925} INFO - DAG(s) 'example_nested_branch_dag' retrieved from /home/airflow/.local/lib/python3.12/site-packages/airflow/example_dags/example_nested_branch_dag.py
[2024-11-12T10:18:51.772+0000] {logging_mixin.py:190} INFO - [2024-11-12T10:18:51.771+0000] {dag.py:3239} INFO - Sync 1 DAGs
[2024-11-12T10:18:51.823+0000] {logging_mixin.py:190} INFO - [2024-11-12T10:18:51.822+0000] {dag.py:4180} INFO - Setting next_dagrun for example_nested_branch_dag to 2024-11-11 00:00:00+00:00, run_after=2024-11-12 00:00:00+00:00
[2024-11-12T10:18:51.858+0000] {processor.py:208} INFO - Processing /home/airflow/.local/lib/python3.12/site-packages/airflow/example_dags/example_nested_branch_dag.py took 0.169 seconds
[2024-11-12T10:19:22.018+0000] {processor.py:186} INFO - Started process (PID=13299) to work on /home/airflow/.local/lib/python3.12/site-packages/airflow/example_dags/example_nested_branch_dag.py
[2024-11-12T10:19:22.019+0000] {processor.py:914} INFO - Processing file /home/airflow/.local/lib/python3.12/site-packages/airflow/example_dags/example_nested_branch_dag.py for tasks to queue
[2024-11-12T10:19:22.023+0000] {logging_mixin.py:190} INFO - [2024-11-12T10:19:22.022+0000] {dagbag.py:588} INFO - Filling up the DagBag from /home/airflow/.local/lib/python3.12/site-packages/airflow/example_dags/example_nested_branch_dag.py
[2024-11-12T10:19:22.045+0000] {processor.py:925} INFO - DAG(s) 'example_nested_branch_dag' retrieved from /home/airflow/.local/lib/python3.12/site-packages/airflow/example_dags/example_nested_branch_dag.py
[2024-11-12T10:19:22.084+0000] {logging_mixin.py:190} INFO - [2024-11-12T10:19:22.083+0000] {dag.py:3239} INFO - Sync 1 DAGs
[2024-11-12T10:19:22.134+0000] {logging_mixin.py:190} INFO - [2024-11-12T10:19:22.134+0000] {dag.py:4180} INFO - Setting next_dagrun for example_nested_branch_dag to 2024-11-11 00:00:00+00:00, run_after=2024-11-12 00:00:00+00:00
[2024-11-12T10:19:22.173+0000] {processor.py:208} INFO - Processing /home/airflow/.local/lib/python3.12/site-packages/airflow/example_dags/example_nested_branch_dag.py took 0.166 seconds
[2024-11-12T10:19:52.750+0000] {processor.py:186} INFO - Started process (PID=13362) to work on /home/airflow/.local/lib/python3.12/site-packages/airflow/example_dags/example_nested_branch_dag.py
[2024-11-12T10:19:52.752+0000] {processor.py:914} INFO - Processing file /home/airflow/.local/lib/python3.12/site-packages/airflow/example_dags/example_nested_branch_dag.py for tasks to queue
[2024-11-12T10:19:52.754+0000] {logging_mixin.py:190} INFO - [2024-11-12T10:19:52.754+0000] {dagbag.py:588} INFO - Filling up the DagBag from /home/airflow/.local/lib/python3.12/site-packages/airflow/example_dags/example_nested_branch_dag.py
[2024-11-12T10:19:52.773+0000] {processor.py:925} INFO - DAG(s) 'example_nested_branch_dag' retrieved from /home/airflow/.local/lib/python3.12/site-packages/airflow/example_dags/example_nested_branch_dag.py
[2024-11-12T10:19:52.808+0000] {logging_mixin.py:190} INFO - [2024-11-12T10:19:52.807+0000] {dag.py:3239} INFO - Sync 1 DAGs
[2024-11-12T10:19:52.850+0000] {logging_mixin.py:190} INFO - [2024-11-12T10:19:52.849+0000] {dag.py:4180} INFO - Setting next_dagrun for example_nested_branch_dag to 2024-11-11 00:00:00+00:00, run_after=2024-11-12 00:00:00+00:00
[2024-11-12T10:19:52.882+0000] {processor.py:208} INFO - Processing /home/airflow/.local/lib/python3.12/site-packages/airflow/example_dags/example_nested_branch_dag.py took 0.142 seconds
[2024-11-12T10:20:23.259+0000] {processor.py:186} INFO - Started process (PID=13425) to work on /home/airflow/.local/lib/python3.12/site-packages/airflow/example_dags/example_nested_branch_dag.py
[2024-11-12T10:20:23.260+0000] {processor.py:914} INFO - Processing file /home/airflow/.local/lib/python3.12/site-packages/airflow/example_dags/example_nested_branch_dag.py for tasks to queue
[2024-11-12T10:20:23.263+0000] {logging_mixin.py:190} INFO - [2024-11-12T10:20:23.262+0000] {dagbag.py:588} INFO - Filling up the DagBag from /home/airflow/.local/lib/python3.12/site-packages/airflow/example_dags/example_nested_branch_dag.py
[2024-11-12T10:20:23.282+0000] {processor.py:925} INFO - DAG(s) 'example_nested_branch_dag' retrieved from /home/airflow/.local/lib/python3.12/site-packages/airflow/example_dags/example_nested_branch_dag.py
[2024-11-12T10:20:23.310+0000] {logging_mixin.py:190} INFO - [2024-11-12T10:20:23.310+0000] {dag.py:3239} INFO - Sync 1 DAGs
[2024-11-12T10:20:23.347+0000] {logging_mixin.py:190} INFO - [2024-11-12T10:20:23.347+0000] {dag.py:4180} INFO - Setting next_dagrun for example_nested_branch_dag to 2024-11-11 00:00:00+00:00, run_after=2024-11-12 00:00:00+00:00
[2024-11-12T10:20:23.373+0000] {processor.py:208} INFO - Processing /home/airflow/.local/lib/python3.12/site-packages/airflow/example_dags/example_nested_branch_dag.py took 0.123 seconds
[2024-11-12T10:20:54.058+0000] {processor.py:186} INFO - Started process (PID=13488) to work on /home/airflow/.local/lib/python3.12/site-packages/airflow/example_dags/example_nested_branch_dag.py
[2024-11-12T10:20:54.060+0000] {processor.py:914} INFO - Processing file /home/airflow/.local/lib/python3.12/site-packages/airflow/example_dags/example_nested_branch_dag.py for tasks to queue
[2024-11-12T10:20:54.062+0000] {logging_mixin.py:190} INFO - [2024-11-12T10:20:54.062+0000] {dagbag.py:588} INFO - Filling up the DagBag from /home/airflow/.local/lib/python3.12/site-packages/airflow/example_dags/example_nested_branch_dag.py
[2024-11-12T10:20:54.088+0000] {processor.py:925} INFO - DAG(s) 'example_nested_branch_dag' retrieved from /home/airflow/.local/lib/python3.12/site-packages/airflow/example_dags/example_nested_branch_dag.py
[2024-11-12T10:20:54.130+0000] {logging_mixin.py:190} INFO - [2024-11-12T10:20:54.129+0000] {dag.py:3239} INFO - Sync 1 DAGs
[2024-11-12T10:20:54.178+0000] {logging_mixin.py:190} INFO - [2024-11-12T10:20:54.177+0000] {dag.py:4180} INFO - Setting next_dagrun for example_nested_branch_dag to 2024-11-11 00:00:00+00:00, run_after=2024-11-12 00:00:00+00:00
[2024-11-12T10:20:54.211+0000] {processor.py:208} INFO - Processing /home/airflow/.local/lib/python3.12/site-packages/airflow/example_dags/example_nested_branch_dag.py took 0.165 seconds
[2024-11-12T10:21:25.288+0000] {processor.py:186} INFO - Started process (PID=13551) to work on /home/airflow/.local/lib/python3.12/site-packages/airflow/example_dags/example_nested_branch_dag.py
[2024-11-12T10:21:25.290+0000] {processor.py:914} INFO - Processing file /home/airflow/.local/lib/python3.12/site-packages/airflow/example_dags/example_nested_branch_dag.py for tasks to queue
[2024-11-12T10:21:25.292+0000] {logging_mixin.py:190} INFO - [2024-11-12T10:21:25.291+0000] {dagbag.py:588} INFO - Filling up the DagBag from /home/airflow/.local/lib/python3.12/site-packages/airflow/example_dags/example_nested_branch_dag.py
[2024-11-12T10:21:25.308+0000] {processor.py:925} INFO - DAG(s) 'example_nested_branch_dag' retrieved from /home/airflow/.local/lib/python3.12/site-packages/airflow/example_dags/example_nested_branch_dag.py
[2024-11-12T10:21:25.337+0000] {logging_mixin.py:190} INFO - [2024-11-12T10:21:25.336+0000] {dag.py:3239} INFO - Sync 1 DAGs
[2024-11-12T10:21:25.370+0000] {logging_mixin.py:190} INFO - [2024-11-12T10:21:25.370+0000] {dag.py:4180} INFO - Setting next_dagrun for example_nested_branch_dag to 2024-11-11 00:00:00+00:00, run_after=2024-11-12 00:00:00+00:00
[2024-11-12T10:21:25.399+0000] {processor.py:208} INFO - Processing /home/airflow/.local/lib/python3.12/site-packages/airflow/example_dags/example_nested_branch_dag.py took 0.119 seconds
[2024-11-12T10:21:56.328+0000] {processor.py:186} INFO - Started process (PID=13615) to work on /home/airflow/.local/lib/python3.12/site-packages/airflow/example_dags/example_nested_branch_dag.py
[2024-11-12T10:21:56.330+0000] {processor.py:914} INFO - Processing file /home/airflow/.local/lib/python3.12/site-packages/airflow/example_dags/example_nested_branch_dag.py for tasks to queue
[2024-11-12T10:21:56.332+0000] {logging_mixin.py:190} INFO - [2024-11-12T10:21:56.332+0000] {dagbag.py:588} INFO - Filling up the DagBag from /home/airflow/.local/lib/python3.12/site-packages/airflow/example_dags/example_nested_branch_dag.py
[2024-11-12T10:21:56.351+0000] {processor.py:925} INFO - DAG(s) 'example_nested_branch_dag' retrieved from /home/airflow/.local/lib/python3.12/site-packages/airflow/example_dags/example_nested_branch_dag.py
[2024-11-12T10:21:56.387+0000] {logging_mixin.py:190} INFO - [2024-11-12T10:21:56.386+0000] {dag.py:3239} INFO - Sync 1 DAGs
[2024-11-12T10:21:56.427+0000] {logging_mixin.py:190} INFO - [2024-11-12T10:21:56.427+0000] {dag.py:4180} INFO - Setting next_dagrun for example_nested_branch_dag to 2024-11-11 00:00:00+00:00, run_after=2024-11-12 00:00:00+00:00
[2024-11-12T10:21:56.457+0000] {processor.py:208} INFO - Processing /home/airflow/.local/lib/python3.12/site-packages/airflow/example_dags/example_nested_branch_dag.py took 0.138 seconds
[2024-11-12T10:22:27.134+0000] {processor.py:186} INFO - Started process (PID=13678) to work on /home/airflow/.local/lib/python3.12/site-packages/airflow/example_dags/example_nested_branch_dag.py
[2024-11-12T10:22:27.136+0000] {processor.py:914} INFO - Processing file /home/airflow/.local/lib/python3.12/site-packages/airflow/example_dags/example_nested_branch_dag.py for tasks to queue
[2024-11-12T10:22:27.138+0000] {logging_mixin.py:190} INFO - [2024-11-12T10:22:27.138+0000] {dagbag.py:588} INFO - Filling up the DagBag from /home/airflow/.local/lib/python3.12/site-packages/airflow/example_dags/example_nested_branch_dag.py
[2024-11-12T10:22:27.157+0000] {processor.py:925} INFO - DAG(s) 'example_nested_branch_dag' retrieved from /home/airflow/.local/lib/python3.12/site-packages/airflow/example_dags/example_nested_branch_dag.py
[2024-11-12T10:22:27.199+0000] {logging_mixin.py:190} INFO - [2024-11-12T10:22:27.199+0000] {dag.py:3239} INFO - Sync 1 DAGs
[2024-11-12T10:22:27.238+0000] {logging_mixin.py:190} INFO - [2024-11-12T10:22:27.238+0000] {dag.py:4180} INFO - Setting next_dagrun for example_nested_branch_dag to 2024-11-11 00:00:00+00:00, run_after=2024-11-12 00:00:00+00:00
[2024-11-12T10:22:27.269+0000] {processor.py:208} INFO - Processing /home/airflow/.local/lib/python3.12/site-packages/airflow/example_dags/example_nested_branch_dag.py took 0.146 seconds
[2024-11-12T10:22:57.431+0000] {processor.py:186} INFO - Started process (PID=13741) to work on /home/airflow/.local/lib/python3.12/site-packages/airflow/example_dags/example_nested_branch_dag.py
[2024-11-12T10:22:57.433+0000] {processor.py:914} INFO - Processing file /home/airflow/.local/lib/python3.12/site-packages/airflow/example_dags/example_nested_branch_dag.py for tasks to queue
[2024-11-12T10:22:57.435+0000] {logging_mixin.py:190} INFO - [2024-11-12T10:22:57.434+0000] {dagbag.py:588} INFO - Filling up the DagBag from /home/airflow/.local/lib/python3.12/site-packages/airflow/example_dags/example_nested_branch_dag.py
[2024-11-12T10:22:57.454+0000] {processor.py:925} INFO - DAG(s) 'example_nested_branch_dag' retrieved from /home/airflow/.local/lib/python3.12/site-packages/airflow/example_dags/example_nested_branch_dag.py
[2024-11-12T10:22:57.490+0000] {logging_mixin.py:190} INFO - [2024-11-12T10:22:57.489+0000] {dag.py:3239} INFO - Sync 1 DAGs
[2024-11-12T10:22:57.529+0000] {logging_mixin.py:190} INFO - [2024-11-12T10:22:57.528+0000] {dag.py:4180} INFO - Setting next_dagrun for example_nested_branch_dag to 2024-11-11 00:00:00+00:00, run_after=2024-11-12 00:00:00+00:00
[2024-11-12T10:22:57.560+0000] {processor.py:208} INFO - Processing /home/airflow/.local/lib/python3.12/site-packages/airflow/example_dags/example_nested_branch_dag.py took 0.139 seconds
[2024-11-12T10:23:28.137+0000] {processor.py:186} INFO - Started process (PID=13804) to work on /home/airflow/.local/lib/python3.12/site-packages/airflow/example_dags/example_nested_branch_dag.py
[2024-11-12T10:23:28.140+0000] {processor.py:914} INFO - Processing file /home/airflow/.local/lib/python3.12/site-packages/airflow/example_dags/example_nested_branch_dag.py for tasks to queue
[2024-11-12T10:23:28.144+0000] {logging_mixin.py:190} INFO - [2024-11-12T10:23:28.143+0000] {dagbag.py:588} INFO - Filling up the DagBag from /home/airflow/.local/lib/python3.12/site-packages/airflow/example_dags/example_nested_branch_dag.py
[2024-11-12T10:23:28.181+0000] {processor.py:925} INFO - DAG(s) 'example_nested_branch_dag' retrieved from /home/airflow/.local/lib/python3.12/site-packages/airflow/example_dags/example_nested_branch_dag.py
[2024-11-12T10:23:28.256+0000] {logging_mixin.py:190} INFO - [2024-11-12T10:23:28.256+0000] {dag.py:3239} INFO - Sync 1 DAGs
[2024-11-12T10:23:28.325+0000] {logging_mixin.py:190} INFO - [2024-11-12T10:23:28.324+0000] {dag.py:4180} INFO - Setting next_dagrun for example_nested_branch_dag to 2024-11-11 00:00:00+00:00, run_after=2024-11-12 00:00:00+00:00
[2024-11-12T10:23:28.367+0000] {processor.py:208} INFO - Processing /home/airflow/.local/lib/python3.12/site-packages/airflow/example_dags/example_nested_branch_dag.py took 0.249 seconds
[2024-11-12T10:23:59.237+0000] {processor.py:186} INFO - Started process (PID=13867) to work on /home/airflow/.local/lib/python3.12/site-packages/airflow/example_dags/example_nested_branch_dag.py
[2024-11-12T10:23:59.241+0000] {processor.py:914} INFO - Processing file /home/airflow/.local/lib/python3.12/site-packages/airflow/example_dags/example_nested_branch_dag.py for tasks to queue
[2024-11-12T10:23:59.244+0000] {logging_mixin.py:190} INFO - [2024-11-12T10:23:59.244+0000] {dagbag.py:588} INFO - Filling up the DagBag from /home/airflow/.local/lib/python3.12/site-packages/airflow/example_dags/example_nested_branch_dag.py
[2024-11-12T10:23:59.264+0000] {processor.py:925} INFO - DAG(s) 'example_nested_branch_dag' retrieved from /home/airflow/.local/lib/python3.12/site-packages/airflow/example_dags/example_nested_branch_dag.py
[2024-11-12T10:23:59.301+0000] {logging_mixin.py:190} INFO - [2024-11-12T10:23:59.301+0000] {dag.py:3239} INFO - Sync 1 DAGs
[2024-11-12T10:23:59.341+0000] {logging_mixin.py:190} INFO - [2024-11-12T10:23:59.340+0000] {dag.py:4180} INFO - Setting next_dagrun for example_nested_branch_dag to 2024-11-11 00:00:00+00:00, run_after=2024-11-12 00:00:00+00:00
[2024-11-12T10:23:59.373+0000] {processor.py:208} INFO - Processing /home/airflow/.local/lib/python3.12/site-packages/airflow/example_dags/example_nested_branch_dag.py took 0.145 seconds
