[2024-11-12T10:13:46.514+0000] {processor.py:186} INFO - Started process (PID=12623) to work on /home/airflow/.local/lib/python3.12/site-packages/airflow/example_dags/example_complex.py
[2024-11-12T10:13:46.515+0000] {processor.py:914} INFO - Processing file /home/airflow/.local/lib/python3.12/site-packages/airflow/example_dags/example_complex.py for tasks to queue
[2024-11-12T10:13:46.517+0000] {logging_mixin.py:190} INFO - [2024-11-12T10:13:46.517+0000] {dagbag.py:588} INFO - Filling up the DagBag from /home/airflow/.local/lib/python3.12/site-packages/airflow/example_dags/example_complex.py
[2024-11-12T10:13:46.546+0000] {processor.py:925} INFO - DAG(s) 'example_complex' retrieved from /home/airflow/.local/lib/python3.12/site-packages/airflow/example_dags/example_complex.py
[2024-11-12T10:13:46.596+0000] {logging_mixin.py:190} INFO - [2024-11-12T10:13:46.595+0000] {dag.py:3239} INFO - Sync 1 DAGs
[2024-11-12T10:13:46.618+0000] {logging_mixin.py:190} INFO - [2024-11-12T10:13:46.618+0000] {dag.py:4180} INFO - Setting next_dagrun for example_complex to None, run_after=None
[2024-11-12T10:13:46.648+0000] {processor.py:208} INFO - Processing /home/airflow/.local/lib/python3.12/site-packages/airflow/example_dags/example_complex.py took 0.144 seconds
[2024-11-12T10:14:17.365+0000] {processor.py:186} INFO - Started process (PID=12685) to work on /home/airflow/.local/lib/python3.12/site-packages/airflow/example_dags/example_complex.py
[2024-11-12T10:14:17.367+0000] {processor.py:914} INFO - Processing file /home/airflow/.local/lib/python3.12/site-packages/airflow/example_dags/example_complex.py for tasks to queue
[2024-11-12T10:14:17.370+0000] {logging_mixin.py:190} INFO - [2024-11-12T10:14:17.369+0000] {dagbag.py:588} INFO - Filling up the DagBag from /home/airflow/.local/lib/python3.12/site-packages/airflow/example_dags/example_complex.py
[2024-11-12T10:14:17.390+0000] {processor.py:925} INFO - DAG(s) 'example_complex' retrieved from /home/airflow/.local/lib/python3.12/site-packages/airflow/example_dags/example_complex.py
[2024-11-12T10:14:17.437+0000] {logging_mixin.py:190} INFO - [2024-11-12T10:14:17.437+0000] {dag.py:3239} INFO - Sync 1 DAGs
[2024-11-12T10:14:17.467+0000] {logging_mixin.py:190} INFO - [2024-11-12T10:14:17.466+0000] {dag.py:4180} INFO - Setting next_dagrun for example_complex to None, run_after=None
[2024-11-12T10:14:17.512+0000] {processor.py:208} INFO - Processing /home/airflow/.local/lib/python3.12/site-packages/airflow/example_dags/example_complex.py took 0.156 seconds
[2024-11-12T10:14:47.635+0000] {processor.py:186} INFO - Started process (PID=12747) to work on /home/airflow/.local/lib/python3.12/site-packages/airflow/example_dags/example_complex.py
[2024-11-12T10:14:47.637+0000] {processor.py:914} INFO - Processing file /home/airflow/.local/lib/python3.12/site-packages/airflow/example_dags/example_complex.py for tasks to queue
[2024-11-12T10:14:47.641+0000] {logging_mixin.py:190} INFO - [2024-11-12T10:14:47.640+0000] {dagbag.py:588} INFO - Filling up the DagBag from /home/airflow/.local/lib/python3.12/site-packages/airflow/example_dags/example_complex.py
[2024-11-12T10:14:47.685+0000] {processor.py:925} INFO - DAG(s) 'example_complex' retrieved from /home/airflow/.local/lib/python3.12/site-packages/airflow/example_dags/example_complex.py
[2024-11-12T10:14:47.740+0000] {logging_mixin.py:190} INFO - [2024-11-12T10:14:47.740+0000] {dag.py:3239} INFO - Sync 1 DAGs
[2024-11-12T10:14:47.772+0000] {logging_mixin.py:190} INFO - [2024-11-12T10:14:47.772+0000] {dag.py:4180} INFO - Setting next_dagrun for example_complex to None, run_after=None
[2024-11-12T10:14:47.815+0000] {processor.py:208} INFO - Processing /home/airflow/.local/lib/python3.12/site-packages/airflow/example_dags/example_complex.py took 0.192 seconds
[2024-11-12T10:15:19.731+0000] {processor.py:186} INFO - Started process (PID=12809) to work on /home/airflow/.local/lib/python3.12/site-packages/airflow/example_dags/example_complex.py
[2024-11-12T10:15:19.734+0000] {processor.py:914} INFO - Processing file /home/airflow/.local/lib/python3.12/site-packages/airflow/example_dags/example_complex.py for tasks to queue
[2024-11-12T10:15:19.739+0000] {logging_mixin.py:190} INFO - [2024-11-12T10:15:19.738+0000] {dagbag.py:588} INFO - Filling up the DagBag from /home/airflow/.local/lib/python3.12/site-packages/airflow/example_dags/example_complex.py
[2024-11-12T10:15:19.776+0000] {processor.py:925} INFO - DAG(s) 'example_complex' retrieved from /home/airflow/.local/lib/python3.12/site-packages/airflow/example_dags/example_complex.py
[2024-11-12T10:15:19.846+0000] {logging_mixin.py:190} INFO - [2024-11-12T10:15:19.846+0000] {dag.py:3239} INFO - Sync 1 DAGs
[2024-11-12T10:15:19.883+0000] {logging_mixin.py:190} INFO - [2024-11-12T10:15:19.883+0000] {dag.py:4180} INFO - Setting next_dagrun for example_complex to None, run_after=None
[2024-11-12T10:15:19.920+0000] {processor.py:208} INFO - Processing /home/airflow/.local/lib/python3.12/site-packages/airflow/example_dags/example_complex.py took 0.202 seconds
[2024-11-12T10:15:50.422+0000] {processor.py:186} INFO - Started process (PID=12873) to work on /home/airflow/.local/lib/python3.12/site-packages/airflow/example_dags/example_complex.py
[2024-11-12T10:15:50.424+0000] {processor.py:914} INFO - Processing file /home/airflow/.local/lib/python3.12/site-packages/airflow/example_dags/example_complex.py for tasks to queue
[2024-11-12T10:15:50.427+0000] {logging_mixin.py:190} INFO - [2024-11-12T10:15:50.426+0000] {dagbag.py:588} INFO - Filling up the DagBag from /home/airflow/.local/lib/python3.12/site-packages/airflow/example_dags/example_complex.py
[2024-11-12T10:15:50.451+0000] {processor.py:925} INFO - DAG(s) 'example_complex' retrieved from /home/airflow/.local/lib/python3.12/site-packages/airflow/example_dags/example_complex.py
[2024-11-12T10:15:50.518+0000] {logging_mixin.py:190} INFO - [2024-11-12T10:15:50.518+0000] {dag.py:3239} INFO - Sync 1 DAGs
[2024-11-12T10:15:50.554+0000] {logging_mixin.py:190} INFO - [2024-11-12T10:15:50.554+0000] {dag.py:4180} INFO - Setting next_dagrun for example_complex to None, run_after=None
[2024-11-12T10:15:50.591+0000] {processor.py:208} INFO - Processing /home/airflow/.local/lib/python3.12/site-packages/airflow/example_dags/example_complex.py took 0.182 seconds
[2024-11-12T10:16:21.029+0000] {processor.py:186} INFO - Started process (PID=12935) to work on /home/airflow/.local/lib/python3.12/site-packages/airflow/example_dags/example_complex.py
[2024-11-12T10:16:21.033+0000] {processor.py:914} INFO - Processing file /home/airflow/.local/lib/python3.12/site-packages/airflow/example_dags/example_complex.py for tasks to queue
[2024-11-12T10:16:21.035+0000] {logging_mixin.py:190} INFO - [2024-11-12T10:16:21.034+0000] {dagbag.py:588} INFO - Filling up the DagBag from /home/airflow/.local/lib/python3.12/site-packages/airflow/example_dags/example_complex.py
[2024-11-12T10:16:21.053+0000] {processor.py:925} INFO - DAG(s) 'example_complex' retrieved from /home/airflow/.local/lib/python3.12/site-packages/airflow/example_dags/example_complex.py
[2024-11-12T10:16:21.104+0000] {logging_mixin.py:190} INFO - [2024-11-12T10:16:21.104+0000] {dag.py:3239} INFO - Sync 1 DAGs
[2024-11-12T10:16:21.131+0000] {logging_mixin.py:190} INFO - [2024-11-12T10:16:21.131+0000] {dag.py:4180} INFO - Setting next_dagrun for example_complex to None, run_after=None
[2024-11-12T10:16:21.162+0000] {processor.py:208} INFO - Processing /home/airflow/.local/lib/python3.12/site-packages/airflow/example_dags/example_complex.py took 0.143 seconds
[2024-11-12T10:16:51.724+0000] {processor.py:186} INFO - Started process (PID=12996) to work on /home/airflow/.local/lib/python3.12/site-packages/airflow/example_dags/example_complex.py
[2024-11-12T10:16:51.738+0000] {processor.py:914} INFO - Processing file /home/airflow/.local/lib/python3.12/site-packages/airflow/example_dags/example_complex.py for tasks to queue
[2024-11-12T10:16:51.743+0000] {logging_mixin.py:190} INFO - [2024-11-12T10:16:51.742+0000] {dagbag.py:588} INFO - Filling up the DagBag from /home/airflow/.local/lib/python3.12/site-packages/airflow/example_dags/example_complex.py
[2024-11-12T10:16:51.843+0000] {processor.py:925} INFO - DAG(s) 'example_complex' retrieved from /home/airflow/.local/lib/python3.12/site-packages/airflow/example_dags/example_complex.py
[2024-11-12T10:16:51.965+0000] {logging_mixin.py:190} INFO - [2024-11-12T10:16:51.965+0000] {dag.py:3239} INFO - Sync 1 DAGs
[2024-11-12T10:16:52.026+0000] {logging_mixin.py:190} INFO - [2024-11-12T10:16:52.026+0000] {dag.py:4180} INFO - Setting next_dagrun for example_complex to None, run_after=None
[2024-11-12T10:16:52.096+0000] {processor.py:208} INFO - Processing /home/airflow/.local/lib/python3.12/site-packages/airflow/example_dags/example_complex.py took 0.404 seconds
[2024-11-12T10:17:22.257+0000] {processor.py:186} INFO - Started process (PID=13058) to work on /home/airflow/.local/lib/python3.12/site-packages/airflow/example_dags/example_complex.py
[2024-11-12T10:17:22.258+0000] {processor.py:914} INFO - Processing file /home/airflow/.local/lib/python3.12/site-packages/airflow/example_dags/example_complex.py for tasks to queue
[2024-11-12T10:17:22.261+0000] {logging_mixin.py:190} INFO - [2024-11-12T10:17:22.260+0000] {dagbag.py:588} INFO - Filling up the DagBag from /home/airflow/.local/lib/python3.12/site-packages/airflow/example_dags/example_complex.py
[2024-11-12T10:17:22.285+0000] {processor.py:925} INFO - DAG(s) 'example_complex' retrieved from /home/airflow/.local/lib/python3.12/site-packages/airflow/example_dags/example_complex.py
[2024-11-12T10:17:22.347+0000] {logging_mixin.py:190} INFO - [2024-11-12T10:17:22.347+0000] {dag.py:3239} INFO - Sync 1 DAGs
[2024-11-12T10:17:22.373+0000] {logging_mixin.py:190} INFO - [2024-11-12T10:17:22.373+0000] {dag.py:4180} INFO - Setting next_dagrun for example_complex to None, run_after=None
[2024-11-12T10:17:22.418+0000] {processor.py:208} INFO - Processing /home/airflow/.local/lib/python3.12/site-packages/airflow/example_dags/example_complex.py took 0.171 seconds
[2024-11-12T10:17:52.664+0000] {processor.py:186} INFO - Started process (PID=13122) to work on /home/airflow/.local/lib/python3.12/site-packages/airflow/example_dags/example_complex.py
[2024-11-12T10:17:52.667+0000] {processor.py:914} INFO - Processing file /home/airflow/.local/lib/python3.12/site-packages/airflow/example_dags/example_complex.py for tasks to queue
[2024-11-12T10:17:52.670+0000] {logging_mixin.py:190} INFO - [2024-11-12T10:17:52.669+0000] {dagbag.py:588} INFO - Filling up the DagBag from /home/airflow/.local/lib/python3.12/site-packages/airflow/example_dags/example_complex.py
[2024-11-12T10:17:52.689+0000] {processor.py:925} INFO - DAG(s) 'example_complex' retrieved from /home/airflow/.local/lib/python3.12/site-packages/airflow/example_dags/example_complex.py
[2024-11-12T10:17:52.739+0000] {logging_mixin.py:190} INFO - [2024-11-12T10:17:52.738+0000] {dag.py:3239} INFO - Sync 1 DAGs
[2024-11-12T10:17:52.762+0000] {logging_mixin.py:190} INFO - [2024-11-12T10:17:52.761+0000] {dag.py:4180} INFO - Setting next_dagrun for example_complex to None, run_after=None
[2024-11-12T10:17:52.793+0000] {processor.py:208} INFO - Processing /home/airflow/.local/lib/python3.12/site-packages/airflow/example_dags/example_complex.py took 0.136 seconds
[2024-11-12T10:18:23.365+0000] {processor.py:186} INFO - Started process (PID=13184) to work on /home/airflow/.local/lib/python3.12/site-packages/airflow/example_dags/example_complex.py
[2024-11-12T10:18:23.367+0000] {processor.py:914} INFO - Processing file /home/airflow/.local/lib/python3.12/site-packages/airflow/example_dags/example_complex.py for tasks to queue
[2024-11-12T10:18:23.371+0000] {logging_mixin.py:190} INFO - [2024-11-12T10:18:23.370+0000] {dagbag.py:588} INFO - Filling up the DagBag from /home/airflow/.local/lib/python3.12/site-packages/airflow/example_dags/example_complex.py
[2024-11-12T10:18:23.393+0000] {processor.py:925} INFO - DAG(s) 'example_complex' retrieved from /home/airflow/.local/lib/python3.12/site-packages/airflow/example_dags/example_complex.py
[2024-11-12T10:18:23.453+0000] {logging_mixin.py:190} INFO - [2024-11-12T10:18:23.452+0000] {dag.py:3239} INFO - Sync 1 DAGs
[2024-11-12T10:18:23.477+0000] {logging_mixin.py:190} INFO - [2024-11-12T10:18:23.476+0000] {dag.py:4180} INFO - Setting next_dagrun for example_complex to None, run_after=None
[2024-11-12T10:18:23.512+0000] {processor.py:208} INFO - Processing /home/airflow/.local/lib/python3.12/site-packages/airflow/example_dags/example_complex.py took 0.158 seconds
[2024-11-12T10:18:53.667+0000] {processor.py:186} INFO - Started process (PID=13246) to work on /home/airflow/.local/lib/python3.12/site-packages/airflow/example_dags/example_complex.py
[2024-11-12T10:18:53.669+0000] {processor.py:914} INFO - Processing file /home/airflow/.local/lib/python3.12/site-packages/airflow/example_dags/example_complex.py for tasks to queue
[2024-11-12T10:18:53.672+0000] {logging_mixin.py:190} INFO - [2024-11-12T10:18:53.671+0000] {dagbag.py:588} INFO - Filling up the DagBag from /home/airflow/.local/lib/python3.12/site-packages/airflow/example_dags/example_complex.py
[2024-11-12T10:18:53.696+0000] {processor.py:925} INFO - DAG(s) 'example_complex' retrieved from /home/airflow/.local/lib/python3.12/site-packages/airflow/example_dags/example_complex.py
[2024-11-12T10:18:53.758+0000] {logging_mixin.py:190} INFO - [2024-11-12T10:18:53.758+0000] {dag.py:3239} INFO - Sync 1 DAGs
[2024-11-12T10:18:53.782+0000] {logging_mixin.py:190} INFO - [2024-11-12T10:18:53.781+0000] {dag.py:4180} INFO - Setting next_dagrun for example_complex to None, run_after=None
[2024-11-12T10:18:53.812+0000] {processor.py:208} INFO - Processing /home/airflow/.local/lib/python3.12/site-packages/airflow/example_dags/example_complex.py took 0.157 seconds
[2024-11-12T10:19:24.029+0000] {processor.py:186} INFO - Started process (PID=13308) to work on /home/airflow/.local/lib/python3.12/site-packages/airflow/example_dags/example_complex.py
[2024-11-12T10:19:24.030+0000] {processor.py:914} INFO - Processing file /home/airflow/.local/lib/python3.12/site-packages/airflow/example_dags/example_complex.py for tasks to queue
[2024-11-12T10:19:24.032+0000] {logging_mixin.py:190} INFO - [2024-11-12T10:19:24.031+0000] {dagbag.py:588} INFO - Filling up the DagBag from /home/airflow/.local/lib/python3.12/site-packages/airflow/example_dags/example_complex.py
[2024-11-12T10:19:24.051+0000] {processor.py:925} INFO - DAG(s) 'example_complex' retrieved from /home/airflow/.local/lib/python3.12/site-packages/airflow/example_dags/example_complex.py
[2024-11-12T10:19:24.098+0000] {logging_mixin.py:190} INFO - [2024-11-12T10:19:24.098+0000] {dag.py:3239} INFO - Sync 1 DAGs
[2024-11-12T10:19:24.122+0000] {logging_mixin.py:190} INFO - [2024-11-12T10:19:24.122+0000] {dag.py:4180} INFO - Setting next_dagrun for example_complex to None, run_after=None
[2024-11-12T10:19:24.153+0000] {processor.py:208} INFO - Processing /home/airflow/.local/lib/python3.12/site-packages/airflow/example_dags/example_complex.py took 0.135 seconds
[2024-11-12T10:19:54.516+0000] {processor.py:186} INFO - Started process (PID=13370) to work on /home/airflow/.local/lib/python3.12/site-packages/airflow/example_dags/example_complex.py
[2024-11-12T10:19:54.517+0000] {processor.py:914} INFO - Processing file /home/airflow/.local/lib/python3.12/site-packages/airflow/example_dags/example_complex.py for tasks to queue
[2024-11-12T10:19:54.519+0000] {logging_mixin.py:190} INFO - [2024-11-12T10:19:54.519+0000] {dagbag.py:588} INFO - Filling up the DagBag from /home/airflow/.local/lib/python3.12/site-packages/airflow/example_dags/example_complex.py
[2024-11-12T10:19:54.536+0000] {processor.py:925} INFO - DAG(s) 'example_complex' retrieved from /home/airflow/.local/lib/python3.12/site-packages/airflow/example_dags/example_complex.py
[2024-11-12T10:19:54.581+0000] {logging_mixin.py:190} INFO - [2024-11-12T10:19:54.581+0000] {dag.py:3239} INFO - Sync 1 DAGs
[2024-11-12T10:19:54.603+0000] {logging_mixin.py:190} INFO - [2024-11-12T10:19:54.603+0000] {dag.py:4180} INFO - Setting next_dagrun for example_complex to None, run_after=None
[2024-11-12T10:19:54.632+0000] {processor.py:208} INFO - Processing /home/airflow/.local/lib/python3.12/site-packages/airflow/example_dags/example_complex.py took 0.125 seconds
[2024-11-12T10:20:24.930+0000] {processor.py:186} INFO - Started process (PID=13433) to work on /home/airflow/.local/lib/python3.12/site-packages/airflow/example_dags/example_complex.py
[2024-11-12T10:20:24.931+0000] {processor.py:914} INFO - Processing file /home/airflow/.local/lib/python3.12/site-packages/airflow/example_dags/example_complex.py for tasks to queue
[2024-11-12T10:20:24.933+0000] {logging_mixin.py:190} INFO - [2024-11-12T10:20:24.933+0000] {dagbag.py:588} INFO - Filling up the DagBag from /home/airflow/.local/lib/python3.12/site-packages/airflow/example_dags/example_complex.py
[2024-11-12T10:20:24.948+0000] {processor.py:925} INFO - DAG(s) 'example_complex' retrieved from /home/airflow/.local/lib/python3.12/site-packages/airflow/example_dags/example_complex.py
[2024-11-12T10:20:24.998+0000] {logging_mixin.py:190} INFO - [2024-11-12T10:20:24.997+0000] {dag.py:3239} INFO - Sync 1 DAGs
[2024-11-12T10:20:25.020+0000] {logging_mixin.py:190} INFO - [2024-11-12T10:20:25.019+0000] {dag.py:4180} INFO - Setting next_dagrun for example_complex to None, run_after=None
[2024-11-12T10:20:25.056+0000] {processor.py:208} INFO - Processing /home/airflow/.local/lib/python3.12/site-packages/airflow/example_dags/example_complex.py took 0.137 seconds
[2024-11-12T10:20:56.367+0000] {processor.py:186} INFO - Started process (PID=13496) to work on /home/airflow/.local/lib/python3.12/site-packages/airflow/example_dags/example_complex.py
[2024-11-12T10:20:56.369+0000] {processor.py:914} INFO - Processing file /home/airflow/.local/lib/python3.12/site-packages/airflow/example_dags/example_complex.py for tasks to queue
[2024-11-12T10:20:56.371+0000] {logging_mixin.py:190} INFO - [2024-11-12T10:20:56.371+0000] {dagbag.py:588} INFO - Filling up the DagBag from /home/airflow/.local/lib/python3.12/site-packages/airflow/example_dags/example_complex.py
[2024-11-12T10:20:56.396+0000] {processor.py:925} INFO - DAG(s) 'example_complex' retrieved from /home/airflow/.local/lib/python3.12/site-packages/airflow/example_dags/example_complex.py
[2024-11-12T10:20:56.481+0000] {logging_mixin.py:190} INFO - [2024-11-12T10:20:56.481+0000] {dag.py:3239} INFO - Sync 1 DAGs
[2024-11-12T10:20:56.515+0000] {logging_mixin.py:190} INFO - [2024-11-12T10:20:56.515+0000] {dag.py:4180} INFO - Setting next_dagrun for example_complex to None, run_after=None
[2024-11-12T10:20:56.557+0000] {processor.py:208} INFO - Processing /home/airflow/.local/lib/python3.12/site-packages/airflow/example_dags/example_complex.py took 0.202 seconds
[2024-11-12T10:21:27.358+0000] {processor.py:186} INFO - Started process (PID=13560) to work on /home/airflow/.local/lib/python3.12/site-packages/airflow/example_dags/example_complex.py
[2024-11-12T10:21:27.360+0000] {processor.py:914} INFO - Processing file /home/airflow/.local/lib/python3.12/site-packages/airflow/example_dags/example_complex.py for tasks to queue
[2024-11-12T10:21:27.363+0000] {logging_mixin.py:190} INFO - [2024-11-12T10:21:27.362+0000] {dagbag.py:588} INFO - Filling up the DagBag from /home/airflow/.local/lib/python3.12/site-packages/airflow/example_dags/example_complex.py
[2024-11-12T10:21:27.392+0000] {processor.py:925} INFO - DAG(s) 'example_complex' retrieved from /home/airflow/.local/lib/python3.12/site-packages/airflow/example_dags/example_complex.py
[2024-11-12T10:21:27.464+0000] {logging_mixin.py:190} INFO - [2024-11-12T10:21:27.463+0000] {dag.py:3239} INFO - Sync 1 DAGs
[2024-11-12T10:21:27.497+0000] {logging_mixin.py:190} INFO - [2024-11-12T10:21:27.496+0000] {dag.py:4180} INFO - Setting next_dagrun for example_complex to None, run_after=None
[2024-11-12T10:21:27.537+0000] {processor.py:208} INFO - Processing /home/airflow/.local/lib/python3.12/site-packages/airflow/example_dags/example_complex.py took 0.191 seconds
[2024-11-12T10:21:58.178+0000] {processor.py:186} INFO - Started process (PID=13623) to work on /home/airflow/.local/lib/python3.12/site-packages/airflow/example_dags/example_complex.py
[2024-11-12T10:21:58.180+0000] {processor.py:914} INFO - Processing file /home/airflow/.local/lib/python3.12/site-packages/airflow/example_dags/example_complex.py for tasks to queue
[2024-11-12T10:21:58.184+0000] {logging_mixin.py:190} INFO - [2024-11-12T10:21:58.183+0000] {dagbag.py:588} INFO - Filling up the DagBag from /home/airflow/.local/lib/python3.12/site-packages/airflow/example_dags/example_complex.py
[2024-11-12T10:21:58.203+0000] {processor.py:925} INFO - DAG(s) 'example_complex' retrieved from /home/airflow/.local/lib/python3.12/site-packages/airflow/example_dags/example_complex.py
[2024-11-12T10:21:58.257+0000] {logging_mixin.py:190} INFO - [2024-11-12T10:21:58.256+0000] {dag.py:3239} INFO - Sync 1 DAGs
[2024-11-12T10:21:58.280+0000] {logging_mixin.py:190} INFO - [2024-11-12T10:21:58.280+0000] {dag.py:4180} INFO - Setting next_dagrun for example_complex to None, run_after=None
[2024-11-12T10:21:58.314+0000] {processor.py:208} INFO - Processing /home/airflow/.local/lib/python3.12/site-packages/airflow/example_dags/example_complex.py took 0.145 seconds
