[2024-11-12T10:13:46.355+0000] {processor.py:186} INFO - Started process (PID=12622) to work on /home/airflow/.local/lib/python3.12/site-packages/airflow/example_dags/tutorial_taskflow_api_virtualenv.py
[2024-11-12T10:13:46.357+0000] {processor.py:914} INFO - Processing file /home/airflow/.local/lib/python3.12/site-packages/airflow/example_dags/tutorial_taskflow_api_virtualenv.py for tasks to queue
[2024-11-12T10:13:46.359+0000] {logging_mixin.py:190} INFO - [2024-11-12T10:13:46.358+0000] {dagbag.py:588} INFO - Filling up the DagBag from /home/airflow/.local/lib/python3.12/site-packages/airflow/example_dags/tutorial_taskflow_api_virtualenv.py
[2024-11-12T10:13:46.375+0000] {processor.py:925} INFO - DAG(s) 'tutorial_taskflow_api_virtualenv' retrieved from /home/airflow/.local/lib/python3.12/site-packages/airflow/example_dags/tutorial_taskflow_api_virtualenv.py
[2024-11-12T10:13:46.400+0000] {logging_mixin.py:190} INFO - [2024-11-12T10:13:46.400+0000] {dag.py:3239} INFO - Sync 1 DAGs
[2024-11-12T10:13:46.422+0000] {logging_mixin.py:190} INFO - [2024-11-12T10:13:46.422+0000] {dag.py:4180} INFO - Setting next_dagrun for tutorial_taskflow_api_virtualenv to None, run_after=None
[2024-11-12T10:13:46.458+0000] {processor.py:208} INFO - Processing /home/airflow/.local/lib/python3.12/site-packages/airflow/example_dags/tutorial_taskflow_api_virtualenv.py took 0.110 seconds
[2024-11-12T10:14:17.213+0000] {processor.py:186} INFO - Started process (PID=12684) to work on /home/airflow/.local/lib/python3.12/site-packages/airflow/example_dags/tutorial_taskflow_api_virtualenv.py
[2024-11-12T10:14:17.214+0000] {processor.py:914} INFO - Processing file /home/airflow/.local/lib/python3.12/site-packages/airflow/example_dags/tutorial_taskflow_api_virtualenv.py for tasks to queue
[2024-11-12T10:14:17.216+0000] {logging_mixin.py:190} INFO - [2024-11-12T10:14:17.215+0000] {dagbag.py:588} INFO - Filling up the DagBag from /home/airflow/.local/lib/python3.12/site-packages/airflow/example_dags/tutorial_taskflow_api_virtualenv.py
[2024-11-12T10:14:17.234+0000] {processor.py:925} INFO - DAG(s) 'tutorial_taskflow_api_virtualenv' retrieved from /home/airflow/.local/lib/python3.12/site-packages/airflow/example_dags/tutorial_taskflow_api_virtualenv.py
[2024-11-12T10:14:17.261+0000] {logging_mixin.py:190} INFO - [2024-11-12T10:14:17.261+0000] {dag.py:3239} INFO - Sync 1 DAGs
[2024-11-12T10:14:17.286+0000] {logging_mixin.py:190} INFO - [2024-11-12T10:14:17.286+0000] {dag.py:4180} INFO - Setting next_dagrun for tutorial_taskflow_api_virtualenv to None, run_after=None
[2024-11-12T10:14:17.315+0000] {processor.py:208} INFO - Processing /home/airflow/.local/lib/python3.12/site-packages/airflow/example_dags/tutorial_taskflow_api_virtualenv.py took 0.110 seconds
[2024-11-12T10:14:47.451+0000] {processor.py:186} INFO - Started process (PID=12746) to work on /home/airflow/.local/lib/python3.12/site-packages/airflow/example_dags/tutorial_taskflow_api_virtualenv.py
[2024-11-12T10:14:47.453+0000] {processor.py:914} INFO - Processing file /home/airflow/.local/lib/python3.12/site-packages/airflow/example_dags/tutorial_taskflow_api_virtualenv.py for tasks to queue
[2024-11-12T10:14:47.455+0000] {logging_mixin.py:190} INFO - [2024-11-12T10:14:47.454+0000] {dagbag.py:588} INFO - Filling up the DagBag from /home/airflow/.local/lib/python3.12/site-packages/airflow/example_dags/tutorial_taskflow_api_virtualenv.py
[2024-11-12T10:14:47.476+0000] {processor.py:925} INFO - DAG(s) 'tutorial_taskflow_api_virtualenv' retrieved from /home/airflow/.local/lib/python3.12/site-packages/airflow/example_dags/tutorial_taskflow_api_virtualenv.py
[2024-11-12T10:14:47.509+0000] {logging_mixin.py:190} INFO - [2024-11-12T10:14:47.509+0000] {dag.py:3239} INFO - Sync 1 DAGs
[2024-11-12T10:14:47.535+0000] {logging_mixin.py:190} INFO - [2024-11-12T10:14:47.535+0000] {dag.py:4180} INFO - Setting next_dagrun for tutorial_taskflow_api_virtualenv to None, run_after=None
[2024-11-12T10:14:47.570+0000] {processor.py:208} INFO - Processing /home/airflow/.local/lib/python3.12/site-packages/airflow/example_dags/tutorial_taskflow_api_virtualenv.py took 0.129 seconds
[2024-11-12T10:15:19.464+0000] {processor.py:186} INFO - Started process (PID=12808) to work on /home/airflow/.local/lib/python3.12/site-packages/airflow/example_dags/tutorial_taskflow_api_virtualenv.py
[2024-11-12T10:15:19.468+0000] {processor.py:914} INFO - Processing file /home/airflow/.local/lib/python3.12/site-packages/airflow/example_dags/tutorial_taskflow_api_virtualenv.py for tasks to queue
[2024-11-12T10:15:19.472+0000] {logging_mixin.py:190} INFO - [2024-11-12T10:15:19.471+0000] {dagbag.py:588} INFO - Filling up the DagBag from /home/airflow/.local/lib/python3.12/site-packages/airflow/example_dags/tutorial_taskflow_api_virtualenv.py
[2024-11-12T10:15:19.525+0000] {processor.py:925} INFO - DAG(s) 'tutorial_taskflow_api_virtualenv' retrieved from /home/airflow/.local/lib/python3.12/site-packages/airflow/example_dags/tutorial_taskflow_api_virtualenv.py
[2024-11-12T10:15:19.578+0000] {logging_mixin.py:190} INFO - [2024-11-12T10:15:19.577+0000] {dag.py:3239} INFO - Sync 1 DAGs
[2024-11-12T10:15:19.616+0000] {logging_mixin.py:190} INFO - [2024-11-12T10:15:19.614+0000] {dag.py:4180} INFO - Setting next_dagrun for tutorial_taskflow_api_virtualenv to None, run_after=None
[2024-11-12T10:15:19.661+0000] {processor.py:208} INFO - Processing /home/airflow/.local/lib/python3.12/site-packages/airflow/example_dags/tutorial_taskflow_api_virtualenv.py took 0.232 seconds
[2024-11-12T10:15:50.297+0000] {processor.py:186} INFO - Started process (PID=12871) to work on /home/airflow/.local/lib/python3.12/site-packages/airflow/example_dags/tutorial_taskflow_api_virtualenv.py
[2024-11-12T10:15:50.299+0000] {processor.py:914} INFO - Processing file /home/airflow/.local/lib/python3.12/site-packages/airflow/example_dags/tutorial_taskflow_api_virtualenv.py for tasks to queue
[2024-11-12T10:15:50.304+0000] {logging_mixin.py:190} INFO - [2024-11-12T10:15:50.303+0000] {dagbag.py:588} INFO - Filling up the DagBag from /home/airflow/.local/lib/python3.12/site-packages/airflow/example_dags/tutorial_taskflow_api_virtualenv.py
[2024-11-12T10:15:50.326+0000] {processor.py:925} INFO - DAG(s) 'tutorial_taskflow_api_virtualenv' retrieved from /home/airflow/.local/lib/python3.12/site-packages/airflow/example_dags/tutorial_taskflow_api_virtualenv.py
[2024-11-12T10:15:50.375+0000] {logging_mixin.py:190} INFO - [2024-11-12T10:15:50.374+0000] {dag.py:3239} INFO - Sync 1 DAGs
[2024-11-12T10:15:50.419+0000] {logging_mixin.py:190} INFO - [2024-11-12T10:15:50.419+0000] {dag.py:4180} INFO - Setting next_dagrun for tutorial_taskflow_api_virtualenv to None, run_after=None
[2024-11-12T10:15:50.456+0000] {processor.py:208} INFO - Processing /home/airflow/.local/lib/python3.12/site-packages/airflow/example_dags/tutorial_taskflow_api_virtualenv.py took 0.172 seconds
[2024-11-12T10:16:20.942+0000] {processor.py:186} INFO - Started process (PID=12933) to work on /home/airflow/.local/lib/python3.12/site-packages/airflow/example_dags/tutorial_taskflow_api_virtualenv.py
[2024-11-12T10:16:20.943+0000] {processor.py:914} INFO - Processing file /home/airflow/.local/lib/python3.12/site-packages/airflow/example_dags/tutorial_taskflow_api_virtualenv.py for tasks to queue
[2024-11-12T10:16:20.945+0000] {logging_mixin.py:190} INFO - [2024-11-12T10:16:20.945+0000] {dagbag.py:588} INFO - Filling up the DagBag from /home/airflow/.local/lib/python3.12/site-packages/airflow/example_dags/tutorial_taskflow_api_virtualenv.py
[2024-11-12T10:16:20.963+0000] {processor.py:925} INFO - DAG(s) 'tutorial_taskflow_api_virtualenv' retrieved from /home/airflow/.local/lib/python3.12/site-packages/airflow/example_dags/tutorial_taskflow_api_virtualenv.py
[2024-11-12T10:16:20.997+0000] {logging_mixin.py:190} INFO - [2024-11-12T10:16:20.996+0000] {dag.py:3239} INFO - Sync 1 DAGs
[2024-11-12T10:16:21.022+0000] {logging_mixin.py:190} INFO - [2024-11-12T10:16:21.021+0000] {dag.py:4180} INFO - Setting next_dagrun for tutorial_taskflow_api_virtualenv to None, run_after=None
[2024-11-12T10:16:21.048+0000] {processor.py:208} INFO - Processing /home/airflow/.local/lib/python3.12/site-packages/airflow/example_dags/tutorial_taskflow_api_virtualenv.py took 0.115 seconds
[2024-11-12T10:16:51.648+0000] {processor.py:186} INFO - Started process (PID=12995) to work on /home/airflow/.local/lib/python3.12/site-packages/airflow/example_dags/tutorial_taskflow_api_virtualenv.py
[2024-11-12T10:16:51.650+0000] {processor.py:914} INFO - Processing file /home/airflow/.local/lib/python3.12/site-packages/airflow/example_dags/tutorial_taskflow_api_virtualenv.py for tasks to queue
[2024-11-12T10:16:51.664+0000] {logging_mixin.py:190} INFO - [2024-11-12T10:16:51.664+0000] {dagbag.py:588} INFO - Filling up the DagBag from /home/airflow/.local/lib/python3.12/site-packages/airflow/example_dags/tutorial_taskflow_api_virtualenv.py
[2024-11-12T10:16:51.746+0000] {processor.py:925} INFO - DAG(s) 'tutorial_taskflow_api_virtualenv' retrieved from /home/airflow/.local/lib/python3.12/site-packages/airflow/example_dags/tutorial_taskflow_api_virtualenv.py
[2024-11-12T10:16:51.853+0000] {logging_mixin.py:190} INFO - [2024-11-12T10:16:51.852+0000] {dag.py:3239} INFO - Sync 1 DAGs
[2024-11-12T10:16:51.905+0000] {logging_mixin.py:190} INFO - [2024-11-12T10:16:51.904+0000] {dag.py:4180} INFO - Setting next_dagrun for tutorial_taskflow_api_virtualenv to None, run_after=None
[2024-11-12T10:16:51.978+0000] {processor.py:208} INFO - Processing /home/airflow/.local/lib/python3.12/site-packages/airflow/example_dags/tutorial_taskflow_api_virtualenv.py took 0.345 seconds
[2024-11-12T10:17:22.077+0000] {processor.py:186} INFO - Started process (PID=13057) to work on /home/airflow/.local/lib/python3.12/site-packages/airflow/example_dags/tutorial_taskflow_api_virtualenv.py
[2024-11-12T10:17:22.079+0000] {processor.py:914} INFO - Processing file /home/airflow/.local/lib/python3.12/site-packages/airflow/example_dags/tutorial_taskflow_api_virtualenv.py for tasks to queue
[2024-11-12T10:17:22.081+0000] {logging_mixin.py:190} INFO - [2024-11-12T10:17:22.081+0000] {dagbag.py:588} INFO - Filling up the DagBag from /home/airflow/.local/lib/python3.12/site-packages/airflow/example_dags/tutorial_taskflow_api_virtualenv.py
[2024-11-12T10:17:22.102+0000] {processor.py:925} INFO - DAG(s) 'tutorial_taskflow_api_virtualenv' retrieved from /home/airflow/.local/lib/python3.12/site-packages/airflow/example_dags/tutorial_taskflow_api_virtualenv.py
[2024-11-12T10:17:22.137+0000] {logging_mixin.py:190} INFO - [2024-11-12T10:17:22.137+0000] {dag.py:3239} INFO - Sync 1 DAGs
[2024-11-12T10:17:22.165+0000] {logging_mixin.py:190} INFO - [2024-11-12T10:17:22.165+0000] {dag.py:4180} INFO - Setting next_dagrun for tutorial_taskflow_api_virtualenv to None, run_after=None
[2024-11-12T10:17:22.196+0000] {processor.py:208} INFO - Processing /home/airflow/.local/lib/python3.12/site-packages/airflow/example_dags/tutorial_taskflow_api_virtualenv.py took 0.128 seconds
[2024-11-12T10:17:52.479+0000] {processor.py:186} INFO - Started process (PID=13119) to work on /home/airflow/.local/lib/python3.12/site-packages/airflow/example_dags/tutorial_taskflow_api_virtualenv.py
[2024-11-12T10:17:52.481+0000] {processor.py:914} INFO - Processing file /home/airflow/.local/lib/python3.12/site-packages/airflow/example_dags/tutorial_taskflow_api_virtualenv.py for tasks to queue
[2024-11-12T10:17:52.485+0000] {logging_mixin.py:190} INFO - [2024-11-12T10:17:52.484+0000] {dagbag.py:588} INFO - Filling up the DagBag from /home/airflow/.local/lib/python3.12/site-packages/airflow/example_dags/tutorial_taskflow_api_virtualenv.py
[2024-11-12T10:17:52.504+0000] {processor.py:925} INFO - DAG(s) 'tutorial_taskflow_api_virtualenv' retrieved from /home/airflow/.local/lib/python3.12/site-packages/airflow/example_dags/tutorial_taskflow_api_virtualenv.py
[2024-11-12T10:17:52.539+0000] {logging_mixin.py:190} INFO - [2024-11-12T10:17:52.538+0000] {dag.py:3239} INFO - Sync 1 DAGs
[2024-11-12T10:17:52.564+0000] {logging_mixin.py:190} INFO - [2024-11-12T10:17:52.564+0000] {dag.py:4180} INFO - Setting next_dagrun for tutorial_taskflow_api_virtualenv to None, run_after=None
[2024-11-12T10:17:52.596+0000] {processor.py:208} INFO - Processing /home/airflow/.local/lib/python3.12/site-packages/airflow/example_dags/tutorial_taskflow_api_virtualenv.py took 0.125 seconds
[2024-11-12T10:18:23.122+0000] {processor.py:186} INFO - Started process (PID=13181) to work on /home/airflow/.local/lib/python3.12/site-packages/airflow/example_dags/tutorial_taskflow_api_virtualenv.py
[2024-11-12T10:18:23.124+0000] {processor.py:914} INFO - Processing file /home/airflow/.local/lib/python3.12/site-packages/airflow/example_dags/tutorial_taskflow_api_virtualenv.py for tasks to queue
[2024-11-12T10:18:23.127+0000] {logging_mixin.py:190} INFO - [2024-11-12T10:18:23.127+0000] {dagbag.py:588} INFO - Filling up the DagBag from /home/airflow/.local/lib/python3.12/site-packages/airflow/example_dags/tutorial_taskflow_api_virtualenv.py
[2024-11-12T10:18:23.156+0000] {processor.py:925} INFO - DAG(s) 'tutorial_taskflow_api_virtualenv' retrieved from /home/airflow/.local/lib/python3.12/site-packages/airflow/example_dags/tutorial_taskflow_api_virtualenv.py
[2024-11-12T10:18:23.203+0000] {logging_mixin.py:190} INFO - [2024-11-12T10:18:23.202+0000] {dag.py:3239} INFO - Sync 1 DAGs
[2024-11-12T10:18:23.235+0000] {logging_mixin.py:190} INFO - [2024-11-12T10:18:23.235+0000] {dag.py:4180} INFO - Setting next_dagrun for tutorial_taskflow_api_virtualenv to None, run_after=None
[2024-11-12T10:18:23.277+0000] {processor.py:208} INFO - Processing /home/airflow/.local/lib/python3.12/site-packages/airflow/example_dags/tutorial_taskflow_api_virtualenv.py took 0.169 seconds
[2024-11-12T10:18:53.454+0000] {processor.py:186} INFO - Started process (PID=13243) to work on /home/airflow/.local/lib/python3.12/site-packages/airflow/example_dags/tutorial_taskflow_api_virtualenv.py
[2024-11-12T10:18:53.456+0000] {processor.py:914} INFO - Processing file /home/airflow/.local/lib/python3.12/site-packages/airflow/example_dags/tutorial_taskflow_api_virtualenv.py for tasks to queue
[2024-11-12T10:18:53.457+0000] {logging_mixin.py:190} INFO - [2024-11-12T10:18:53.457+0000] {dagbag.py:588} INFO - Filling up the DagBag from /home/airflow/.local/lib/python3.12/site-packages/airflow/example_dags/tutorial_taskflow_api_virtualenv.py
[2024-11-12T10:18:53.475+0000] {processor.py:925} INFO - DAG(s) 'tutorial_taskflow_api_virtualenv' retrieved from /home/airflow/.local/lib/python3.12/site-packages/airflow/example_dags/tutorial_taskflow_api_virtualenv.py
[2024-11-12T10:18:53.506+0000] {logging_mixin.py:190} INFO - [2024-11-12T10:18:53.505+0000] {dag.py:3239} INFO - Sync 1 DAGs
[2024-11-12T10:18:53.539+0000] {logging_mixin.py:190} INFO - [2024-11-12T10:18:53.537+0000] {dag.py:4180} INFO - Setting next_dagrun for tutorial_taskflow_api_virtualenv to None, run_after=None
[2024-11-12T10:18:53.576+0000] {processor.py:208} INFO - Processing /home/airflow/.local/lib/python3.12/site-packages/airflow/example_dags/tutorial_taskflow_api_virtualenv.py took 0.131 seconds
[2024-11-12T10:19:24.022+0000] {processor.py:186} INFO - Started process (PID=13307) to work on /home/airflow/.local/lib/python3.12/site-packages/airflow/example_dags/tutorial_taskflow_api_virtualenv.py
[2024-11-12T10:19:24.025+0000] {processor.py:914} INFO - Processing file /home/airflow/.local/lib/python3.12/site-packages/airflow/example_dags/tutorial_taskflow_api_virtualenv.py for tasks to queue
[2024-11-12T10:19:24.028+0000] {logging_mixin.py:190} INFO - [2024-11-12T10:19:24.027+0000] {dagbag.py:588} INFO - Filling up the DagBag from /home/airflow/.local/lib/python3.12/site-packages/airflow/example_dags/tutorial_taskflow_api_virtualenv.py
[2024-11-12T10:19:24.048+0000] {processor.py:925} INFO - DAG(s) 'tutorial_taskflow_api_virtualenv' retrieved from /home/airflow/.local/lib/python3.12/site-packages/airflow/example_dags/tutorial_taskflow_api_virtualenv.py
[2024-11-12T10:19:24.080+0000] {logging_mixin.py:190} INFO - [2024-11-12T10:19:24.079+0000] {dag.py:3239} INFO - Sync 1 DAGs
[2024-11-12T10:19:24.104+0000] {logging_mixin.py:190} INFO - [2024-11-12T10:19:24.104+0000] {dag.py:4180} INFO - Setting next_dagrun for tutorial_taskflow_api_virtualenv to None, run_after=None
[2024-11-12T10:19:24.136+0000] {processor.py:208} INFO - Processing /home/airflow/.local/lib/python3.12/site-packages/airflow/example_dags/tutorial_taskflow_api_virtualenv.py took 0.122 seconds
[2024-11-12T10:19:54.508+0000] {processor.py:186} INFO - Started process (PID=13369) to work on /home/airflow/.local/lib/python3.12/site-packages/airflow/example_dags/tutorial_taskflow_api_virtualenv.py
[2024-11-12T10:19:54.510+0000] {processor.py:914} INFO - Processing file /home/airflow/.local/lib/python3.12/site-packages/airflow/example_dags/tutorial_taskflow_api_virtualenv.py for tasks to queue
[2024-11-12T10:19:54.512+0000] {logging_mixin.py:190} INFO - [2024-11-12T10:19:54.511+0000] {dagbag.py:588} INFO - Filling up the DagBag from /home/airflow/.local/lib/python3.12/site-packages/airflow/example_dags/tutorial_taskflow_api_virtualenv.py
[2024-11-12T10:19:54.528+0000] {processor.py:925} INFO - DAG(s) 'tutorial_taskflow_api_virtualenv' retrieved from /home/airflow/.local/lib/python3.12/site-packages/airflow/example_dags/tutorial_taskflow_api_virtualenv.py
[2024-11-12T10:19:54.557+0000] {logging_mixin.py:190} INFO - [2024-11-12T10:19:54.557+0000] {dag.py:3239} INFO - Sync 1 DAGs
[2024-11-12T10:19:54.578+0000] {logging_mixin.py:190} INFO - [2024-11-12T10:19:54.578+0000] {dag.py:4180} INFO - Setting next_dagrun for tutorial_taskflow_api_virtualenv to None, run_after=None
[2024-11-12T10:19:54.607+0000] {processor.py:208} INFO - Processing /home/airflow/.local/lib/python3.12/site-packages/airflow/example_dags/tutorial_taskflow_api_virtualenv.py took 0.108 seconds
[2024-11-12T10:20:24.924+0000] {processor.py:186} INFO - Started process (PID=13432) to work on /home/airflow/.local/lib/python3.12/site-packages/airflow/example_dags/tutorial_taskflow_api_virtualenv.py
[2024-11-12T10:20:24.925+0000] {processor.py:914} INFO - Processing file /home/airflow/.local/lib/python3.12/site-packages/airflow/example_dags/tutorial_taskflow_api_virtualenv.py for tasks to queue
[2024-11-12T10:20:24.927+0000] {logging_mixin.py:190} INFO - [2024-11-12T10:20:24.927+0000] {dagbag.py:588} INFO - Filling up the DagBag from /home/airflow/.local/lib/python3.12/site-packages/airflow/example_dags/tutorial_taskflow_api_virtualenv.py
[2024-11-12T10:20:24.943+0000] {processor.py:925} INFO - DAG(s) 'tutorial_taskflow_api_virtualenv' retrieved from /home/airflow/.local/lib/python3.12/site-packages/airflow/example_dags/tutorial_taskflow_api_virtualenv.py
[2024-11-12T10:20:24.973+0000] {logging_mixin.py:190} INFO - [2024-11-12T10:20:24.972+0000] {dag.py:3239} INFO - Sync 1 DAGs
[2024-11-12T10:20:24.999+0000] {logging_mixin.py:190} INFO - [2024-11-12T10:20:24.999+0000] {dag.py:4180} INFO - Setting next_dagrun for tutorial_taskflow_api_virtualenv to None, run_after=None
[2024-11-12T10:20:25.026+0000] {processor.py:208} INFO - Processing /home/airflow/.local/lib/python3.12/site-packages/airflow/example_dags/tutorial_taskflow_api_virtualenv.py took 0.112 seconds
[2024-11-12T10:20:55.175+0000] {processor.py:186} INFO - Started process (PID=13490) to work on /home/airflow/.local/lib/python3.12/site-packages/airflow/example_dags/tutorial_taskflow_api_virtualenv.py
[2024-11-12T10:20:55.177+0000] {processor.py:914} INFO - Processing file /home/airflow/.local/lib/python3.12/site-packages/airflow/example_dags/tutorial_taskflow_api_virtualenv.py for tasks to queue
[2024-11-12T10:20:55.181+0000] {logging_mixin.py:190} INFO - [2024-11-12T10:20:55.180+0000] {dagbag.py:588} INFO - Filling up the DagBag from /home/airflow/.local/lib/python3.12/site-packages/airflow/example_dags/tutorial_taskflow_api_virtualenv.py
[2024-11-12T10:20:55.203+0000] {processor.py:925} INFO - DAG(s) 'tutorial_taskflow_api_virtualenv' retrieved from /home/airflow/.local/lib/python3.12/site-packages/airflow/example_dags/tutorial_taskflow_api_virtualenv.py
[2024-11-12T10:20:55.260+0000] {logging_mixin.py:190} INFO - [2024-11-12T10:20:55.260+0000] {dag.py:3239} INFO - Sync 1 DAGs
[2024-11-12T10:20:55.312+0000] {logging_mixin.py:190} INFO - [2024-11-12T10:20:55.311+0000] {dag.py:4180} INFO - Setting next_dagrun for tutorial_taskflow_api_virtualenv to None, run_after=None
[2024-11-12T10:20:55.386+0000] {processor.py:208} INFO - Processing /home/airflow/.local/lib/python3.12/site-packages/airflow/example_dags/tutorial_taskflow_api_virtualenv.py took 0.223 seconds
[2024-11-12T10:21:25.463+0000] {processor.py:186} INFO - Started process (PID=13552) to work on /home/airflow/.local/lib/python3.12/site-packages/airflow/example_dags/tutorial_taskflow_api_virtualenv.py
[2024-11-12T10:21:25.465+0000] {processor.py:914} INFO - Processing file /home/airflow/.local/lib/python3.12/site-packages/airflow/example_dags/tutorial_taskflow_api_virtualenv.py for tasks to queue
[2024-11-12T10:21:25.468+0000] {logging_mixin.py:190} INFO - [2024-11-12T10:21:25.468+0000] {dagbag.py:588} INFO - Filling up the DagBag from /home/airflow/.local/lib/python3.12/site-packages/airflow/example_dags/tutorial_taskflow_api_virtualenv.py
[2024-11-12T10:21:25.500+0000] {processor.py:925} INFO - DAG(s) 'tutorial_taskflow_api_virtualenv' retrieved from /home/airflow/.local/lib/python3.12/site-packages/airflow/example_dags/tutorial_taskflow_api_virtualenv.py
[2024-11-12T10:21:25.537+0000] {logging_mixin.py:190} INFO - [2024-11-12T10:21:25.536+0000] {dag.py:3239} INFO - Sync 1 DAGs
[2024-11-12T10:21:25.566+0000] {logging_mixin.py:190} INFO - [2024-11-12T10:21:25.566+0000] {dag.py:4180} INFO - Setting next_dagrun for tutorial_taskflow_api_virtualenv to None, run_after=None
[2024-11-12T10:21:25.601+0000] {processor.py:208} INFO - Processing /home/airflow/.local/lib/python3.12/site-packages/airflow/example_dags/tutorial_taskflow_api_virtualenv.py took 0.148 seconds
[2024-11-12T10:21:55.832+0000] {processor.py:186} INFO - Started process (PID=13611) to work on /home/airflow/.local/lib/python3.12/site-packages/airflow/example_dags/tutorial_taskflow_api_virtualenv.py
[2024-11-12T10:21:55.834+0000] {processor.py:914} INFO - Processing file /home/airflow/.local/lib/python3.12/site-packages/airflow/example_dags/tutorial_taskflow_api_virtualenv.py for tasks to queue
[2024-11-12T10:21:55.835+0000] {logging_mixin.py:190} INFO - [2024-11-12T10:21:55.835+0000] {dagbag.py:588} INFO - Filling up the DagBag from /home/airflow/.local/lib/python3.12/site-packages/airflow/example_dags/tutorial_taskflow_api_virtualenv.py
[2024-11-12T10:21:55.851+0000] {processor.py:925} INFO - DAG(s) 'tutorial_taskflow_api_virtualenv' retrieved from /home/airflow/.local/lib/python3.12/site-packages/airflow/example_dags/tutorial_taskflow_api_virtualenv.py
[2024-11-12T10:21:55.879+0000] {logging_mixin.py:190} INFO - [2024-11-12T10:21:55.878+0000] {dag.py:3239} INFO - Sync 1 DAGs
[2024-11-12T10:21:55.900+0000] {logging_mixin.py:190} INFO - [2024-11-12T10:21:55.899+0000] {dag.py:4180} INFO - Setting next_dagrun for tutorial_taskflow_api_virtualenv to None, run_after=None
[2024-11-12T10:21:55.926+0000] {processor.py:208} INFO - Processing /home/airflow/.local/lib/python3.12/site-packages/airflow/example_dags/tutorial_taskflow_api_virtualenv.py took 0.101 seconds
[2024-11-12T10:22:26.632+0000] {processor.py:186} INFO - Started process (PID=13674) to work on /home/airflow/.local/lib/python3.12/site-packages/airflow/example_dags/tutorial_taskflow_api_virtualenv.py
[2024-11-12T10:22:26.633+0000] {processor.py:914} INFO - Processing file /home/airflow/.local/lib/python3.12/site-packages/airflow/example_dags/tutorial_taskflow_api_virtualenv.py for tasks to queue
[2024-11-12T10:22:26.635+0000] {logging_mixin.py:190} INFO - [2024-11-12T10:22:26.635+0000] {dagbag.py:588} INFO - Filling up the DagBag from /home/airflow/.local/lib/python3.12/site-packages/airflow/example_dags/tutorial_taskflow_api_virtualenv.py
[2024-11-12T10:22:26.653+0000] {processor.py:925} INFO - DAG(s) 'tutorial_taskflow_api_virtualenv' retrieved from /home/airflow/.local/lib/python3.12/site-packages/airflow/example_dags/tutorial_taskflow_api_virtualenv.py
[2024-11-12T10:22:26.682+0000] {logging_mixin.py:190} INFO - [2024-11-12T10:22:26.682+0000] {dag.py:3239} INFO - Sync 1 DAGs
[2024-11-12T10:22:26.704+0000] {logging_mixin.py:190} INFO - [2024-11-12T10:22:26.703+0000] {dag.py:4180} INFO - Setting next_dagrun for tutorial_taskflow_api_virtualenv to None, run_after=None
[2024-11-12T10:22:26.732+0000] {processor.py:208} INFO - Processing /home/airflow/.local/lib/python3.12/site-packages/airflow/example_dags/tutorial_taskflow_api_virtualenv.py took 0.107 seconds
[2024-11-12T10:22:56.908+0000] {processor.py:186} INFO - Started process (PID=13736) to work on /home/airflow/.local/lib/python3.12/site-packages/airflow/example_dags/tutorial_taskflow_api_virtualenv.py
[2024-11-12T10:22:56.909+0000] {processor.py:914} INFO - Processing file /home/airflow/.local/lib/python3.12/site-packages/airflow/example_dags/tutorial_taskflow_api_virtualenv.py for tasks to queue
[2024-11-12T10:22:56.911+0000] {logging_mixin.py:190} INFO - [2024-11-12T10:22:56.910+0000] {dagbag.py:588} INFO - Filling up the DagBag from /home/airflow/.local/lib/python3.12/site-packages/airflow/example_dags/tutorial_taskflow_api_virtualenv.py
[2024-11-12T10:22:56.924+0000] {processor.py:925} INFO - DAG(s) 'tutorial_taskflow_api_virtualenv' retrieved from /home/airflow/.local/lib/python3.12/site-packages/airflow/example_dags/tutorial_taskflow_api_virtualenv.py
[2024-11-12T10:22:56.949+0000] {logging_mixin.py:190} INFO - [2024-11-12T10:22:56.948+0000] {dag.py:3239} INFO - Sync 1 DAGs
[2024-11-12T10:22:56.968+0000] {logging_mixin.py:190} INFO - [2024-11-12T10:22:56.968+0000] {dag.py:4180} INFO - Setting next_dagrun for tutorial_taskflow_api_virtualenv to None, run_after=None
[2024-11-12T10:22:56.993+0000] {processor.py:208} INFO - Processing /home/airflow/.local/lib/python3.12/site-packages/airflow/example_dags/tutorial_taskflow_api_virtualenv.py took 0.092 seconds
[2024-11-12T10:23:27.097+0000] {processor.py:186} INFO - Started process (PID=13799) to work on /home/airflow/.local/lib/python3.12/site-packages/airflow/example_dags/tutorial_taskflow_api_virtualenv.py
[2024-11-12T10:23:27.098+0000] {processor.py:914} INFO - Processing file /home/airflow/.local/lib/python3.12/site-packages/airflow/example_dags/tutorial_taskflow_api_virtualenv.py for tasks to queue
[2024-11-12T10:23:27.099+0000] {logging_mixin.py:190} INFO - [2024-11-12T10:23:27.099+0000] {dagbag.py:588} INFO - Filling up the DagBag from /home/airflow/.local/lib/python3.12/site-packages/airflow/example_dags/tutorial_taskflow_api_virtualenv.py
[2024-11-12T10:23:27.113+0000] {processor.py:925} INFO - DAG(s) 'tutorial_taskflow_api_virtualenv' retrieved from /home/airflow/.local/lib/python3.12/site-packages/airflow/example_dags/tutorial_taskflow_api_virtualenv.py
[2024-11-12T10:23:27.140+0000] {logging_mixin.py:190} INFO - [2024-11-12T10:23:27.140+0000] {dag.py:3239} INFO - Sync 1 DAGs
[2024-11-12T10:23:27.161+0000] {logging_mixin.py:190} INFO - [2024-11-12T10:23:27.160+0000] {dag.py:4180} INFO - Setting next_dagrun for tutorial_taskflow_api_virtualenv to None, run_after=None
[2024-11-12T10:23:27.187+0000] {processor.py:208} INFO - Processing /home/airflow/.local/lib/python3.12/site-packages/airflow/example_dags/tutorial_taskflow_api_virtualenv.py took 0.097 seconds
[2024-11-12T10:23:57.671+0000] {processor.py:186} INFO - Started process (PID=13862) to work on /home/airflow/.local/lib/python3.12/site-packages/airflow/example_dags/tutorial_taskflow_api_virtualenv.py
[2024-11-12T10:23:57.673+0000] {processor.py:914} INFO - Processing file /home/airflow/.local/lib/python3.12/site-packages/airflow/example_dags/tutorial_taskflow_api_virtualenv.py for tasks to queue
[2024-11-12T10:23:57.675+0000] {logging_mixin.py:190} INFO - [2024-11-12T10:23:57.675+0000] {dagbag.py:588} INFO - Filling up the DagBag from /home/airflow/.local/lib/python3.12/site-packages/airflow/example_dags/tutorial_taskflow_api_virtualenv.py
[2024-11-12T10:23:57.692+0000] {processor.py:925} INFO - DAG(s) 'tutorial_taskflow_api_virtualenv' retrieved from /home/airflow/.local/lib/python3.12/site-packages/airflow/example_dags/tutorial_taskflow_api_virtualenv.py
[2024-11-12T10:23:57.723+0000] {logging_mixin.py:190} INFO - [2024-11-12T10:23:57.723+0000] {dag.py:3239} INFO - Sync 1 DAGs
[2024-11-12T10:23:57.752+0000] {logging_mixin.py:190} INFO - [2024-11-12T10:23:57.752+0000] {dag.py:4180} INFO - Setting next_dagrun for tutorial_taskflow_api_virtualenv to None, run_after=None
[2024-11-12T10:23:57.784+0000] {processor.py:208} INFO - Processing /home/airflow/.local/lib/python3.12/site-packages/airflow/example_dags/tutorial_taskflow_api_virtualenv.py took 0.119 seconds
[2024-11-12T10:24:28.180+0000] {processor.py:186} INFO - Started process (PID=13925) to work on /home/airflow/.local/lib/python3.12/site-packages/airflow/example_dags/tutorial_taskflow_api_virtualenv.py
[2024-11-12T10:24:28.181+0000] {processor.py:914} INFO - Processing file /home/airflow/.local/lib/python3.12/site-packages/airflow/example_dags/tutorial_taskflow_api_virtualenv.py for tasks to queue
[2024-11-12T10:24:28.184+0000] {logging_mixin.py:190} INFO - [2024-11-12T10:24:28.183+0000] {dagbag.py:588} INFO - Filling up the DagBag from /home/airflow/.local/lib/python3.12/site-packages/airflow/example_dags/tutorial_taskflow_api_virtualenv.py
[2024-11-12T10:24:28.202+0000] {processor.py:925} INFO - DAG(s) 'tutorial_taskflow_api_virtualenv' retrieved from /home/airflow/.local/lib/python3.12/site-packages/airflow/example_dags/tutorial_taskflow_api_virtualenv.py
[2024-11-12T10:24:28.234+0000] {logging_mixin.py:190} INFO - [2024-11-12T10:24:28.234+0000] {dag.py:3239} INFO - Sync 1 DAGs
[2024-11-12T10:24:28.260+0000] {logging_mixin.py:190} INFO - [2024-11-12T10:24:28.260+0000] {dag.py:4180} INFO - Setting next_dagrun for tutorial_taskflow_api_virtualenv to None, run_after=None
[2024-11-12T10:24:28.295+0000] {processor.py:208} INFO - Processing /home/airflow/.local/lib/python3.12/site-packages/airflow/example_dags/tutorial_taskflow_api_virtualenv.py took 0.123 seconds
