[2024-11-23T16:37:31.449+0000] {local_task_job_runner.py:123} INFO - ::group::Pre task execution logs
[2024-11-23T16:37:31.581+0000] {taskinstance.py:2613} INFO - Dependencies all met for dep_context=non-requeueable deps ti=<TaskInstance: app_data_pipeline_fin.fetch_and_store_data scheduled__2024-11-20T16:00:00+00:00 [queued]>
[2024-11-23T16:37:31.650+0000] {taskinstance.py:2613} INFO - Dependencies all met for dep_context=requeueable deps ti=<TaskInstance: app_data_pipeline_fin.fetch_and_store_data scheduled__2024-11-20T16:00:00+00:00 [queued]>
[2024-11-23T16:37:31.652+0000] {taskinstance.py:2866} INFO - Starting attempt 1 of 2
[2024-11-23T16:37:31.723+0000] {taskinstance.py:2889} INFO - Executing <Task(PythonOperator): fetch_and_store_data> on 2024-11-20 16:00:00+00:00
[2024-11-23T16:37:31.773+0000] {warnings.py:112} WARNING - /home/***/.local/lib/python3.12/site-packages/***/task/task_runner/standard_task_runner.py:70: DeprecationWarning: This process (pid=112) is multi-threaded, use of fork() may lead to deadlocks in the child.
  pid = os.fork()

[2024-11-23T16:37:31.778+0000] {standard_task_runner.py:72} INFO - Started process 144 to run task
[2024-11-23T16:37:31.854+0000] {standard_task_runner.py:104} INFO - Running: ['***', 'tasks', 'run', 'app_data_pipeline_fin', 'fetch_and_store_data', 'scheduled__2024-11-20T16:00:00+00:00', '--job-id', '795', '--raw', '--subdir', 'DAGS_FOLDER/insert_data_fin.py', '--cfg-path', '/tmp/tmprbi6hzee']
[2024-11-23T16:37:31.871+0000] {standard_task_runner.py:105} INFO - Job 795: Subtask fetch_and_store_data
[2024-11-23T16:37:32.607+0000] {task_command.py:467} INFO - Running <TaskInstance: app_data_pipeline_fin.fetch_and_store_data scheduled__2024-11-20T16:00:00+00:00 [running]> on host e6bda0a190de
[2024-11-23T16:37:33.335+0000] {taskinstance.py:3132} INFO - Exporting env vars: AIRFLOW_CTX_DAG_OWNER='***' AIRFLOW_CTX_DAG_ID='app_data_pipeline_fin' AIRFLOW_CTX_TASK_ID='fetch_and_store_data' AIRFLOW_CTX_EXECUTION_DATE='2024-11-20T16:00:00+00:00' AIRFLOW_CTX_TRY_NUMBER='1' AIRFLOW_CTX_DAG_RUN_ID='scheduled__2024-11-20T16:00:00+00:00'
[2024-11-23T16:37:33.352+0000] {logging_mixin.py:190} INFO - Task instance is in running state
[2024-11-23T16:37:33.355+0000] {logging_mixin.py:190} INFO -  Previous state of the Task instance: queued
[2024-11-23T16:37:33.359+0000] {logging_mixin.py:190} INFO - Current task name:fetch_and_store_data state:running start_date:2024-11-23 16:37:31.593754+00:00
[2024-11-23T16:37:33.362+0000] {logging_mixin.py:190} INFO - Dag name:app_data_pipeline_fin and current dag run status:running
[2024-11-23T16:37:33.381+0000] {taskinstance.py:731} INFO - ::endgroup::
[2024-11-23T16:37:37.667+0000] {logging_mixin.py:190} INFO - 3 documents insérés dans MongoDB pour GOOGL.
[2024-11-23T16:37:38.174+0000] {logging_mixin.py:190} INFO - 3 documents insérés dans MongoDB pour AMZN.
[2024-11-23T16:37:38.510+0000] {logging_mixin.py:190} INFO - 3 documents insérés dans MongoDB pour AAPL.
[2024-11-23T16:37:38.846+0000] {logging_mixin.py:190} INFO - 3 documents insérés dans MongoDB pour MSFT.
[2024-11-23T16:37:39.320+0000] {logging_mixin.py:190} INFO - 3 documents insérés dans MongoDB pour META.
[2024-11-23T16:37:39.653+0000] {logging_mixin.py:190} INFO - 3 documents insérés dans MongoDB pour NVDA.
[2024-11-23T16:37:39.953+0000] {logging_mixin.py:190} INFO - 3 documents insérés dans MongoDB pour TSLA.
[2024-11-23T16:37:40.609+0000] {logging_mixin.py:190} INFO - 3 documents insérés dans MongoDB pour INTC.
[2024-11-23T16:37:41.155+0000] {logging_mixin.py:190} INFO - 3 documents insérés dans MongoDB pour ORCL.
[2024-11-23T16:37:41.580+0000] {logging_mixin.py:190} INFO - 3 documents insérés dans MongoDB pour ADBE.
[2024-11-23T16:37:41.844+0000] {logging_mixin.py:190} INFO - 3 documents insérés dans MongoDB pour IBM.
[2024-11-23T16:37:42.167+0000] {logging_mixin.py:190} INFO - 3 documents insérés dans MongoDB pour CRM.
[2024-11-23T16:37:42.638+0000] {logging_mixin.py:190} INFO - 3 documents insérés dans MongoDB pour NFLX.
[2024-11-23T16:37:43.106+0000] {logging_mixin.py:190} INFO - 3 documents insérés dans MongoDB pour QCOM.
[2024-11-23T16:37:43.126+0000] {logging_mixin.py:190} INFO - Connexion à MongoDB fermée.
[2024-11-23T16:37:43.132+0000] {python.py:240} INFO - Done. Returned value was: None
[2024-11-23T16:37:43.210+0000] {taskinstance.py:340} INFO - ::group::Post task execution logs
[2024-11-23T16:37:43.212+0000] {taskinstance.py:352} INFO - Marking task as SUCCESS. dag_id=app_data_pipeline_fin, task_id=fetch_and_store_data, run_id=scheduled__2024-11-20T16:00:00+00:00, execution_date=20241120T160000, start_date=20241123T163731, end_date=20241123T163743
[2024-11-23T16:37:43.278+0000] {logging_mixin.py:190} INFO - Task instance in success state
[2024-11-23T16:37:43.280+0000] {logging_mixin.py:190} INFO -  Previous state of the Task instance: running
[2024-11-23T16:37:43.284+0000] {logging_mixin.py:190} INFO - Dag name:app_data_pipeline_fin queued_at:2024-11-23 16:33:21.276909+00:00
[2024-11-23T16:37:43.286+0000] {logging_mixin.py:190} INFO - Task hostname:e6bda0a190de operator:PythonOperator
[2024-11-23T16:37:43.393+0000] {local_task_job_runner.py:266} INFO - Task exited with return code 0
[2024-11-23T16:37:43.688+0000] {taskinstance.py:3895} INFO - 0 downstream tasks scheduled from follow-on schedule check
[2024-11-23T16:37:43.736+0000] {local_task_job_runner.py:245} INFO - ::endgroup::
