[2024-11-23T16:34:10.746+0000] {processor.py:186} INFO - Started process (PID=184) to work on /home/airflow/.local/lib/python3.12/site-packages/airflow/example_dags/example_short_circuit_operator.py
[2024-11-23T16:34:10.756+0000] {processor.py:914} INFO - Processing file /home/airflow/.local/lib/python3.12/site-packages/airflow/example_dags/example_short_circuit_operator.py for tasks to queue
[2024-11-23T16:34:10.782+0000] {logging_mixin.py:190} INFO - [2024-11-23T16:34:10.780+0000] {dagbag.py:588} INFO - Filling up the DagBag from /home/airflow/.local/lib/python3.12/site-packages/airflow/example_dags/example_short_circuit_operator.py
[2024-11-23T16:34:10.979+0000] {processor.py:925} INFO - DAG(s) 'example_short_circuit_operator' retrieved from /home/airflow/.local/lib/python3.12/site-packages/airflow/example_dags/example_short_circuit_operator.py
[2024-11-23T16:34:11.745+0000] {logging_mixin.py:190} INFO - [2024-11-23T16:34:11.745+0000] {dag.py:3239} INFO - Sync 1 DAGs
[2024-11-23T16:34:12.008+0000] {logging_mixin.py:190} INFO - [2024-11-23T16:34:12.008+0000] {dag.py:4180} INFO - Setting next_dagrun for example_short_circuit_operator to None, run_after=None
[2024-11-23T16:34:13.729+0000] {processor.py:208} INFO - Processing /home/airflow/.local/lib/python3.12/site-packages/airflow/example_dags/example_short_circuit_operator.py took 3.133 seconds
[2024-11-23T16:40:16.029+0000] {processor.py:186} INFO - Started process (PID=148) to work on /home/airflow/.local/lib/python3.12/site-packages/airflow/example_dags/example_short_circuit_operator.py
[2024-11-23T16:40:16.035+0000] {processor.py:914} INFO - Processing file /home/airflow/.local/lib/python3.12/site-packages/airflow/example_dags/example_short_circuit_operator.py for tasks to queue
[2024-11-23T16:40:16.048+0000] {logging_mixin.py:190} INFO - [2024-11-23T16:40:16.047+0000] {dagbag.py:588} INFO - Filling up the DagBag from /home/airflow/.local/lib/python3.12/site-packages/airflow/example_dags/example_short_circuit_operator.py
[2024-11-23T16:40:16.092+0000] {processor.py:925} INFO - DAG(s) 'example_short_circuit_operator' retrieved from /home/airflow/.local/lib/python3.12/site-packages/airflow/example_dags/example_short_circuit_operator.py
[2024-11-23T16:40:16.187+0000] {logging_mixin.py:190} INFO - [2024-11-23T16:40:16.185+0000] {dag.py:3239} INFO - Sync 1 DAGs
[2024-11-23T16:40:16.260+0000] {logging_mixin.py:190} INFO - [2024-11-23T16:40:16.260+0000] {dag.py:4180} INFO - Setting next_dagrun for example_short_circuit_operator to None, run_after=None
[2024-11-23T16:40:16.413+0000] {processor.py:208} INFO - Processing /home/airflow/.local/lib/python3.12/site-packages/airflow/example_dags/example_short_circuit_operator.py took 0.400 seconds
[2024-11-23T16:41:02.516+0000] {processor.py:186} INFO - Started process (PID=222) to work on /home/airflow/.local/lib/python3.12/site-packages/airflow/example_dags/example_short_circuit_operator.py
[2024-11-23T16:41:02.520+0000] {processor.py:914} INFO - Processing file /home/airflow/.local/lib/python3.12/site-packages/airflow/example_dags/example_short_circuit_operator.py for tasks to queue
[2024-11-23T16:41:02.525+0000] {logging_mixin.py:190} INFO - [2024-11-23T16:41:02.524+0000] {dagbag.py:588} INFO - Filling up the DagBag from /home/airflow/.local/lib/python3.12/site-packages/airflow/example_dags/example_short_circuit_operator.py
[2024-11-23T16:41:02.541+0000] {processor.py:925} INFO - DAG(s) 'example_short_circuit_operator' retrieved from /home/airflow/.local/lib/python3.12/site-packages/airflow/example_dags/example_short_circuit_operator.py
[2024-11-23T16:41:02.585+0000] {logging_mixin.py:190} INFO - [2024-11-23T16:41:02.584+0000] {dag.py:3239} INFO - Sync 1 DAGs
[2024-11-23T16:41:02.647+0000] {logging_mixin.py:190} INFO - [2024-11-23T16:41:02.646+0000] {dag.py:4180} INFO - Setting next_dagrun for example_short_circuit_operator to None, run_after=None
[2024-11-23T16:41:02.700+0000] {processor.py:208} INFO - Processing /home/airflow/.local/lib/python3.12/site-packages/airflow/example_dags/example_short_circuit_operator.py took 0.202 seconds
[2024-11-23T16:41:33.832+0000] {processor.py:186} INFO - Started process (PID=288) to work on /home/airflow/.local/lib/python3.12/site-packages/airflow/example_dags/example_short_circuit_operator.py
[2024-11-23T16:41:33.834+0000] {processor.py:914} INFO - Processing file /home/airflow/.local/lib/python3.12/site-packages/airflow/example_dags/example_short_circuit_operator.py for tasks to queue
[2024-11-23T16:41:33.847+0000] {logging_mixin.py:190} INFO - [2024-11-23T16:41:33.846+0000] {dagbag.py:588} INFO - Filling up the DagBag from /home/airflow/.local/lib/python3.12/site-packages/airflow/example_dags/example_short_circuit_operator.py
[2024-11-23T16:41:33.874+0000] {processor.py:925} INFO - DAG(s) 'example_short_circuit_operator' retrieved from /home/airflow/.local/lib/python3.12/site-packages/airflow/example_dags/example_short_circuit_operator.py
[2024-11-23T16:41:33.950+0000] {logging_mixin.py:190} INFO - [2024-11-23T16:41:33.950+0000] {dag.py:3239} INFO - Sync 1 DAGs
[2024-11-23T16:41:33.999+0000] {logging_mixin.py:190} INFO - [2024-11-23T16:41:33.998+0000] {dag.py:4180} INFO - Setting next_dagrun for example_short_circuit_operator to None, run_after=None
[2024-11-23T16:41:34.163+0000] {processor.py:208} INFO - Processing /home/airflow/.local/lib/python3.12/site-packages/airflow/example_dags/example_short_circuit_operator.py took 0.348 seconds
[2024-11-23T16:42:06.767+0000] {processor.py:186} INFO - Started process (PID=354) to work on /home/airflow/.local/lib/python3.12/site-packages/airflow/example_dags/example_short_circuit_operator.py
[2024-11-23T16:42:06.770+0000] {processor.py:914} INFO - Processing file /home/airflow/.local/lib/python3.12/site-packages/airflow/example_dags/example_short_circuit_operator.py for tasks to queue
[2024-11-23T16:42:06.783+0000] {logging_mixin.py:190} INFO - [2024-11-23T16:42:06.782+0000] {dagbag.py:588} INFO - Filling up the DagBag from /home/airflow/.local/lib/python3.12/site-packages/airflow/example_dags/example_short_circuit_operator.py
[2024-11-23T16:42:06.828+0000] {processor.py:925} INFO - DAG(s) 'example_short_circuit_operator' retrieved from /home/airflow/.local/lib/python3.12/site-packages/airflow/example_dags/example_short_circuit_operator.py
[2024-11-23T16:42:06.914+0000] {logging_mixin.py:190} INFO - [2024-11-23T16:42:06.913+0000] {dag.py:3239} INFO - Sync 1 DAGs
[2024-11-23T16:42:06.971+0000] {logging_mixin.py:190} INFO - [2024-11-23T16:42:06.969+0000] {dag.py:4180} INFO - Setting next_dagrun for example_short_circuit_operator to None, run_after=None
[2024-11-23T16:42:07.087+0000] {processor.py:208} INFO - Processing /home/airflow/.local/lib/python3.12/site-packages/airflow/example_dags/example_short_circuit_operator.py took 0.342 seconds
[2024-11-23T16:42:57.443+0000] {processor.py:186} INFO - Started process (PID=430) to work on /home/airflow/.local/lib/python3.12/site-packages/airflow/example_dags/example_short_circuit_operator.py
[2024-11-23T16:42:57.469+0000] {processor.py:914} INFO - Processing file /home/airflow/.local/lib/python3.12/site-packages/airflow/example_dags/example_short_circuit_operator.py for tasks to queue
[2024-11-23T16:42:57.490+0000] {logging_mixin.py:190} INFO - [2024-11-23T16:42:57.489+0000] {dagbag.py:588} INFO - Filling up the DagBag from /home/airflow/.local/lib/python3.12/site-packages/airflow/example_dags/example_short_circuit_operator.py
[2024-11-23T16:42:57.707+0000] {processor.py:925} INFO - DAG(s) 'example_short_circuit_operator' retrieved from /home/airflow/.local/lib/python3.12/site-packages/airflow/example_dags/example_short_circuit_operator.py
[2024-11-23T16:42:57.999+0000] {logging_mixin.py:190} INFO - [2024-11-23T16:42:57.998+0000] {dag.py:3239} INFO - Sync 1 DAGs
[2024-11-23T16:42:58.125+0000] {logging_mixin.py:190} INFO - [2024-11-23T16:42:58.125+0000] {dag.py:4180} INFO - Setting next_dagrun for example_short_circuit_operator to None, run_after=None
[2024-11-23T16:42:58.282+0000] {processor.py:208} INFO - Processing /home/airflow/.local/lib/python3.12/site-packages/airflow/example_dags/example_short_circuit_operator.py took 0.913 seconds
[2024-11-23T16:48:11.652+0000] {processor.py:186} INFO - Started process (PID=140) to work on /home/airflow/.local/lib/python3.12/site-packages/airflow/example_dags/example_short_circuit_operator.py
[2024-11-23T16:48:11.683+0000] {processor.py:914} INFO - Processing file /home/airflow/.local/lib/python3.12/site-packages/airflow/example_dags/example_short_circuit_operator.py for tasks to queue
[2024-11-23T16:48:11.735+0000] {logging_mixin.py:190} INFO - [2024-11-23T16:48:11.734+0000] {dagbag.py:588} INFO - Filling up the DagBag from /home/airflow/.local/lib/python3.12/site-packages/airflow/example_dags/example_short_circuit_operator.py
[2024-11-23T16:48:11.870+0000] {processor.py:925} INFO - DAG(s) 'example_short_circuit_operator' retrieved from /home/airflow/.local/lib/python3.12/site-packages/airflow/example_dags/example_short_circuit_operator.py
[2024-11-23T16:48:15.673+0000] {logging_mixin.py:190} INFO - [2024-11-23T16:48:15.672+0000] {dag.py:3239} INFO - Sync 1 DAGs
[2024-11-23T16:48:16.150+0000] {logging_mixin.py:190} INFO - [2024-11-23T16:48:16.149+0000] {dag.py:4180} INFO - Setting next_dagrun for example_short_circuit_operator to None, run_after=None
[2024-11-23T16:48:16.433+0000] {processor.py:208} INFO - Processing /home/airflow/.local/lib/python3.12/site-packages/airflow/example_dags/example_short_circuit_operator.py took 4.842 seconds
[2024-11-23T17:02:47.556+0000] {processor.py:186} INFO - Started process (PID=146) to work on /home/airflow/.local/lib/python3.12/site-packages/airflow/example_dags/example_short_circuit_operator.py
[2024-11-23T17:02:47.602+0000] {processor.py:914} INFO - Processing file /home/airflow/.local/lib/python3.12/site-packages/airflow/example_dags/example_short_circuit_operator.py for tasks to queue
[2024-11-23T17:02:47.688+0000] {logging_mixin.py:190} INFO - [2024-11-23T17:02:47.687+0000] {dagbag.py:588} INFO - Filling up the DagBag from /home/airflow/.local/lib/python3.12/site-packages/airflow/example_dags/example_short_circuit_operator.py
[2024-11-23T17:02:47.943+0000] {processor.py:925} INFO - DAG(s) 'example_short_circuit_operator' retrieved from /home/airflow/.local/lib/python3.12/site-packages/airflow/example_dags/example_short_circuit_operator.py
[2024-11-23T17:02:48.394+0000] {logging_mixin.py:190} INFO - [2024-11-23T17:02:48.393+0000] {dag.py:3239} INFO - Sync 1 DAGs
[2024-11-23T17:02:48.598+0000] {logging_mixin.py:190} INFO - [2024-11-23T17:02:48.597+0000] {dag.py:4180} INFO - Setting next_dagrun for example_short_circuit_operator to None, run_after=None
[2024-11-23T17:02:48.919+0000] {processor.py:208} INFO - Processing /home/airflow/.local/lib/python3.12/site-packages/airflow/example_dags/example_short_circuit_operator.py took 1.531 seconds
[2024-11-23T17:03:33.762+0000] {processor.py:186} INFO - Started process (PID=212) to work on /home/airflow/.local/lib/python3.12/site-packages/airflow/example_dags/example_short_circuit_operator.py
[2024-11-23T17:03:33.778+0000] {processor.py:914} INFO - Processing file /home/airflow/.local/lib/python3.12/site-packages/airflow/example_dags/example_short_circuit_operator.py for tasks to queue
[2024-11-23T17:03:33.798+0000] {logging_mixin.py:190} INFO - [2024-11-23T17:03:33.797+0000] {dagbag.py:588} INFO - Filling up the DagBag from /home/airflow/.local/lib/python3.12/site-packages/airflow/example_dags/example_short_circuit_operator.py
[2024-11-23T17:03:33.909+0000] {processor.py:925} INFO - DAG(s) 'example_short_circuit_operator' retrieved from /home/airflow/.local/lib/python3.12/site-packages/airflow/example_dags/example_short_circuit_operator.py
[2024-11-23T17:03:34.072+0000] {logging_mixin.py:190} INFO - [2024-11-23T17:03:34.071+0000] {dag.py:3239} INFO - Sync 1 DAGs
[2024-11-23T17:03:34.236+0000] {logging_mixin.py:190} INFO - [2024-11-23T17:03:34.235+0000] {dag.py:4180} INFO - Setting next_dagrun for example_short_circuit_operator to None, run_after=None
[2024-11-23T17:03:34.406+0000] {processor.py:208} INFO - Processing /home/airflow/.local/lib/python3.12/site-packages/airflow/example_dags/example_short_circuit_operator.py took 0.679 seconds
[2024-11-23T17:04:19.341+0000] {processor.py:186} INFO - Started process (PID=278) to work on /home/airflow/.local/lib/python3.12/site-packages/airflow/example_dags/example_short_circuit_operator.py
[2024-11-23T17:04:19.390+0000] {processor.py:914} INFO - Processing file /home/airflow/.local/lib/python3.12/site-packages/airflow/example_dags/example_short_circuit_operator.py for tasks to queue
[2024-11-23T17:04:19.398+0000] {logging_mixin.py:190} INFO - [2024-11-23T17:04:19.398+0000] {dagbag.py:588} INFO - Filling up the DagBag from /home/airflow/.local/lib/python3.12/site-packages/airflow/example_dags/example_short_circuit_operator.py
[2024-11-23T17:04:20.609+0000] {processor.py:925} INFO - DAG(s) 'example_short_circuit_operator' retrieved from /home/airflow/.local/lib/python3.12/site-packages/airflow/example_dags/example_short_circuit_operator.py
[2024-11-23T17:04:20.741+0000] {logging_mixin.py:190} INFO - [2024-11-23T17:04:20.740+0000] {dag.py:3239} INFO - Sync 1 DAGs
[2024-11-23T17:04:20.794+0000] {logging_mixin.py:190} INFO - [2024-11-23T17:04:20.794+0000] {dag.py:4180} INFO - Setting next_dagrun for example_short_circuit_operator to None, run_after=None
[2024-11-23T17:04:21.476+0000] {processor.py:208} INFO - Processing /home/airflow/.local/lib/python3.12/site-packages/airflow/example_dags/example_short_circuit_operator.py took 2.148 seconds
[2024-11-23T17:05:30.676+0000] {processor.py:186} INFO - Started process (PID=368) to work on /home/airflow/.local/lib/python3.12/site-packages/airflow/example_dags/example_short_circuit_operator.py
[2024-11-23T17:05:30.681+0000] {processor.py:914} INFO - Processing file /home/airflow/.local/lib/python3.12/site-packages/airflow/example_dags/example_short_circuit_operator.py for tasks to queue
[2024-11-23T17:05:30.695+0000] {logging_mixin.py:190} INFO - [2024-11-23T17:05:30.695+0000] {dagbag.py:588} INFO - Filling up the DagBag from /home/airflow/.local/lib/python3.12/site-packages/airflow/example_dags/example_short_circuit_operator.py
[2024-11-23T17:05:30.730+0000] {processor.py:925} INFO - DAG(s) 'example_short_circuit_operator' retrieved from /home/airflow/.local/lib/python3.12/site-packages/airflow/example_dags/example_short_circuit_operator.py
[2024-11-23T17:05:30.828+0000] {logging_mixin.py:190} INFO - [2024-11-23T17:05:30.827+0000] {dag.py:3239} INFO - Sync 1 DAGs
[2024-11-23T17:05:30.895+0000] {logging_mixin.py:190} INFO - [2024-11-23T17:05:30.895+0000] {dag.py:4180} INFO - Setting next_dagrun for example_short_circuit_operator to None, run_after=None
[2024-11-23T17:05:30.983+0000] {processor.py:208} INFO - Processing /home/airflow/.local/lib/python3.12/site-packages/airflow/example_dags/example_short_circuit_operator.py took 0.328 seconds
[2024-11-23T17:06:02.352+0000] {processor.py:186} INFO - Started process (PID=434) to work on /home/airflow/.local/lib/python3.12/site-packages/airflow/example_dags/example_short_circuit_operator.py
[2024-11-23T17:06:02.355+0000] {processor.py:914} INFO - Processing file /home/airflow/.local/lib/python3.12/site-packages/airflow/example_dags/example_short_circuit_operator.py for tasks to queue
[2024-11-23T17:06:02.361+0000] {logging_mixin.py:190} INFO - [2024-11-23T17:06:02.359+0000] {dagbag.py:588} INFO - Filling up the DagBag from /home/airflow/.local/lib/python3.12/site-packages/airflow/example_dags/example_short_circuit_operator.py
[2024-11-23T17:06:02.395+0000] {processor.py:925} INFO - DAG(s) 'example_short_circuit_operator' retrieved from /home/airflow/.local/lib/python3.12/site-packages/airflow/example_dags/example_short_circuit_operator.py
[2024-11-23T17:06:02.476+0000] {logging_mixin.py:190} INFO - [2024-11-23T17:06:02.475+0000] {dag.py:3239} INFO - Sync 1 DAGs
[2024-11-23T17:06:02.536+0000] {logging_mixin.py:190} INFO - [2024-11-23T17:06:02.536+0000] {dag.py:4180} INFO - Setting next_dagrun for example_short_circuit_operator to None, run_after=None
[2024-11-23T17:06:02.598+0000] {processor.py:208} INFO - Processing /home/airflow/.local/lib/python3.12/site-packages/airflow/example_dags/example_short_circuit_operator.py took 0.267 seconds
[2024-11-23T17:07:08.416+0000] {processor.py:186} INFO - Started process (PID=505) to work on /home/airflow/.local/lib/python3.12/site-packages/airflow/example_dags/example_short_circuit_operator.py
[2024-11-23T17:07:08.420+0000] {processor.py:914} INFO - Processing file /home/airflow/.local/lib/python3.12/site-packages/airflow/example_dags/example_short_circuit_operator.py for tasks to queue
[2024-11-23T17:07:08.436+0000] {logging_mixin.py:190} INFO - [2024-11-23T17:07:08.435+0000] {dagbag.py:588} INFO - Filling up the DagBag from /home/airflow/.local/lib/python3.12/site-packages/airflow/example_dags/example_short_circuit_operator.py
[2024-11-23T17:07:08.508+0000] {processor.py:925} INFO - DAG(s) 'example_short_circuit_operator' retrieved from /home/airflow/.local/lib/python3.12/site-packages/airflow/example_dags/example_short_circuit_operator.py
[2024-11-23T17:07:08.690+0000] {logging_mixin.py:190} INFO - [2024-11-23T17:07:08.689+0000] {dag.py:3239} INFO - Sync 1 DAGs
[2024-11-23T17:07:08.776+0000] {logging_mixin.py:190} INFO - [2024-11-23T17:07:08.775+0000] {dag.py:4180} INFO - Setting next_dagrun for example_short_circuit_operator to None, run_after=None
[2024-11-23T17:07:08.893+0000] {processor.py:208} INFO - Processing /home/airflow/.local/lib/python3.12/site-packages/airflow/example_dags/example_short_circuit_operator.py took 0.540 seconds
[2024-11-23T17:07:44.107+0000] {processor.py:186} INFO - Started process (PID=571) to work on /home/airflow/.local/lib/python3.12/site-packages/airflow/example_dags/example_short_circuit_operator.py
[2024-11-23T17:07:44.110+0000] {processor.py:914} INFO - Processing file /home/airflow/.local/lib/python3.12/site-packages/airflow/example_dags/example_short_circuit_operator.py for tasks to queue
[2024-11-23T17:07:44.125+0000] {logging_mixin.py:190} INFO - [2024-11-23T17:07:44.124+0000] {dagbag.py:588} INFO - Filling up the DagBag from /home/airflow/.local/lib/python3.12/site-packages/airflow/example_dags/example_short_circuit_operator.py
[2024-11-23T17:07:44.165+0000] {processor.py:925} INFO - DAG(s) 'example_short_circuit_operator' retrieved from /home/airflow/.local/lib/python3.12/site-packages/airflow/example_dags/example_short_circuit_operator.py
[2024-11-23T17:07:44.262+0000] {logging_mixin.py:190} INFO - [2024-11-23T17:07:44.261+0000] {dag.py:3239} INFO - Sync 1 DAGs
[2024-11-23T17:07:44.366+0000] {logging_mixin.py:190} INFO - [2024-11-23T17:07:44.363+0000] {dag.py:4180} INFO - Setting next_dagrun for example_short_circuit_operator to None, run_after=None
[2024-11-23T17:07:44.515+0000] {processor.py:208} INFO - Processing /home/airflow/.local/lib/python3.12/site-packages/airflow/example_dags/example_short_circuit_operator.py took 0.444 seconds
[2024-11-23T17:08:17.873+0000] {processor.py:186} INFO - Started process (PID=638) to work on /home/airflow/.local/lib/python3.12/site-packages/airflow/example_dags/example_short_circuit_operator.py
[2024-11-23T17:08:18.014+0000] {processor.py:914} INFO - Processing file /home/airflow/.local/lib/python3.12/site-packages/airflow/example_dags/example_short_circuit_operator.py for tasks to queue
[2024-11-23T17:08:18.031+0000] {logging_mixin.py:190} INFO - [2024-11-23T17:08:18.031+0000] {dagbag.py:588} INFO - Filling up the DagBag from /home/airflow/.local/lib/python3.12/site-packages/airflow/example_dags/example_short_circuit_operator.py
[2024-11-23T17:08:18.044+0000] {processor.py:925} INFO - DAG(s) 'example_short_circuit_operator' retrieved from /home/airflow/.local/lib/python3.12/site-packages/airflow/example_dags/example_short_circuit_operator.py
[2024-11-23T17:08:18.284+0000] {logging_mixin.py:190} INFO - [2024-11-23T17:08:18.284+0000] {dag.py:3239} INFO - Sync 1 DAGs
[2024-11-23T17:08:18.393+0000] {logging_mixin.py:190} INFO - [2024-11-23T17:08:18.393+0000] {dag.py:4180} INFO - Setting next_dagrun for example_short_circuit_operator to None, run_after=None
[2024-11-23T17:08:18.620+0000] {processor.py:208} INFO - Processing /home/airflow/.local/lib/python3.12/site-packages/airflow/example_dags/example_short_circuit_operator.py took 0.760 seconds
[2024-11-23T17:08:54.190+0000] {processor.py:186} INFO - Started process (PID=704) to work on /home/airflow/.local/lib/python3.12/site-packages/airflow/example_dags/example_short_circuit_operator.py
[2024-11-23T17:08:54.193+0000] {processor.py:914} INFO - Processing file /home/airflow/.local/lib/python3.12/site-packages/airflow/example_dags/example_short_circuit_operator.py for tasks to queue
[2024-11-23T17:08:54.218+0000] {logging_mixin.py:190} INFO - [2024-11-23T17:08:54.217+0000] {dagbag.py:588} INFO - Filling up the DagBag from /home/airflow/.local/lib/python3.12/site-packages/airflow/example_dags/example_short_circuit_operator.py
[2024-11-23T17:08:54.276+0000] {processor.py:925} INFO - DAG(s) 'example_short_circuit_operator' retrieved from /home/airflow/.local/lib/python3.12/site-packages/airflow/example_dags/example_short_circuit_operator.py
[2024-11-23T17:08:54.389+0000] {logging_mixin.py:190} INFO - [2024-11-23T17:08:54.389+0000] {dag.py:3239} INFO - Sync 1 DAGs
[2024-11-23T17:08:54.465+0000] {logging_mixin.py:190} INFO - [2024-11-23T17:08:54.464+0000] {dag.py:4180} INFO - Setting next_dagrun for example_short_circuit_operator to None, run_after=None
[2024-11-23T17:08:54.575+0000] {processor.py:208} INFO - Processing /home/airflow/.local/lib/python3.12/site-packages/airflow/example_dags/example_short_circuit_operator.py took 0.410 seconds
[2024-11-23T17:10:03.501+0000] {processor.py:186} INFO - Started process (PID=771) to work on /home/airflow/.local/lib/python3.12/site-packages/airflow/example_dags/example_short_circuit_operator.py
[2024-11-23T17:10:03.506+0000] {processor.py:914} INFO - Processing file /home/airflow/.local/lib/python3.12/site-packages/airflow/example_dags/example_short_circuit_operator.py for tasks to queue
[2024-11-23T17:10:03.532+0000] {logging_mixin.py:190} INFO - [2024-11-23T17:10:03.531+0000] {dagbag.py:588} INFO - Filling up the DagBag from /home/airflow/.local/lib/python3.12/site-packages/airflow/example_dags/example_short_circuit_operator.py
[2024-11-23T17:10:03.696+0000] {processor.py:925} INFO - DAG(s) 'example_short_circuit_operator' retrieved from /home/airflow/.local/lib/python3.12/site-packages/airflow/example_dags/example_short_circuit_operator.py
[2024-11-23T17:10:03.911+0000] {logging_mixin.py:190} INFO - [2024-11-23T17:10:03.910+0000] {dag.py:3239} INFO - Sync 1 DAGs
[2024-11-23T17:10:04.038+0000] {logging_mixin.py:190} INFO - [2024-11-23T17:10:04.023+0000] {dag.py:4180} INFO - Setting next_dagrun for example_short_circuit_operator to None, run_after=None
[2024-11-23T17:10:04.224+0000] {processor.py:208} INFO - Processing /home/airflow/.local/lib/python3.12/site-packages/airflow/example_dags/example_short_circuit_operator.py took 0.760 seconds
[2024-11-23T17:10:52.352+0000] {processor.py:186} INFO - Started process (PID=842) to work on /home/airflow/.local/lib/python3.12/site-packages/airflow/example_dags/example_short_circuit_operator.py
[2024-11-23T17:10:52.366+0000] {processor.py:914} INFO - Processing file /home/airflow/.local/lib/python3.12/site-packages/airflow/example_dags/example_short_circuit_operator.py for tasks to queue
[2024-11-23T17:10:52.373+0000] {logging_mixin.py:190} INFO - [2024-11-23T17:10:52.372+0000] {dagbag.py:588} INFO - Filling up the DagBag from /home/airflow/.local/lib/python3.12/site-packages/airflow/example_dags/example_short_circuit_operator.py
[2024-11-23T17:10:52.412+0000] {processor.py:925} INFO - DAG(s) 'example_short_circuit_operator' retrieved from /home/airflow/.local/lib/python3.12/site-packages/airflow/example_dags/example_short_circuit_operator.py
[2024-11-23T17:10:52.531+0000] {logging_mixin.py:190} INFO - [2024-11-23T17:10:52.530+0000] {dag.py:3239} INFO - Sync 1 DAGs
[2024-11-23T17:10:52.614+0000] {logging_mixin.py:190} INFO - [2024-11-23T17:10:52.613+0000] {dag.py:4180} INFO - Setting next_dagrun for example_short_circuit_operator to None, run_after=None
[2024-11-23T17:10:52.755+0000] {processor.py:208} INFO - Processing /home/airflow/.local/lib/python3.12/site-packages/airflow/example_dags/example_short_circuit_operator.py took 0.426 seconds
[2024-11-23T17:11:26.407+0000] {processor.py:186} INFO - Started process (PID=909) to work on /home/airflow/.local/lib/python3.12/site-packages/airflow/example_dags/example_short_circuit_operator.py
[2024-11-23T17:11:26.410+0000] {processor.py:914} INFO - Processing file /home/airflow/.local/lib/python3.12/site-packages/airflow/example_dags/example_short_circuit_operator.py for tasks to queue
[2024-11-23T17:11:26.424+0000] {logging_mixin.py:190} INFO - [2024-11-23T17:11:26.423+0000] {dagbag.py:588} INFO - Filling up the DagBag from /home/airflow/.local/lib/python3.12/site-packages/airflow/example_dags/example_short_circuit_operator.py
[2024-11-23T17:11:26.483+0000] {processor.py:925} INFO - DAG(s) 'example_short_circuit_operator' retrieved from /home/airflow/.local/lib/python3.12/site-packages/airflow/example_dags/example_short_circuit_operator.py
[2024-11-23T17:11:26.606+0000] {logging_mixin.py:190} INFO - [2024-11-23T17:11:26.605+0000] {dag.py:3239} INFO - Sync 1 DAGs
[2024-11-23T17:11:26.676+0000] {logging_mixin.py:190} INFO - [2024-11-23T17:11:26.675+0000] {dag.py:4180} INFO - Setting next_dagrun for example_short_circuit_operator to None, run_after=None
[2024-11-23T17:11:26.784+0000] {processor.py:208} INFO - Processing /home/airflow/.local/lib/python3.12/site-packages/airflow/example_dags/example_short_circuit_operator.py took 0.425 seconds
[2024-11-23T17:11:58.273+0000] {processor.py:186} INFO - Started process (PID=975) to work on /home/airflow/.local/lib/python3.12/site-packages/airflow/example_dags/example_short_circuit_operator.py
[2024-11-23T17:11:58.275+0000] {processor.py:914} INFO - Processing file /home/airflow/.local/lib/python3.12/site-packages/airflow/example_dags/example_short_circuit_operator.py for tasks to queue
[2024-11-23T17:11:58.291+0000] {logging_mixin.py:190} INFO - [2024-11-23T17:11:58.286+0000] {dagbag.py:588} INFO - Filling up the DagBag from /home/airflow/.local/lib/python3.12/site-packages/airflow/example_dags/example_short_circuit_operator.py
[2024-11-23T17:11:58.328+0000] {processor.py:925} INFO - DAG(s) 'example_short_circuit_operator' retrieved from /home/airflow/.local/lib/python3.12/site-packages/airflow/example_dags/example_short_circuit_operator.py
[2024-11-23T17:11:58.402+0000] {logging_mixin.py:190} INFO - [2024-11-23T17:11:58.402+0000] {dag.py:3239} INFO - Sync 1 DAGs
[2024-11-23T17:11:58.456+0000] {logging_mixin.py:190} INFO - [2024-11-23T17:11:58.456+0000] {dag.py:4180} INFO - Setting next_dagrun for example_short_circuit_operator to None, run_after=None
[2024-11-23T17:11:58.541+0000] {processor.py:208} INFO - Processing /home/airflow/.local/lib/python3.12/site-packages/airflow/example_dags/example_short_circuit_operator.py took 0.291 seconds
[2024-11-23T17:12:35.511+0000] {processor.py:186} INFO - Started process (PID=1031) to work on /home/airflow/.local/lib/python3.12/site-packages/airflow/example_dags/example_short_circuit_operator.py
[2024-11-23T17:12:35.521+0000] {processor.py:914} INFO - Processing file /home/airflow/.local/lib/python3.12/site-packages/airflow/example_dags/example_short_circuit_operator.py for tasks to queue
[2024-11-23T17:12:35.610+0000] {logging_mixin.py:190} INFO - [2024-11-23T17:12:35.591+0000] {dagbag.py:588} INFO - Filling up the DagBag from /home/airflow/.local/lib/python3.12/site-packages/airflow/example_dags/example_short_circuit_operator.py
[2024-11-23T17:12:35.841+0000] {processor.py:925} INFO - DAG(s) 'example_short_circuit_operator' retrieved from /home/airflow/.local/lib/python3.12/site-packages/airflow/example_dags/example_short_circuit_operator.py
[2024-11-23T17:12:36.170+0000] {logging_mixin.py:190} INFO - [2024-11-23T17:12:36.169+0000] {dag.py:3239} INFO - Sync 1 DAGs
[2024-11-23T17:12:36.340+0000] {logging_mixin.py:190} INFO - [2024-11-23T17:12:36.339+0000] {dag.py:4180} INFO - Setting next_dagrun for example_short_circuit_operator to None, run_after=None
[2024-11-23T17:12:36.542+0000] {processor.py:208} INFO - Processing /home/airflow/.local/lib/python3.12/site-packages/airflow/example_dags/example_short_circuit_operator.py took 1.133 seconds
[2024-11-23T17:13:24.284+0000] {processor.py:186} INFO - Started process (PID=1103) to work on /home/airflow/.local/lib/python3.12/site-packages/airflow/example_dags/example_short_circuit_operator.py
[2024-11-23T17:13:24.286+0000] {processor.py:914} INFO - Processing file /home/airflow/.local/lib/python3.12/site-packages/airflow/example_dags/example_short_circuit_operator.py for tasks to queue
[2024-11-23T17:13:24.302+0000] {logging_mixin.py:190} INFO - [2024-11-23T17:13:24.301+0000] {dagbag.py:588} INFO - Filling up the DagBag from /home/airflow/.local/lib/python3.12/site-packages/airflow/example_dags/example_short_circuit_operator.py
[2024-11-23T17:13:24.329+0000] {processor.py:925} INFO - DAG(s) 'example_short_circuit_operator' retrieved from /home/airflow/.local/lib/python3.12/site-packages/airflow/example_dags/example_short_circuit_operator.py
[2024-11-23T17:13:24.385+0000] {logging_mixin.py:190} INFO - [2024-11-23T17:13:24.385+0000] {dag.py:3239} INFO - Sync 1 DAGs
[2024-11-23T17:13:24.408+0000] {logging_mixin.py:190} INFO - [2024-11-23T17:13:24.407+0000] {dag.py:4180} INFO - Setting next_dagrun for example_short_circuit_operator to None, run_after=None
[2024-11-23T17:13:24.603+0000] {processor.py:208} INFO - Processing /home/airflow/.local/lib/python3.12/site-packages/airflow/example_dags/example_short_circuit_operator.py took 0.333 seconds
[2024-11-23T17:14:09.129+0000] {processor.py:186} INFO - Started process (PID=1169) to work on /home/airflow/.local/lib/python3.12/site-packages/airflow/example_dags/example_short_circuit_operator.py
[2024-11-23T17:14:09.136+0000] {processor.py:914} INFO - Processing file /home/airflow/.local/lib/python3.12/site-packages/airflow/example_dags/example_short_circuit_operator.py for tasks to queue
[2024-11-23T17:14:09.147+0000] {logging_mixin.py:190} INFO - [2024-11-23T17:14:09.145+0000] {dagbag.py:588} INFO - Filling up the DagBag from /home/airflow/.local/lib/python3.12/site-packages/airflow/example_dags/example_short_circuit_operator.py
[2024-11-23T17:14:09.180+0000] {processor.py:925} INFO - DAG(s) 'example_short_circuit_operator' retrieved from /home/airflow/.local/lib/python3.12/site-packages/airflow/example_dags/example_short_circuit_operator.py
[2024-11-23T17:14:09.283+0000] {logging_mixin.py:190} INFO - [2024-11-23T17:14:09.282+0000] {dag.py:3239} INFO - Sync 1 DAGs
[2024-11-23T17:14:09.335+0000] {logging_mixin.py:190} INFO - [2024-11-23T17:14:09.335+0000] {dag.py:4180} INFO - Setting next_dagrun for example_short_circuit_operator to None, run_after=None
[2024-11-23T17:14:09.443+0000] {processor.py:208} INFO - Processing /home/airflow/.local/lib/python3.12/site-packages/airflow/example_dags/example_short_circuit_operator.py took 0.338 seconds
[2024-11-23T17:14:47.982+0000] {processor.py:186} INFO - Started process (PID=1220) to work on /home/airflow/.local/lib/python3.12/site-packages/airflow/example_dags/example_short_circuit_operator.py
[2024-11-23T17:14:47.994+0000] {processor.py:914} INFO - Processing file /home/airflow/.local/lib/python3.12/site-packages/airflow/example_dags/example_short_circuit_operator.py for tasks to queue
[2024-11-23T17:14:48.010+0000] {logging_mixin.py:190} INFO - [2024-11-23T17:14:48.004+0000] {dagbag.py:588} INFO - Filling up the DagBag from /home/airflow/.local/lib/python3.12/site-packages/airflow/example_dags/example_short_circuit_operator.py
[2024-11-23T17:14:48.052+0000] {processor.py:925} INFO - DAG(s) 'example_short_circuit_operator' retrieved from /home/airflow/.local/lib/python3.12/site-packages/airflow/example_dags/example_short_circuit_operator.py
[2024-11-23T17:14:48.168+0000] {logging_mixin.py:190} INFO - [2024-11-23T17:14:48.167+0000] {dag.py:3239} INFO - Sync 1 DAGs
[2024-11-23T17:14:48.257+0000] {logging_mixin.py:190} INFO - [2024-11-23T17:14:48.256+0000] {dag.py:4180} INFO - Setting next_dagrun for example_short_circuit_operator to None, run_after=None
[2024-11-23T17:14:48.363+0000] {processor.py:208} INFO - Processing /home/airflow/.local/lib/python3.12/site-packages/airflow/example_dags/example_short_circuit_operator.py took 0.400 seconds
[2024-11-23T17:15:18.702+0000] {processor.py:186} INFO - Started process (PID=1286) to work on /home/airflow/.local/lib/python3.12/site-packages/airflow/example_dags/example_short_circuit_operator.py
[2024-11-23T17:15:18.704+0000] {processor.py:914} INFO - Processing file /home/airflow/.local/lib/python3.12/site-packages/airflow/example_dags/example_short_circuit_operator.py for tasks to queue
[2024-11-23T17:15:18.711+0000] {logging_mixin.py:190} INFO - [2024-11-23T17:15:18.710+0000] {dagbag.py:588} INFO - Filling up the DagBag from /home/airflow/.local/lib/python3.12/site-packages/airflow/example_dags/example_short_circuit_operator.py
[2024-11-23T17:15:18.760+0000] {processor.py:925} INFO - DAG(s) 'example_short_circuit_operator' retrieved from /home/airflow/.local/lib/python3.12/site-packages/airflow/example_dags/example_short_circuit_operator.py
[2024-11-23T17:15:18.898+0000] {logging_mixin.py:190} INFO - [2024-11-23T17:15:18.898+0000] {dag.py:3239} INFO - Sync 1 DAGs
[2024-11-23T17:15:18.949+0000] {logging_mixin.py:190} INFO - [2024-11-23T17:15:18.948+0000] {dag.py:4180} INFO - Setting next_dagrun for example_short_circuit_operator to None, run_after=None
[2024-11-23T17:15:19.014+0000] {processor.py:208} INFO - Processing /home/airflow/.local/lib/python3.12/site-packages/airflow/example_dags/example_short_circuit_operator.py took 0.334 seconds
[2024-11-23T17:15:59.059+0000] {processor.py:186} INFO - Started process (PID=1355) to work on /home/airflow/.local/lib/python3.12/site-packages/airflow/example_dags/example_short_circuit_operator.py
[2024-11-23T17:15:59.071+0000] {processor.py:914} INFO - Processing file /home/airflow/.local/lib/python3.12/site-packages/airflow/example_dags/example_short_circuit_operator.py for tasks to queue
[2024-11-23T17:15:59.077+0000] {logging_mixin.py:190} INFO - [2024-11-23T17:15:59.076+0000] {dagbag.py:588} INFO - Filling up the DagBag from /home/airflow/.local/lib/python3.12/site-packages/airflow/example_dags/example_short_circuit_operator.py
[2024-11-23T17:15:59.131+0000] {processor.py:925} INFO - DAG(s) 'example_short_circuit_operator' retrieved from /home/airflow/.local/lib/python3.12/site-packages/airflow/example_dags/example_short_circuit_operator.py
[2024-11-23T17:15:59.261+0000] {logging_mixin.py:190} INFO - [2024-11-23T17:15:59.261+0000] {dag.py:3239} INFO - Sync 1 DAGs
[2024-11-23T17:15:59.333+0000] {logging_mixin.py:190} INFO - [2024-11-23T17:15:59.333+0000] {dag.py:4180} INFO - Setting next_dagrun for example_short_circuit_operator to None, run_after=None
[2024-11-23T17:15:59.442+0000] {processor.py:208} INFO - Processing /home/airflow/.local/lib/python3.12/site-packages/airflow/example_dags/example_short_circuit_operator.py took 0.411 seconds
[2024-11-23T17:16:35.946+0000] {processor.py:186} INFO - Started process (PID=1421) to work on /home/airflow/.local/lib/python3.12/site-packages/airflow/example_dags/example_short_circuit_operator.py
[2024-11-23T17:16:35.965+0000] {processor.py:914} INFO - Processing file /home/airflow/.local/lib/python3.12/site-packages/airflow/example_dags/example_short_circuit_operator.py for tasks to queue
[2024-11-23T17:16:36.032+0000] {logging_mixin.py:190} INFO - [2024-11-23T17:16:36.031+0000] {dagbag.py:588} INFO - Filling up the DagBag from /home/airflow/.local/lib/python3.12/site-packages/airflow/example_dags/example_short_circuit_operator.py
[2024-11-23T17:16:36.140+0000] {processor.py:925} INFO - DAG(s) 'example_short_circuit_operator' retrieved from /home/airflow/.local/lib/python3.12/site-packages/airflow/example_dags/example_short_circuit_operator.py
[2024-11-23T17:16:36.675+0000] {logging_mixin.py:190} INFO - [2024-11-23T17:16:36.675+0000] {dag.py:3239} INFO - Sync 1 DAGs
[2024-11-23T17:16:36.751+0000] {logging_mixin.py:190} INFO - [2024-11-23T17:16:36.750+0000] {dag.py:4180} INFO - Setting next_dagrun for example_short_circuit_operator to None, run_after=None
[2024-11-23T17:16:36.835+0000] {processor.py:208} INFO - Processing /home/airflow/.local/lib/python3.12/site-packages/airflow/example_dags/example_short_circuit_operator.py took 0.928 seconds
[2024-11-23T17:17:08.483+0000] {processor.py:186} INFO - Started process (PID=1486) to work on /home/airflow/.local/lib/python3.12/site-packages/airflow/example_dags/example_short_circuit_operator.py
[2024-11-23T17:17:08.499+0000] {processor.py:914} INFO - Processing file /home/airflow/.local/lib/python3.12/site-packages/airflow/example_dags/example_short_circuit_operator.py for tasks to queue
[2024-11-23T17:17:08.528+0000] {logging_mixin.py:190} INFO - [2024-11-23T17:17:08.527+0000] {dagbag.py:588} INFO - Filling up the DagBag from /home/airflow/.local/lib/python3.12/site-packages/airflow/example_dags/example_short_circuit_operator.py
[2024-11-23T17:17:08.569+0000] {processor.py:925} INFO - DAG(s) 'example_short_circuit_operator' retrieved from /home/airflow/.local/lib/python3.12/site-packages/airflow/example_dags/example_short_circuit_operator.py
[2024-11-23T17:17:08.694+0000] {logging_mixin.py:190} INFO - [2024-11-23T17:17:08.684+0000] {dag.py:3239} INFO - Sync 1 DAGs
[2024-11-23T17:17:08.798+0000] {logging_mixin.py:190} INFO - [2024-11-23T17:17:08.797+0000] {dag.py:4180} INFO - Setting next_dagrun for example_short_circuit_operator to None, run_after=None
[2024-11-23T17:17:08.885+0000] {processor.py:208} INFO - Processing /home/airflow/.local/lib/python3.12/site-packages/airflow/example_dags/example_short_circuit_operator.py took 0.428 seconds
[2024-11-23T17:17:41.405+0000] {processor.py:186} INFO - Started process (PID=1552) to work on /home/airflow/.local/lib/python3.12/site-packages/airflow/example_dags/example_short_circuit_operator.py
[2024-11-23T17:17:41.430+0000] {processor.py:914} INFO - Processing file /home/airflow/.local/lib/python3.12/site-packages/airflow/example_dags/example_short_circuit_operator.py for tasks to queue
[2024-11-23T17:17:41.437+0000] {logging_mixin.py:190} INFO - [2024-11-23T17:17:41.436+0000] {dagbag.py:588} INFO - Filling up the DagBag from /home/airflow/.local/lib/python3.12/site-packages/airflow/example_dags/example_short_circuit_operator.py
[2024-11-23T17:17:41.464+0000] {processor.py:925} INFO - DAG(s) 'example_short_circuit_operator' retrieved from /home/airflow/.local/lib/python3.12/site-packages/airflow/example_dags/example_short_circuit_operator.py
[2024-11-23T17:17:41.534+0000] {logging_mixin.py:190} INFO - [2024-11-23T17:17:41.534+0000] {dag.py:3239} INFO - Sync 1 DAGs
[2024-11-23T17:17:41.584+0000] {logging_mixin.py:190} INFO - [2024-11-23T17:17:41.583+0000] {dag.py:4180} INFO - Setting next_dagrun for example_short_circuit_operator to None, run_after=None
[2024-11-23T17:17:41.695+0000] {processor.py:208} INFO - Processing /home/airflow/.local/lib/python3.12/site-packages/airflow/example_dags/example_short_circuit_operator.py took 0.308 seconds
[2024-11-23T17:18:13.531+0000] {processor.py:186} INFO - Started process (PID=1617) to work on /home/airflow/.local/lib/python3.12/site-packages/airflow/example_dags/example_short_circuit_operator.py
[2024-11-23T17:18:13.536+0000] {processor.py:914} INFO - Processing file /home/airflow/.local/lib/python3.12/site-packages/airflow/example_dags/example_short_circuit_operator.py for tasks to queue
[2024-11-23T17:18:13.556+0000] {logging_mixin.py:190} INFO - [2024-11-23T17:18:13.555+0000] {dagbag.py:588} INFO - Filling up the DagBag from /home/airflow/.local/lib/python3.12/site-packages/airflow/example_dags/example_short_circuit_operator.py
[2024-11-23T17:18:13.704+0000] {processor.py:925} INFO - DAG(s) 'example_short_circuit_operator' retrieved from /home/airflow/.local/lib/python3.12/site-packages/airflow/example_dags/example_short_circuit_operator.py
[2024-11-23T17:18:14.044+0000] {logging_mixin.py:190} INFO - [2024-11-23T17:18:14.043+0000] {dag.py:3239} INFO - Sync 1 DAGs
[2024-11-23T17:18:14.157+0000] {logging_mixin.py:190} INFO - [2024-11-23T17:18:14.156+0000] {dag.py:4180} INFO - Setting next_dagrun for example_short_circuit_operator to None, run_after=None
[2024-11-23T17:18:14.302+0000] {processor.py:208} INFO - Processing /home/airflow/.local/lib/python3.12/site-packages/airflow/example_dags/example_short_circuit_operator.py took 0.809 seconds
[2024-11-23T17:18:49.062+0000] {processor.py:186} INFO - Started process (PID=1682) to work on /home/airflow/.local/lib/python3.12/site-packages/airflow/example_dags/example_short_circuit_operator.py
[2024-11-23T17:18:49.077+0000] {processor.py:914} INFO - Processing file /home/airflow/.local/lib/python3.12/site-packages/airflow/example_dags/example_short_circuit_operator.py for tasks to queue
[2024-11-23T17:18:49.094+0000] {logging_mixin.py:190} INFO - [2024-11-23T17:18:49.083+0000] {dagbag.py:588} INFO - Filling up the DagBag from /home/airflow/.local/lib/python3.12/site-packages/airflow/example_dags/example_short_circuit_operator.py
[2024-11-23T17:18:49.175+0000] {processor.py:925} INFO - DAG(s) 'example_short_circuit_operator' retrieved from /home/airflow/.local/lib/python3.12/site-packages/airflow/example_dags/example_short_circuit_operator.py
[2024-11-23T17:18:49.324+0000] {logging_mixin.py:190} INFO - [2024-11-23T17:18:49.323+0000] {dag.py:3239} INFO - Sync 1 DAGs
[2024-11-23T17:18:49.447+0000] {logging_mixin.py:190} INFO - [2024-11-23T17:18:49.446+0000] {dag.py:4180} INFO - Setting next_dagrun for example_short_circuit_operator to None, run_after=None
[2024-11-23T17:18:49.598+0000] {processor.py:208} INFO - Processing /home/airflow/.local/lib/python3.12/site-packages/airflow/example_dags/example_short_circuit_operator.py took 0.564 seconds
[2024-11-23T17:19:26.404+0000] {processor.py:186} INFO - Started process (PID=1750) to work on /home/airflow/.local/lib/python3.12/site-packages/airflow/example_dags/example_short_circuit_operator.py
[2024-11-23T17:19:26.406+0000] {processor.py:914} INFO - Processing file /home/airflow/.local/lib/python3.12/site-packages/airflow/example_dags/example_short_circuit_operator.py for tasks to queue
[2024-11-23T17:19:26.421+0000] {logging_mixin.py:190} INFO - [2024-11-23T17:19:26.420+0000] {dagbag.py:588} INFO - Filling up the DagBag from /home/airflow/.local/lib/python3.12/site-packages/airflow/example_dags/example_short_circuit_operator.py
[2024-11-23T17:19:26.468+0000] {processor.py:925} INFO - DAG(s) 'example_short_circuit_operator' retrieved from /home/airflow/.local/lib/python3.12/site-packages/airflow/example_dags/example_short_circuit_operator.py
[2024-11-23T17:19:26.572+0000] {logging_mixin.py:190} INFO - [2024-11-23T17:19:26.571+0000] {dag.py:3239} INFO - Sync 1 DAGs
[2024-11-23T17:19:26.634+0000] {logging_mixin.py:190} INFO - [2024-11-23T17:19:26.633+0000] {dag.py:4180} INFO - Setting next_dagrun for example_short_circuit_operator to None, run_after=None
[2024-11-23T17:19:26.731+0000] {processor.py:208} INFO - Processing /home/airflow/.local/lib/python3.12/site-packages/airflow/example_dags/example_short_circuit_operator.py took 0.351 seconds
[2024-11-23T17:21:50.592+0000] {processor.py:186} INFO - Started process (PID=1827) to work on /home/airflow/.local/lib/python3.12/site-packages/airflow/example_dags/example_short_circuit_operator.py
[2024-11-23T17:21:50.598+0000] {processor.py:914} INFO - Processing file /home/airflow/.local/lib/python3.12/site-packages/airflow/example_dags/example_short_circuit_operator.py for tasks to queue
[2024-11-23T17:21:50.610+0000] {logging_mixin.py:190} INFO - [2024-11-23T17:21:50.605+0000] {dagbag.py:588} INFO - Filling up the DagBag from /home/airflow/.local/lib/python3.12/site-packages/airflow/example_dags/example_short_circuit_operator.py
[2024-11-23T17:21:50.927+0000] {processor.py:925} INFO - DAG(s) 'example_short_circuit_operator' retrieved from /home/airflow/.local/lib/python3.12/site-packages/airflow/example_dags/example_short_circuit_operator.py
[2024-11-23T17:21:53.284+0000] {logging_mixin.py:190} INFO - [2024-11-23T17:21:53.284+0000] {dag.py:3239} INFO - Sync 1 DAGs
[2024-11-23T17:21:53.479+0000] {logging_mixin.py:190} INFO - [2024-11-23T17:21:53.478+0000] {dag.py:4180} INFO - Setting next_dagrun for example_short_circuit_operator to None, run_after=None
[2024-11-23T17:21:53.887+0000] {processor.py:208} INFO - Processing /home/airflow/.local/lib/python3.12/site-packages/airflow/example_dags/example_short_circuit_operator.py took 3.376 seconds
[2024-11-23T17:23:33.839+0000] {processor.py:186} INFO - Started process (PID=1925) to work on /home/airflow/.local/lib/python3.12/site-packages/airflow/example_dags/example_short_circuit_operator.py
[2024-11-23T17:23:33.842+0000] {processor.py:914} INFO - Processing file /home/airflow/.local/lib/python3.12/site-packages/airflow/example_dags/example_short_circuit_operator.py for tasks to queue
[2024-11-23T17:23:33.847+0000] {logging_mixin.py:190} INFO - [2024-11-23T17:23:33.846+0000] {dagbag.py:588} INFO - Filling up the DagBag from /home/airflow/.local/lib/python3.12/site-packages/airflow/example_dags/example_short_circuit_operator.py
[2024-11-23T17:23:33.909+0000] {processor.py:925} INFO - DAG(s) 'example_short_circuit_operator' retrieved from /home/airflow/.local/lib/python3.12/site-packages/airflow/example_dags/example_short_circuit_operator.py
[2024-11-23T17:23:34.023+0000] {logging_mixin.py:190} INFO - [2024-11-23T17:23:34.023+0000] {dag.py:3239} INFO - Sync 1 DAGs
[2024-11-23T17:23:34.106+0000] {logging_mixin.py:190} INFO - [2024-11-23T17:23:34.105+0000] {dag.py:4180} INFO - Setting next_dagrun for example_short_circuit_operator to None, run_after=None
[2024-11-23T17:23:34.200+0000] {processor.py:208} INFO - Processing /home/airflow/.local/lib/python3.12/site-packages/airflow/example_dags/example_short_circuit_operator.py took 0.383 seconds
[2024-11-23T17:25:23.173+0000] {processor.py:186} INFO - Started process (PID=2004) to work on /home/airflow/.local/lib/python3.12/site-packages/airflow/example_dags/example_short_circuit_operator.py
[2024-11-23T17:25:23.190+0000] {processor.py:914} INFO - Processing file /home/airflow/.local/lib/python3.12/site-packages/airflow/example_dags/example_short_circuit_operator.py for tasks to queue
[2024-11-23T17:25:23.198+0000] {logging_mixin.py:190} INFO - [2024-11-23T17:25:23.197+0000] {dagbag.py:588} INFO - Filling up the DagBag from /home/airflow/.local/lib/python3.12/site-packages/airflow/example_dags/example_short_circuit_operator.py
[2024-11-23T17:25:23.260+0000] {processor.py:925} INFO - DAG(s) 'example_short_circuit_operator' retrieved from /home/airflow/.local/lib/python3.12/site-packages/airflow/example_dags/example_short_circuit_operator.py
[2024-11-23T17:25:23.387+0000] {logging_mixin.py:190} INFO - [2024-11-23T17:25:23.386+0000] {dag.py:3239} INFO - Sync 1 DAGs
[2024-11-23T17:25:23.477+0000] {logging_mixin.py:190} INFO - [2024-11-23T17:25:23.476+0000] {dag.py:4180} INFO - Setting next_dagrun for example_short_circuit_operator to None, run_after=None
[2024-11-23T17:25:24.009+0000] {processor.py:208} INFO - Processing /home/airflow/.local/lib/python3.12/site-packages/airflow/example_dags/example_short_circuit_operator.py took 0.860 seconds
[2024-11-23T17:26:20.546+0000] {processor.py:186} INFO - Started process (PID=2067) to work on /home/airflow/.local/lib/python3.12/site-packages/airflow/example_dags/example_short_circuit_operator.py
[2024-11-23T17:26:20.565+0000] {processor.py:914} INFO - Processing file /home/airflow/.local/lib/python3.12/site-packages/airflow/example_dags/example_short_circuit_operator.py for tasks to queue
[2024-11-23T17:26:20.579+0000] {logging_mixin.py:190} INFO - [2024-11-23T17:26:20.578+0000] {dagbag.py:588} INFO - Filling up the DagBag from /home/airflow/.local/lib/python3.12/site-packages/airflow/example_dags/example_short_circuit_operator.py
[2024-11-23T17:26:20.651+0000] {processor.py:925} INFO - DAG(s) 'example_short_circuit_operator' retrieved from /home/airflow/.local/lib/python3.12/site-packages/airflow/example_dags/example_short_circuit_operator.py
[2024-11-23T17:26:20.813+0000] {logging_mixin.py:190} INFO - [2024-11-23T17:26:20.812+0000] {dag.py:3239} INFO - Sync 1 DAGs
[2024-11-23T17:26:20.931+0000] {logging_mixin.py:190} INFO - [2024-11-23T17:26:20.931+0000] {dag.py:4180} INFO - Setting next_dagrun for example_short_circuit_operator to None, run_after=None
[2024-11-23T17:26:21.055+0000] {processor.py:208} INFO - Processing /home/airflow/.local/lib/python3.12/site-packages/airflow/example_dags/example_short_circuit_operator.py took 0.531 seconds
[2024-11-23T17:26:59.324+0000] {processor.py:186} INFO - Started process (PID=2134) to work on /home/airflow/.local/lib/python3.12/site-packages/airflow/example_dags/example_short_circuit_operator.py
[2024-11-23T17:26:59.327+0000] {processor.py:914} INFO - Processing file /home/airflow/.local/lib/python3.12/site-packages/airflow/example_dags/example_short_circuit_operator.py for tasks to queue
[2024-11-23T17:26:59.335+0000] {logging_mixin.py:190} INFO - [2024-11-23T17:26:59.334+0000] {dagbag.py:588} INFO - Filling up the DagBag from /home/airflow/.local/lib/python3.12/site-packages/airflow/example_dags/example_short_circuit_operator.py
[2024-11-23T17:26:59.383+0000] {processor.py:925} INFO - DAG(s) 'example_short_circuit_operator' retrieved from /home/airflow/.local/lib/python3.12/site-packages/airflow/example_dags/example_short_circuit_operator.py
[2024-11-23T17:26:59.522+0000] {logging_mixin.py:190} INFO - [2024-11-23T17:26:59.521+0000] {dag.py:3239} INFO - Sync 1 DAGs
[2024-11-23T17:26:59.683+0000] {logging_mixin.py:190} INFO - [2024-11-23T17:26:59.682+0000] {dag.py:4180} INFO - Setting next_dagrun for example_short_circuit_operator to None, run_after=None
[2024-11-23T17:26:59.819+0000] {processor.py:208} INFO - Processing /home/airflow/.local/lib/python3.12/site-packages/airflow/example_dags/example_short_circuit_operator.py took 0.545 seconds
