[2024-11-23T16:34:24.527+0000] {processor.py:186} INFO - Started process (PID=199) to work on /home/airflow/.local/lib/python3.12/site-packages/airflow/example_dags/example_subdag_operator.py
[2024-11-23T16:34:24.534+0000] {processor.py:914} INFO - Processing file /home/airflow/.local/lib/python3.12/site-packages/airflow/example_dags/example_subdag_operator.py for tasks to queue
[2024-11-23T16:34:24.546+0000] {logging_mixin.py:190} INFO - [2024-11-23T16:34:24.544+0000] {dagbag.py:588} INFO - Filling up the DagBag from /home/airflow/.local/lib/python3.12/site-packages/airflow/example_dags/example_subdag_operator.py
[2024-11-23T16:34:24.796+0000] {processor.py:925} INFO - DAG(s) 'example_subdag_operator.section-1', 'example_subdag_operator.section-2', 'example_subdag_operator' retrieved from /home/airflow/.local/lib/python3.12/site-packages/airflow/example_dags/example_subdag_operator.py
[2024-11-23T16:34:24.989+0000] {logging_mixin.py:190} INFO - [2024-11-23T16:34:24.988+0000] {dag.py:3239} INFO - Sync 3 DAGs
[2024-11-23T16:34:26.983+0000] {logging_mixin.py:190} INFO - [2024-11-23T16:34:26.982+0000] {dag.py:4180} INFO - Setting next_dagrun for example_subdag_operator to 2022-01-01 00:00:00+00:00, run_after=2022-01-01 00:00:00+00:00
[2024-11-23T16:34:27.020+0000] {logging_mixin.py:190} INFO - [2024-11-23T16:34:27.020+0000] {dag.py:4180} INFO - Setting next_dagrun for example_subdag_operator.section-1 to None, run_after=None
[2024-11-23T16:34:27.033+0000] {logging_mixin.py:190} INFO - [2024-11-23T16:34:27.033+0000] {dag.py:4180} INFO - Setting next_dagrun for example_subdag_operator.section-2 to None, run_after=None
[2024-11-23T16:34:27.160+0000] {logging_mixin.py:190} INFO - [2024-11-23T16:34:27.160+0000] {dag.py:3239} INFO - Sync 2 DAGs
[2024-11-23T16:34:27.194+0000] {logging_mixin.py:190} INFO - [2024-11-23T16:34:27.193+0000] {dag.py:4180} INFO - Setting next_dagrun for example_subdag_operator.section-1 to None, run_after=None
[2024-11-23T16:34:27.206+0000] {logging_mixin.py:190} INFO - [2024-11-23T16:34:27.199+0000] {dag.py:4180} INFO - Setting next_dagrun for example_subdag_operator.section-2 to None, run_after=None
[2024-11-23T16:34:27.310+0000] {processor.py:208} INFO - Processing /home/airflow/.local/lib/python3.12/site-packages/airflow/example_dags/example_subdag_operator.py took 2.823 seconds
[2024-11-23T16:40:18.183+0000] {processor.py:186} INFO - Started process (PID=155) to work on /home/airflow/.local/lib/python3.12/site-packages/airflow/example_dags/example_subdag_operator.py
[2024-11-23T16:40:18.197+0000] {processor.py:914} INFO - Processing file /home/airflow/.local/lib/python3.12/site-packages/airflow/example_dags/example_subdag_operator.py for tasks to queue
[2024-11-23T16:40:18.256+0000] {logging_mixin.py:190} INFO - [2024-11-23T16:40:18.255+0000] {dagbag.py:588} INFO - Filling up the DagBag from /home/airflow/.local/lib/python3.12/site-packages/airflow/example_dags/example_subdag_operator.py
[2024-11-23T16:40:18.423+0000] {processor.py:925} INFO - DAG(s) 'example_subdag_operator.section-1', 'example_subdag_operator.section-2', 'example_subdag_operator' retrieved from /home/airflow/.local/lib/python3.12/site-packages/airflow/example_dags/example_subdag_operator.py
[2024-11-23T16:40:18.561+0000] {logging_mixin.py:190} INFO - [2024-11-23T16:40:18.560+0000] {dag.py:3239} INFO - Sync 3 DAGs
[2024-11-23T16:40:18.767+0000] {logging_mixin.py:190} INFO - [2024-11-23T16:40:18.766+0000] {dag.py:4180} INFO - Setting next_dagrun for example_subdag_operator to 2022-01-01 00:00:00+00:00, run_after=2022-01-01 00:00:00+00:00
[2024-11-23T16:40:18.800+0000] {logging_mixin.py:190} INFO - [2024-11-23T16:40:18.799+0000] {dag.py:4180} INFO - Setting next_dagrun for example_subdag_operator.section-1 to None, run_after=None
[2024-11-23T16:40:18.819+0000] {logging_mixin.py:190} INFO - [2024-11-23T16:40:18.818+0000] {dag.py:4180} INFO - Setting next_dagrun for example_subdag_operator.section-2 to None, run_after=None
[2024-11-23T16:40:18.884+0000] {logging_mixin.py:190} INFO - [2024-11-23T16:40:18.883+0000] {dag.py:3239} INFO - Sync 2 DAGs
[2024-11-23T16:40:18.920+0000] {logging_mixin.py:190} INFO - [2024-11-23T16:40:18.920+0000] {dag.py:4180} INFO - Setting next_dagrun for example_subdag_operator.section-1 to None, run_after=None
[2024-11-23T16:40:18.935+0000] {logging_mixin.py:190} INFO - [2024-11-23T16:40:18.934+0000] {dag.py:4180} INFO - Setting next_dagrun for example_subdag_operator.section-2 to None, run_after=None
[2024-11-23T16:40:19.022+0000] {processor.py:208} INFO - Processing /home/airflow/.local/lib/python3.12/site-packages/airflow/example_dags/example_subdag_operator.py took 0.863 seconds
[2024-11-23T16:41:04.996+0000] {processor.py:186} INFO - Started process (PID=229) to work on /home/airflow/.local/lib/python3.12/site-packages/airflow/example_dags/example_subdag_operator.py
[2024-11-23T16:41:05.004+0000] {processor.py:914} INFO - Processing file /home/airflow/.local/lib/python3.12/site-packages/airflow/example_dags/example_subdag_operator.py for tasks to queue
[2024-11-23T16:41:05.019+0000] {logging_mixin.py:190} INFO - [2024-11-23T16:41:05.018+0000] {dagbag.py:588} INFO - Filling up the DagBag from /home/airflow/.local/lib/python3.12/site-packages/airflow/example_dags/example_subdag_operator.py
[2024-11-23T16:41:05.190+0000] {processor.py:925} INFO - DAG(s) 'example_subdag_operator.section-1', 'example_subdag_operator.section-2', 'example_subdag_operator' retrieved from /home/airflow/.local/lib/python3.12/site-packages/airflow/example_dags/example_subdag_operator.py
[2024-11-23T16:41:05.307+0000] {logging_mixin.py:190} INFO - [2024-11-23T16:41:05.307+0000] {dag.py:3239} INFO - Sync 3 DAGs
[2024-11-23T16:41:05.488+0000] {logging_mixin.py:190} INFO - [2024-11-23T16:41:05.487+0000] {dag.py:4180} INFO - Setting next_dagrun for example_subdag_operator to 2022-01-01 00:00:00+00:00, run_after=2022-01-01 00:00:00+00:00
[2024-11-23T16:41:05.507+0000] {logging_mixin.py:190} INFO - [2024-11-23T16:41:05.506+0000] {dag.py:4180} INFO - Setting next_dagrun for example_subdag_operator.section-1 to None, run_after=None
[2024-11-23T16:41:05.527+0000] {logging_mixin.py:190} INFO - [2024-11-23T16:41:05.526+0000] {dag.py:4180} INFO - Setting next_dagrun for example_subdag_operator.section-2 to None, run_after=None
[2024-11-23T16:41:05.569+0000] {logging_mixin.py:190} INFO - [2024-11-23T16:41:05.569+0000] {dag.py:3239} INFO - Sync 2 DAGs
[2024-11-23T16:41:05.630+0000] {logging_mixin.py:190} INFO - [2024-11-23T16:41:05.629+0000] {dag.py:4180} INFO - Setting next_dagrun for example_subdag_operator.section-1 to None, run_after=None
[2024-11-23T16:41:05.631+0000] {logging_mixin.py:190} INFO - [2024-11-23T16:41:05.631+0000] {dag.py:4180} INFO - Setting next_dagrun for example_subdag_operator.section-2 to None, run_after=None
[2024-11-23T16:41:05.702+0000] {processor.py:208} INFO - Processing /home/airflow/.local/lib/python3.12/site-packages/airflow/example_dags/example_subdag_operator.py took 0.739 seconds
[2024-11-23T16:41:36.019+0000] {processor.py:186} INFO - Started process (PID=295) to work on /home/airflow/.local/lib/python3.12/site-packages/airflow/example_dags/example_subdag_operator.py
[2024-11-23T16:41:36.021+0000] {processor.py:914} INFO - Processing file /home/airflow/.local/lib/python3.12/site-packages/airflow/example_dags/example_subdag_operator.py for tasks to queue
[2024-11-23T16:41:36.033+0000] {logging_mixin.py:190} INFO - [2024-11-23T16:41:36.032+0000] {dagbag.py:588} INFO - Filling up the DagBag from /home/airflow/.local/lib/python3.12/site-packages/airflow/example_dags/example_subdag_operator.py
[2024-11-23T16:41:36.119+0000] {processor.py:925} INFO - DAG(s) 'example_subdag_operator.section-1', 'example_subdag_operator.section-2', 'example_subdag_operator' retrieved from /home/airflow/.local/lib/python3.12/site-packages/airflow/example_dags/example_subdag_operator.py
[2024-11-23T16:41:36.173+0000] {logging_mixin.py:190} INFO - [2024-11-23T16:41:36.173+0000] {dag.py:3239} INFO - Sync 3 DAGs
[2024-11-23T16:41:36.241+0000] {logging_mixin.py:190} INFO - [2024-11-23T16:41:36.240+0000] {dag.py:4180} INFO - Setting next_dagrun for example_subdag_operator to 2022-01-01 00:00:00+00:00, run_after=2022-01-01 00:00:00+00:00
[2024-11-23T16:41:36.255+0000] {logging_mixin.py:190} INFO - [2024-11-23T16:41:36.255+0000] {dag.py:4180} INFO - Setting next_dagrun for example_subdag_operator.section-1 to None, run_after=None
[2024-11-23T16:41:36.258+0000] {logging_mixin.py:190} INFO - [2024-11-23T16:41:36.258+0000] {dag.py:4180} INFO - Setting next_dagrun for example_subdag_operator.section-2 to None, run_after=None
[2024-11-23T16:41:36.279+0000] {logging_mixin.py:190} INFO - [2024-11-23T16:41:36.279+0000] {dag.py:3239} INFO - Sync 2 DAGs
[2024-11-23T16:41:36.296+0000] {logging_mixin.py:190} INFO - [2024-11-23T16:41:36.295+0000] {dag.py:4180} INFO - Setting next_dagrun for example_subdag_operator.section-1 to None, run_after=None
[2024-11-23T16:41:36.299+0000] {logging_mixin.py:190} INFO - [2024-11-23T16:41:36.298+0000] {dag.py:4180} INFO - Setting next_dagrun for example_subdag_operator.section-2 to None, run_after=None
[2024-11-23T16:41:36.347+0000] {processor.py:208} INFO - Processing /home/airflow/.local/lib/python3.12/site-packages/airflow/example_dags/example_subdag_operator.py took 0.344 seconds
[2024-11-23T16:42:08.321+0000] {processor.py:186} INFO - Started process (PID=361) to work on /home/airflow/.local/lib/python3.12/site-packages/airflow/example_dags/example_subdag_operator.py
[2024-11-23T16:42:08.324+0000] {processor.py:914} INFO - Processing file /home/airflow/.local/lib/python3.12/site-packages/airflow/example_dags/example_subdag_operator.py for tasks to queue
[2024-11-23T16:42:08.336+0000] {logging_mixin.py:190} INFO - [2024-11-23T16:42:08.335+0000] {dagbag.py:588} INFO - Filling up the DagBag from /home/airflow/.local/lib/python3.12/site-packages/airflow/example_dags/example_subdag_operator.py
[2024-11-23T16:42:08.452+0000] {processor.py:925} INFO - DAG(s) 'example_subdag_operator.section-1', 'example_subdag_operator.section-2', 'example_subdag_operator' retrieved from /home/airflow/.local/lib/python3.12/site-packages/airflow/example_dags/example_subdag_operator.py
[2024-11-23T16:42:08.512+0000] {logging_mixin.py:190} INFO - [2024-11-23T16:42:08.511+0000] {dag.py:3239} INFO - Sync 3 DAGs
[2024-11-23T16:42:08.598+0000] {logging_mixin.py:190} INFO - [2024-11-23T16:42:08.597+0000] {dag.py:4180} INFO - Setting next_dagrun for example_subdag_operator to 2022-01-01 00:00:00+00:00, run_after=2022-01-01 00:00:00+00:00
[2024-11-23T16:42:08.617+0000] {logging_mixin.py:190} INFO - [2024-11-23T16:42:08.617+0000] {dag.py:4180} INFO - Setting next_dagrun for example_subdag_operator.section-1 to None, run_after=None
[2024-11-23T16:42:08.621+0000] {logging_mixin.py:190} INFO - [2024-11-23T16:42:08.621+0000] {dag.py:4180} INFO - Setting next_dagrun for example_subdag_operator.section-2 to None, run_after=None
[2024-11-23T16:42:08.659+0000] {logging_mixin.py:190} INFO - [2024-11-23T16:42:08.659+0000] {dag.py:3239} INFO - Sync 2 DAGs
[2024-11-23T16:42:08.678+0000] {logging_mixin.py:190} INFO - [2024-11-23T16:42:08.678+0000] {dag.py:4180} INFO - Setting next_dagrun for example_subdag_operator.section-1 to None, run_after=None
[2024-11-23T16:42:08.681+0000] {logging_mixin.py:190} INFO - [2024-11-23T16:42:08.680+0000] {dag.py:4180} INFO - Setting next_dagrun for example_subdag_operator.section-2 to None, run_after=None
[2024-11-23T16:42:08.723+0000] {processor.py:208} INFO - Processing /home/airflow/.local/lib/python3.12/site-packages/airflow/example_dags/example_subdag_operator.py took 0.420 seconds
[2024-11-23T17:02:52.921+0000] {processor.py:186} INFO - Started process (PID=153) to work on /home/airflow/.local/lib/python3.12/site-packages/airflow/example_dags/example_subdag_operator.py
[2024-11-23T17:02:52.952+0000] {processor.py:914} INFO - Processing file /home/airflow/.local/lib/python3.12/site-packages/airflow/example_dags/example_subdag_operator.py for tasks to queue
[2024-11-23T17:02:53.004+0000] {logging_mixin.py:190} INFO - [2024-11-23T17:02:53.003+0000] {dagbag.py:588} INFO - Filling up the DagBag from /home/airflow/.local/lib/python3.12/site-packages/airflow/example_dags/example_subdag_operator.py
[2024-11-23T17:02:53.303+0000] {processor.py:925} INFO - DAG(s) 'example_subdag_operator.section-1', 'example_subdag_operator.section-2', 'example_subdag_operator' retrieved from /home/airflow/.local/lib/python3.12/site-packages/airflow/example_dags/example_subdag_operator.py
[2024-11-23T17:02:53.488+0000] {logging_mixin.py:190} INFO - [2024-11-23T17:02:53.485+0000] {dag.py:3239} INFO - Sync 3 DAGs
[2024-11-23T17:02:53.789+0000] {logging_mixin.py:190} INFO - [2024-11-23T17:02:53.788+0000] {dag.py:4180} INFO - Setting next_dagrun for example_subdag_operator to 2022-01-01 00:00:00+00:00, run_after=2022-01-01 00:00:00+00:00
[2024-11-23T17:02:53.830+0000] {logging_mixin.py:190} INFO - [2024-11-23T17:02:53.830+0000] {dag.py:4180} INFO - Setting next_dagrun for example_subdag_operator.section-1 to None, run_after=None
[2024-11-23T17:02:53.849+0000] {logging_mixin.py:190} INFO - [2024-11-23T17:02:53.848+0000] {dag.py:4180} INFO - Setting next_dagrun for example_subdag_operator.section-2 to None, run_after=None
[2024-11-23T17:02:53.970+0000] {logging_mixin.py:190} INFO - [2024-11-23T17:02:53.970+0000] {dag.py:3239} INFO - Sync 2 DAGs
[2024-11-23T17:02:54.054+0000] {logging_mixin.py:190} INFO - [2024-11-23T17:02:54.053+0000] {dag.py:4180} INFO - Setting next_dagrun for example_subdag_operator.section-1 to None, run_after=None
[2024-11-23T17:02:54.064+0000] {logging_mixin.py:190} INFO - [2024-11-23T17:02:54.063+0000] {dag.py:4180} INFO - Setting next_dagrun for example_subdag_operator.section-2 to None, run_after=None
[2024-11-23T17:02:54.150+0000] {processor.py:208} INFO - Processing /home/airflow/.local/lib/python3.12/site-packages/airflow/example_dags/example_subdag_operator.py took 1.280 seconds
[2024-11-23T17:03:37.857+0000] {processor.py:186} INFO - Started process (PID=219) to work on /home/airflow/.local/lib/python3.12/site-packages/airflow/example_dags/example_subdag_operator.py
[2024-11-23T17:03:37.871+0000] {processor.py:914} INFO - Processing file /home/airflow/.local/lib/python3.12/site-packages/airflow/example_dags/example_subdag_operator.py for tasks to queue
[2024-11-23T17:03:37.878+0000] {logging_mixin.py:190} INFO - [2024-11-23T17:03:37.877+0000] {dagbag.py:588} INFO - Filling up the DagBag from /home/airflow/.local/lib/python3.12/site-packages/airflow/example_dags/example_subdag_operator.py
[2024-11-23T17:03:38.061+0000] {processor.py:925} INFO - DAG(s) 'example_subdag_operator.section-1', 'example_subdag_operator.section-2', 'example_subdag_operator' retrieved from /home/airflow/.local/lib/python3.12/site-packages/airflow/example_dags/example_subdag_operator.py
[2024-11-23T17:03:38.172+0000] {logging_mixin.py:190} INFO - [2024-11-23T17:03:38.171+0000] {dag.py:3239} INFO - Sync 3 DAGs
[2024-11-23T17:03:38.322+0000] {logging_mixin.py:190} INFO - [2024-11-23T17:03:38.321+0000] {dag.py:4180} INFO - Setting next_dagrun for example_subdag_operator to 2022-01-01 00:00:00+00:00, run_after=2022-01-01 00:00:00+00:00
[2024-11-23T17:03:38.359+0000] {logging_mixin.py:190} INFO - [2024-11-23T17:03:38.358+0000] {dag.py:4180} INFO - Setting next_dagrun for example_subdag_operator.section-1 to None, run_after=None
[2024-11-23T17:03:38.367+0000] {logging_mixin.py:190} INFO - [2024-11-23T17:03:38.366+0000] {dag.py:4180} INFO - Setting next_dagrun for example_subdag_operator.section-2 to None, run_after=None
[2024-11-23T17:03:38.440+0000] {logging_mixin.py:190} INFO - [2024-11-23T17:03:38.439+0000] {dag.py:3239} INFO - Sync 2 DAGs
[2024-11-23T17:03:38.527+0000] {logging_mixin.py:190} INFO - [2024-11-23T17:03:38.515+0000] {dag.py:4180} INFO - Setting next_dagrun for example_subdag_operator.section-1 to None, run_after=None
[2024-11-23T17:03:38.540+0000] {logging_mixin.py:190} INFO - [2024-11-23T17:03:38.540+0000] {dag.py:4180} INFO - Setting next_dagrun for example_subdag_operator.section-2 to None, run_after=None
[2024-11-23T17:03:38.622+0000] {processor.py:208} INFO - Processing /home/airflow/.local/lib/python3.12/site-packages/airflow/example_dags/example_subdag_operator.py took 0.798 seconds
[2024-11-23T17:04:26.154+0000] {processor.py:186} INFO - Started process (PID=291) to work on /home/airflow/.local/lib/python3.12/site-packages/airflow/example_dags/example_subdag_operator.py
[2024-11-23T17:04:26.170+0000] {processor.py:914} INFO - Processing file /home/airflow/.local/lib/python3.12/site-packages/airflow/example_dags/example_subdag_operator.py for tasks to queue
[2024-11-23T17:04:26.181+0000] {logging_mixin.py:190} INFO - [2024-11-23T17:04:26.177+0000] {dagbag.py:588} INFO - Filling up the DagBag from /home/airflow/.local/lib/python3.12/site-packages/airflow/example_dags/example_subdag_operator.py
[2024-11-23T17:04:26.817+0000] {processor.py:925} INFO - DAG(s) 'example_subdag_operator.section-1', 'example_subdag_operator.section-2', 'example_subdag_operator' retrieved from /home/airflow/.local/lib/python3.12/site-packages/airflow/example_dags/example_subdag_operator.py
[2024-11-23T17:04:27.074+0000] {logging_mixin.py:190} INFO - [2024-11-23T17:04:27.073+0000] {dag.py:3239} INFO - Sync 3 DAGs
[2024-11-23T17:04:27.299+0000] {logging_mixin.py:190} INFO - [2024-11-23T17:04:27.298+0000] {dag.py:4180} INFO - Setting next_dagrun for example_subdag_operator to 2022-01-01 00:00:00+00:00, run_after=2022-01-01 00:00:00+00:00
[2024-11-23T17:04:27.333+0000] {logging_mixin.py:190} INFO - [2024-11-23T17:04:27.332+0000] {dag.py:4180} INFO - Setting next_dagrun for example_subdag_operator.section-1 to None, run_after=None
[2024-11-23T17:04:27.366+0000] {logging_mixin.py:190} INFO - [2024-11-23T17:04:27.366+0000] {dag.py:4180} INFO - Setting next_dagrun for example_subdag_operator.section-2 to None, run_after=None
[2024-11-23T17:04:27.422+0000] {logging_mixin.py:190} INFO - [2024-11-23T17:04:27.422+0000] {dag.py:3239} INFO - Sync 2 DAGs
[2024-11-23T17:04:27.510+0000] {logging_mixin.py:190} INFO - [2024-11-23T17:04:27.509+0000] {dag.py:4180} INFO - Setting next_dagrun for example_subdag_operator.section-1 to None, run_after=None
[2024-11-23T17:04:27.526+0000] {logging_mixin.py:190} INFO - [2024-11-23T17:04:27.525+0000] {dag.py:4180} INFO - Setting next_dagrun for example_subdag_operator.section-2 to None, run_after=None
[2024-11-23T17:04:27.952+0000] {processor.py:208} INFO - Processing /home/airflow/.local/lib/python3.12/site-packages/airflow/example_dags/example_subdag_operator.py took 1.835 seconds
[2024-11-23T17:05:32.511+0000] {processor.py:186} INFO - Started process (PID=375) to work on /home/airflow/.local/lib/python3.12/site-packages/airflow/example_dags/example_subdag_operator.py
[2024-11-23T17:05:32.517+0000] {processor.py:914} INFO - Processing file /home/airflow/.local/lib/python3.12/site-packages/airflow/example_dags/example_subdag_operator.py for tasks to queue
[2024-11-23T17:05:32.530+0000] {logging_mixin.py:190} INFO - [2024-11-23T17:05:32.529+0000] {dagbag.py:588} INFO - Filling up the DagBag from /home/airflow/.local/lib/python3.12/site-packages/airflow/example_dags/example_subdag_operator.py
[2024-11-23T17:05:32.733+0000] {processor.py:925} INFO - DAG(s) 'example_subdag_operator.section-1', 'example_subdag_operator.section-2', 'example_subdag_operator' retrieved from /home/airflow/.local/lib/python3.12/site-packages/airflow/example_dags/example_subdag_operator.py
[2024-11-23T17:05:32.881+0000] {logging_mixin.py:190} INFO - [2024-11-23T17:05:32.880+0000] {dag.py:3239} INFO - Sync 3 DAGs
[2024-11-23T17:05:33.353+0000] {logging_mixin.py:190} INFO - [2024-11-23T17:05:33.353+0000] {dag.py:4180} INFO - Setting next_dagrun for example_subdag_operator to 2022-01-01 00:00:00+00:00, run_after=2022-01-01 00:00:00+00:00
[2024-11-23T17:05:33.367+0000] {logging_mixin.py:190} INFO - [2024-11-23T17:05:33.366+0000] {dag.py:4180} INFO - Setting next_dagrun for example_subdag_operator.section-1 to None, run_after=None
[2024-11-23T17:05:33.371+0000] {logging_mixin.py:190} INFO - [2024-11-23T17:05:33.371+0000] {dag.py:4180} INFO - Setting next_dagrun for example_subdag_operator.section-2 to None, run_after=None
[2024-11-23T17:05:33.396+0000] {logging_mixin.py:190} INFO - [2024-11-23T17:05:33.395+0000] {dag.py:3239} INFO - Sync 2 DAGs
[2024-11-23T17:05:33.419+0000] {logging_mixin.py:190} INFO - [2024-11-23T17:05:33.419+0000] {dag.py:4180} INFO - Setting next_dagrun for example_subdag_operator.section-1 to None, run_after=None
[2024-11-23T17:05:33.429+0000] {logging_mixin.py:190} INFO - [2024-11-23T17:05:33.429+0000] {dag.py:4180} INFO - Setting next_dagrun for example_subdag_operator.section-2 to None, run_after=None
[2024-11-23T17:05:33.476+0000] {processor.py:208} INFO - Processing /home/airflow/.local/lib/python3.12/site-packages/airflow/example_dags/example_subdag_operator.py took 1.007 seconds
[2024-11-23T17:06:03.771+0000] {processor.py:186} INFO - Started process (PID=441) to work on /home/airflow/.local/lib/python3.12/site-packages/airflow/example_dags/example_subdag_operator.py
[2024-11-23T17:06:03.774+0000] {processor.py:914} INFO - Processing file /home/airflow/.local/lib/python3.12/site-packages/airflow/example_dags/example_subdag_operator.py for tasks to queue
[2024-11-23T17:06:03.786+0000] {logging_mixin.py:190} INFO - [2024-11-23T17:06:03.785+0000] {dagbag.py:588} INFO - Filling up the DagBag from /home/airflow/.local/lib/python3.12/site-packages/airflow/example_dags/example_subdag_operator.py
[2024-11-23T17:06:03.892+0000] {processor.py:925} INFO - DAG(s) 'example_subdag_operator.section-1', 'example_subdag_operator.section-2', 'example_subdag_operator' retrieved from /home/airflow/.local/lib/python3.12/site-packages/airflow/example_dags/example_subdag_operator.py
[2024-11-23T17:06:03.970+0000] {logging_mixin.py:190} INFO - [2024-11-23T17:06:03.970+0000] {dag.py:3239} INFO - Sync 3 DAGs
[2024-11-23T17:06:04.041+0000] {logging_mixin.py:190} INFO - [2024-11-23T17:06:04.041+0000] {dag.py:4180} INFO - Setting next_dagrun for example_subdag_operator to 2022-01-01 00:00:00+00:00, run_after=2022-01-01 00:00:00+00:00
[2024-11-23T17:06:04.048+0000] {logging_mixin.py:190} INFO - [2024-11-23T17:06:04.047+0000] {dag.py:4180} INFO - Setting next_dagrun for example_subdag_operator.section-1 to None, run_after=None
[2024-11-23T17:06:04.051+0000] {logging_mixin.py:190} INFO - [2024-11-23T17:06:04.051+0000] {dag.py:4180} INFO - Setting next_dagrun for example_subdag_operator.section-2 to None, run_after=None
[2024-11-23T17:06:04.064+0000] {logging_mixin.py:190} INFO - [2024-11-23T17:06:04.064+0000] {dag.py:3239} INFO - Sync 2 DAGs
[2024-11-23T17:06:04.076+0000] {logging_mixin.py:190} INFO - [2024-11-23T17:06:04.075+0000] {dag.py:4180} INFO - Setting next_dagrun for example_subdag_operator.section-1 to None, run_after=None
[2024-11-23T17:06:04.077+0000] {logging_mixin.py:190} INFO - [2024-11-23T17:06:04.077+0000] {dag.py:4180} INFO - Setting next_dagrun for example_subdag_operator.section-2 to None, run_after=None
[2024-11-23T17:06:04.132+0000] {processor.py:208} INFO - Processing /home/airflow/.local/lib/python3.12/site-packages/airflow/example_dags/example_subdag_operator.py took 0.381 seconds
[2024-11-23T17:07:11.270+0000] {processor.py:186} INFO - Started process (PID=512) to work on /home/airflow/.local/lib/python3.12/site-packages/airflow/example_dags/example_subdag_operator.py
[2024-11-23T17:07:11.301+0000] {processor.py:914} INFO - Processing file /home/airflow/.local/lib/python3.12/site-packages/airflow/example_dags/example_subdag_operator.py for tasks to queue
[2024-11-23T17:07:11.309+0000] {logging_mixin.py:190} INFO - [2024-11-23T17:07:11.308+0000] {dagbag.py:588} INFO - Filling up the DagBag from /home/airflow/.local/lib/python3.12/site-packages/airflow/example_dags/example_subdag_operator.py
[2024-11-23T17:07:11.612+0000] {processor.py:925} INFO - DAG(s) 'example_subdag_operator.section-1', 'example_subdag_operator.section-2', 'example_subdag_operator' retrieved from /home/airflow/.local/lib/python3.12/site-packages/airflow/example_dags/example_subdag_operator.py
[2024-11-23T17:07:11.797+0000] {logging_mixin.py:190} INFO - [2024-11-23T17:07:11.794+0000] {dag.py:3239} INFO - Sync 3 DAGs
[2024-11-23T17:07:13.288+0000] {logging_mixin.py:190} INFO - [2024-11-23T17:07:13.288+0000] {dag.py:4180} INFO - Setting next_dagrun for example_subdag_operator to 2022-01-01 00:00:00+00:00, run_after=2022-01-01 00:00:00+00:00
[2024-11-23T17:07:13.307+0000] {logging_mixin.py:190} INFO - [2024-11-23T17:07:13.306+0000] {dag.py:4180} INFO - Setting next_dagrun for example_subdag_operator.section-1 to None, run_after=None
[2024-11-23T17:07:13.313+0000] {logging_mixin.py:190} INFO - [2024-11-23T17:07:13.311+0000] {dag.py:4180} INFO - Setting next_dagrun for example_subdag_operator.section-2 to None, run_after=None
[2024-11-23T17:07:13.332+0000] {logging_mixin.py:190} INFO - [2024-11-23T17:07:13.331+0000] {dag.py:3239} INFO - Sync 2 DAGs
[2024-11-23T17:07:13.404+0000] {logging_mixin.py:190} INFO - [2024-11-23T17:07:13.403+0000] {dag.py:4180} INFO - Setting next_dagrun for example_subdag_operator.section-1 to None, run_after=None
[2024-11-23T17:07:13.405+0000] {logging_mixin.py:190} INFO - [2024-11-23T17:07:13.405+0000] {dag.py:4180} INFO - Setting next_dagrun for example_subdag_operator.section-2 to None, run_after=None
[2024-11-23T17:07:13.556+0000] {processor.py:208} INFO - Processing /home/airflow/.local/lib/python3.12/site-packages/airflow/example_dags/example_subdag_operator.py took 2.311 seconds
[2024-11-23T17:07:47.145+0000] {processor.py:186} INFO - Started process (PID=578) to work on /home/airflow/.local/lib/python3.12/site-packages/airflow/example_dags/example_subdag_operator.py
[2024-11-23T17:07:47.199+0000] {processor.py:914} INFO - Processing file /home/airflow/.local/lib/python3.12/site-packages/airflow/example_dags/example_subdag_operator.py for tasks to queue
[2024-11-23T17:07:47.215+0000] {logging_mixin.py:190} INFO - [2024-11-23T17:07:47.214+0000] {dagbag.py:588} INFO - Filling up the DagBag from /home/airflow/.local/lib/python3.12/site-packages/airflow/example_dags/example_subdag_operator.py
[2024-11-23T17:07:47.443+0000] {processor.py:925} INFO - DAG(s) 'example_subdag_operator.section-1', 'example_subdag_operator.section-2', 'example_subdag_operator' retrieved from /home/airflow/.local/lib/python3.12/site-packages/airflow/example_dags/example_subdag_operator.py
[2024-11-23T17:07:47.499+0000] {logging_mixin.py:190} INFO - [2024-11-23T17:07:47.499+0000] {dag.py:3239} INFO - Sync 3 DAGs
[2024-11-23T17:07:47.636+0000] {logging_mixin.py:190} INFO - [2024-11-23T17:07:47.635+0000] {dag.py:4180} INFO - Setting next_dagrun for example_subdag_operator to 2022-01-01 00:00:00+00:00, run_after=2022-01-01 00:00:00+00:00
[2024-11-23T17:07:47.654+0000] {logging_mixin.py:190} INFO - [2024-11-23T17:07:47.654+0000] {dag.py:4180} INFO - Setting next_dagrun for example_subdag_operator.section-1 to None, run_after=None
[2024-11-23T17:07:47.663+0000] {logging_mixin.py:190} INFO - [2024-11-23T17:07:47.661+0000] {dag.py:4180} INFO - Setting next_dagrun for example_subdag_operator.section-2 to None, run_after=None
[2024-11-23T17:07:47.729+0000] {logging_mixin.py:190} INFO - [2024-11-23T17:07:47.729+0000] {dag.py:3239} INFO - Sync 2 DAGs
[2024-11-23T17:07:47.780+0000] {logging_mixin.py:190} INFO - [2024-11-23T17:07:47.779+0000] {dag.py:4180} INFO - Setting next_dagrun for example_subdag_operator.section-1 to None, run_after=None
[2024-11-23T17:07:47.783+0000] {logging_mixin.py:190} INFO - [2024-11-23T17:07:47.783+0000] {dag.py:4180} INFO - Setting next_dagrun for example_subdag_operator.section-2 to None, run_after=None
[2024-11-23T17:07:47.883+0000] {processor.py:208} INFO - Processing /home/airflow/.local/lib/python3.12/site-packages/airflow/example_dags/example_subdag_operator.py took 0.755 seconds
[2024-11-23T17:08:22.691+0000] {processor.py:186} INFO - Started process (PID=645) to work on /home/airflow/.local/lib/python3.12/site-packages/airflow/example_dags/example_subdag_operator.py
[2024-11-23T17:08:22.695+0000] {processor.py:914} INFO - Processing file /home/airflow/.local/lib/python3.12/site-packages/airflow/example_dags/example_subdag_operator.py for tasks to queue
[2024-11-23T17:08:22.710+0000] {logging_mixin.py:190} INFO - [2024-11-23T17:08:22.709+0000] {dagbag.py:588} INFO - Filling up the DagBag from /home/airflow/.local/lib/python3.12/site-packages/airflow/example_dags/example_subdag_operator.py
[2024-11-23T17:08:23.429+0000] {processor.py:925} INFO - DAG(s) 'example_subdag_operator.section-1', 'example_subdag_operator.section-2', 'example_subdag_operator' retrieved from /home/airflow/.local/lib/python3.12/site-packages/airflow/example_dags/example_subdag_operator.py
[2024-11-23T17:08:23.550+0000] {logging_mixin.py:190} INFO - [2024-11-23T17:08:23.549+0000] {dag.py:3239} INFO - Sync 3 DAGs
[2024-11-23T17:08:23.719+0000] {logging_mixin.py:190} INFO - [2024-11-23T17:08:23.718+0000] {dag.py:4180} INFO - Setting next_dagrun for example_subdag_operator to 2022-01-01 00:00:00+00:00, run_after=2022-01-01 00:00:00+00:00
[2024-11-23T17:08:23.740+0000] {logging_mixin.py:190} INFO - [2024-11-23T17:08:23.739+0000] {dag.py:4180} INFO - Setting next_dagrun for example_subdag_operator.section-1 to None, run_after=None
[2024-11-23T17:08:23.746+0000] {logging_mixin.py:190} INFO - [2024-11-23T17:08:23.745+0000] {dag.py:4180} INFO - Setting next_dagrun for example_subdag_operator.section-2 to None, run_after=None
[2024-11-23T17:08:23.786+0000] {logging_mixin.py:190} INFO - [2024-11-23T17:08:23.785+0000] {dag.py:3239} INFO - Sync 2 DAGs
[2024-11-23T17:08:23.890+0000] {logging_mixin.py:190} INFO - [2024-11-23T17:08:23.890+0000] {dag.py:4180} INFO - Setting next_dagrun for example_subdag_operator.section-1 to None, run_after=None
[2024-11-23T17:08:23.908+0000] {logging_mixin.py:190} INFO - [2024-11-23T17:08:23.907+0000] {dag.py:4180} INFO - Setting next_dagrun for example_subdag_operator.section-2 to None, run_after=None
[2024-11-23T17:08:24.074+0000] {processor.py:208} INFO - Processing /home/airflow/.local/lib/python3.12/site-packages/airflow/example_dags/example_subdag_operator.py took 1.405 seconds
[2024-11-23T17:08:56.949+0000] {processor.py:186} INFO - Started process (PID=711) to work on /home/airflow/.local/lib/python3.12/site-packages/airflow/example_dags/example_subdag_operator.py
[2024-11-23T17:08:56.961+0000] {processor.py:914} INFO - Processing file /home/airflow/.local/lib/python3.12/site-packages/airflow/example_dags/example_subdag_operator.py for tasks to queue
[2024-11-23T17:08:56.972+0000] {logging_mixin.py:190} INFO - [2024-11-23T17:08:56.971+0000] {dagbag.py:588} INFO - Filling up the DagBag from /home/airflow/.local/lib/python3.12/site-packages/airflow/example_dags/example_subdag_operator.py
[2024-11-23T17:08:57.106+0000] {processor.py:925} INFO - DAG(s) 'example_subdag_operator.section-1', 'example_subdag_operator.section-2', 'example_subdag_operator' retrieved from /home/airflow/.local/lib/python3.12/site-packages/airflow/example_dags/example_subdag_operator.py
[2024-11-23T17:08:57.229+0000] {logging_mixin.py:190} INFO - [2024-11-23T17:08:57.228+0000] {dag.py:3239} INFO - Sync 3 DAGs
[2024-11-23T17:08:57.405+0000] {logging_mixin.py:190} INFO - [2024-11-23T17:08:57.405+0000] {dag.py:4180} INFO - Setting next_dagrun for example_subdag_operator to 2022-01-01 00:00:00+00:00, run_after=2022-01-01 00:00:00+00:00
[2024-11-23T17:08:57.419+0000] {logging_mixin.py:190} INFO - [2024-11-23T17:08:57.419+0000] {dag.py:4180} INFO - Setting next_dagrun for example_subdag_operator.section-1 to None, run_after=None
[2024-11-23T17:08:57.428+0000] {logging_mixin.py:190} INFO - [2024-11-23T17:08:57.427+0000] {dag.py:4180} INFO - Setting next_dagrun for example_subdag_operator.section-2 to None, run_after=None
[2024-11-23T17:08:57.467+0000] {logging_mixin.py:190} INFO - [2024-11-23T17:08:57.467+0000] {dag.py:3239} INFO - Sync 2 DAGs
[2024-11-23T17:08:57.517+0000] {logging_mixin.py:190} INFO - [2024-11-23T17:08:57.517+0000] {dag.py:4180} INFO - Setting next_dagrun for example_subdag_operator.section-1 to None, run_after=None
[2024-11-23T17:08:57.519+0000] {logging_mixin.py:190} INFO - [2024-11-23T17:08:57.518+0000] {dag.py:4180} INFO - Setting next_dagrun for example_subdag_operator.section-2 to None, run_after=None
[2024-11-23T17:08:57.587+0000] {processor.py:208} INFO - Processing /home/airflow/.local/lib/python3.12/site-packages/airflow/example_dags/example_subdag_operator.py took 0.669 seconds
[2024-11-23T17:10:10.024+0000] {processor.py:186} INFO - Started process (PID=783) to work on /home/airflow/.local/lib/python3.12/site-packages/airflow/example_dags/example_subdag_operator.py
[2024-11-23T17:10:10.036+0000] {processor.py:914} INFO - Processing file /home/airflow/.local/lib/python3.12/site-packages/airflow/example_dags/example_subdag_operator.py for tasks to queue
[2024-11-23T17:10:10.045+0000] {logging_mixin.py:190} INFO - [2024-11-23T17:10:10.044+0000] {dagbag.py:588} INFO - Filling up the DagBag from /home/airflow/.local/lib/python3.12/site-packages/airflow/example_dags/example_subdag_operator.py
[2024-11-23T17:10:10.311+0000] {processor.py:925} INFO - DAG(s) 'example_subdag_operator.section-1', 'example_subdag_operator.section-2', 'example_subdag_operator' retrieved from /home/airflow/.local/lib/python3.12/site-packages/airflow/example_dags/example_subdag_operator.py
[2024-11-23T17:10:10.444+0000] {logging_mixin.py:190} INFO - [2024-11-23T17:10:10.443+0000] {dag.py:3239} INFO - Sync 3 DAGs
[2024-11-23T17:10:10.712+0000] {logging_mixin.py:190} INFO - [2024-11-23T17:10:10.712+0000] {dag.py:4180} INFO - Setting next_dagrun for example_subdag_operator to 2022-01-01 00:00:00+00:00, run_after=2022-01-01 00:00:00+00:00
[2024-11-23T17:10:10.764+0000] {logging_mixin.py:190} INFO - [2024-11-23T17:10:10.761+0000] {dag.py:4180} INFO - Setting next_dagrun for example_subdag_operator.section-1 to None, run_after=None
[2024-11-23T17:10:10.770+0000] {logging_mixin.py:190} INFO - [2024-11-23T17:10:10.769+0000] {dag.py:4180} INFO - Setting next_dagrun for example_subdag_operator.section-2 to None, run_after=None
[2024-11-23T17:10:10.807+0000] {logging_mixin.py:190} INFO - [2024-11-23T17:10:10.807+0000] {dag.py:3239} INFO - Sync 2 DAGs
[2024-11-23T17:10:10.856+0000] {logging_mixin.py:190} INFO - [2024-11-23T17:10:10.856+0000] {dag.py:4180} INFO - Setting next_dagrun for example_subdag_operator.section-1 to None, run_after=None
[2024-11-23T17:10:10.862+0000] {logging_mixin.py:190} INFO - [2024-11-23T17:10:10.861+0000] {dag.py:4180} INFO - Setting next_dagrun for example_subdag_operator.section-2 to None, run_after=None
[2024-11-23T17:10:10.925+0000] {processor.py:208} INFO - Processing /home/airflow/.local/lib/python3.12/site-packages/airflow/example_dags/example_subdag_operator.py took 0.938 seconds
[2024-11-23T17:10:55.065+0000] {processor.py:186} INFO - Started process (PID=849) to work on /home/airflow/.local/lib/python3.12/site-packages/airflow/example_dags/example_subdag_operator.py
[2024-11-23T17:10:55.111+0000] {processor.py:914} INFO - Processing file /home/airflow/.local/lib/python3.12/site-packages/airflow/example_dags/example_subdag_operator.py for tasks to queue
[2024-11-23T17:10:55.243+0000] {logging_mixin.py:190} INFO - [2024-11-23T17:10:55.239+0000] {dagbag.py:588} INFO - Filling up the DagBag from /home/airflow/.local/lib/python3.12/site-packages/airflow/example_dags/example_subdag_operator.py
[2024-11-23T17:10:55.468+0000] {processor.py:925} INFO - DAG(s) 'example_subdag_operator.section-1', 'example_subdag_operator.section-2', 'example_subdag_operator' retrieved from /home/airflow/.local/lib/python3.12/site-packages/airflow/example_dags/example_subdag_operator.py
[2024-11-23T17:10:55.574+0000] {logging_mixin.py:190} INFO - [2024-11-23T17:10:55.573+0000] {dag.py:3239} INFO - Sync 3 DAGs
[2024-11-23T17:10:55.716+0000] {logging_mixin.py:190} INFO - [2024-11-23T17:10:55.715+0000] {dag.py:4180} INFO - Setting next_dagrun for example_subdag_operator to 2022-01-01 00:00:00+00:00, run_after=2022-01-01 00:00:00+00:00
[2024-11-23T17:10:55.738+0000] {logging_mixin.py:190} INFO - [2024-11-23T17:10:55.737+0000] {dag.py:4180} INFO - Setting next_dagrun for example_subdag_operator.section-1 to None, run_after=None
[2024-11-23T17:10:55.744+0000] {logging_mixin.py:190} INFO - [2024-11-23T17:10:55.744+0000] {dag.py:4180} INFO - Setting next_dagrun for example_subdag_operator.section-2 to None, run_after=None
[2024-11-23T17:10:55.829+0000] {logging_mixin.py:190} INFO - [2024-11-23T17:10:55.828+0000] {dag.py:3239} INFO - Sync 2 DAGs
[2024-11-23T17:10:55.908+0000] {logging_mixin.py:190} INFO - [2024-11-23T17:10:55.908+0000] {dag.py:4180} INFO - Setting next_dagrun for example_subdag_operator.section-1 to None, run_after=None
[2024-11-23T17:10:55.919+0000] {logging_mixin.py:190} INFO - [2024-11-23T17:10:55.918+0000] {dag.py:4180} INFO - Setting next_dagrun for example_subdag_operator.section-2 to None, run_after=None
[2024-11-23T17:10:55.996+0000] {processor.py:208} INFO - Processing /home/airflow/.local/lib/python3.12/site-packages/airflow/example_dags/example_subdag_operator.py took 0.948 seconds
[2024-11-23T17:11:27.947+0000] {processor.py:186} INFO - Started process (PID=916) to work on /home/airflow/.local/lib/python3.12/site-packages/airflow/example_dags/example_subdag_operator.py
[2024-11-23T17:11:27.956+0000] {processor.py:914} INFO - Processing file /home/airflow/.local/lib/python3.12/site-packages/airflow/example_dags/example_subdag_operator.py for tasks to queue
[2024-11-23T17:11:27.967+0000] {logging_mixin.py:190} INFO - [2024-11-23T17:11:27.967+0000] {dagbag.py:588} INFO - Filling up the DagBag from /home/airflow/.local/lib/python3.12/site-packages/airflow/example_dags/example_subdag_operator.py
[2024-11-23T17:11:28.091+0000] {processor.py:925} INFO - DAG(s) 'example_subdag_operator.section-1', 'example_subdag_operator.section-2', 'example_subdag_operator' retrieved from /home/airflow/.local/lib/python3.12/site-packages/airflow/example_dags/example_subdag_operator.py
[2024-11-23T17:11:28.147+0000] {logging_mixin.py:190} INFO - [2024-11-23T17:11:28.147+0000] {dag.py:3239} INFO - Sync 3 DAGs
[2024-11-23T17:11:28.264+0000] {logging_mixin.py:190} INFO - [2024-11-23T17:11:28.263+0000] {dag.py:4180} INFO - Setting next_dagrun for example_subdag_operator to 2022-01-01 00:00:00+00:00, run_after=2022-01-01 00:00:00+00:00
[2024-11-23T17:11:28.277+0000] {logging_mixin.py:190} INFO - [2024-11-23T17:11:28.277+0000] {dag.py:4180} INFO - Setting next_dagrun for example_subdag_operator.section-1 to None, run_after=None
[2024-11-23T17:11:28.284+0000] {logging_mixin.py:190} INFO - [2024-11-23T17:11:28.284+0000] {dag.py:4180} INFO - Setting next_dagrun for example_subdag_operator.section-2 to None, run_after=None
[2024-11-23T17:11:28.330+0000] {logging_mixin.py:190} INFO - [2024-11-23T17:11:28.327+0000] {dag.py:3239} INFO - Sync 2 DAGs
[2024-11-23T17:11:28.345+0000] {logging_mixin.py:190} INFO - [2024-11-23T17:11:28.344+0000] {dag.py:4180} INFO - Setting next_dagrun for example_subdag_operator.section-1 to None, run_after=None
[2024-11-23T17:11:28.351+0000] {logging_mixin.py:190} INFO - [2024-11-23T17:11:28.348+0000] {dag.py:4180} INFO - Setting next_dagrun for example_subdag_operator.section-2 to None, run_after=None
[2024-11-23T17:11:28.404+0000] {processor.py:208} INFO - Processing /home/airflow/.local/lib/python3.12/site-packages/airflow/example_dags/example_subdag_operator.py took 0.478 seconds
[2024-11-23T17:11:59.462+0000] {processor.py:186} INFO - Started process (PID=982) to work on /home/airflow/.local/lib/python3.12/site-packages/airflow/example_dags/example_subdag_operator.py
[2024-11-23T17:11:59.479+0000] {processor.py:914} INFO - Processing file /home/airflow/.local/lib/python3.12/site-packages/airflow/example_dags/example_subdag_operator.py for tasks to queue
[2024-11-23T17:11:59.491+0000] {logging_mixin.py:190} INFO - [2024-11-23T17:11:59.490+0000] {dagbag.py:588} INFO - Filling up the DagBag from /home/airflow/.local/lib/python3.12/site-packages/airflow/example_dags/example_subdag_operator.py
[2024-11-23T17:11:59.602+0000] {processor.py:925} INFO - DAG(s) 'example_subdag_operator.section-1', 'example_subdag_operator.section-2', 'example_subdag_operator' retrieved from /home/airflow/.local/lib/python3.12/site-packages/airflow/example_dags/example_subdag_operator.py
[2024-11-23T17:11:59.669+0000] {logging_mixin.py:190} INFO - [2024-11-23T17:11:59.668+0000] {dag.py:3239} INFO - Sync 3 DAGs
[2024-11-23T17:11:59.786+0000] {logging_mixin.py:190} INFO - [2024-11-23T17:11:59.786+0000] {dag.py:4180} INFO - Setting next_dagrun for example_subdag_operator to 2022-01-01 00:00:00+00:00, run_after=2022-01-01 00:00:00+00:00
[2024-11-23T17:11:59.802+0000] {logging_mixin.py:190} INFO - [2024-11-23T17:11:59.799+0000] {dag.py:4180} INFO - Setting next_dagrun for example_subdag_operator.section-1 to None, run_after=None
[2024-11-23T17:11:59.810+0000] {logging_mixin.py:190} INFO - [2024-11-23T17:11:59.809+0000] {dag.py:4180} INFO - Setting next_dagrun for example_subdag_operator.section-2 to None, run_after=None
[2024-11-23T17:11:59.854+0000] {logging_mixin.py:190} INFO - [2024-11-23T17:11:59.853+0000] {dag.py:3239} INFO - Sync 2 DAGs
[2024-11-23T17:11:59.884+0000] {logging_mixin.py:190} INFO - [2024-11-23T17:11:59.883+0000] {dag.py:4180} INFO - Setting next_dagrun for example_subdag_operator.section-1 to None, run_after=None
[2024-11-23T17:11:59.888+0000] {logging_mixin.py:190} INFO - [2024-11-23T17:11:59.886+0000] {dag.py:4180} INFO - Setting next_dagrun for example_subdag_operator.section-2 to None, run_after=None
[2024-11-23T17:11:59.932+0000] {processor.py:208} INFO - Processing /home/airflow/.local/lib/python3.12/site-packages/airflow/example_dags/example_subdag_operator.py took 0.490 seconds
[2024-11-23T17:12:40.497+0000] {processor.py:186} INFO - Started process (PID=1038) to work on /home/airflow/.local/lib/python3.12/site-packages/airflow/example_dags/example_subdag_operator.py
[2024-11-23T17:12:40.503+0000] {processor.py:914} INFO - Processing file /home/airflow/.local/lib/python3.12/site-packages/airflow/example_dags/example_subdag_operator.py for tasks to queue
[2024-11-23T17:12:40.524+0000] {logging_mixin.py:190} INFO - [2024-11-23T17:12:40.523+0000] {dagbag.py:588} INFO - Filling up the DagBag from /home/airflow/.local/lib/python3.12/site-packages/airflow/example_dags/example_subdag_operator.py
[2024-11-23T17:12:40.655+0000] {processor.py:925} INFO - DAG(s) 'example_subdag_operator.section-1', 'example_subdag_operator.section-2', 'example_subdag_operator' retrieved from /home/airflow/.local/lib/python3.12/site-packages/airflow/example_dags/example_subdag_operator.py
[2024-11-23T17:12:40.721+0000] {logging_mixin.py:190} INFO - [2024-11-23T17:12:40.720+0000] {dag.py:3239} INFO - Sync 3 DAGs
[2024-11-23T17:12:40.840+0000] {logging_mixin.py:190} INFO - [2024-11-23T17:12:40.839+0000] {dag.py:4180} INFO - Setting next_dagrun for example_subdag_operator to 2022-01-01 00:00:00+00:00, run_after=2022-01-01 00:00:00+00:00
[2024-11-23T17:12:40.850+0000] {logging_mixin.py:190} INFO - [2024-11-23T17:12:40.850+0000] {dag.py:4180} INFO - Setting next_dagrun for example_subdag_operator.section-1 to None, run_after=None
[2024-11-23T17:12:40.857+0000] {logging_mixin.py:190} INFO - [2024-11-23T17:12:40.856+0000] {dag.py:4180} INFO - Setting next_dagrun for example_subdag_operator.section-2 to None, run_after=None
[2024-11-23T17:12:40.894+0000] {logging_mixin.py:190} INFO - [2024-11-23T17:12:40.893+0000] {dag.py:3239} INFO - Sync 2 DAGs
[2024-11-23T17:12:40.914+0000] {logging_mixin.py:190} INFO - [2024-11-23T17:12:40.914+0000] {dag.py:4180} INFO - Setting next_dagrun for example_subdag_operator.section-1 to None, run_after=None
[2024-11-23T17:12:40.931+0000] {logging_mixin.py:190} INFO - [2024-11-23T17:12:40.930+0000] {dag.py:4180} INFO - Setting next_dagrun for example_subdag_operator.section-2 to None, run_after=None
[2024-11-23T17:12:41.012+0000] {processor.py:208} INFO - Processing /home/airflow/.local/lib/python3.12/site-packages/airflow/example_dags/example_subdag_operator.py took 0.534 seconds
[2024-11-23T17:13:30.845+0000] {processor.py:186} INFO - Started process (PID=1110) to work on /home/airflow/.local/lib/python3.12/site-packages/airflow/example_dags/example_subdag_operator.py
[2024-11-23T17:13:30.957+0000] {processor.py:914} INFO - Processing file /home/airflow/.local/lib/python3.12/site-packages/airflow/example_dags/example_subdag_operator.py for tasks to queue
[2024-11-23T17:13:30.981+0000] {logging_mixin.py:190} INFO - [2024-11-23T17:13:30.980+0000] {dagbag.py:588} INFO - Filling up the DagBag from /home/airflow/.local/lib/python3.12/site-packages/airflow/example_dags/example_subdag_operator.py
[2024-11-23T17:13:31.203+0000] {processor.py:925} INFO - DAG(s) 'example_subdag_operator.section-1', 'example_subdag_operator.section-2', 'example_subdag_operator' retrieved from /home/airflow/.local/lib/python3.12/site-packages/airflow/example_dags/example_subdag_operator.py
[2024-11-23T17:13:31.228+0000] {logging_mixin.py:190} INFO - [2024-11-23T17:13:31.227+0000] {dag.py:3239} INFO - Sync 3 DAGs
[2024-11-23T17:13:31.415+0000] {logging_mixin.py:190} INFO - [2024-11-23T17:13:31.413+0000] {dag.py:4180} INFO - Setting next_dagrun for example_subdag_operator to 2022-01-01 00:00:00+00:00, run_after=2022-01-01 00:00:00+00:00
[2024-11-23T17:13:31.505+0000] {logging_mixin.py:190} INFO - [2024-11-23T17:13:31.504+0000] {dag.py:4180} INFO - Setting next_dagrun for example_subdag_operator.section-1 to None, run_after=None
[2024-11-23T17:13:31.518+0000] {logging_mixin.py:190} INFO - [2024-11-23T17:13:31.517+0000] {dag.py:4180} INFO - Setting next_dagrun for example_subdag_operator.section-2 to None, run_after=None
[2024-11-23T17:13:31.611+0000] {logging_mixin.py:190} INFO - [2024-11-23T17:13:31.610+0000] {dag.py:3239} INFO - Sync 2 DAGs
[2024-11-23T17:13:31.666+0000] {logging_mixin.py:190} INFO - [2024-11-23T17:13:31.665+0000] {dag.py:4180} INFO - Setting next_dagrun for example_subdag_operator.section-1 to None, run_after=None
[2024-11-23T17:13:31.669+0000] {logging_mixin.py:190} INFO - [2024-11-23T17:13:31.669+0000] {dag.py:4180} INFO - Setting next_dagrun for example_subdag_operator.section-2 to None, run_after=None
[2024-11-23T17:13:31.809+0000] {processor.py:208} INFO - Processing /home/airflow/.local/lib/python3.12/site-packages/airflow/example_dags/example_subdag_operator.py took 0.979 seconds
[2024-11-23T17:14:11.747+0000] {processor.py:186} INFO - Started process (PID=1176) to work on /home/airflow/.local/lib/python3.12/site-packages/airflow/example_dags/example_subdag_operator.py
[2024-11-23T17:14:11.774+0000] {processor.py:914} INFO - Processing file /home/airflow/.local/lib/python3.12/site-packages/airflow/example_dags/example_subdag_operator.py for tasks to queue
[2024-11-23T17:14:11.824+0000] {logging_mixin.py:190} INFO - [2024-11-23T17:14:11.823+0000] {dagbag.py:588} INFO - Filling up the DagBag from /home/airflow/.local/lib/python3.12/site-packages/airflow/example_dags/example_subdag_operator.py
[2024-11-23T17:14:12.050+0000] {processor.py:925} INFO - DAG(s) 'example_subdag_operator.section-1', 'example_subdag_operator.section-2', 'example_subdag_operator' retrieved from /home/airflow/.local/lib/python3.12/site-packages/airflow/example_dags/example_subdag_operator.py
[2024-11-23T17:14:12.122+0000] {logging_mixin.py:190} INFO - [2024-11-23T17:14:12.121+0000] {dag.py:3239} INFO - Sync 3 DAGs
[2024-11-23T17:14:12.216+0000] {logging_mixin.py:190} INFO - [2024-11-23T17:14:12.216+0000] {dag.py:4180} INFO - Setting next_dagrun for example_subdag_operator to 2022-01-01 00:00:00+00:00, run_after=2022-01-01 00:00:00+00:00
[2024-11-23T17:14:12.233+0000] {logging_mixin.py:190} INFO - [2024-11-23T17:14:12.233+0000] {dag.py:4180} INFO - Setting next_dagrun for example_subdag_operator.section-1 to None, run_after=None
[2024-11-23T17:14:12.237+0000] {logging_mixin.py:190} INFO - [2024-11-23T17:14:12.236+0000] {dag.py:4180} INFO - Setting next_dagrun for example_subdag_operator.section-2 to None, run_after=None
[2024-11-23T17:14:12.275+0000] {logging_mixin.py:190} INFO - [2024-11-23T17:14:12.275+0000] {dag.py:3239} INFO - Sync 2 DAGs
[2024-11-23T17:14:12.314+0000] {logging_mixin.py:190} INFO - [2024-11-23T17:14:12.314+0000] {dag.py:4180} INFO - Setting next_dagrun for example_subdag_operator.section-1 to None, run_after=None
[2024-11-23T17:14:12.318+0000] {logging_mixin.py:190} INFO - [2024-11-23T17:14:12.317+0000] {dag.py:4180} INFO - Setting next_dagrun for example_subdag_operator.section-2 to None, run_after=None
[2024-11-23T17:14:12.363+0000] {processor.py:208} INFO - Processing /home/airflow/.local/lib/python3.12/site-packages/airflow/example_dags/example_subdag_operator.py took 0.631 seconds
[2024-11-23T17:15:00.039+0000] {processor.py:186} INFO - Started process (PID=1255) to work on /home/airflow/.local/lib/python3.12/site-packages/airflow/example_dags/example_subdag_operator.py
[2024-11-23T17:15:00.046+0000] {processor.py:914} INFO - Processing file /home/airflow/.local/lib/python3.12/site-packages/airflow/example_dags/example_subdag_operator.py for tasks to queue
[2024-11-23T17:15:00.058+0000] {logging_mixin.py:190} INFO - [2024-11-23T17:15:00.057+0000] {dagbag.py:588} INFO - Filling up the DagBag from /home/airflow/.local/lib/python3.12/site-packages/airflow/example_dags/example_subdag_operator.py
[2024-11-23T17:15:00.263+0000] {processor.py:925} INFO - DAG(s) 'example_subdag_operator.section-1', 'example_subdag_operator.section-2', 'example_subdag_operator' retrieved from /home/airflow/.local/lib/python3.12/site-packages/airflow/example_dags/example_subdag_operator.py
[2024-11-23T17:15:00.357+0000] {logging_mixin.py:190} INFO - [2024-11-23T17:15:00.356+0000] {dag.py:3239} INFO - Sync 3 DAGs
[2024-11-23T17:15:00.410+0000] {logging_mixin.py:190} INFO - [2024-11-23T17:15:00.408+0000] {dag.py:4180} INFO - Setting next_dagrun for example_subdag_operator to 2022-01-01 00:00:00+00:00, run_after=2022-01-01 00:00:00+00:00
[2024-11-23T17:15:00.416+0000] {logging_mixin.py:190} INFO - [2024-11-23T17:15:00.415+0000] {dag.py:4180} INFO - Setting next_dagrun for example_subdag_operator.section-1 to None, run_after=None
[2024-11-23T17:15:00.419+0000] {logging_mixin.py:190} INFO - [2024-11-23T17:15:00.419+0000] {dag.py:4180} INFO - Setting next_dagrun for example_subdag_operator.section-2 to None, run_after=None
[2024-11-23T17:15:00.430+0000] {logging_mixin.py:190} INFO - [2024-11-23T17:15:00.429+0000] {dag.py:3239} INFO - Sync 2 DAGs
[2024-11-23T17:15:00.445+0000] {logging_mixin.py:190} INFO - [2024-11-23T17:15:00.445+0000] {dag.py:4180} INFO - Setting next_dagrun for example_subdag_operator.section-1 to None, run_after=None
[2024-11-23T17:15:00.446+0000] {logging_mixin.py:190} INFO - [2024-11-23T17:15:00.446+0000] {dag.py:4180} INFO - Setting next_dagrun for example_subdag_operator.section-2 to None, run_after=None
[2024-11-23T17:15:00.503+0000] {processor.py:208} INFO - Processing /home/airflow/.local/lib/python3.12/site-packages/airflow/example_dags/example_subdag_operator.py took 0.480 seconds
[2024-11-23T17:15:30.883+0000] {processor.py:186} INFO - Started process (PID=1321) to work on /home/airflow/.local/lib/python3.12/site-packages/airflow/example_dags/example_subdag_operator.py
[2024-11-23T17:15:30.887+0000] {processor.py:914} INFO - Processing file /home/airflow/.local/lib/python3.12/site-packages/airflow/example_dags/example_subdag_operator.py for tasks to queue
[2024-11-23T17:15:30.900+0000] {logging_mixin.py:190} INFO - [2024-11-23T17:15:30.899+0000] {dagbag.py:588} INFO - Filling up the DagBag from /home/airflow/.local/lib/python3.12/site-packages/airflow/example_dags/example_subdag_operator.py
[2024-11-23T17:15:31.063+0000] {processor.py:925} INFO - DAG(s) 'example_subdag_operator.section-1', 'example_subdag_operator.section-2', 'example_subdag_operator' retrieved from /home/airflow/.local/lib/python3.12/site-packages/airflow/example_dags/example_subdag_operator.py
[2024-11-23T17:15:31.166+0000] {logging_mixin.py:190} INFO - [2024-11-23T17:15:31.165+0000] {dag.py:3239} INFO - Sync 3 DAGs
[2024-11-23T17:15:31.223+0000] {logging_mixin.py:190} INFO - [2024-11-23T17:15:31.223+0000] {dag.py:4180} INFO - Setting next_dagrun for example_subdag_operator to 2022-01-01 00:00:00+00:00, run_after=2022-01-01 00:00:00+00:00
[2024-11-23T17:15:31.230+0000] {logging_mixin.py:190} INFO - [2024-11-23T17:15:31.230+0000] {dag.py:4180} INFO - Setting next_dagrun for example_subdag_operator.section-1 to None, run_after=None
[2024-11-23T17:15:31.234+0000] {logging_mixin.py:190} INFO - [2024-11-23T17:15:31.234+0000] {dag.py:4180} INFO - Setting next_dagrun for example_subdag_operator.section-2 to None, run_after=None
[2024-11-23T17:15:31.250+0000] {logging_mixin.py:190} INFO - [2024-11-23T17:15:31.250+0000] {dag.py:3239} INFO - Sync 2 DAGs
[2024-11-23T17:15:31.259+0000] {logging_mixin.py:190} INFO - [2024-11-23T17:15:31.258+0000] {dag.py:4180} INFO - Setting next_dagrun for example_subdag_operator.section-1 to None, run_after=None
[2024-11-23T17:15:31.260+0000] {logging_mixin.py:190} INFO - [2024-11-23T17:15:31.260+0000] {dag.py:4180} INFO - Setting next_dagrun for example_subdag_operator.section-2 to None, run_after=None
[2024-11-23T17:15:31.300+0000] {processor.py:208} INFO - Processing /home/airflow/.local/lib/python3.12/site-packages/airflow/example_dags/example_subdag_operator.py took 0.438 seconds
[2024-11-23T17:16:09.053+0000] {processor.py:186} INFO - Started process (PID=1387) to work on /home/airflow/.local/lib/python3.12/site-packages/airflow/example_dags/example_subdag_operator.py
[2024-11-23T17:16:09.090+0000] {processor.py:914} INFO - Processing file /home/airflow/.local/lib/python3.12/site-packages/airflow/example_dags/example_subdag_operator.py for tasks to queue
[2024-11-23T17:16:09.143+0000] {logging_mixin.py:190} INFO - [2024-11-23T17:16:09.142+0000] {dagbag.py:588} INFO - Filling up the DagBag from /home/airflow/.local/lib/python3.12/site-packages/airflow/example_dags/example_subdag_operator.py
[2024-11-23T17:16:09.650+0000] {processor.py:925} INFO - DAG(s) 'example_subdag_operator.section-1', 'example_subdag_operator.section-2', 'example_subdag_operator' retrieved from /home/airflow/.local/lib/python3.12/site-packages/airflow/example_dags/example_subdag_operator.py
[2024-11-23T17:16:09.691+0000] {logging_mixin.py:190} INFO - [2024-11-23T17:16:09.691+0000] {dag.py:3239} INFO - Sync 3 DAGs
[2024-11-23T17:16:09.734+0000] {logging_mixin.py:190} INFO - [2024-11-23T17:16:09.734+0000] {dag.py:4180} INFO - Setting next_dagrun for example_subdag_operator to 2022-01-01 00:00:00+00:00, run_after=2022-01-01 00:00:00+00:00
[2024-11-23T17:16:09.743+0000] {logging_mixin.py:190} INFO - [2024-11-23T17:16:09.743+0000] {dag.py:4180} INFO - Setting next_dagrun for example_subdag_operator.section-1 to None, run_after=None
[2024-11-23T17:16:09.746+0000] {logging_mixin.py:190} INFO - [2024-11-23T17:16:09.745+0000] {dag.py:4180} INFO - Setting next_dagrun for example_subdag_operator.section-2 to None, run_after=None
[2024-11-23T17:16:09.759+0000] {logging_mixin.py:190} INFO - [2024-11-23T17:16:09.759+0000] {dag.py:3239} INFO - Sync 2 DAGs
[2024-11-23T17:16:09.768+0000] {logging_mixin.py:190} INFO - [2024-11-23T17:16:09.767+0000] {dag.py:4180} INFO - Setting next_dagrun for example_subdag_operator.section-1 to None, run_after=None
[2024-11-23T17:16:09.769+0000] {logging_mixin.py:190} INFO - [2024-11-23T17:16:09.769+0000] {dag.py:4180} INFO - Setting next_dagrun for example_subdag_operator.section-2 to None, run_after=None
[2024-11-23T17:16:09.998+0000] {processor.py:208} INFO - Processing /home/airflow/.local/lib/python3.12/site-packages/airflow/example_dags/example_subdag_operator.py took 0.953 seconds
[2024-11-23T17:16:51.535+0000] {processor.py:186} INFO - Started process (PID=1456) to work on /home/airflow/.local/lib/python3.12/site-packages/airflow/example_dags/example_subdag_operator.py
[2024-11-23T17:16:51.538+0000] {processor.py:914} INFO - Processing file /home/airflow/.local/lib/python3.12/site-packages/airflow/example_dags/example_subdag_operator.py for tasks to queue
[2024-11-23T17:16:51.553+0000] {logging_mixin.py:190} INFO - [2024-11-23T17:16:51.552+0000] {dagbag.py:588} INFO - Filling up the DagBag from /home/airflow/.local/lib/python3.12/site-packages/airflow/example_dags/example_subdag_operator.py
[2024-11-23T17:16:51.679+0000] {processor.py:925} INFO - DAG(s) 'example_subdag_operator.section-1', 'example_subdag_operator.section-2', 'example_subdag_operator' retrieved from /home/airflow/.local/lib/python3.12/site-packages/airflow/example_dags/example_subdag_operator.py
[2024-11-23T17:16:51.767+0000] {logging_mixin.py:190} INFO - [2024-11-23T17:16:51.766+0000] {dag.py:3239} INFO - Sync 3 DAGs
[2024-11-23T17:16:51.872+0000] {logging_mixin.py:190} INFO - [2024-11-23T17:16:51.871+0000] {dag.py:4180} INFO - Setting next_dagrun for example_subdag_operator to 2022-01-01 00:00:00+00:00, run_after=2022-01-01 00:00:00+00:00
[2024-11-23T17:16:51.890+0000] {logging_mixin.py:190} INFO - [2024-11-23T17:16:51.889+0000] {dag.py:4180} INFO - Setting next_dagrun for example_subdag_operator.section-1 to None, run_after=None
[2024-11-23T17:16:51.895+0000] {logging_mixin.py:190} INFO - [2024-11-23T17:16:51.895+0000] {dag.py:4180} INFO - Setting next_dagrun for example_subdag_operator.section-2 to None, run_after=None
[2024-11-23T17:16:51.925+0000] {logging_mixin.py:190} INFO - [2024-11-23T17:16:51.924+0000] {dag.py:3239} INFO - Sync 2 DAGs
[2024-11-23T17:16:51.951+0000] {logging_mixin.py:190} INFO - [2024-11-23T17:16:51.950+0000] {dag.py:4180} INFO - Setting next_dagrun for example_subdag_operator.section-1 to None, run_after=None
[2024-11-23T17:16:51.955+0000] {logging_mixin.py:190} INFO - [2024-11-23T17:16:51.953+0000] {dag.py:4180} INFO - Setting next_dagrun for example_subdag_operator.section-2 to None, run_after=None
[2024-11-23T17:16:52.006+0000] {processor.py:208} INFO - Processing /home/airflow/.local/lib/python3.12/site-packages/airflow/example_dags/example_subdag_operator.py took 0.495 seconds
[2024-11-23T17:17:24.167+0000] {processor.py:186} INFO - Started process (PID=1521) to work on /home/airflow/.local/lib/python3.12/site-packages/airflow/example_dags/example_subdag_operator.py
[2024-11-23T17:17:24.173+0000] {processor.py:914} INFO - Processing file /home/airflow/.local/lib/python3.12/site-packages/airflow/example_dags/example_subdag_operator.py for tasks to queue
[2024-11-23T17:17:24.186+0000] {logging_mixin.py:190} INFO - [2024-11-23T17:17:24.185+0000] {dagbag.py:588} INFO - Filling up the DagBag from /home/airflow/.local/lib/python3.12/site-packages/airflow/example_dags/example_subdag_operator.py
[2024-11-23T17:17:24.330+0000] {processor.py:925} INFO - DAG(s) 'example_subdag_operator.section-1', 'example_subdag_operator.section-2', 'example_subdag_operator' retrieved from /home/airflow/.local/lib/python3.12/site-packages/airflow/example_dags/example_subdag_operator.py
[2024-11-23T17:17:24.406+0000] {logging_mixin.py:190} INFO - [2024-11-23T17:17:24.406+0000] {dag.py:3239} INFO - Sync 3 DAGs
[2024-11-23T17:17:24.540+0000] {logging_mixin.py:190} INFO - [2024-11-23T17:17:24.540+0000] {dag.py:4180} INFO - Setting next_dagrun for example_subdag_operator to 2022-01-01 00:00:00+00:00, run_after=2022-01-01 00:00:00+00:00
[2024-11-23T17:17:24.560+0000] {logging_mixin.py:190} INFO - [2024-11-23T17:17:24.560+0000] {dag.py:4180} INFO - Setting next_dagrun for example_subdag_operator.section-1 to None, run_after=None
[2024-11-23T17:17:24.576+0000] {logging_mixin.py:190} INFO - [2024-11-23T17:17:24.575+0000] {dag.py:4180} INFO - Setting next_dagrun for example_subdag_operator.section-2 to None, run_after=None
[2024-11-23T17:17:24.617+0000] {logging_mixin.py:190} INFO - [2024-11-23T17:17:24.616+0000] {dag.py:3239} INFO - Sync 2 DAGs
[2024-11-23T17:17:24.659+0000] {logging_mixin.py:190} INFO - [2024-11-23T17:17:24.659+0000] {dag.py:4180} INFO - Setting next_dagrun for example_subdag_operator.section-1 to None, run_after=None
[2024-11-23T17:17:24.661+0000] {logging_mixin.py:190} INFO - [2024-11-23T17:17:24.660+0000] {dag.py:4180} INFO - Setting next_dagrun for example_subdag_operator.section-2 to None, run_after=None
[2024-11-23T17:17:24.714+0000] {processor.py:208} INFO - Processing /home/airflow/.local/lib/python3.12/site-packages/airflow/example_dags/example_subdag_operator.py took 0.589 seconds
[2024-11-23T17:18:01.271+0000] {processor.py:186} INFO - Started process (PID=1593) to work on /home/airflow/.local/lib/python3.12/site-packages/airflow/example_dags/example_subdag_operator.py
[2024-11-23T17:18:01.347+0000] {processor.py:914} INFO - Processing file /home/airflow/.local/lib/python3.12/site-packages/airflow/example_dags/example_subdag_operator.py for tasks to queue
[2024-11-23T17:18:01.388+0000] {logging_mixin.py:190} INFO - [2024-11-23T17:18:01.388+0000] {dagbag.py:588} INFO - Filling up the DagBag from /home/airflow/.local/lib/python3.12/site-packages/airflow/example_dags/example_subdag_operator.py
[2024-11-23T17:18:01.637+0000] {processor.py:925} INFO - DAG(s) 'example_subdag_operator.section-1', 'example_subdag_operator.section-2', 'example_subdag_operator' retrieved from /home/airflow/.local/lib/python3.12/site-packages/airflow/example_dags/example_subdag_operator.py
[2024-11-23T17:18:01.687+0000] {logging_mixin.py:190} INFO - [2024-11-23T17:18:01.687+0000] {dag.py:3239} INFO - Sync 3 DAGs
[2024-11-23T17:18:01.771+0000] {logging_mixin.py:190} INFO - [2024-11-23T17:18:01.771+0000] {dag.py:4180} INFO - Setting next_dagrun for example_subdag_operator to 2022-01-01 00:00:00+00:00, run_after=2022-01-01 00:00:00+00:00
[2024-11-23T17:18:01.809+0000] {logging_mixin.py:190} INFO - [2024-11-23T17:18:01.809+0000] {dag.py:4180} INFO - Setting next_dagrun for example_subdag_operator.section-1 to None, run_after=None
[2024-11-23T17:18:01.859+0000] {logging_mixin.py:190} INFO - [2024-11-23T17:18:01.859+0000] {dag.py:4180} INFO - Setting next_dagrun for example_subdag_operator.section-2 to None, run_after=None
[2024-11-23T17:18:01.931+0000] {logging_mixin.py:190} INFO - [2024-11-23T17:18:01.930+0000] {dag.py:3239} INFO - Sync 2 DAGs
[2024-11-23T17:18:01.977+0000] {logging_mixin.py:190} INFO - [2024-11-23T17:18:01.967+0000] {dag.py:4180} INFO - Setting next_dagrun for example_subdag_operator.section-1 to None, run_after=None
[2024-11-23T17:18:01.985+0000] {logging_mixin.py:190} INFO - [2024-11-23T17:18:01.985+0000] {dag.py:4180} INFO - Setting next_dagrun for example_subdag_operator.section-2 to None, run_after=None
[2024-11-23T17:18:02.052+0000] {processor.py:208} INFO - Processing /home/airflow/.local/lib/python3.12/site-packages/airflow/example_dags/example_subdag_operator.py took 0.792 seconds
[2024-11-23T17:18:35.950+0000] {processor.py:186} INFO - Started process (PID=1660) to work on /home/airflow/.local/lib/python3.12/site-packages/airflow/example_dags/example_subdag_operator.py
[2024-11-23T17:18:35.958+0000] {processor.py:914} INFO - Processing file /home/airflow/.local/lib/python3.12/site-packages/airflow/example_dags/example_subdag_operator.py for tasks to queue
[2024-11-23T17:18:35.983+0000] {logging_mixin.py:190} INFO - [2024-11-23T17:18:35.982+0000] {dagbag.py:588} INFO - Filling up the DagBag from /home/airflow/.local/lib/python3.12/site-packages/airflow/example_dags/example_subdag_operator.py
[2024-11-23T17:18:36.221+0000] {processor.py:925} INFO - DAG(s) 'example_subdag_operator.section-1', 'example_subdag_operator.section-2', 'example_subdag_operator' retrieved from /home/airflow/.local/lib/python3.12/site-packages/airflow/example_dags/example_subdag_operator.py
[2024-11-23T17:18:36.368+0000] {logging_mixin.py:190} INFO - [2024-11-23T17:18:36.368+0000] {dag.py:3239} INFO - Sync 3 DAGs
[2024-11-23T17:18:36.612+0000] {logging_mixin.py:190} INFO - [2024-11-23T17:18:36.611+0000] {dag.py:4180} INFO - Setting next_dagrun for example_subdag_operator to 2022-01-01 00:00:00+00:00, run_after=2022-01-01 00:00:00+00:00
[2024-11-23T17:18:36.639+0000] {logging_mixin.py:190} INFO - [2024-11-23T17:18:36.638+0000] {dag.py:4180} INFO - Setting next_dagrun for example_subdag_operator.section-1 to None, run_after=None
[2024-11-23T17:18:36.645+0000] {logging_mixin.py:190} INFO - [2024-11-23T17:18:36.645+0000] {dag.py:4180} INFO - Setting next_dagrun for example_subdag_operator.section-2 to None, run_after=None
[2024-11-23T17:18:36.719+0000] {logging_mixin.py:190} INFO - [2024-11-23T17:18:36.718+0000] {dag.py:3239} INFO - Sync 2 DAGs
[2024-11-23T17:18:36.792+0000] {logging_mixin.py:190} INFO - [2024-11-23T17:18:36.791+0000] {dag.py:4180} INFO - Setting next_dagrun for example_subdag_operator.section-1 to None, run_after=None
[2024-11-23T17:18:36.811+0000] {logging_mixin.py:190} INFO - [2024-11-23T17:18:36.810+0000] {dag.py:4180} INFO - Setting next_dagrun for example_subdag_operator.section-2 to None, run_after=None
[2024-11-23T17:18:36.917+0000] {processor.py:208} INFO - Processing /home/airflow/.local/lib/python3.12/site-packages/airflow/example_dags/example_subdag_operator.py took 1.003 seconds
[2024-11-23T17:19:12.262+0000] {processor.py:186} INFO - Started process (PID=1730) to work on /home/airflow/.local/lib/python3.12/site-packages/airflow/example_dags/example_subdag_operator.py
[2024-11-23T17:19:12.339+0000] {processor.py:914} INFO - Processing file /home/airflow/.local/lib/python3.12/site-packages/airflow/example_dags/example_subdag_operator.py for tasks to queue
[2024-11-23T17:19:12.448+0000] {logging_mixin.py:190} INFO - [2024-11-23T17:19:12.442+0000] {dagbag.py:588} INFO - Filling up the DagBag from /home/airflow/.local/lib/python3.12/site-packages/airflow/example_dags/example_subdag_operator.py
[2024-11-23T17:19:13.075+0000] {processor.py:925} INFO - DAG(s) 'example_subdag_operator.section-1', 'example_subdag_operator.section-2', 'example_subdag_operator' retrieved from /home/airflow/.local/lib/python3.12/site-packages/airflow/example_dags/example_subdag_operator.py
[2024-11-23T17:19:13.195+0000] {logging_mixin.py:190} INFO - [2024-11-23T17:19:13.194+0000] {dag.py:3239} INFO - Sync 3 DAGs
[2024-11-23T17:19:13.694+0000] {logging_mixin.py:190} INFO - [2024-11-23T17:19:13.692+0000] {dag.py:4180} INFO - Setting next_dagrun for example_subdag_operator to 2022-01-01 00:00:00+00:00, run_after=2022-01-01 00:00:00+00:00
[2024-11-23T17:19:13.746+0000] {logging_mixin.py:190} INFO - [2024-11-23T17:19:13.745+0000] {dag.py:4180} INFO - Setting next_dagrun for example_subdag_operator.section-1 to None, run_after=None
[2024-11-23T17:19:13.759+0000] {logging_mixin.py:190} INFO - [2024-11-23T17:19:13.759+0000] {dag.py:4180} INFO - Setting next_dagrun for example_subdag_operator.section-2 to None, run_after=None
[2024-11-23T17:19:13.803+0000] {logging_mixin.py:190} INFO - [2024-11-23T17:19:13.802+0000] {dag.py:3239} INFO - Sync 2 DAGs
[2024-11-23T17:19:13.827+0000] {logging_mixin.py:190} INFO - [2024-11-23T17:19:13.826+0000] {dag.py:4180} INFO - Setting next_dagrun for example_subdag_operator.section-1 to None, run_after=None
[2024-11-23T17:19:13.833+0000] {logging_mixin.py:190} INFO - [2024-11-23T17:19:13.832+0000] {dag.py:4180} INFO - Setting next_dagrun for example_subdag_operator.section-2 to None, run_after=None
[2024-11-23T17:19:13.920+0000] {processor.py:208} INFO - Processing /home/airflow/.local/lib/python3.12/site-packages/airflow/example_dags/example_subdag_operator.py took 1.879 seconds
[2024-11-23T17:21:54.524+0000] {processor.py:186} INFO - Started process (PID=1829) to work on /home/airflow/.local/lib/python3.12/site-packages/airflow/example_dags/example_subdag_operator.py
[2024-11-23T17:21:54.813+0000] {processor.py:914} INFO - Processing file /home/airflow/.local/lib/python3.12/site-packages/airflow/example_dags/example_subdag_operator.py for tasks to queue
[2024-11-23T17:21:54.847+0000] {logging_mixin.py:190} INFO - [2024-11-23T17:21:54.843+0000] {dagbag.py:588} INFO - Filling up the DagBag from /home/airflow/.local/lib/python3.12/site-packages/airflow/example_dags/example_subdag_operator.py
[2024-11-23T17:21:55.743+0000] {processor.py:925} INFO - DAG(s) 'example_subdag_operator.section-1', 'example_subdag_operator.section-2', 'example_subdag_operator' retrieved from /home/airflow/.local/lib/python3.12/site-packages/airflow/example_dags/example_subdag_operator.py
[2024-11-23T17:21:56.108+0000] {logging_mixin.py:190} INFO - [2024-11-23T17:21:56.092+0000] {dag.py:3239} INFO - Sync 3 DAGs
[2024-11-23T17:21:57.841+0000] {logging_mixin.py:190} INFO - [2024-11-23T17:21:57.819+0000] {dag.py:4180} INFO - Setting next_dagrun for example_subdag_operator to 2022-01-01 00:00:00+00:00, run_after=2022-01-01 00:00:00+00:00
[2024-11-23T17:21:57.928+0000] {logging_mixin.py:190} INFO - [2024-11-23T17:21:57.927+0000] {dag.py:4180} INFO - Setting next_dagrun for example_subdag_operator.section-1 to None, run_after=None
[2024-11-23T17:21:57.947+0000] {logging_mixin.py:190} INFO - [2024-11-23T17:21:57.933+0000] {dag.py:4180} INFO - Setting next_dagrun for example_subdag_operator.section-2 to None, run_after=None
[2024-11-23T17:21:58.322+0000] {logging_mixin.py:190} INFO - [2024-11-23T17:21:58.321+0000] {dag.py:3239} INFO - Sync 2 DAGs
[2024-11-23T17:21:58.143+0000] {logging_mixin.py:190} INFO - [2024-11-23T17:21:58.142+0000] {dag.py:4180} INFO - Setting next_dagrun for example_subdag_operator.section-1 to None, run_after=None
[2024-11-23T17:21:58.148+0000] {logging_mixin.py:190} INFO - [2024-11-23T17:21:58.147+0000] {dag.py:4180} INFO - Setting next_dagrun for example_subdag_operator.section-2 to None, run_after=None
[2024-11-23T17:21:58.257+0000] {processor.py:208} INFO - Processing /home/airflow/.local/lib/python3.12/site-packages/airflow/example_dags/example_subdag_operator.py took 4.169 seconds
[2024-11-23T17:23:34.326+0000] {processor.py:186} INFO - Started process (PID=1927) to work on /home/airflow/.local/lib/python3.12/site-packages/airflow/example_dags/example_subdag_operator.py
[2024-11-23T17:23:34.338+0000] {processor.py:914} INFO - Processing file /home/airflow/.local/lib/python3.12/site-packages/airflow/example_dags/example_subdag_operator.py for tasks to queue
[2024-11-23T17:23:34.342+0000] {logging_mixin.py:190} INFO - [2024-11-23T17:23:34.341+0000] {dagbag.py:588} INFO - Filling up the DagBag from /home/airflow/.local/lib/python3.12/site-packages/airflow/example_dags/example_subdag_operator.py
[2024-11-23T17:23:34.443+0000] {processor.py:925} INFO - DAG(s) 'example_subdag_operator.section-1', 'example_subdag_operator.section-2', 'example_subdag_operator' retrieved from /home/airflow/.local/lib/python3.12/site-packages/airflow/example_dags/example_subdag_operator.py
[2024-11-23T17:23:34.517+0000] {logging_mixin.py:190} INFO - [2024-11-23T17:23:34.516+0000] {dag.py:3239} INFO - Sync 3 DAGs
[2024-11-23T17:23:34.655+0000] {logging_mixin.py:190} INFO - [2024-11-23T17:23:34.655+0000] {dag.py:4180} INFO - Setting next_dagrun for example_subdag_operator to 2022-01-01 00:00:00+00:00, run_after=2022-01-01 00:00:00+00:00
[2024-11-23T17:23:34.673+0000] {logging_mixin.py:190} INFO - [2024-11-23T17:23:34.673+0000] {dag.py:4180} INFO - Setting next_dagrun for example_subdag_operator.section-1 to None, run_after=None
[2024-11-23T17:23:34.692+0000] {logging_mixin.py:190} INFO - [2024-11-23T17:23:34.688+0000] {dag.py:4180} INFO - Setting next_dagrun for example_subdag_operator.section-2 to None, run_after=None
[2024-11-23T17:23:34.714+0000] {logging_mixin.py:190} INFO - [2024-11-23T17:23:34.713+0000] {dag.py:3239} INFO - Sync 2 DAGs
[2024-11-23T17:23:34.731+0000] {logging_mixin.py:190} INFO - [2024-11-23T17:23:34.730+0000] {dag.py:4180} INFO - Setting next_dagrun for example_subdag_operator.section-1 to None, run_after=None
[2024-11-23T17:23:34.739+0000] {logging_mixin.py:190} INFO - [2024-11-23T17:23:34.738+0000] {dag.py:4180} INFO - Setting next_dagrun for example_subdag_operator.section-2 to None, run_after=None
[2024-11-23T17:23:34.787+0000] {processor.py:208} INFO - Processing /home/airflow/.local/lib/python3.12/site-packages/airflow/example_dags/example_subdag_operator.py took 0.485 seconds
[2024-11-23T17:25:24.373+0000] {processor.py:186} INFO - Started process (PID=2006) to work on /home/airflow/.local/lib/python3.12/site-packages/airflow/example_dags/example_subdag_operator.py
[2024-11-23T17:25:24.377+0000] {processor.py:914} INFO - Processing file /home/airflow/.local/lib/python3.12/site-packages/airflow/example_dags/example_subdag_operator.py for tasks to queue
[2024-11-23T17:25:24.389+0000] {logging_mixin.py:190} INFO - [2024-11-23T17:25:24.389+0000] {dagbag.py:588} INFO - Filling up the DagBag from /home/airflow/.local/lib/python3.12/site-packages/airflow/example_dags/example_subdag_operator.py
[2024-11-23T17:25:24.605+0000] {processor.py:925} INFO - DAG(s) 'example_subdag_operator.section-1', 'example_subdag_operator.section-2', 'example_subdag_operator' retrieved from /home/airflow/.local/lib/python3.12/site-packages/airflow/example_dags/example_subdag_operator.py
[2024-11-23T17:25:24.670+0000] {logging_mixin.py:190} INFO - [2024-11-23T17:25:24.670+0000] {dag.py:3239} INFO - Sync 3 DAGs
[2024-11-23T17:25:24.776+0000] {logging_mixin.py:190} INFO - [2024-11-23T17:25:24.775+0000] {dag.py:4180} INFO - Setting next_dagrun for example_subdag_operator to 2022-01-01 00:00:00+00:00, run_after=2022-01-01 00:00:00+00:00
[2024-11-23T17:25:24.785+0000] {logging_mixin.py:190} INFO - [2024-11-23T17:25:24.784+0000] {dag.py:4180} INFO - Setting next_dagrun for example_subdag_operator.section-1 to None, run_after=None
[2024-11-23T17:25:24.787+0000] {logging_mixin.py:190} INFO - [2024-11-23T17:25:24.787+0000] {dag.py:4180} INFO - Setting next_dagrun for example_subdag_operator.section-2 to None, run_after=None
[2024-11-23T17:25:24.799+0000] {logging_mixin.py:190} INFO - [2024-11-23T17:25:24.799+0000] {dag.py:3239} INFO - Sync 2 DAGs
[2024-11-23T17:25:25.112+0000] {logging_mixin.py:190} INFO - [2024-11-23T17:25:25.111+0000] {dag.py:4180} INFO - Setting next_dagrun for example_subdag_operator.section-1 to None, run_after=None
[2024-11-23T17:25:25.113+0000] {logging_mixin.py:190} INFO - [2024-11-23T17:25:25.113+0000] {dag.py:4180} INFO - Setting next_dagrun for example_subdag_operator.section-2 to None, run_after=None
[2024-11-23T17:25:26.774+0000] {processor.py:208} INFO - Processing /home/airflow/.local/lib/python3.12/site-packages/airflow/example_dags/example_subdag_operator.py took 2.422 seconds
[2024-11-23T17:26:24.275+0000] {processor.py:186} INFO - Started process (PID=2078) to work on /home/airflow/.local/lib/python3.12/site-packages/airflow/example_dags/example_subdag_operator.py
[2024-11-23T17:26:24.283+0000] {processor.py:914} INFO - Processing file /home/airflow/.local/lib/python3.12/site-packages/airflow/example_dags/example_subdag_operator.py for tasks to queue
[2024-11-23T17:26:24.289+0000] {logging_mixin.py:190} INFO - [2024-11-23T17:26:24.288+0000] {dagbag.py:588} INFO - Filling up the DagBag from /home/airflow/.local/lib/python3.12/site-packages/airflow/example_dags/example_subdag_operator.py
[2024-11-23T17:26:24.434+0000] {processor.py:925} INFO - DAG(s) 'example_subdag_operator.section-1', 'example_subdag_operator.section-2', 'example_subdag_operator' retrieved from /home/airflow/.local/lib/python3.12/site-packages/airflow/example_dags/example_subdag_operator.py
[2024-11-23T17:26:24.514+0000] {logging_mixin.py:190} INFO - [2024-11-23T17:26:24.514+0000] {dag.py:3239} INFO - Sync 3 DAGs
[2024-11-23T17:26:24.648+0000] {logging_mixin.py:190} INFO - [2024-11-23T17:26:24.647+0000] {dag.py:4180} INFO - Setting next_dagrun for example_subdag_operator to 2022-01-01 00:00:00+00:00, run_after=2022-01-01 00:00:00+00:00
[2024-11-23T17:26:24.663+0000] {logging_mixin.py:190} INFO - [2024-11-23T17:26:24.663+0000] {dag.py:4180} INFO - Setting next_dagrun for example_subdag_operator.section-1 to None, run_after=None
[2024-11-23T17:26:24.668+0000] {logging_mixin.py:190} INFO - [2024-11-23T17:26:24.667+0000] {dag.py:4180} INFO - Setting next_dagrun for example_subdag_operator.section-2 to None, run_after=None
[2024-11-23T17:26:24.708+0000] {logging_mixin.py:190} INFO - [2024-11-23T17:26:24.708+0000] {dag.py:3239} INFO - Sync 2 DAGs
[2024-11-23T17:26:24.738+0000] {logging_mixin.py:190} INFO - [2024-11-23T17:26:24.737+0000] {dag.py:4180} INFO - Setting next_dagrun for example_subdag_operator.section-1 to None, run_after=None
[2024-11-23T17:26:24.739+0000] {logging_mixin.py:190} INFO - [2024-11-23T17:26:24.739+0000] {dag.py:4180} INFO - Setting next_dagrun for example_subdag_operator.section-2 to None, run_after=None
[2024-11-23T17:26:24.800+0000] {processor.py:208} INFO - Processing /home/airflow/.local/lib/python3.12/site-packages/airflow/example_dags/example_subdag_operator.py took 0.581 seconds
[2024-11-23T17:27:01.778+0000] {processor.py:186} INFO - Started process (PID=2141) to work on /home/airflow/.local/lib/python3.12/site-packages/airflow/example_dags/example_subdag_operator.py
[2024-11-23T17:27:01.786+0000] {processor.py:914} INFO - Processing file /home/airflow/.local/lib/python3.12/site-packages/airflow/example_dags/example_subdag_operator.py for tasks to queue
[2024-11-23T17:27:01.791+0000] {logging_mixin.py:190} INFO - [2024-11-23T17:27:01.790+0000] {dagbag.py:588} INFO - Filling up the DagBag from /home/airflow/.local/lib/python3.12/site-packages/airflow/example_dags/example_subdag_operator.py
[2024-11-23T17:27:01.859+0000] {processor.py:925} INFO - DAG(s) 'example_subdag_operator.section-1', 'example_subdag_operator.section-2', 'example_subdag_operator' retrieved from /home/airflow/.local/lib/python3.12/site-packages/airflow/example_dags/example_subdag_operator.py
[2024-11-23T17:27:01.903+0000] {logging_mixin.py:190} INFO - [2024-11-23T17:27:01.903+0000] {dag.py:3239} INFO - Sync 3 DAGs
[2024-11-23T17:27:02.018+0000] {logging_mixin.py:190} INFO - [2024-11-23T17:27:02.017+0000] {dag.py:4180} INFO - Setting next_dagrun for example_subdag_operator to 2022-01-01 00:00:00+00:00, run_after=2022-01-01 00:00:00+00:00
[2024-11-23T17:27:02.029+0000] {logging_mixin.py:190} INFO - [2024-11-23T17:27:02.028+0000] {dag.py:4180} INFO - Setting next_dagrun for example_subdag_operator.section-1 to None, run_after=None
[2024-11-23T17:27:02.041+0000] {logging_mixin.py:190} INFO - [2024-11-23T17:27:02.040+0000] {dag.py:4180} INFO - Setting next_dagrun for example_subdag_operator.section-2 to None, run_after=None
[2024-11-23T17:27:02.064+0000] {logging_mixin.py:190} INFO - [2024-11-23T17:27:02.064+0000] {dag.py:3239} INFO - Sync 2 DAGs
[2024-11-23T17:27:02.085+0000] {logging_mixin.py:190} INFO - [2024-11-23T17:27:02.085+0000] {dag.py:4180} INFO - Setting next_dagrun for example_subdag_operator.section-1 to None, run_after=None
[2024-11-23T17:27:02.087+0000] {logging_mixin.py:190} INFO - [2024-11-23T17:27:02.086+0000] {dag.py:4180} INFO - Setting next_dagrun for example_subdag_operator.section-2 to None, run_after=None
[2024-11-23T17:27:02.133+0000] {processor.py:208} INFO - Processing /home/airflow/.local/lib/python3.12/site-packages/airflow/example_dags/example_subdag_operator.py took 0.370 seconds
