[2024-11-23T16:34:28.803+0000] {processor.py:186} INFO - Started process (PID=203) to work on /home/airflow/.local/lib/python3.12/site-packages/airflow/example_dags/example_bash_decorator.py
[2024-11-23T16:34:28.806+0000] {processor.py:914} INFO - Processing file /home/airflow/.local/lib/python3.12/site-packages/airflow/example_dags/example_bash_decorator.py for tasks to queue
[2024-11-23T16:34:28.829+0000] {logging_mixin.py:190} INFO - [2024-11-23T16:34:28.824+0000] {dagbag.py:588} INFO - Filling up the DagBag from /home/airflow/.local/lib/python3.12/site-packages/airflow/example_dags/example_bash_decorator.py
[2024-11-23T16:34:28.989+0000] {processor.py:925} INFO - DAG(s) 'example_bash_decorator' retrieved from /home/airflow/.local/lib/python3.12/site-packages/airflow/example_dags/example_bash_decorator.py
[2024-11-23T16:34:30.067+0000] {logging_mixin.py:190} INFO - [2024-11-23T16:34:30.066+0000] {dag.py:3239} INFO - Sync 1 DAGs
[2024-11-23T16:34:30.176+0000] {logging_mixin.py:190} INFO - [2024-11-23T16:34:30.174+0000] {dag.py:4180} INFO - Setting next_dagrun for example_bash_decorator to None, run_after=None
[2024-11-23T16:34:30.363+0000] {processor.py:208} INFO - Processing /home/airflow/.local/lib/python3.12/site-packages/airflow/example_dags/example_bash_decorator.py took 1.586 seconds
[2024-11-23T16:40:19.935+0000] {processor.py:186} INFO - Started process (PID=159) to work on /home/airflow/.local/lib/python3.12/site-packages/airflow/example_dags/example_bash_decorator.py
[2024-11-23T16:40:19.939+0000] {processor.py:914} INFO - Processing file /home/airflow/.local/lib/python3.12/site-packages/airflow/example_dags/example_bash_decorator.py for tasks to queue
[2024-11-23T16:40:19.947+0000] {logging_mixin.py:190} INFO - [2024-11-23T16:40:19.946+0000] {dagbag.py:588} INFO - Filling up the DagBag from /home/airflow/.local/lib/python3.12/site-packages/airflow/example_dags/example_bash_decorator.py
[2024-11-23T16:40:20.014+0000] {processor.py:925} INFO - DAG(s) 'example_bash_decorator' retrieved from /home/airflow/.local/lib/python3.12/site-packages/airflow/example_dags/example_bash_decorator.py
[2024-11-23T16:40:20.662+0000] {logging_mixin.py:190} INFO - [2024-11-23T16:40:20.661+0000] {dag.py:3239} INFO - Sync 1 DAGs
[2024-11-23T16:40:20.715+0000] {logging_mixin.py:190} INFO - [2024-11-23T16:40:20.715+0000] {dag.py:4180} INFO - Setting next_dagrun for example_bash_decorator to None, run_after=None
[2024-11-23T16:40:20.823+0000] {processor.py:208} INFO - Processing /home/airflow/.local/lib/python3.12/site-packages/airflow/example_dags/example_bash_decorator.py took 0.912 seconds
[2024-11-23T16:41:06.446+0000] {processor.py:186} INFO - Started process (PID=233) to work on /home/airflow/.local/lib/python3.12/site-packages/airflow/example_dags/example_bash_decorator.py
[2024-11-23T16:41:06.449+0000] {processor.py:914} INFO - Processing file /home/airflow/.local/lib/python3.12/site-packages/airflow/example_dags/example_bash_decorator.py for tasks to queue
[2024-11-23T16:41:06.455+0000] {logging_mixin.py:190} INFO - [2024-11-23T16:41:06.455+0000] {dagbag.py:588} INFO - Filling up the DagBag from /home/airflow/.local/lib/python3.12/site-packages/airflow/example_dags/example_bash_decorator.py
[2024-11-23T16:41:06.553+0000] {processor.py:925} INFO - DAG(s) 'example_bash_decorator' retrieved from /home/airflow/.local/lib/python3.12/site-packages/airflow/example_dags/example_bash_decorator.py
[2024-11-23T16:41:06.709+0000] {logging_mixin.py:190} INFO - [2024-11-23T16:41:06.708+0000] {dag.py:3239} INFO - Sync 1 DAGs
[2024-11-23T16:41:06.792+0000] {logging_mixin.py:190} INFO - [2024-11-23T16:41:06.791+0000] {dag.py:4180} INFO - Setting next_dagrun for example_bash_decorator to None, run_after=None
[2024-11-23T16:41:06.896+0000] {processor.py:208} INFO - Processing /home/airflow/.local/lib/python3.12/site-packages/airflow/example_dags/example_bash_decorator.py took 0.471 seconds
[2024-11-23T16:41:37.103+0000] {processor.py:186} INFO - Started process (PID=299) to work on /home/airflow/.local/lib/python3.12/site-packages/airflow/example_dags/example_bash_decorator.py
[2024-11-23T16:41:37.105+0000] {processor.py:914} INFO - Processing file /home/airflow/.local/lib/python3.12/site-packages/airflow/example_dags/example_bash_decorator.py for tasks to queue
[2024-11-23T16:41:37.110+0000] {logging_mixin.py:190} INFO - [2024-11-23T16:41:37.109+0000] {dagbag.py:588} INFO - Filling up the DagBag from /home/airflow/.local/lib/python3.12/site-packages/airflow/example_dags/example_bash_decorator.py
[2024-11-23T16:41:37.136+0000] {processor.py:925} INFO - DAG(s) 'example_bash_decorator' retrieved from /home/airflow/.local/lib/python3.12/site-packages/airflow/example_dags/example_bash_decorator.py
[2024-11-23T16:41:37.179+0000] {logging_mixin.py:190} INFO - [2024-11-23T16:41:37.179+0000] {dag.py:3239} INFO - Sync 1 DAGs
[2024-11-23T16:41:37.209+0000] {logging_mixin.py:190} INFO - [2024-11-23T16:41:37.208+0000] {dag.py:4180} INFO - Setting next_dagrun for example_bash_decorator to None, run_after=None
[2024-11-23T16:41:37.330+0000] {processor.py:208} INFO - Processing /home/airflow/.local/lib/python3.12/site-packages/airflow/example_dags/example_bash_decorator.py took 0.235 seconds
[2024-11-23T16:42:09.386+0000] {processor.py:186} INFO - Started process (PID=365) to work on /home/airflow/.local/lib/python3.12/site-packages/airflow/example_dags/example_bash_decorator.py
[2024-11-23T16:42:09.389+0000] {processor.py:914} INFO - Processing file /home/airflow/.local/lib/python3.12/site-packages/airflow/example_dags/example_bash_decorator.py for tasks to queue
[2024-11-23T16:42:09.405+0000] {logging_mixin.py:190} INFO - [2024-11-23T16:42:09.402+0000] {dagbag.py:588} INFO - Filling up the DagBag from /home/airflow/.local/lib/python3.12/site-packages/airflow/example_dags/example_bash_decorator.py
[2024-11-23T16:42:09.480+0000] {processor.py:925} INFO - DAG(s) 'example_bash_decorator' retrieved from /home/airflow/.local/lib/python3.12/site-packages/airflow/example_dags/example_bash_decorator.py
[2024-11-23T16:42:09.546+0000] {logging_mixin.py:190} INFO - [2024-11-23T16:42:09.546+0000] {dag.py:3239} INFO - Sync 1 DAGs
[2024-11-23T16:42:09.609+0000] {logging_mixin.py:190} INFO - [2024-11-23T16:42:09.608+0000] {dag.py:4180} INFO - Setting next_dagrun for example_bash_decorator to None, run_after=None
[2024-11-23T16:42:09.676+0000] {processor.py:208} INFO - Processing /home/airflow/.local/lib/python3.12/site-packages/airflow/example_dags/example_bash_decorator.py took 0.309 seconds
[2024-11-23T17:02:56.629+0000] {processor.py:186} INFO - Started process (PID=157) to work on /home/airflow/.local/lib/python3.12/site-packages/airflow/example_dags/example_bash_decorator.py
[2024-11-23T17:02:56.948+0000] {processor.py:914} INFO - Processing file /home/airflow/.local/lib/python3.12/site-packages/airflow/example_dags/example_bash_decorator.py for tasks to queue
[2024-11-23T17:02:57.417+0000] {logging_mixin.py:190} INFO - [2024-11-23T17:02:57.416+0000] {dagbag.py:588} INFO - Filling up the DagBag from /home/airflow/.local/lib/python3.12/site-packages/airflow/example_dags/example_bash_decorator.py
[2024-11-23T17:02:57.777+0000] {processor.py:925} INFO - DAG(s) 'example_bash_decorator' retrieved from /home/airflow/.local/lib/python3.12/site-packages/airflow/example_dags/example_bash_decorator.py
[2024-11-23T17:03:00.187+0000] {logging_mixin.py:190} INFO - [2024-11-23T17:03:00.186+0000] {dag.py:3239} INFO - Sync 1 DAGs
[2024-11-23T17:03:00.352+0000] {logging_mixin.py:190} INFO - [2024-11-23T17:03:00.351+0000] {dag.py:4180} INFO - Setting next_dagrun for example_bash_decorator to None, run_after=None
[2024-11-23T17:03:00.534+0000] {processor.py:208} INFO - Processing /home/airflow/.local/lib/python3.12/site-packages/airflow/example_dags/example_bash_decorator.py took 4.025 seconds
[2024-11-23T17:03:39.434+0000] {processor.py:186} INFO - Started process (PID=223) to work on /home/airflow/.local/lib/python3.12/site-packages/airflow/example_dags/example_bash_decorator.py
[2024-11-23T17:03:39.438+0000] {processor.py:914} INFO - Processing file /home/airflow/.local/lib/python3.12/site-packages/airflow/example_dags/example_bash_decorator.py for tasks to queue
[2024-11-23T17:03:39.444+0000] {logging_mixin.py:190} INFO - [2024-11-23T17:03:39.444+0000] {dagbag.py:588} INFO - Filling up the DagBag from /home/airflow/.local/lib/python3.12/site-packages/airflow/example_dags/example_bash_decorator.py
[2024-11-23T17:03:39.534+0000] {processor.py:925} INFO - DAG(s) 'example_bash_decorator' retrieved from /home/airflow/.local/lib/python3.12/site-packages/airflow/example_dags/example_bash_decorator.py
[2024-11-23T17:03:39.707+0000] {logging_mixin.py:190} INFO - [2024-11-23T17:03:39.707+0000] {dag.py:3239} INFO - Sync 1 DAGs
[2024-11-23T17:03:39.784+0000] {logging_mixin.py:190} INFO - [2024-11-23T17:03:39.783+0000] {dag.py:4180} INFO - Setting next_dagrun for example_bash_decorator to None, run_after=None
[2024-11-23T17:03:39.877+0000] {processor.py:208} INFO - Processing /home/airflow/.local/lib/python3.12/site-packages/airflow/example_dags/example_bash_decorator.py took 0.469 seconds
[2024-11-23T17:04:38.487+0000] {processor.py:186} INFO - Started process (PID=307) to work on /home/airflow/.local/lib/python3.12/site-packages/airflow/example_dags/example_bash_decorator.py
[2024-11-23T17:04:38.518+0000] {processor.py:914} INFO - Processing file /home/airflow/.local/lib/python3.12/site-packages/airflow/example_dags/example_bash_decorator.py for tasks to queue
[2024-11-23T17:04:38.535+0000] {logging_mixin.py:190} INFO - [2024-11-23T17:04:38.524+0000] {dagbag.py:588} INFO - Filling up the DagBag from /home/airflow/.local/lib/python3.12/site-packages/airflow/example_dags/example_bash_decorator.py
[2024-11-23T17:04:38.642+0000] {processor.py:925} INFO - DAG(s) 'example_bash_decorator' retrieved from /home/airflow/.local/lib/python3.12/site-packages/airflow/example_dags/example_bash_decorator.py
[2024-11-23T17:04:38.845+0000] {logging_mixin.py:190} INFO - [2024-11-23T17:04:38.844+0000] {dag.py:3239} INFO - Sync 1 DAGs
[2024-11-23T17:04:38.971+0000] {logging_mixin.py:190} INFO - [2024-11-23T17:04:38.971+0000] {dag.py:4180} INFO - Setting next_dagrun for example_bash_decorator to None, run_after=None
[2024-11-23T17:04:39.089+0000] {processor.py:208} INFO - Processing /home/airflow/.local/lib/python3.12/site-packages/airflow/example_dags/example_bash_decorator.py took 0.644 seconds
[2024-11-23T17:05:34.769+0000] {processor.py:186} INFO - Started process (PID=379) to work on /home/airflow/.local/lib/python3.12/site-packages/airflow/example_dags/example_bash_decorator.py
[2024-11-23T17:05:34.787+0000] {processor.py:914} INFO - Processing file /home/airflow/.local/lib/python3.12/site-packages/airflow/example_dags/example_bash_decorator.py for tasks to queue
[2024-11-23T17:05:34.795+0000] {logging_mixin.py:190} INFO - [2024-11-23T17:05:34.794+0000] {dagbag.py:588} INFO - Filling up the DagBag from /home/airflow/.local/lib/python3.12/site-packages/airflow/example_dags/example_bash_decorator.py
[2024-11-23T17:05:34.928+0000] {processor.py:925} INFO - DAG(s) 'example_bash_decorator' retrieved from /home/airflow/.local/lib/python3.12/site-packages/airflow/example_dags/example_bash_decorator.py
[2024-11-23T17:05:35.150+0000] {logging_mixin.py:190} INFO - [2024-11-23T17:05:35.141+0000] {dag.py:3239} INFO - Sync 1 DAGs
[2024-11-23T17:05:35.483+0000] {logging_mixin.py:190} INFO - [2024-11-23T17:05:35.482+0000] {dag.py:4180} INFO - Setting next_dagrun for example_bash_decorator to None, run_after=None
[2024-11-23T17:05:35.724+0000] {processor.py:208} INFO - Processing /home/airflow/.local/lib/python3.12/site-packages/airflow/example_dags/example_bash_decorator.py took 0.987 seconds
[2024-11-23T17:06:06.352+0000] {processor.py:186} INFO - Started process (PID=446) to work on /home/airflow/.local/lib/python3.12/site-packages/airflow/example_dags/example_bash_decorator.py
[2024-11-23T17:06:06.356+0000] {processor.py:914} INFO - Processing file /home/airflow/.local/lib/python3.12/site-packages/airflow/example_dags/example_bash_decorator.py for tasks to queue
[2024-11-23T17:06:06.367+0000] {logging_mixin.py:190} INFO - [2024-11-23T17:06:06.366+0000] {dagbag.py:588} INFO - Filling up the DagBag from /home/airflow/.local/lib/python3.12/site-packages/airflow/example_dags/example_bash_decorator.py
[2024-11-23T17:06:06.423+0000] {processor.py:925} INFO - DAG(s) 'example_bash_decorator' retrieved from /home/airflow/.local/lib/python3.12/site-packages/airflow/example_dags/example_bash_decorator.py
[2024-11-23T17:06:06.509+0000] {logging_mixin.py:190} INFO - [2024-11-23T17:06:06.508+0000] {dag.py:3239} INFO - Sync 1 DAGs
[2024-11-23T17:06:06.569+0000] {logging_mixin.py:190} INFO - [2024-11-23T17:06:06.565+0000] {dag.py:4180} INFO - Setting next_dagrun for example_bash_decorator to None, run_after=None
[2024-11-23T17:06:06.616+0000] {processor.py:208} INFO - Processing /home/airflow/.local/lib/python3.12/site-packages/airflow/example_dags/example_bash_decorator.py took 0.283 seconds
[2024-11-23T17:07:14.766+0000] {processor.py:186} INFO - Started process (PID=516) to work on /home/airflow/.local/lib/python3.12/site-packages/airflow/example_dags/example_bash_decorator.py
[2024-11-23T17:07:14.776+0000] {processor.py:914} INFO - Processing file /home/airflow/.local/lib/python3.12/site-packages/airflow/example_dags/example_bash_decorator.py for tasks to queue
[2024-11-23T17:07:14.796+0000] {logging_mixin.py:190} INFO - [2024-11-23T17:07:14.795+0000] {dagbag.py:588} INFO - Filling up the DagBag from /home/airflow/.local/lib/python3.12/site-packages/airflow/example_dags/example_bash_decorator.py
[2024-11-23T17:07:14.934+0000] {processor.py:925} INFO - DAG(s) 'example_bash_decorator' retrieved from /home/airflow/.local/lib/python3.12/site-packages/airflow/example_dags/example_bash_decorator.py
[2024-11-23T17:07:15.165+0000] {logging_mixin.py:190} INFO - [2024-11-23T17:07:15.164+0000] {dag.py:3239} INFO - Sync 1 DAGs
[2024-11-23T17:07:15.140+0000] {logging_mixin.py:190} INFO - [2024-11-23T17:07:15.137+0000] {dag.py:4180} INFO - Setting next_dagrun for example_bash_decorator to None, run_after=None
[2024-11-23T17:07:15.315+0000] {processor.py:208} INFO - Processing /home/airflow/.local/lib/python3.12/site-packages/airflow/example_dags/example_bash_decorator.py took 0.719 seconds
[2024-11-23T17:07:48.855+0000] {processor.py:186} INFO - Started process (PID=582) to work on /home/airflow/.local/lib/python3.12/site-packages/airflow/example_dags/example_bash_decorator.py
[2024-11-23T17:07:48.885+0000] {processor.py:914} INFO - Processing file /home/airflow/.local/lib/python3.12/site-packages/airflow/example_dags/example_bash_decorator.py for tasks to queue
[2024-11-23T17:07:48.893+0000] {logging_mixin.py:190} INFO - [2024-11-23T17:07:48.892+0000] {dagbag.py:588} INFO - Filling up the DagBag from /home/airflow/.local/lib/python3.12/site-packages/airflow/example_dags/example_bash_decorator.py
[2024-11-23T17:07:48.926+0000] {processor.py:925} INFO - DAG(s) 'example_bash_decorator' retrieved from /home/airflow/.local/lib/python3.12/site-packages/airflow/example_dags/example_bash_decorator.py
[2024-11-23T17:07:49.073+0000] {logging_mixin.py:190} INFO - [2024-11-23T17:07:49.072+0000] {dag.py:3239} INFO - Sync 1 DAGs
[2024-11-23T17:07:49.142+0000] {logging_mixin.py:190} INFO - [2024-11-23T17:07:49.141+0000] {dag.py:4180} INFO - Setting next_dagrun for example_bash_decorator to None, run_after=None
[2024-11-23T17:07:49.264+0000] {processor.py:208} INFO - Processing /home/airflow/.local/lib/python3.12/site-packages/airflow/example_dags/example_bash_decorator.py took 0.429 seconds
[2024-11-23T17:08:25.388+0000] {processor.py:186} INFO - Started process (PID=649) to work on /home/airflow/.local/lib/python3.12/site-packages/airflow/example_dags/example_bash_decorator.py
[2024-11-23T17:08:25.409+0000] {processor.py:914} INFO - Processing file /home/airflow/.local/lib/python3.12/site-packages/airflow/example_dags/example_bash_decorator.py for tasks to queue
[2024-11-23T17:08:25.428+0000] {logging_mixin.py:190} INFO - [2024-11-23T17:08:25.427+0000] {dagbag.py:588} INFO - Filling up the DagBag from /home/airflow/.local/lib/python3.12/site-packages/airflow/example_dags/example_bash_decorator.py
[2024-11-23T17:08:25.847+0000] {processor.py:925} INFO - DAG(s) 'example_bash_decorator' retrieved from /home/airflow/.local/lib/python3.12/site-packages/airflow/example_dags/example_bash_decorator.py
[2024-11-23T17:08:26.001+0000] {logging_mixin.py:190} INFO - [2024-11-23T17:08:26.000+0000] {dag.py:3239} INFO - Sync 1 DAGs
[2024-11-23T17:08:26.181+0000] {logging_mixin.py:190} INFO - [2024-11-23T17:08:26.180+0000] {dag.py:4180} INFO - Setting next_dagrun for example_bash_decorator to None, run_after=None
[2024-11-23T17:08:26.684+0000] {processor.py:208} INFO - Processing /home/airflow/.local/lib/python3.12/site-packages/airflow/example_dags/example_bash_decorator.py took 1.326 seconds
[2024-11-23T17:09:01.257+0000] {processor.py:186} INFO - Started process (PID=715) to work on /home/airflow/.local/lib/python3.12/site-packages/airflow/example_dags/example_bash_decorator.py
[2024-11-23T17:09:01.260+0000] {processor.py:914} INFO - Processing file /home/airflow/.local/lib/python3.12/site-packages/airflow/example_dags/example_bash_decorator.py for tasks to queue
[2024-11-23T17:09:01.298+0000] {logging_mixin.py:190} INFO - [2024-11-23T17:09:01.284+0000] {dagbag.py:588} INFO - Filling up the DagBag from /home/airflow/.local/lib/python3.12/site-packages/airflow/example_dags/example_bash_decorator.py
[2024-11-23T17:09:01.931+0000] {processor.py:925} INFO - DAG(s) 'example_bash_decorator' retrieved from /home/airflow/.local/lib/python3.12/site-packages/airflow/example_dags/example_bash_decorator.py
[2024-11-23T17:09:02.472+0000] {logging_mixin.py:190} INFO - [2024-11-23T17:09:02.469+0000] {dag.py:3239} INFO - Sync 1 DAGs
[2024-11-23T17:09:02.998+0000] {logging_mixin.py:190} INFO - [2024-11-23T17:09:02.998+0000] {dag.py:4180} INFO - Setting next_dagrun for example_bash_decorator to None, run_after=None
[2024-11-23T17:09:03.402+0000] {processor.py:208} INFO - Processing /home/airflow/.local/lib/python3.12/site-packages/airflow/example_dags/example_bash_decorator.py took 2.170 seconds
[2024-11-23T17:10:13.416+0000] {processor.py:186} INFO - Started process (PID=787) to work on /home/airflow/.local/lib/python3.12/site-packages/airflow/example_dags/example_bash_decorator.py
[2024-11-23T17:10:13.454+0000] {processor.py:914} INFO - Processing file /home/airflow/.local/lib/python3.12/site-packages/airflow/example_dags/example_bash_decorator.py for tasks to queue
[2024-11-23T17:10:13.493+0000] {logging_mixin.py:190} INFO - [2024-11-23T17:10:13.492+0000] {dagbag.py:588} INFO - Filling up the DagBag from /home/airflow/.local/lib/python3.12/site-packages/airflow/example_dags/example_bash_decorator.py
[2024-11-23T17:10:13.756+0000] {processor.py:925} INFO - DAG(s) 'example_bash_decorator' retrieved from /home/airflow/.local/lib/python3.12/site-packages/airflow/example_dags/example_bash_decorator.py
[2024-11-23T17:10:13.932+0000] {logging_mixin.py:190} INFO - [2024-11-23T17:10:13.932+0000] {dag.py:3239} INFO - Sync 1 DAGs
[2024-11-23T17:10:14.050+0000] {logging_mixin.py:190} INFO - [2024-11-23T17:10:14.049+0000] {dag.py:4180} INFO - Setting next_dagrun for example_bash_decorator to None, run_after=None
[2024-11-23T17:10:14.374+0000] {processor.py:208} INFO - Processing /home/airflow/.local/lib/python3.12/site-packages/airflow/example_dags/example_bash_decorator.py took 1.305 seconds
[2024-11-23T17:10:56.938+0000] {processor.py:186} INFO - Started process (PID=853) to work on /home/airflow/.local/lib/python3.12/site-packages/airflow/example_dags/example_bash_decorator.py
[2024-11-23T17:10:56.947+0000] {processor.py:914} INFO - Processing file /home/airflow/.local/lib/python3.12/site-packages/airflow/example_dags/example_bash_decorator.py for tasks to queue
[2024-11-23T17:10:56.982+0000] {logging_mixin.py:190} INFO - [2024-11-23T17:10:56.978+0000] {dagbag.py:588} INFO - Filling up the DagBag from /home/airflow/.local/lib/python3.12/site-packages/airflow/example_dags/example_bash_decorator.py
[2024-11-23T17:10:57.108+0000] {processor.py:925} INFO - DAG(s) 'example_bash_decorator' retrieved from /home/airflow/.local/lib/python3.12/site-packages/airflow/example_dags/example_bash_decorator.py
[2024-11-23T17:10:57.262+0000] {logging_mixin.py:190} INFO - [2024-11-23T17:10:57.262+0000] {dag.py:3239} INFO - Sync 1 DAGs
[2024-11-23T17:10:57.403+0000] {logging_mixin.py:190} INFO - [2024-11-23T17:10:57.403+0000] {dag.py:4180} INFO - Setting next_dagrun for example_bash_decorator to None, run_after=None
[2024-11-23T17:10:57.563+0000] {processor.py:208} INFO - Processing /home/airflow/.local/lib/python3.12/site-packages/airflow/example_dags/example_bash_decorator.py took 0.666 seconds
[2024-11-23T17:11:29.752+0000] {processor.py:186} INFO - Started process (PID=920) to work on /home/airflow/.local/lib/python3.12/site-packages/airflow/example_dags/example_bash_decorator.py
[2024-11-23T17:11:29.758+0000] {processor.py:914} INFO - Processing file /home/airflow/.local/lib/python3.12/site-packages/airflow/example_dags/example_bash_decorator.py for tasks to queue
[2024-11-23T17:11:29.767+0000] {logging_mixin.py:190} INFO - [2024-11-23T17:11:29.766+0000] {dagbag.py:588} INFO - Filling up the DagBag from /home/airflow/.local/lib/python3.12/site-packages/airflow/example_dags/example_bash_decorator.py
[2024-11-23T17:11:29.819+0000] {processor.py:925} INFO - DAG(s) 'example_bash_decorator' retrieved from /home/airflow/.local/lib/python3.12/site-packages/airflow/example_dags/example_bash_decorator.py
[2024-11-23T17:11:29.935+0000] {logging_mixin.py:190} INFO - [2024-11-23T17:11:29.934+0000] {dag.py:3239} INFO - Sync 1 DAGs
[2024-11-23T17:11:30.000+0000] {logging_mixin.py:190} INFO - [2024-11-23T17:11:30.000+0000] {dag.py:4180} INFO - Setting next_dagrun for example_bash_decorator to None, run_after=None
[2024-11-23T17:11:30.090+0000] {processor.py:208} INFO - Processing /home/airflow/.local/lib/python3.12/site-packages/airflow/example_dags/example_bash_decorator.py took 0.352 seconds
[2024-11-23T17:12:00.678+0000] {processor.py:186} INFO - Started process (PID=986) to work on /home/airflow/.local/lib/python3.12/site-packages/airflow/example_dags/example_bash_decorator.py
[2024-11-23T17:12:00.682+0000] {processor.py:914} INFO - Processing file /home/airflow/.local/lib/python3.12/site-packages/airflow/example_dags/example_bash_decorator.py for tasks to queue
[2024-11-23T17:12:00.694+0000] {logging_mixin.py:190} INFO - [2024-11-23T17:12:00.693+0000] {dagbag.py:588} INFO - Filling up the DagBag from /home/airflow/.local/lib/python3.12/site-packages/airflow/example_dags/example_bash_decorator.py
[2024-11-23T17:12:00.781+0000] {processor.py:925} INFO - DAG(s) 'example_bash_decorator' retrieved from /home/airflow/.local/lib/python3.12/site-packages/airflow/example_dags/example_bash_decorator.py
[2024-11-23T17:12:00.877+0000] {logging_mixin.py:190} INFO - [2024-11-23T17:12:00.876+0000] {dag.py:3239} INFO - Sync 1 DAGs
[2024-11-23T17:12:00.949+0000] {logging_mixin.py:190} INFO - [2024-11-23T17:12:00.948+0000] {dag.py:4180} INFO - Setting next_dagrun for example_bash_decorator to None, run_after=None
[2024-11-23T17:12:01.025+0000] {processor.py:208} INFO - Processing /home/airflow/.local/lib/python3.12/site-packages/airflow/example_dags/example_bash_decorator.py took 0.367 seconds
[2024-11-23T17:12:41.829+0000] {processor.py:186} INFO - Started process (PID=1042) to work on /home/airflow/.local/lib/python3.12/site-packages/airflow/example_dags/example_bash_decorator.py
[2024-11-23T17:12:41.834+0000] {processor.py:914} INFO - Processing file /home/airflow/.local/lib/python3.12/site-packages/airflow/example_dags/example_bash_decorator.py for tasks to queue
[2024-11-23T17:12:41.849+0000] {logging_mixin.py:190} INFO - [2024-11-23T17:12:41.848+0000] {dagbag.py:588} INFO - Filling up the DagBag from /home/airflow/.local/lib/python3.12/site-packages/airflow/example_dags/example_bash_decorator.py
[2024-11-23T17:12:41.950+0000] {processor.py:925} INFO - DAG(s) 'example_bash_decorator' retrieved from /home/airflow/.local/lib/python3.12/site-packages/airflow/example_dags/example_bash_decorator.py
[2024-11-23T17:12:42.079+0000] {logging_mixin.py:190} INFO - [2024-11-23T17:12:42.079+0000] {dag.py:3239} INFO - Sync 1 DAGs
[2024-11-23T17:12:42.190+0000] {logging_mixin.py:190} INFO - [2024-11-23T17:12:42.189+0000] {dag.py:4180} INFO - Setting next_dagrun for example_bash_decorator to None, run_after=None
[2024-11-23T17:12:42.279+0000] {processor.py:208} INFO - Processing /home/airflow/.local/lib/python3.12/site-packages/airflow/example_dags/example_bash_decorator.py took 0.485 seconds
[2024-11-23T17:13:35.505+0000] {processor.py:186} INFO - Started process (PID=1114) to work on /home/airflow/.local/lib/python3.12/site-packages/airflow/example_dags/example_bash_decorator.py
[2024-11-23T17:13:35.518+0000] {processor.py:914} INFO - Processing file /home/airflow/.local/lib/python3.12/site-packages/airflow/example_dags/example_bash_decorator.py for tasks to queue
[2024-11-23T17:13:35.525+0000] {logging_mixin.py:190} INFO - [2024-11-23T17:13:35.524+0000] {dagbag.py:588} INFO - Filling up the DagBag from /home/airflow/.local/lib/python3.12/site-packages/airflow/example_dags/example_bash_decorator.py
[2024-11-23T17:13:35.618+0000] {processor.py:925} INFO - DAG(s) 'example_bash_decorator' retrieved from /home/airflow/.local/lib/python3.12/site-packages/airflow/example_dags/example_bash_decorator.py
[2024-11-23T17:13:36.097+0000] {logging_mixin.py:190} INFO - [2024-11-23T17:13:36.096+0000] {dag.py:3239} INFO - Sync 1 DAGs
[2024-11-23T17:13:36.741+0000] {logging_mixin.py:190} INFO - [2024-11-23T17:13:36.738+0000] {dag.py:4180} INFO - Setting next_dagrun for example_bash_decorator to None, run_after=None
[2024-11-23T17:13:37.043+0000] {processor.py:208} INFO - Processing /home/airflow/.local/lib/python3.12/site-packages/airflow/example_dags/example_bash_decorator.py took 1.566 seconds
[2024-11-23T17:14:13.069+0000] {processor.py:186} INFO - Started process (PID=1180) to work on /home/airflow/.local/lib/python3.12/site-packages/airflow/example_dags/example_bash_decorator.py
[2024-11-23T17:14:13.071+0000] {processor.py:914} INFO - Processing file /home/airflow/.local/lib/python3.12/site-packages/airflow/example_dags/example_bash_decorator.py for tasks to queue
[2024-11-23T17:14:12.839+0000] {logging_mixin.py:190} INFO - [2024-11-23T17:14:12.834+0000] {dagbag.py:588} INFO - Filling up the DagBag from /home/airflow/.local/lib/python3.12/site-packages/airflow/example_dags/example_bash_decorator.py
[2024-11-23T17:14:12.933+0000] {processor.py:925} INFO - DAG(s) 'example_bash_decorator' retrieved from /home/airflow/.local/lib/python3.12/site-packages/airflow/example_dags/example_bash_decorator.py
[2024-11-23T17:14:13.103+0000] {logging_mixin.py:190} INFO - [2024-11-23T17:14:13.102+0000] {dag.py:3239} INFO - Sync 1 DAGs
[2024-11-23T17:14:13.182+0000] {logging_mixin.py:190} INFO - [2024-11-23T17:14:13.182+0000] {dag.py:4180} INFO - Setting next_dagrun for example_bash_decorator to None, run_after=None
[2024-11-23T17:14:13.268+0000] {processor.py:208} INFO - Processing /home/airflow/.local/lib/python3.12/site-packages/airflow/example_dags/example_bash_decorator.py took 0.471 seconds
[2024-11-23T17:15:01.334+0000] {processor.py:186} INFO - Started process (PID=1259) to work on /home/airflow/.local/lib/python3.12/site-packages/airflow/example_dags/example_bash_decorator.py
[2024-11-23T17:15:01.340+0000] {processor.py:914} INFO - Processing file /home/airflow/.local/lib/python3.12/site-packages/airflow/example_dags/example_bash_decorator.py for tasks to queue
[2024-11-23T17:15:01.364+0000] {logging_mixin.py:190} INFO - [2024-11-23T17:15:01.361+0000] {dagbag.py:588} INFO - Filling up the DagBag from /home/airflow/.local/lib/python3.12/site-packages/airflow/example_dags/example_bash_decorator.py
[2024-11-23T17:15:01.509+0000] {processor.py:925} INFO - DAG(s) 'example_bash_decorator' retrieved from /home/airflow/.local/lib/python3.12/site-packages/airflow/example_dags/example_bash_decorator.py
[2024-11-23T17:15:01.685+0000] {logging_mixin.py:190} INFO - [2024-11-23T17:15:01.684+0000] {dag.py:3239} INFO - Sync 1 DAGs
[2024-11-23T17:15:01.761+0000] {logging_mixin.py:190} INFO - [2024-11-23T17:15:01.760+0000] {dag.py:4180} INFO - Setting next_dagrun for example_bash_decorator to None, run_after=None
[2024-11-23T17:15:01.879+0000] {processor.py:208} INFO - Processing /home/airflow/.local/lib/python3.12/site-packages/airflow/example_dags/example_bash_decorator.py took 0.574 seconds
[2024-11-23T17:15:32.157+0000] {processor.py:186} INFO - Started process (PID=1325) to work on /home/airflow/.local/lib/python3.12/site-packages/airflow/example_dags/example_bash_decorator.py
[2024-11-23T17:15:32.167+0000] {processor.py:914} INFO - Processing file /home/airflow/.local/lib/python3.12/site-packages/airflow/example_dags/example_bash_decorator.py for tasks to queue
[2024-11-23T17:15:32.186+0000] {logging_mixin.py:190} INFO - [2024-11-23T17:15:32.185+0000] {dagbag.py:588} INFO - Filling up the DagBag from /home/airflow/.local/lib/python3.12/site-packages/airflow/example_dags/example_bash_decorator.py
[2024-11-23T17:15:32.312+0000] {processor.py:925} INFO - DAG(s) 'example_bash_decorator' retrieved from /home/airflow/.local/lib/python3.12/site-packages/airflow/example_dags/example_bash_decorator.py
[2024-11-23T17:15:32.411+0000] {logging_mixin.py:190} INFO - [2024-11-23T17:15:32.410+0000] {dag.py:3239} INFO - Sync 1 DAGs
[2024-11-23T17:15:32.481+0000] {logging_mixin.py:190} INFO - [2024-11-23T17:15:32.480+0000] {dag.py:4180} INFO - Setting next_dagrun for example_bash_decorator to None, run_after=None
[2024-11-23T17:15:32.545+0000] {processor.py:208} INFO - Processing /home/airflow/.local/lib/python3.12/site-packages/airflow/example_dags/example_bash_decorator.py took 0.435 seconds
[2024-11-23T17:16:13.185+0000] {processor.py:186} INFO - Started process (PID=1391) to work on /home/airflow/.local/lib/python3.12/site-packages/airflow/example_dags/example_bash_decorator.py
[2024-11-23T17:16:13.201+0000] {processor.py:914} INFO - Processing file /home/airflow/.local/lib/python3.12/site-packages/airflow/example_dags/example_bash_decorator.py for tasks to queue
[2024-11-23T17:16:13.216+0000] {logging_mixin.py:190} INFO - [2024-11-23T17:16:13.215+0000] {dagbag.py:588} INFO - Filling up the DagBag from /home/airflow/.local/lib/python3.12/site-packages/airflow/example_dags/example_bash_decorator.py
[2024-11-23T17:16:13.362+0000] {processor.py:925} INFO - DAG(s) 'example_bash_decorator' retrieved from /home/airflow/.local/lib/python3.12/site-packages/airflow/example_dags/example_bash_decorator.py
[2024-11-23T17:16:13.623+0000] {logging_mixin.py:190} INFO - [2024-11-23T17:16:13.623+0000] {dag.py:3239} INFO - Sync 1 DAGs
[2024-11-23T17:16:13.742+0000] {logging_mixin.py:190} INFO - [2024-11-23T17:16:13.742+0000] {dag.py:4180} INFO - Setting next_dagrun for example_bash_decorator to None, run_after=None
[2024-11-23T17:16:13.847+0000] {processor.py:208} INFO - Processing /home/airflow/.local/lib/python3.12/site-packages/airflow/example_dags/example_bash_decorator.py took 0.688 seconds
[2024-11-23T17:16:52.748+0000] {processor.py:186} INFO - Started process (PID=1460) to work on /home/airflow/.local/lib/python3.12/site-packages/airflow/example_dags/example_bash_decorator.py
[2024-11-23T17:16:52.758+0000] {processor.py:914} INFO - Processing file /home/airflow/.local/lib/python3.12/site-packages/airflow/example_dags/example_bash_decorator.py for tasks to queue
[2024-11-23T17:16:52.766+0000] {logging_mixin.py:190} INFO - [2024-11-23T17:16:52.766+0000] {dagbag.py:588} INFO - Filling up the DagBag from /home/airflow/.local/lib/python3.12/site-packages/airflow/example_dags/example_bash_decorator.py
[2024-11-23T17:16:52.838+0000] {processor.py:925} INFO - DAG(s) 'example_bash_decorator' retrieved from /home/airflow/.local/lib/python3.12/site-packages/airflow/example_dags/example_bash_decorator.py
[2024-11-23T17:16:52.956+0000] {logging_mixin.py:190} INFO - [2024-11-23T17:16:52.955+0000] {dag.py:3239} INFO - Sync 1 DAGs
[2024-11-23T17:16:53.039+0000] {logging_mixin.py:190} INFO - [2024-11-23T17:16:53.039+0000] {dag.py:4180} INFO - Setting next_dagrun for example_bash_decorator to None, run_after=None
[2024-11-23T17:16:53.117+0000] {processor.py:208} INFO - Processing /home/airflow/.local/lib/python3.12/site-packages/airflow/example_dags/example_bash_decorator.py took 0.390 seconds
[2024-11-23T17:17:25.315+0000] {processor.py:186} INFO - Started process (PID=1525) to work on /home/airflow/.local/lib/python3.12/site-packages/airflow/example_dags/example_bash_decorator.py
[2024-11-23T17:17:25.319+0000] {processor.py:914} INFO - Processing file /home/airflow/.local/lib/python3.12/site-packages/airflow/example_dags/example_bash_decorator.py for tasks to queue
[2024-11-23T17:17:25.326+0000] {logging_mixin.py:190} INFO - [2024-11-23T17:17:25.325+0000] {dagbag.py:588} INFO - Filling up the DagBag from /home/airflow/.local/lib/python3.12/site-packages/airflow/example_dags/example_bash_decorator.py
[2024-11-23T17:17:25.445+0000] {processor.py:925} INFO - DAG(s) 'example_bash_decorator' retrieved from /home/airflow/.local/lib/python3.12/site-packages/airflow/example_dags/example_bash_decorator.py
[2024-11-23T17:17:25.563+0000] {logging_mixin.py:190} INFO - [2024-11-23T17:17:25.562+0000] {dag.py:3239} INFO - Sync 1 DAGs
[2024-11-23T17:17:25.640+0000] {logging_mixin.py:190} INFO - [2024-11-23T17:17:25.639+0000] {dag.py:4180} INFO - Setting next_dagrun for example_bash_decorator to None, run_after=None
[2024-11-23T17:17:25.718+0000] {processor.py:208} INFO - Processing /home/airflow/.local/lib/python3.12/site-packages/airflow/example_dags/example_bash_decorator.py took 0.429 seconds
[2024-11-23T17:18:05.591+0000] {processor.py:186} INFO - Started process (PID=1601) to work on /home/airflow/.local/lib/python3.12/site-packages/airflow/example_dags/example_bash_decorator.py
[2024-11-23T17:18:05.594+0000] {processor.py:914} INFO - Processing file /home/airflow/.local/lib/python3.12/site-packages/airflow/example_dags/example_bash_decorator.py for tasks to queue
[2024-11-23T17:18:05.600+0000] {logging_mixin.py:190} INFO - [2024-11-23T17:18:05.599+0000] {dagbag.py:588} INFO - Filling up the DagBag from /home/airflow/.local/lib/python3.12/site-packages/airflow/example_dags/example_bash_decorator.py
[2024-11-23T17:18:05.665+0000] {processor.py:925} INFO - DAG(s) 'example_bash_decorator' retrieved from /home/airflow/.local/lib/python3.12/site-packages/airflow/example_dags/example_bash_decorator.py
[2024-11-23T17:18:05.768+0000] {logging_mixin.py:190} INFO - [2024-11-23T17:18:05.768+0000] {dag.py:3239} INFO - Sync 1 DAGs
[2024-11-23T17:18:05.841+0000] {logging_mixin.py:190} INFO - [2024-11-23T17:18:05.840+0000] {dag.py:4180} INFO - Setting next_dagrun for example_bash_decorator to None, run_after=None
[2024-11-23T17:18:05.923+0000] {processor.py:208} INFO - Processing /home/airflow/.local/lib/python3.12/site-packages/airflow/example_dags/example_bash_decorator.py took 0.365 seconds
[2024-11-23T17:18:39.311+0000] {processor.py:186} INFO - Started process (PID=1666) to work on /home/airflow/.local/lib/python3.12/site-packages/airflow/example_dags/example_bash_decorator.py
[2024-11-23T17:18:39.314+0000] {processor.py:914} INFO - Processing file /home/airflow/.local/lib/python3.12/site-packages/airflow/example_dags/example_bash_decorator.py for tasks to queue
[2024-11-23T17:18:39.330+0000] {logging_mixin.py:190} INFO - [2024-11-23T17:18:39.329+0000] {dagbag.py:588} INFO - Filling up the DagBag from /home/airflow/.local/lib/python3.12/site-packages/airflow/example_dags/example_bash_decorator.py
[2024-11-23T17:18:39.488+0000] {processor.py:925} INFO - DAG(s) 'example_bash_decorator' retrieved from /home/airflow/.local/lib/python3.12/site-packages/airflow/example_dags/example_bash_decorator.py
[2024-11-23T17:18:39.666+0000] {logging_mixin.py:190} INFO - [2024-11-23T17:18:39.665+0000] {dag.py:3239} INFO - Sync 1 DAGs
[2024-11-23T17:18:39.864+0000] {logging_mixin.py:190} INFO - [2024-11-23T17:18:39.863+0000] {dag.py:4180} INFO - Setting next_dagrun for example_bash_decorator to None, run_after=None
[2024-11-23T17:18:40.037+0000] {processor.py:208} INFO - Processing /home/airflow/.local/lib/python3.12/site-packages/airflow/example_dags/example_bash_decorator.py took 0.757 seconds
[2024-11-23T17:19:17.244+0000] {processor.py:186} INFO - Started process (PID=1734) to work on /home/airflow/.local/lib/python3.12/site-packages/airflow/example_dags/example_bash_decorator.py
[2024-11-23T17:19:17.248+0000] {processor.py:914} INFO - Processing file /home/airflow/.local/lib/python3.12/site-packages/airflow/example_dags/example_bash_decorator.py for tasks to queue
[2024-11-23T17:19:17.262+0000] {logging_mixin.py:190} INFO - [2024-11-23T17:19:17.261+0000] {dagbag.py:588} INFO - Filling up the DagBag from /home/airflow/.local/lib/python3.12/site-packages/airflow/example_dags/example_bash_decorator.py
[2024-11-23T17:19:17.670+0000] {processor.py:925} INFO - DAG(s) 'example_bash_decorator' retrieved from /home/airflow/.local/lib/python3.12/site-packages/airflow/example_dags/example_bash_decorator.py
[2024-11-23T17:19:18.376+0000] {logging_mixin.py:190} INFO - [2024-11-23T17:19:18.373+0000] {dag.py:3239} INFO - Sync 1 DAGs
[2024-11-23T17:19:18.963+0000] {logging_mixin.py:190} INFO - [2024-11-23T17:19:18.962+0000] {dag.py:4180} INFO - Setting next_dagrun for example_bash_decorator to None, run_after=None
[2024-11-23T17:19:19.353+0000] {processor.py:208} INFO - Processing /home/airflow/.local/lib/python3.12/site-packages/airflow/example_dags/example_bash_decorator.py took 2.313 seconds
[2024-11-23T17:22:00.624+0000] {processor.py:186} INFO - Started process (PID=1840) to work on /home/airflow/.local/lib/python3.12/site-packages/airflow/example_dags/example_bash_decorator.py
[2024-11-23T17:22:00.641+0000] {processor.py:914} INFO - Processing file /home/airflow/.local/lib/python3.12/site-packages/airflow/example_dags/example_bash_decorator.py for tasks to queue
[2024-11-23T17:22:00.673+0000] {logging_mixin.py:190} INFO - [2024-11-23T17:22:00.665+0000] {dagbag.py:588} INFO - Filling up the DagBag from /home/airflow/.local/lib/python3.12/site-packages/airflow/example_dags/example_bash_decorator.py
[2024-11-23T17:22:01.106+0000] {processor.py:925} INFO - DAG(s) 'example_bash_decorator' retrieved from /home/airflow/.local/lib/python3.12/site-packages/airflow/example_dags/example_bash_decorator.py
[2024-11-23T17:22:01.535+0000] {logging_mixin.py:190} INFO - [2024-11-23T17:22:01.534+0000] {dag.py:3239} INFO - Sync 1 DAGs
[2024-11-23T17:22:02.382+0000] {logging_mixin.py:190} INFO - [2024-11-23T17:22:02.381+0000] {dag.py:4180} INFO - Setting next_dagrun for example_bash_decorator to None, run_after=None
[2024-11-23T17:22:03.175+0000] {processor.py:208} INFO - Processing /home/airflow/.local/lib/python3.12/site-packages/airflow/example_dags/example_bash_decorator.py took 2.718 seconds
[2024-11-23T17:23:36.276+0000] {processor.py:186} INFO - Started process (PID=1931) to work on /home/airflow/.local/lib/python3.12/site-packages/airflow/example_dags/example_bash_decorator.py
[2024-11-23T17:23:36.296+0000] {processor.py:914} INFO - Processing file /home/airflow/.local/lib/python3.12/site-packages/airflow/example_dags/example_bash_decorator.py for tasks to queue
[2024-11-23T17:23:36.298+0000] {logging_mixin.py:190} INFO - [2024-11-23T17:23:36.297+0000] {dagbag.py:588} INFO - Filling up the DagBag from /home/airflow/.local/lib/python3.12/site-packages/airflow/example_dags/example_bash_decorator.py
[2024-11-23T17:23:36.369+0000] {processor.py:925} INFO - DAG(s) 'example_bash_decorator' retrieved from /home/airflow/.local/lib/python3.12/site-packages/airflow/example_dags/example_bash_decorator.py
[2024-11-23T17:23:36.473+0000] {logging_mixin.py:190} INFO - [2024-11-23T17:23:36.473+0000] {dag.py:3239} INFO - Sync 1 DAGs
[2024-11-23T17:23:36.533+0000] {logging_mixin.py:190} INFO - [2024-11-23T17:23:36.533+0000] {dag.py:4180} INFO - Setting next_dagrun for example_bash_decorator to None, run_after=None
[2024-11-23T17:23:36.878+0000] {processor.py:208} INFO - Processing /home/airflow/.local/lib/python3.12/site-packages/airflow/example_dags/example_bash_decorator.py took 0.610 seconds
[2024-11-23T17:25:32.254+0000] {processor.py:186} INFO - Started process (PID=2010) to work on /home/airflow/.local/lib/python3.12/site-packages/airflow/example_dags/example_bash_decorator.py
[2024-11-23T17:25:32.259+0000] {processor.py:914} INFO - Processing file /home/airflow/.local/lib/python3.12/site-packages/airflow/example_dags/example_bash_decorator.py for tasks to queue
[2024-11-23T17:25:32.262+0000] {logging_mixin.py:190} INFO - [2024-11-23T17:25:32.261+0000] {dagbag.py:588} INFO - Filling up the DagBag from /home/airflow/.local/lib/python3.12/site-packages/airflow/example_dags/example_bash_decorator.py
[2024-11-23T17:25:32.363+0000] {processor.py:925} INFO - DAG(s) 'example_bash_decorator' retrieved from /home/airflow/.local/lib/python3.12/site-packages/airflow/example_dags/example_bash_decorator.py
[2024-11-23T17:25:32.506+0000] {logging_mixin.py:190} INFO - [2024-11-23T17:25:32.505+0000] {dag.py:3239} INFO - Sync 1 DAGs
[2024-11-23T17:25:32.617+0000] {logging_mixin.py:190} INFO - [2024-11-23T17:25:32.616+0000] {dag.py:4180} INFO - Setting next_dagrun for example_bash_decorator to None, run_after=None
[2024-11-23T17:25:32.682+0000] {processor.py:208} INFO - Processing /home/airflow/.local/lib/python3.12/site-packages/airflow/example_dags/example_bash_decorator.py took 0.451 seconds
[2024-11-23T17:26:25.315+0000] {processor.py:186} INFO - Started process (PID=2082) to work on /home/airflow/.local/lib/python3.12/site-packages/airflow/example_dags/example_bash_decorator.py
[2024-11-23T17:26:25.318+0000] {processor.py:914} INFO - Processing file /home/airflow/.local/lib/python3.12/site-packages/airflow/example_dags/example_bash_decorator.py for tasks to queue
[2024-11-23T17:26:25.326+0000] {logging_mixin.py:190} INFO - [2024-11-23T17:26:25.325+0000] {dagbag.py:588} INFO - Filling up the DagBag from /home/airflow/.local/lib/python3.12/site-packages/airflow/example_dags/example_bash_decorator.py
[2024-11-23T17:26:25.391+0000] {processor.py:925} INFO - DAG(s) 'example_bash_decorator' retrieved from /home/airflow/.local/lib/python3.12/site-packages/airflow/example_dags/example_bash_decorator.py
[2024-11-23T17:26:25.508+0000] {logging_mixin.py:190} INFO - [2024-11-23T17:26:25.507+0000] {dag.py:3239} INFO - Sync 1 DAGs
[2024-11-23T17:26:25.706+0000] {logging_mixin.py:190} INFO - [2024-11-23T17:26:25.706+0000] {dag.py:4180} INFO - Setting next_dagrun for example_bash_decorator to None, run_after=None
[2024-11-23T17:26:25.826+0000] {processor.py:208} INFO - Processing /home/airflow/.local/lib/python3.12/site-packages/airflow/example_dags/example_bash_decorator.py took 0.533 seconds
[2024-11-23T17:27:02.809+0000] {processor.py:186} INFO - Started process (PID=2145) to work on /home/airflow/.local/lib/python3.12/site-packages/airflow/example_dags/example_bash_decorator.py
[2024-11-23T17:27:02.828+0000] {processor.py:914} INFO - Processing file /home/airflow/.local/lib/python3.12/site-packages/airflow/example_dags/example_bash_decorator.py for tasks to queue
[2024-11-23T17:27:02.833+0000] {logging_mixin.py:190} INFO - [2024-11-23T17:27:02.832+0000] {dagbag.py:588} INFO - Filling up the DagBag from /home/airflow/.local/lib/python3.12/site-packages/airflow/example_dags/example_bash_decorator.py
[2024-11-23T17:27:02.940+0000] {processor.py:925} INFO - DAG(s) 'example_bash_decorator' retrieved from /home/airflow/.local/lib/python3.12/site-packages/airflow/example_dags/example_bash_decorator.py
[2024-11-23T17:27:03.082+0000] {logging_mixin.py:190} INFO - [2024-11-23T17:27:03.080+0000] {dag.py:3239} INFO - Sync 1 DAGs
[2024-11-23T17:27:03.153+0000] {logging_mixin.py:190} INFO - [2024-11-23T17:27:03.152+0000] {dag.py:4180} INFO - Setting next_dagrun for example_bash_decorator to None, run_after=None
[2024-11-23T17:27:03.268+0000] {processor.py:208} INFO - Processing /home/airflow/.local/lib/python3.12/site-packages/airflow/example_dags/example_bash_decorator.py took 0.495 seconds
