[2024-11-23T16:33:45.455+0000] {processor.py:186} INFO - Started process (PID=134) to work on /home/airflow/.local/lib/python3.12/site-packages/airflow/example_dags/example_inlet_event_extra.py
[2024-11-23T16:33:45.457+0000] {processor.py:914} INFO - Processing file /home/airflow/.local/lib/python3.12/site-packages/airflow/example_dags/example_inlet_event_extra.py for tasks to queue
[2024-11-23T16:33:45.466+0000] {logging_mixin.py:190} INFO - [2024-11-23T16:33:45.466+0000] {dagbag.py:588} INFO - Filling up the DagBag from /home/airflow/.local/lib/python3.12/site-packages/airflow/example_dags/example_inlet_event_extra.py
[2024-11-23T16:33:49.957+0000] {processor.py:925} INFO - DAG(s) 'read_dataset_event_from_classic', 'read_dataset_event' retrieved from /home/airflow/.local/lib/python3.12/site-packages/airflow/example_dags/example_inlet_event_extra.py
[2024-11-23T16:33:50.134+0000] {logging_mixin.py:190} INFO - [2024-11-23T16:33:50.133+0000] {dag.py:3239} INFO - Sync 2 DAGs
[2024-11-23T16:33:51.274+0000] {logging_mixin.py:190} INFO - [2024-11-23T16:33:51.267+0000] {dag.py:4180} INFO - Setting next_dagrun for read_dataset_event to 2024-11-22 00:00:00+00:00, run_after=2024-11-23 00:00:00+00:00
[2024-11-23T16:33:51.453+0000] {logging_mixin.py:190} INFO - [2024-11-23T16:33:51.453+0000] {dag.py:4180} INFO - Setting next_dagrun for read_dataset_event_from_classic to 2024-11-22 00:00:00+00:00, run_after=2024-11-23 00:00:00+00:00
[2024-11-23T16:33:52.708+0000] {processor.py:208} INFO - Processing /home/airflow/.local/lib/python3.12/site-packages/airflow/example_dags/example_inlet_event_extra.py took 7.269 seconds
[2024-11-23T16:40:04.537+0000] {processor.py:186} INFO - Started process (PID=136) to work on /home/airflow/.local/lib/python3.12/site-packages/airflow/example_dags/example_inlet_event_extra.py
[2024-11-23T16:40:04.551+0000] {processor.py:914} INFO - Processing file /home/airflow/.local/lib/python3.12/site-packages/airflow/example_dags/example_inlet_event_extra.py for tasks to queue
[2024-11-23T16:40:04.558+0000] {logging_mixin.py:190} INFO - [2024-11-23T16:40:04.557+0000] {dagbag.py:588} INFO - Filling up the DagBag from /home/airflow/.local/lib/python3.12/site-packages/airflow/example_dags/example_inlet_event_extra.py
[2024-11-23T16:40:07.874+0000] {processor.py:925} INFO - DAG(s) 'read_dataset_event', 'read_dataset_event_from_classic' retrieved from /home/airflow/.local/lib/python3.12/site-packages/airflow/example_dags/example_inlet_event_extra.py
[2024-11-23T16:40:08.589+0000] {logging_mixin.py:190} INFO - [2024-11-23T16:40:08.589+0000] {dag.py:3239} INFO - Sync 2 DAGs
[2024-11-23T16:40:09.005+0000] {logging_mixin.py:190} INFO - [2024-11-23T16:40:09.003+0000] {dag.py:4180} INFO - Setting next_dagrun for read_dataset_event to 2024-11-22 00:00:00+00:00, run_after=2024-11-23 00:00:00+00:00
[2024-11-23T16:40:09.076+0000] {logging_mixin.py:190} INFO - [2024-11-23T16:40:09.075+0000] {dag.py:4180} INFO - Setting next_dagrun for read_dataset_event_from_classic to 2024-11-22 00:00:00+00:00, run_after=2024-11-23 00:00:00+00:00
[2024-11-23T16:40:09.541+0000] {processor.py:208} INFO - Processing /home/airflow/.local/lib/python3.12/site-packages/airflow/example_dags/example_inlet_event_extra.py took 5.026 seconds
[2024-11-23T16:40:54.921+0000] {processor.py:186} INFO - Started process (PID=204) to work on /home/airflow/.local/lib/python3.12/site-packages/airflow/example_dags/example_inlet_event_extra.py
[2024-11-23T16:40:54.928+0000] {processor.py:914} INFO - Processing file /home/airflow/.local/lib/python3.12/site-packages/airflow/example_dags/example_inlet_event_extra.py for tasks to queue
[2024-11-23T16:40:54.950+0000] {logging_mixin.py:190} INFO - [2024-11-23T16:40:54.949+0000] {dagbag.py:588} INFO - Filling up the DagBag from /home/airflow/.local/lib/python3.12/site-packages/airflow/example_dags/example_inlet_event_extra.py
[2024-11-23T16:40:56.238+0000] {processor.py:925} INFO - DAG(s) 'read_dataset_event_from_classic', 'read_dataset_event' retrieved from /home/airflow/.local/lib/python3.12/site-packages/airflow/example_dags/example_inlet_event_extra.py
[2024-11-23T16:40:56.457+0000] {logging_mixin.py:190} INFO - [2024-11-23T16:40:56.447+0000] {dag.py:3239} INFO - Sync 2 DAGs
[2024-11-23T16:40:57.080+0000] {logging_mixin.py:190} INFO - [2024-11-23T16:40:57.080+0000] {dag.py:4180} INFO - Setting next_dagrun for read_dataset_event to 2024-11-22 00:00:00+00:00, run_after=2024-11-23 00:00:00+00:00
[2024-11-23T16:40:57.123+0000] {logging_mixin.py:190} INFO - [2024-11-23T16:40:57.122+0000] {dag.py:4180} INFO - Setting next_dagrun for read_dataset_event_from_classic to 2024-11-22 00:00:00+00:00, run_after=2024-11-23 00:00:00+00:00
[2024-11-23T16:40:57.371+0000] {processor.py:208} INFO - Processing /home/airflow/.local/lib/python3.12/site-packages/airflow/example_dags/example_inlet_event_extra.py took 2.482 seconds
[2024-11-23T16:41:27.715+0000] {processor.py:186} INFO - Started process (PID=276) to work on /home/airflow/.local/lib/python3.12/site-packages/airflow/example_dags/example_inlet_event_extra.py
[2024-11-23T16:41:27.717+0000] {processor.py:914} INFO - Processing file /home/airflow/.local/lib/python3.12/site-packages/airflow/example_dags/example_inlet_event_extra.py for tasks to queue
[2024-11-23T16:41:27.726+0000] {logging_mixin.py:190} INFO - [2024-11-23T16:41:27.722+0000] {dagbag.py:588} INFO - Filling up the DagBag from /home/airflow/.local/lib/python3.12/site-packages/airflow/example_dags/example_inlet_event_extra.py
[2024-11-23T16:41:28.223+0000] {processor.py:925} INFO - DAG(s) 'read_dataset_event', 'read_dataset_event_from_classic' retrieved from /home/airflow/.local/lib/python3.12/site-packages/airflow/example_dags/example_inlet_event_extra.py
[2024-11-23T16:41:28.278+0000] {logging_mixin.py:190} INFO - [2024-11-23T16:41:28.277+0000] {dag.py:3239} INFO - Sync 2 DAGs
[2024-11-23T16:41:28.348+0000] {logging_mixin.py:190} INFO - [2024-11-23T16:41:28.348+0000] {dag.py:4180} INFO - Setting next_dagrun for read_dataset_event to 2024-11-22 00:00:00+00:00, run_after=2024-11-23 00:00:00+00:00
[2024-11-23T16:41:28.357+0000] {logging_mixin.py:190} INFO - [2024-11-23T16:41:28.357+0000] {dag.py:4180} INFO - Setting next_dagrun for read_dataset_event_from_classic to 2024-11-22 00:00:00+00:00, run_after=2024-11-23 00:00:00+00:00
[2024-11-23T16:41:28.499+0000] {processor.py:208} INFO - Processing /home/airflow/.local/lib/python3.12/site-packages/airflow/example_dags/example_inlet_event_extra.py took 0.799 seconds
[2024-11-23T16:42:02.190+0000] {processor.py:186} INFO - Started process (PID=342) to work on /home/airflow/.local/lib/python3.12/site-packages/airflow/example_dags/example_inlet_event_extra.py
[2024-11-23T16:42:02.194+0000] {processor.py:914} INFO - Processing file /home/airflow/.local/lib/python3.12/site-packages/airflow/example_dags/example_inlet_event_extra.py for tasks to queue
[2024-11-23T16:42:02.210+0000] {logging_mixin.py:190} INFO - [2024-11-23T16:42:02.209+0000] {dagbag.py:588} INFO - Filling up the DagBag from /home/airflow/.local/lib/python3.12/site-packages/airflow/example_dags/example_inlet_event_extra.py
[2024-11-23T16:42:02.716+0000] {processor.py:925} INFO - DAG(s) 'read_dataset_event_from_classic', 'read_dataset_event' retrieved from /home/airflow/.local/lib/python3.12/site-packages/airflow/example_dags/example_inlet_event_extra.py
[2024-11-23T16:42:02.814+0000] {logging_mixin.py:190} INFO - [2024-11-23T16:42:02.813+0000] {dag.py:3239} INFO - Sync 2 DAGs
[2024-11-23T16:42:02.907+0000] {logging_mixin.py:190} INFO - [2024-11-23T16:42:02.906+0000] {dag.py:4180} INFO - Setting next_dagrun for read_dataset_event to 2024-11-22 00:00:00+00:00, run_after=2024-11-23 00:00:00+00:00
[2024-11-23T16:42:02.922+0000] {logging_mixin.py:190} INFO - [2024-11-23T16:42:02.921+0000] {dag.py:4180} INFO - Setting next_dagrun for read_dataset_event_from_classic to 2024-11-22 00:00:00+00:00, run_after=2024-11-23 00:00:00+00:00
[2024-11-23T16:42:02.967+0000] {processor.py:208} INFO - Processing /home/airflow/.local/lib/python3.12/site-packages/airflow/example_dags/example_inlet_event_extra.py took 0.805 seconds
[2024-11-23T16:42:39.233+0000] {processor.py:186} INFO - Started process (PID=418) to work on /home/airflow/.local/lib/python3.12/site-packages/airflow/example_dags/example_inlet_event_extra.py
[2024-11-23T16:42:39.257+0000] {processor.py:914} INFO - Processing file /home/airflow/.local/lib/python3.12/site-packages/airflow/example_dags/example_inlet_event_extra.py for tasks to queue
[2024-11-23T16:42:39.388+0000] {logging_mixin.py:190} INFO - [2024-11-23T16:42:39.368+0000] {dagbag.py:588} INFO - Filling up the DagBag from /home/airflow/.local/lib/python3.12/site-packages/airflow/example_dags/example_inlet_event_extra.py
[2024-11-23T16:42:44.011+0000] {processor.py:925} INFO - DAG(s) 'read_dataset_event_from_classic', 'read_dataset_event' retrieved from /home/airflow/.local/lib/python3.12/site-packages/airflow/example_dags/example_inlet_event_extra.py
[2024-11-23T16:42:44.550+0000] {logging_mixin.py:190} INFO - [2024-11-23T16:42:44.548+0000] {dag.py:3239} INFO - Sync 2 DAGs
[2024-11-23T16:42:45.186+0000] {logging_mixin.py:190} INFO - [2024-11-23T16:42:45.185+0000] {dag.py:4180} INFO - Setting next_dagrun for read_dataset_event to 2024-11-22 00:00:00+00:00, run_after=2024-11-23 00:00:00+00:00
[2024-11-23T16:42:45.244+0000] {logging_mixin.py:190} INFO - [2024-11-23T16:42:45.244+0000] {dag.py:4180} INFO - Setting next_dagrun for read_dataset_event_from_classic to 2024-11-22 00:00:00+00:00, run_after=2024-11-23 00:00:00+00:00
[2024-11-23T16:42:45.662+0000] {processor.py:208} INFO - Processing /home/airflow/.local/lib/python3.12/site-packages/airflow/example_dags/example_inlet_event_extra.py took 7.270 seconds
[2024-11-23T16:47:55.448+0000] {processor.py:186} INFO - Started process (PID=128) to work on /home/airflow/.local/lib/python3.12/site-packages/airflow/example_dags/example_inlet_event_extra.py
[2024-11-23T16:47:55.504+0000] {processor.py:914} INFO - Processing file /home/airflow/.local/lib/python3.12/site-packages/airflow/example_dags/example_inlet_event_extra.py for tasks to queue
[2024-11-23T16:47:55.513+0000] {logging_mixin.py:190} INFO - [2024-11-23T16:47:55.512+0000] {dagbag.py:588} INFO - Filling up the DagBag from /home/airflow/.local/lib/python3.12/site-packages/airflow/example_dags/example_inlet_event_extra.py
[2024-11-23T16:48:00.476+0000] {processor.py:925} INFO - DAG(s) 'read_dataset_event_from_classic', 'read_dataset_event' retrieved from /home/airflow/.local/lib/python3.12/site-packages/airflow/example_dags/example_inlet_event_extra.py
[2024-11-23T16:48:00.591+0000] {logging_mixin.py:190} INFO - [2024-11-23T16:48:00.590+0000] {dag.py:3239} INFO - Sync 2 DAGs
[2024-11-23T16:48:00.730+0000] {logging_mixin.py:190} INFO - [2024-11-23T16:48:00.730+0000] {dag.py:4180} INFO - Setting next_dagrun for read_dataset_event to 2024-11-22 00:00:00+00:00, run_after=2024-11-23 00:00:00+00:00
[2024-11-23T16:48:00.758+0000] {logging_mixin.py:190} INFO - [2024-11-23T16:48:00.755+0000] {dag.py:4180} INFO - Setting next_dagrun for read_dataset_event_from_classic to 2024-11-22 00:00:00+00:00, run_after=2024-11-23 00:00:00+00:00
[2024-11-23T16:48:00.843+0000] {processor.py:208} INFO - Processing /home/airflow/.local/lib/python3.12/site-packages/airflow/example_dags/example_inlet_event_extra.py took 5.412 seconds
[2024-11-23T17:01:45.006+0000] {processor.py:186} INFO - Started process (PID=122) to work on /home/airflow/.local/lib/python3.12/site-packages/airflow/example_dags/example_inlet_event_extra.py
[2024-11-23T17:01:45.023+0000] {processor.py:914} INFO - Processing file /home/airflow/.local/lib/python3.12/site-packages/airflow/example_dags/example_inlet_event_extra.py for tasks to queue
[2024-11-23T17:01:45.106+0000] {logging_mixin.py:190} INFO - [2024-11-23T17:01:45.095+0000] {dagbag.py:588} INFO - Filling up the DagBag from /home/airflow/.local/lib/python3.12/site-packages/airflow/example_dags/example_inlet_event_extra.py
[2024-11-23T17:02:01.288+0000] {processor.py:925} INFO - DAG(s) 'read_dataset_event', 'read_dataset_event_from_classic' retrieved from /home/airflow/.local/lib/python3.12/site-packages/airflow/example_dags/example_inlet_event_extra.py
[2024-11-23T17:02:03.839+0000] {logging_mixin.py:190} INFO - [2024-11-23T17:02:03.835+0000] {dag.py:3239} INFO - Sync 2 DAGs
[2024-11-23T17:02:07.897+0000] {logging_mixin.py:190} INFO - [2024-11-23T17:02:07.896+0000] {dag.py:4180} INFO - Setting next_dagrun for read_dataset_event to 2024-11-22 00:00:00+00:00, run_after=2024-11-23 00:00:00+00:00
[2024-11-23T17:02:08.021+0000] {logging_mixin.py:190} INFO - [2024-11-23T17:02:08.021+0000] {dag.py:4180} INFO - Setting next_dagrun for read_dataset_event_from_classic to 2024-11-22 00:00:00+00:00, run_after=2024-11-23 00:00:00+00:00
[2024-11-23T17:02:08.332+0000] {processor.py:208} INFO - Processing /home/airflow/.local/lib/python3.12/site-packages/airflow/example_dags/example_inlet_event_extra.py took 23.799 seconds
[2024-11-23T17:03:25.972+0000] {processor.py:186} INFO - Started process (PID=200) to work on /home/airflow/.local/lib/python3.12/site-packages/airflow/example_dags/example_inlet_event_extra.py
[2024-11-23T17:03:25.989+0000] {processor.py:914} INFO - Processing file /home/airflow/.local/lib/python3.12/site-packages/airflow/example_dags/example_inlet_event_extra.py for tasks to queue
[2024-11-23T17:03:26.006+0000] {logging_mixin.py:190} INFO - [2024-11-23T17:03:25.997+0000] {dagbag.py:588} INFO - Filling up the DagBag from /home/airflow/.local/lib/python3.12/site-packages/airflow/example_dags/example_inlet_event_extra.py
[2024-11-23T17:03:27.280+0000] {processor.py:925} INFO - DAG(s) 'read_dataset_event_from_classic', 'read_dataset_event' retrieved from /home/airflow/.local/lib/python3.12/site-packages/airflow/example_dags/example_inlet_event_extra.py
[2024-11-23T17:03:27.420+0000] {logging_mixin.py:190} INFO - [2024-11-23T17:03:27.419+0000] {dag.py:3239} INFO - Sync 2 DAGs
[2024-11-23T17:03:27.670+0000] {logging_mixin.py:190} INFO - [2024-11-23T17:03:27.669+0000] {dag.py:4180} INFO - Setting next_dagrun for read_dataset_event to 2024-11-22 00:00:00+00:00, run_after=2024-11-23 00:00:00+00:00
[2024-11-23T17:03:27.718+0000] {logging_mixin.py:190} INFO - [2024-11-23T17:03:27.717+0000] {dag.py:4180} INFO - Setting next_dagrun for read_dataset_event_from_classic to 2024-11-22 00:00:00+00:00, run_after=2024-11-23 00:00:00+00:00
[2024-11-23T17:03:27.837+0000] {processor.py:208} INFO - Processing /home/airflow/.local/lib/python3.12/site-packages/airflow/example_dags/example_inlet_event_extra.py took 1.893 seconds
[2024-11-23T17:03:59.067+0000] {processor.py:186} INFO - Started process (PID=266) to work on /home/airflow/.local/lib/python3.12/site-packages/airflow/example_dags/example_inlet_event_extra.py
[2024-11-23T17:03:59.106+0000] {processor.py:914} INFO - Processing file /home/airflow/.local/lib/python3.12/site-packages/airflow/example_dags/example_inlet_event_extra.py for tasks to queue
[2024-11-23T17:03:59.146+0000] {logging_mixin.py:190} INFO - [2024-11-23T17:03:59.137+0000] {dagbag.py:588} INFO - Filling up the DagBag from /home/airflow/.local/lib/python3.12/site-packages/airflow/example_dags/example_inlet_event_extra.py
[2024-11-23T17:04:03.021+0000] {processor.py:925} INFO - DAG(s) 'read_dataset_event', 'read_dataset_event_from_classic' retrieved from /home/airflow/.local/lib/python3.12/site-packages/airflow/example_dags/example_inlet_event_extra.py
[2024-11-23T17:04:03.416+0000] {logging_mixin.py:190} INFO - [2024-11-23T17:04:03.415+0000] {dag.py:3239} INFO - Sync 2 DAGs
[2024-11-23T17:04:03.892+0000] {logging_mixin.py:190} INFO - [2024-11-23T17:04:03.891+0000] {dag.py:4180} INFO - Setting next_dagrun for read_dataset_event to 2024-11-22 00:00:00+00:00, run_after=2024-11-23 00:00:00+00:00
[2024-11-23T17:04:04.047+0000] {logging_mixin.py:190} INFO - [2024-11-23T17:04:04.046+0000] {dag.py:4180} INFO - Setting next_dagrun for read_dataset_event_from_classic to 2024-11-22 00:00:00+00:00, run_after=2024-11-23 00:00:00+00:00
[2024-11-23T17:04:04.373+0000] {processor.py:208} INFO - Processing /home/airflow/.local/lib/python3.12/site-packages/airflow/example_dags/example_inlet_event_extra.py took 5.355 seconds
[2024-11-23T17:04:51.984+0000] {processor.py:186} INFO - Started process (PID=332) to work on /home/airflow/.local/lib/python3.12/site-packages/airflow/example_dags/example_inlet_event_extra.py
[2024-11-23T17:04:52.129+0000] {processor.py:914} INFO - Processing file /home/airflow/.local/lib/python3.12/site-packages/airflow/example_dags/example_inlet_event_extra.py for tasks to queue
[2024-11-23T17:04:52.217+0000] {logging_mixin.py:190} INFO - [2024-11-23T17:04:52.215+0000] {dagbag.py:588} INFO - Filling up the DagBag from /home/airflow/.local/lib/python3.12/site-packages/airflow/example_dags/example_inlet_event_extra.py
[2024-11-23T17:05:00.048+0000] {processor.py:925} INFO - DAG(s) 'read_dataset_event', 'read_dataset_event_from_classic' retrieved from /home/airflow/.local/lib/python3.12/site-packages/airflow/example_dags/example_inlet_event_extra.py
[2024-11-23T17:05:04.219+0000] {logging_mixin.py:190} INFO - [2024-11-23T17:05:04.217+0000] {dag.py:3239} INFO - Sync 2 DAGs
[2024-11-23T17:05:04.433+0000] {logging_mixin.py:190} INFO - [2024-11-23T17:05:04.433+0000] {dag.py:4180} INFO - Setting next_dagrun for read_dataset_event to 2024-11-22 00:00:00+00:00, run_after=2024-11-23 00:00:00+00:00
[2024-11-23T17:05:04.462+0000] {logging_mixin.py:190} INFO - [2024-11-23T17:05:04.462+0000] {dag.py:4180} INFO - Setting next_dagrun for read_dataset_event_from_classic to 2024-11-22 00:00:00+00:00, run_after=2024-11-23 00:00:00+00:00
[2024-11-23T17:05:04.582+0000] {processor.py:208} INFO - Processing /home/airflow/.local/lib/python3.12/site-packages/airflow/example_dags/example_inlet_event_extra.py took 12.606 seconds
[2024-11-23T17:05:41.794+0000] {processor.py:186} INFO - Started process (PID=388) to work on /home/airflow/.local/lib/python3.12/site-packages/airflow/example_dags/example_inlet_event_extra.py
[2024-11-23T17:05:41.798+0000] {processor.py:914} INFO - Processing file /home/airflow/.local/lib/python3.12/site-packages/airflow/example_dags/example_inlet_event_extra.py for tasks to queue
[2024-11-23T17:05:41.805+0000] {logging_mixin.py:190} INFO - [2024-11-23T17:05:41.804+0000] {dagbag.py:588} INFO - Filling up the DagBag from /home/airflow/.local/lib/python3.12/site-packages/airflow/example_dags/example_inlet_event_extra.py
[2024-11-23T17:05:44.064+0000] {processor.py:925} INFO - DAG(s) 'read_dataset_event_from_classic', 'read_dataset_event' retrieved from /home/airflow/.local/lib/python3.12/site-packages/airflow/example_dags/example_inlet_event_extra.py
[2024-11-23T17:05:44.748+0000] {logging_mixin.py:190} INFO - [2024-11-23T17:05:44.745+0000] {dag.py:3239} INFO - Sync 2 DAGs
[2024-11-23T17:05:44.924+0000] {logging_mixin.py:190} INFO - [2024-11-23T17:05:44.923+0000] {dag.py:4180} INFO - Setting next_dagrun for read_dataset_event to 2024-11-22 00:00:00+00:00, run_after=2024-11-23 00:00:00+00:00
[2024-11-23T17:05:44.945+0000] {logging_mixin.py:190} INFO - [2024-11-23T17:05:44.945+0000] {dag.py:4180} INFO - Setting next_dagrun for read_dataset_event_from_classic to 2024-11-22 00:00:00+00:00, run_after=2024-11-23 00:00:00+00:00
[2024-11-23T17:05:45.058+0000] {processor.py:208} INFO - Processing /home/airflow/.local/lib/python3.12/site-packages/airflow/example_dags/example_inlet_event_extra.py took 3.282 seconds
[2024-11-23T17:06:17.561+0000] {processor.py:186} INFO - Started process (PID=454) to work on /home/airflow/.local/lib/python3.12/site-packages/airflow/example_dags/example_inlet_event_extra.py
[2024-11-23T17:06:17.567+0000] {processor.py:914} INFO - Processing file /home/airflow/.local/lib/python3.12/site-packages/airflow/example_dags/example_inlet_event_extra.py for tasks to queue
[2024-11-23T17:06:17.589+0000] {logging_mixin.py:190} INFO - [2024-11-23T17:06:17.588+0000] {dagbag.py:588} INFO - Filling up the DagBag from /home/airflow/.local/lib/python3.12/site-packages/airflow/example_dags/example_inlet_event_extra.py
[2024-11-23T17:06:19.132+0000] {processor.py:925} INFO - DAG(s) 'read_dataset_event', 'read_dataset_event_from_classic' retrieved from /home/airflow/.local/lib/python3.12/site-packages/airflow/example_dags/example_inlet_event_extra.py
[2024-11-23T17:06:19.312+0000] {logging_mixin.py:190} INFO - [2024-11-23T17:06:19.311+0000] {dag.py:3239} INFO - Sync 2 DAGs
[2024-11-23T17:06:21.149+0000] {logging_mixin.py:190} INFO - [2024-11-23T17:06:21.148+0000] {dag.py:4180} INFO - Setting next_dagrun for read_dataset_event to 2024-11-22 00:00:00+00:00, run_after=2024-11-23 00:00:00+00:00
[2024-11-23T17:06:22.290+0000] {logging_mixin.py:190} INFO - [2024-11-23T17:06:22.290+0000] {dag.py:4180} INFO - Setting next_dagrun for read_dataset_event_from_classic to 2024-11-22 00:00:00+00:00, run_after=2024-11-23 00:00:00+00:00
[2024-11-23T17:06:23.185+0000] {processor.py:208} INFO - Processing /home/airflow/.local/lib/python3.12/site-packages/airflow/example_dags/example_inlet_event_extra.py took 5.680 seconds
[2024-11-23T17:07:18.623+0000] {processor.py:186} INFO - Started process (PID=524) to work on /home/airflow/.local/lib/python3.12/site-packages/airflow/example_dags/example_inlet_event_extra.py
[2024-11-23T17:07:18.635+0000] {processor.py:914} INFO - Processing file /home/airflow/.local/lib/python3.12/site-packages/airflow/example_dags/example_inlet_event_extra.py for tasks to queue
[2024-11-23T17:07:18.652+0000] {logging_mixin.py:190} INFO - [2024-11-23T17:07:18.642+0000] {dagbag.py:588} INFO - Filling up the DagBag from /home/airflow/.local/lib/python3.12/site-packages/airflow/example_dags/example_inlet_event_extra.py
[2024-11-23T17:07:19.385+0000] {processor.py:925} INFO - DAG(s) 'read_dataset_event', 'read_dataset_event_from_classic' retrieved from /home/airflow/.local/lib/python3.12/site-packages/airflow/example_dags/example_inlet_event_extra.py
[2024-11-23T17:07:19.569+0000] {logging_mixin.py:190} INFO - [2024-11-23T17:07:19.568+0000] {dag.py:3239} INFO - Sync 2 DAGs
[2024-11-23T17:07:19.670+0000] {logging_mixin.py:190} INFO - [2024-11-23T17:07:19.669+0000] {dag.py:4180} INFO - Setting next_dagrun for read_dataset_event to 2024-11-22 00:00:00+00:00, run_after=2024-11-23 00:00:00+00:00
[2024-11-23T17:07:19.688+0000] {logging_mixin.py:190} INFO - [2024-11-23T17:07:19.687+0000] {dag.py:4180} INFO - Setting next_dagrun for read_dataset_event_from_classic to 2024-11-22 00:00:00+00:00, run_after=2024-11-23 00:00:00+00:00
[2024-11-23T17:07:19.807+0000] {processor.py:208} INFO - Processing /home/airflow/.local/lib/python3.12/site-packages/airflow/example_dags/example_inlet_event_extra.py took 1.207 seconds
[2024-11-23T17:07:52.216+0000] {processor.py:186} INFO - Started process (PID=590) to work on /home/airflow/.local/lib/python3.12/site-packages/airflow/example_dags/example_inlet_event_extra.py
[2024-11-23T17:07:52.223+0000] {processor.py:914} INFO - Processing file /home/airflow/.local/lib/python3.12/site-packages/airflow/example_dags/example_inlet_event_extra.py for tasks to queue
[2024-11-23T17:07:52.237+0000] {logging_mixin.py:190} INFO - [2024-11-23T17:07:52.236+0000] {dagbag.py:588} INFO - Filling up the DagBag from /home/airflow/.local/lib/python3.12/site-packages/airflow/example_dags/example_inlet_event_extra.py
[2024-11-23T17:07:52.825+0000] {processor.py:925} INFO - DAG(s) 'read_dataset_event_from_classic', 'read_dataset_event' retrieved from /home/airflow/.local/lib/python3.12/site-packages/airflow/example_dags/example_inlet_event_extra.py
[2024-11-23T17:07:52.995+0000] {logging_mixin.py:190} INFO - [2024-11-23T17:07:52.995+0000] {dag.py:3239} INFO - Sync 2 DAGs
[2024-11-23T17:07:53.185+0000] {logging_mixin.py:190} INFO - [2024-11-23T17:07:53.184+0000] {dag.py:4180} INFO - Setting next_dagrun for read_dataset_event to 2024-11-22 00:00:00+00:00, run_after=2024-11-23 00:00:00+00:00
[2024-11-23T17:07:53.233+0000] {logging_mixin.py:190} INFO - [2024-11-23T17:07:53.232+0000] {dag.py:4180} INFO - Setting next_dagrun for read_dataset_event_from_classic to 2024-11-22 00:00:00+00:00, run_after=2024-11-23 00:00:00+00:00
[2024-11-23T17:07:53.336+0000] {processor.py:208} INFO - Processing /home/airflow/.local/lib/python3.12/site-packages/airflow/example_dags/example_inlet_event_extra.py took 1.144 seconds
[2024-11-23T17:08:32.960+0000] {processor.py:186} INFO - Started process (PID=663) to work on /home/airflow/.local/lib/python3.12/site-packages/airflow/example_dags/example_inlet_event_extra.py
[2024-11-23T17:08:32.999+0000] {processor.py:914} INFO - Processing file /home/airflow/.local/lib/python3.12/site-packages/airflow/example_dags/example_inlet_event_extra.py for tasks to queue
[2024-11-23T17:08:33.015+0000] {logging_mixin.py:190} INFO - [2024-11-23T17:08:33.014+0000] {dagbag.py:588} INFO - Filling up the DagBag from /home/airflow/.local/lib/python3.12/site-packages/airflow/example_dags/example_inlet_event_extra.py
[2024-11-23T17:08:35.343+0000] {processor.py:925} INFO - DAG(s) 'read_dataset_event', 'read_dataset_event_from_classic' retrieved from /home/airflow/.local/lib/python3.12/site-packages/airflow/example_dags/example_inlet_event_extra.py
[2024-11-23T17:08:35.665+0000] {logging_mixin.py:190} INFO - [2024-11-23T17:08:35.664+0000] {dag.py:3239} INFO - Sync 2 DAGs
[2024-11-23T17:08:35.921+0000] {logging_mixin.py:190} INFO - [2024-11-23T17:08:35.921+0000] {dag.py:4180} INFO - Setting next_dagrun for read_dataset_event to 2024-11-22 00:00:00+00:00, run_after=2024-11-23 00:00:00+00:00
[2024-11-23T17:08:35.962+0000] {logging_mixin.py:190} INFO - [2024-11-23T17:08:35.962+0000] {dag.py:4180} INFO - Setting next_dagrun for read_dataset_event_from_classic to 2024-11-22 00:00:00+00:00, run_after=2024-11-23 00:00:00+00:00
[2024-11-23T17:08:36.164+0000] {processor.py:208} INFO - Processing /home/airflow/.local/lib/python3.12/site-packages/airflow/example_dags/example_inlet_event_extra.py took 3.296 seconds
[2024-11-23T17:09:10.052+0000] {processor.py:186} INFO - Started process (PID=728) to work on /home/airflow/.local/lib/python3.12/site-packages/airflow/example_dags/example_inlet_event_extra.py
[2024-11-23T17:09:10.056+0000] {processor.py:914} INFO - Processing file /home/airflow/.local/lib/python3.12/site-packages/airflow/example_dags/example_inlet_event_extra.py for tasks to queue
[2024-11-23T17:09:10.080+0000] {logging_mixin.py:190} INFO - [2024-11-23T17:09:10.078+0000] {dagbag.py:588} INFO - Filling up the DagBag from /home/airflow/.local/lib/python3.12/site-packages/airflow/example_dags/example_inlet_event_extra.py
[2024-11-23T17:09:13.739+0000] {processor.py:925} INFO - DAG(s) 'read_dataset_event', 'read_dataset_event_from_classic' retrieved from /home/airflow/.local/lib/python3.12/site-packages/airflow/example_dags/example_inlet_event_extra.py
[2024-11-23T17:09:14.069+0000] {logging_mixin.py:190} INFO - [2024-11-23T17:09:14.068+0000] {dag.py:3239} INFO - Sync 2 DAGs
[2024-11-23T17:09:18.046+0000] {logging_mixin.py:190} INFO - [2024-11-23T17:09:18.043+0000] {dag.py:4180} INFO - Setting next_dagrun for read_dataset_event to 2024-11-22 00:00:00+00:00, run_after=2024-11-23 00:00:00+00:00
[2024-11-23T17:09:18.090+0000] {logging_mixin.py:190} INFO - [2024-11-23T17:09:18.089+0000] {dag.py:4180} INFO - Setting next_dagrun for read_dataset_event_from_classic to 2024-11-22 00:00:00+00:00, run_after=2024-11-23 00:00:00+00:00
[2024-11-23T17:09:18.982+0000] {processor.py:208} INFO - Processing /home/airflow/.local/lib/python3.12/site-packages/airflow/example_dags/example_inlet_event_extra.py took 9.392 seconds
[2024-11-23T17:10:29.938+0000] {processor.py:186} INFO - Started process (PID=812) to work on /home/airflow/.local/lib/python3.12/site-packages/airflow/example_dags/example_inlet_event_extra.py
[2024-11-23T17:10:29.995+0000] {processor.py:914} INFO - Processing file /home/airflow/.local/lib/python3.12/site-packages/airflow/example_dags/example_inlet_event_extra.py for tasks to queue
[2024-11-23T17:10:30.001+0000] {logging_mixin.py:190} INFO - [2024-11-23T17:10:30.000+0000] {dagbag.py:588} INFO - Filling up the DagBag from /home/airflow/.local/lib/python3.12/site-packages/airflow/example_dags/example_inlet_event_extra.py
[2024-11-23T17:10:31.021+0000] {processor.py:925} INFO - DAG(s) 'read_dataset_event_from_classic', 'read_dataset_event' retrieved from /home/airflow/.local/lib/python3.12/site-packages/airflow/example_dags/example_inlet_event_extra.py
[2024-11-23T17:10:31.646+0000] {logging_mixin.py:190} INFO - [2024-11-23T17:10:31.645+0000] {dag.py:3239} INFO - Sync 2 DAGs
[2024-11-23T17:10:32.982+0000] {logging_mixin.py:190} INFO - [2024-11-23T17:10:32.980+0000] {dag.py:4180} INFO - Setting next_dagrun for read_dataset_event to 2024-11-22 00:00:00+00:00, run_after=2024-11-23 00:00:00+00:00
[2024-11-23T17:10:33.149+0000] {logging_mixin.py:190} INFO - [2024-11-23T17:10:33.140+0000] {dag.py:4180} INFO - Setting next_dagrun for read_dataset_event_from_classic to 2024-11-22 00:00:00+00:00, run_after=2024-11-23 00:00:00+00:00
[2024-11-23T17:10:33.464+0000] {processor.py:208} INFO - Processing /home/airflow/.local/lib/python3.12/site-packages/airflow/example_dags/example_inlet_event_extra.py took 3.535 seconds
[2024-11-23T17:11:15.017+0000] {processor.py:186} INFO - Started process (PID=885) to work on /home/airflow/.local/lib/python3.12/site-packages/airflow/example_dags/example_inlet_event_extra.py
[2024-11-23T17:11:15.033+0000] {processor.py:914} INFO - Processing file /home/airflow/.local/lib/python3.12/site-packages/airflow/example_dags/example_inlet_event_extra.py for tasks to queue
[2024-11-23T17:11:15.046+0000] {logging_mixin.py:190} INFO - [2024-11-23T17:11:15.045+0000] {dagbag.py:588} INFO - Filling up the DagBag from /home/airflow/.local/lib/python3.12/site-packages/airflow/example_dags/example_inlet_event_extra.py
[2024-11-23T17:11:16.163+0000] {processor.py:925} INFO - DAG(s) 'read_dataset_event_from_classic', 'read_dataset_event' retrieved from /home/airflow/.local/lib/python3.12/site-packages/airflow/example_dags/example_inlet_event_extra.py
[2024-11-23T17:11:16.381+0000] {logging_mixin.py:190} INFO - [2024-11-23T17:11:16.380+0000] {dag.py:3239} INFO - Sync 2 DAGs
[2024-11-23T17:11:16.650+0000] {logging_mixin.py:190} INFO - [2024-11-23T17:11:16.650+0000] {dag.py:4180} INFO - Setting next_dagrun for read_dataset_event to 2024-11-22 00:00:00+00:00, run_after=2024-11-23 00:00:00+00:00
[2024-11-23T17:11:16.687+0000] {logging_mixin.py:190} INFO - [2024-11-23T17:11:16.686+0000] {dag.py:4180} INFO - Setting next_dagrun for read_dataset_event_from_classic to 2024-11-22 00:00:00+00:00, run_after=2024-11-23 00:00:00+00:00
[2024-11-23T17:11:16.833+0000] {processor.py:208} INFO - Processing /home/airflow/.local/lib/python3.12/site-packages/airflow/example_dags/example_inlet_event_extra.py took 1.880 seconds
[2024-11-23T17:11:48.867+0000] {processor.py:186} INFO - Started process (PID=951) to work on /home/airflow/.local/lib/python3.12/site-packages/airflow/example_dags/example_inlet_event_extra.py
[2024-11-23T17:11:48.892+0000] {processor.py:914} INFO - Processing file /home/airflow/.local/lib/python3.12/site-packages/airflow/example_dags/example_inlet_event_extra.py for tasks to queue
[2024-11-23T17:11:48.896+0000] {logging_mixin.py:190} INFO - [2024-11-23T17:11:48.896+0000] {dagbag.py:588} INFO - Filling up the DagBag from /home/airflow/.local/lib/python3.12/site-packages/airflow/example_dags/example_inlet_event_extra.py
[2024-11-23T17:11:49.305+0000] {processor.py:925} INFO - DAG(s) 'read_dataset_event_from_classic', 'read_dataset_event' retrieved from /home/airflow/.local/lib/python3.12/site-packages/airflow/example_dags/example_inlet_event_extra.py
[2024-11-23T17:11:49.464+0000] {logging_mixin.py:190} INFO - [2024-11-23T17:11:49.464+0000] {dag.py:3239} INFO - Sync 2 DAGs
[2024-11-23T17:11:49.504+0000] {logging_mixin.py:190} INFO - [2024-11-23T17:11:49.504+0000] {dag.py:4180} INFO - Setting next_dagrun for read_dataset_event to 2024-11-22 00:00:00+00:00, run_after=2024-11-23 00:00:00+00:00
[2024-11-23T17:11:49.511+0000] {logging_mixin.py:190} INFO - [2024-11-23T17:11:49.510+0000] {dag.py:4180} INFO - Setting next_dagrun for read_dataset_event_from_classic to 2024-11-22 00:00:00+00:00, run_after=2024-11-23 00:00:00+00:00
[2024-11-23T17:11:49.739+0000] {processor.py:208} INFO - Processing /home/airflow/.local/lib/python3.12/site-packages/airflow/example_dags/example_inlet_event_extra.py took 0.883 seconds
[2024-11-23T17:12:24.345+0000] {processor.py:186} INFO - Started process (PID=1018) to work on /home/airflow/.local/lib/python3.12/site-packages/airflow/example_dags/example_inlet_event_extra.py
[2024-11-23T17:12:24.358+0000] {processor.py:914} INFO - Processing file /home/airflow/.local/lib/python3.12/site-packages/airflow/example_dags/example_inlet_event_extra.py for tasks to queue
[2024-11-23T17:12:24.364+0000] {logging_mixin.py:190} INFO - [2024-11-23T17:12:24.363+0000] {dagbag.py:588} INFO - Filling up the DagBag from /home/airflow/.local/lib/python3.12/site-packages/airflow/example_dags/example_inlet_event_extra.py
[2024-11-23T17:12:26.675+0000] {processor.py:925} INFO - DAG(s) 'read_dataset_event_from_classic', 'read_dataset_event' retrieved from /home/airflow/.local/lib/python3.12/site-packages/airflow/example_dags/example_inlet_event_extra.py
[2024-11-23T17:12:27.862+0000] {logging_mixin.py:190} INFO - [2024-11-23T17:12:27.859+0000] {dag.py:3239} INFO - Sync 2 DAGs
[2024-11-23T17:12:28.494+0000] {logging_mixin.py:190} INFO - [2024-11-23T17:12:28.493+0000] {dag.py:4180} INFO - Setting next_dagrun for read_dataset_event to 2024-11-22 00:00:00+00:00, run_after=2024-11-23 00:00:00+00:00
[2024-11-23T17:12:28.534+0000] {logging_mixin.py:190} INFO - [2024-11-23T17:12:28.533+0000] {dag.py:4180} INFO - Setting next_dagrun for read_dataset_event_from_classic to 2024-11-22 00:00:00+00:00, run_after=2024-11-23 00:00:00+00:00
[2024-11-23T17:12:28.746+0000] {processor.py:208} INFO - Processing /home/airflow/.local/lib/python3.12/site-packages/airflow/example_dags/example_inlet_event_extra.py took 4.437 seconds
[2024-11-23T17:13:05.170+0000] {processor.py:186} INFO - Started process (PID=1084) to work on /home/airflow/.local/lib/python3.12/site-packages/airflow/example_dags/example_inlet_event_extra.py
[2024-11-23T17:13:05.380+0000] {processor.py:914} INFO - Processing file /home/airflow/.local/lib/python3.12/site-packages/airflow/example_dags/example_inlet_event_extra.py for tasks to queue
[2024-11-23T17:13:05.561+0000] {logging_mixin.py:190} INFO - [2024-11-23T17:13:05.560+0000] {dagbag.py:588} INFO - Filling up the DagBag from /home/airflow/.local/lib/python3.12/site-packages/airflow/example_dags/example_inlet_event_extra.py
[2024-11-23T17:13:10.026+0000] {processor.py:925} INFO - DAG(s) 'read_dataset_event_from_classic', 'read_dataset_event' retrieved from /home/airflow/.local/lib/python3.12/site-packages/airflow/example_dags/example_inlet_event_extra.py
[2024-11-23T17:13:10.090+0000] {logging_mixin.py:190} INFO - [2024-11-23T17:13:10.090+0000] {dag.py:3239} INFO - Sync 2 DAGs
[2024-11-23T17:13:10.172+0000] {logging_mixin.py:190} INFO - [2024-11-23T17:13:10.172+0000] {dag.py:4180} INFO - Setting next_dagrun for read_dataset_event to 2024-11-22 00:00:00+00:00, run_after=2024-11-23 00:00:00+00:00
[2024-11-23T17:13:10.183+0000] {logging_mixin.py:190} INFO - [2024-11-23T17:13:10.183+0000] {dag.py:4180} INFO - Setting next_dagrun for read_dataset_event_from_classic to 2024-11-22 00:00:00+00:00, run_after=2024-11-23 00:00:00+00:00
[2024-11-23T17:13:10.603+0000] {processor.py:208} INFO - Processing /home/airflow/.local/lib/python3.12/site-packages/airflow/example_dags/example_inlet_event_extra.py took 5.467 seconds
[2024-11-23T17:13:55.426+0000] {processor.py:186} INFO - Started process (PID=1138) to work on /home/airflow/.local/lib/python3.12/site-packages/airflow/example_dags/example_inlet_event_extra.py
[2024-11-23T17:13:55.441+0000] {processor.py:914} INFO - Processing file /home/airflow/.local/lib/python3.12/site-packages/airflow/example_dags/example_inlet_event_extra.py for tasks to queue
[2024-11-23T17:13:55.451+0000] {logging_mixin.py:190} INFO - [2024-11-23T17:13:55.450+0000] {dagbag.py:588} INFO - Filling up the DagBag from /home/airflow/.local/lib/python3.12/site-packages/airflow/example_dags/example_inlet_event_extra.py
[2024-11-23T17:13:57.891+0000] {processor.py:925} INFO - DAG(s) 'read_dataset_event', 'read_dataset_event_from_classic' retrieved from /home/airflow/.local/lib/python3.12/site-packages/airflow/example_dags/example_inlet_event_extra.py
[2024-11-23T17:13:58.030+0000] {logging_mixin.py:190} INFO - [2024-11-23T17:13:58.029+0000] {dag.py:3239} INFO - Sync 2 DAGs
[2024-11-23T17:13:58.163+0000] {logging_mixin.py:190} INFO - [2024-11-23T17:13:58.162+0000] {dag.py:4180} INFO - Setting next_dagrun for read_dataset_event to 2024-11-22 00:00:00+00:00, run_after=2024-11-23 00:00:00+00:00
[2024-11-23T17:13:58.186+0000] {logging_mixin.py:190} INFO - [2024-11-23T17:13:58.186+0000] {dag.py:4180} INFO - Setting next_dagrun for read_dataset_event_from_classic to 2024-11-22 00:00:00+00:00, run_after=2024-11-23 00:00:00+00:00
[2024-11-23T17:13:58.281+0000] {processor.py:208} INFO - Processing /home/airflow/.local/lib/python3.12/site-packages/airflow/example_dags/example_inlet_event_extra.py took 2.969 seconds
[2024-11-23T17:14:29.402+0000] {processor.py:186} INFO - Started process (PID=1204) to work on /home/airflow/.local/lib/python3.12/site-packages/airflow/example_dags/example_inlet_event_extra.py
[2024-11-23T17:14:29.411+0000] {processor.py:914} INFO - Processing file /home/airflow/.local/lib/python3.12/site-packages/airflow/example_dags/example_inlet_event_extra.py for tasks to queue
[2024-11-23T17:14:29.464+0000] {logging_mixin.py:190} INFO - [2024-11-23T17:14:29.462+0000] {dagbag.py:588} INFO - Filling up the DagBag from /home/airflow/.local/lib/python3.12/site-packages/airflow/example_dags/example_inlet_event_extra.py
[2024-11-23T17:14:34.952+0000] {processor.py:925} INFO - DAG(s) 'read_dataset_event', 'read_dataset_event_from_classic' retrieved from /home/airflow/.local/lib/python3.12/site-packages/airflow/example_dags/example_inlet_event_extra.py
[2024-11-23T17:14:35.623+0000] {logging_mixin.py:190} INFO - [2024-11-23T17:14:35.621+0000] {dag.py:3239} INFO - Sync 2 DAGs
[2024-11-23T17:14:36.031+0000] {logging_mixin.py:190} INFO - [2024-11-23T17:14:36.030+0000] {dag.py:4180} INFO - Setting next_dagrun for read_dataset_event to 2024-11-22 00:00:00+00:00, run_after=2024-11-23 00:00:00+00:00
[2024-11-23T17:14:36.091+0000] {logging_mixin.py:190} INFO - [2024-11-23T17:14:36.090+0000] {dag.py:4180} INFO - Setting next_dagrun for read_dataset_event_from_classic to 2024-11-22 00:00:00+00:00, run_after=2024-11-23 00:00:00+00:00
[2024-11-23T17:14:36.257+0000] {processor.py:208} INFO - Processing /home/airflow/.local/lib/python3.12/site-packages/airflow/example_dags/example_inlet_event_extra.py took 6.963 seconds
[2024-11-23T17:15:06.657+0000] {processor.py:186} INFO - Started process (PID=1270) to work on /home/airflow/.local/lib/python3.12/site-packages/airflow/example_dags/example_inlet_event_extra.py
[2024-11-23T17:15:06.671+0000] {processor.py:914} INFO - Processing file /home/airflow/.local/lib/python3.12/site-packages/airflow/example_dags/example_inlet_event_extra.py for tasks to queue
[2024-11-23T17:15:06.706+0000] {logging_mixin.py:190} INFO - [2024-11-23T17:15:06.693+0000] {dagbag.py:588} INFO - Filling up the DagBag from /home/airflow/.local/lib/python3.12/site-packages/airflow/example_dags/example_inlet_event_extra.py
[2024-11-23T17:15:09.355+0000] {processor.py:925} INFO - DAG(s) 'read_dataset_event', 'read_dataset_event_from_classic' retrieved from /home/airflow/.local/lib/python3.12/site-packages/airflow/example_dags/example_inlet_event_extra.py
[2024-11-23T17:15:09.568+0000] {logging_mixin.py:190} INFO - [2024-11-23T17:15:09.564+0000] {dag.py:3239} INFO - Sync 2 DAGs
[2024-11-23T17:15:09.853+0000] {logging_mixin.py:190} INFO - [2024-11-23T17:15:09.852+0000] {dag.py:4180} INFO - Setting next_dagrun for read_dataset_event to 2024-11-22 00:00:00+00:00, run_after=2024-11-23 00:00:00+00:00
[2024-11-23T17:15:09.885+0000] {logging_mixin.py:190} INFO - [2024-11-23T17:15:09.885+0000] {dag.py:4180} INFO - Setting next_dagrun for read_dataset_event_from_classic to 2024-11-22 00:00:00+00:00, run_after=2024-11-23 00:00:00+00:00
[2024-11-23T17:15:10.102+0000] {processor.py:208} INFO - Processing /home/airflow/.local/lib/python3.12/site-packages/airflow/example_dags/example_inlet_event_extra.py took 3.474 seconds
[2024-11-23T17:15:42.048+0000] {processor.py:186} INFO - Started process (PID=1336) to work on /home/airflow/.local/lib/python3.12/site-packages/airflow/example_dags/example_inlet_event_extra.py
[2024-11-23T17:15:42.164+0000] {processor.py:914} INFO - Processing file /home/airflow/.local/lib/python3.12/site-packages/airflow/example_dags/example_inlet_event_extra.py for tasks to queue
[2024-11-23T17:15:42.737+0000] {logging_mixin.py:190} INFO - [2024-11-23T17:15:42.719+0000] {dagbag.py:588} INFO - Filling up the DagBag from /home/airflow/.local/lib/python3.12/site-packages/airflow/example_dags/example_inlet_event_extra.py
[2024-11-23T17:15:51.691+0000] {processor.py:925} INFO - DAG(s) 'read_dataset_event', 'read_dataset_event_from_classic' retrieved from /home/airflow/.local/lib/python3.12/site-packages/airflow/example_dags/example_inlet_event_extra.py
[2024-11-23T17:15:52.592+0000] {logging_mixin.py:190} INFO - [2024-11-23T17:15:52.587+0000] {dag.py:3239} INFO - Sync 2 DAGs
[2024-11-23T17:15:53.219+0000] {logging_mixin.py:190} INFO - [2024-11-23T17:15:53.218+0000] {dag.py:4180} INFO - Setting next_dagrun for read_dataset_event to 2024-11-22 00:00:00+00:00, run_after=2024-11-23 00:00:00+00:00
[2024-11-23T17:15:53.290+0000] {logging_mixin.py:190} INFO - [2024-11-23T17:15:53.290+0000] {dag.py:4180} INFO - Setting next_dagrun for read_dataset_event_from_classic to 2024-11-22 00:00:00+00:00, run_after=2024-11-23 00:00:00+00:00
[2024-11-23T17:15:53.928+0000] {processor.py:208} INFO - Processing /home/airflow/.local/lib/python3.12/site-packages/airflow/example_dags/example_inlet_event_extra.py took 13.693 seconds
[2024-11-23T17:16:24.770+0000] {processor.py:186} INFO - Started process (PID=1408) to work on /home/airflow/.local/lib/python3.12/site-packages/airflow/example_dags/example_inlet_event_extra.py
[2024-11-23T17:16:24.795+0000] {processor.py:914} INFO - Processing file /home/airflow/.local/lib/python3.12/site-packages/airflow/example_dags/example_inlet_event_extra.py for tasks to queue
[2024-11-23T17:16:24.904+0000] {logging_mixin.py:190} INFO - [2024-11-23T17:16:24.903+0000] {dagbag.py:588} INFO - Filling up the DagBag from /home/airflow/.local/lib/python3.12/site-packages/airflow/example_dags/example_inlet_event_extra.py
[2024-11-23T17:16:28.185+0000] {processor.py:925} INFO - DAG(s) 'read_dataset_event_from_classic', 'read_dataset_event' retrieved from /home/airflow/.local/lib/python3.12/site-packages/airflow/example_dags/example_inlet_event_extra.py
[2024-11-23T17:16:28.392+0000] {logging_mixin.py:190} INFO - [2024-11-23T17:16:28.392+0000] {dag.py:3239} INFO - Sync 2 DAGs
[2024-11-23T17:16:28.621+0000] {logging_mixin.py:190} INFO - [2024-11-23T17:16:28.621+0000] {dag.py:4180} INFO - Setting next_dagrun for read_dataset_event to 2024-11-22 00:00:00+00:00, run_after=2024-11-23 00:00:00+00:00
[2024-11-23T17:16:28.637+0000] {logging_mixin.py:190} INFO - [2024-11-23T17:16:28.637+0000] {dag.py:4180} INFO - Setting next_dagrun for read_dataset_event_from_classic to 2024-11-22 00:00:00+00:00, run_after=2024-11-23 00:00:00+00:00
[2024-11-23T17:16:28.721+0000] {processor.py:208} INFO - Processing /home/airflow/.local/lib/python3.12/site-packages/airflow/example_dags/example_inlet_event_extra.py took 3.973 seconds
[2024-11-23T17:16:58.889+0000] {processor.py:186} INFO - Started process (PID=1473) to work on /home/airflow/.local/lib/python3.12/site-packages/airflow/example_dags/example_inlet_event_extra.py
[2024-11-23T17:16:58.893+0000] {processor.py:914} INFO - Processing file /home/airflow/.local/lib/python3.12/site-packages/airflow/example_dags/example_inlet_event_extra.py for tasks to queue
[2024-11-23T17:16:58.919+0000] {logging_mixin.py:190} INFO - [2024-11-23T17:16:58.903+0000] {dagbag.py:588} INFO - Filling up the DagBag from /home/airflow/.local/lib/python3.12/site-packages/airflow/example_dags/example_inlet_event_extra.py
[2024-11-23T17:17:01.238+0000] {processor.py:925} INFO - DAG(s) 'read_dataset_event', 'read_dataset_event_from_classic' retrieved from /home/airflow/.local/lib/python3.12/site-packages/airflow/example_dags/example_inlet_event_extra.py
[2024-11-23T17:17:01.503+0000] {logging_mixin.py:190} INFO - [2024-11-23T17:17:01.502+0000] {dag.py:3239} INFO - Sync 2 DAGs
[2024-11-23T17:17:01.874+0000] {logging_mixin.py:190} INFO - [2024-11-23T17:17:01.870+0000] {dag.py:4180} INFO - Setting next_dagrun for read_dataset_event to 2024-11-22 00:00:00+00:00, run_after=2024-11-23 00:00:00+00:00
[2024-11-23T17:17:01.923+0000] {logging_mixin.py:190} INFO - [2024-11-23T17:17:01.922+0000] {dag.py:4180} INFO - Setting next_dagrun for read_dataset_event_from_classic to 2024-11-22 00:00:00+00:00, run_after=2024-11-23 00:00:00+00:00
[2024-11-23T17:17:02.074+0000] {processor.py:208} INFO - Processing /home/airflow/.local/lib/python3.12/site-packages/airflow/example_dags/example_inlet_event_extra.py took 3.510 seconds
[2024-11-23T17:17:32.522+0000] {processor.py:186} INFO - Started process (PID=1539) to work on /home/airflow/.local/lib/python3.12/site-packages/airflow/example_dags/example_inlet_event_extra.py
[2024-11-23T17:17:32.525+0000] {processor.py:914} INFO - Processing file /home/airflow/.local/lib/python3.12/site-packages/airflow/example_dags/example_inlet_event_extra.py for tasks to queue
[2024-11-23T17:17:32.541+0000] {logging_mixin.py:190} INFO - [2024-11-23T17:17:32.540+0000] {dagbag.py:588} INFO - Filling up the DagBag from /home/airflow/.local/lib/python3.12/site-packages/airflow/example_dags/example_inlet_event_extra.py
[2024-11-23T17:17:34.148+0000] {processor.py:925} INFO - DAG(s) 'read_dataset_event', 'read_dataset_event_from_classic' retrieved from /home/airflow/.local/lib/python3.12/site-packages/airflow/example_dags/example_inlet_event_extra.py
[2024-11-23T17:17:34.225+0000] {logging_mixin.py:190} INFO - [2024-11-23T17:17:34.224+0000] {dag.py:3239} INFO - Sync 2 DAGs
[2024-11-23T17:17:34.383+0000] {logging_mixin.py:190} INFO - [2024-11-23T17:17:34.382+0000] {dag.py:4180} INFO - Setting next_dagrun for read_dataset_event to 2024-11-22 00:00:00+00:00, run_after=2024-11-23 00:00:00+00:00
[2024-11-23T17:17:34.402+0000] {logging_mixin.py:190} INFO - [2024-11-23T17:17:34.401+0000] {dag.py:4180} INFO - Setting next_dagrun for read_dataset_event_from_classic to 2024-11-22 00:00:00+00:00, run_after=2024-11-23 00:00:00+00:00
[2024-11-23T17:17:34.549+0000] {processor.py:208} INFO - Processing /home/airflow/.local/lib/python3.12/site-packages/airflow/example_dags/example_inlet_event_extra.py took 2.064 seconds
[2024-11-23T17:18:06.800+0000] {processor.py:186} INFO - Started process (PID=1605) to work on /home/airflow/.local/lib/python3.12/site-packages/airflow/example_dags/example_inlet_event_extra.py
[2024-11-23T17:18:06.806+0000] {processor.py:914} INFO - Processing file /home/airflow/.local/lib/python3.12/site-packages/airflow/example_dags/example_inlet_event_extra.py for tasks to queue
[2024-11-23T17:18:06.815+0000] {logging_mixin.py:190} INFO - [2024-11-23T17:18:06.811+0000] {dagbag.py:588} INFO - Filling up the DagBag from /home/airflow/.local/lib/python3.12/site-packages/airflow/example_dags/example_inlet_event_extra.py
[2024-11-23T17:18:07.839+0000] {processor.py:925} INFO - DAG(s) 'read_dataset_event', 'read_dataset_event_from_classic' retrieved from /home/airflow/.local/lib/python3.12/site-packages/airflow/example_dags/example_inlet_event_extra.py
[2024-11-23T17:18:07.954+0000] {logging_mixin.py:190} INFO - [2024-11-23T17:18:07.953+0000] {dag.py:3239} INFO - Sync 2 DAGs
[2024-11-23T17:18:08.147+0000] {logging_mixin.py:190} INFO - [2024-11-23T17:18:08.146+0000] {dag.py:4180} INFO - Setting next_dagrun for read_dataset_event to 2024-11-22 00:00:00+00:00, run_after=2024-11-23 00:00:00+00:00
[2024-11-23T17:18:08.199+0000] {logging_mixin.py:190} INFO - [2024-11-23T17:18:08.198+0000] {dag.py:4180} INFO - Setting next_dagrun for read_dataset_event_from_classic to 2024-11-22 00:00:00+00:00, run_after=2024-11-23 00:00:00+00:00
[2024-11-23T17:18:08.296+0000] {processor.py:208} INFO - Processing /home/airflow/.local/lib/python3.12/site-packages/airflow/example_dags/example_inlet_event_extra.py took 1.527 seconds
[2024-11-23T17:18:41.214+0000] {processor.py:186} INFO - Started process (PID=1669) to work on /home/airflow/.local/lib/python3.12/site-packages/airflow/example_dags/example_inlet_event_extra.py
[2024-11-23T17:18:41.238+0000] {processor.py:914} INFO - Processing file /home/airflow/.local/lib/python3.12/site-packages/airflow/example_dags/example_inlet_event_extra.py for tasks to queue
[2024-11-23T17:18:41.256+0000] {logging_mixin.py:190} INFO - [2024-11-23T17:18:41.255+0000] {dagbag.py:588} INFO - Filling up the DagBag from /home/airflow/.local/lib/python3.12/site-packages/airflow/example_dags/example_inlet_event_extra.py
[2024-11-23T17:18:42.625+0000] {processor.py:925} INFO - DAG(s) 'read_dataset_event_from_classic', 'read_dataset_event' retrieved from /home/airflow/.local/lib/python3.12/site-packages/airflow/example_dags/example_inlet_event_extra.py
[2024-11-23T17:18:42.796+0000] {logging_mixin.py:190} INFO - [2024-11-23T17:18:42.795+0000] {dag.py:3239} INFO - Sync 2 DAGs
[2024-11-23T17:18:42.896+0000] {logging_mixin.py:190} INFO - [2024-11-23T17:18:42.896+0000] {dag.py:4180} INFO - Setting next_dagrun for read_dataset_event to 2024-11-22 00:00:00+00:00, run_after=2024-11-23 00:00:00+00:00
[2024-11-23T17:18:42.923+0000] {logging_mixin.py:190} INFO - [2024-11-23T17:18:42.922+0000] {dag.py:4180} INFO - Setting next_dagrun for read_dataset_event_from_classic to 2024-11-22 00:00:00+00:00, run_after=2024-11-23 00:00:00+00:00
[2024-11-23T17:18:43.004+0000] {processor.py:208} INFO - Processing /home/airflow/.local/lib/python3.12/site-packages/airflow/example_dags/example_inlet_event_extra.py took 1.832 seconds
[2024-11-23T17:19:18.674+0000] {processor.py:186} INFO - Started process (PID=1735) to work on /home/airflow/.local/lib/python3.12/site-packages/airflow/example_dags/example_inlet_event_extra.py
[2024-11-23T17:19:18.689+0000] {processor.py:914} INFO - Processing file /home/airflow/.local/lib/python3.12/site-packages/airflow/example_dags/example_inlet_event_extra.py for tasks to queue
[2024-11-23T17:19:18.858+0000] {logging_mixin.py:190} INFO - [2024-11-23T17:19:18.803+0000] {dagbag.py:588} INFO - Filling up the DagBag from /home/airflow/.local/lib/python3.12/site-packages/airflow/example_dags/example_inlet_event_extra.py
[2024-11-23T17:19:21.059+0000] {processor.py:925} INFO - DAG(s) 'read_dataset_event', 'read_dataset_event_from_classic' retrieved from /home/airflow/.local/lib/python3.12/site-packages/airflow/example_dags/example_inlet_event_extra.py
[2024-11-23T17:19:21.180+0000] {logging_mixin.py:190} INFO - [2024-11-23T17:19:21.180+0000] {dag.py:3239} INFO - Sync 2 DAGs
[2024-11-23T17:19:21.288+0000] {logging_mixin.py:190} INFO - [2024-11-23T17:19:21.288+0000] {dag.py:4180} INFO - Setting next_dagrun for read_dataset_event to 2024-11-22 00:00:00+00:00, run_after=2024-11-23 00:00:00+00:00
[2024-11-23T17:19:21.308+0000] {logging_mixin.py:190} INFO - [2024-11-23T17:19:21.308+0000] {dag.py:4180} INFO - Setting next_dagrun for read_dataset_event_from_classic to 2024-11-22 00:00:00+00:00, run_after=2024-11-23 00:00:00+00:00
[2024-11-23T17:19:21.393+0000] {processor.py:208} INFO - Processing /home/airflow/.local/lib/python3.12/site-packages/airflow/example_dags/example_inlet_event_extra.py took 2.826 seconds
[2024-11-23T17:20:29.375+0000] {processor.py:186} INFO - Started process (PID=1804) to work on /home/airflow/.local/lib/python3.12/site-packages/airflow/example_dags/example_inlet_event_extra.py
[2024-11-23T17:20:29.378+0000] {processor.py:914} INFO - Processing file /home/airflow/.local/lib/python3.12/site-packages/airflow/example_dags/example_inlet_event_extra.py for tasks to queue
[2024-11-23T17:20:29.406+0000] {logging_mixin.py:190} INFO - [2024-11-23T17:20:29.399+0000] {dagbag.py:588} INFO - Filling up the DagBag from /home/airflow/.local/lib/python3.12/site-packages/airflow/example_dags/example_inlet_event_extra.py
[2024-11-23T17:20:38.557+0000] {processor.py:925} INFO - DAG(s) 'read_dataset_event_from_classic', 'read_dataset_event' retrieved from /home/airflow/.local/lib/python3.12/site-packages/airflow/example_dags/example_inlet_event_extra.py
[2024-11-23T17:20:39.085+0000] {logging_mixin.py:190} INFO - [2024-11-23T17:20:39.068+0000] {dag.py:3239} INFO - Sync 2 DAGs
[2024-11-23T17:20:40.016+0000] {logging_mixin.py:190} INFO - [2024-11-23T17:20:40.015+0000] {dag.py:4180} INFO - Setting next_dagrun for read_dataset_event to 2024-11-22 00:00:00+00:00, run_after=2024-11-23 00:00:00+00:00
[2024-11-23T17:20:40.088+0000] {logging_mixin.py:190} INFO - [2024-11-23T17:20:40.087+0000] {dag.py:4180} INFO - Setting next_dagrun for read_dataset_event_from_classic to 2024-11-22 00:00:00+00:00, run_after=2024-11-23 00:00:00+00:00
[2024-11-23T17:20:40.541+0000] {processor.py:208} INFO - Processing /home/airflow/.local/lib/python3.12/site-packages/airflow/example_dags/example_inlet_event_extra.py took 11.230 seconds
[2024-11-23T17:22:39.229+0000] {processor.py:186} INFO - Started process (PID=1879) to work on /home/airflow/.local/lib/python3.12/site-packages/airflow/example_dags/example_inlet_event_extra.py
[2024-11-23T17:22:39.232+0000] {processor.py:914} INFO - Processing file /home/airflow/.local/lib/python3.12/site-packages/airflow/example_dags/example_inlet_event_extra.py for tasks to queue
[2024-11-23T17:22:39.237+0000] {logging_mixin.py:190} INFO - [2024-11-23T17:22:39.236+0000] {dagbag.py:588} INFO - Filling up the DagBag from /home/airflow/.local/lib/python3.12/site-packages/airflow/example_dags/example_inlet_event_extra.py
[2024-11-23T17:22:47.488+0000] {processor.py:925} INFO - DAG(s) 'read_dataset_event', 'read_dataset_event_from_classic' retrieved from /home/airflow/.local/lib/python3.12/site-packages/airflow/example_dags/example_inlet_event_extra.py
[2024-11-23T17:22:49.460+0000] {logging_mixin.py:190} INFO - [2024-11-23T17:22:49.449+0000] {dag.py:3239} INFO - Sync 2 DAGs
[2024-11-23T17:22:50.400+0000] {logging_mixin.py:190} INFO - [2024-11-23T17:22:50.399+0000] {dag.py:4180} INFO - Setting next_dagrun for read_dataset_event to 2024-11-22 00:00:00+00:00, run_after=2024-11-23 00:00:00+00:00
[2024-11-23T17:22:50.435+0000] {logging_mixin.py:190} INFO - [2024-11-23T17:22:50.435+0000] {dag.py:4180} INFO - Setting next_dagrun for read_dataset_event_from_classic to 2024-11-22 00:00:00+00:00, run_after=2024-11-23 00:00:00+00:00
[2024-11-23T17:23:09.258+0000] {processor.py:208} INFO - Processing /home/airflow/.local/lib/python3.12/site-packages/airflow/example_dags/example_inlet_event_extra.py took 30.318 seconds
[2024-11-23T17:23:43.387+0000] {processor.py:186} INFO - Started process (PID=1950) to work on /home/airflow/.local/lib/python3.12/site-packages/airflow/example_dags/example_inlet_event_extra.py
[2024-11-23T17:23:43.423+0000] {processor.py:914} INFO - Processing file /home/airflow/.local/lib/python3.12/site-packages/airflow/example_dags/example_inlet_event_extra.py for tasks to queue
[2024-11-23T17:23:43.428+0000] {logging_mixin.py:190} INFO - [2024-11-23T17:23:43.427+0000] {dagbag.py:588} INFO - Filling up the DagBag from /home/airflow/.local/lib/python3.12/site-packages/airflow/example_dags/example_inlet_event_extra.py
[2024-11-23T17:23:45.192+0000] {processor.py:925} INFO - DAG(s) 'read_dataset_event_from_classic', 'read_dataset_event' retrieved from /home/airflow/.local/lib/python3.12/site-packages/airflow/example_dags/example_inlet_event_extra.py
[2024-11-23T17:23:45.245+0000] {logging_mixin.py:190} INFO - [2024-11-23T17:23:45.245+0000] {dag.py:3239} INFO - Sync 2 DAGs
[2024-11-23T17:23:58.707+0000] {logging_mixin.py:190} INFO - [2024-11-23T17:23:58.698+0000] {dag.py:4180} INFO - Setting next_dagrun for read_dataset_event to 2024-11-22 00:00:00+00:00, run_after=2024-11-23 00:00:00+00:00
[2024-11-23T17:23:58.784+0000] {logging_mixin.py:190} INFO - [2024-11-23T17:23:58.783+0000] {dag.py:4180} INFO - Setting next_dagrun for read_dataset_event_from_classic to 2024-11-22 00:00:00+00:00, run_after=2024-11-23 00:00:00+00:00
[2024-11-23T17:23:58.801+0000] {processor.py:208} INFO - Processing /home/airflow/.local/lib/python3.12/site-packages/airflow/example_dags/example_inlet_event_extra.py took 15.709 seconds
[2024-11-23T17:24:30.687+0000] {processor.py:186} INFO - Started process (PID=1989) to work on /home/airflow/.local/lib/python3.12/site-packages/airflow/example_dags/example_inlet_event_extra.py
[2024-11-23T17:24:30.691+0000] {processor.py:914} INFO - Processing file /home/airflow/.local/lib/python3.12/site-packages/airflow/example_dags/example_inlet_event_extra.py for tasks to queue
[2024-11-23T17:24:30.709+0000] {logging_mixin.py:190} INFO - [2024-11-23T17:24:30.708+0000] {dagbag.py:588} INFO - Filling up the DagBag from /home/airflow/.local/lib/python3.12/site-packages/airflow/example_dags/example_inlet_event_extra.py
[2024-11-23T17:24:31.589+0000] {processor.py:925} INFO - DAG(s) 'read_dataset_event', 'read_dataset_event_from_classic' retrieved from /home/airflow/.local/lib/python3.12/site-packages/airflow/example_dags/example_inlet_event_extra.py
[2024-11-23T17:24:31.648+0000] {logging_mixin.py:190} INFO - [2024-11-23T17:24:31.647+0000] {dag.py:3239} INFO - Sync 2 DAGs
[2024-11-23T17:24:31.703+0000] {logging_mixin.py:190} INFO - [2024-11-23T17:24:31.703+0000] {dag.py:4180} INFO - Setting next_dagrun for read_dataset_event to 2024-11-22 00:00:00+00:00, run_after=2024-11-23 00:00:00+00:00
[2024-11-23T17:24:31.719+0000] {logging_mixin.py:190} INFO - [2024-11-23T17:24:31.719+0000] {dag.py:4180} INFO - Setting next_dagrun for read_dataset_event_from_classic to 2024-11-22 00:00:00+00:00, run_after=2024-11-23 00:00:00+00:00
[2024-11-23T17:24:31.907+0000] {processor.py:208} INFO - Processing /home/airflow/.local/lib/python3.12/site-packages/airflow/example_dags/example_inlet_event_extra.py took 1.253 seconds
[2024-11-23T17:26:03.714+0000] {processor.py:186} INFO - Started process (PID=2055) to work on /home/airflow/.local/lib/python3.12/site-packages/airflow/example_dags/example_inlet_event_extra.py
[2024-11-23T17:26:03.730+0000] {processor.py:914} INFO - Processing file /home/airflow/.local/lib/python3.12/site-packages/airflow/example_dags/example_inlet_event_extra.py for tasks to queue
[2024-11-23T17:26:03.745+0000] {logging_mixin.py:190} INFO - [2024-11-23T17:26:03.744+0000] {dagbag.py:588} INFO - Filling up the DagBag from /home/airflow/.local/lib/python3.12/site-packages/airflow/example_dags/example_inlet_event_extra.py
[2024-11-23T17:26:06.651+0000] {processor.py:925} INFO - DAG(s) 'read_dataset_event_from_classic', 'read_dataset_event' retrieved from /home/airflow/.local/lib/python3.12/site-packages/airflow/example_dags/example_inlet_event_extra.py
[2024-11-23T17:26:06.800+0000] {logging_mixin.py:190} INFO - [2024-11-23T17:26:06.800+0000] {dag.py:3239} INFO - Sync 2 DAGs
[2024-11-23T17:26:06.972+0000] {logging_mixin.py:190} INFO - [2024-11-23T17:26:06.969+0000] {dag.py:4180} INFO - Setting next_dagrun for read_dataset_event to 2024-11-22 00:00:00+00:00, run_after=2024-11-23 00:00:00+00:00
[2024-11-23T17:26:14.090+0000] {logging_mixin.py:190} INFO - [2024-11-23T17:26:14.089+0000] {dag.py:4180} INFO - Setting next_dagrun for read_dataset_event_from_classic to 2024-11-22 00:00:00+00:00, run_after=2024-11-23 00:00:00+00:00
[2024-11-23T17:26:14.172+0000] {processor.py:208} INFO - Processing /home/airflow/.local/lib/python3.12/site-packages/airflow/example_dags/example_inlet_event_extra.py took 10.695 seconds
[2024-11-23T17:26:45.690+0000] {processor.py:186} INFO - Started process (PID=2122) to work on /home/airflow/.local/lib/python3.12/site-packages/airflow/example_dags/example_inlet_event_extra.py
[2024-11-23T17:26:45.707+0000] {processor.py:914} INFO - Processing file /home/airflow/.local/lib/python3.12/site-packages/airflow/example_dags/example_inlet_event_extra.py for tasks to queue
[2024-11-23T17:26:45.739+0000] {logging_mixin.py:190} INFO - [2024-11-23T17:26:45.729+0000] {dagbag.py:588} INFO - Filling up the DagBag from /home/airflow/.local/lib/python3.12/site-packages/airflow/example_dags/example_inlet_event_extra.py
[2024-11-23T17:26:47.159+0000] {processor.py:925} INFO - DAG(s) 'read_dataset_event', 'read_dataset_event_from_classic' retrieved from /home/airflow/.local/lib/python3.12/site-packages/airflow/example_dags/example_inlet_event_extra.py
[2024-11-23T17:26:47.366+0000] {logging_mixin.py:190} INFO - [2024-11-23T17:26:47.365+0000] {dag.py:3239} INFO - Sync 2 DAGs
[2024-11-23T17:26:47.630+0000] {logging_mixin.py:190} INFO - [2024-11-23T17:26:47.629+0000] {dag.py:4180} INFO - Setting next_dagrun for read_dataset_event to 2024-11-22 00:00:00+00:00, run_after=2024-11-23 00:00:00+00:00
[2024-11-23T17:26:52.839+0000] {logging_mixin.py:190} INFO - [2024-11-23T17:26:52.836+0000] {dag.py:4180} INFO - Setting next_dagrun for read_dataset_event_from_classic to 2024-11-22 00:00:00+00:00, run_after=2024-11-23 00:00:00+00:00
[2024-11-23T17:26:52.948+0000] {processor.py:208} INFO - Processing /home/airflow/.local/lib/python3.12/site-packages/airflow/example_dags/example_inlet_event_extra.py took 7.287 seconds
