[2024-11-23T16:34:19.764+0000] {processor.py:186} INFO - Started process (PID=197) to work on /home/airflow/.local/lib/python3.12/site-packages/airflow/example_dags/example_skip_dag.py
[2024-11-23T16:34:19.777+0000] {processor.py:914} INFO - Processing file /home/airflow/.local/lib/python3.12/site-packages/airflow/example_dags/example_skip_dag.py for tasks to queue
[2024-11-23T16:34:19.808+0000] {logging_mixin.py:190} INFO - [2024-11-23T16:34:19.799+0000] {dagbag.py:588} INFO - Filling up the DagBag from /home/airflow/.local/lib/python3.12/site-packages/airflow/example_dags/example_skip_dag.py
[2024-11-23T16:34:19.957+0000] {processor.py:925} INFO - DAG(s) 'example_skip_dag' retrieved from /home/airflow/.local/lib/python3.12/site-packages/airflow/example_dags/example_skip_dag.py
[2024-11-23T16:34:24.236+0000] {logging_mixin.py:190} INFO - [2024-11-23T16:34:24.236+0000] {dag.py:3239} INFO - Sync 1 DAGs
[2024-11-23T16:34:24.442+0000] {logging_mixin.py:190} INFO - [2024-11-23T16:34:24.441+0000] {dag.py:4180} INFO - Setting next_dagrun for example_skip_dag to 2024-11-22 00:00:00+00:00, run_after=2024-11-23 00:00:00+00:00
[2024-11-23T16:34:24.184+0000] {processor.py:208} INFO - Processing /home/airflow/.local/lib/python3.12/site-packages/airflow/example_dags/example_skip_dag.py took 5.024 seconds
[2024-11-23T16:40:17.694+0000] {processor.py:186} INFO - Started process (PID=153) to work on /home/airflow/.local/lib/python3.12/site-packages/airflow/example_dags/example_skip_dag.py
[2024-11-23T16:40:17.708+0000] {processor.py:914} INFO - Processing file /home/airflow/.local/lib/python3.12/site-packages/airflow/example_dags/example_skip_dag.py for tasks to queue
[2024-11-23T16:40:17.714+0000] {logging_mixin.py:190} INFO - [2024-11-23T16:40:17.713+0000] {dagbag.py:588} INFO - Filling up the DagBag from /home/airflow/.local/lib/python3.12/site-packages/airflow/example_dags/example_skip_dag.py
[2024-11-23T16:40:17.767+0000] {processor.py:925} INFO - DAG(s) 'example_skip_dag' retrieved from /home/airflow/.local/lib/python3.12/site-packages/airflow/example_dags/example_skip_dag.py
[2024-11-23T16:40:17.858+0000] {logging_mixin.py:190} INFO - [2024-11-23T16:40:17.858+0000] {dag.py:3239} INFO - Sync 1 DAGs
[2024-11-23T16:40:17.953+0000] {logging_mixin.py:190} INFO - [2024-11-23T16:40:17.953+0000] {dag.py:4180} INFO - Setting next_dagrun for example_skip_dag to 2024-11-22 00:00:00+00:00, run_after=2024-11-23 00:00:00+00:00
[2024-11-23T16:40:18.030+0000] {processor.py:208} INFO - Processing /home/airflow/.local/lib/python3.12/site-packages/airflow/example_dags/example_skip_dag.py took 0.362 seconds
[2024-11-23T16:41:04.231+0000] {processor.py:186} INFO - Started process (PID=227) to work on /home/airflow/.local/lib/python3.12/site-packages/airflow/example_dags/example_skip_dag.py
[2024-11-23T16:41:04.234+0000] {processor.py:914} INFO - Processing file /home/airflow/.local/lib/python3.12/site-packages/airflow/example_dags/example_skip_dag.py for tasks to queue
[2024-11-23T16:41:04.250+0000] {logging_mixin.py:190} INFO - [2024-11-23T16:41:04.249+0000] {dagbag.py:588} INFO - Filling up the DagBag from /home/airflow/.local/lib/python3.12/site-packages/airflow/example_dags/example_skip_dag.py
[2024-11-23T16:41:04.338+0000] {processor.py:925} INFO - DAG(s) 'example_skip_dag' retrieved from /home/airflow/.local/lib/python3.12/site-packages/airflow/example_dags/example_skip_dag.py
[2024-11-23T16:41:04.547+0000] {logging_mixin.py:190} INFO - [2024-11-23T16:41:04.547+0000] {dag.py:3239} INFO - Sync 1 DAGs
[2024-11-23T16:41:04.705+0000] {logging_mixin.py:190} INFO - [2024-11-23T16:41:04.705+0000] {dag.py:4180} INFO - Setting next_dagrun for example_skip_dag to 2024-11-22 00:00:00+00:00, run_after=2024-11-23 00:00:00+00:00
[2024-11-23T16:41:04.793+0000] {processor.py:208} INFO - Processing /home/airflow/.local/lib/python3.12/site-packages/airflow/example_dags/example_skip_dag.py took 0.598 seconds
[2024-11-23T16:41:35.047+0000] {processor.py:186} INFO - Started process (PID=293) to work on /home/airflow/.local/lib/python3.12/site-packages/airflow/example_dags/example_skip_dag.py
[2024-11-23T16:41:35.050+0000] {processor.py:914} INFO - Processing file /home/airflow/.local/lib/python3.12/site-packages/airflow/example_dags/example_skip_dag.py for tasks to queue
[2024-11-23T16:41:35.059+0000] {logging_mixin.py:190} INFO - [2024-11-23T16:41:35.058+0000] {dagbag.py:588} INFO - Filling up the DagBag from /home/airflow/.local/lib/python3.12/site-packages/airflow/example_dags/example_skip_dag.py
[2024-11-23T16:41:35.091+0000] {processor.py:925} INFO - DAG(s) 'example_skip_dag' retrieved from /home/airflow/.local/lib/python3.12/site-packages/airflow/example_dags/example_skip_dag.py
[2024-11-23T16:41:35.178+0000] {logging_mixin.py:190} INFO - [2024-11-23T16:41:35.178+0000] {dag.py:3239} INFO - Sync 1 DAGs
[2024-11-23T16:41:35.296+0000] {logging_mixin.py:190} INFO - [2024-11-23T16:41:35.296+0000] {dag.py:4180} INFO - Setting next_dagrun for example_skip_dag to 2024-11-22 00:00:00+00:00, run_after=2024-11-23 00:00:00+00:00
[2024-11-23T16:41:35.419+0000] {processor.py:208} INFO - Processing /home/airflow/.local/lib/python3.12/site-packages/airflow/example_dags/example_skip_dag.py took 0.392 seconds
[2024-11-23T16:42:07.946+0000] {processor.py:186} INFO - Started process (PID=359) to work on /home/airflow/.local/lib/python3.12/site-packages/airflow/example_dags/example_skip_dag.py
[2024-11-23T16:42:07.950+0000] {processor.py:914} INFO - Processing file /home/airflow/.local/lib/python3.12/site-packages/airflow/example_dags/example_skip_dag.py for tasks to queue
[2024-11-23T16:42:07.963+0000] {logging_mixin.py:190} INFO - [2024-11-23T16:42:07.962+0000] {dagbag.py:588} INFO - Filling up the DagBag from /home/airflow/.local/lib/python3.12/site-packages/airflow/example_dags/example_skip_dag.py
[2024-11-23T16:42:07.982+0000] {processor.py:925} INFO - DAG(s) 'example_skip_dag' retrieved from /home/airflow/.local/lib/python3.12/site-packages/airflow/example_dags/example_skip_dag.py
[2024-11-23T16:42:08.063+0000] {logging_mixin.py:190} INFO - [2024-11-23T16:42:08.062+0000] {dag.py:3239} INFO - Sync 1 DAGs
[2024-11-23T16:42:08.156+0000] {logging_mixin.py:190} INFO - [2024-11-23T16:42:08.154+0000] {dag.py:4180} INFO - Setting next_dagrun for example_skip_dag to 2024-11-22 00:00:00+00:00, run_after=2024-11-23 00:00:00+00:00
[2024-11-23T16:42:08.235+0000] {processor.py:208} INFO - Processing /home/airflow/.local/lib/python3.12/site-packages/airflow/example_dags/example_skip_dag.py took 0.313 seconds
[2024-11-23T16:43:00.758+0000] {processor.py:186} INFO - Started process (PID=435) to work on /home/airflow/.local/lib/python3.12/site-packages/airflow/example_dags/example_skip_dag.py
[2024-11-23T16:43:00.777+0000] {processor.py:914} INFO - Processing file /home/airflow/.local/lib/python3.12/site-packages/airflow/example_dags/example_skip_dag.py for tasks to queue
[2024-11-23T16:43:00.847+0000] {logging_mixin.py:190} INFO - [2024-11-23T16:43:00.845+0000] {dagbag.py:588} INFO - Filling up the DagBag from /home/airflow/.local/lib/python3.12/site-packages/airflow/example_dags/example_skip_dag.py
[2024-11-23T16:43:01.047+0000] {processor.py:925} INFO - DAG(s) 'example_skip_dag' retrieved from /home/airflow/.local/lib/python3.12/site-packages/airflow/example_dags/example_skip_dag.py
[2024-11-23T16:43:03.118+0000] {logging_mixin.py:190} INFO - [2024-11-23T16:43:03.086+0000] {dag.py:3239} INFO - Sync 1 DAGs
[2024-11-23T16:43:03.449+0000] {logging_mixin.py:190} INFO - [2024-11-23T16:43:03.436+0000] {dag.py:4180} INFO - Setting next_dagrun for example_skip_dag to 2024-11-22 00:00:00+00:00, run_after=2024-11-23 00:00:00+00:00
[2024-11-23T16:43:03.732+0000] {processor.py:208} INFO - Processing /home/airflow/.local/lib/python3.12/site-packages/airflow/example_dags/example_skip_dag.py took 3.085 seconds
[2024-11-23T17:02:51.974+0000] {processor.py:186} INFO - Started process (PID=151) to work on /home/airflow/.local/lib/python3.12/site-packages/airflow/example_dags/example_skip_dag.py
[2024-11-23T17:02:52.003+0000] {processor.py:914} INFO - Processing file /home/airflow/.local/lib/python3.12/site-packages/airflow/example_dags/example_skip_dag.py for tasks to queue
[2024-11-23T17:02:52.032+0000] {logging_mixin.py:190} INFO - [2024-11-23T17:02:52.031+0000] {dagbag.py:588} INFO - Filling up the DagBag from /home/airflow/.local/lib/python3.12/site-packages/airflow/example_dags/example_skip_dag.py
[2024-11-23T17:02:52.097+0000] {processor.py:925} INFO - DAG(s) 'example_skip_dag' retrieved from /home/airflow/.local/lib/python3.12/site-packages/airflow/example_dags/example_skip_dag.py
[2024-11-23T17:02:52.290+0000] {logging_mixin.py:190} INFO - [2024-11-23T17:02:52.289+0000] {dag.py:3239} INFO - Sync 1 DAGs
[2024-11-23T17:02:52.484+0000] {logging_mixin.py:190} INFO - [2024-11-23T17:02:52.484+0000] {dag.py:4180} INFO - Setting next_dagrun for example_skip_dag to 2024-11-22 00:00:00+00:00, run_after=2024-11-23 00:00:00+00:00
[2024-11-23T17:02:52.656+0000] {processor.py:208} INFO - Processing /home/airflow/.local/lib/python3.12/site-packages/airflow/example_dags/example_skip_dag.py took 0.736 seconds
[2024-11-23T17:03:36.656+0000] {processor.py:186} INFO - Started process (PID=217) to work on /home/airflow/.local/lib/python3.12/site-packages/airflow/example_dags/example_skip_dag.py
[2024-11-23T17:03:36.673+0000] {processor.py:914} INFO - Processing file /home/airflow/.local/lib/python3.12/site-packages/airflow/example_dags/example_skip_dag.py for tasks to queue
[2024-11-23T17:03:36.707+0000] {logging_mixin.py:190} INFO - [2024-11-23T17:03:36.706+0000] {dagbag.py:588} INFO - Filling up the DagBag from /home/airflow/.local/lib/python3.12/site-packages/airflow/example_dags/example_skip_dag.py
[2024-11-23T17:03:36.778+0000] {processor.py:925} INFO - DAG(s) 'example_skip_dag' retrieved from /home/airflow/.local/lib/python3.12/site-packages/airflow/example_dags/example_skip_dag.py
[2024-11-23T17:03:37.201+0000] {logging_mixin.py:190} INFO - [2024-11-23T17:03:37.195+0000] {dag.py:3239} INFO - Sync 1 DAGs
[2024-11-23T17:03:37.462+0000] {logging_mixin.py:190} INFO - [2024-11-23T17:03:37.461+0000] {dag.py:4180} INFO - Setting next_dagrun for example_skip_dag to 2024-11-22 00:00:00+00:00, run_after=2024-11-23 00:00:00+00:00
[2024-11-23T17:03:37.576+0000] {processor.py:208} INFO - Processing /home/airflow/.local/lib/python3.12/site-packages/airflow/example_dags/example_skip_dag.py took 1.024 seconds
[2024-11-23T17:04:23.661+0000] {processor.py:186} INFO - Started process (PID=289) to work on /home/airflow/.local/lib/python3.12/site-packages/airflow/example_dags/example_skip_dag.py
[2024-11-23T17:04:23.719+0000] {processor.py:914} INFO - Processing file /home/airflow/.local/lib/python3.12/site-packages/airflow/example_dags/example_skip_dag.py for tasks to queue
[2024-11-23T17:04:23.734+0000] {logging_mixin.py:190} INFO - [2024-11-23T17:04:23.732+0000] {dagbag.py:588} INFO - Filling up the DagBag from /home/airflow/.local/lib/python3.12/site-packages/airflow/example_dags/example_skip_dag.py
[2024-11-23T17:04:24.419+0000] {processor.py:925} INFO - DAG(s) 'example_skip_dag' retrieved from /home/airflow/.local/lib/python3.12/site-packages/airflow/example_dags/example_skip_dag.py
[2024-11-23T17:04:24.819+0000] {logging_mixin.py:190} INFO - [2024-11-23T17:04:24.818+0000] {dag.py:3239} INFO - Sync 1 DAGs
[2024-11-23T17:04:25.432+0000] {logging_mixin.py:190} INFO - [2024-11-23T17:04:25.428+0000] {dag.py:4180} INFO - Setting next_dagrun for example_skip_dag to 2024-11-22 00:00:00+00:00, run_after=2024-11-23 00:00:00+00:00
[2024-11-23T17:04:25.873+0000] {processor.py:208} INFO - Processing /home/airflow/.local/lib/python3.12/site-packages/airflow/example_dags/example_skip_dag.py took 2.227 seconds
[2024-11-23T17:05:32.039+0000] {processor.py:186} INFO - Started process (PID=373) to work on /home/airflow/.local/lib/python3.12/site-packages/airflow/example_dags/example_skip_dag.py
[2024-11-23T17:05:32.042+0000] {processor.py:914} INFO - Processing file /home/airflow/.local/lib/python3.12/site-packages/airflow/example_dags/example_skip_dag.py for tasks to queue
[2024-11-23T17:05:32.047+0000] {logging_mixin.py:190} INFO - [2024-11-23T17:05:32.046+0000] {dagbag.py:588} INFO - Filling up the DagBag from /home/airflow/.local/lib/python3.12/site-packages/airflow/example_dags/example_skip_dag.py
[2024-11-23T17:05:32.074+0000] {processor.py:925} INFO - DAG(s) 'example_skip_dag' retrieved from /home/airflow/.local/lib/python3.12/site-packages/airflow/example_dags/example_skip_dag.py
[2024-11-23T17:05:32.147+0000] {logging_mixin.py:190} INFO - [2024-11-23T17:05:32.146+0000] {dag.py:3239} INFO - Sync 1 DAGs
[2024-11-23T17:05:32.244+0000] {logging_mixin.py:190} INFO - [2024-11-23T17:05:32.243+0000] {dag.py:4180} INFO - Setting next_dagrun for example_skip_dag to 2024-11-22 00:00:00+00:00, run_after=2024-11-23 00:00:00+00:00
[2024-11-23T17:05:32.300+0000] {processor.py:208} INFO - Processing /home/airflow/.local/lib/python3.12/site-packages/airflow/example_dags/example_skip_dag.py took 0.285 seconds
[2024-11-23T17:06:03.305+0000] {processor.py:186} INFO - Started process (PID=439) to work on /home/airflow/.local/lib/python3.12/site-packages/airflow/example_dags/example_skip_dag.py
[2024-11-23T17:06:03.312+0000] {processor.py:914} INFO - Processing file /home/airflow/.local/lib/python3.12/site-packages/airflow/example_dags/example_skip_dag.py for tasks to queue
[2024-11-23T17:06:03.321+0000] {logging_mixin.py:190} INFO - [2024-11-23T17:06:03.320+0000] {dagbag.py:588} INFO - Filling up the DagBag from /home/airflow/.local/lib/python3.12/site-packages/airflow/example_dags/example_skip_dag.py
[2024-11-23T17:06:03.347+0000] {processor.py:925} INFO - DAG(s) 'example_skip_dag' retrieved from /home/airflow/.local/lib/python3.12/site-packages/airflow/example_dags/example_skip_dag.py
[2024-11-23T17:06:03.434+0000] {logging_mixin.py:190} INFO - [2024-11-23T17:06:03.433+0000] {dag.py:3239} INFO - Sync 1 DAGs
[2024-11-23T17:06:03.518+0000] {logging_mixin.py:190} INFO - [2024-11-23T17:06:03.517+0000] {dag.py:4180} INFO - Setting next_dagrun for example_skip_dag to 2024-11-22 00:00:00+00:00, run_after=2024-11-23 00:00:00+00:00
[2024-11-23T17:06:03.615+0000] {processor.py:208} INFO - Processing /home/airflow/.local/lib/python3.12/site-packages/airflow/example_dags/example_skip_dag.py took 0.329 seconds
[2024-11-23T17:07:10.449+0000] {processor.py:186} INFO - Started process (PID=510) to work on /home/airflow/.local/lib/python3.12/site-packages/airflow/example_dags/example_skip_dag.py
[2024-11-23T17:07:10.454+0000] {processor.py:914} INFO - Processing file /home/airflow/.local/lib/python3.12/site-packages/airflow/example_dags/example_skip_dag.py for tasks to queue
[2024-11-23T17:07:10.489+0000] {logging_mixin.py:190} INFO - [2024-11-23T17:07:10.488+0000] {dagbag.py:588} INFO - Filling up the DagBag from /home/airflow/.local/lib/python3.12/site-packages/airflow/example_dags/example_skip_dag.py
[2024-11-23T17:07:10.571+0000] {processor.py:925} INFO - DAG(s) 'example_skip_dag' retrieved from /home/airflow/.local/lib/python3.12/site-packages/airflow/example_dags/example_skip_dag.py
[2024-11-23T17:07:10.744+0000] {logging_mixin.py:190} INFO - [2024-11-23T17:07:10.744+0000] {dag.py:3239} INFO - Sync 1 DAGs
[2024-11-23T17:07:10.904+0000] {logging_mixin.py:190} INFO - [2024-11-23T17:07:10.904+0000] {dag.py:4180} INFO - Setting next_dagrun for example_skip_dag to 2024-11-22 00:00:00+00:00, run_after=2024-11-23 00:00:00+00:00
[2024-11-23T17:07:11.007+0000] {processor.py:208} INFO - Processing /home/airflow/.local/lib/python3.12/site-packages/airflow/example_dags/example_skip_dag.py took 0.624 seconds
[2024-11-23T17:07:46.040+0000] {processor.py:186} INFO - Started process (PID=576) to work on /home/airflow/.local/lib/python3.12/site-packages/airflow/example_dags/example_skip_dag.py
[2024-11-23T17:07:46.043+0000] {processor.py:914} INFO - Processing file /home/airflow/.local/lib/python3.12/site-packages/airflow/example_dags/example_skip_dag.py for tasks to queue
[2024-11-23T17:07:46.054+0000] {logging_mixin.py:190} INFO - [2024-11-23T17:07:46.052+0000] {dagbag.py:588} INFO - Filling up the DagBag from /home/airflow/.local/lib/python3.12/site-packages/airflow/example_dags/example_skip_dag.py
[2024-11-23T17:07:46.104+0000] {processor.py:925} INFO - DAG(s) 'example_skip_dag' retrieved from /home/airflow/.local/lib/python3.12/site-packages/airflow/example_dags/example_skip_dag.py
[2024-11-23T17:07:46.205+0000] {logging_mixin.py:190} INFO - [2024-11-23T17:07:46.205+0000] {dag.py:3239} INFO - Sync 1 DAGs
[2024-11-23T17:07:46.351+0000] {logging_mixin.py:190} INFO - [2024-11-23T17:07:46.350+0000] {dag.py:4180} INFO - Setting next_dagrun for example_skip_dag to 2024-11-22 00:00:00+00:00, run_after=2024-11-23 00:00:00+00:00
[2024-11-23T17:07:46.444+0000] {processor.py:208} INFO - Processing /home/airflow/.local/lib/python3.12/site-packages/airflow/example_dags/example_skip_dag.py took 0.456 seconds
[2024-11-23T17:08:20.870+0000] {processor.py:186} INFO - Started process (PID=643) to work on /home/airflow/.local/lib/python3.12/site-packages/airflow/example_dags/example_skip_dag.py
[2024-11-23T17:08:20.876+0000] {processor.py:914} INFO - Processing file /home/airflow/.local/lib/python3.12/site-packages/airflow/example_dags/example_skip_dag.py for tasks to queue
[2024-11-23T17:08:20.884+0000] {logging_mixin.py:190} INFO - [2024-11-23T17:08:20.883+0000] {dagbag.py:588} INFO - Filling up the DagBag from /home/airflow/.local/lib/python3.12/site-packages/airflow/example_dags/example_skip_dag.py
[2024-11-23T17:08:21.549+0000] {processor.py:925} INFO - DAG(s) 'example_skip_dag' retrieved from /home/airflow/.local/lib/python3.12/site-packages/airflow/example_dags/example_skip_dag.py
[2024-11-23T17:08:22.062+0000] {logging_mixin.py:190} INFO - [2024-11-23T17:08:22.061+0000] {dag.py:3239} INFO - Sync 1 DAGs
[2024-11-23T17:08:22.362+0000] {logging_mixin.py:190} INFO - [2024-11-23T17:08:22.362+0000] {dag.py:4180} INFO - Setting next_dagrun for example_skip_dag to 2024-11-22 00:00:00+00:00, run_after=2024-11-23 00:00:00+00:00
[2024-11-23T17:08:22.494+0000] {processor.py:208} INFO - Processing /home/airflow/.local/lib/python3.12/site-packages/airflow/example_dags/example_skip_dag.py took 1.653 seconds
[2024-11-23T17:08:55.973+0000] {processor.py:186} INFO - Started process (PID=709) to work on /home/airflow/.local/lib/python3.12/site-packages/airflow/example_dags/example_skip_dag.py
[2024-11-23T17:08:55.988+0000] {processor.py:914} INFO - Processing file /home/airflow/.local/lib/python3.12/site-packages/airflow/example_dags/example_skip_dag.py for tasks to queue
[2024-11-23T17:08:56.005+0000] {logging_mixin.py:190} INFO - [2024-11-23T17:08:56.005+0000] {dagbag.py:588} INFO - Filling up the DagBag from /home/airflow/.local/lib/python3.12/site-packages/airflow/example_dags/example_skip_dag.py
[2024-11-23T17:08:56.089+0000] {processor.py:925} INFO - DAG(s) 'example_skip_dag' retrieved from /home/airflow/.local/lib/python3.12/site-packages/airflow/example_dags/example_skip_dag.py
[2024-11-23T17:08:56.228+0000] {logging_mixin.py:190} INFO - [2024-11-23T17:08:56.227+0000] {dag.py:3239} INFO - Sync 1 DAGs
[2024-11-23T17:08:56.538+0000] {logging_mixin.py:190} INFO - [2024-11-23T17:08:56.537+0000] {dag.py:4180} INFO - Setting next_dagrun for example_skip_dag to 2024-11-22 00:00:00+00:00, run_after=2024-11-23 00:00:00+00:00
[2024-11-23T17:08:56.719+0000] {processor.py:208} INFO - Processing /home/airflow/.local/lib/python3.12/site-packages/airflow/example_dags/example_skip_dag.py took 0.769 seconds
[2024-11-23T17:10:08.792+0000] {processor.py:186} INFO - Started process (PID=776) to work on /home/airflow/.local/lib/python3.12/site-packages/airflow/example_dags/example_skip_dag.py
[2024-11-23T17:10:08.821+0000] {processor.py:914} INFO - Processing file /home/airflow/.local/lib/python3.12/site-packages/airflow/example_dags/example_skip_dag.py for tasks to queue
[2024-11-23T17:10:08.861+0000] {logging_mixin.py:190} INFO - [2024-11-23T17:10:08.860+0000] {dagbag.py:588} INFO - Filling up the DagBag from /home/airflow/.local/lib/python3.12/site-packages/airflow/example_dags/example_skip_dag.py
[2024-11-23T17:10:08.940+0000] {processor.py:925} INFO - DAG(s) 'example_skip_dag' retrieved from /home/airflow/.local/lib/python3.12/site-packages/airflow/example_dags/example_skip_dag.py
[2024-11-23T17:10:09.254+0000] {logging_mixin.py:190} INFO - [2024-11-23T17:10:09.253+0000] {dag.py:3239} INFO - Sync 1 DAGs
[2024-11-23T17:10:09.495+0000] {logging_mixin.py:190} INFO - [2024-11-23T17:10:09.494+0000] {dag.py:4180} INFO - Setting next_dagrun for example_skip_dag to 2024-11-22 00:00:00+00:00, run_after=2024-11-23 00:00:00+00:00
[2024-11-23T17:10:09.759+0000] {processor.py:208} INFO - Processing /home/airflow/.local/lib/python3.12/site-packages/airflow/example_dags/example_skip_dag.py took 1.037 seconds
[2024-11-23T17:10:54.245+0000] {processor.py:186} INFO - Started process (PID=847) to work on /home/airflow/.local/lib/python3.12/site-packages/airflow/example_dags/example_skip_dag.py
[2024-11-23T17:10:54.272+0000] {processor.py:914} INFO - Processing file /home/airflow/.local/lib/python3.12/site-packages/airflow/example_dags/example_skip_dag.py for tasks to queue
[2024-11-23T17:10:54.316+0000] {logging_mixin.py:190} INFO - [2024-11-23T17:10:54.315+0000] {dagbag.py:588} INFO - Filling up the DagBag from /home/airflow/.local/lib/python3.12/site-packages/airflow/example_dags/example_skip_dag.py
[2024-11-23T17:10:54.363+0000] {processor.py:925} INFO - DAG(s) 'example_skip_dag' retrieved from /home/airflow/.local/lib/python3.12/site-packages/airflow/example_dags/example_skip_dag.py
[2024-11-23T17:10:54.507+0000] {logging_mixin.py:190} INFO - [2024-11-23T17:10:54.506+0000] {dag.py:3239} INFO - Sync 1 DAGs
[2024-11-23T17:10:54.713+0000] {logging_mixin.py:190} INFO - [2024-11-23T17:10:54.712+0000] {dag.py:4180} INFO - Setting next_dagrun for example_skip_dag to 2024-11-22 00:00:00+00:00, run_after=2024-11-23 00:00:00+00:00
[2024-11-23T17:10:54.838+0000] {processor.py:208} INFO - Processing /home/airflow/.local/lib/python3.12/site-packages/airflow/example_dags/example_skip_dag.py took 0.662 seconds
[2024-11-23T17:11:27.450+0000] {processor.py:186} INFO - Started process (PID=914) to work on /home/airflow/.local/lib/python3.12/site-packages/airflow/example_dags/example_skip_dag.py
[2024-11-23T17:11:27.453+0000] {processor.py:914} INFO - Processing file /home/airflow/.local/lib/python3.12/site-packages/airflow/example_dags/example_skip_dag.py for tasks to queue
[2024-11-23T17:11:27.466+0000] {logging_mixin.py:190} INFO - [2024-11-23T17:11:27.463+0000] {dagbag.py:588} INFO - Filling up the DagBag from /home/airflow/.local/lib/python3.12/site-packages/airflow/example_dags/example_skip_dag.py
[2024-11-23T17:11:27.494+0000] {processor.py:925} INFO - DAG(s) 'example_skip_dag' retrieved from /home/airflow/.local/lib/python3.12/site-packages/airflow/example_dags/example_skip_dag.py
[2024-11-23T17:11:27.583+0000] {logging_mixin.py:190} INFO - [2024-11-23T17:11:27.582+0000] {dag.py:3239} INFO - Sync 1 DAGs
[2024-11-23T17:11:27.675+0000] {logging_mixin.py:190} INFO - [2024-11-23T17:11:27.674+0000] {dag.py:4180} INFO - Setting next_dagrun for example_skip_dag to 2024-11-22 00:00:00+00:00, run_after=2024-11-23 00:00:00+00:00
[2024-11-23T17:11:27.777+0000] {processor.py:208} INFO - Processing /home/airflow/.local/lib/python3.12/site-packages/airflow/example_dags/example_skip_dag.py took 0.345 seconds
[2024-11-23T17:11:59.105+0000] {processor.py:186} INFO - Started process (PID=980) to work on /home/airflow/.local/lib/python3.12/site-packages/airflow/example_dags/example_skip_dag.py
[2024-11-23T17:11:59.113+0000] {processor.py:914} INFO - Processing file /home/airflow/.local/lib/python3.12/site-packages/airflow/example_dags/example_skip_dag.py for tasks to queue
[2024-11-23T17:11:59.119+0000] {logging_mixin.py:190} INFO - [2024-11-23T17:11:59.119+0000] {dagbag.py:588} INFO - Filling up the DagBag from /home/airflow/.local/lib/python3.12/site-packages/airflow/example_dags/example_skip_dag.py
[2024-11-23T17:11:59.151+0000] {processor.py:925} INFO - DAG(s) 'example_skip_dag' retrieved from /home/airflow/.local/lib/python3.12/site-packages/airflow/example_dags/example_skip_dag.py
[2024-11-23T17:11:59.233+0000] {logging_mixin.py:190} INFO - [2024-11-23T17:11:59.233+0000] {dag.py:3239} INFO - Sync 1 DAGs
[2024-11-23T17:11:59.313+0000] {logging_mixin.py:190} INFO - [2024-11-23T17:11:59.312+0000] {dag.py:4180} INFO - Setting next_dagrun for example_skip_dag to 2024-11-22 00:00:00+00:00, run_after=2024-11-23 00:00:00+00:00
[2024-11-23T17:11:59.363+0000] {processor.py:208} INFO - Processing /home/airflow/.local/lib/python3.12/site-packages/airflow/example_dags/example_skip_dag.py took 0.278 seconds
[2024-11-23T17:12:39.902+0000] {processor.py:186} INFO - Started process (PID=1036) to work on /home/airflow/.local/lib/python3.12/site-packages/airflow/example_dags/example_skip_dag.py
[2024-11-23T17:12:39.917+0000] {processor.py:914} INFO - Processing file /home/airflow/.local/lib/python3.12/site-packages/airflow/example_dags/example_skip_dag.py for tasks to queue
[2024-11-23T17:12:39.931+0000] {logging_mixin.py:190} INFO - [2024-11-23T17:12:39.930+0000] {dagbag.py:588} INFO - Filling up the DagBag from /home/airflow/.local/lib/python3.12/site-packages/airflow/example_dags/example_skip_dag.py
[2024-11-23T17:12:40.001+0000] {processor.py:925} INFO - DAG(s) 'example_skip_dag' retrieved from /home/airflow/.local/lib/python3.12/site-packages/airflow/example_dags/example_skip_dag.py
[2024-11-23T17:12:40.123+0000] {logging_mixin.py:190} INFO - [2024-11-23T17:12:40.117+0000] {dag.py:3239} INFO - Sync 1 DAGs
[2024-11-23T17:12:40.240+0000] {logging_mixin.py:190} INFO - [2024-11-23T17:12:40.240+0000] {dag.py:4180} INFO - Setting next_dagrun for example_skip_dag to 2024-11-22 00:00:00+00:00, run_after=2024-11-23 00:00:00+00:00
[2024-11-23T17:12:40.358+0000] {processor.py:208} INFO - Processing /home/airflow/.local/lib/python3.12/site-packages/airflow/example_dags/example_skip_dag.py took 0.512 seconds
[2024-11-23T17:13:29.900+0000] {processor.py:186} INFO - Started process (PID=1108) to work on /home/airflow/.local/lib/python3.12/site-packages/airflow/example_dags/example_skip_dag.py
[2024-11-23T17:13:29.913+0000] {processor.py:914} INFO - Processing file /home/airflow/.local/lib/python3.12/site-packages/airflow/example_dags/example_skip_dag.py for tasks to queue
[2024-11-23T17:13:29.922+0000] {logging_mixin.py:190} INFO - [2024-11-23T17:13:29.921+0000] {dagbag.py:588} INFO - Filling up the DagBag from /home/airflow/.local/lib/python3.12/site-packages/airflow/example_dags/example_skip_dag.py
[2024-11-23T17:13:29.981+0000] {processor.py:925} INFO - DAG(s) 'example_skip_dag' retrieved from /home/airflow/.local/lib/python3.12/site-packages/airflow/example_dags/example_skip_dag.py
[2024-11-23T17:13:30.099+0000] {logging_mixin.py:190} INFO - [2024-11-23T17:13:30.088+0000] {dag.py:3239} INFO - Sync 1 DAGs
[2024-11-23T17:13:30.196+0000] {logging_mixin.py:190} INFO - [2024-11-23T17:13:30.196+0000] {dag.py:4180} INFO - Setting next_dagrun for example_skip_dag to 2024-11-22 00:00:00+00:00, run_after=2024-11-23 00:00:00+00:00
[2024-11-23T17:13:30.278+0000] {processor.py:208} INFO - Processing /home/airflow/.local/lib/python3.12/site-packages/airflow/example_dags/example_skip_dag.py took 0.391 seconds
[2024-11-23T17:14:11.106+0000] {processor.py:186} INFO - Started process (PID=1174) to work on /home/airflow/.local/lib/python3.12/site-packages/airflow/example_dags/example_skip_dag.py
[2024-11-23T17:14:11.168+0000] {processor.py:914} INFO - Processing file /home/airflow/.local/lib/python3.12/site-packages/airflow/example_dags/example_skip_dag.py for tasks to queue
[2024-11-23T17:14:11.239+0000] {logging_mixin.py:190} INFO - [2024-11-23T17:14:11.238+0000] {dagbag.py:588} INFO - Filling up the DagBag from /home/airflow/.local/lib/python3.12/site-packages/airflow/example_dags/example_skip_dag.py
[2024-11-23T17:14:11.312+0000] {processor.py:925} INFO - DAG(s) 'example_skip_dag' retrieved from /home/airflow/.local/lib/python3.12/site-packages/airflow/example_dags/example_skip_dag.py
[2024-11-23T17:14:11.370+0000] {logging_mixin.py:190} INFO - [2024-11-23T17:14:11.370+0000] {dag.py:3239} INFO - Sync 1 DAGs
[2024-11-23T17:14:11.438+0000] {logging_mixin.py:190} INFO - [2024-11-23T17:14:11.438+0000] {dag.py:4180} INFO - Setting next_dagrun for example_skip_dag to 2024-11-22 00:00:00+00:00, run_after=2024-11-23 00:00:00+00:00
[2024-11-23T17:14:11.558+0000] {processor.py:208} INFO - Processing /home/airflow/.local/lib/python3.12/site-packages/airflow/example_dags/example_skip_dag.py took 0.465 seconds
[2024-11-23T17:14:59.462+0000] {processor.py:186} INFO - Started process (PID=1253) to work on /home/airflow/.local/lib/python3.12/site-packages/airflow/example_dags/example_skip_dag.py
[2024-11-23T17:14:59.472+0000] {processor.py:914} INFO - Processing file /home/airflow/.local/lib/python3.12/site-packages/airflow/example_dags/example_skip_dag.py for tasks to queue
[2024-11-23T17:14:59.480+0000] {logging_mixin.py:190} INFO - [2024-11-23T17:14:59.480+0000] {dagbag.py:588} INFO - Filling up the DagBag from /home/airflow/.local/lib/python3.12/site-packages/airflow/example_dags/example_skip_dag.py
[2024-11-23T17:14:59.524+0000] {processor.py:925} INFO - DAG(s) 'example_skip_dag' retrieved from /home/airflow/.local/lib/python3.12/site-packages/airflow/example_dags/example_skip_dag.py
[2024-11-23T17:14:59.638+0000] {logging_mixin.py:190} INFO - [2024-11-23T17:14:59.628+0000] {dag.py:3239} INFO - Sync 1 DAGs
[2024-11-23T17:14:59.819+0000] {logging_mixin.py:190} INFO - [2024-11-23T17:14:59.818+0000] {dag.py:4180} INFO - Setting next_dagrun for example_skip_dag to 2024-11-22 00:00:00+00:00, run_after=2024-11-23 00:00:00+00:00
[2024-11-23T17:14:59.898+0000] {processor.py:208} INFO - Processing /home/airflow/.local/lib/python3.12/site-packages/airflow/example_dags/example_skip_dag.py took 0.464 seconds
[2024-11-23T17:15:30.382+0000] {processor.py:186} INFO - Started process (PID=1319) to work on /home/airflow/.local/lib/python3.12/site-packages/airflow/example_dags/example_skip_dag.py
[2024-11-23T17:15:30.386+0000] {processor.py:914} INFO - Processing file /home/airflow/.local/lib/python3.12/site-packages/airflow/example_dags/example_skip_dag.py for tasks to queue
[2024-11-23T17:15:30.391+0000] {logging_mixin.py:190} INFO - [2024-11-23T17:15:30.390+0000] {dagbag.py:588} INFO - Filling up the DagBag from /home/airflow/.local/lib/python3.12/site-packages/airflow/example_dags/example_skip_dag.py
[2024-11-23T17:15:30.436+0000] {processor.py:925} INFO - DAG(s) 'example_skip_dag' retrieved from /home/airflow/.local/lib/python3.12/site-packages/airflow/example_dags/example_skip_dag.py
[2024-11-23T17:15:30.513+0000] {logging_mixin.py:190} INFO - [2024-11-23T17:15:30.512+0000] {dag.py:3239} INFO - Sync 1 DAGs
[2024-11-23T17:15:30.628+0000] {logging_mixin.py:190} INFO - [2024-11-23T17:15:30.627+0000] {dag.py:4180} INFO - Setting next_dagrun for example_skip_dag to 2024-11-22 00:00:00+00:00, run_after=2024-11-23 00:00:00+00:00
[2024-11-23T17:15:30.697+0000] {processor.py:208} INFO - Processing /home/airflow/.local/lib/python3.12/site-packages/airflow/example_dags/example_skip_dag.py took 0.343 seconds
[2024-11-23T17:16:08.427+0000] {processor.py:186} INFO - Started process (PID=1385) to work on /home/airflow/.local/lib/python3.12/site-packages/airflow/example_dags/example_skip_dag.py
[2024-11-23T17:16:08.436+0000] {processor.py:914} INFO - Processing file /home/airflow/.local/lib/python3.12/site-packages/airflow/example_dags/example_skip_dag.py for tasks to queue
[2024-11-23T17:16:08.443+0000] {logging_mixin.py:190} INFO - [2024-11-23T17:16:08.442+0000] {dagbag.py:588} INFO - Filling up the DagBag from /home/airflow/.local/lib/python3.12/site-packages/airflow/example_dags/example_skip_dag.py
[2024-11-23T17:16:08.476+0000] {processor.py:925} INFO - DAG(s) 'example_skip_dag' retrieved from /home/airflow/.local/lib/python3.12/site-packages/airflow/example_dags/example_skip_dag.py
[2024-11-23T17:16:08.556+0000] {logging_mixin.py:190} INFO - [2024-11-23T17:16:08.555+0000] {dag.py:3239} INFO - Sync 1 DAGs
[2024-11-23T17:16:08.629+0000] {logging_mixin.py:190} INFO - [2024-11-23T17:16:08.629+0000] {dag.py:4180} INFO - Setting next_dagrun for example_skip_dag to 2024-11-22 00:00:00+00:00, run_after=2024-11-23 00:00:00+00:00
[2024-11-23T17:16:08.683+0000] {processor.py:208} INFO - Processing /home/airflow/.local/lib/python3.12/site-packages/airflow/example_dags/example_skip_dag.py took 0.275 seconds
[2024-11-23T17:16:51.036+0000] {processor.py:186} INFO - Started process (PID=1454) to work on /home/airflow/.local/lib/python3.12/site-packages/airflow/example_dags/example_skip_dag.py
[2024-11-23T17:16:51.048+0000] {processor.py:914} INFO - Processing file /home/airflow/.local/lib/python3.12/site-packages/airflow/example_dags/example_skip_dag.py for tasks to queue
[2024-11-23T17:16:51.055+0000] {logging_mixin.py:190} INFO - [2024-11-23T17:16:51.054+0000] {dagbag.py:588} INFO - Filling up the DagBag from /home/airflow/.local/lib/python3.12/site-packages/airflow/example_dags/example_skip_dag.py
[2024-11-23T17:16:51.097+0000] {processor.py:925} INFO - DAG(s) 'example_skip_dag' retrieved from /home/airflow/.local/lib/python3.12/site-packages/airflow/example_dags/example_skip_dag.py
[2024-11-23T17:16:51.177+0000] {logging_mixin.py:190} INFO - [2024-11-23T17:16:51.177+0000] {dag.py:3239} INFO - Sync 1 DAGs
[2024-11-23T17:16:51.299+0000] {logging_mixin.py:190} INFO - [2024-11-23T17:16:51.297+0000] {dag.py:4180} INFO - Setting next_dagrun for example_skip_dag to 2024-11-22 00:00:00+00:00, run_after=2024-11-23 00:00:00+00:00
[2024-11-23T17:16:51.367+0000] {processor.py:208} INFO - Processing /home/airflow/.local/lib/python3.12/site-packages/airflow/example_dags/example_skip_dag.py took 0.356 seconds
[2024-11-23T17:17:23.636+0000] {processor.py:186} INFO - Started process (PID=1519) to work on /home/airflow/.local/lib/python3.12/site-packages/airflow/example_dags/example_skip_dag.py
[2024-11-23T17:17:23.638+0000] {processor.py:914} INFO - Processing file /home/airflow/.local/lib/python3.12/site-packages/airflow/example_dags/example_skip_dag.py for tasks to queue
[2024-11-23T17:17:23.654+0000] {logging_mixin.py:190} INFO - [2024-11-23T17:17:23.653+0000] {dagbag.py:588} INFO - Filling up the DagBag from /home/airflow/.local/lib/python3.12/site-packages/airflow/example_dags/example_skip_dag.py
[2024-11-23T17:17:23.697+0000] {processor.py:925} INFO - DAG(s) 'example_skip_dag' retrieved from /home/airflow/.local/lib/python3.12/site-packages/airflow/example_dags/example_skip_dag.py
[2024-11-23T17:17:23.803+0000] {logging_mixin.py:190} INFO - [2024-11-23T17:17:23.802+0000] {dag.py:3239} INFO - Sync 1 DAGs
[2024-11-23T17:17:23.913+0000] {logging_mixin.py:190} INFO - [2024-11-23T17:17:23.913+0000] {dag.py:4180} INFO - Setting next_dagrun for example_skip_dag to 2024-11-22 00:00:00+00:00, run_after=2024-11-23 00:00:00+00:00
[2024-11-23T17:17:24.002+0000] {processor.py:208} INFO - Processing /home/airflow/.local/lib/python3.12/site-packages/airflow/example_dags/example_skip_dag.py took 0.399 seconds
[2024-11-23T17:17:59.959+0000] {processor.py:186} INFO - Started process (PID=1591) to work on /home/airflow/.local/lib/python3.12/site-packages/airflow/example_dags/example_skip_dag.py
[2024-11-23T17:18:00.051+0000] {processor.py:914} INFO - Processing file /home/airflow/.local/lib/python3.12/site-packages/airflow/example_dags/example_skip_dag.py for tasks to queue
[2024-11-23T17:18:00.057+0000] {logging_mixin.py:190} INFO - [2024-11-23T17:18:00.057+0000] {dagbag.py:588} INFO - Filling up the DagBag from /home/airflow/.local/lib/python3.12/site-packages/airflow/example_dags/example_skip_dag.py
[2024-11-23T17:18:00.117+0000] {processor.py:925} INFO - DAG(s) 'example_skip_dag' retrieved from /home/airflow/.local/lib/python3.12/site-packages/airflow/example_dags/example_skip_dag.py
[2024-11-23T17:18:00.254+0000] {logging_mixin.py:190} INFO - [2024-11-23T17:18:00.254+0000] {dag.py:3239} INFO - Sync 1 DAGs
[2024-11-23T17:18:00.322+0000] {logging_mixin.py:190} INFO - [2024-11-23T17:18:00.322+0000] {dag.py:4180} INFO - Setting next_dagrun for example_skip_dag to 2024-11-22 00:00:00+00:00, run_after=2024-11-23 00:00:00+00:00
[2024-11-23T17:18:00.465+0000] {processor.py:208} INFO - Processing /home/airflow/.local/lib/python3.12/site-packages/airflow/example_dags/example_skip_dag.py took 0.531 seconds
[2024-11-23T17:18:34.508+0000] {processor.py:186} INFO - Started process (PID=1656) to work on /home/airflow/.local/lib/python3.12/site-packages/airflow/example_dags/example_skip_dag.py
[2024-11-23T17:18:34.510+0000] {processor.py:914} INFO - Processing file /home/airflow/.local/lib/python3.12/site-packages/airflow/example_dags/example_skip_dag.py for tasks to queue
[2024-11-23T17:18:34.535+0000] {logging_mixin.py:190} INFO - [2024-11-23T17:18:34.535+0000] {dagbag.py:588} INFO - Filling up the DagBag from /home/airflow/.local/lib/python3.12/site-packages/airflow/example_dags/example_skip_dag.py
[2024-11-23T17:18:34.578+0000] {processor.py:925} INFO - DAG(s) 'example_skip_dag' retrieved from /home/airflow/.local/lib/python3.12/site-packages/airflow/example_dags/example_skip_dag.py
[2024-11-23T17:18:34.668+0000] {logging_mixin.py:190} INFO - [2024-11-23T17:18:34.667+0000] {dag.py:3239} INFO - Sync 1 DAGs
[2024-11-23T17:18:34.786+0000] {logging_mixin.py:190} INFO - [2024-11-23T17:18:34.785+0000] {dag.py:4180} INFO - Setting next_dagrun for example_skip_dag to 2024-11-22 00:00:00+00:00, run_after=2024-11-23 00:00:00+00:00
[2024-11-23T17:18:34.894+0000] {processor.py:208} INFO - Processing /home/airflow/.local/lib/python3.12/site-packages/airflow/example_dags/example_skip_dag.py took 0.409 seconds
[2024-11-23T17:19:08.683+0000] {processor.py:186} INFO - Started process (PID=1726) to work on /home/airflow/.local/lib/python3.12/site-packages/airflow/example_dags/example_skip_dag.py
[2024-11-23T17:19:08.696+0000] {processor.py:914} INFO - Processing file /home/airflow/.local/lib/python3.12/site-packages/airflow/example_dags/example_skip_dag.py for tasks to queue
[2024-11-23T17:19:08.778+0000] {logging_mixin.py:190} INFO - [2024-11-23T17:19:08.768+0000] {dagbag.py:588} INFO - Filling up the DagBag from /home/airflow/.local/lib/python3.12/site-packages/airflow/example_dags/example_skip_dag.py
[2024-11-23T17:19:08.950+0000] {processor.py:925} INFO - DAG(s) 'example_skip_dag' retrieved from /home/airflow/.local/lib/python3.12/site-packages/airflow/example_dags/example_skip_dag.py
[2024-11-23T17:19:09.241+0000] {logging_mixin.py:190} INFO - [2024-11-23T17:19:09.240+0000] {dag.py:3239} INFO - Sync 1 DAGs
[2024-11-23T17:19:09.415+0000] {logging_mixin.py:190} INFO - [2024-11-23T17:19:09.415+0000] {dag.py:4180} INFO - Setting next_dagrun for example_skip_dag to 2024-11-22 00:00:00+00:00, run_after=2024-11-23 00:00:00+00:00
[2024-11-23T17:19:09.554+0000] {processor.py:208} INFO - Processing /home/airflow/.local/lib/python3.12/site-packages/airflow/example_dags/example_skip_dag.py took 0.975 seconds
[2024-11-23T17:20:12.267+0000] {processor.py:186} INFO - Started process (PID=1795) to work on /home/airflow/.local/lib/python3.12/site-packages/airflow/example_dags/example_skip_dag.py
[2024-11-23T17:20:12.329+0000] {processor.py:914} INFO - Processing file /home/airflow/.local/lib/python3.12/site-packages/airflow/example_dags/example_skip_dag.py for tasks to queue
[2024-11-23T17:20:12.338+0000] {logging_mixin.py:190} INFO - [2024-11-23T17:20:12.337+0000] {dagbag.py:588} INFO - Filling up the DagBag from /home/airflow/.local/lib/python3.12/site-packages/airflow/example_dags/example_skip_dag.py
[2024-11-23T17:20:12.419+0000] {processor.py:925} INFO - DAG(s) 'example_skip_dag' retrieved from /home/airflow/.local/lib/python3.12/site-packages/airflow/example_dags/example_skip_dag.py
[2024-11-23T17:20:12.690+0000] {logging_mixin.py:190} INFO - [2024-11-23T17:20:12.690+0000] {dag.py:3239} INFO - Sync 1 DAGs
[2024-11-23T17:20:13.072+0000] {logging_mixin.py:190} INFO - [2024-11-23T17:20:13.071+0000] {dag.py:4180} INFO - Setting next_dagrun for example_skip_dag to 2024-11-22 00:00:00+00:00, run_after=2024-11-23 00:00:00+00:00
[2024-11-23T17:20:13.232+0000] {processor.py:208} INFO - Processing /home/airflow/.local/lib/python3.12/site-packages/airflow/example_dags/example_skip_dag.py took 0.989 seconds
[2024-11-23T17:23:17.005+0000] {processor.py:186} INFO - Started process (PID=1897) to work on /home/airflow/.local/lib/python3.12/site-packages/airflow/example_dags/example_skip_dag.py
[2024-11-23T17:23:17.061+0000] {processor.py:914} INFO - Processing file /home/airflow/.local/lib/python3.12/site-packages/airflow/example_dags/example_skip_dag.py for tasks to queue
[2024-11-23T17:23:17.120+0000] {logging_mixin.py:190} INFO - [2024-11-23T17:23:17.114+0000] {dagbag.py:588} INFO - Filling up the DagBag from /home/airflow/.local/lib/python3.12/site-packages/airflow/example_dags/example_skip_dag.py
[2024-11-23T17:23:17.285+0000] {processor.py:925} INFO - DAG(s) 'example_skip_dag' retrieved from /home/airflow/.local/lib/python3.12/site-packages/airflow/example_dags/example_skip_dag.py
[2024-11-23T17:23:17.481+0000] {logging_mixin.py:190} INFO - [2024-11-23T17:23:17.480+0000] {dag.py:3239} INFO - Sync 1 DAGs
[2024-11-23T17:23:17.701+0000] {logging_mixin.py:190} INFO - [2024-11-23T17:23:17.701+0000] {dag.py:4180} INFO - Setting next_dagrun for example_skip_dag to 2024-11-22 00:00:00+00:00, run_after=2024-11-23 00:00:00+00:00
[2024-11-23T17:23:17.805+0000] {processor.py:208} INFO - Processing /home/airflow/.local/lib/python3.12/site-packages/airflow/example_dags/example_skip_dag.py took 0.829 seconds
[2024-11-23T17:24:27.964+0000] {processor.py:186} INFO - Started process (PID=1983) to work on /home/airflow/.local/lib/python3.12/site-packages/airflow/example_dags/example_skip_dag.py
[2024-11-23T17:24:27.972+0000] {processor.py:914} INFO - Processing file /home/airflow/.local/lib/python3.12/site-packages/airflow/example_dags/example_skip_dag.py for tasks to queue
[2024-11-23T17:24:27.984+0000] {logging_mixin.py:190} INFO - [2024-11-23T17:24:27.984+0000] {dagbag.py:588} INFO - Filling up the DagBag from /home/airflow/.local/lib/python3.12/site-packages/airflow/example_dags/example_skip_dag.py
[2024-11-23T17:24:28.046+0000] {processor.py:925} INFO - DAG(s) 'example_skip_dag' retrieved from /home/airflow/.local/lib/python3.12/site-packages/airflow/example_dags/example_skip_dag.py
[2024-11-23T17:24:28.175+0000] {logging_mixin.py:190} INFO - [2024-11-23T17:24:28.174+0000] {dag.py:3239} INFO - Sync 1 DAGs
[2024-11-23T17:24:28.364+0000] {logging_mixin.py:190} INFO - [2024-11-23T17:24:28.363+0000] {dag.py:4180} INFO - Setting next_dagrun for example_skip_dag to 2024-11-22 00:00:00+00:00, run_after=2024-11-23 00:00:00+00:00
[2024-11-23T17:24:28.489+0000] {processor.py:208} INFO - Processing /home/airflow/.local/lib/python3.12/site-packages/airflow/example_dags/example_skip_dag.py took 0.628 seconds
[2024-11-23T17:26:22.016+0000] {processor.py:186} INFO - Started process (PID=2072) to work on /home/airflow/.local/lib/python3.12/site-packages/airflow/example_dags/example_skip_dag.py
[2024-11-23T17:26:22.020+0000] {processor.py:914} INFO - Processing file /home/airflow/.local/lib/python3.12/site-packages/airflow/example_dags/example_skip_dag.py for tasks to queue
[2024-11-23T17:26:22.029+0000] {logging_mixin.py:190} INFO - [2024-11-23T17:26:22.028+0000] {dagbag.py:588} INFO - Filling up the DagBag from /home/airflow/.local/lib/python3.12/site-packages/airflow/example_dags/example_skip_dag.py
[2024-11-23T17:26:22.072+0000] {processor.py:925} INFO - DAG(s) 'example_skip_dag' retrieved from /home/airflow/.local/lib/python3.12/site-packages/airflow/example_dags/example_skip_dag.py
[2024-11-23T17:26:22.194+0000] {logging_mixin.py:190} INFO - [2024-11-23T17:26:22.194+0000] {dag.py:3239} INFO - Sync 1 DAGs
[2024-11-23T17:26:22.347+0000] {logging_mixin.py:190} INFO - [2024-11-23T17:26:22.346+0000] {dag.py:4180} INFO - Setting next_dagrun for example_skip_dag to 2024-11-22 00:00:00+00:00, run_after=2024-11-23 00:00:00+00:00
[2024-11-23T17:26:22.448+0000] {processor.py:208} INFO - Processing /home/airflow/.local/lib/python3.12/site-packages/airflow/example_dags/example_skip_dag.py took 0.452 seconds
[2024-11-23T17:27:01.292+0000] {processor.py:186} INFO - Started process (PID=2139) to work on /home/airflow/.local/lib/python3.12/site-packages/airflow/example_dags/example_skip_dag.py
[2024-11-23T17:27:01.296+0000] {processor.py:914} INFO - Processing file /home/airflow/.local/lib/python3.12/site-packages/airflow/example_dags/example_skip_dag.py for tasks to queue
[2024-11-23T17:27:01.306+0000] {logging_mixin.py:190} INFO - [2024-11-23T17:27:01.305+0000] {dagbag.py:588} INFO - Filling up the DagBag from /home/airflow/.local/lib/python3.12/site-packages/airflow/example_dags/example_skip_dag.py
[2024-11-23T17:27:01.346+0000] {processor.py:925} INFO - DAG(s) 'example_skip_dag' retrieved from /home/airflow/.local/lib/python3.12/site-packages/airflow/example_dags/example_skip_dag.py
[2024-11-23T17:27:01.453+0000] {logging_mixin.py:190} INFO - [2024-11-23T17:27:01.453+0000] {dag.py:3239} INFO - Sync 1 DAGs
[2024-11-23T17:27:01.585+0000] {logging_mixin.py:190} INFO - [2024-11-23T17:27:01.584+0000] {dag.py:4180} INFO - Setting next_dagrun for example_skip_dag to 2024-11-22 00:00:00+00:00, run_after=2024-11-23 00:00:00+00:00
[2024-11-23T17:27:01.667+0000] {processor.py:208} INFO - Processing /home/airflow/.local/lib/python3.12/site-packages/airflow/example_dags/example_skip_dag.py took 0.403 seconds
