[2024-11-23T16:33:30.984+0000] {processor.py:186} INFO - Started process (PID=99) to work on /home/airflow/.local/lib/python3.12/site-packages/airflow/example_dags/example_python_decorator.py
[2024-11-23T16:33:31.292+0000] {processor.py:914} INFO - Processing file /home/airflow/.local/lib/python3.12/site-packages/airflow/example_dags/example_python_decorator.py for tasks to queue
[2024-11-23T16:33:32.252+0000] {logging_mixin.py:190} INFO - [2024-11-23T16:33:32.250+0000] {dagbag.py:588} INFO - Filling up the DagBag from /home/airflow/.local/lib/python3.12/site-packages/airflow/example_dags/example_python_decorator.py
[2024-11-23T16:33:33.372+0000] {processor.py:925} INFO - DAG(s) 'example_python_decorator' retrieved from /home/airflow/.local/lib/python3.12/site-packages/airflow/example_dags/example_python_decorator.py
[2024-11-23T16:33:41.083+0000] {logging_mixin.py:190} INFO - [2024-11-23T16:33:41.081+0000] {dag.py:3239} INFO - Sync 1 DAGs
[2024-11-23T16:33:41.471+0000] {logging_mixin.py:190} INFO - [2024-11-23T16:33:41.454+0000] {dag.py:4180} INFO - Setting next_dagrun for example_python_decorator to None, run_after=None
[2024-11-23T16:33:41.819+0000] {processor.py:208} INFO - Processing /home/airflow/.local/lib/python3.12/site-packages/airflow/example_dags/example_python_decorator.py took 12.102 seconds
[2024-11-23T16:39:46.904+0000] {processor.py:186} INFO - Started process (PID=95) to work on /home/airflow/.local/lib/python3.12/site-packages/airflow/example_dags/example_python_decorator.py
[2024-11-23T16:39:46.917+0000] {processor.py:914} INFO - Processing file /home/airflow/.local/lib/python3.12/site-packages/airflow/example_dags/example_python_decorator.py for tasks to queue
[2024-11-23T16:39:46.936+0000] {logging_mixin.py:190} INFO - [2024-11-23T16:39:46.934+0000] {dagbag.py:588} INFO - Filling up the DagBag from /home/airflow/.local/lib/python3.12/site-packages/airflow/example_dags/example_python_decorator.py
[2024-11-23T16:39:47.050+0000] {processor.py:925} INFO - DAG(s) 'example_python_decorator' retrieved from /home/airflow/.local/lib/python3.12/site-packages/airflow/example_dags/example_python_decorator.py
[2024-11-23T16:39:58.101+0000] {logging_mixin.py:190} INFO - [2024-11-23T16:39:58.099+0000] {dag.py:3239} INFO - Sync 1 DAGs
[2024-11-23T16:39:58.179+0000] {logging_mixin.py:190} INFO - [2024-11-23T16:39:58.178+0000] {dag.py:4180} INFO - Setting next_dagrun for example_python_decorator to None, run_after=None
[2024-11-23T16:39:58.299+0000] {processor.py:208} INFO - Processing /home/airflow/.local/lib/python3.12/site-packages/airflow/example_dags/example_python_decorator.py took 11.437 seconds
[2024-11-23T16:40:48.488+0000] {processor.py:186} INFO - Started process (PID=195) to work on /home/airflow/.local/lib/python3.12/site-packages/airflow/example_dags/example_python_decorator.py
[2024-11-23T16:40:48.520+0000] {processor.py:914} INFO - Processing file /home/airflow/.local/lib/python3.12/site-packages/airflow/example_dags/example_python_decorator.py for tasks to queue
[2024-11-23T16:40:48.525+0000] {logging_mixin.py:190} INFO - [2024-11-23T16:40:48.524+0000] {dagbag.py:588} INFO - Filling up the DagBag from /home/airflow/.local/lib/python3.12/site-packages/airflow/example_dags/example_python_decorator.py
[2024-11-23T16:40:48.607+0000] {processor.py:925} INFO - DAG(s) 'example_python_decorator' retrieved from /home/airflow/.local/lib/python3.12/site-packages/airflow/example_dags/example_python_decorator.py
[2024-11-23T16:40:48.886+0000] {logging_mixin.py:190} INFO - [2024-11-23T16:40:48.885+0000] {dag.py:3239} INFO - Sync 1 DAGs
[2024-11-23T16:40:49.755+0000] {logging_mixin.py:190} INFO - [2024-11-23T16:40:49.749+0000] {dag.py:4180} INFO - Setting next_dagrun for example_python_decorator to None, run_after=None
[2024-11-23T16:40:50.209+0000] {processor.py:208} INFO - Processing /home/airflow/.local/lib/python3.12/site-packages/airflow/example_dags/example_python_decorator.py took 1.747 seconds
[2024-11-23T16:41:20.929+0000] {processor.py:186} INFO - Started process (PID=261) to work on /home/airflow/.local/lib/python3.12/site-packages/airflow/example_dags/example_python_decorator.py
[2024-11-23T16:41:20.932+0000] {processor.py:914} INFO - Processing file /home/airflow/.local/lib/python3.12/site-packages/airflow/example_dags/example_python_decorator.py for tasks to queue
[2024-11-23T16:41:20.941+0000] {logging_mixin.py:190} INFO - [2024-11-23T16:41:20.940+0000] {dagbag.py:588} INFO - Filling up the DagBag from /home/airflow/.local/lib/python3.12/site-packages/airflow/example_dags/example_python_decorator.py
[2024-11-23T16:41:20.993+0000] {processor.py:925} INFO - DAG(s) 'example_python_decorator' retrieved from /home/airflow/.local/lib/python3.12/site-packages/airflow/example_dags/example_python_decorator.py
[2024-11-23T16:41:21.087+0000] {logging_mixin.py:190} INFO - [2024-11-23T16:41:21.087+0000] {dag.py:3239} INFO - Sync 1 DAGs
[2024-11-23T16:41:21.129+0000] {logging_mixin.py:190} INFO - [2024-11-23T16:41:21.128+0000] {dag.py:4180} INFO - Setting next_dagrun for example_python_decorator to None, run_after=None
[2024-11-23T16:41:21.218+0000] {processor.py:208} INFO - Processing /home/airflow/.local/lib/python3.12/site-packages/airflow/example_dags/example_python_decorator.py took 0.305 seconds
[2024-11-23T16:41:56.840+0000] {processor.py:186} INFO - Started process (PID=327) to work on /home/airflow/.local/lib/python3.12/site-packages/airflow/example_dags/example_python_decorator.py
[2024-11-23T16:41:56.842+0000] {processor.py:914} INFO - Processing file /home/airflow/.local/lib/python3.12/site-packages/airflow/example_dags/example_python_decorator.py for tasks to queue
[2024-11-23T16:41:56.847+0000] {logging_mixin.py:190} INFO - [2024-11-23T16:41:56.846+0000] {dagbag.py:588} INFO - Filling up the DagBag from /home/airflow/.local/lib/python3.12/site-packages/airflow/example_dags/example_python_decorator.py
[2024-11-23T16:41:57.588+0000] {processor.py:925} INFO - DAG(s) 'example_python_decorator' retrieved from /home/airflow/.local/lib/python3.12/site-packages/airflow/example_dags/example_python_decorator.py
[2024-11-23T16:41:57.741+0000] {logging_mixin.py:190} INFO - [2024-11-23T16:41:57.740+0000] {dag.py:3239} INFO - Sync 1 DAGs
[2024-11-23T16:41:57.849+0000] {logging_mixin.py:190} INFO - [2024-11-23T16:41:57.848+0000] {dag.py:4180} INFO - Setting next_dagrun for example_python_decorator to None, run_after=None
[2024-11-23T16:41:58.372+0000] {processor.py:208} INFO - Processing /home/airflow/.local/lib/python3.12/site-packages/airflow/example_dags/example_python_decorator.py took 1.542 seconds
[2024-11-23T16:42:29.013+0000] {processor.py:186} INFO - Started process (PID=405) to work on /home/airflow/.local/lib/python3.12/site-packages/airflow/example_dags/example_python_decorator.py
[2024-11-23T16:42:29.016+0000] {processor.py:914} INFO - Processing file /home/airflow/.local/lib/python3.12/site-packages/airflow/example_dags/example_python_decorator.py for tasks to queue
[2024-11-23T16:42:29.026+0000] {logging_mixin.py:190} INFO - [2024-11-23T16:42:29.025+0000] {dagbag.py:588} INFO - Filling up the DagBag from /home/airflow/.local/lib/python3.12/site-packages/airflow/example_dags/example_python_decorator.py
[2024-11-23T16:42:29.167+0000] {processor.py:925} INFO - DAG(s) 'example_python_decorator' retrieved from /home/airflow/.local/lib/python3.12/site-packages/airflow/example_dags/example_python_decorator.py
[2024-11-23T16:42:29.252+0000] {logging_mixin.py:190} INFO - [2024-11-23T16:42:29.251+0000] {dag.py:3239} INFO - Sync 1 DAGs
[2024-11-23T16:42:29.350+0000] {logging_mixin.py:190} INFO - [2024-11-23T16:42:29.349+0000] {dag.py:4180} INFO - Setting next_dagrun for example_python_decorator to None, run_after=None
[2024-11-23T16:42:29.464+0000] {processor.py:208} INFO - Processing /home/airflow/.local/lib/python3.12/site-packages/airflow/example_dags/example_python_decorator.py took 0.470 seconds
[2024-11-23T16:47:40.311+0000] {processor.py:186} INFO - Started process (PID=91) to work on /home/airflow/.local/lib/python3.12/site-packages/airflow/example_dags/example_python_decorator.py
[2024-11-23T16:47:40.314+0000] {processor.py:914} INFO - Processing file /home/airflow/.local/lib/python3.12/site-packages/airflow/example_dags/example_python_decorator.py for tasks to queue
[2024-11-23T16:47:40.354+0000] {logging_mixin.py:190} INFO - [2024-11-23T16:47:40.354+0000] {dagbag.py:588} INFO - Filling up the DagBag from /home/airflow/.local/lib/python3.12/site-packages/airflow/example_dags/example_python_decorator.py
[2024-11-23T16:47:40.635+0000] {processor.py:925} INFO - DAG(s) 'example_python_decorator' retrieved from /home/airflow/.local/lib/python3.12/site-packages/airflow/example_dags/example_python_decorator.py
[2024-11-23T16:47:42.666+0000] {logging_mixin.py:190} INFO - [2024-11-23T16:47:42.665+0000] {dag.py:3239} INFO - Sync 1 DAGs
[2024-11-23T16:47:43.224+0000] {logging_mixin.py:190} INFO - [2024-11-23T16:47:43.222+0000] {dag.py:4180} INFO - Setting next_dagrun for example_python_decorator to None, run_after=None
[2024-11-23T16:47:43.725+0000] {processor.py:208} INFO - Processing /home/airflow/.local/lib/python3.12/site-packages/airflow/example_dags/example_python_decorator.py took 3.462 seconds
[2024-11-23T17:01:09.620+0000] {processor.py:186} INFO - Started process (PID=108) to work on /home/airflow/.local/lib/python3.12/site-packages/airflow/example_dags/example_python_decorator.py
[2024-11-23T17:01:09.710+0000] {processor.py:914} INFO - Processing file /home/airflow/.local/lib/python3.12/site-packages/airflow/example_dags/example_python_decorator.py for tasks to queue
[2024-11-23T17:01:10.182+0000] {logging_mixin.py:190} INFO - [2024-11-23T17:01:10.094+0000] {dagbag.py:588} INFO - Filling up the DagBag from /home/airflow/.local/lib/python3.12/site-packages/airflow/example_dags/example_python_decorator.py
[2024-11-23T17:01:11.809+0000] {processor.py:925} INFO - DAG(s) 'example_python_decorator' retrieved from /home/airflow/.local/lib/python3.12/site-packages/airflow/example_dags/example_python_decorator.py
[2024-11-23T17:01:22.483+0000] {logging_mixin.py:190} INFO - [2024-11-23T17:01:22.472+0000] {dag.py:3239} INFO - Sync 1 DAGs
[2024-11-23T17:01:22.665+0000] {logging_mixin.py:190} INFO - [2024-11-23T17:01:22.665+0000] {dag.py:4180} INFO - Setting next_dagrun for example_python_decorator to None, run_after=None
[2024-11-23T17:01:22.958+0000] {processor.py:208} INFO - Processing /home/airflow/.local/lib/python3.12/site-packages/airflow/example_dags/example_python_decorator.py took 15.150 seconds
[2024-11-23T17:03:21.964+0000] {processor.py:186} INFO - Started process (PID=191) to work on /home/airflow/.local/lib/python3.12/site-packages/airflow/example_dags/example_python_decorator.py
[2024-11-23T17:03:21.967+0000] {processor.py:914} INFO - Processing file /home/airflow/.local/lib/python3.12/site-packages/airflow/example_dags/example_python_decorator.py for tasks to queue
[2024-11-23T17:03:21.981+0000] {logging_mixin.py:190} INFO - [2024-11-23T17:03:21.980+0000] {dagbag.py:588} INFO - Filling up the DagBag from /home/airflow/.local/lib/python3.12/site-packages/airflow/example_dags/example_python_decorator.py
[2024-11-23T17:03:22.135+0000] {processor.py:925} INFO - DAG(s) 'example_python_decorator' retrieved from /home/airflow/.local/lib/python3.12/site-packages/airflow/example_dags/example_python_decorator.py
[2024-11-23T17:03:22.366+0000] {logging_mixin.py:190} INFO - [2024-11-23T17:03:22.365+0000] {dag.py:3239} INFO - Sync 1 DAGs
[2024-11-23T17:03:22.453+0000] {logging_mixin.py:190} INFO - [2024-11-23T17:03:22.452+0000] {dag.py:4180} INFO - Setting next_dagrun for example_python_decorator to None, run_after=None
[2024-11-23T17:03:22.656+0000] {processor.py:208} INFO - Processing /home/airflow/.local/lib/python3.12/site-packages/airflow/example_dags/example_python_decorator.py took 0.756 seconds
[2024-11-23T17:03:53.034+0000] {processor.py:186} INFO - Started process (PID=257) to work on /home/airflow/.local/lib/python3.12/site-packages/airflow/example_dags/example_python_decorator.py
[2024-11-23T17:03:53.036+0000] {processor.py:914} INFO - Processing file /home/airflow/.local/lib/python3.12/site-packages/airflow/example_dags/example_python_decorator.py for tasks to queue
[2024-11-23T17:03:53.063+0000] {logging_mixin.py:190} INFO - [2024-11-23T17:03:53.062+0000] {dagbag.py:588} INFO - Filling up the DagBag from /home/airflow/.local/lib/python3.12/site-packages/airflow/example_dags/example_python_decorator.py
[2024-11-23T17:03:53.152+0000] {processor.py:925} INFO - DAG(s) 'example_python_decorator' retrieved from /home/airflow/.local/lib/python3.12/site-packages/airflow/example_dags/example_python_decorator.py
[2024-11-23T17:03:53.270+0000] {logging_mixin.py:190} INFO - [2024-11-23T17:03:53.269+0000] {dag.py:3239} INFO - Sync 1 DAGs
[2024-11-23T17:03:53.325+0000] {logging_mixin.py:190} INFO - [2024-11-23T17:03:53.325+0000] {dag.py:4180} INFO - Setting next_dagrun for example_python_decorator to None, run_after=None
[2024-11-23T17:03:53.420+0000] {processor.py:208} INFO - Processing /home/airflow/.local/lib/python3.12/site-packages/airflow/example_dags/example_python_decorator.py took 0.435 seconds
[2024-11-23T17:04:33.625+0000] {processor.py:186} INFO - Started process (PID=297) to work on /home/airflow/.local/lib/python3.12/site-packages/airflow/example_dags/example_python_decorator.py
[2024-11-23T17:04:33.639+0000] {processor.py:914} INFO - Processing file /home/airflow/.local/lib/python3.12/site-packages/airflow/example_dags/example_python_decorator.py for tasks to queue
[2024-11-23T17:04:33.649+0000] {logging_mixin.py:190} INFO - [2024-11-23T17:04:33.648+0000] {dagbag.py:588} INFO - Filling up the DagBag from /home/airflow/.local/lib/python3.12/site-packages/airflow/example_dags/example_python_decorator.py
[2024-11-23T17:04:33.752+0000] {processor.py:925} INFO - DAG(s) 'example_python_decorator' retrieved from /home/airflow/.local/lib/python3.12/site-packages/airflow/example_dags/example_python_decorator.py
[2024-11-23T17:04:33.879+0000] {logging_mixin.py:190} INFO - [2024-11-23T17:04:33.879+0000] {dag.py:3239} INFO - Sync 1 DAGs
[2024-11-23T17:04:33.968+0000] {logging_mixin.py:190} INFO - [2024-11-23T17:04:33.967+0000] {dag.py:4180} INFO - Setting next_dagrun for example_python_decorator to None, run_after=None
[2024-11-23T17:04:34.089+0000] {processor.py:208} INFO - Processing /home/airflow/.local/lib/python3.12/site-packages/airflow/example_dags/example_python_decorator.py took 0.490 seconds
[2024-11-23T17:05:28.221+0000] {processor.py:186} INFO - Started process (PID=359) to work on /home/airflow/.local/lib/python3.12/site-packages/airflow/example_dags/example_python_decorator.py
[2024-11-23T17:05:28.226+0000] {processor.py:914} INFO - Processing file /home/airflow/.local/lib/python3.12/site-packages/airflow/example_dags/example_python_decorator.py for tasks to queue
[2024-11-23T17:05:28.239+0000] {logging_mixin.py:190} INFO - [2024-11-23T17:05:28.239+0000] {dagbag.py:588} INFO - Filling up the DagBag from /home/airflow/.local/lib/python3.12/site-packages/airflow/example_dags/example_python_decorator.py
[2024-11-23T17:05:28.335+0000] {processor.py:925} INFO - DAG(s) 'example_python_decorator' retrieved from /home/airflow/.local/lib/python3.12/site-packages/airflow/example_dags/example_python_decorator.py
[2024-11-23T17:05:28.475+0000] {logging_mixin.py:190} INFO - [2024-11-23T17:05:28.474+0000] {dag.py:3239} INFO - Sync 1 DAGs
[2024-11-23T17:05:28.556+0000] {logging_mixin.py:190} INFO - [2024-11-23T17:05:28.556+0000] {dag.py:4180} INFO - Setting next_dagrun for example_python_decorator to None, run_after=None
[2024-11-23T17:05:28.632+0000] {processor.py:208} INFO - Processing /home/airflow/.local/lib/python3.12/site-packages/airflow/example_dags/example_python_decorator.py took 0.433 seconds
[2024-11-23T17:05:59.738+0000] {processor.py:186} INFO - Started process (PID=425) to work on /home/airflow/.local/lib/python3.12/site-packages/airflow/example_dags/example_python_decorator.py
[2024-11-23T17:05:59.740+0000] {processor.py:914} INFO - Processing file /home/airflow/.local/lib/python3.12/site-packages/airflow/example_dags/example_python_decorator.py for tasks to queue
[2024-11-23T17:05:59.755+0000] {logging_mixin.py:190} INFO - [2024-11-23T17:05:59.754+0000] {dagbag.py:588} INFO - Filling up the DagBag from /home/airflow/.local/lib/python3.12/site-packages/airflow/example_dags/example_python_decorator.py
[2024-11-23T17:05:59.804+0000] {processor.py:925} INFO - DAG(s) 'example_python_decorator' retrieved from /home/airflow/.local/lib/python3.12/site-packages/airflow/example_dags/example_python_decorator.py
[2024-11-23T17:05:59.848+0000] {logging_mixin.py:190} INFO - [2024-11-23T17:05:59.848+0000] {dag.py:3239} INFO - Sync 1 DAGs
[2024-11-23T17:05:59.883+0000] {logging_mixin.py:190} INFO - [2024-11-23T17:05:59.882+0000] {dag.py:4180} INFO - Setting next_dagrun for example_python_decorator to None, run_after=None
[2024-11-23T17:05:59.955+0000] {processor.py:208} INFO - Processing /home/airflow/.local/lib/python3.12/site-packages/airflow/example_dags/example_python_decorator.py took 0.238 seconds
[2024-11-23T17:06:57.729+0000] {processor.py:186} INFO - Started process (PID=488) to work on /home/airflow/.local/lib/python3.12/site-packages/airflow/example_dags/example_python_decorator.py
[2024-11-23T17:06:57.762+0000] {processor.py:914} INFO - Processing file /home/airflow/.local/lib/python3.12/site-packages/airflow/example_dags/example_python_decorator.py for tasks to queue
[2024-11-23T17:06:57.812+0000] {logging_mixin.py:190} INFO - [2024-11-23T17:06:57.811+0000] {dagbag.py:588} INFO - Filling up the DagBag from /home/airflow/.local/lib/python3.12/site-packages/airflow/example_dags/example_python_decorator.py
[2024-11-23T17:06:57.895+0000] {processor.py:925} INFO - DAG(s) 'example_python_decorator' retrieved from /home/airflow/.local/lib/python3.12/site-packages/airflow/example_dags/example_python_decorator.py
[2024-11-23T17:06:58.035+0000] {logging_mixin.py:190} INFO - [2024-11-23T17:06:58.034+0000] {dag.py:3239} INFO - Sync 1 DAGs
[2024-11-23T17:06:58.138+0000] {logging_mixin.py:190} INFO - [2024-11-23T17:06:58.137+0000] {dag.py:4180} INFO - Setting next_dagrun for example_python_decorator to None, run_after=None
[2024-11-23T17:06:58.366+0000] {processor.py:208} INFO - Processing /home/airflow/.local/lib/python3.12/site-packages/airflow/example_dags/example_python_decorator.py took 0.661 seconds
[2024-11-23T17:07:36.524+0000] {processor.py:186} INFO - Started process (PID=560) to work on /home/airflow/.local/lib/python3.12/site-packages/airflow/example_dags/example_python_decorator.py
[2024-11-23T17:07:36.536+0000] {processor.py:914} INFO - Processing file /home/airflow/.local/lib/python3.12/site-packages/airflow/example_dags/example_python_decorator.py for tasks to queue
[2024-11-23T17:07:36.548+0000] {logging_mixin.py:190} INFO - [2024-11-23T17:07:36.547+0000] {dagbag.py:588} INFO - Filling up the DagBag from /home/airflow/.local/lib/python3.12/site-packages/airflow/example_dags/example_python_decorator.py
[2024-11-23T17:07:36.716+0000] {processor.py:925} INFO - DAG(s) 'example_python_decorator' retrieved from /home/airflow/.local/lib/python3.12/site-packages/airflow/example_dags/example_python_decorator.py
[2024-11-23T17:07:36.939+0000] {logging_mixin.py:190} INFO - [2024-11-23T17:07:36.938+0000] {dag.py:3239} INFO - Sync 1 DAGs
[2024-11-23T17:07:37.127+0000] {logging_mixin.py:190} INFO - [2024-11-23T17:07:37.126+0000] {dag.py:4180} INFO - Setting next_dagrun for example_python_decorator to None, run_after=None
[2024-11-23T17:07:37.268+0000] {processor.py:208} INFO - Processing /home/airflow/.local/lib/python3.12/site-packages/airflow/example_dags/example_python_decorator.py took 0.786 seconds
[2024-11-23T17:08:09.353+0000] {processor.py:186} INFO - Started process (PID=627) to work on /home/airflow/.local/lib/python3.12/site-packages/airflow/example_dags/example_python_decorator.py
[2024-11-23T17:08:09.368+0000] {processor.py:914} INFO - Processing file /home/airflow/.local/lib/python3.12/site-packages/airflow/example_dags/example_python_decorator.py for tasks to queue
[2024-11-23T17:08:09.404+0000] {logging_mixin.py:190} INFO - [2024-11-23T17:08:09.403+0000] {dagbag.py:588} INFO - Filling up the DagBag from /home/airflow/.local/lib/python3.12/site-packages/airflow/example_dags/example_python_decorator.py
[2024-11-23T17:08:09.588+0000] {processor.py:925} INFO - DAG(s) 'example_python_decorator' retrieved from /home/airflow/.local/lib/python3.12/site-packages/airflow/example_dags/example_python_decorator.py
[2024-11-23T17:08:09.712+0000] {logging_mixin.py:190} INFO - [2024-11-23T17:08:09.712+0000] {dag.py:3239} INFO - Sync 1 DAGs
[2024-11-23T17:08:09.800+0000] {logging_mixin.py:190} INFO - [2024-11-23T17:08:09.799+0000] {dag.py:4180} INFO - Setting next_dagrun for example_python_decorator to None, run_after=None
[2024-11-23T17:08:09.902+0000] {processor.py:208} INFO - Processing /home/airflow/.local/lib/python3.12/site-packages/airflow/example_dags/example_python_decorator.py took 0.598 seconds
[2024-11-23T17:08:45.375+0000] {processor.py:186} INFO - Started process (PID=680) to work on /home/airflow/.local/lib/python3.12/site-packages/airflow/example_dags/example_python_decorator.py
[2024-11-23T17:08:45.378+0000] {processor.py:914} INFO - Processing file /home/airflow/.local/lib/python3.12/site-packages/airflow/example_dags/example_python_decorator.py for tasks to queue
[2024-11-23T17:08:45.404+0000] {logging_mixin.py:190} INFO - [2024-11-23T17:08:45.403+0000] {dagbag.py:588} INFO - Filling up the DagBag from /home/airflow/.local/lib/python3.12/site-packages/airflow/example_dags/example_python_decorator.py
[2024-11-23T17:08:45.502+0000] {processor.py:925} INFO - DAG(s) 'example_python_decorator' retrieved from /home/airflow/.local/lib/python3.12/site-packages/airflow/example_dags/example_python_decorator.py
[2024-11-23T17:08:45.630+0000] {logging_mixin.py:190} INFO - [2024-11-23T17:08:45.629+0000] {dag.py:3239} INFO - Sync 1 DAGs
[2024-11-23T17:08:45.758+0000] {logging_mixin.py:190} INFO - [2024-11-23T17:08:45.758+0000] {dag.py:4180} INFO - Setting next_dagrun for example_python_decorator to None, run_after=None
[2024-11-23T17:08:45.951+0000] {processor.py:208} INFO - Processing /home/airflow/.local/lib/python3.12/site-packages/airflow/example_dags/example_python_decorator.py took 0.612 seconds
[2024-11-23T17:09:26.001+0000] {processor.py:186} INFO - Started process (PID=738) to work on /home/airflow/.local/lib/python3.12/site-packages/airflow/example_dags/example_python_decorator.py
[2024-11-23T17:09:26.011+0000] {processor.py:914} INFO - Processing file /home/airflow/.local/lib/python3.12/site-packages/airflow/example_dags/example_python_decorator.py for tasks to queue
[2024-11-23T17:09:26.060+0000] {logging_mixin.py:190} INFO - [2024-11-23T17:09:26.059+0000] {dagbag.py:588} INFO - Filling up the DagBag from /home/airflow/.local/lib/python3.12/site-packages/airflow/example_dags/example_python_decorator.py
[2024-11-23T17:09:26.534+0000] {processor.py:925} INFO - DAG(s) 'example_python_decorator' retrieved from /home/airflow/.local/lib/python3.12/site-packages/airflow/example_dags/example_python_decorator.py
[2024-11-23T17:09:26.931+0000] {logging_mixin.py:190} INFO - [2024-11-23T17:09:26.930+0000] {dag.py:3239} INFO - Sync 1 DAGs
[2024-11-23T17:09:27.136+0000] {logging_mixin.py:190} INFO - [2024-11-23T17:09:27.135+0000] {dag.py:4180} INFO - Setting next_dagrun for example_python_decorator to None, run_after=None
[2024-11-23T17:09:27.396+0000] {processor.py:208} INFO - Processing /home/airflow/.local/lib/python3.12/site-packages/airflow/example_dags/example_python_decorator.py took 1.427 seconds
[2024-11-23T17:10:26.946+0000] {processor.py:186} INFO - Started process (PID=804) to work on /home/airflow/.local/lib/python3.12/site-packages/airflow/example_dags/example_python_decorator.py
[2024-11-23T17:10:26.951+0000] {processor.py:914} INFO - Processing file /home/airflow/.local/lib/python3.12/site-packages/airflow/example_dags/example_python_decorator.py for tasks to queue
[2024-11-23T17:10:26.967+0000] {logging_mixin.py:190} INFO - [2024-11-23T17:10:26.966+0000] {dagbag.py:588} INFO - Filling up the DagBag from /home/airflow/.local/lib/python3.12/site-packages/airflow/example_dags/example_python_decorator.py
[2024-11-23T17:10:27.055+0000] {processor.py:925} INFO - DAG(s) 'example_python_decorator' retrieved from /home/airflow/.local/lib/python3.12/site-packages/airflow/example_dags/example_python_decorator.py
[2024-11-23T17:10:27.225+0000] {logging_mixin.py:190} INFO - [2024-11-23T17:10:27.224+0000] {dag.py:3239} INFO - Sync 1 DAGs
[2024-11-23T17:10:27.341+0000] {logging_mixin.py:190} INFO - [2024-11-23T17:10:27.341+0000] {dag.py:4180} INFO - Setting next_dagrun for example_python_decorator to None, run_after=None
[2024-11-23T17:10:27.494+0000] {processor.py:208} INFO - Processing /home/airflow/.local/lib/python3.12/site-packages/airflow/example_dags/example_python_decorator.py took 0.571 seconds
[2024-11-23T17:11:06.432+0000] {processor.py:186} INFO - Started process (PID=861) to work on /home/airflow/.local/lib/python3.12/site-packages/airflow/example_dags/example_python_decorator.py
[2024-11-23T17:11:06.436+0000] {processor.py:914} INFO - Processing file /home/airflow/.local/lib/python3.12/site-packages/airflow/example_dags/example_python_decorator.py for tasks to queue
[2024-11-23T17:11:06.451+0000] {logging_mixin.py:190} INFO - [2024-11-23T17:11:06.450+0000] {dagbag.py:588} INFO - Filling up the DagBag from /home/airflow/.local/lib/python3.12/site-packages/airflow/example_dags/example_python_decorator.py
[2024-11-23T17:11:06.553+0000] {processor.py:925} INFO - DAG(s) 'example_python_decorator' retrieved from /home/airflow/.local/lib/python3.12/site-packages/airflow/example_dags/example_python_decorator.py
[2024-11-23T17:11:06.731+0000] {logging_mixin.py:190} INFO - [2024-11-23T17:11:06.731+0000] {dag.py:3239} INFO - Sync 1 DAGs
[2024-11-23T17:11:06.842+0000] {logging_mixin.py:190} INFO - [2024-11-23T17:11:06.841+0000] {dag.py:4180} INFO - Setting next_dagrun for example_python_decorator to None, run_after=None
[2024-11-23T17:11:06.982+0000] {processor.py:208} INFO - Processing /home/airflow/.local/lib/python3.12/site-packages/airflow/example_dags/example_python_decorator.py took 0.631 seconds
[2024-11-23T17:11:41.383+0000] {processor.py:186} INFO - Started process (PID=934) to work on /home/airflow/.local/lib/python3.12/site-packages/airflow/example_dags/example_python_decorator.py
[2024-11-23T17:11:41.414+0000] {processor.py:914} INFO - Processing file /home/airflow/.local/lib/python3.12/site-packages/airflow/example_dags/example_python_decorator.py for tasks to queue
[2024-11-23T17:11:41.433+0000] {logging_mixin.py:190} INFO - [2024-11-23T17:11:41.433+0000] {dagbag.py:588} INFO - Filling up the DagBag from /home/airflow/.local/lib/python3.12/site-packages/airflow/example_dags/example_python_decorator.py
[2024-11-23T17:11:41.611+0000] {processor.py:925} INFO - DAG(s) 'example_python_decorator' retrieved from /home/airflow/.local/lib/python3.12/site-packages/airflow/example_dags/example_python_decorator.py
[2024-11-23T17:11:41.943+0000] {logging_mixin.py:190} INFO - [2024-11-23T17:11:41.942+0000] {dag.py:3239} INFO - Sync 1 DAGs
[2024-11-23T17:11:42.046+0000] {logging_mixin.py:190} INFO - [2024-11-23T17:11:42.045+0000] {dag.py:4180} INFO - Setting next_dagrun for example_python_decorator to None, run_after=None
[2024-11-23T17:11:42.130+0000] {processor.py:208} INFO - Processing /home/airflow/.local/lib/python3.12/site-packages/airflow/example_dags/example_python_decorator.py took 0.776 seconds
[2024-11-23T17:12:14.450+0000] {processor.py:186} INFO - Started process (PID=1000) to work on /home/airflow/.local/lib/python3.12/site-packages/airflow/example_dags/example_python_decorator.py
[2024-11-23T17:12:14.452+0000] {processor.py:914} INFO - Processing file /home/airflow/.local/lib/python3.12/site-packages/airflow/example_dags/example_python_decorator.py for tasks to queue
[2024-11-23T17:12:14.464+0000] {logging_mixin.py:190} INFO - [2024-11-23T17:12:14.463+0000] {dagbag.py:588} INFO - Filling up the DagBag from /home/airflow/.local/lib/python3.12/site-packages/airflow/example_dags/example_python_decorator.py
[2024-11-23T17:12:14.550+0000] {processor.py:925} INFO - DAG(s) 'example_python_decorator' retrieved from /home/airflow/.local/lib/python3.12/site-packages/airflow/example_dags/example_python_decorator.py
[2024-11-23T17:12:14.670+0000] {logging_mixin.py:190} INFO - [2024-11-23T17:12:14.670+0000] {dag.py:3239} INFO - Sync 1 DAGs
[2024-11-23T17:12:14.737+0000] {logging_mixin.py:190} INFO - [2024-11-23T17:12:14.737+0000] {dag.py:4180} INFO - Setting next_dagrun for example_python_decorator to None, run_after=None
[2024-11-23T17:12:14.861+0000] {processor.py:208} INFO - Processing /home/airflow/.local/lib/python3.12/site-packages/airflow/example_dags/example_python_decorator.py took 0.435 seconds
[2024-11-23T17:12:51.243+0000] {processor.py:186} INFO - Started process (PID=1066) to work on /home/airflow/.local/lib/python3.12/site-packages/airflow/example_dags/example_python_decorator.py
[2024-11-23T17:12:51.274+0000] {processor.py:914} INFO - Processing file /home/airflow/.local/lib/python3.12/site-packages/airflow/example_dags/example_python_decorator.py for tasks to queue
[2024-11-23T17:12:51.289+0000] {logging_mixin.py:190} INFO - [2024-11-23T17:12:51.289+0000] {dagbag.py:588} INFO - Filling up the DagBag from /home/airflow/.local/lib/python3.12/site-packages/airflow/example_dags/example_python_decorator.py
[2024-11-23T17:12:51.390+0000] {processor.py:925} INFO - DAG(s) 'example_python_decorator' retrieved from /home/airflow/.local/lib/python3.12/site-packages/airflow/example_dags/example_python_decorator.py
[2024-11-23T17:12:51.522+0000] {logging_mixin.py:190} INFO - [2024-11-23T17:12:51.521+0000] {dag.py:3239} INFO - Sync 1 DAGs
[2024-11-23T17:12:51.594+0000] {logging_mixin.py:190} INFO - [2024-11-23T17:12:51.594+0000] {dag.py:4180} INFO - Setting next_dagrun for example_python_decorator to None, run_after=None
[2024-11-23T17:12:51.695+0000] {processor.py:208} INFO - Processing /home/airflow/.local/lib/python3.12/site-packages/airflow/example_dags/example_python_decorator.py took 0.476 seconds
[2024-11-23T17:13:50.226+0000] {processor.py:186} INFO - Started process (PID=1129) to work on /home/airflow/.local/lib/python3.12/site-packages/airflow/example_dags/example_python_decorator.py
[2024-11-23T17:13:50.241+0000] {processor.py:914} INFO - Processing file /home/airflow/.local/lib/python3.12/site-packages/airflow/example_dags/example_python_decorator.py for tasks to queue
[2024-11-23T17:13:50.276+0000] {logging_mixin.py:190} INFO - [2024-11-23T17:13:50.275+0000] {dagbag.py:588} INFO - Filling up the DagBag from /home/airflow/.local/lib/python3.12/site-packages/airflow/example_dags/example_python_decorator.py
[2024-11-23T17:13:50.428+0000] {processor.py:925} INFO - DAG(s) 'example_python_decorator' retrieved from /home/airflow/.local/lib/python3.12/site-packages/airflow/example_dags/example_python_decorator.py
[2024-11-23T17:13:51.114+0000] {logging_mixin.py:190} INFO - [2024-11-23T17:13:51.108+0000] {dag.py:3239} INFO - Sync 1 DAGs
[2024-11-23T17:13:51.263+0000] {logging_mixin.py:190} INFO - [2024-11-23T17:13:51.262+0000] {dag.py:4180} INFO - Setting next_dagrun for example_python_decorator to None, run_after=None
[2024-11-23T17:13:51.433+0000] {processor.py:208} INFO - Processing /home/airflow/.local/lib/python3.12/site-packages/airflow/example_dags/example_python_decorator.py took 1.266 seconds
[2024-11-23T17:14:21.904+0000] {processor.py:186} INFO - Started process (PID=1195) to work on /home/airflow/.local/lib/python3.12/site-packages/airflow/example_dags/example_python_decorator.py
[2024-11-23T17:14:21.907+0000] {processor.py:914} INFO - Processing file /home/airflow/.local/lib/python3.12/site-packages/airflow/example_dags/example_python_decorator.py for tasks to queue
[2024-11-23T17:14:21.923+0000] {logging_mixin.py:190} INFO - [2024-11-23T17:14:21.923+0000] {dagbag.py:588} INFO - Filling up the DagBag from /home/airflow/.local/lib/python3.12/site-packages/airflow/example_dags/example_python_decorator.py
[2024-11-23T17:14:22.074+0000] {processor.py:925} INFO - DAG(s) 'example_python_decorator' retrieved from /home/airflow/.local/lib/python3.12/site-packages/airflow/example_dags/example_python_decorator.py
[2024-11-23T17:14:22.192+0000] {logging_mixin.py:190} INFO - [2024-11-23T17:14:22.191+0000] {dag.py:3239} INFO - Sync 1 DAGs
[2024-11-23T17:14:22.277+0000] {logging_mixin.py:190} INFO - [2024-11-23T17:14:22.276+0000] {dag.py:4180} INFO - Setting next_dagrun for example_python_decorator to None, run_after=None
[2024-11-23T17:14:22.373+0000] {processor.py:208} INFO - Processing /home/airflow/.local/lib/python3.12/site-packages/airflow/example_dags/example_python_decorator.py took 0.494 seconds
[2024-11-23T17:14:57.901+0000] {processor.py:186} INFO - Started process (PID=1248) to work on /home/airflow/.local/lib/python3.12/site-packages/airflow/example_dags/example_python_decorator.py
[2024-11-23T17:14:57.903+0000] {processor.py:914} INFO - Processing file /home/airflow/.local/lib/python3.12/site-packages/airflow/example_dags/example_python_decorator.py for tasks to queue
[2024-11-23T17:14:57.929+0000] {logging_mixin.py:190} INFO - [2024-11-23T17:14:57.919+0000] {dagbag.py:588} INFO - Filling up the DagBag from /home/airflow/.local/lib/python3.12/site-packages/airflow/example_dags/example_python_decorator.py
[2024-11-23T17:14:58.025+0000] {processor.py:925} INFO - DAG(s) 'example_python_decorator' retrieved from /home/airflow/.local/lib/python3.12/site-packages/airflow/example_dags/example_python_decorator.py
[2024-11-23T17:14:58.198+0000] {logging_mixin.py:190} INFO - [2024-11-23T17:14:58.191+0000] {dag.py:3239} INFO - Sync 1 DAGs
[2024-11-23T17:14:58.321+0000] {logging_mixin.py:190} INFO - [2024-11-23T17:14:58.319+0000] {dag.py:4180} INFO - Setting next_dagrun for example_python_decorator to None, run_after=None
[2024-11-23T17:14:58.419+0000] {processor.py:208} INFO - Processing /home/airflow/.local/lib/python3.12/site-packages/airflow/example_dags/example_python_decorator.py took 0.544 seconds
[2024-11-23T17:15:29.017+0000] {processor.py:186} INFO - Started process (PID=1314) to work on /home/airflow/.local/lib/python3.12/site-packages/airflow/example_dags/example_python_decorator.py
[2024-11-23T17:15:29.021+0000] {processor.py:914} INFO - Processing file /home/airflow/.local/lib/python3.12/site-packages/airflow/example_dags/example_python_decorator.py for tasks to queue
[2024-11-23T17:15:29.035+0000] {logging_mixin.py:190} INFO - [2024-11-23T17:15:29.035+0000] {dagbag.py:588} INFO - Filling up the DagBag from /home/airflow/.local/lib/python3.12/site-packages/airflow/example_dags/example_python_decorator.py
[2024-11-23T17:15:29.123+0000] {processor.py:925} INFO - DAG(s) 'example_python_decorator' retrieved from /home/airflow/.local/lib/python3.12/site-packages/airflow/example_dags/example_python_decorator.py
[2024-11-23T17:15:29.224+0000] {logging_mixin.py:190} INFO - [2024-11-23T17:15:29.220+0000] {dag.py:3239} INFO - Sync 1 DAGs
[2024-11-23T17:15:29.309+0000] {logging_mixin.py:190} INFO - [2024-11-23T17:15:29.309+0000] {dag.py:4180} INFO - Setting next_dagrun for example_python_decorator to None, run_after=None
[2024-11-23T17:15:29.414+0000] {processor.py:208} INFO - Processing /home/airflow/.local/lib/python3.12/site-packages/airflow/example_dags/example_python_decorator.py took 0.429 seconds
[2024-11-23T17:16:07.768+0000] {processor.py:186} INFO - Started process (PID=1380) to work on /home/airflow/.local/lib/python3.12/site-packages/airflow/example_dags/example_python_decorator.py
[2024-11-23T17:16:07.770+0000] {processor.py:914} INFO - Processing file /home/airflow/.local/lib/python3.12/site-packages/airflow/example_dags/example_python_decorator.py for tasks to queue
[2024-11-23T17:16:07.775+0000] {logging_mixin.py:190} INFO - [2024-11-23T17:16:07.774+0000] {dagbag.py:588} INFO - Filling up the DagBag from /home/airflow/.local/lib/python3.12/site-packages/airflow/example_dags/example_python_decorator.py
[2024-11-23T17:16:07.813+0000] {processor.py:925} INFO - DAG(s) 'example_python_decorator' retrieved from /home/airflow/.local/lib/python3.12/site-packages/airflow/example_dags/example_python_decorator.py
[2024-11-23T17:16:07.863+0000] {logging_mixin.py:190} INFO - [2024-11-23T17:16:07.862+0000] {dag.py:3239} INFO - Sync 1 DAGs
[2024-11-23T17:16:07.901+0000] {logging_mixin.py:190} INFO - [2024-11-23T17:16:07.900+0000] {dag.py:4180} INFO - Setting next_dagrun for example_python_decorator to None, run_after=None
[2024-11-23T17:16:07.946+0000] {processor.py:208} INFO - Processing /home/airflow/.local/lib/python3.12/site-packages/airflow/example_dags/example_python_decorator.py took 0.191 seconds
[2024-11-23T17:16:48.506+0000] {processor.py:186} INFO - Started process (PID=1446) to work on /home/airflow/.local/lib/python3.12/site-packages/airflow/example_dags/example_python_decorator.py
[2024-11-23T17:16:48.510+0000] {processor.py:914} INFO - Processing file /home/airflow/.local/lib/python3.12/site-packages/airflow/example_dags/example_python_decorator.py for tasks to queue
[2024-11-23T17:16:48.518+0000] {logging_mixin.py:190} INFO - [2024-11-23T17:16:48.517+0000] {dagbag.py:588} INFO - Filling up the DagBag from /home/airflow/.local/lib/python3.12/site-packages/airflow/example_dags/example_python_decorator.py
[2024-11-23T17:16:48.581+0000] {processor.py:925} INFO - DAG(s) 'example_python_decorator' retrieved from /home/airflow/.local/lib/python3.12/site-packages/airflow/example_dags/example_python_decorator.py
[2024-11-23T17:16:48.664+0000] {logging_mixin.py:190} INFO - [2024-11-23T17:16:48.659+0000] {dag.py:3239} INFO - Sync 1 DAGs
[2024-11-23T17:16:48.710+0000] {logging_mixin.py:190} INFO - [2024-11-23T17:16:48.710+0000] {dag.py:4180} INFO - Setting next_dagrun for example_python_decorator to None, run_after=None
[2024-11-23T17:16:48.794+0000] {processor.py:208} INFO - Processing /home/airflow/.local/lib/python3.12/site-packages/airflow/example_dags/example_python_decorator.py took 0.309 seconds
[2024-11-23T17:17:21.228+0000] {processor.py:186} INFO - Started process (PID=1511) to work on /home/airflow/.local/lib/python3.12/site-packages/airflow/example_dags/example_python_decorator.py
[2024-11-23T17:17:21.232+0000] {processor.py:914} INFO - Processing file /home/airflow/.local/lib/python3.12/site-packages/airflow/example_dags/example_python_decorator.py for tasks to queue
[2024-11-23T17:17:21.247+0000] {logging_mixin.py:190} INFO - [2024-11-23T17:17:21.246+0000] {dagbag.py:588} INFO - Filling up the DagBag from /home/airflow/.local/lib/python3.12/site-packages/airflow/example_dags/example_python_decorator.py
[2024-11-23T17:17:21.352+0000] {processor.py:925} INFO - DAG(s) 'example_python_decorator' retrieved from /home/airflow/.local/lib/python3.12/site-packages/airflow/example_dags/example_python_decorator.py
[2024-11-23T17:17:21.486+0000] {logging_mixin.py:190} INFO - [2024-11-23T17:17:21.486+0000] {dag.py:3239} INFO - Sync 1 DAGs
[2024-11-23T17:17:21.554+0000] {logging_mixin.py:190} INFO - [2024-11-23T17:17:21.553+0000] {dag.py:4180} INFO - Setting next_dagrun for example_python_decorator to None, run_after=None
[2024-11-23T17:17:21.659+0000] {processor.py:208} INFO - Processing /home/airflow/.local/lib/python3.12/site-packages/airflow/example_dags/example_python_decorator.py took 0.450 seconds
[2024-11-23T17:17:55.345+0000] {processor.py:186} INFO - Started process (PID=1577) to work on /home/airflow/.local/lib/python3.12/site-packages/airflow/example_dags/example_python_decorator.py
[2024-11-23T17:17:55.360+0000] {processor.py:914} INFO - Processing file /home/airflow/.local/lib/python3.12/site-packages/airflow/example_dags/example_python_decorator.py for tasks to queue
[2024-11-23T17:17:55.408+0000] {logging_mixin.py:190} INFO - [2024-11-23T17:17:55.407+0000] {dagbag.py:588} INFO - Filling up the DagBag from /home/airflow/.local/lib/python3.12/site-packages/airflow/example_dags/example_python_decorator.py
[2024-11-23T17:17:55.535+0000] {processor.py:925} INFO - DAG(s) 'example_python_decorator' retrieved from /home/airflow/.local/lib/python3.12/site-packages/airflow/example_dags/example_python_decorator.py
[2024-11-23T17:17:55.744+0000] {logging_mixin.py:190} INFO - [2024-11-23T17:17:55.744+0000] {dag.py:3239} INFO - Sync 1 DAGs
[2024-11-23T17:17:55.884+0000] {logging_mixin.py:190} INFO - [2024-11-23T17:17:55.871+0000] {dag.py:4180} INFO - Setting next_dagrun for example_python_decorator to None, run_after=None
[2024-11-23T17:17:55.992+0000] {processor.py:208} INFO - Processing /home/airflow/.local/lib/python3.12/site-packages/airflow/example_dags/example_python_decorator.py took 0.688 seconds
[2024-11-23T17:18:31.195+0000] {processor.py:186} INFO - Started process (PID=1648) to work on /home/airflow/.local/lib/python3.12/site-packages/airflow/example_dags/example_python_decorator.py
[2024-11-23T17:18:31.198+0000] {processor.py:914} INFO - Processing file /home/airflow/.local/lib/python3.12/site-packages/airflow/example_dags/example_python_decorator.py for tasks to queue
[2024-11-23T17:18:31.207+0000] {logging_mixin.py:190} INFO - [2024-11-23T17:18:31.206+0000] {dagbag.py:588} INFO - Filling up the DagBag from /home/airflow/.local/lib/python3.12/site-packages/airflow/example_dags/example_python_decorator.py
[2024-11-23T17:18:31.334+0000] {processor.py:925} INFO - DAG(s) 'example_python_decorator' retrieved from /home/airflow/.local/lib/python3.12/site-packages/airflow/example_dags/example_python_decorator.py
[2024-11-23T17:18:31.487+0000] {logging_mixin.py:190} INFO - [2024-11-23T17:18:31.486+0000] {dag.py:3239} INFO - Sync 1 DAGs
[2024-11-23T17:18:31.584+0000] {logging_mixin.py:190} INFO - [2024-11-23T17:18:31.584+0000] {dag.py:4180} INFO - Setting next_dagrun for example_python_decorator to None, run_after=None
[2024-11-23T17:18:31.714+0000] {processor.py:208} INFO - Processing /home/airflow/.local/lib/python3.12/site-packages/airflow/example_dags/example_python_decorator.py took 0.551 seconds
[2024-11-23T17:19:04.110+0000] {processor.py:186} INFO - Started process (PID=1716) to work on /home/airflow/.local/lib/python3.12/site-packages/airflow/example_dags/example_python_decorator.py
[2024-11-23T17:19:04.115+0000] {processor.py:914} INFO - Processing file /home/airflow/.local/lib/python3.12/site-packages/airflow/example_dags/example_python_decorator.py for tasks to queue
[2024-11-23T17:19:04.135+0000] {logging_mixin.py:190} INFO - [2024-11-23T17:19:04.134+0000] {dagbag.py:588} INFO - Filling up the DagBag from /home/airflow/.local/lib/python3.12/site-packages/airflow/example_dags/example_python_decorator.py
[2024-11-23T17:19:04.242+0000] {processor.py:925} INFO - DAG(s) 'example_python_decorator' retrieved from /home/airflow/.local/lib/python3.12/site-packages/airflow/example_dags/example_python_decorator.py
[2024-11-23T17:19:04.423+0000] {logging_mixin.py:190} INFO - [2024-11-23T17:19:04.423+0000] {dag.py:3239} INFO - Sync 1 DAGs
[2024-11-23T17:19:04.506+0000] {logging_mixin.py:190} INFO - [2024-11-23T17:19:04.505+0000] {dag.py:4180} INFO - Setting next_dagrun for example_python_decorator to None, run_after=None
[2024-11-23T17:19:04.623+0000] {processor.py:208} INFO - Processing /home/airflow/.local/lib/python3.12/site-packages/airflow/example_dags/example_python_decorator.py took 0.555 seconds
[2024-11-23T17:19:53.259+0000] {processor.py:186} INFO - Started process (PID=1779) to work on /home/airflow/.local/lib/python3.12/site-packages/airflow/example_dags/example_python_decorator.py
[2024-11-23T17:19:53.359+0000] {processor.py:914} INFO - Processing file /home/airflow/.local/lib/python3.12/site-packages/airflow/example_dags/example_python_decorator.py for tasks to queue
[2024-11-23T17:19:53.541+0000] {logging_mixin.py:190} INFO - [2024-11-23T17:19:53.522+0000] {dagbag.py:588} INFO - Filling up the DagBag from /home/airflow/.local/lib/python3.12/site-packages/airflow/example_dags/example_python_decorator.py
[2024-11-23T17:19:53.861+0000] {processor.py:925} INFO - DAG(s) 'example_python_decorator' retrieved from /home/airflow/.local/lib/python3.12/site-packages/airflow/example_dags/example_python_decorator.py
[2024-11-23T17:19:54.134+0000] {logging_mixin.py:190} INFO - [2024-11-23T17:19:54.133+0000] {dag.py:3239} INFO - Sync 1 DAGs
[2024-11-23T17:19:54.671+0000] {logging_mixin.py:190} INFO - [2024-11-23T17:19:54.671+0000] {dag.py:4180} INFO - Setting next_dagrun for example_python_decorator to None, run_after=None
[2024-11-23T17:19:55.145+0000] {processor.py:208} INFO - Processing /home/airflow/.local/lib/python3.12/site-packages/airflow/example_dags/example_python_decorator.py took 1.903 seconds
[2024-11-23T17:22:29.477+0000] {processor.py:186} INFO - Started process (PID=1870) to work on /home/airflow/.local/lib/python3.12/site-packages/airflow/example_dags/example_python_decorator.py
[2024-11-23T17:22:29.480+0000] {processor.py:914} INFO - Processing file /home/airflow/.local/lib/python3.12/site-packages/airflow/example_dags/example_python_decorator.py for tasks to queue
[2024-11-23T17:22:29.487+0000] {logging_mixin.py:190} INFO - [2024-11-23T17:22:29.487+0000] {dagbag.py:588} INFO - Filling up the DagBag from /home/airflow/.local/lib/python3.12/site-packages/airflow/example_dags/example_python_decorator.py
[2024-11-23T17:22:29.641+0000] {processor.py:925} INFO - DAG(s) 'example_python_decorator' retrieved from /home/airflow/.local/lib/python3.12/site-packages/airflow/example_dags/example_python_decorator.py
[2024-11-23T17:22:30.188+0000] {logging_mixin.py:190} INFO - [2024-11-23T17:22:30.187+0000] {dag.py:3239} INFO - Sync 1 DAGs
[2024-11-23T17:22:30.413+0000] {logging_mixin.py:190} INFO - [2024-11-23T17:22:30.412+0000] {dag.py:4180} INFO - Setting next_dagrun for example_python_decorator to None, run_after=None
[2024-11-23T17:22:30.658+0000] {processor.py:208} INFO - Processing /home/airflow/.local/lib/python3.12/site-packages/airflow/example_dags/example_python_decorator.py took 1.209 seconds
[2024-11-23T17:23:28.571+0000] {processor.py:186} INFO - Started process (PID=1908) to work on /home/airflow/.local/lib/python3.12/site-packages/airflow/example_dags/example_python_decorator.py
[2024-11-23T17:23:28.585+0000] {processor.py:914} INFO - Processing file /home/airflow/.local/lib/python3.12/site-packages/airflow/example_dags/example_python_decorator.py for tasks to queue
[2024-11-23T17:23:28.604+0000] {logging_mixin.py:190} INFO - [2024-11-23T17:23:28.604+0000] {dagbag.py:588} INFO - Filling up the DagBag from /home/airflow/.local/lib/python3.12/site-packages/airflow/example_dags/example_python_decorator.py
[2024-11-23T17:23:28.708+0000] {processor.py:925} INFO - DAG(s) 'example_python_decorator' retrieved from /home/airflow/.local/lib/python3.12/site-packages/airflow/example_dags/example_python_decorator.py
[2024-11-23T17:23:28.884+0000] {logging_mixin.py:190} INFO - [2024-11-23T17:23:28.883+0000] {dag.py:3239} INFO - Sync 1 DAGs
[2024-11-23T17:23:28.999+0000] {logging_mixin.py:190} INFO - [2024-11-23T17:23:28.999+0000] {dag.py:4180} INFO - Setting next_dagrun for example_python_decorator to None, run_after=None
[2024-11-23T17:23:28.839+0000] {processor.py:208} INFO - Processing /home/airflow/.local/lib/python3.12/site-packages/airflow/example_dags/example_python_decorator.py took 0.745 seconds
[2024-11-23T17:24:10.801+0000] {processor.py:186} INFO - Started process (PID=1967) to work on /home/airflow/.local/lib/python3.12/site-packages/airflow/example_dags/example_python_decorator.py
[2024-11-23T17:24:10.820+0000] {processor.py:914} INFO - Processing file /home/airflow/.local/lib/python3.12/site-packages/airflow/example_dags/example_python_decorator.py for tasks to queue
[2024-11-23T17:24:10.847+0000] {logging_mixin.py:190} INFO - [2024-11-23T17:24:10.846+0000] {dagbag.py:588} INFO - Filling up the DagBag from /home/airflow/.local/lib/python3.12/site-packages/airflow/example_dags/example_python_decorator.py
[2024-11-23T17:24:10.935+0000] {processor.py:925} INFO - DAG(s) 'example_python_decorator' retrieved from /home/airflow/.local/lib/python3.12/site-packages/airflow/example_dags/example_python_decorator.py
[2024-11-23T17:24:11.058+0000] {logging_mixin.py:190} INFO - [2024-11-23T17:24:11.057+0000] {dag.py:3239} INFO - Sync 1 DAGs
[2024-11-23T17:24:11.095+0000] {logging_mixin.py:190} INFO - [2024-11-23T17:24:11.095+0000] {dag.py:4180} INFO - Setting next_dagrun for example_python_decorator to None, run_after=None
[2024-11-23T17:24:11.198+0000] {processor.py:208} INFO - Processing /home/airflow/.local/lib/python3.12/site-packages/airflow/example_dags/example_python_decorator.py took 0.429 seconds
[2024-11-23T17:25:58.636+0000] {processor.py:186} INFO - Started process (PID=2040) to work on /home/airflow/.local/lib/python3.12/site-packages/airflow/example_dags/example_python_decorator.py
[2024-11-23T17:25:58.647+0000] {processor.py:914} INFO - Processing file /home/airflow/.local/lib/python3.12/site-packages/airflow/example_dags/example_python_decorator.py for tasks to queue
[2024-11-23T17:25:58.663+0000] {logging_mixin.py:190} INFO - [2024-11-23T17:25:58.652+0000] {dagbag.py:588} INFO - Filling up the DagBag from /home/airflow/.local/lib/python3.12/site-packages/airflow/example_dags/example_python_decorator.py
[2024-11-23T17:25:58.914+0000] {processor.py:925} INFO - DAG(s) 'example_python_decorator' retrieved from /home/airflow/.local/lib/python3.12/site-packages/airflow/example_dags/example_python_decorator.py
[2024-11-23T17:25:59.141+0000] {logging_mixin.py:190} INFO - [2024-11-23T17:25:59.140+0000] {dag.py:3239} INFO - Sync 1 DAGs
[2024-11-23T17:25:59.275+0000] {logging_mixin.py:190} INFO - [2024-11-23T17:25:59.274+0000] {dag.py:4180} INFO - Setting next_dagrun for example_python_decorator to None, run_after=None
[2024-11-23T17:25:59.390+0000] {processor.py:208} INFO - Processing /home/airflow/.local/lib/python3.12/site-packages/airflow/example_dags/example_python_decorator.py took 0.790 seconds
[2024-11-23T17:26:37.223+0000] {processor.py:186} INFO - Started process (PID=2111) to work on /home/airflow/.local/lib/python3.12/site-packages/airflow/example_dags/example_python_decorator.py
[2024-11-23T17:26:37.226+0000] {processor.py:914} INFO - Processing file /home/airflow/.local/lib/python3.12/site-packages/airflow/example_dags/example_python_decorator.py for tasks to queue
[2024-11-23T17:26:37.238+0000] {logging_mixin.py:190} INFO - [2024-11-23T17:26:37.237+0000] {dagbag.py:588} INFO - Filling up the DagBag from /home/airflow/.local/lib/python3.12/site-packages/airflow/example_dags/example_python_decorator.py
[2024-11-23T17:26:37.623+0000] {processor.py:925} INFO - DAG(s) 'example_python_decorator' retrieved from /home/airflow/.local/lib/python3.12/site-packages/airflow/example_dags/example_python_decorator.py
[2024-11-23T17:26:38.033+0000] {logging_mixin.py:190} INFO - [2024-11-23T17:26:38.032+0000] {dag.py:3239} INFO - Sync 1 DAGs
[2024-11-23T17:26:38.249+0000] {logging_mixin.py:190} INFO - [2024-11-23T17:26:38.248+0000] {dag.py:4180} INFO - Setting next_dagrun for example_python_decorator to None, run_after=None
[2024-11-23T17:26:38.585+0000] {processor.py:208} INFO - Processing /home/airflow/.local/lib/python3.12/site-packages/airflow/example_dags/example_python_decorator.py took 1.402 seconds
[2024-11-23T17:27:12.743+0000] {processor.py:186} INFO - Started process (PID=2176) to work on /home/airflow/.local/lib/python3.12/site-packages/airflow/example_dags/example_python_decorator.py
[2024-11-23T17:27:12.755+0000] {processor.py:914} INFO - Processing file /home/airflow/.local/lib/python3.12/site-packages/airflow/example_dags/example_python_decorator.py for tasks to queue
[2024-11-23T17:27:12.762+0000] {logging_mixin.py:190} INFO - [2024-11-23T17:27:12.760+0000] {dagbag.py:588} INFO - Filling up the DagBag from /home/airflow/.local/lib/python3.12/site-packages/airflow/example_dags/example_python_decorator.py
[2024-11-23T17:27:12.854+0000] {processor.py:925} INFO - DAG(s) 'example_python_decorator' retrieved from /home/airflow/.local/lib/python3.12/site-packages/airflow/example_dags/example_python_decorator.py
[2024-11-23T17:27:13.038+0000] {logging_mixin.py:190} INFO - [2024-11-23T17:27:13.037+0000] {dag.py:3239} INFO - Sync 1 DAGs
[2024-11-23T17:27:13.205+0000] {logging_mixin.py:190} INFO - [2024-11-23T17:27:13.205+0000] {dag.py:4180} INFO - Setting next_dagrun for example_python_decorator to None, run_after=None
[2024-11-23T17:27:13.350+0000] {processor.py:208} INFO - Processing /home/airflow/.local/lib/python3.12/site-packages/airflow/example_dags/example_python_decorator.py took 0.634 seconds
