[2024-11-23T16:40:27.326+0000] {processor.py:186} INFO - Started process (PID=171) to work on /home/airflow/.local/lib/python3.12/site-packages/airflow/example_dags/example_setup_teardown.py
[2024-11-23T16:40:27.335+0000] {processor.py:914} INFO - Processing file /home/airflow/.local/lib/python3.12/site-packages/airflow/example_dags/example_setup_teardown.py for tasks to queue
[2024-11-23T16:40:27.346+0000] {logging_mixin.py:190} INFO - [2024-11-23T16:40:27.344+0000] {dagbag.py:588} INFO - Filling up the DagBag from /home/airflow/.local/lib/python3.12/site-packages/airflow/example_dags/example_setup_teardown.py
[2024-11-23T16:40:27.389+0000] {processor.py:925} INFO - DAG(s) 'example_setup_teardown' retrieved from /home/airflow/.local/lib/python3.12/site-packages/airflow/example_dags/example_setup_teardown.py
[2024-11-23T16:40:27.550+0000] {logging_mixin.py:190} INFO - [2024-11-23T16:40:27.550+0000] {dag.py:3239} INFO - Sync 1 DAGs
[2024-11-23T16:40:27.659+0000] {logging_mixin.py:190} INFO - [2024-11-23T16:40:27.658+0000] {dag.py:4180} INFO - Setting next_dagrun for example_setup_teardown to None, run_after=None
[2024-11-23T16:40:27.795+0000] {processor.py:208} INFO - Processing /home/airflow/.local/lib/python3.12/site-packages/airflow/example_dags/example_setup_teardown.py took 0.490 seconds
[2024-11-23T16:41:11.127+0000] {processor.py:186} INFO - Started process (PID=245) to work on /home/airflow/.local/lib/python3.12/site-packages/airflow/example_dags/example_setup_teardown.py
[2024-11-23T16:41:11.130+0000] {processor.py:914} INFO - Processing file /home/airflow/.local/lib/python3.12/site-packages/airflow/example_dags/example_setup_teardown.py for tasks to queue
[2024-11-23T16:41:11.158+0000] {logging_mixin.py:190} INFO - [2024-11-23T16:41:11.157+0000] {dagbag.py:588} INFO - Filling up the DagBag from /home/airflow/.local/lib/python3.12/site-packages/airflow/example_dags/example_setup_teardown.py
[2024-11-23T16:41:11.203+0000] {processor.py:925} INFO - DAG(s) 'example_setup_teardown' retrieved from /home/airflow/.local/lib/python3.12/site-packages/airflow/example_dags/example_setup_teardown.py
[2024-11-23T16:41:11.288+0000] {logging_mixin.py:190} INFO - [2024-11-23T16:41:11.287+0000] {dag.py:3239} INFO - Sync 1 DAGs
[2024-11-23T16:41:11.369+0000] {logging_mixin.py:190} INFO - [2024-11-23T16:41:11.368+0000] {dag.py:4180} INFO - Setting next_dagrun for example_setup_teardown to None, run_after=None
[2024-11-23T16:41:11.499+0000] {processor.py:208} INFO - Processing /home/airflow/.local/lib/python3.12/site-packages/airflow/example_dags/example_setup_teardown.py took 0.396 seconds
[2024-11-23T16:41:50.238+0000] {processor.py:186} INFO - Started process (PID=311) to work on /home/airflow/.local/lib/python3.12/site-packages/airflow/example_dags/example_setup_teardown.py
[2024-11-23T16:41:50.243+0000] {processor.py:914} INFO - Processing file /home/airflow/.local/lib/python3.12/site-packages/airflow/example_dags/example_setup_teardown.py for tasks to queue
[2024-11-23T16:41:50.254+0000] {logging_mixin.py:190} INFO - [2024-11-23T16:41:50.253+0000] {dagbag.py:588} INFO - Filling up the DagBag from /home/airflow/.local/lib/python3.12/site-packages/airflow/example_dags/example_setup_teardown.py
[2024-11-23T16:41:50.298+0000] {processor.py:925} INFO - DAG(s) 'example_setup_teardown' retrieved from /home/airflow/.local/lib/python3.12/site-packages/airflow/example_dags/example_setup_teardown.py
[2024-11-23T16:41:50.398+0000] {logging_mixin.py:190} INFO - [2024-11-23T16:41:50.397+0000] {dag.py:3239} INFO - Sync 1 DAGs
[2024-11-23T16:41:50.499+0000] {logging_mixin.py:190} INFO - [2024-11-23T16:41:50.497+0000] {dag.py:4180} INFO - Setting next_dagrun for example_setup_teardown to None, run_after=None
[2024-11-23T16:41:50.630+0000] {processor.py:208} INFO - Processing /home/airflow/.local/lib/python3.12/site-packages/airflow/example_dags/example_setup_teardown.py took 0.419 seconds
[2024-11-23T16:42:20.881+0000] {processor.py:186} INFO - Started process (PID=376) to work on /home/airflow/.local/lib/python3.12/site-packages/airflow/example_dags/example_setup_teardown.py
[2024-11-23T16:42:20.892+0000] {processor.py:914} INFO - Processing file /home/airflow/.local/lib/python3.12/site-packages/airflow/example_dags/example_setup_teardown.py for tasks to queue
[2024-11-23T16:42:20.901+0000] {logging_mixin.py:190} INFO - [2024-11-23T16:42:20.900+0000] {dagbag.py:588} INFO - Filling up the DagBag from /home/airflow/.local/lib/python3.12/site-packages/airflow/example_dags/example_setup_teardown.py
[2024-11-23T16:42:20.942+0000] {processor.py:925} INFO - DAG(s) 'example_setup_teardown' retrieved from /home/airflow/.local/lib/python3.12/site-packages/airflow/example_dags/example_setup_teardown.py
[2024-11-23T16:42:21.055+0000] {logging_mixin.py:190} INFO - [2024-11-23T16:42:21.054+0000] {dag.py:3239} INFO - Sync 1 DAGs
[2024-11-23T16:42:21.160+0000] {logging_mixin.py:190} INFO - [2024-11-23T16:42:21.159+0000] {dag.py:4180} INFO - Setting next_dagrun for example_setup_teardown to None, run_after=None
[2024-11-23T16:42:21.241+0000] {processor.py:208} INFO - Processing /home/airflow/.local/lib/python3.12/site-packages/airflow/example_dags/example_setup_teardown.py took 0.376 seconds
[2024-11-23T17:03:10.121+0000] {processor.py:186} INFO - Started process (PID=169) to work on /home/airflow/.local/lib/python3.12/site-packages/airflow/example_dags/example_setup_teardown.py
[2024-11-23T17:03:10.127+0000] {processor.py:914} INFO - Processing file /home/airflow/.local/lib/python3.12/site-packages/airflow/example_dags/example_setup_teardown.py for tasks to queue
[2024-11-23T17:03:10.154+0000] {logging_mixin.py:190} INFO - [2024-11-23T17:03:10.142+0000] {dagbag.py:588} INFO - Filling up the DagBag from /home/airflow/.local/lib/python3.12/site-packages/airflow/example_dags/example_setup_teardown.py
[2024-11-23T17:03:10.249+0000] {processor.py:925} INFO - DAG(s) 'example_setup_teardown' retrieved from /home/airflow/.local/lib/python3.12/site-packages/airflow/example_dags/example_setup_teardown.py
[2024-11-23T17:03:10.425+0000] {logging_mixin.py:190} INFO - [2024-11-23T17:03:10.424+0000] {dag.py:3239} INFO - Sync 1 DAGs
[2024-11-23T17:03:10.560+0000] {logging_mixin.py:190} INFO - [2024-11-23T17:03:10.559+0000] {dag.py:4180} INFO - Setting next_dagrun for example_setup_teardown to None, run_after=None
[2024-11-23T17:03:10.728+0000] {processor.py:208} INFO - Processing /home/airflow/.local/lib/python3.12/site-packages/airflow/example_dags/example_setup_teardown.py took 0.647 seconds
[2024-11-23T17:03:44.261+0000] {processor.py:186} INFO - Started process (PID=235) to work on /home/airflow/.local/lib/python3.12/site-packages/airflow/example_dags/example_setup_teardown.py
[2024-11-23T17:03:44.267+0000] {processor.py:914} INFO - Processing file /home/airflow/.local/lib/python3.12/site-packages/airflow/example_dags/example_setup_teardown.py for tasks to queue
[2024-11-23T17:03:44.273+0000] {logging_mixin.py:190} INFO - [2024-11-23T17:03:44.272+0000] {dagbag.py:588} INFO - Filling up the DagBag from /home/airflow/.local/lib/python3.12/site-packages/airflow/example_dags/example_setup_teardown.py
[2024-11-23T17:03:44.314+0000] {processor.py:925} INFO - DAG(s) 'example_setup_teardown' retrieved from /home/airflow/.local/lib/python3.12/site-packages/airflow/example_dags/example_setup_teardown.py
[2024-11-23T17:03:44.409+0000] {logging_mixin.py:190} INFO - [2024-11-23T17:03:44.408+0000] {dag.py:3239} INFO - Sync 1 DAGs
[2024-11-23T17:03:44.477+0000] {logging_mixin.py:190} INFO - [2024-11-23T17:03:44.476+0000] {dag.py:4180} INFO - Setting next_dagrun for example_setup_teardown to None, run_after=None
[2024-11-23T17:03:44.556+0000] {processor.py:208} INFO - Processing /home/airflow/.local/lib/python3.12/site-packages/airflow/example_dags/example_setup_teardown.py took 0.320 seconds
[2024-11-23T17:04:45.000+0000] {processor.py:186} INFO - Started process (PID=319) to work on /home/airflow/.local/lib/python3.12/site-packages/airflow/example_dags/example_setup_teardown.py
[2024-11-23T17:04:45.006+0000] {processor.py:914} INFO - Processing file /home/airflow/.local/lib/python3.12/site-packages/airflow/example_dags/example_setup_teardown.py for tasks to queue
[2024-11-23T17:04:45.026+0000] {logging_mixin.py:190} INFO - [2024-11-23T17:04:45.022+0000] {dagbag.py:588} INFO - Filling up the DagBag from /home/airflow/.local/lib/python3.12/site-packages/airflow/example_dags/example_setup_teardown.py
[2024-11-23T17:04:45.087+0000] {processor.py:925} INFO - DAG(s) 'example_setup_teardown' retrieved from /home/airflow/.local/lib/python3.12/site-packages/airflow/example_dags/example_setup_teardown.py
[2024-11-23T17:04:45.272+0000] {logging_mixin.py:190} INFO - [2024-11-23T17:04:45.272+0000] {dag.py:3239} INFO - Sync 1 DAGs
[2024-11-23T17:04:45.394+0000] {logging_mixin.py:190} INFO - [2024-11-23T17:04:45.393+0000] {dag.py:4180} INFO - Setting next_dagrun for example_setup_teardown to None, run_after=None
[2024-11-23T17:04:45.530+0000] {processor.py:208} INFO - Processing /home/airflow/.local/lib/python3.12/site-packages/airflow/example_dags/example_setup_teardown.py took 0.578 seconds
[2024-11-23T17:05:49.163+0000] {processor.py:186} INFO - Started process (PID=400) to work on /home/airflow/.local/lib/python3.12/site-packages/airflow/example_dags/example_setup_teardown.py
[2024-11-23T17:05:49.301+0000] {processor.py:914} INFO - Processing file /home/airflow/.local/lib/python3.12/site-packages/airflow/example_dags/example_setup_teardown.py for tasks to queue
[2024-11-23T17:05:49.475+0000] {logging_mixin.py:190} INFO - [2024-11-23T17:05:49.474+0000] {dagbag.py:588} INFO - Filling up the DagBag from /home/airflow/.local/lib/python3.12/site-packages/airflow/example_dags/example_setup_teardown.py
[2024-11-23T17:05:49.581+0000] {processor.py:925} INFO - DAG(s) 'example_setup_teardown' retrieved from /home/airflow/.local/lib/python3.12/site-packages/airflow/example_dags/example_setup_teardown.py
[2024-11-23T17:05:49.720+0000] {logging_mixin.py:190} INFO - [2024-11-23T17:05:49.720+0000] {dag.py:3239} INFO - Sync 1 DAGs
[2024-11-23T17:05:49.808+0000] {logging_mixin.py:190} INFO - [2024-11-23T17:05:49.807+0000] {dag.py:4180} INFO - Setting next_dagrun for example_setup_teardown to None, run_after=None
[2024-11-23T17:05:49.913+0000] {processor.py:208} INFO - Processing /home/airflow/.local/lib/python3.12/site-packages/airflow/example_dags/example_setup_teardown.py took 1.067 seconds
[2024-11-23T17:06:37.275+0000] {processor.py:186} INFO - Started process (PID=472) to work on /home/airflow/.local/lib/python3.12/site-packages/airflow/example_dags/example_setup_teardown.py
[2024-11-23T17:06:37.281+0000] {processor.py:914} INFO - Processing file /home/airflow/.local/lib/python3.12/site-packages/airflow/example_dags/example_setup_teardown.py for tasks to queue
[2024-11-23T17:06:37.329+0000] {logging_mixin.py:190} INFO - [2024-11-23T17:06:37.327+0000] {dagbag.py:588} INFO - Filling up the DagBag from /home/airflow/.local/lib/python3.12/site-packages/airflow/example_dags/example_setup_teardown.py
[2024-11-23T17:06:37.521+0000] {processor.py:925} INFO - DAG(s) 'example_setup_teardown' retrieved from /home/airflow/.local/lib/python3.12/site-packages/airflow/example_dags/example_setup_teardown.py
[2024-11-23T17:06:37.653+0000] {logging_mixin.py:190} INFO - [2024-11-23T17:06:37.652+0000] {dag.py:3239} INFO - Sync 1 DAGs
[2024-11-23T17:06:37.816+0000] {logging_mixin.py:190} INFO - [2024-11-23T17:06:37.816+0000] {dag.py:4180} INFO - Setting next_dagrun for example_setup_teardown to None, run_after=None
[2024-11-23T17:06:38.105+0000] {processor.py:208} INFO - Processing /home/airflow/.local/lib/python3.12/site-packages/airflow/example_dags/example_setup_teardown.py took 0.888 seconds
[2024-11-23T17:07:28.948+0000] {processor.py:186} INFO - Started process (PID=538) to work on /home/airflow/.local/lib/python3.12/site-packages/airflow/example_dags/example_setup_teardown.py
[2024-11-23T17:07:28.953+0000] {processor.py:914} INFO - Processing file /home/airflow/.local/lib/python3.12/site-packages/airflow/example_dags/example_setup_teardown.py for tasks to queue
[2024-11-23T17:07:28.975+0000] {logging_mixin.py:190} INFO - [2024-11-23T17:07:28.974+0000] {dagbag.py:588} INFO - Filling up the DagBag from /home/airflow/.local/lib/python3.12/site-packages/airflow/example_dags/example_setup_teardown.py
[2024-11-23T17:07:29.059+0000] {processor.py:925} INFO - DAG(s) 'example_setup_teardown' retrieved from /home/airflow/.local/lib/python3.12/site-packages/airflow/example_dags/example_setup_teardown.py
[2024-11-23T17:07:29.153+0000] {logging_mixin.py:190} INFO - [2024-11-23T17:07:29.152+0000] {dag.py:3239} INFO - Sync 1 DAGs
[2024-11-23T17:07:29.230+0000] {logging_mixin.py:190} INFO - [2024-11-23T17:07:29.229+0000] {dag.py:4180} INFO - Setting next_dagrun for example_setup_teardown to None, run_after=None
[2024-11-23T17:07:29.324+0000] {processor.py:208} INFO - Processing /home/airflow/.local/lib/python3.12/site-packages/airflow/example_dags/example_setup_teardown.py took 0.398 seconds
[2024-11-23T17:07:59.748+0000] {processor.py:186} INFO - Started process (PID=604) to work on /home/airflow/.local/lib/python3.12/site-packages/airflow/example_dags/example_setup_teardown.py
[2024-11-23T17:07:59.754+0000] {processor.py:914} INFO - Processing file /home/airflow/.local/lib/python3.12/site-packages/airflow/example_dags/example_setup_teardown.py for tasks to queue
[2024-11-23T17:07:59.761+0000] {logging_mixin.py:190} INFO - [2024-11-23T17:07:59.761+0000] {dagbag.py:588} INFO - Filling up the DagBag from /home/airflow/.local/lib/python3.12/site-packages/airflow/example_dags/example_setup_teardown.py
[2024-11-23T17:07:59.795+0000] {processor.py:925} INFO - DAG(s) 'example_setup_teardown' retrieved from /home/airflow/.local/lib/python3.12/site-packages/airflow/example_dags/example_setup_teardown.py
[2024-11-23T17:07:59.907+0000] {logging_mixin.py:190} INFO - [2024-11-23T17:07:59.906+0000] {dag.py:3239} INFO - Sync 1 DAGs
[2024-11-23T17:07:59.974+0000] {logging_mixin.py:190} INFO - [2024-11-23T17:07:59.973+0000] {dag.py:4180} INFO - Setting next_dagrun for example_setup_teardown to None, run_after=None
[2024-11-23T17:08:00.063+0000] {processor.py:208} INFO - Processing /home/airflow/.local/lib/python3.12/site-packages/airflow/example_dags/example_setup_teardown.py took 0.341 seconds
[2024-11-23T17:08:48.615+0000] {processor.py:186} INFO - Started process (PID=688) to work on /home/airflow/.local/lib/python3.12/site-packages/airflow/example_dags/example_setup_teardown.py
[2024-11-23T17:08:48.627+0000] {processor.py:914} INFO - Processing file /home/airflow/.local/lib/python3.12/site-packages/airflow/example_dags/example_setup_teardown.py for tasks to queue
[2024-11-23T17:08:48.646+0000] {logging_mixin.py:190} INFO - [2024-11-23T17:08:48.645+0000] {dagbag.py:588} INFO - Filling up the DagBag from /home/airflow/.local/lib/python3.12/site-packages/airflow/example_dags/example_setup_teardown.py
[2024-11-23T17:08:48.688+0000] {processor.py:925} INFO - DAG(s) 'example_setup_teardown' retrieved from /home/airflow/.local/lib/python3.12/site-packages/airflow/example_dags/example_setup_teardown.py
[2024-11-23T17:08:48.815+0000] {logging_mixin.py:190} INFO - [2024-11-23T17:08:48.815+0000] {dag.py:3239} INFO - Sync 1 DAGs
[2024-11-23T17:08:48.897+0000] {logging_mixin.py:190} INFO - [2024-11-23T17:08:48.897+0000] {dag.py:4180} INFO - Setting next_dagrun for example_setup_teardown to None, run_after=None
[2024-11-23T17:08:49.010+0000] {processor.py:208} INFO - Processing /home/airflow/.local/lib/python3.12/site-packages/airflow/example_dags/example_setup_teardown.py took 0.444 seconds
[2024-11-23T17:09:42.461+0000] {processor.py:186} INFO - Started process (PID=760) to work on /home/airflow/.local/lib/python3.12/site-packages/airflow/example_dags/example_setup_teardown.py
[2024-11-23T17:09:42.474+0000] {processor.py:914} INFO - Processing file /home/airflow/.local/lib/python3.12/site-packages/airflow/example_dags/example_setup_teardown.py for tasks to queue
[2024-11-23T17:09:42.501+0000] {logging_mixin.py:190} INFO - [2024-11-23T17:09:42.500+0000] {dagbag.py:588} INFO - Filling up the DagBag from /home/airflow/.local/lib/python3.12/site-packages/airflow/example_dags/example_setup_teardown.py
[2024-11-23T17:09:42.847+0000] {processor.py:925} INFO - DAG(s) 'example_setup_teardown' retrieved from /home/airflow/.local/lib/python3.12/site-packages/airflow/example_dags/example_setup_teardown.py
[2024-11-23T17:09:43.021+0000] {logging_mixin.py:190} INFO - [2024-11-23T17:09:43.020+0000] {dag.py:3239} INFO - Sync 1 DAGs
[2024-11-23T17:09:43.154+0000] {logging_mixin.py:190} INFO - [2024-11-23T17:09:43.144+0000] {dag.py:4180} INFO - Setting next_dagrun for example_setup_teardown to None, run_after=None
[2024-11-23T17:09:43.282+0000] {processor.py:208} INFO - Processing /home/airflow/.local/lib/python3.12/site-packages/airflow/example_dags/example_setup_teardown.py took 0.845 seconds
[2024-11-23T17:10:44.883+0000] {processor.py:186} INFO - Started process (PID=833) to work on /home/airflow/.local/lib/python3.12/site-packages/airflow/example_dags/example_setup_teardown.py
[2024-11-23T17:10:44.899+0000] {processor.py:914} INFO - Processing file /home/airflow/.local/lib/python3.12/site-packages/airflow/example_dags/example_setup_teardown.py for tasks to queue
[2024-11-23T17:10:44.910+0000] {logging_mixin.py:190} INFO - [2024-11-23T17:10:44.909+0000] {dagbag.py:588} INFO - Filling up the DagBag from /home/airflow/.local/lib/python3.12/site-packages/airflow/example_dags/example_setup_teardown.py
[2024-11-23T17:10:44.963+0000] {processor.py:925} INFO - DAG(s) 'example_setup_teardown' retrieved from /home/airflow/.local/lib/python3.12/site-packages/airflow/example_dags/example_setup_teardown.py
[2024-11-23T17:10:45.104+0000] {logging_mixin.py:190} INFO - [2024-11-23T17:10:45.102+0000] {dag.py:3239} INFO - Sync 1 DAGs
[2024-11-23T17:10:45.170+0000] {logging_mixin.py:190} INFO - [2024-11-23T17:10:45.169+0000] {dag.py:4180} INFO - Setting next_dagrun for example_setup_teardown to None, run_after=None
[2024-11-23T17:10:45.411+0000] {processor.py:208} INFO - Processing /home/airflow/.local/lib/python3.12/site-packages/airflow/example_dags/example_setup_teardown.py took 0.548 seconds
[2024-11-23T17:11:24.782+0000] {processor.py:186} INFO - Started process (PID=903) to work on /home/airflow/.local/lib/python3.12/site-packages/airflow/example_dags/example_setup_teardown.py
[2024-11-23T17:11:24.785+0000] {processor.py:914} INFO - Processing file /home/airflow/.local/lib/python3.12/site-packages/airflow/example_dags/example_setup_teardown.py for tasks to queue
[2024-11-23T17:11:24.799+0000] {logging_mixin.py:190} INFO - [2024-11-23T17:11:24.798+0000] {dagbag.py:588} INFO - Filling up the DagBag from /home/airflow/.local/lib/python3.12/site-packages/airflow/example_dags/example_setup_teardown.py
[2024-11-23T17:11:24.837+0000] {processor.py:925} INFO - DAG(s) 'example_setup_teardown' retrieved from /home/airflow/.local/lib/python3.12/site-packages/airflow/example_dags/example_setup_teardown.py
[2024-11-23T17:11:24.924+0000] {logging_mixin.py:190} INFO - [2024-11-23T17:11:24.924+0000] {dag.py:3239} INFO - Sync 1 DAGs
[2024-11-23T17:11:24.961+0000] {logging_mixin.py:190} INFO - [2024-11-23T17:11:24.960+0000] {dag.py:4180} INFO - Setting next_dagrun for example_setup_teardown to None, run_after=None
[2024-11-23T17:11:25.042+0000] {processor.py:208} INFO - Processing /home/airflow/.local/lib/python3.12/site-packages/airflow/example_dags/example_setup_teardown.py took 0.282 seconds
[2024-11-23T17:11:57.091+0000] {processor.py:186} INFO - Started process (PID=970) to work on /home/airflow/.local/lib/python3.12/site-packages/airflow/example_dags/example_setup_teardown.py
[2024-11-23T17:11:57.093+0000] {processor.py:914} INFO - Processing file /home/airflow/.local/lib/python3.12/site-packages/airflow/example_dags/example_setup_teardown.py for tasks to queue
[2024-11-23T17:11:57.099+0000] {logging_mixin.py:190} INFO - [2024-11-23T17:11:57.099+0000] {dagbag.py:588} INFO - Filling up the DagBag from /home/airflow/.local/lib/python3.12/site-packages/airflow/example_dags/example_setup_teardown.py
[2024-11-23T17:11:57.139+0000] {processor.py:925} INFO - DAG(s) 'example_setup_teardown' retrieved from /home/airflow/.local/lib/python3.12/site-packages/airflow/example_dags/example_setup_teardown.py
[2024-11-23T17:11:57.198+0000] {logging_mixin.py:190} INFO - [2024-11-23T17:11:57.198+0000] {dag.py:3239} INFO - Sync 1 DAGs
[2024-11-23T17:11:57.266+0000] {logging_mixin.py:190} INFO - [2024-11-23T17:11:57.265+0000] {dag.py:4180} INFO - Setting next_dagrun for example_setup_teardown to None, run_after=None
[2024-11-23T17:11:57.366+0000] {processor.py:208} INFO - Processing /home/airflow/.local/lib/python3.12/site-packages/airflow/example_dags/example_setup_teardown.py took 0.292 seconds
[2024-11-23T17:12:45.058+0000] {processor.py:186} INFO - Started process (PID=1057) to work on /home/airflow/.local/lib/python3.12/site-packages/airflow/example_dags/example_setup_teardown.py
[2024-11-23T17:12:45.062+0000] {processor.py:914} INFO - Processing file /home/airflow/.local/lib/python3.12/site-packages/airflow/example_dags/example_setup_teardown.py for tasks to queue
[2024-11-23T17:12:45.075+0000] {logging_mixin.py:190} INFO - [2024-11-23T17:12:45.075+0000] {dagbag.py:588} INFO - Filling up the DagBag from /home/airflow/.local/lib/python3.12/site-packages/airflow/example_dags/example_setup_teardown.py
[2024-11-23T17:12:45.120+0000] {processor.py:925} INFO - DAG(s) 'example_setup_teardown' retrieved from /home/airflow/.local/lib/python3.12/site-packages/airflow/example_dags/example_setup_teardown.py
[2024-11-23T17:12:45.193+0000] {logging_mixin.py:190} INFO - [2024-11-23T17:12:45.192+0000] {dag.py:3239} INFO - Sync 1 DAGs
[2024-11-23T17:12:45.260+0000] {logging_mixin.py:190} INFO - [2024-11-23T17:12:45.259+0000] {dag.py:4180} INFO - Setting next_dagrun for example_setup_teardown to None, run_after=None
[2024-11-23T17:12:45.319+0000] {processor.py:208} INFO - Processing /home/airflow/.local/lib/python3.12/site-packages/airflow/example_dags/example_setup_teardown.py took 0.284 seconds
[2024-11-23T17:14:02.023+0000] {processor.py:186} INFO - Started process (PID=1148) to work on /home/airflow/.local/lib/python3.12/site-packages/airflow/example_dags/example_setup_teardown.py
[2024-11-23T17:14:02.026+0000] {processor.py:914} INFO - Processing file /home/airflow/.local/lib/python3.12/site-packages/airflow/example_dags/example_setup_teardown.py for tasks to queue
[2024-11-23T17:14:02.045+0000] {logging_mixin.py:190} INFO - [2024-11-23T17:14:02.044+0000] {dagbag.py:588} INFO - Filling up the DagBag from /home/airflow/.local/lib/python3.12/site-packages/airflow/example_dags/example_setup_teardown.py
[2024-11-23T17:14:02.113+0000] {processor.py:925} INFO - DAG(s) 'example_setup_teardown' retrieved from /home/airflow/.local/lib/python3.12/site-packages/airflow/example_dags/example_setup_teardown.py
[2024-11-23T17:14:02.211+0000] {logging_mixin.py:190} INFO - [2024-11-23T17:14:02.211+0000] {dag.py:3239} INFO - Sync 1 DAGs
[2024-11-23T17:14:02.290+0000] {logging_mixin.py:190} INFO - [2024-11-23T17:14:02.290+0000] {dag.py:4180} INFO - Setting next_dagrun for example_setup_teardown to None, run_after=None
[2024-11-23T17:14:02.359+0000] {processor.py:208} INFO - Processing /home/airflow/.local/lib/python3.12/site-packages/airflow/example_dags/example_setup_teardown.py took 0.367 seconds
[2024-11-23T17:14:50.535+0000] {processor.py:186} INFO - Started process (PID=1232) to work on /home/airflow/.local/lib/python3.12/site-packages/airflow/example_dags/example_setup_teardown.py
[2024-11-23T17:14:50.539+0000] {processor.py:914} INFO - Processing file /home/airflow/.local/lib/python3.12/site-packages/airflow/example_dags/example_setup_teardown.py for tasks to queue
[2024-11-23T17:14:50.546+0000] {logging_mixin.py:190} INFO - [2024-11-23T17:14:50.545+0000] {dagbag.py:588} INFO - Filling up the DagBag from /home/airflow/.local/lib/python3.12/site-packages/airflow/example_dags/example_setup_teardown.py
[2024-11-23T17:14:50.586+0000] {processor.py:925} INFO - DAG(s) 'example_setup_teardown' retrieved from /home/airflow/.local/lib/python3.12/site-packages/airflow/example_dags/example_setup_teardown.py
[2024-11-23T17:14:50.686+0000] {logging_mixin.py:190} INFO - [2024-11-23T17:14:50.685+0000] {dag.py:3239} INFO - Sync 1 DAGs
[2024-11-23T17:14:50.799+0000] {logging_mixin.py:190} INFO - [2024-11-23T17:14:50.798+0000] {dag.py:4180} INFO - Setting next_dagrun for example_setup_teardown to None, run_after=None
[2024-11-23T17:14:50.922+0000] {processor.py:208} INFO - Processing /home/airflow/.local/lib/python3.12/site-packages/airflow/example_dags/example_setup_teardown.py took 0.410 seconds
[2024-11-23T17:15:21.900+0000] {processor.py:186} INFO - Started process (PID=1298) to work on /home/airflow/.local/lib/python3.12/site-packages/airflow/example_dags/example_setup_teardown.py
[2024-11-23T17:15:21.905+0000] {processor.py:914} INFO - Processing file /home/airflow/.local/lib/python3.12/site-packages/airflow/example_dags/example_setup_teardown.py for tasks to queue
[2024-11-23T17:15:21.917+0000] {logging_mixin.py:190} INFO - [2024-11-23T17:15:21.916+0000] {dagbag.py:588} INFO - Filling up the DagBag from /home/airflow/.local/lib/python3.12/site-packages/airflow/example_dags/example_setup_teardown.py
[2024-11-23T17:15:21.950+0000] {processor.py:925} INFO - DAG(s) 'example_setup_teardown' retrieved from /home/airflow/.local/lib/python3.12/site-packages/airflow/example_dags/example_setup_teardown.py
[2024-11-23T17:15:22.016+0000] {logging_mixin.py:190} INFO - [2024-11-23T17:15:22.016+0000] {dag.py:3239} INFO - Sync 1 DAGs
[2024-11-23T17:15:22.064+0000] {logging_mixin.py:190} INFO - [2024-11-23T17:15:22.064+0000] {dag.py:4180} INFO - Setting next_dagrun for example_setup_teardown to None, run_after=None
[2024-11-23T17:15:22.135+0000] {processor.py:208} INFO - Processing /home/airflow/.local/lib/python3.12/site-packages/airflow/example_dags/example_setup_teardown.py took 0.249 seconds
[2024-11-23T17:16:02.283+0000] {processor.py:186} INFO - Started process (PID=1364) to work on /home/airflow/.local/lib/python3.12/site-packages/airflow/example_dags/example_setup_teardown.py
[2024-11-23T17:16:02.286+0000] {processor.py:914} INFO - Processing file /home/airflow/.local/lib/python3.12/site-packages/airflow/example_dags/example_setup_teardown.py for tasks to queue
[2024-11-23T17:16:02.292+0000] {logging_mixin.py:190} INFO - [2024-11-23T17:16:02.291+0000] {dagbag.py:588} INFO - Filling up the DagBag from /home/airflow/.local/lib/python3.12/site-packages/airflow/example_dags/example_setup_teardown.py
[2024-11-23T17:16:02.323+0000] {processor.py:925} INFO - DAG(s) 'example_setup_teardown' retrieved from /home/airflow/.local/lib/python3.12/site-packages/airflow/example_dags/example_setup_teardown.py
[2024-11-23T17:16:02.387+0000] {logging_mixin.py:190} INFO - [2024-11-23T17:16:02.387+0000] {dag.py:3239} INFO - Sync 1 DAGs
[2024-11-23T17:16:02.429+0000] {logging_mixin.py:190} INFO - [2024-11-23T17:16:02.429+0000] {dag.py:4180} INFO - Setting next_dagrun for example_setup_teardown to None, run_after=None
[2024-11-23T17:16:02.492+0000] {processor.py:208} INFO - Processing /home/airflow/.local/lib/python3.12/site-packages/airflow/example_dags/example_setup_teardown.py took 0.225 seconds
[2024-11-23T17:16:43.151+0000] {processor.py:186} INFO - Started process (PID=1430) to work on /home/airflow/.local/lib/python3.12/site-packages/airflow/example_dags/example_setup_teardown.py
[2024-11-23T17:16:43.155+0000] {processor.py:914} INFO - Processing file /home/airflow/.local/lib/python3.12/site-packages/airflow/example_dags/example_setup_teardown.py for tasks to queue
[2024-11-23T17:16:43.161+0000] {logging_mixin.py:190} INFO - [2024-11-23T17:16:43.160+0000] {dagbag.py:588} INFO - Filling up the DagBag from /home/airflow/.local/lib/python3.12/site-packages/airflow/example_dags/example_setup_teardown.py
[2024-11-23T17:16:43.201+0000] {processor.py:925} INFO - DAG(s) 'example_setup_teardown' retrieved from /home/airflow/.local/lib/python3.12/site-packages/airflow/example_dags/example_setup_teardown.py
[2024-11-23T17:16:43.280+0000] {logging_mixin.py:190} INFO - [2024-11-23T17:16:43.272+0000] {dag.py:3239} INFO - Sync 1 DAGs
[2024-11-23T17:16:43.349+0000] {logging_mixin.py:190} INFO - [2024-11-23T17:16:43.349+0000] {dag.py:4180} INFO - Setting next_dagrun for example_setup_teardown to None, run_after=None
[2024-11-23T17:16:43.429+0000] {processor.py:208} INFO - Processing /home/airflow/.local/lib/python3.12/site-packages/airflow/example_dags/example_setup_teardown.py took 0.299 seconds
[2024-11-23T17:17:14.180+0000] {processor.py:186} INFO - Started process (PID=1495) to work on /home/airflow/.local/lib/python3.12/site-packages/airflow/example_dags/example_setup_teardown.py
[2024-11-23T17:17:14.196+0000] {processor.py:914} INFO - Processing file /home/airflow/.local/lib/python3.12/site-packages/airflow/example_dags/example_setup_teardown.py for tasks to queue
[2024-11-23T17:17:14.226+0000] {logging_mixin.py:190} INFO - [2024-11-23T17:17:14.222+0000] {dagbag.py:588} INFO - Filling up the DagBag from /home/airflow/.local/lib/python3.12/site-packages/airflow/example_dags/example_setup_teardown.py
[2024-11-23T17:17:14.286+0000] {processor.py:925} INFO - DAG(s) 'example_setup_teardown' retrieved from /home/airflow/.local/lib/python3.12/site-packages/airflow/example_dags/example_setup_teardown.py
[2024-11-23T17:17:14.438+0000] {logging_mixin.py:190} INFO - [2024-11-23T17:17:14.437+0000] {dag.py:3239} INFO - Sync 1 DAGs
[2024-11-23T17:17:14.534+0000] {logging_mixin.py:190} INFO - [2024-11-23T17:17:14.531+0000] {dag.py:4180} INFO - Setting next_dagrun for example_setup_teardown to None, run_after=None
[2024-11-23T17:17:14.684+0000] {processor.py:208} INFO - Processing /home/airflow/.local/lib/python3.12/site-packages/airflow/example_dags/example_setup_teardown.py took 0.540 seconds
[2024-11-23T17:17:46.429+0000] {processor.py:186} INFO - Started process (PID=1561) to work on /home/airflow/.local/lib/python3.12/site-packages/airflow/example_dags/example_setup_teardown.py
[2024-11-23T17:17:46.480+0000] {processor.py:914} INFO - Processing file /home/airflow/.local/lib/python3.12/site-packages/airflow/example_dags/example_setup_teardown.py for tasks to queue
[2024-11-23T17:17:46.501+0000] {logging_mixin.py:190} INFO - [2024-11-23T17:17:46.500+0000] {dagbag.py:588} INFO - Filling up the DagBag from /home/airflow/.local/lib/python3.12/site-packages/airflow/example_dags/example_setup_teardown.py
[2024-11-23T17:17:46.553+0000] {processor.py:925} INFO - DAG(s) 'example_setup_teardown' retrieved from /home/airflow/.local/lib/python3.12/site-packages/airflow/example_dags/example_setup_teardown.py
[2024-11-23T17:17:46.629+0000] {logging_mixin.py:190} INFO - [2024-11-23T17:17:46.629+0000] {dag.py:3239} INFO - Sync 1 DAGs
[2024-11-23T17:17:46.717+0000] {logging_mixin.py:190} INFO - [2024-11-23T17:17:46.717+0000] {dag.py:4180} INFO - Setting next_dagrun for example_setup_teardown to None, run_after=None
[2024-11-23T17:17:46.986+0000] {processor.py:208} INFO - Processing /home/airflow/.local/lib/python3.12/site-packages/airflow/example_dags/example_setup_teardown.py took 0.581 seconds
[2024-11-23T17:18:20.423+0000] {processor.py:186} INFO - Started process (PID=1627) to work on /home/airflow/.local/lib/python3.12/site-packages/airflow/example_dags/example_setup_teardown.py
[2024-11-23T17:18:20.436+0000] {processor.py:914} INFO - Processing file /home/airflow/.local/lib/python3.12/site-packages/airflow/example_dags/example_setup_teardown.py for tasks to queue
[2024-11-23T17:18:20.455+0000] {logging_mixin.py:190} INFO - [2024-11-23T17:18:20.445+0000] {dagbag.py:588} INFO - Filling up the DagBag from /home/airflow/.local/lib/python3.12/site-packages/airflow/example_dags/example_setup_teardown.py
[2024-11-23T17:18:20.517+0000] {processor.py:925} INFO - DAG(s) 'example_setup_teardown' retrieved from /home/airflow/.local/lib/python3.12/site-packages/airflow/example_dags/example_setup_teardown.py
[2024-11-23T17:18:20.678+0000] {logging_mixin.py:190} INFO - [2024-11-23T17:18:20.678+0000] {dag.py:3239} INFO - Sync 1 DAGs
[2024-11-23T17:18:20.788+0000] {logging_mixin.py:190} INFO - [2024-11-23T17:18:20.776+0000] {dag.py:4180} INFO - Setting next_dagrun for example_setup_teardown to None, run_after=None
[2024-11-23T17:18:20.883+0000] {processor.py:208} INFO - Processing /home/airflow/.local/lib/python3.12/site-packages/airflow/example_dags/example_setup_teardown.py took 0.484 seconds
[2024-11-23T17:18:55.878+0000] {processor.py:186} INFO - Started process (PID=1692) to work on /home/airflow/.local/lib/python3.12/site-packages/airflow/example_dags/example_setup_teardown.py
[2024-11-23T17:18:55.925+0000] {processor.py:914} INFO - Processing file /home/airflow/.local/lib/python3.12/site-packages/airflow/example_dags/example_setup_teardown.py for tasks to queue
[2024-11-23T17:18:55.964+0000] {logging_mixin.py:190} INFO - [2024-11-23T17:18:55.953+0000] {dagbag.py:588} INFO - Filling up the DagBag from /home/airflow/.local/lib/python3.12/site-packages/airflow/example_dags/example_setup_teardown.py
[2024-11-23T17:18:56.069+0000] {processor.py:925} INFO - DAG(s) 'example_setup_teardown' retrieved from /home/airflow/.local/lib/python3.12/site-packages/airflow/example_dags/example_setup_teardown.py
[2024-11-23T17:18:56.275+0000] {logging_mixin.py:190} INFO - [2024-11-23T17:18:56.275+0000] {dag.py:3239} INFO - Sync 1 DAGs
[2024-11-23T17:18:56.407+0000] {logging_mixin.py:190} INFO - [2024-11-23T17:18:56.394+0000] {dag.py:4180} INFO - Setting next_dagrun for example_setup_teardown to None, run_after=None
[2024-11-23T17:18:56.567+0000] {processor.py:208} INFO - Processing /home/airflow/.local/lib/python3.12/site-packages/airflow/example_dags/example_setup_teardown.py took 0.764 seconds
[2024-11-23T17:19:34.168+0000] {processor.py:186} INFO - Started process (PID=1767) to work on /home/airflow/.local/lib/python3.12/site-packages/airflow/example_dags/example_setup_teardown.py
[2024-11-23T17:19:34.180+0000] {processor.py:914} INFO - Processing file /home/airflow/.local/lib/python3.12/site-packages/airflow/example_dags/example_setup_teardown.py for tasks to queue
[2024-11-23T17:19:34.188+0000] {logging_mixin.py:190} INFO - [2024-11-23T17:19:34.187+0000] {dagbag.py:588} INFO - Filling up the DagBag from /home/airflow/.local/lib/python3.12/site-packages/airflow/example_dags/example_setup_teardown.py
[2024-11-23T17:19:34.270+0000] {processor.py:925} INFO - DAG(s) 'example_setup_teardown' retrieved from /home/airflow/.local/lib/python3.12/site-packages/airflow/example_dags/example_setup_teardown.py
[2024-11-23T17:19:34.398+0000] {logging_mixin.py:190} INFO - [2024-11-23T17:19:34.397+0000] {dag.py:3239} INFO - Sync 1 DAGs
[2024-11-23T17:19:34.502+0000] {logging_mixin.py:190} INFO - [2024-11-23T17:19:34.502+0000] {dag.py:4180} INFO - Setting next_dagrun for example_setup_teardown to None, run_after=None
[2024-11-23T17:19:34.662+0000] {processor.py:208} INFO - Processing /home/airflow/.local/lib/python3.12/site-packages/airflow/example_dags/example_setup_teardown.py took 0.520 seconds
[2024-11-23T17:22:13.608+0000] {processor.py:186} INFO - Started process (PID=1851) to work on /home/airflow/.local/lib/python3.12/site-packages/airflow/example_dags/example_setup_teardown.py
[2024-11-23T17:22:13.679+0000] {processor.py:914} INFO - Processing file /home/airflow/.local/lib/python3.12/site-packages/airflow/example_dags/example_setup_teardown.py for tasks to queue
[2024-11-23T17:22:13.697+0000] {logging_mixin.py:190} INFO - [2024-11-23T17:22:13.696+0000] {dagbag.py:588} INFO - Filling up the DagBag from /home/airflow/.local/lib/python3.12/site-packages/airflow/example_dags/example_setup_teardown.py
[2024-11-23T17:22:13.802+0000] {processor.py:925} INFO - DAG(s) 'example_setup_teardown' retrieved from /home/airflow/.local/lib/python3.12/site-packages/airflow/example_dags/example_setup_teardown.py
[2024-11-23T17:22:13.945+0000] {logging_mixin.py:190} INFO - [2024-11-23T17:22:13.944+0000] {dag.py:3239} INFO - Sync 1 DAGs
[2024-11-23T17:22:14.181+0000] {logging_mixin.py:190} INFO - [2024-11-23T17:22:14.180+0000] {dag.py:4180} INFO - Setting next_dagrun for example_setup_teardown to None, run_after=None
[2024-11-23T17:22:14.490+0000] {processor.py:208} INFO - Processing /home/airflow/.local/lib/python3.12/site-packages/airflow/example_dags/example_setup_teardown.py took 0.913 seconds
[2024-11-23T17:23:40.330+0000] {processor.py:186} INFO - Started process (PID=1942) to work on /home/airflow/.local/lib/python3.12/site-packages/airflow/example_dags/example_setup_teardown.py
[2024-11-23T17:23:40.343+0000] {processor.py:914} INFO - Processing file /home/airflow/.local/lib/python3.12/site-packages/airflow/example_dags/example_setup_teardown.py for tasks to queue
[2024-11-23T17:23:40.347+0000] {logging_mixin.py:190} INFO - [2024-11-23T17:23:40.347+0000] {dagbag.py:588} INFO - Filling up the DagBag from /home/airflow/.local/lib/python3.12/site-packages/airflow/example_dags/example_setup_teardown.py
[2024-11-23T17:23:40.408+0000] {processor.py:925} INFO - DAG(s) 'example_setup_teardown' retrieved from /home/airflow/.local/lib/python3.12/site-packages/airflow/example_dags/example_setup_teardown.py
[2024-11-23T17:23:40.518+0000] {logging_mixin.py:190} INFO - [2024-11-23T17:23:40.518+0000] {dag.py:3239} INFO - Sync 1 DAGs
[2024-11-23T17:23:40.605+0000] {logging_mixin.py:190} INFO - [2024-11-23T17:23:40.605+0000] {dag.py:4180} INFO - Setting next_dagrun for example_setup_teardown to None, run_after=None
[2024-11-23T17:23:40.714+0000] {processor.py:208} INFO - Processing /home/airflow/.local/lib/python3.12/site-packages/airflow/example_dags/example_setup_teardown.py took 0.411 seconds
[2024-11-23T17:25:49.013+0000] {processor.py:186} INFO - Started process (PID=2027) to work on /home/airflow/.local/lib/python3.12/site-packages/airflow/example_dags/example_setup_teardown.py
[2024-11-23T17:25:49.049+0000] {processor.py:914} INFO - Processing file /home/airflow/.local/lib/python3.12/site-packages/airflow/example_dags/example_setup_teardown.py for tasks to queue
[2024-11-23T17:25:49.084+0000] {logging_mixin.py:190} INFO - [2024-11-23T17:25:49.083+0000] {dagbag.py:588} INFO - Filling up the DagBag from /home/airflow/.local/lib/python3.12/site-packages/airflow/example_dags/example_setup_teardown.py
[2024-11-23T17:25:49.214+0000] {processor.py:925} INFO - DAG(s) 'example_setup_teardown' retrieved from /home/airflow/.local/lib/python3.12/site-packages/airflow/example_dags/example_setup_teardown.py
[2024-11-23T17:25:49.420+0000] {logging_mixin.py:190} INFO - [2024-11-23T17:25:49.419+0000] {dag.py:3239} INFO - Sync 1 DAGs
[2024-11-23T17:25:49.677+0000] {logging_mixin.py:190} INFO - [2024-11-23T17:25:49.677+0000] {dag.py:4180} INFO - Setting next_dagrun for example_setup_teardown to None, run_after=None
[2024-11-23T17:25:49.867+0000] {processor.py:208} INFO - Processing /home/airflow/.local/lib/python3.12/site-packages/airflow/example_dags/example_setup_teardown.py took 0.924 seconds
[2024-11-23T17:26:29.173+0000] {processor.py:186} INFO - Started process (PID=2093) to work on /home/airflow/.local/lib/python3.12/site-packages/airflow/example_dags/example_setup_teardown.py
[2024-11-23T17:26:29.188+0000] {processor.py:914} INFO - Processing file /home/airflow/.local/lib/python3.12/site-packages/airflow/example_dags/example_setup_teardown.py for tasks to queue
[2024-11-23T17:26:29.202+0000] {logging_mixin.py:190} INFO - [2024-11-23T17:26:29.201+0000] {dagbag.py:588} INFO - Filling up the DagBag from /home/airflow/.local/lib/python3.12/site-packages/airflow/example_dags/example_setup_teardown.py
[2024-11-23T17:26:29.368+0000] {processor.py:925} INFO - DAG(s) 'example_setup_teardown' retrieved from /home/airflow/.local/lib/python3.12/site-packages/airflow/example_dags/example_setup_teardown.py
[2024-11-23T17:26:29.489+0000] {logging_mixin.py:190} INFO - [2024-11-23T17:26:29.487+0000] {dag.py:3239} INFO - Sync 1 DAGs
[2024-11-23T17:26:29.531+0000] {logging_mixin.py:190} INFO - [2024-11-23T17:26:29.530+0000] {dag.py:4180} INFO - Setting next_dagrun for example_setup_teardown to None, run_after=None
[2024-11-23T17:26:29.660+0000] {processor.py:208} INFO - Processing /home/airflow/.local/lib/python3.12/site-packages/airflow/example_dags/example_setup_teardown.py took 0.525 seconds
[2024-11-23T17:27:07.147+0000] {processor.py:186} INFO - Started process (PID=2163) to work on /home/airflow/.local/lib/python3.12/site-packages/airflow/example_dags/example_setup_teardown.py
[2024-11-23T17:27:07.228+0000] {processor.py:914} INFO - Processing file /home/airflow/.local/lib/python3.12/site-packages/airflow/example_dags/example_setup_teardown.py for tasks to queue
[2024-11-23T17:27:07.234+0000] {logging_mixin.py:190} INFO - [2024-11-23T17:27:07.233+0000] {dagbag.py:588} INFO - Filling up the DagBag from /home/airflow/.local/lib/python3.12/site-packages/airflow/example_dags/example_setup_teardown.py
[2024-11-23T17:27:07.259+0000] {processor.py:925} INFO - DAG(s) 'example_setup_teardown' retrieved from /home/airflow/.local/lib/python3.12/site-packages/airflow/example_dags/example_setup_teardown.py
[2024-11-23T17:27:07.297+0000] {logging_mixin.py:190} INFO - [2024-11-23T17:27:07.297+0000] {dag.py:3239} INFO - Sync 1 DAGs
[2024-11-23T17:27:07.320+0000] {logging_mixin.py:190} INFO - [2024-11-23T17:27:07.319+0000] {dag.py:4180} INFO - Setting next_dagrun for example_setup_teardown to None, run_after=None
[2024-11-23T17:27:07.412+0000] {processor.py:208} INFO - Processing /home/airflow/.local/lib/python3.12/site-packages/airflow/example_dags/example_setup_teardown.py took 0.284 seconds
