[2024-11-23T16:34:24.782+0000] {processor.py:186} INFO - Started process (PID=200) to work on /home/airflow/.local/lib/python3.12/site-packages/airflow/example_dags/example_sensors.py
[2024-11-23T16:34:24.790+0000] {processor.py:914} INFO - Processing file /home/airflow/.local/lib/python3.12/site-packages/airflow/example_dags/example_sensors.py for tasks to queue
[2024-11-23T16:34:24.807+0000] {logging_mixin.py:190} INFO - [2024-11-23T16:34:24.806+0000] {dagbag.py:588} INFO - Filling up the DagBag from /home/airflow/.local/lib/python3.12/site-packages/airflow/example_dags/example_sensors.py
[2024-11-23T16:34:25.030+0000] {processor.py:925} INFO - DAG(s) 'example_sensors' retrieved from /home/airflow/.local/lib/python3.12/site-packages/airflow/example_dags/example_sensors.py
[2024-11-23T16:34:25.256+0000] {logging_mixin.py:190} INFO - [2024-11-23T16:34:25.255+0000] {dag.py:3239} INFO - Sync 1 DAGs
[2024-11-23T16:34:26.959+0000] {logging_mixin.py:190} INFO - [2024-11-23T16:34:26.958+0000] {dag.py:4180} INFO - Setting next_dagrun for example_sensors to None, run_after=None
[2024-11-23T16:34:27.120+0000] {processor.py:208} INFO - Processing /home/airflow/.local/lib/python3.12/site-packages/airflow/example_dags/example_sensors.py took 2.407 seconds
[2024-11-23T16:40:18.833+0000] {processor.py:186} INFO - Started process (PID=156) to work on /home/airflow/.local/lib/python3.12/site-packages/airflow/example_dags/example_sensors.py
[2024-11-23T16:40:18.846+0000] {processor.py:914} INFO - Processing file /home/airflow/.local/lib/python3.12/site-packages/airflow/example_dags/example_sensors.py for tasks to queue
[2024-11-23T16:40:18.863+0000] {logging_mixin.py:190} INFO - [2024-11-23T16:40:18.862+0000] {dagbag.py:588} INFO - Filling up the DagBag from /home/airflow/.local/lib/python3.12/site-packages/airflow/example_dags/example_sensors.py
[2024-11-23T16:40:18.940+0000] {processor.py:925} INFO - DAG(s) 'example_sensors' retrieved from /home/airflow/.local/lib/python3.12/site-packages/airflow/example_dags/example_sensors.py
[2024-11-23T16:40:19.111+0000] {logging_mixin.py:190} INFO - [2024-11-23T16:40:19.110+0000] {dag.py:3239} INFO - Sync 1 DAGs
[2024-11-23T16:40:19.204+0000] {logging_mixin.py:190} INFO - [2024-11-23T16:40:19.203+0000] {dag.py:4180} INFO - Setting next_dagrun for example_sensors to None, run_after=None
[2024-11-23T16:40:19.306+0000] {processor.py:208} INFO - Processing /home/airflow/.local/lib/python3.12/site-packages/airflow/example_dags/example_sensors.py took 0.507 seconds
[2024-11-23T16:41:05.641+0000] {processor.py:186} INFO - Started process (PID=230) to work on /home/airflow/.local/lib/python3.12/site-packages/airflow/example_dags/example_sensors.py
[2024-11-23T16:41:05.647+0000] {processor.py:914} INFO - Processing file /home/airflow/.local/lib/python3.12/site-packages/airflow/example_dags/example_sensors.py for tasks to queue
[2024-11-23T16:41:05.660+0000] {logging_mixin.py:190} INFO - [2024-11-23T16:41:05.659+0000] {dagbag.py:588} INFO - Filling up the DagBag from /home/airflow/.local/lib/python3.12/site-packages/airflow/example_dags/example_sensors.py
[2024-11-23T16:41:05.703+0000] {processor.py:925} INFO - DAG(s) 'example_sensors' retrieved from /home/airflow/.local/lib/python3.12/site-packages/airflow/example_dags/example_sensors.py
[2024-11-23T16:41:05.901+0000] {logging_mixin.py:190} INFO - [2024-11-23T16:41:05.900+0000] {dag.py:3239} INFO - Sync 1 DAGs
[2024-11-23T16:41:05.981+0000] {logging_mixin.py:190} INFO - [2024-11-23T16:41:05.980+0000] {dag.py:4180} INFO - Setting next_dagrun for example_sensors to None, run_after=None
[2024-11-23T16:41:06.062+0000] {processor.py:208} INFO - Processing /home/airflow/.local/lib/python3.12/site-packages/airflow/example_dags/example_sensors.py took 0.453 seconds
[2024-11-23T16:41:36.448+0000] {processor.py:186} INFO - Started process (PID=296) to work on /home/airflow/.local/lib/python3.12/site-packages/airflow/example_dags/example_sensors.py
[2024-11-23T16:41:36.451+0000] {processor.py:914} INFO - Processing file /home/airflow/.local/lib/python3.12/site-packages/airflow/example_dags/example_sensors.py for tasks to queue
[2024-11-23T16:41:36.460+0000] {logging_mixin.py:190} INFO - [2024-11-23T16:41:36.455+0000] {dagbag.py:588} INFO - Filling up the DagBag from /home/airflow/.local/lib/python3.12/site-packages/airflow/example_dags/example_sensors.py
[2024-11-23T16:41:36.493+0000] {processor.py:925} INFO - DAG(s) 'example_sensors' retrieved from /home/airflow/.local/lib/python3.12/site-packages/airflow/example_dags/example_sensors.py
[2024-11-23T16:41:36.573+0000] {logging_mixin.py:190} INFO - [2024-11-23T16:41:36.573+0000] {dag.py:3239} INFO - Sync 1 DAGs
[2024-11-23T16:41:36.628+0000] {logging_mixin.py:190} INFO - [2024-11-23T16:41:36.626+0000] {dag.py:4180} INFO - Setting next_dagrun for example_sensors to None, run_after=None
[2024-11-23T16:41:36.698+0000] {processor.py:208} INFO - Processing /home/airflow/.local/lib/python3.12/site-packages/airflow/example_dags/example_sensors.py took 0.268 seconds
[2024-11-23T16:42:08.579+0000] {processor.py:186} INFO - Started process (PID=362) to work on /home/airflow/.local/lib/python3.12/site-packages/airflow/example_dags/example_sensors.py
[2024-11-23T16:42:08.581+0000] {processor.py:914} INFO - Processing file /home/airflow/.local/lib/python3.12/site-packages/airflow/example_dags/example_sensors.py for tasks to queue
[2024-11-23T16:42:08.585+0000] {logging_mixin.py:190} INFO - [2024-11-23T16:42:08.585+0000] {dagbag.py:588} INFO - Filling up the DagBag from /home/airflow/.local/lib/python3.12/site-packages/airflow/example_dags/example_sensors.py
[2024-11-23T16:42:08.629+0000] {processor.py:925} INFO - DAG(s) 'example_sensors' retrieved from /home/airflow/.local/lib/python3.12/site-packages/airflow/example_dags/example_sensors.py
[2024-11-23T16:42:08.742+0000] {logging_mixin.py:190} INFO - [2024-11-23T16:42:08.741+0000] {dag.py:3239} INFO - Sync 1 DAGs
[2024-11-23T16:42:08.836+0000] {logging_mixin.py:190} INFO - [2024-11-23T16:42:08.835+0000] {dag.py:4180} INFO - Setting next_dagrun for example_sensors to None, run_after=None
[2024-11-23T16:42:08.938+0000] {processor.py:208} INFO - Processing /home/airflow/.local/lib/python3.12/site-packages/airflow/example_dags/example_sensors.py took 0.380 seconds
[2024-11-23T17:02:54.341+0000] {processor.py:186} INFO - Started process (PID=154) to work on /home/airflow/.local/lib/python3.12/site-packages/airflow/example_dags/example_sensors.py
[2024-11-23T17:02:54.362+0000] {processor.py:914} INFO - Processing file /home/airflow/.local/lib/python3.12/site-packages/airflow/example_dags/example_sensors.py for tasks to queue
[2024-11-23T17:02:54.400+0000] {logging_mixin.py:190} INFO - [2024-11-23T17:02:54.399+0000] {dagbag.py:588} INFO - Filling up the DagBag from /home/airflow/.local/lib/python3.12/site-packages/airflow/example_dags/example_sensors.py
[2024-11-23T17:02:54.514+0000] {processor.py:925} INFO - DAG(s) 'example_sensors' retrieved from /home/airflow/.local/lib/python3.12/site-packages/airflow/example_dags/example_sensors.py
[2024-11-23T17:02:54.856+0000] {logging_mixin.py:190} INFO - [2024-11-23T17:02:54.855+0000] {dag.py:3239} INFO - Sync 1 DAGs
[2024-11-23T17:02:55.271+0000] {logging_mixin.py:190} INFO - [2024-11-23T17:02:55.270+0000] {dag.py:4180} INFO - Setting next_dagrun for example_sensors to None, run_after=None
[2024-11-23T17:02:55.587+0000] {processor.py:208} INFO - Processing /home/airflow/.local/lib/python3.12/site-packages/airflow/example_dags/example_sensors.py took 1.310 seconds
[2024-11-23T17:03:38.578+0000] {processor.py:186} INFO - Started process (PID=220) to work on /home/airflow/.local/lib/python3.12/site-packages/airflow/example_dags/example_sensors.py
[2024-11-23T17:03:38.592+0000] {processor.py:914} INFO - Processing file /home/airflow/.local/lib/python3.12/site-packages/airflow/example_dags/example_sensors.py for tasks to queue
[2024-11-23T17:03:38.624+0000] {logging_mixin.py:190} INFO - [2024-11-23T17:03:38.623+0000] {dagbag.py:588} INFO - Filling up the DagBag from /home/airflow/.local/lib/python3.12/site-packages/airflow/example_dags/example_sensors.py
[2024-11-23T17:03:38.733+0000] {processor.py:925} INFO - DAG(s) 'example_sensors' retrieved from /home/airflow/.local/lib/python3.12/site-packages/airflow/example_dags/example_sensors.py
[2024-11-23T17:03:38.880+0000] {logging_mixin.py:190} INFO - [2024-11-23T17:03:38.879+0000] {dag.py:3239} INFO - Sync 1 DAGs
[2024-11-23T17:03:38.989+0000] {logging_mixin.py:190} INFO - [2024-11-23T17:03:38.989+0000] {dag.py:4180} INFO - Setting next_dagrun for example_sensors to None, run_after=None
[2024-11-23T17:03:39.072+0000] {processor.py:208} INFO - Processing /home/airflow/.local/lib/python3.12/site-packages/airflow/example_dags/example_sensors.py took 0.549 seconds
[2024-11-23T17:04:36.888+0000] {processor.py:186} INFO - Started process (PID=304) to work on /home/airflow/.local/lib/python3.12/site-packages/airflow/example_dags/example_sensors.py
[2024-11-23T17:04:36.915+0000] {processor.py:914} INFO - Processing file /home/airflow/.local/lib/python3.12/site-packages/airflow/example_dags/example_sensors.py for tasks to queue
[2024-11-23T17:04:36.936+0000] {logging_mixin.py:190} INFO - [2024-11-23T17:04:36.935+0000] {dagbag.py:588} INFO - Filling up the DagBag from /home/airflow/.local/lib/python3.12/site-packages/airflow/example_dags/example_sensors.py
[2024-11-23T17:04:37.022+0000] {processor.py:925} INFO - DAG(s) 'example_sensors' retrieved from /home/airflow/.local/lib/python3.12/site-packages/airflow/example_dags/example_sensors.py
[2024-11-23T17:04:37.186+0000] {logging_mixin.py:190} INFO - [2024-11-23T17:04:37.185+0000] {dag.py:3239} INFO - Sync 1 DAGs
[2024-11-23T17:04:37.296+0000] {logging_mixin.py:190} INFO - [2024-11-23T17:04:37.295+0000] {dag.py:4180} INFO - Setting next_dagrun for example_sensors to None, run_after=None
[2024-11-23T17:04:37.408+0000] {processor.py:208} INFO - Processing /home/airflow/.local/lib/python3.12/site-packages/airflow/example_dags/example_sensors.py took 0.570 seconds
[2024-11-23T17:05:33.614+0000] {processor.py:186} INFO - Started process (PID=376) to work on /home/airflow/.local/lib/python3.12/site-packages/airflow/example_dags/example_sensors.py
[2024-11-23T17:05:33.626+0000] {processor.py:914} INFO - Processing file /home/airflow/.local/lib/python3.12/site-packages/airflow/example_dags/example_sensors.py for tasks to queue
[2024-11-23T17:05:33.645+0000] {logging_mixin.py:190} INFO - [2024-11-23T17:05:33.644+0000] {dagbag.py:588} INFO - Filling up the DagBag from /home/airflow/.local/lib/python3.12/site-packages/airflow/example_dags/example_sensors.py
[2024-11-23T17:05:33.700+0000] {processor.py:925} INFO - DAG(s) 'example_sensors' retrieved from /home/airflow/.local/lib/python3.12/site-packages/airflow/example_dags/example_sensors.py
[2024-11-23T17:05:33.823+0000] {logging_mixin.py:190} INFO - [2024-11-23T17:05:33.822+0000] {dag.py:3239} INFO - Sync 1 DAGs
[2024-11-23T17:05:33.871+0000] {logging_mixin.py:190} INFO - [2024-11-23T17:05:33.870+0000] {dag.py:4180} INFO - Setting next_dagrun for example_sensors to None, run_after=None
[2024-11-23T17:05:33.972+0000] {processor.py:208} INFO - Processing /home/airflow/.local/lib/python3.12/site-packages/airflow/example_dags/example_sensors.py took 0.380 seconds
[2024-11-23T17:06:04.285+0000] {processor.py:186} INFO - Started process (PID=442) to work on /home/airflow/.local/lib/python3.12/site-packages/airflow/example_dags/example_sensors.py
[2024-11-23T17:06:04.288+0000] {processor.py:914} INFO - Processing file /home/airflow/.local/lib/python3.12/site-packages/airflow/example_dags/example_sensors.py for tasks to queue
[2024-11-23T17:06:04.303+0000] {logging_mixin.py:190} INFO - [2024-11-23T17:06:04.302+0000] {dagbag.py:588} INFO - Filling up the DagBag from /home/airflow/.local/lib/python3.12/site-packages/airflow/example_dags/example_sensors.py
[2024-11-23T17:06:04.385+0000] {processor.py:925} INFO - DAG(s) 'example_sensors' retrieved from /home/airflow/.local/lib/python3.12/site-packages/airflow/example_dags/example_sensors.py
[2024-11-23T17:06:04.493+0000] {logging_mixin.py:190} INFO - [2024-11-23T17:06:04.493+0000] {dag.py:3239} INFO - Sync 1 DAGs
[2024-11-23T17:06:04.553+0000] {logging_mixin.py:190} INFO - [2024-11-23T17:06:04.552+0000] {dag.py:4180} INFO - Setting next_dagrun for example_sensors to None, run_after=None
[2024-11-23T17:06:04.648+0000] {processor.py:208} INFO - Processing /home/airflow/.local/lib/python3.12/site-packages/airflow/example_dags/example_sensors.py took 0.382 seconds
[2024-11-23T17:07:13.801+0000] {processor.py:186} INFO - Started process (PID=513) to work on /home/airflow/.local/lib/python3.12/site-packages/airflow/example_dags/example_sensors.py
[2024-11-23T17:07:13.810+0000] {processor.py:914} INFO - Processing file /home/airflow/.local/lib/python3.12/site-packages/airflow/example_dags/example_sensors.py for tasks to queue
[2024-11-23T17:07:13.853+0000] {logging_mixin.py:190} INFO - [2024-11-23T17:07:13.852+0000] {dagbag.py:588} INFO - Filling up the DagBag from /home/airflow/.local/lib/python3.12/site-packages/airflow/example_dags/example_sensors.py
[2024-11-23T17:07:14.013+0000] {processor.py:925} INFO - DAG(s) 'example_sensors' retrieved from /home/airflow/.local/lib/python3.12/site-packages/airflow/example_dags/example_sensors.py
[2024-11-23T17:07:14.151+0000] {logging_mixin.py:190} INFO - [2024-11-23T17:07:14.151+0000] {dag.py:3239} INFO - Sync 1 DAGs
[2024-11-23T17:07:14.262+0000] {logging_mixin.py:190} INFO - [2024-11-23T17:07:14.261+0000] {dag.py:4180} INFO - Setting next_dagrun for example_sensors to None, run_after=None
[2024-11-23T17:07:14.375+0000] {processor.py:208} INFO - Processing /home/airflow/.local/lib/python3.12/site-packages/airflow/example_dags/example_sensors.py took 0.617 seconds
[2024-11-23T17:07:47.549+0000] {processor.py:186} INFO - Started process (PID=579) to work on /home/airflow/.local/lib/python3.12/site-packages/airflow/example_dags/example_sensors.py
[2024-11-23T17:07:47.562+0000] {processor.py:914} INFO - Processing file /home/airflow/.local/lib/python3.12/site-packages/airflow/example_dags/example_sensors.py for tasks to queue
[2024-11-23T17:07:47.579+0000] {logging_mixin.py:190} INFO - [2024-11-23T17:07:47.578+0000] {dagbag.py:588} INFO - Filling up the DagBag from /home/airflow/.local/lib/python3.12/site-packages/airflow/example_dags/example_sensors.py
[2024-11-23T17:07:47.648+0000] {processor.py:925} INFO - DAG(s) 'example_sensors' retrieved from /home/airflow/.local/lib/python3.12/site-packages/airflow/example_dags/example_sensors.py
[2024-11-23T17:07:47.944+0000] {logging_mixin.py:190} INFO - [2024-11-23T17:07:47.943+0000] {dag.py:3239} INFO - Sync 1 DAGs
[2024-11-23T17:07:48.030+0000] {logging_mixin.py:190} INFO - [2024-11-23T17:07:48.030+0000] {dag.py:4180} INFO - Setting next_dagrun for example_sensors to None, run_after=None
[2024-11-23T17:07:48.189+0000] {processor.py:208} INFO - Processing /home/airflow/.local/lib/python3.12/site-packages/airflow/example_dags/example_sensors.py took 0.664 seconds
[2024-11-23T17:08:23.751+0000] {processor.py:186} INFO - Started process (PID=646) to work on /home/airflow/.local/lib/python3.12/site-packages/airflow/example_dags/example_sensors.py
[2024-11-23T17:08:23.767+0000] {processor.py:914} INFO - Processing file /home/airflow/.local/lib/python3.12/site-packages/airflow/example_dags/example_sensors.py for tasks to queue
[2024-11-23T17:08:23.773+0000] {logging_mixin.py:190} INFO - [2024-11-23T17:08:23.773+0000] {dagbag.py:588} INFO - Filling up the DagBag from /home/airflow/.local/lib/python3.12/site-packages/airflow/example_dags/example_sensors.py
[2024-11-23T17:08:24.003+0000] {processor.py:925} INFO - DAG(s) 'example_sensors' retrieved from /home/airflow/.local/lib/python3.12/site-packages/airflow/example_dags/example_sensors.py
[2024-11-23T17:08:24.270+0000] {logging_mixin.py:190} INFO - [2024-11-23T17:08:24.269+0000] {dag.py:3239} INFO - Sync 1 DAGs
[2024-11-23T17:08:24.345+0000] {logging_mixin.py:190} INFO - [2024-11-23T17:08:24.344+0000] {dag.py:4180} INFO - Setting next_dagrun for example_sensors to None, run_after=None
[2024-11-23T17:08:24.431+0000] {processor.py:208} INFO - Processing /home/airflow/.local/lib/python3.12/site-packages/airflow/example_dags/example_sensors.py took 0.706 seconds
[2024-11-23T17:08:57.521+0000] {processor.py:186} INFO - Started process (PID=712) to work on /home/airflow/.local/lib/python3.12/site-packages/airflow/example_dags/example_sensors.py
[2024-11-23T17:08:57.524+0000] {processor.py:914} INFO - Processing file /home/airflow/.local/lib/python3.12/site-packages/airflow/example_dags/example_sensors.py for tasks to queue
[2024-11-23T17:08:57.566+0000] {logging_mixin.py:190} INFO - [2024-11-23T17:08:57.561+0000] {dagbag.py:588} INFO - Filling up the DagBag from /home/airflow/.local/lib/python3.12/site-packages/airflow/example_dags/example_sensors.py
[2024-11-23T17:08:57.673+0000] {processor.py:925} INFO - DAG(s) 'example_sensors' retrieved from /home/airflow/.local/lib/python3.12/site-packages/airflow/example_dags/example_sensors.py
[2024-11-23T17:08:57.782+0000] {logging_mixin.py:190} INFO - [2024-11-23T17:08:57.781+0000] {dag.py:3239} INFO - Sync 1 DAGs
[2024-11-23T17:08:58.435+0000] {logging_mixin.py:190} INFO - [2024-11-23T17:08:58.434+0000] {dag.py:4180} INFO - Setting next_dagrun for example_sensors to None, run_after=None
[2024-11-23T17:08:58.801+0000] {processor.py:208} INFO - Processing /home/airflow/.local/lib/python3.12/site-packages/airflow/example_dags/example_sensors.py took 1.315 seconds
[2024-11-23T17:10:10.906+0000] {processor.py:186} INFO - Started process (PID=784) to work on /home/airflow/.local/lib/python3.12/site-packages/airflow/example_dags/example_sensors.py
[2024-11-23T17:10:10.919+0000] {processor.py:914} INFO - Processing file /home/airflow/.local/lib/python3.12/site-packages/airflow/example_dags/example_sensors.py for tasks to queue
[2024-11-23T17:10:10.936+0000] {logging_mixin.py:190} INFO - [2024-11-23T17:10:10.926+0000] {dagbag.py:588} INFO - Filling up the DagBag from /home/airflow/.local/lib/python3.12/site-packages/airflow/example_dags/example_sensors.py
[2024-11-23T17:10:11.083+0000] {processor.py:925} INFO - DAG(s) 'example_sensors' retrieved from /home/airflow/.local/lib/python3.12/site-packages/airflow/example_dags/example_sensors.py
[2024-11-23T17:10:11.263+0000] {logging_mixin.py:190} INFO - [2024-11-23T17:10:11.262+0000] {dag.py:3239} INFO - Sync 1 DAGs
[2024-11-23T17:10:11.305+0000] {logging_mixin.py:190} INFO - [2024-11-23T17:10:11.304+0000] {dag.py:4180} INFO - Setting next_dagrun for example_sensors to None, run_after=None
[2024-11-23T17:10:11.402+0000] {processor.py:208} INFO - Processing /home/airflow/.local/lib/python3.12/site-packages/airflow/example_dags/example_sensors.py took 0.528 seconds
[2024-11-23T17:10:55.591+0000] {processor.py:186} INFO - Started process (PID=850) to work on /home/airflow/.local/lib/python3.12/site-packages/airflow/example_dags/example_sensors.py
[2024-11-23T17:10:55.595+0000] {processor.py:914} INFO - Processing file /home/airflow/.local/lib/python3.12/site-packages/airflow/example_dags/example_sensors.py for tasks to queue
[2024-11-23T17:10:55.624+0000] {logging_mixin.py:190} INFO - [2024-11-23T17:10:55.622+0000] {dagbag.py:588} INFO - Filling up the DagBag from /home/airflow/.local/lib/python3.12/site-packages/airflow/example_dags/example_sensors.py
[2024-11-23T17:10:55.687+0000] {processor.py:925} INFO - DAG(s) 'example_sensors' retrieved from /home/airflow/.local/lib/python3.12/site-packages/airflow/example_dags/example_sensors.py
[2024-11-23T17:10:55.929+0000] {logging_mixin.py:190} INFO - [2024-11-23T17:10:55.928+0000] {dag.py:3239} INFO - Sync 1 DAGs
[2024-11-23T17:10:56.063+0000] {logging_mixin.py:190} INFO - [2024-11-23T17:10:56.062+0000] {dag.py:4180} INFO - Setting next_dagrun for example_sensors to None, run_after=None
[2024-11-23T17:10:56.155+0000] {processor.py:208} INFO - Processing /home/airflow/.local/lib/python3.12/site-packages/airflow/example_dags/example_sensors.py took 0.615 seconds
[2024-11-23T17:11:28.576+0000] {processor.py:186} INFO - Started process (PID=917) to work on /home/airflow/.local/lib/python3.12/site-packages/airflow/example_dags/example_sensors.py
[2024-11-23T17:11:28.580+0000] {processor.py:914} INFO - Processing file /home/airflow/.local/lib/python3.12/site-packages/airflow/example_dags/example_sensors.py for tasks to queue
[2024-11-23T17:11:28.586+0000] {logging_mixin.py:190} INFO - [2024-11-23T17:11:28.585+0000] {dagbag.py:588} INFO - Filling up the DagBag from /home/airflow/.local/lib/python3.12/site-packages/airflow/example_dags/example_sensors.py
[2024-11-23T17:11:28.640+0000] {processor.py:925} INFO - DAG(s) 'example_sensors' retrieved from /home/airflow/.local/lib/python3.12/site-packages/airflow/example_dags/example_sensors.py
[2024-11-23T17:11:28.747+0000] {logging_mixin.py:190} INFO - [2024-11-23T17:11:28.747+0000] {dag.py:3239} INFO - Sync 1 DAGs
[2024-11-23T17:11:28.827+0000] {logging_mixin.py:190} INFO - [2024-11-23T17:11:28.826+0000] {dag.py:4180} INFO - Setting next_dagrun for example_sensors to None, run_after=None
[2024-11-23T17:11:28.901+0000] {processor.py:208} INFO - Processing /home/airflow/.local/lib/python3.12/site-packages/airflow/example_dags/example_sensors.py took 0.353 seconds
[2024-11-23T17:12:00.020+0000] {processor.py:186} INFO - Started process (PID=983) to work on /home/airflow/.local/lib/python3.12/site-packages/airflow/example_dags/example_sensors.py
[2024-11-23T17:12:00.024+0000] {processor.py:914} INFO - Processing file /home/airflow/.local/lib/python3.12/site-packages/airflow/example_dags/example_sensors.py for tasks to queue
[2024-11-23T17:12:00.035+0000] {logging_mixin.py:190} INFO - [2024-11-23T17:12:00.033+0000] {dagbag.py:588} INFO - Filling up the DagBag from /home/airflow/.local/lib/python3.12/site-packages/airflow/example_dags/example_sensors.py
[2024-11-23T17:12:00.072+0000] {processor.py:925} INFO - DAG(s) 'example_sensors' retrieved from /home/airflow/.local/lib/python3.12/site-packages/airflow/example_dags/example_sensors.py
[2024-11-23T17:12:00.168+0000] {logging_mixin.py:190} INFO - [2024-11-23T17:12:00.167+0000] {dag.py:3239} INFO - Sync 1 DAGs
[2024-11-23T17:12:00.229+0000] {logging_mixin.py:190} INFO - [2024-11-23T17:12:00.228+0000] {dag.py:4180} INFO - Setting next_dagrun for example_sensors to None, run_after=None
[2024-11-23T17:12:00.289+0000] {processor.py:208} INFO - Processing /home/airflow/.local/lib/python3.12/site-packages/airflow/example_dags/example_sensors.py took 0.292 seconds
[2024-11-23T17:12:40.862+0000] {processor.py:186} INFO - Started process (PID=1039) to work on /home/airflow/.local/lib/python3.12/site-packages/airflow/example_dags/example_sensors.py
[2024-11-23T17:12:40.874+0000] {processor.py:914} INFO - Processing file /home/airflow/.local/lib/python3.12/site-packages/airflow/example_dags/example_sensors.py for tasks to queue
[2024-11-23T17:12:40.883+0000] {logging_mixin.py:190} INFO - [2024-11-23T17:12:40.882+0000] {dagbag.py:588} INFO - Filling up the DagBag from /home/airflow/.local/lib/python3.12/site-packages/airflow/example_dags/example_sensors.py
[2024-11-23T17:12:40.962+0000] {processor.py:925} INFO - DAG(s) 'example_sensors' retrieved from /home/airflow/.local/lib/python3.12/site-packages/airflow/example_dags/example_sensors.py
[2024-11-23T17:12:41.114+0000] {logging_mixin.py:190} INFO - [2024-11-23T17:12:41.114+0000] {dag.py:3239} INFO - Sync 1 DAGs
[2024-11-23T17:12:41.208+0000] {logging_mixin.py:190} INFO - [2024-11-23T17:12:41.200+0000] {dag.py:4180} INFO - Setting next_dagrun for example_sensors to None, run_after=None
[2024-11-23T17:12:41.303+0000] {processor.py:208} INFO - Processing /home/airflow/.local/lib/python3.12/site-packages/airflow/example_dags/example_sensors.py took 0.465 seconds
[2024-11-23T17:13:32.038+0000] {processor.py:186} INFO - Started process (PID=1111) to work on /home/airflow/.local/lib/python3.12/site-packages/airflow/example_dags/example_sensors.py
[2024-11-23T17:13:32.042+0000] {processor.py:914} INFO - Processing file /home/airflow/.local/lib/python3.12/site-packages/airflow/example_dags/example_sensors.py for tasks to queue
[2024-11-23T17:13:32.046+0000] {logging_mixin.py:190} INFO - [2024-11-23T17:13:32.045+0000] {dagbag.py:588} INFO - Filling up the DagBag from /home/airflow/.local/lib/python3.12/site-packages/airflow/example_dags/example_sensors.py
[2024-11-23T17:13:32.104+0000] {processor.py:925} INFO - DAG(s) 'example_sensors' retrieved from /home/airflow/.local/lib/python3.12/site-packages/airflow/example_dags/example_sensors.py
[2024-11-23T17:13:32.205+0000] {logging_mixin.py:190} INFO - [2024-11-23T17:13:32.202+0000] {dag.py:3239} INFO - Sync 1 DAGs
[2024-11-23T17:13:32.262+0000] {logging_mixin.py:190} INFO - [2024-11-23T17:13:32.261+0000] {dag.py:4180} INFO - Setting next_dagrun for example_sensors to None, run_after=None
[2024-11-23T17:13:32.382+0000] {processor.py:208} INFO - Processing /home/airflow/.local/lib/python3.12/site-packages/airflow/example_dags/example_sensors.py took 0.364 seconds
[2024-11-23T17:14:12.389+0000] {processor.py:186} INFO - Started process (PID=1177) to work on /home/airflow/.local/lib/python3.12/site-packages/airflow/example_dags/example_sensors.py
[2024-11-23T17:14:12.400+0000] {processor.py:914} INFO - Processing file /home/airflow/.local/lib/python3.12/site-packages/airflow/example_dags/example_sensors.py for tasks to queue
[2024-11-23T17:14:12.409+0000] {logging_mixin.py:190} INFO - [2024-11-23T17:14:12.408+0000] {dagbag.py:588} INFO - Filling up the DagBag from /home/airflow/.local/lib/python3.12/site-packages/airflow/example_dags/example_sensors.py
[2024-11-23T17:14:12.457+0000] {processor.py:925} INFO - DAG(s) 'example_sensors' retrieved from /home/airflow/.local/lib/python3.12/site-packages/airflow/example_dags/example_sensors.py
[2024-11-23T17:14:12.622+0000] {logging_mixin.py:190} INFO - [2024-11-23T17:14:12.613+0000] {dag.py:3239} INFO - Sync 1 DAGs
[2024-11-23T17:14:12.692+0000] {logging_mixin.py:190} INFO - [2024-11-23T17:14:12.691+0000] {dag.py:4180} INFO - Setting next_dagrun for example_sensors to None, run_after=None
[2024-11-23T17:14:12.795+0000] {processor.py:208} INFO - Processing /home/airflow/.local/lib/python3.12/site-packages/airflow/example_dags/example_sensors.py took 0.437 seconds
[2024-11-23T17:15:00.488+0000] {processor.py:186} INFO - Started process (PID=1256) to work on /home/airflow/.local/lib/python3.12/site-packages/airflow/example_dags/example_sensors.py
[2024-11-23T17:15:00.506+0000] {processor.py:914} INFO - Processing file /home/airflow/.local/lib/python3.12/site-packages/airflow/example_dags/example_sensors.py for tasks to queue
[2024-11-23T17:15:00.513+0000] {logging_mixin.py:190} INFO - [2024-11-23T17:15:00.512+0000] {dagbag.py:588} INFO - Filling up the DagBag from /home/airflow/.local/lib/python3.12/site-packages/airflow/example_dags/example_sensors.py
[2024-11-23T17:15:00.595+0000] {processor.py:925} INFO - DAG(s) 'example_sensors' retrieved from /home/airflow/.local/lib/python3.12/site-packages/airflow/example_dags/example_sensors.py
[2024-11-23T17:15:00.750+0000] {logging_mixin.py:190} INFO - [2024-11-23T17:15:00.750+0000] {dag.py:3239} INFO - Sync 1 DAGs
[2024-11-23T17:15:00.846+0000] {logging_mixin.py:190} INFO - [2024-11-23T17:15:00.845+0000] {dag.py:4180} INFO - Setting next_dagrun for example_sensors to None, run_after=None
[2024-11-23T17:15:00.950+0000] {processor.py:208} INFO - Processing /home/airflow/.local/lib/python3.12/site-packages/airflow/example_dags/example_sensors.py took 0.474 seconds
[2024-11-23T17:15:31.272+0000] {processor.py:186} INFO - Started process (PID=1322) to work on /home/airflow/.local/lib/python3.12/site-packages/airflow/example_dags/example_sensors.py
[2024-11-23T17:15:31.275+0000] {processor.py:914} INFO - Processing file /home/airflow/.local/lib/python3.12/site-packages/airflow/example_dags/example_sensors.py for tasks to queue
[2024-11-23T17:15:31.282+0000] {logging_mixin.py:190} INFO - [2024-11-23T17:15:31.281+0000] {dagbag.py:588} INFO - Filling up the DagBag from /home/airflow/.local/lib/python3.12/site-packages/airflow/example_dags/example_sensors.py
[2024-11-23T17:15:31.336+0000] {processor.py:925} INFO - DAG(s) 'example_sensors' retrieved from /home/airflow/.local/lib/python3.12/site-packages/airflow/example_dags/example_sensors.py
[2024-11-23T17:15:31.457+0000] {logging_mixin.py:190} INFO - [2024-11-23T17:15:31.456+0000] {dag.py:3239} INFO - Sync 1 DAGs
[2024-11-23T17:15:31.526+0000] {logging_mixin.py:190} INFO - [2024-11-23T17:15:31.526+0000] {dag.py:4180} INFO - Setting next_dagrun for example_sensors to None, run_after=None
[2024-11-23T17:15:31.631+0000] {processor.py:208} INFO - Processing /home/airflow/.local/lib/python3.12/site-packages/airflow/example_dags/example_sensors.py took 0.378 seconds
[2024-11-23T17:16:09.722+0000] {processor.py:186} INFO - Started process (PID=1388) to work on /home/airflow/.local/lib/python3.12/site-packages/airflow/example_dags/example_sensors.py
[2024-11-23T17:16:09.756+0000] {processor.py:914} INFO - Processing file /home/airflow/.local/lib/python3.12/site-packages/airflow/example_dags/example_sensors.py for tasks to queue
[2024-11-23T17:16:09.760+0000] {logging_mixin.py:190} INFO - [2024-11-23T17:16:09.759+0000] {dagbag.py:588} INFO - Filling up the DagBag from /home/airflow/.local/lib/python3.12/site-packages/airflow/example_dags/example_sensors.py
[2024-11-23T17:16:09.874+0000] {processor.py:925} INFO - DAG(s) 'example_sensors' retrieved from /home/airflow/.local/lib/python3.12/site-packages/airflow/example_dags/example_sensors.py
[2024-11-23T17:16:11.307+0000] {logging_mixin.py:190} INFO - [2024-11-23T17:16:11.307+0000] {dag.py:3239} INFO - Sync 1 DAGs
[2024-11-23T17:16:11.374+0000] {logging_mixin.py:190} INFO - [2024-11-23T17:16:11.373+0000] {dag.py:4180} INFO - Setting next_dagrun for example_sensors to None, run_after=None
[2024-11-23T17:16:11.700+0000] {processor.py:208} INFO - Processing /home/airflow/.local/lib/python3.12/site-packages/airflow/example_dags/example_sensors.py took 1.988 seconds
[2024-11-23T17:16:51.751+0000] {processor.py:186} INFO - Started process (PID=1457) to work on /home/airflow/.local/lib/python3.12/site-packages/airflow/example_dags/example_sensors.py
[2024-11-23T17:16:51.753+0000] {processor.py:914} INFO - Processing file /home/airflow/.local/lib/python3.12/site-packages/airflow/example_dags/example_sensors.py for tasks to queue
[2024-11-23T17:16:51.759+0000] {logging_mixin.py:190} INFO - [2024-11-23T17:16:51.758+0000] {dagbag.py:588} INFO - Filling up the DagBag from /home/airflow/.local/lib/python3.12/site-packages/airflow/example_dags/example_sensors.py
[2024-11-23T17:16:51.820+0000] {processor.py:925} INFO - DAG(s) 'example_sensors' retrieved from /home/airflow/.local/lib/python3.12/site-packages/airflow/example_dags/example_sensors.py
[2024-11-23T17:16:51.973+0000] {logging_mixin.py:190} INFO - [2024-11-23T17:16:51.973+0000] {dag.py:3239} INFO - Sync 1 DAGs
[2024-11-23T17:16:52.017+0000] {logging_mixin.py:190} INFO - [2024-11-23T17:16:52.017+0000] {dag.py:4180} INFO - Setting next_dagrun for example_sensors to None, run_after=None
[2024-11-23T17:16:52.124+0000] {processor.py:208} INFO - Processing /home/airflow/.local/lib/python3.12/site-packages/airflow/example_dags/example_sensors.py took 0.397 seconds
[2024-11-23T17:17:24.491+0000] {processor.py:186} INFO - Started process (PID=1522) to work on /home/airflow/.local/lib/python3.12/site-packages/airflow/example_dags/example_sensors.py
[2024-11-23T17:17:24.500+0000] {processor.py:914} INFO - Processing file /home/airflow/.local/lib/python3.12/site-packages/airflow/example_dags/example_sensors.py for tasks to queue
[2024-11-23T17:17:24.510+0000] {logging_mixin.py:190} INFO - [2024-11-23T17:17:24.509+0000] {dagbag.py:588} INFO - Filling up the DagBag from /home/airflow/.local/lib/python3.12/site-packages/airflow/example_dags/example_sensors.py
[2024-11-23T17:17:24.559+0000] {processor.py:925} INFO - DAG(s) 'example_sensors' retrieved from /home/airflow/.local/lib/python3.12/site-packages/airflow/example_dags/example_sensors.py
[2024-11-23T17:17:24.677+0000] {logging_mixin.py:190} INFO - [2024-11-23T17:17:24.676+0000] {dag.py:3239} INFO - Sync 1 DAGs
[2024-11-23T17:17:24.765+0000] {logging_mixin.py:190} INFO - [2024-11-23T17:17:24.764+0000] {dag.py:4180} INFO - Setting next_dagrun for example_sensors to None, run_after=None
[2024-11-23T17:17:24.844+0000] {processor.py:208} INFO - Processing /home/airflow/.local/lib/python3.12/site-packages/airflow/example_dags/example_sensors.py took 0.375 seconds
[2024-11-23T17:18:01.983+0000] {processor.py:186} INFO - Started process (PID=1594) to work on /home/airflow/.local/lib/python3.12/site-packages/airflow/example_dags/example_sensors.py
[2024-11-23T17:18:01.992+0000] {processor.py:914} INFO - Processing file /home/airflow/.local/lib/python3.12/site-packages/airflow/example_dags/example_sensors.py for tasks to queue
[2024-11-23T17:18:02.015+0000] {logging_mixin.py:190} INFO - [2024-11-23T17:18:02.014+0000] {dagbag.py:588} INFO - Filling up the DagBag from /home/airflow/.local/lib/python3.12/site-packages/airflow/example_dags/example_sensors.py
[2024-11-23T17:18:02.131+0000] {processor.py:925} INFO - DAG(s) 'example_sensors' retrieved from /home/airflow/.local/lib/python3.12/site-packages/airflow/example_dags/example_sensors.py
[2024-11-23T17:18:02.347+0000] {logging_mixin.py:190} INFO - [2024-11-23T17:18:02.347+0000] {dag.py:3239} INFO - Sync 1 DAGs
[2024-11-23T17:18:02.482+0000] {logging_mixin.py:190} INFO - [2024-11-23T17:18:02.470+0000] {dag.py:4180} INFO - Setting next_dagrun for example_sensors to None, run_after=None
[2024-11-23T17:18:02.673+0000] {processor.py:208} INFO - Processing /home/airflow/.local/lib/python3.12/site-packages/airflow/example_dags/example_sensors.py took 0.727 seconds
[2024-11-23T17:18:36.824+0000] {processor.py:186} INFO - Started process (PID=1661) to work on /home/airflow/.local/lib/python3.12/site-packages/airflow/example_dags/example_sensors.py
[2024-11-23T17:18:36.827+0000] {processor.py:914} INFO - Processing file /home/airflow/.local/lib/python3.12/site-packages/airflow/example_dags/example_sensors.py for tasks to queue
[2024-11-23T17:18:36.896+0000] {logging_mixin.py:190} INFO - [2024-11-23T17:18:36.891+0000] {dagbag.py:588} INFO - Filling up the DagBag from /home/airflow/.local/lib/python3.12/site-packages/airflow/example_dags/example_sensors.py
[2024-11-23T17:18:36.994+0000] {processor.py:925} INFO - DAG(s) 'example_sensors' retrieved from /home/airflow/.local/lib/python3.12/site-packages/airflow/example_dags/example_sensors.py
[2024-11-23T17:18:37.207+0000] {logging_mixin.py:190} INFO - [2024-11-23T17:18:37.205+0000] {dag.py:3239} INFO - Sync 1 DAGs
[2024-11-23T17:18:37.343+0000] {logging_mixin.py:190} INFO - [2024-11-23T17:18:37.343+0000] {dag.py:4180} INFO - Setting next_dagrun for example_sensors to None, run_after=None
[2024-11-23T17:18:37.432+0000] {processor.py:208} INFO - Processing /home/airflow/.local/lib/python3.12/site-packages/airflow/example_dags/example_sensors.py took 0.648 seconds
[2024-11-23T17:19:13.274+0000] {processor.py:186} INFO - Started process (PID=1731) to work on /home/airflow/.local/lib/python3.12/site-packages/airflow/example_dags/example_sensors.py
[2024-11-23T17:19:13.327+0000] {processor.py:914} INFO - Processing file /home/airflow/.local/lib/python3.12/site-packages/airflow/example_dags/example_sensors.py for tasks to queue
[2024-11-23T17:19:13.341+0000] {logging_mixin.py:190} INFO - [2024-11-23T17:19:13.340+0000] {dagbag.py:588} INFO - Filling up the DagBag from /home/airflow/.local/lib/python3.12/site-packages/airflow/example_dags/example_sensors.py
[2024-11-23T17:19:13.831+0000] {processor.py:925} INFO - DAG(s) 'example_sensors' retrieved from /home/airflow/.local/lib/python3.12/site-packages/airflow/example_dags/example_sensors.py
[2024-11-23T17:19:14.108+0000] {logging_mixin.py:190} INFO - [2024-11-23T17:19:14.097+0000] {dag.py:3239} INFO - Sync 1 DAGs
[2024-11-23T17:19:14.204+0000] {logging_mixin.py:190} INFO - [2024-11-23T17:19:14.199+0000] {dag.py:4180} INFO - Setting next_dagrun for example_sensors to None, run_after=None
[2024-11-23T17:19:14.304+0000] {processor.py:208} INFO - Processing /home/airflow/.local/lib/python3.12/site-packages/airflow/example_dags/example_sensors.py took 1.097 seconds
[2024-11-23T17:21:56.171+0000] {processor.py:186} INFO - Started process (PID=1837) to work on /home/airflow/.local/lib/python3.12/site-packages/airflow/example_dags/example_sensors.py
[2024-11-23T17:21:56.186+0000] {processor.py:914} INFO - Processing file /home/airflow/.local/lib/python3.12/site-packages/airflow/example_dags/example_sensors.py for tasks to queue
[2024-11-23T17:21:56.223+0000] {logging_mixin.py:190} INFO - [2024-11-23T17:21:56.222+0000] {dagbag.py:588} INFO - Filling up the DagBag from /home/airflow/.local/lib/python3.12/site-packages/airflow/example_dags/example_sensors.py
[2024-11-23T17:21:57.459+0000] {processor.py:925} INFO - DAG(s) 'example_sensors' retrieved from /home/airflow/.local/lib/python3.12/site-packages/airflow/example_dags/example_sensors.py
[2024-11-23T17:21:58.386+0000] {logging_mixin.py:190} INFO - [2024-11-23T17:21:58.385+0000] {dag.py:3239} INFO - Sync 1 DAGs
[2024-11-23T17:21:58.539+0000] {logging_mixin.py:190} INFO - [2024-11-23T17:21:58.532+0000] {dag.py:4180} INFO - Setting next_dagrun for example_sensors to None, run_after=None
[2024-11-23T17:21:58.696+0000] {processor.py:208} INFO - Processing /home/airflow/.local/lib/python3.12/site-packages/airflow/example_dags/example_sensors.py took 2.996 seconds
[2024-11-23T17:23:34.532+0000] {processor.py:186} INFO - Started process (PID=1928) to work on /home/airflow/.local/lib/python3.12/site-packages/airflow/example_dags/example_sensors.py
[2024-11-23T17:23:34.538+0000] {processor.py:914} INFO - Processing file /home/airflow/.local/lib/python3.12/site-packages/airflow/example_dags/example_sensors.py for tasks to queue
[2024-11-23T17:23:34.541+0000] {logging_mixin.py:190} INFO - [2024-11-23T17:23:34.540+0000] {dagbag.py:588} INFO - Filling up the DagBag from /home/airflow/.local/lib/python3.12/site-packages/airflow/example_dags/example_sensors.py
[2024-11-23T17:23:34.593+0000] {processor.py:925} INFO - DAG(s) 'example_sensors' retrieved from /home/airflow/.local/lib/python3.12/site-packages/airflow/example_dags/example_sensors.py
[2024-11-23T17:23:34.810+0000] {logging_mixin.py:190} INFO - [2024-11-23T17:23:34.809+0000] {dag.py:3239} INFO - Sync 1 DAGs
[2024-11-23T17:23:34.896+0000] {logging_mixin.py:190} INFO - [2024-11-23T17:23:34.896+0000] {dag.py:4180} INFO - Setting next_dagrun for example_sensors to None, run_after=None
[2024-11-23T17:23:35.518+0000] {processor.py:208} INFO - Processing /home/airflow/.local/lib/python3.12/site-packages/airflow/example_dags/example_sensors.py took 1.005 seconds
[2024-11-23T17:25:24.705+0000] {processor.py:186} INFO - Started process (PID=2007) to work on /home/airflow/.local/lib/python3.12/site-packages/airflow/example_dags/example_sensors.py
[2024-11-23T17:25:24.713+0000] {processor.py:914} INFO - Processing file /home/airflow/.local/lib/python3.12/site-packages/airflow/example_dags/example_sensors.py for tasks to queue
[2024-11-23T17:25:24.719+0000] {logging_mixin.py:190} INFO - [2024-11-23T17:25:24.718+0000] {dagbag.py:588} INFO - Filling up the DagBag from /home/airflow/.local/lib/python3.12/site-packages/airflow/example_dags/example_sensors.py
[2024-11-23T17:25:27.521+0000] {processor.py:925} INFO - DAG(s) 'example_sensors' retrieved from /home/airflow/.local/lib/python3.12/site-packages/airflow/example_dags/example_sensors.py
[2024-11-23T17:25:31.841+0000] {logging_mixin.py:190} INFO - [2024-11-23T17:25:31.841+0000] {dag.py:3239} INFO - Sync 1 DAGs
[2024-11-23T17:25:31.988+0000] {logging_mixin.py:190} INFO - [2024-11-23T17:25:31.988+0000] {dag.py:4180} INFO - Setting next_dagrun for example_sensors to None, run_after=None
[2024-11-23T17:25:32.078+0000] {processor.py:208} INFO - Processing /home/airflow/.local/lib/python3.12/site-packages/airflow/example_dags/example_sensors.py took 7.738 seconds
[2024-11-23T17:26:24.799+0000] {processor.py:186} INFO - Started process (PID=2079) to work on /home/airflow/.local/lib/python3.12/site-packages/airflow/example_dags/example_sensors.py
[2024-11-23T17:26:24.808+0000] {processor.py:914} INFO - Processing file /home/airflow/.local/lib/python3.12/site-packages/airflow/example_dags/example_sensors.py for tasks to queue
[2024-11-23T17:26:24.812+0000] {logging_mixin.py:190} INFO - [2024-11-23T17:26:24.811+0000] {dagbag.py:588} INFO - Filling up the DagBag from /home/airflow/.local/lib/python3.12/site-packages/airflow/example_dags/example_sensors.py
[2024-11-23T17:26:24.874+0000] {processor.py:925} INFO - DAG(s) 'example_sensors' retrieved from /home/airflow/.local/lib/python3.12/site-packages/airflow/example_dags/example_sensors.py
[2024-11-23T17:26:24.932+0000] {logging_mixin.py:190} INFO - [2024-11-23T17:26:24.932+0000] {dag.py:3239} INFO - Sync 1 DAGs
[2024-11-23T17:26:24.963+0000] {logging_mixin.py:190} INFO - [2024-11-23T17:26:24.962+0000] {dag.py:4180} INFO - Setting next_dagrun for example_sensors to None, run_after=None
[2024-11-23T17:26:25.052+0000] {processor.py:208} INFO - Processing /home/airflow/.local/lib/python3.12/site-packages/airflow/example_dags/example_sensors.py took 0.277 seconds
[2024-11-23T17:27:01.848+0000] {processor.py:186} INFO - Started process (PID=2142) to work on /home/airflow/.local/lib/python3.12/site-packages/airflow/example_dags/example_sensors.py
[2024-11-23T17:27:01.894+0000] {processor.py:914} INFO - Processing file /home/airflow/.local/lib/python3.12/site-packages/airflow/example_dags/example_sensors.py for tasks to queue
[2024-11-23T17:27:01.897+0000] {logging_mixin.py:190} INFO - [2024-11-23T17:27:01.897+0000] {dagbag.py:588} INFO - Filling up the DagBag from /home/airflow/.local/lib/python3.12/site-packages/airflow/example_dags/example_sensors.py
[2024-11-23T17:27:01.952+0000] {processor.py:925} INFO - DAG(s) 'example_sensors' retrieved from /home/airflow/.local/lib/python3.12/site-packages/airflow/example_dags/example_sensors.py
[2024-11-23T17:27:02.051+0000] {logging_mixin.py:190} INFO - [2024-11-23T17:27:02.050+0000] {dag.py:3239} INFO - Sync 1 DAGs
[2024-11-23T17:27:02.110+0000] {logging_mixin.py:190} INFO - [2024-11-23T17:27:02.110+0000] {dag.py:4180} INFO - Setting next_dagrun for example_sensors to None, run_after=None
[2024-11-23T17:27:02.226+0000] {processor.py:208} INFO - Processing /home/airflow/.local/lib/python3.12/site-packages/airflow/example_dags/example_sensors.py took 0.393 seconds
