[2024-11-23T16:34:29.704+0000] {processor.py:186} INFO - Started process (PID=204) to work on /home/airflow/.local/lib/python3.12/site-packages/airflow/example_dags/example_external_task_marker_dag.py
[2024-11-23T16:34:29.713+0000] {processor.py:914} INFO - Processing file /home/airflow/.local/lib/python3.12/site-packages/airflow/example_dags/example_external_task_marker_dag.py for tasks to queue
[2024-11-23T16:34:29.732+0000] {logging_mixin.py:190} INFO - [2024-11-23T16:34:29.730+0000] {dagbag.py:588} INFO - Filling up the DagBag from /home/airflow/.local/lib/python3.12/site-packages/airflow/example_dags/example_external_task_marker_dag.py
[2024-11-23T16:34:29.840+0000] {processor.py:925} INFO - DAG(s) 'example_external_task_marker_parent', 'example_external_task_marker_child' retrieved from /home/airflow/.local/lib/python3.12/site-packages/airflow/example_dags/example_external_task_marker_dag.py
[2024-11-23T16:34:30.079+0000] {logging_mixin.py:190} INFO - [2024-11-23T16:34:30.079+0000] {dag.py:3239} INFO - Sync 2 DAGs
[2024-11-23T16:34:30.360+0000] {logging_mixin.py:190} INFO - [2024-11-23T16:34:30.359+0000] {dag.py:4180} INFO - Setting next_dagrun for example_external_task_marker_child to None, run_after=None
[2024-11-23T16:34:30.405+0000] {logging_mixin.py:190} INFO - [2024-11-23T16:34:30.403+0000] {dag.py:4180} INFO - Setting next_dagrun for example_external_task_marker_parent to None, run_after=None
[2024-11-23T16:34:30.602+0000] {processor.py:208} INFO - Processing /home/airflow/.local/lib/python3.12/site-packages/airflow/example_dags/example_external_task_marker_dag.py took 0.969 seconds
[2024-11-23T16:40:20.023+0000] {processor.py:186} INFO - Started process (PID=160) to work on /home/airflow/.local/lib/python3.12/site-packages/airflow/example_dags/example_external_task_marker_dag.py
[2024-11-23T16:40:20.026+0000] {processor.py:914} INFO - Processing file /home/airflow/.local/lib/python3.12/site-packages/airflow/example_dags/example_external_task_marker_dag.py for tasks to queue
[2024-11-23T16:40:20.033+0000] {logging_mixin.py:190} INFO - [2024-11-23T16:40:20.032+0000] {dagbag.py:588} INFO - Filling up the DagBag from /home/airflow/.local/lib/python3.12/site-packages/airflow/example_dags/example_external_task_marker_dag.py
[2024-11-23T16:40:20.067+0000] {processor.py:925} INFO - DAG(s) 'example_external_task_marker_parent', 'example_external_task_marker_child' retrieved from /home/airflow/.local/lib/python3.12/site-packages/airflow/example_dags/example_external_task_marker_dag.py
[2024-11-23T16:40:20.168+0000] {logging_mixin.py:190} INFO - [2024-11-23T16:40:20.167+0000] {dag.py:3239} INFO - Sync 2 DAGs
[2024-11-23T16:40:20.239+0000] {logging_mixin.py:190} INFO - [2024-11-23T16:40:20.238+0000] {dag.py:4180} INFO - Setting next_dagrun for example_external_task_marker_child to None, run_after=None
[2024-11-23T16:40:20.256+0000] {logging_mixin.py:190} INFO - [2024-11-23T16:40:20.256+0000] {dag.py:4180} INFO - Setting next_dagrun for example_external_task_marker_parent to None, run_after=None
[2024-11-23T16:40:20.361+0000] {processor.py:208} INFO - Processing /home/airflow/.local/lib/python3.12/site-packages/airflow/example_dags/example_external_task_marker_dag.py took 0.357 seconds
[2024-11-23T16:41:06.754+0000] {processor.py:186} INFO - Started process (PID=234) to work on /home/airflow/.local/lib/python3.12/site-packages/airflow/example_dags/example_external_task_marker_dag.py
[2024-11-23T16:41:06.757+0000] {processor.py:914} INFO - Processing file /home/airflow/.local/lib/python3.12/site-packages/airflow/example_dags/example_external_task_marker_dag.py for tasks to queue
[2024-11-23T16:41:06.777+0000] {logging_mixin.py:190} INFO - [2024-11-23T16:41:06.776+0000] {dagbag.py:588} INFO - Filling up the DagBag from /home/airflow/.local/lib/python3.12/site-packages/airflow/example_dags/example_external_task_marker_dag.py
[2024-11-23T16:41:06.835+0000] {processor.py:925} INFO - DAG(s) 'example_external_task_marker_parent', 'example_external_task_marker_child' retrieved from /home/airflow/.local/lib/python3.12/site-packages/airflow/example_dags/example_external_task_marker_dag.py
[2024-11-23T16:41:06.971+0000] {logging_mixin.py:190} INFO - [2024-11-23T16:41:06.970+0000] {dag.py:3239} INFO - Sync 2 DAGs
[2024-11-23T16:41:07.085+0000] {logging_mixin.py:190} INFO - [2024-11-23T16:41:07.084+0000] {dag.py:4180} INFO - Setting next_dagrun for example_external_task_marker_child to None, run_after=None
[2024-11-23T16:41:07.132+0000] {logging_mixin.py:190} INFO - [2024-11-23T16:41:07.131+0000] {dag.py:4180} INFO - Setting next_dagrun for example_external_task_marker_parent to None, run_after=None
[2024-11-23T16:41:07.234+0000] {processor.py:208} INFO - Processing /home/airflow/.local/lib/python3.12/site-packages/airflow/example_dags/example_external_task_marker_dag.py took 0.500 seconds
[2024-11-23T16:41:37.381+0000] {processor.py:186} INFO - Started process (PID=300) to work on /home/airflow/.local/lib/python3.12/site-packages/airflow/example_dags/example_external_task_marker_dag.py
[2024-11-23T16:41:37.384+0000] {processor.py:914} INFO - Processing file /home/airflow/.local/lib/python3.12/site-packages/airflow/example_dags/example_external_task_marker_dag.py for tasks to queue
[2024-11-23T16:41:37.399+0000] {logging_mixin.py:190} INFO - [2024-11-23T16:41:37.398+0000] {dagbag.py:588} INFO - Filling up the DagBag from /home/airflow/.local/lib/python3.12/site-packages/airflow/example_dags/example_external_task_marker_dag.py
[2024-11-23T16:41:37.434+0000] {processor.py:925} INFO - DAG(s) 'example_external_task_marker_child', 'example_external_task_marker_parent' retrieved from /home/airflow/.local/lib/python3.12/site-packages/airflow/example_dags/example_external_task_marker_dag.py
[2024-11-23T16:41:37.505+0000] {logging_mixin.py:190} INFO - [2024-11-23T16:41:37.505+0000] {dag.py:3239} INFO - Sync 2 DAGs
[2024-11-23T16:41:37.560+0000] {logging_mixin.py:190} INFO - [2024-11-23T16:41:37.559+0000] {dag.py:4180} INFO - Setting next_dagrun for example_external_task_marker_child to None, run_after=None
[2024-11-23T16:41:37.574+0000] {logging_mixin.py:190} INFO - [2024-11-23T16:41:37.573+0000] {dag.py:4180} INFO - Setting next_dagrun for example_external_task_marker_parent to None, run_after=None
[2024-11-23T16:41:37.620+0000] {processor.py:208} INFO - Processing /home/airflow/.local/lib/python3.12/site-packages/airflow/example_dags/example_external_task_marker_dag.py took 0.262 seconds
[2024-11-23T16:42:09.511+0000] {processor.py:186} INFO - Started process (PID=366) to work on /home/airflow/.local/lib/python3.12/site-packages/airflow/example_dags/example_external_task_marker_dag.py
[2024-11-23T16:42:09.513+0000] {processor.py:914} INFO - Processing file /home/airflow/.local/lib/python3.12/site-packages/airflow/example_dags/example_external_task_marker_dag.py for tasks to queue
[2024-11-23T16:42:09.519+0000] {logging_mixin.py:190} INFO - [2024-11-23T16:42:09.518+0000] {dagbag.py:588} INFO - Filling up the DagBag from /home/airflow/.local/lib/python3.12/site-packages/airflow/example_dags/example_external_task_marker_dag.py
[2024-11-23T16:42:09.540+0000] {processor.py:925} INFO - DAG(s) 'example_external_task_marker_child', 'example_external_task_marker_parent' retrieved from /home/airflow/.local/lib/python3.12/site-packages/airflow/example_dags/example_external_task_marker_dag.py
[2024-11-23T16:42:09.639+0000] {logging_mixin.py:190} INFO - [2024-11-23T16:42:09.638+0000] {dag.py:3239} INFO - Sync 2 DAGs
[2024-11-23T16:42:09.709+0000] {logging_mixin.py:190} INFO - [2024-11-23T16:42:09.709+0000] {dag.py:4180} INFO - Setting next_dagrun for example_external_task_marker_child to None, run_after=None
[2024-11-23T16:42:09.726+0000] {logging_mixin.py:190} INFO - [2024-11-23T16:42:09.726+0000] {dag.py:4180} INFO - Setting next_dagrun for example_external_task_marker_parent to None, run_after=None
[2024-11-23T16:42:09.790+0000] {processor.py:208} INFO - Processing /home/airflow/.local/lib/python3.12/site-packages/airflow/example_dags/example_external_task_marker_dag.py took 0.299 seconds
[2024-11-23T17:02:57.691+0000] {processor.py:186} INFO - Started process (PID=158) to work on /home/airflow/.local/lib/python3.12/site-packages/airflow/example_dags/example_external_task_marker_dag.py
[2024-11-23T17:02:57.704+0000] {processor.py:914} INFO - Processing file /home/airflow/.local/lib/python3.12/site-packages/airflow/example_dags/example_external_task_marker_dag.py for tasks to queue
[2024-11-23T17:02:57.744+0000] {logging_mixin.py:190} INFO - [2024-11-23T17:02:57.741+0000] {dagbag.py:588} INFO - Filling up the DagBag from /home/airflow/.local/lib/python3.12/site-packages/airflow/example_dags/example_external_task_marker_dag.py
[2024-11-23T17:02:57.934+0000] {processor.py:925} INFO - DAG(s) 'example_external_task_marker_parent', 'example_external_task_marker_child' retrieved from /home/airflow/.local/lib/python3.12/site-packages/airflow/example_dags/example_external_task_marker_dag.py
[2024-11-23T17:02:58.640+0000] {logging_mixin.py:190} INFO - [2024-11-23T17:02:58.639+0000] {dag.py:3239} INFO - Sync 2 DAGs
[2024-11-23T17:02:59.278+0000] {logging_mixin.py:190} INFO - [2024-11-23T17:02:59.277+0000] {dag.py:4180} INFO - Setting next_dagrun for example_external_task_marker_child to None, run_after=None
[2024-11-23T17:02:59.374+0000] {logging_mixin.py:190} INFO - [2024-11-23T17:02:59.373+0000] {dag.py:4180} INFO - Setting next_dagrun for example_external_task_marker_parent to None, run_after=None
[2024-11-23T17:02:59.614+0000] {processor.py:208} INFO - Processing /home/airflow/.local/lib/python3.12/site-packages/airflow/example_dags/example_external_task_marker_dag.py took 2.009 seconds
[2024-11-23T17:03:39.833+0000] {processor.py:186} INFO - Started process (PID=224) to work on /home/airflow/.local/lib/python3.12/site-packages/airflow/example_dags/example_external_task_marker_dag.py
[2024-11-23T17:03:39.838+0000] {processor.py:914} INFO - Processing file /home/airflow/.local/lib/python3.12/site-packages/airflow/example_dags/example_external_task_marker_dag.py for tasks to queue
[2024-11-23T17:03:39.850+0000] {logging_mixin.py:190} INFO - [2024-11-23T17:03:39.849+0000] {dagbag.py:588} INFO - Filling up the DagBag from /home/airflow/.local/lib/python3.12/site-packages/airflow/example_dags/example_external_task_marker_dag.py
[2024-11-23T17:03:39.895+0000] {processor.py:925} INFO - DAG(s) 'example_external_task_marker_parent', 'example_external_task_marker_child' retrieved from /home/airflow/.local/lib/python3.12/site-packages/airflow/example_dags/example_external_task_marker_dag.py
[2024-11-23T17:03:39.977+0000] {logging_mixin.py:190} INFO - [2024-11-23T17:03:39.976+0000] {dag.py:3239} INFO - Sync 2 DAGs
[2024-11-23T17:03:40.060+0000] {logging_mixin.py:190} INFO - [2024-11-23T17:03:40.059+0000] {dag.py:4180} INFO - Setting next_dagrun for example_external_task_marker_child to None, run_after=None
[2024-11-23T17:03:40.082+0000] {logging_mixin.py:190} INFO - [2024-11-23T17:03:40.081+0000] {dag.py:4180} INFO - Setting next_dagrun for example_external_task_marker_parent to None, run_after=None
[2024-11-23T17:03:40.155+0000] {processor.py:208} INFO - Processing /home/airflow/.local/lib/python3.12/site-packages/airflow/example_dags/example_external_task_marker_dag.py took 0.343 seconds
[2024-11-23T17:04:38.722+0000] {processor.py:186} INFO - Started process (PID=308) to work on /home/airflow/.local/lib/python3.12/site-packages/airflow/example_dags/example_external_task_marker_dag.py
[2024-11-23T17:04:38.727+0000] {processor.py:914} INFO - Processing file /home/airflow/.local/lib/python3.12/site-packages/airflow/example_dags/example_external_task_marker_dag.py for tasks to queue
[2024-11-23T17:04:38.737+0000] {logging_mixin.py:190} INFO - [2024-11-23T17:04:38.736+0000] {dagbag.py:588} INFO - Filling up the DagBag from /home/airflow/.local/lib/python3.12/site-packages/airflow/example_dags/example_external_task_marker_dag.py
[2024-11-23T17:04:38.785+0000] {processor.py:925} INFO - DAG(s) 'example_external_task_marker_parent', 'example_external_task_marker_child' retrieved from /home/airflow/.local/lib/python3.12/site-packages/airflow/example_dags/example_external_task_marker_dag.py
[2024-11-23T17:04:38.977+0000] {logging_mixin.py:190} INFO - [2024-11-23T17:04:38.976+0000] {dag.py:3239} INFO - Sync 2 DAGs
[2024-11-23T17:04:39.097+0000] {logging_mixin.py:190} INFO - [2024-11-23T17:04:39.096+0000] {dag.py:4180} INFO - Setting next_dagrun for example_external_task_marker_child to None, run_after=None
[2024-11-23T17:04:39.142+0000] {logging_mixin.py:190} INFO - [2024-11-23T17:04:39.141+0000] {dag.py:4180} INFO - Setting next_dagrun for example_external_task_marker_parent to None, run_after=None
[2024-11-23T17:04:39.239+0000] {processor.py:208} INFO - Processing /home/airflow/.local/lib/python3.12/site-packages/airflow/example_dags/example_external_task_marker_dag.py took 0.545 seconds
[2024-11-23T17:05:34.762+0000] {processor.py:186} INFO - Started process (PID=380) to work on /home/airflow/.local/lib/python3.12/site-packages/airflow/example_dags/example_external_task_marker_dag.py
[2024-11-23T17:05:34.770+0000] {processor.py:914} INFO - Processing file /home/airflow/.local/lib/python3.12/site-packages/airflow/example_dags/example_external_task_marker_dag.py for tasks to queue
[2024-11-23T17:05:34.787+0000] {logging_mixin.py:190} INFO - [2024-11-23T17:05:34.786+0000] {dagbag.py:588} INFO - Filling up the DagBag from /home/airflow/.local/lib/python3.12/site-packages/airflow/example_dags/example_external_task_marker_dag.py
[2024-11-23T17:05:34.849+0000] {processor.py:925} INFO - DAG(s) 'example_external_task_marker_child', 'example_external_task_marker_parent' retrieved from /home/airflow/.local/lib/python3.12/site-packages/airflow/example_dags/example_external_task_marker_dag.py
[2024-11-23T17:05:35.203+0000] {logging_mixin.py:190} INFO - [2024-11-23T17:05:35.202+0000] {dag.py:3239} INFO - Sync 2 DAGs
[2024-11-23T17:05:35.494+0000] {logging_mixin.py:190} INFO - [2024-11-23T17:05:35.493+0000] {dag.py:4180} INFO - Setting next_dagrun for example_external_task_marker_child to None, run_after=None
[2024-11-23T17:05:35.522+0000] {logging_mixin.py:190} INFO - [2024-11-23T17:05:35.521+0000] {dag.py:4180} INFO - Setting next_dagrun for example_external_task_marker_parent to None, run_after=None
[2024-11-23T17:05:35.688+0000] {processor.py:208} INFO - Processing /home/airflow/.local/lib/python3.12/site-packages/airflow/example_dags/example_external_task_marker_dag.py took 0.951 seconds
[2024-11-23T17:06:05.947+0000] {processor.py:186} INFO - Started process (PID=445) to work on /home/airflow/.local/lib/python3.12/site-packages/airflow/example_dags/example_external_task_marker_dag.py
[2024-11-23T17:06:05.950+0000] {processor.py:914} INFO - Processing file /home/airflow/.local/lib/python3.12/site-packages/airflow/example_dags/example_external_task_marker_dag.py for tasks to queue
[2024-11-23T17:06:05.964+0000] {logging_mixin.py:190} INFO - [2024-11-23T17:06:05.955+0000] {dagbag.py:588} INFO - Filling up the DagBag from /home/airflow/.local/lib/python3.12/site-packages/airflow/example_dags/example_external_task_marker_dag.py
[2024-11-23T17:06:05.994+0000] {processor.py:925} INFO - DAG(s) 'example_external_task_marker_child', 'example_external_task_marker_parent' retrieved from /home/airflow/.local/lib/python3.12/site-packages/airflow/example_dags/example_external_task_marker_dag.py
[2024-11-23T17:06:06.073+0000] {logging_mixin.py:190} INFO - [2024-11-23T17:06:06.073+0000] {dag.py:3239} INFO - Sync 2 DAGs
[2024-11-23T17:06:06.127+0000] {logging_mixin.py:190} INFO - [2024-11-23T17:06:06.126+0000] {dag.py:4180} INFO - Setting next_dagrun for example_external_task_marker_child to None, run_after=None
[2024-11-23T17:06:06.139+0000] {logging_mixin.py:190} INFO - [2024-11-23T17:06:06.139+0000] {dag.py:4180} INFO - Setting next_dagrun for example_external_task_marker_parent to None, run_after=None
[2024-11-23T17:06:06.214+0000] {processor.py:208} INFO - Processing /home/airflow/.local/lib/python3.12/site-packages/airflow/example_dags/example_external_task_marker_dag.py took 0.289 seconds
[2024-11-23T17:07:15.239+0000] {processor.py:186} INFO - Started process (PID=517) to work on /home/airflow/.local/lib/python3.12/site-packages/airflow/example_dags/example_external_task_marker_dag.py
[2024-11-23T17:07:15.254+0000] {processor.py:914} INFO - Processing file /home/airflow/.local/lib/python3.12/site-packages/airflow/example_dags/example_external_task_marker_dag.py for tasks to queue
[2024-11-23T17:07:15.286+0000] {logging_mixin.py:190} INFO - [2024-11-23T17:07:15.280+0000] {dagbag.py:588} INFO - Filling up the DagBag from /home/airflow/.local/lib/python3.12/site-packages/airflow/example_dags/example_external_task_marker_dag.py
[2024-11-23T17:07:15.347+0000] {processor.py:925} INFO - DAG(s) 'example_external_task_marker_parent', 'example_external_task_marker_child' retrieved from /home/airflow/.local/lib/python3.12/site-packages/airflow/example_dags/example_external_task_marker_dag.py
[2024-11-23T17:07:15.499+0000] {logging_mixin.py:190} INFO - [2024-11-23T17:07:15.498+0000] {dag.py:3239} INFO - Sync 2 DAGs
[2024-11-23T17:07:15.590+0000] {logging_mixin.py:190} INFO - [2024-11-23T17:07:15.589+0000] {dag.py:4180} INFO - Setting next_dagrun for example_external_task_marker_child to None, run_after=None
[2024-11-23T17:07:15.629+0000] {logging_mixin.py:190} INFO - [2024-11-23T17:07:15.628+0000] {dag.py:4180} INFO - Setting next_dagrun for example_external_task_marker_parent to None, run_after=None
[2024-11-23T17:07:15.774+0000] {processor.py:208} INFO - Processing /home/airflow/.local/lib/python3.12/site-packages/airflow/example_dags/example_external_task_marker_dag.py took 0.571 seconds
[2024-11-23T17:07:49.116+0000] {processor.py:186} INFO - Started process (PID=583) to work on /home/airflow/.local/lib/python3.12/site-packages/airflow/example_dags/example_external_task_marker_dag.py
[2024-11-23T17:07:49.121+0000] {processor.py:914} INFO - Processing file /home/airflow/.local/lib/python3.12/site-packages/airflow/example_dags/example_external_task_marker_dag.py for tasks to queue
[2024-11-23T17:07:49.128+0000] {logging_mixin.py:190} INFO - [2024-11-23T17:07:49.128+0000] {dagbag.py:588} INFO - Filling up the DagBag from /home/airflow/.local/lib/python3.12/site-packages/airflow/example_dags/example_external_task_marker_dag.py
[2024-11-23T17:07:49.177+0000] {processor.py:925} INFO - DAG(s) 'example_external_task_marker_child', 'example_external_task_marker_parent' retrieved from /home/airflow/.local/lib/python3.12/site-packages/airflow/example_dags/example_external_task_marker_dag.py
[2024-11-23T17:07:49.334+0000] {logging_mixin.py:190} INFO - [2024-11-23T17:07:49.333+0000] {dag.py:3239} INFO - Sync 2 DAGs
[2024-11-23T17:07:49.446+0000] {logging_mixin.py:190} INFO - [2024-11-23T17:07:49.439+0000] {dag.py:4180} INFO - Setting next_dagrun for example_external_task_marker_child to None, run_after=None
[2024-11-23T17:07:49.475+0000] {logging_mixin.py:190} INFO - [2024-11-23T17:07:49.475+0000] {dag.py:4180} INFO - Setting next_dagrun for example_external_task_marker_parent to None, run_after=None
[2024-11-23T17:07:49.585+0000] {processor.py:208} INFO - Processing /home/airflow/.local/lib/python3.12/site-packages/airflow/example_dags/example_external_task_marker_dag.py took 0.501 seconds
[2024-11-23T17:08:25.991+0000] {processor.py:186} INFO - Started process (PID=650) to work on /home/airflow/.local/lib/python3.12/site-packages/airflow/example_dags/example_external_task_marker_dag.py
[2024-11-23T17:08:26.002+0000] {processor.py:914} INFO - Processing file /home/airflow/.local/lib/python3.12/site-packages/airflow/example_dags/example_external_task_marker_dag.py for tasks to queue
[2024-11-23T17:08:26.029+0000] {logging_mixin.py:190} INFO - [2024-11-23T17:08:26.028+0000] {dagbag.py:588} INFO - Filling up the DagBag from /home/airflow/.local/lib/python3.12/site-packages/airflow/example_dags/example_external_task_marker_dag.py
[2024-11-23T17:08:26.085+0000] {processor.py:925} INFO - DAG(s) 'example_external_task_marker_parent', 'example_external_task_marker_child' retrieved from /home/airflow/.local/lib/python3.12/site-packages/airflow/example_dags/example_external_task_marker_dag.py
[2024-11-23T17:08:26.884+0000] {logging_mixin.py:190} INFO - [2024-11-23T17:08:26.883+0000] {dag.py:3239} INFO - Sync 2 DAGs
[2024-11-23T17:08:26.967+0000] {logging_mixin.py:190} INFO - [2024-11-23T17:08:26.966+0000] {dag.py:4180} INFO - Setting next_dagrun for example_external_task_marker_child to None, run_after=None
[2024-11-23T17:08:26.991+0000] {logging_mixin.py:190} INFO - [2024-11-23T17:08:26.990+0000] {dag.py:4180} INFO - Setting next_dagrun for example_external_task_marker_parent to None, run_after=None
[2024-11-23T17:08:27.088+0000] {processor.py:208} INFO - Processing /home/airflow/.local/lib/python3.12/site-packages/airflow/example_dags/example_external_task_marker_dag.py took 1.128 seconds
[2024-11-23T17:09:01.934+0000] {processor.py:186} INFO - Started process (PID=716) to work on /home/airflow/.local/lib/python3.12/site-packages/airflow/example_dags/example_external_task_marker_dag.py
[2024-11-23T17:09:01.989+0000] {processor.py:914} INFO - Processing file /home/airflow/.local/lib/python3.12/site-packages/airflow/example_dags/example_external_task_marker_dag.py for tasks to queue
[2024-11-23T17:09:02.028+0000] {logging_mixin.py:190} INFO - [2024-11-23T17:09:02.011+0000] {dagbag.py:588} INFO - Filling up the DagBag from /home/airflow/.local/lib/python3.12/site-packages/airflow/example_dags/example_external_task_marker_dag.py
[2024-11-23T17:09:02.279+0000] {processor.py:925} INFO - DAG(s) 'example_external_task_marker_parent', 'example_external_task_marker_child' retrieved from /home/airflow/.local/lib/python3.12/site-packages/airflow/example_dags/example_external_task_marker_dag.py
[2024-11-23T17:09:02.412+0000] {logging_mixin.py:190} INFO - [2024-11-23T17:09:02.411+0000] {dag.py:3239} INFO - Sync 2 DAGs
[2024-11-23T17:09:02.859+0000] {logging_mixin.py:190} INFO - [2024-11-23T17:09:02.848+0000] {dag.py:4180} INFO - Setting next_dagrun for example_external_task_marker_child to None, run_after=None
[2024-11-23T17:09:02.911+0000] {logging_mixin.py:190} INFO - [2024-11-23T17:09:02.910+0000] {dag.py:4180} INFO - Setting next_dagrun for example_external_task_marker_parent to None, run_after=None
[2024-11-23T17:09:03.204+0000] {processor.py:208} INFO - Processing /home/airflow/.local/lib/python3.12/site-packages/airflow/example_dags/example_external_task_marker_dag.py took 1.403 seconds
[2024-11-23T17:10:13.916+0000] {processor.py:186} INFO - Started process (PID=788) to work on /home/airflow/.local/lib/python3.12/site-packages/airflow/example_dags/example_external_task_marker_dag.py
[2024-11-23T17:10:13.919+0000] {processor.py:914} INFO - Processing file /home/airflow/.local/lib/python3.12/site-packages/airflow/example_dags/example_external_task_marker_dag.py for tasks to queue
[2024-11-23T17:10:13.947+0000] {logging_mixin.py:190} INFO - [2024-11-23T17:10:13.947+0000] {dagbag.py:588} INFO - Filling up the DagBag from /home/airflow/.local/lib/python3.12/site-packages/airflow/example_dags/example_external_task_marker_dag.py
[2024-11-23T17:10:14.045+0000] {processor.py:925} INFO - DAG(s) 'example_external_task_marker_child', 'example_external_task_marker_parent' retrieved from /home/airflow/.local/lib/python3.12/site-packages/airflow/example_dags/example_external_task_marker_dag.py
[2024-11-23T17:10:14.720+0000] {logging_mixin.py:190} INFO - [2024-11-23T17:10:14.719+0000] {dag.py:3239} INFO - Sync 2 DAGs
[2024-11-23T17:10:14.828+0000] {logging_mixin.py:190} INFO - [2024-11-23T17:10:14.827+0000] {dag.py:4180} INFO - Setting next_dagrun for example_external_task_marker_child to None, run_after=None
[2024-11-23T17:10:14.842+0000] {logging_mixin.py:190} INFO - [2024-11-23T17:10:14.841+0000] {dag.py:4180} INFO - Setting next_dagrun for example_external_task_marker_parent to None, run_after=None
[2024-11-23T17:10:15.005+0000] {processor.py:208} INFO - Processing /home/airflow/.local/lib/python3.12/site-packages/airflow/example_dags/example_external_task_marker_dag.py took 1.429 seconds
[2024-11-23T17:10:57.249+0000] {processor.py:186} INFO - Started process (PID=854) to work on /home/airflow/.local/lib/python3.12/site-packages/airflow/example_dags/example_external_task_marker_dag.py
[2024-11-23T17:10:57.270+0000] {processor.py:914} INFO - Processing file /home/airflow/.local/lib/python3.12/site-packages/airflow/example_dags/example_external_task_marker_dag.py for tasks to queue
[2024-11-23T17:10:57.300+0000] {logging_mixin.py:190} INFO - [2024-11-23T17:10:57.299+0000] {dagbag.py:588} INFO - Filling up the DagBag from /home/airflow/.local/lib/python3.12/site-packages/airflow/example_dags/example_external_task_marker_dag.py
[2024-11-23T17:10:57.374+0000] {processor.py:925} INFO - DAG(s) 'example_external_task_marker_child', 'example_external_task_marker_parent' retrieved from /home/airflow/.local/lib/python3.12/site-packages/airflow/example_dags/example_external_task_marker_dag.py
[2024-11-23T17:10:57.577+0000] {logging_mixin.py:190} INFO - [2024-11-23T17:10:57.576+0000] {dag.py:3239} INFO - Sync 2 DAGs
[2024-11-23T17:10:57.684+0000] {logging_mixin.py:190} INFO - [2024-11-23T17:10:57.684+0000] {dag.py:4180} INFO - Setting next_dagrun for example_external_task_marker_child to None, run_after=None
[2024-11-23T17:10:57.716+0000] {logging_mixin.py:190} INFO - [2024-11-23T17:10:57.716+0000] {dag.py:4180} INFO - Setting next_dagrun for example_external_task_marker_parent to None, run_after=None
[2024-11-23T17:10:57.795+0000] {processor.py:208} INFO - Processing /home/airflow/.local/lib/python3.12/site-packages/airflow/example_dags/example_external_task_marker_dag.py took 0.603 seconds
[2024-11-23T17:11:30.098+0000] {processor.py:186} INFO - Started process (PID=921) to work on /home/airflow/.local/lib/python3.12/site-packages/airflow/example_dags/example_external_task_marker_dag.py
[2024-11-23T17:11:30.100+0000] {processor.py:914} INFO - Processing file /home/airflow/.local/lib/python3.12/site-packages/airflow/example_dags/example_external_task_marker_dag.py for tasks to queue
[2024-11-23T17:11:30.106+0000] {logging_mixin.py:190} INFO - [2024-11-23T17:11:30.105+0000] {dagbag.py:588} INFO - Filling up the DagBag from /home/airflow/.local/lib/python3.12/site-packages/airflow/example_dags/example_external_task_marker_dag.py
[2024-11-23T17:11:30.142+0000] {processor.py:925} INFO - DAG(s) 'example_external_task_marker_parent', 'example_external_task_marker_child' retrieved from /home/airflow/.local/lib/python3.12/site-packages/airflow/example_dags/example_external_task_marker_dag.py
[2024-11-23T17:11:30.239+0000] {logging_mixin.py:190} INFO - [2024-11-23T17:11:30.238+0000] {dag.py:3239} INFO - Sync 2 DAGs
[2024-11-23T17:11:30.327+0000] {logging_mixin.py:190} INFO - [2024-11-23T17:11:30.326+0000] {dag.py:4180} INFO - Setting next_dagrun for example_external_task_marker_child to None, run_after=None
[2024-11-23T17:11:30.346+0000] {logging_mixin.py:190} INFO - [2024-11-23T17:11:30.345+0000] {dag.py:4180} INFO - Setting next_dagrun for example_external_task_marker_parent to None, run_after=None
[2024-11-23T17:11:30.433+0000] {processor.py:208} INFO - Processing /home/airflow/.local/lib/python3.12/site-packages/airflow/example_dags/example_external_task_marker_dag.py took 0.353 seconds
[2024-11-23T17:12:00.807+0000] {processor.py:186} INFO - Started process (PID=987) to work on /home/airflow/.local/lib/python3.12/site-packages/airflow/example_dags/example_external_task_marker_dag.py
[2024-11-23T17:12:00.810+0000] {processor.py:914} INFO - Processing file /home/airflow/.local/lib/python3.12/site-packages/airflow/example_dags/example_external_task_marker_dag.py for tasks to queue
[2024-11-23T17:12:00.817+0000] {logging_mixin.py:190} INFO - [2024-11-23T17:12:00.817+0000] {dagbag.py:588} INFO - Filling up the DagBag from /home/airflow/.local/lib/python3.12/site-packages/airflow/example_dags/example_external_task_marker_dag.py
[2024-11-23T17:12:00.855+0000] {processor.py:925} INFO - DAG(s) 'example_external_task_marker_parent', 'example_external_task_marker_child' retrieved from /home/airflow/.local/lib/python3.12/site-packages/airflow/example_dags/example_external_task_marker_dag.py
[2024-11-23T17:12:00.958+0000] {logging_mixin.py:190} INFO - [2024-11-23T17:12:00.956+0000] {dag.py:3239} INFO - Sync 2 DAGs
[2024-11-23T17:12:01.051+0000] {logging_mixin.py:190} INFO - [2024-11-23T17:12:01.049+0000] {dag.py:4180} INFO - Setting next_dagrun for example_external_task_marker_child to None, run_after=None
[2024-11-23T17:12:01.094+0000] {logging_mixin.py:190} INFO - [2024-11-23T17:12:01.093+0000] {dag.py:4180} INFO - Setting next_dagrun for example_external_task_marker_parent to None, run_after=None
[2024-11-23T17:12:01.193+0000] {processor.py:208} INFO - Processing /home/airflow/.local/lib/python3.12/site-packages/airflow/example_dags/example_external_task_marker_dag.py took 0.407 seconds
[2024-11-23T17:12:42.023+0000] {processor.py:186} INFO - Started process (PID=1043) to work on /home/airflow/.local/lib/python3.12/site-packages/airflow/example_dags/example_external_task_marker_dag.py
[2024-11-23T17:12:42.031+0000] {processor.py:914} INFO - Processing file /home/airflow/.local/lib/python3.12/site-packages/airflow/example_dags/example_external_task_marker_dag.py for tasks to queue
[2024-11-23T17:12:42.052+0000] {logging_mixin.py:190} INFO - [2024-11-23T17:12:42.050+0000] {dagbag.py:588} INFO - Filling up the DagBag from /home/airflow/.local/lib/python3.12/site-packages/airflow/example_dags/example_external_task_marker_dag.py
[2024-11-23T17:12:42.103+0000] {processor.py:925} INFO - DAG(s) 'example_external_task_marker_child', 'example_external_task_marker_parent' retrieved from /home/airflow/.local/lib/python3.12/site-packages/airflow/example_dags/example_external_task_marker_dag.py
[2024-11-23T17:12:42.257+0000] {logging_mixin.py:190} INFO - [2024-11-23T17:12:42.256+0000] {dag.py:3239} INFO - Sync 2 DAGs
[2024-11-23T17:12:42.373+0000] {logging_mixin.py:190} INFO - [2024-11-23T17:12:42.372+0000] {dag.py:4180} INFO - Setting next_dagrun for example_external_task_marker_child to None, run_after=None
[2024-11-23T17:12:42.408+0000] {logging_mixin.py:190} INFO - [2024-11-23T17:12:42.407+0000] {dag.py:4180} INFO - Setting next_dagrun for example_external_task_marker_parent to None, run_after=None
[2024-11-23T17:12:42.513+0000] {processor.py:208} INFO - Processing /home/airflow/.local/lib/python3.12/site-packages/airflow/example_dags/example_external_task_marker_dag.py took 0.525 seconds
[2024-11-23T17:13:35.771+0000] {processor.py:186} INFO - Started process (PID=1115) to work on /home/airflow/.local/lib/python3.12/site-packages/airflow/example_dags/example_external_task_marker_dag.py
[2024-11-23T17:13:35.800+0000] {processor.py:914} INFO - Processing file /home/airflow/.local/lib/python3.12/site-packages/airflow/example_dags/example_external_task_marker_dag.py for tasks to queue
[2024-11-23T17:13:36.436+0000] {logging_mixin.py:190} INFO - [2024-11-23T17:13:36.423+0000] {dagbag.py:588} INFO - Filling up the DagBag from /home/airflow/.local/lib/python3.12/site-packages/airflow/example_dags/example_external_task_marker_dag.py
[2024-11-23T17:13:36.950+0000] {processor.py:925} INFO - DAG(s) 'example_external_task_marker_parent', 'example_external_task_marker_child' retrieved from /home/airflow/.local/lib/python3.12/site-packages/airflow/example_dags/example_external_task_marker_dag.py
[2024-11-23T17:13:37.874+0000] {logging_mixin.py:190} INFO - [2024-11-23T17:13:37.874+0000] {dag.py:3239} INFO - Sync 2 DAGs
[2024-11-23T17:13:41.140+0000] {logging_mixin.py:190} INFO - [2024-11-23T17:13:41.139+0000] {dag.py:4180} INFO - Setting next_dagrun for example_external_task_marker_child to None, run_after=None
[2024-11-23T17:13:41.153+0000] {logging_mixin.py:190} INFO - [2024-11-23T17:13:41.153+0000] {dag.py:4180} INFO - Setting next_dagrun for example_external_task_marker_parent to None, run_after=None
[2024-11-23T17:13:41.277+0000] {processor.py:208} INFO - Processing /home/airflow/.local/lib/python3.12/site-packages/airflow/example_dags/example_external_task_marker_dag.py took 5.589 seconds
[2024-11-23T17:14:13.396+0000] {processor.py:186} INFO - Started process (PID=1181) to work on /home/airflow/.local/lib/python3.12/site-packages/airflow/example_dags/example_external_task_marker_dag.py
[2024-11-23T17:14:13.400+0000] {processor.py:914} INFO - Processing file /home/airflow/.local/lib/python3.12/site-packages/airflow/example_dags/example_external_task_marker_dag.py for tasks to queue
[2024-11-23T17:14:13.409+0000] {logging_mixin.py:190} INFO - [2024-11-23T17:14:13.405+0000] {dagbag.py:588} INFO - Filling up the DagBag from /home/airflow/.local/lib/python3.12/site-packages/airflow/example_dags/example_external_task_marker_dag.py
[2024-11-23T17:14:13.439+0000] {processor.py:925} INFO - DAG(s) 'example_external_task_marker_child', 'example_external_task_marker_parent' retrieved from /home/airflow/.local/lib/python3.12/site-packages/airflow/example_dags/example_external_task_marker_dag.py
[2024-11-23T17:14:13.535+0000] {logging_mixin.py:190} INFO - [2024-11-23T17:14:13.535+0000] {dag.py:3239} INFO - Sync 2 DAGs
[2024-11-23T17:14:13.706+0000] {logging_mixin.py:190} INFO - [2024-11-23T17:14:13.706+0000] {dag.py:4180} INFO - Setting next_dagrun for example_external_task_marker_child to None, run_after=None
[2024-11-23T17:14:13.713+0000] {logging_mixin.py:190} INFO - [2024-11-23T17:14:13.712+0000] {dag.py:4180} INFO - Setting next_dagrun for example_external_task_marker_parent to None, run_after=None
[2024-11-23T17:14:13.992+0000] {processor.py:208} INFO - Processing /home/airflow/.local/lib/python3.12/site-packages/airflow/example_dags/example_external_task_marker_dag.py took 0.625 seconds
[2024-11-23T17:15:01.601+0000] {processor.py:186} INFO - Started process (PID=1260) to work on /home/airflow/.local/lib/python3.12/site-packages/airflow/example_dags/example_external_task_marker_dag.py
[2024-11-23T17:15:01.620+0000] {processor.py:914} INFO - Processing file /home/airflow/.local/lib/python3.12/site-packages/airflow/example_dags/example_external_task_marker_dag.py for tasks to queue
[2024-11-23T17:15:01.661+0000] {logging_mixin.py:190} INFO - [2024-11-23T17:15:01.659+0000] {dagbag.py:588} INFO - Filling up the DagBag from /home/airflow/.local/lib/python3.12/site-packages/airflow/example_dags/example_external_task_marker_dag.py
[2024-11-23T17:15:01.779+0000] {processor.py:925} INFO - DAG(s) 'example_external_task_marker_child', 'example_external_task_marker_parent' retrieved from /home/airflow/.local/lib/python3.12/site-packages/airflow/example_dags/example_external_task_marker_dag.py
[2024-11-23T17:15:02.003+0000] {logging_mixin.py:190} INFO - [2024-11-23T17:15:02.001+0000] {dag.py:3239} INFO - Sync 2 DAGs
[2024-11-23T17:15:02.074+0000] {logging_mixin.py:190} INFO - [2024-11-23T17:15:02.073+0000] {dag.py:4180} INFO - Setting next_dagrun for example_external_task_marker_child to None, run_after=None
[2024-11-23T17:15:02.090+0000] {logging_mixin.py:190} INFO - [2024-11-23T17:15:02.089+0000] {dag.py:4180} INFO - Setting next_dagrun for example_external_task_marker_parent to None, run_after=None
[2024-11-23T17:15:02.210+0000] {processor.py:208} INFO - Processing /home/airflow/.local/lib/python3.12/site-packages/airflow/example_dags/example_external_task_marker_dag.py took 0.638 seconds
[2024-11-23T17:15:32.521+0000] {processor.py:186} INFO - Started process (PID=1326) to work on /home/airflow/.local/lib/python3.12/site-packages/airflow/example_dags/example_external_task_marker_dag.py
[2024-11-23T17:15:32.529+0000] {processor.py:914} INFO - Processing file /home/airflow/.local/lib/python3.12/site-packages/airflow/example_dags/example_external_task_marker_dag.py for tasks to queue
[2024-11-23T17:15:32.535+0000] {logging_mixin.py:190} INFO - [2024-11-23T17:15:32.534+0000] {dagbag.py:588} INFO - Filling up the DagBag from /home/airflow/.local/lib/python3.12/site-packages/airflow/example_dags/example_external_task_marker_dag.py
[2024-11-23T17:15:32.581+0000] {processor.py:925} INFO - DAG(s) 'example_external_task_marker_parent', 'example_external_task_marker_child' retrieved from /home/airflow/.local/lib/python3.12/site-packages/airflow/example_dags/example_external_task_marker_dag.py
[2024-11-23T17:15:32.682+0000] {logging_mixin.py:190} INFO - [2024-11-23T17:15:32.681+0000] {dag.py:3239} INFO - Sync 2 DAGs
[2024-11-23T17:15:32.799+0000] {logging_mixin.py:190} INFO - [2024-11-23T17:15:32.798+0000] {dag.py:4180} INFO - Setting next_dagrun for example_external_task_marker_child to None, run_after=None
[2024-11-23T17:15:32.822+0000] {logging_mixin.py:190} INFO - [2024-11-23T17:15:32.821+0000] {dag.py:4180} INFO - Setting next_dagrun for example_external_task_marker_parent to None, run_after=None
[2024-11-23T17:15:32.911+0000] {processor.py:208} INFO - Processing /home/airflow/.local/lib/python3.12/site-packages/airflow/example_dags/example_external_task_marker_dag.py took 0.422 seconds
[2024-11-23T17:16:13.639+0000] {processor.py:186} INFO - Started process (PID=1392) to work on /home/airflow/.local/lib/python3.12/site-packages/airflow/example_dags/example_external_task_marker_dag.py
[2024-11-23T17:16:13.643+0000] {processor.py:914} INFO - Processing file /home/airflow/.local/lib/python3.12/site-packages/airflow/example_dags/example_external_task_marker_dag.py for tasks to queue
[2024-11-23T17:16:13.676+0000] {logging_mixin.py:190} INFO - [2024-11-23T17:16:13.675+0000] {dagbag.py:588} INFO - Filling up the DagBag from /home/airflow/.local/lib/python3.12/site-packages/airflow/example_dags/example_external_task_marker_dag.py
[2024-11-23T17:16:13.754+0000] {processor.py:925} INFO - DAG(s) 'example_external_task_marker_parent', 'example_external_task_marker_child' retrieved from /home/airflow/.local/lib/python3.12/site-packages/airflow/example_dags/example_external_task_marker_dag.py
[2024-11-23T17:16:13.866+0000] {logging_mixin.py:190} INFO - [2024-11-23T17:16:13.865+0000] {dag.py:3239} INFO - Sync 2 DAGs
[2024-11-23T17:16:13.924+0000] {logging_mixin.py:190} INFO - [2024-11-23T17:16:13.920+0000] {dag.py:4180} INFO - Setting next_dagrun for example_external_task_marker_child to None, run_after=None
[2024-11-23T17:16:13.957+0000] {logging_mixin.py:190} INFO - [2024-11-23T17:16:13.957+0000] {dag.py:4180} INFO - Setting next_dagrun for example_external_task_marker_parent to None, run_after=None
[2024-11-23T17:16:14.020+0000] {processor.py:208} INFO - Processing /home/airflow/.local/lib/python3.12/site-packages/airflow/example_dags/example_external_task_marker_dag.py took 0.434 seconds
[2024-11-23T17:16:52.822+0000] {processor.py:186} INFO - Started process (PID=1461) to work on /home/airflow/.local/lib/python3.12/site-packages/airflow/example_dags/example_external_task_marker_dag.py
[2024-11-23T17:16:52.827+0000] {processor.py:914} INFO - Processing file /home/airflow/.local/lib/python3.12/site-packages/airflow/example_dags/example_external_task_marker_dag.py for tasks to queue
[2024-11-23T17:16:52.835+0000] {logging_mixin.py:190} INFO - [2024-11-23T17:16:52.833+0000] {dagbag.py:588} INFO - Filling up the DagBag from /home/airflow/.local/lib/python3.12/site-packages/airflow/example_dags/example_external_task_marker_dag.py
[2024-11-23T17:16:52.883+0000] {processor.py:925} INFO - DAG(s) 'example_external_task_marker_parent', 'example_external_task_marker_child' retrieved from /home/airflow/.local/lib/python3.12/site-packages/airflow/example_dags/example_external_task_marker_dag.py
[2024-11-23T17:16:53.017+0000] {logging_mixin.py:190} INFO - [2024-11-23T17:16:53.016+0000] {dag.py:3239} INFO - Sync 2 DAGs
[2024-11-23T17:16:53.126+0000] {logging_mixin.py:190} INFO - [2024-11-23T17:16:53.125+0000] {dag.py:4180} INFO - Setting next_dagrun for example_external_task_marker_child to None, run_after=None
[2024-11-23T17:16:53.164+0000] {logging_mixin.py:190} INFO - [2024-11-23T17:16:53.163+0000] {dag.py:4180} INFO - Setting next_dagrun for example_external_task_marker_parent to None, run_after=None
[2024-11-23T17:16:53.264+0000] {processor.py:208} INFO - Processing /home/airflow/.local/lib/python3.12/site-packages/airflow/example_dags/example_external_task_marker_dag.py took 0.464 seconds
[2024-11-23T17:17:25.497+0000] {processor.py:186} INFO - Started process (PID=1526) to work on /home/airflow/.local/lib/python3.12/site-packages/airflow/example_dags/example_external_task_marker_dag.py
[2024-11-23T17:17:25.512+0000] {processor.py:914} INFO - Processing file /home/airflow/.local/lib/python3.12/site-packages/airflow/example_dags/example_external_task_marker_dag.py for tasks to queue
[2024-11-23T17:17:25.520+0000] {logging_mixin.py:190} INFO - [2024-11-23T17:17:25.519+0000] {dagbag.py:588} INFO - Filling up the DagBag from /home/airflow/.local/lib/python3.12/site-packages/airflow/example_dags/example_external_task_marker_dag.py
[2024-11-23T17:17:25.569+0000] {processor.py:925} INFO - DAG(s) 'example_external_task_marker_child', 'example_external_task_marker_parent' retrieved from /home/airflow/.local/lib/python3.12/site-packages/airflow/example_dags/example_external_task_marker_dag.py
[2024-11-23T17:17:25.669+0000] {logging_mixin.py:190} INFO - [2024-11-23T17:17:25.668+0000] {dag.py:3239} INFO - Sync 2 DAGs
[2024-11-23T17:17:25.750+0000] {logging_mixin.py:190} INFO - [2024-11-23T17:17:25.748+0000] {dag.py:4180} INFO - Setting next_dagrun for example_external_task_marker_child to None, run_after=None
[2024-11-23T17:17:25.760+0000] {logging_mixin.py:190} INFO - [2024-11-23T17:17:25.760+0000] {dag.py:4180} INFO - Setting next_dagrun for example_external_task_marker_parent to None, run_after=None
[2024-11-23T17:17:25.817+0000] {processor.py:208} INFO - Processing /home/airflow/.local/lib/python3.12/site-packages/airflow/example_dags/example_external_task_marker_dag.py took 0.347 seconds
[2024-11-23T17:18:06.098+0000] {processor.py:186} INFO - Started process (PID=1602) to work on /home/airflow/.local/lib/python3.12/site-packages/airflow/example_dags/example_external_task_marker_dag.py
[2024-11-23T17:18:06.104+0000] {processor.py:914} INFO - Processing file /home/airflow/.local/lib/python3.12/site-packages/airflow/example_dags/example_external_task_marker_dag.py for tasks to queue
[2024-11-23T17:18:06.122+0000] {logging_mixin.py:190} INFO - [2024-11-23T17:18:06.121+0000] {dagbag.py:588} INFO - Filling up the DagBag from /home/airflow/.local/lib/python3.12/site-packages/airflow/example_dags/example_external_task_marker_dag.py
[2024-11-23T17:18:06.193+0000] {processor.py:925} INFO - DAG(s) 'example_external_task_marker_child', 'example_external_task_marker_parent' retrieved from /home/airflow/.local/lib/python3.12/site-packages/airflow/example_dags/example_external_task_marker_dag.py
[2024-11-23T17:18:06.350+0000] {logging_mixin.py:190} INFO - [2024-11-23T17:18:06.349+0000] {dag.py:3239} INFO - Sync 2 DAGs
[2024-11-23T17:18:06.452+0000] {logging_mixin.py:190} INFO - [2024-11-23T17:18:06.452+0000] {dag.py:4180} INFO - Setting next_dagrun for example_external_task_marker_child to None, run_after=None
[2024-11-23T17:18:06.473+0000] {logging_mixin.py:190} INFO - [2024-11-23T17:18:06.472+0000] {dag.py:4180} INFO - Setting next_dagrun for example_external_task_marker_parent to None, run_after=None
[2024-11-23T17:18:06.588+0000] {processor.py:208} INFO - Processing /home/airflow/.local/lib/python3.12/site-packages/airflow/example_dags/example_external_task_marker_dag.py took 0.518 seconds
[2024-11-23T17:18:40.345+0000] {processor.py:186} INFO - Started process (PID=1667) to work on /home/airflow/.local/lib/python3.12/site-packages/airflow/example_dags/example_external_task_marker_dag.py
[2024-11-23T17:18:40.367+0000] {processor.py:914} INFO - Processing file /home/airflow/.local/lib/python3.12/site-packages/airflow/example_dags/example_external_task_marker_dag.py for tasks to queue
[2024-11-23T17:18:40.381+0000] {logging_mixin.py:190} INFO - [2024-11-23T17:18:40.380+0000] {dagbag.py:588} INFO - Filling up the DagBag from /home/airflow/.local/lib/python3.12/site-packages/airflow/example_dags/example_external_task_marker_dag.py
[2024-11-23T17:18:40.447+0000] {processor.py:925} INFO - DAG(s) 'example_external_task_marker_parent', 'example_external_task_marker_child' retrieved from /home/airflow/.local/lib/python3.12/site-packages/airflow/example_dags/example_external_task_marker_dag.py
[2024-11-23T17:18:40.630+0000] {logging_mixin.py:190} INFO - [2024-11-23T17:18:40.630+0000] {dag.py:3239} INFO - Sync 2 DAGs
[2024-11-23T17:18:40.776+0000] {logging_mixin.py:190} INFO - [2024-11-23T17:18:40.775+0000] {dag.py:4180} INFO - Setting next_dagrun for example_external_task_marker_child to None, run_after=None
[2024-11-23T17:18:40.798+0000] {logging_mixin.py:190} INFO - [2024-11-23T17:18:40.792+0000] {dag.py:4180} INFO - Setting next_dagrun for example_external_task_marker_parent to None, run_after=None
[2024-11-23T17:18:40.880+0000] {processor.py:208} INFO - Processing /home/airflow/.local/lib/python3.12/site-packages/airflow/example_dags/example_external_task_marker_dag.py took 0.572 seconds
[2024-11-23T17:19:24.157+0000] {processor.py:186} INFO - Started process (PID=1744) to work on /home/airflow/.local/lib/python3.12/site-packages/airflow/example_dags/example_external_task_marker_dag.py
[2024-11-23T17:19:24.162+0000] {processor.py:914} INFO - Processing file /home/airflow/.local/lib/python3.12/site-packages/airflow/example_dags/example_external_task_marker_dag.py for tasks to queue
[2024-11-23T17:19:24.176+0000] {logging_mixin.py:190} INFO - [2024-11-23T17:19:24.171+0000] {dagbag.py:588} INFO - Filling up the DagBag from /home/airflow/.local/lib/python3.12/site-packages/airflow/example_dags/example_external_task_marker_dag.py
[2024-11-23T17:19:24.219+0000] {processor.py:925} INFO - DAG(s) 'example_external_task_marker_parent', 'example_external_task_marker_child' retrieved from /home/airflow/.local/lib/python3.12/site-packages/airflow/example_dags/example_external_task_marker_dag.py
[2024-11-23T17:19:24.328+0000] {logging_mixin.py:190} INFO - [2024-11-23T17:19:24.327+0000] {dag.py:3239} INFO - Sync 2 DAGs
[2024-11-23T17:19:24.409+0000] {logging_mixin.py:190} INFO - [2024-11-23T17:19:24.405+0000] {dag.py:4180} INFO - Setting next_dagrun for example_external_task_marker_child to None, run_after=None
[2024-11-23T17:19:24.449+0000] {logging_mixin.py:190} INFO - [2024-11-23T17:19:24.449+0000] {dag.py:4180} INFO - Setting next_dagrun for example_external_task_marker_parent to None, run_after=None
[2024-11-23T17:19:24.526+0000] {processor.py:208} INFO - Processing /home/airflow/.local/lib/python3.12/site-packages/airflow/example_dags/example_external_task_marker_dag.py took 0.395 seconds
[2024-11-23T17:22:02.122+0000] {processor.py:186} INFO - Started process (PID=1841) to work on /home/airflow/.local/lib/python3.12/site-packages/airflow/example_dags/example_external_task_marker_dag.py
[2024-11-23T17:22:02.131+0000] {processor.py:914} INFO - Processing file /home/airflow/.local/lib/python3.12/site-packages/airflow/example_dags/example_external_task_marker_dag.py for tasks to queue
[2024-11-23T17:22:02.139+0000] {logging_mixin.py:190} INFO - [2024-11-23T17:22:02.138+0000] {dagbag.py:588} INFO - Filling up the DagBag from /home/airflow/.local/lib/python3.12/site-packages/airflow/example_dags/example_external_task_marker_dag.py
[2024-11-23T17:22:03.204+0000] {processor.py:925} INFO - DAG(s) 'example_external_task_marker_child', 'example_external_task_marker_parent' retrieved from /home/airflow/.local/lib/python3.12/site-packages/airflow/example_dags/example_external_task_marker_dag.py
[2024-11-23T17:22:03.569+0000] {logging_mixin.py:190} INFO - [2024-11-23T17:22:03.568+0000] {dag.py:3239} INFO - Sync 2 DAGs
[2024-11-23T17:22:04.286+0000] {logging_mixin.py:190} INFO - [2024-11-23T17:22:04.285+0000] {dag.py:4180} INFO - Setting next_dagrun for example_external_task_marker_child to None, run_after=None
[2024-11-23T17:22:04.460+0000] {logging_mixin.py:190} INFO - [2024-11-23T17:22:04.454+0000] {dag.py:4180} INFO - Setting next_dagrun for example_external_task_marker_parent to None, run_after=None
[2024-11-23T17:22:05.114+0000] {processor.py:208} INFO - Processing /home/airflow/.local/lib/python3.12/site-packages/airflow/example_dags/example_external_task_marker_dag.py took 3.330 seconds
[2024-11-23T17:23:36.922+0000] {processor.py:186} INFO - Started process (PID=1932) to work on /home/airflow/.local/lib/python3.12/site-packages/airflow/example_dags/example_external_task_marker_dag.py
[2024-11-23T17:23:36.995+0000] {processor.py:914} INFO - Processing file /home/airflow/.local/lib/python3.12/site-packages/airflow/example_dags/example_external_task_marker_dag.py for tasks to queue
[2024-11-23T17:23:37.001+0000] {logging_mixin.py:190} INFO - [2024-11-23T17:23:37.000+0000] {dagbag.py:588} INFO - Filling up the DagBag from /home/airflow/.local/lib/python3.12/site-packages/airflow/example_dags/example_external_task_marker_dag.py
[2024-11-23T17:23:37.057+0000] {processor.py:925} INFO - DAG(s) 'example_external_task_marker_parent', 'example_external_task_marker_child' retrieved from /home/airflow/.local/lib/python3.12/site-packages/airflow/example_dags/example_external_task_marker_dag.py
[2024-11-23T17:23:37.129+0000] {logging_mixin.py:190} INFO - [2024-11-23T17:23:37.128+0000] {dag.py:3239} INFO - Sync 2 DAGs
[2024-11-23T17:23:37.173+0000] {logging_mixin.py:190} INFO - [2024-11-23T17:23:37.173+0000] {dag.py:4180} INFO - Setting next_dagrun for example_external_task_marker_child to None, run_after=None
[2024-11-23T17:23:37.180+0000] {logging_mixin.py:190} INFO - [2024-11-23T17:23:37.180+0000] {dag.py:4180} INFO - Setting next_dagrun for example_external_task_marker_parent to None, run_after=None
[2024-11-23T17:23:37.326+0000] {processor.py:208} INFO - Processing /home/airflow/.local/lib/python3.12/site-packages/airflow/example_dags/example_external_task_marker_dag.py took 0.418 seconds
[2024-11-23T17:25:32.734+0000] {processor.py:186} INFO - Started process (PID=2017) to work on /home/airflow/.local/lib/python3.12/site-packages/airflow/example_dags/example_external_task_marker_dag.py
[2024-11-23T17:25:32.748+0000] {processor.py:914} INFO - Processing file /home/airflow/.local/lib/python3.12/site-packages/airflow/example_dags/example_external_task_marker_dag.py for tasks to queue
[2024-11-23T17:25:32.752+0000] {logging_mixin.py:190} INFO - [2024-11-23T17:25:32.751+0000] {dagbag.py:588} INFO - Filling up the DagBag from /home/airflow/.local/lib/python3.12/site-packages/airflow/example_dags/example_external_task_marker_dag.py
[2024-11-23T17:25:32.789+0000] {processor.py:925} INFO - DAG(s) 'example_external_task_marker_parent', 'example_external_task_marker_child' retrieved from /home/airflow/.local/lib/python3.12/site-packages/airflow/example_dags/example_external_task_marker_dag.py
[2024-11-23T17:25:33.199+0000] {logging_mixin.py:190} INFO - [2024-11-23T17:25:33.198+0000] {dag.py:3239} INFO - Sync 2 DAGs
[2024-11-23T17:25:33.222+0000] {logging_mixin.py:190} INFO - [2024-11-23T17:25:33.221+0000] {dag.py:4180} INFO - Setting next_dagrun for example_external_task_marker_child to None, run_after=None
[2024-11-23T17:25:33.264+0000] {logging_mixin.py:190} INFO - [2024-11-23T17:25:33.263+0000] {dag.py:4180} INFO - Setting next_dagrun for example_external_task_marker_parent to None, run_after=None
[2024-11-23T17:25:33.293+0000] {processor.py:208} INFO - Processing /home/airflow/.local/lib/python3.12/site-packages/airflow/example_dags/example_external_task_marker_dag.py took 0.579 seconds
[2024-11-23T17:26:25.692+0000] {processor.py:186} INFO - Started process (PID=2083) to work on /home/airflow/.local/lib/python3.12/site-packages/airflow/example_dags/example_external_task_marker_dag.py
[2024-11-23T17:26:25.719+0000] {processor.py:914} INFO - Processing file /home/airflow/.local/lib/python3.12/site-packages/airflow/example_dags/example_external_task_marker_dag.py for tasks to queue
[2024-11-23T17:26:25.727+0000] {logging_mixin.py:190} INFO - [2024-11-23T17:26:25.725+0000] {dagbag.py:588} INFO - Filling up the DagBag from /home/airflow/.local/lib/python3.12/site-packages/airflow/example_dags/example_external_task_marker_dag.py
[2024-11-23T17:26:25.787+0000] {processor.py:925} INFO - DAG(s) 'example_external_task_marker_parent', 'example_external_task_marker_child' retrieved from /home/airflow/.local/lib/python3.12/site-packages/airflow/example_dags/example_external_task_marker_dag.py
[2024-11-23T17:26:25.938+0000] {logging_mixin.py:190} INFO - [2024-11-23T17:26:25.937+0000] {dag.py:3239} INFO - Sync 2 DAGs
[2024-11-23T17:26:26.043+0000] {logging_mixin.py:190} INFO - [2024-11-23T17:26:26.043+0000] {dag.py:4180} INFO - Setting next_dagrun for example_external_task_marker_child to None, run_after=None
[2024-11-23T17:26:26.068+0000] {logging_mixin.py:190} INFO - [2024-11-23T17:26:26.067+0000] {dag.py:4180} INFO - Setting next_dagrun for example_external_task_marker_parent to None, run_after=None
[2024-11-23T17:26:26.173+0000] {processor.py:208} INFO - Processing /home/airflow/.local/lib/python3.12/site-packages/airflow/example_dags/example_external_task_marker_dag.py took 0.515 seconds
[2024-11-23T17:27:03.401+0000] {processor.py:186} INFO - Started process (PID=2152) to work on /home/airflow/.local/lib/python3.12/site-packages/airflow/example_dags/example_external_task_marker_dag.py
[2024-11-23T17:27:03.422+0000] {processor.py:914} INFO - Processing file /home/airflow/.local/lib/python3.12/site-packages/airflow/example_dags/example_external_task_marker_dag.py for tasks to queue
[2024-11-23T17:27:03.426+0000] {logging_mixin.py:190} INFO - [2024-11-23T17:27:03.425+0000] {dagbag.py:588} INFO - Filling up the DagBag from /home/airflow/.local/lib/python3.12/site-packages/airflow/example_dags/example_external_task_marker_dag.py
[2024-11-23T17:27:03.464+0000] {processor.py:925} INFO - DAG(s) 'example_external_task_marker_parent', 'example_external_task_marker_child' retrieved from /home/airflow/.local/lib/python3.12/site-packages/airflow/example_dags/example_external_task_marker_dag.py
[2024-11-23T17:27:03.576+0000] {logging_mixin.py:190} INFO - [2024-11-23T17:27:03.576+0000] {dag.py:3239} INFO - Sync 2 DAGs
[2024-11-23T17:27:03.680+0000] {logging_mixin.py:190} INFO - [2024-11-23T17:27:03.679+0000] {dag.py:4180} INFO - Setting next_dagrun for example_external_task_marker_child to None, run_after=None
[2024-11-23T17:27:03.701+0000] {logging_mixin.py:190} INFO - [2024-11-23T17:27:03.701+0000] {dag.py:4180} INFO - Setting next_dagrun for example_external_task_marker_parent to None, run_after=None
[2024-11-23T17:27:03.850+0000] {processor.py:208} INFO - Processing /home/airflow/.local/lib/python3.12/site-packages/airflow/example_dags/example_external_task_marker_dag.py took 0.472 seconds
