[2024-11-23T16:40:28.044+0000] {processor.py:186} INFO - Started process (PID=181) to work on /home/airflow/.local/lib/python3.12/site-packages/airflow/example_dags/example_task_group.py
[2024-11-23T16:40:28.082+0000] {processor.py:914} INFO - Processing file /home/airflow/.local/lib/python3.12/site-packages/airflow/example_dags/example_task_group.py for tasks to queue
[2024-11-23T16:40:28.143+0000] {logging_mixin.py:190} INFO - [2024-11-23T16:40:28.134+0000] {dagbag.py:588} INFO - Filling up the DagBag from /home/airflow/.local/lib/python3.12/site-packages/airflow/example_dags/example_task_group.py
[2024-11-23T16:40:28.256+0000] {processor.py:925} INFO - DAG(s) 'example_task_group' retrieved from /home/airflow/.local/lib/python3.12/site-packages/airflow/example_dags/example_task_group.py
[2024-11-23T16:40:28.780+0000] {logging_mixin.py:190} INFO - [2024-11-23T16:40:28.779+0000] {dag.py:3239} INFO - Sync 1 DAGs
[2024-11-23T16:40:28.866+0000] {logging_mixin.py:190} INFO - [2024-11-23T16:40:28.865+0000] {dag.py:4180} INFO - Setting next_dagrun for example_task_group to None, run_after=None
[2024-11-23T16:40:28.968+0000] {processor.py:208} INFO - Processing /home/airflow/.local/lib/python3.12/site-packages/airflow/example_dags/example_task_group.py took 0.982 seconds
[2024-11-23T16:41:11.640+0000] {processor.py:186} INFO - Started process (PID=247) to work on /home/airflow/.local/lib/python3.12/site-packages/airflow/example_dags/example_task_group.py
[2024-11-23T16:41:11.644+0000] {processor.py:914} INFO - Processing file /home/airflow/.local/lib/python3.12/site-packages/airflow/example_dags/example_task_group.py for tasks to queue
[2024-11-23T16:41:11.654+0000] {logging_mixin.py:190} INFO - [2024-11-23T16:41:11.653+0000] {dagbag.py:588} INFO - Filling up the DagBag from /home/airflow/.local/lib/python3.12/site-packages/airflow/example_dags/example_task_group.py
[2024-11-23T16:41:11.688+0000] {processor.py:925} INFO - DAG(s) 'example_task_group' retrieved from /home/airflow/.local/lib/python3.12/site-packages/airflow/example_dags/example_task_group.py
[2024-11-23T16:41:11.773+0000] {logging_mixin.py:190} INFO - [2024-11-23T16:41:11.773+0000] {dag.py:3239} INFO - Sync 1 DAGs
[2024-11-23T16:41:11.830+0000] {logging_mixin.py:190} INFO - [2024-11-23T16:41:11.829+0000] {dag.py:4180} INFO - Setting next_dagrun for example_task_group to None, run_after=None
[2024-11-23T16:41:11.917+0000] {processor.py:208} INFO - Processing /home/airflow/.local/lib/python3.12/site-packages/airflow/example_dags/example_task_group.py took 0.297 seconds
[2024-11-23T16:41:50.916+0000] {processor.py:186} INFO - Started process (PID=313) to work on /home/airflow/.local/lib/python3.12/site-packages/airflow/example_dags/example_task_group.py
[2024-11-23T16:41:50.918+0000] {processor.py:914} INFO - Processing file /home/airflow/.local/lib/python3.12/site-packages/airflow/example_dags/example_task_group.py for tasks to queue
[2024-11-23T16:41:50.922+0000] {logging_mixin.py:190} INFO - [2024-11-23T16:41:50.922+0000] {dagbag.py:588} INFO - Filling up the DagBag from /home/airflow/.local/lib/python3.12/site-packages/airflow/example_dags/example_task_group.py
[2024-11-23T16:41:50.944+0000] {processor.py:925} INFO - DAG(s) 'example_task_group' retrieved from /home/airflow/.local/lib/python3.12/site-packages/airflow/example_dags/example_task_group.py
[2024-11-23T16:41:51.671+0000] {logging_mixin.py:190} INFO - [2024-11-23T16:41:51.670+0000] {dag.py:3239} INFO - Sync 1 DAGs
[2024-11-23T16:41:51.713+0000] {logging_mixin.py:190} INFO - [2024-11-23T16:41:51.712+0000] {dag.py:4180} INFO - Setting next_dagrun for example_task_group to None, run_after=None
[2024-11-23T16:41:52.291+0000] {processor.py:208} INFO - Processing /home/airflow/.local/lib/python3.12/site-packages/airflow/example_dags/example_task_group.py took 1.397 seconds
[2024-11-23T16:42:22.608+0000] {processor.py:186} INFO - Started process (PID=379) to work on /home/airflow/.local/lib/python3.12/site-packages/airflow/example_dags/example_task_group.py
[2024-11-23T16:42:22.614+0000] {processor.py:914} INFO - Processing file /home/airflow/.local/lib/python3.12/site-packages/airflow/example_dags/example_task_group.py for tasks to queue
[2024-11-23T16:42:22.627+0000] {logging_mixin.py:190} INFO - [2024-11-23T16:42:22.620+0000] {dagbag.py:588} INFO - Filling up the DagBag from /home/airflow/.local/lib/python3.12/site-packages/airflow/example_dags/example_task_group.py
[2024-11-23T16:42:22.658+0000] {processor.py:925} INFO - DAG(s) 'example_task_group' retrieved from /home/airflow/.local/lib/python3.12/site-packages/airflow/example_dags/example_task_group.py
[2024-11-23T16:42:22.751+0000] {logging_mixin.py:190} INFO - [2024-11-23T16:42:22.750+0000] {dag.py:3239} INFO - Sync 1 DAGs
[2024-11-23T16:42:22.811+0000] {logging_mixin.py:190} INFO - [2024-11-23T16:42:22.810+0000] {dag.py:4180} INFO - Setting next_dagrun for example_task_group to None, run_after=None
[2024-11-23T16:42:22.878+0000] {processor.py:208} INFO - Processing /home/airflow/.local/lib/python3.12/site-packages/airflow/example_dags/example_task_group.py took 0.295 seconds
[2024-11-23T17:03:11.478+0000] {processor.py:186} INFO - Started process (PID=171) to work on /home/airflow/.local/lib/python3.12/site-packages/airflow/example_dags/example_task_group.py
[2024-11-23T17:03:11.486+0000] {processor.py:914} INFO - Processing file /home/airflow/.local/lib/python3.12/site-packages/airflow/example_dags/example_task_group.py for tasks to queue
[2024-11-23T17:03:11.513+0000] {logging_mixin.py:190} INFO - [2024-11-23T17:03:11.505+0000] {dagbag.py:588} INFO - Filling up the DagBag from /home/airflow/.local/lib/python3.12/site-packages/airflow/example_dags/example_task_group.py
[2024-11-23T17:03:11.612+0000] {processor.py:925} INFO - DAG(s) 'example_task_group' retrieved from /home/airflow/.local/lib/python3.12/site-packages/airflow/example_dags/example_task_group.py
[2024-11-23T17:03:11.914+0000] {logging_mixin.py:190} INFO - [2024-11-23T17:03:11.913+0000] {dag.py:3239} INFO - Sync 1 DAGs
[2024-11-23T17:03:12.123+0000] {logging_mixin.py:190} INFO - [2024-11-23T17:03:12.122+0000] {dag.py:4180} INFO - Setting next_dagrun for example_task_group to None, run_after=None
[2024-11-23T17:03:12.336+0000] {processor.py:208} INFO - Processing /home/airflow/.local/lib/python3.12/site-packages/airflow/example_dags/example_task_group.py took 1.034 seconds
[2024-11-23T17:03:44.744+0000] {processor.py:186} INFO - Started process (PID=237) to work on /home/airflow/.local/lib/python3.12/site-packages/airflow/example_dags/example_task_group.py
[2024-11-23T17:03:44.753+0000] {processor.py:914} INFO - Processing file /home/airflow/.local/lib/python3.12/site-packages/airflow/example_dags/example_task_group.py for tasks to queue
[2024-11-23T17:03:44.772+0000] {logging_mixin.py:190} INFO - [2024-11-23T17:03:44.771+0000] {dagbag.py:588} INFO - Filling up the DagBag from /home/airflow/.local/lib/python3.12/site-packages/airflow/example_dags/example_task_group.py
[2024-11-23T17:03:44.833+0000] {processor.py:925} INFO - DAG(s) 'example_task_group' retrieved from /home/airflow/.local/lib/python3.12/site-packages/airflow/example_dags/example_task_group.py
[2024-11-23T17:03:44.958+0000] {logging_mixin.py:190} INFO - [2024-11-23T17:03:44.957+0000] {dag.py:3239} INFO - Sync 1 DAGs
[2024-11-23T17:03:45.050+0000] {logging_mixin.py:190} INFO - [2024-11-23T17:03:45.049+0000] {dag.py:4180} INFO - Setting next_dagrun for example_task_group to None, run_after=None
[2024-11-23T17:03:45.163+0000] {processor.py:208} INFO - Processing /home/airflow/.local/lib/python3.12/site-packages/airflow/example_dags/example_task_group.py took 0.441 seconds
[2024-11-23T17:04:45.801+0000] {processor.py:186} INFO - Started process (PID=321) to work on /home/airflow/.local/lib/python3.12/site-packages/airflow/example_dags/example_task_group.py
[2024-11-23T17:04:45.804+0000] {processor.py:914} INFO - Processing file /home/airflow/.local/lib/python3.12/site-packages/airflow/example_dags/example_task_group.py for tasks to queue
[2024-11-23T17:04:45.818+0000] {logging_mixin.py:190} INFO - [2024-11-23T17:04:45.817+0000] {dagbag.py:588} INFO - Filling up the DagBag from /home/airflow/.local/lib/python3.12/site-packages/airflow/example_dags/example_task_group.py
[2024-11-23T17:04:45.916+0000] {processor.py:925} INFO - DAG(s) 'example_task_group' retrieved from /home/airflow/.local/lib/python3.12/site-packages/airflow/example_dags/example_task_group.py
[2024-11-23T17:04:46.152+0000] {logging_mixin.py:190} INFO - [2024-11-23T17:04:46.151+0000] {dag.py:3239} INFO - Sync 1 DAGs
[2024-11-23T17:04:46.288+0000] {logging_mixin.py:190} INFO - [2024-11-23T17:04:46.287+0000] {dag.py:4180} INFO - Setting next_dagrun for example_task_group to None, run_after=None
[2024-11-23T17:04:46.397+0000] {processor.py:208} INFO - Processing /home/airflow/.local/lib/python3.12/site-packages/airflow/example_dags/example_task_group.py took 0.625 seconds
[2024-11-23T17:05:50.406+0000] {processor.py:186} INFO - Started process (PID=402) to work on /home/airflow/.local/lib/python3.12/site-packages/airflow/example_dags/example_task_group.py
[2024-11-23T17:05:50.415+0000] {processor.py:914} INFO - Processing file /home/airflow/.local/lib/python3.12/site-packages/airflow/example_dags/example_task_group.py for tasks to queue
[2024-11-23T17:05:50.429+0000] {logging_mixin.py:190} INFO - [2024-11-23T17:05:50.428+0000] {dagbag.py:588} INFO - Filling up the DagBag from /home/airflow/.local/lib/python3.12/site-packages/airflow/example_dags/example_task_group.py
[2024-11-23T17:05:50.477+0000] {processor.py:925} INFO - DAG(s) 'example_task_group' retrieved from /home/airflow/.local/lib/python3.12/site-packages/airflow/example_dags/example_task_group.py
[2024-11-23T17:05:50.620+0000] {logging_mixin.py:190} INFO - [2024-11-23T17:05:50.619+0000] {dag.py:3239} INFO - Sync 1 DAGs
[2024-11-23T17:05:50.686+0000] {logging_mixin.py:190} INFO - [2024-11-23T17:05:50.685+0000] {dag.py:4180} INFO - Setting next_dagrun for example_task_group to None, run_after=None
[2024-11-23T17:05:50.753+0000] {processor.py:208} INFO - Processing /home/airflow/.local/lib/python3.12/site-packages/airflow/example_dags/example_task_group.py took 0.360 seconds
[2024-11-23T17:06:39.565+0000] {processor.py:186} INFO - Started process (PID=474) to work on /home/airflow/.local/lib/python3.12/site-packages/airflow/example_dags/example_task_group.py
[2024-11-23T17:06:39.571+0000] {processor.py:914} INFO - Processing file /home/airflow/.local/lib/python3.12/site-packages/airflow/example_dags/example_task_group.py for tasks to queue
[2024-11-23T17:06:39.598+0000] {logging_mixin.py:190} INFO - [2024-11-23T17:06:39.589+0000] {dagbag.py:588} INFO - Filling up the DagBag from /home/airflow/.local/lib/python3.12/site-packages/airflow/example_dags/example_task_group.py
[2024-11-23T17:06:39.748+0000] {processor.py:925} INFO - DAG(s) 'example_task_group' retrieved from /home/airflow/.local/lib/python3.12/site-packages/airflow/example_dags/example_task_group.py
[2024-11-23T17:06:40.032+0000] {logging_mixin.py:190} INFO - [2024-11-23T17:06:40.030+0000] {dag.py:3239} INFO - Sync 1 DAGs
[2024-11-23T17:06:40.367+0000] {logging_mixin.py:190} INFO - [2024-11-23T17:06:40.366+0000] {dag.py:4180} INFO - Setting next_dagrun for example_task_group to None, run_after=None
[2024-11-23T17:06:40.913+0000] {processor.py:208} INFO - Processing /home/airflow/.local/lib/python3.12/site-packages/airflow/example_dags/example_task_group.py took 1.418 seconds
[2024-11-23T17:07:29.536+0000] {processor.py:186} INFO - Started process (PID=540) to work on /home/airflow/.local/lib/python3.12/site-packages/airflow/example_dags/example_task_group.py
[2024-11-23T17:07:29.539+0000] {processor.py:914} INFO - Processing file /home/airflow/.local/lib/python3.12/site-packages/airflow/example_dags/example_task_group.py for tasks to queue
[2024-11-23T17:07:29.571+0000] {logging_mixin.py:190} INFO - [2024-11-23T17:07:29.570+0000] {dagbag.py:588} INFO - Filling up the DagBag from /home/airflow/.local/lib/python3.12/site-packages/airflow/example_dags/example_task_group.py
[2024-11-23T17:07:29.641+0000] {processor.py:925} INFO - DAG(s) 'example_task_group' retrieved from /home/airflow/.local/lib/python3.12/site-packages/airflow/example_dags/example_task_group.py
[2024-11-23T17:07:29.753+0000] {logging_mixin.py:190} INFO - [2024-11-23T17:07:29.747+0000] {dag.py:3239} INFO - Sync 1 DAGs
[2024-11-23T17:07:29.836+0000] {logging_mixin.py:190} INFO - [2024-11-23T17:07:29.836+0000] {dag.py:4180} INFO - Setting next_dagrun for example_task_group to None, run_after=None
[2024-11-23T17:07:29.973+0000] {processor.py:208} INFO - Processing /home/airflow/.local/lib/python3.12/site-packages/airflow/example_dags/example_task_group.py took 0.487 seconds
[2024-11-23T17:08:00.316+0000] {processor.py:186} INFO - Started process (PID=609) to work on /home/airflow/.local/lib/python3.12/site-packages/airflow/example_dags/example_task_group.py
[2024-11-23T17:08:00.330+0000] {processor.py:914} INFO - Processing file /home/airflow/.local/lib/python3.12/site-packages/airflow/example_dags/example_task_group.py for tasks to queue
[2024-11-23T17:08:00.343+0000] {logging_mixin.py:190} INFO - [2024-11-23T17:08:00.342+0000] {dagbag.py:588} INFO - Filling up the DagBag from /home/airflow/.local/lib/python3.12/site-packages/airflow/example_dags/example_task_group.py
[2024-11-23T17:08:00.368+0000] {processor.py:925} INFO - DAG(s) 'example_task_group' retrieved from /home/airflow/.local/lib/python3.12/site-packages/airflow/example_dags/example_task_group.py
[2024-11-23T17:08:00.479+0000] {logging_mixin.py:190} INFO - [2024-11-23T17:08:00.478+0000] {dag.py:3239} INFO - Sync 1 DAGs
[2024-11-23T17:08:00.540+0000] {logging_mixin.py:190} INFO - [2024-11-23T17:08:00.539+0000] {dag.py:4180} INFO - Setting next_dagrun for example_task_group to None, run_after=None
[2024-11-23T17:08:00.658+0000] {processor.py:208} INFO - Processing /home/airflow/.local/lib/python3.12/site-packages/airflow/example_dags/example_task_group.py took 0.369 seconds
[2024-11-23T17:08:49.173+0000] {processor.py:186} INFO - Started process (PID=690) to work on /home/airflow/.local/lib/python3.12/site-packages/airflow/example_dags/example_task_group.py
[2024-11-23T17:08:49.180+0000] {processor.py:914} INFO - Processing file /home/airflow/.local/lib/python3.12/site-packages/airflow/example_dags/example_task_group.py for tasks to queue
[2024-11-23T17:08:49.200+0000] {logging_mixin.py:190} INFO - [2024-11-23T17:08:49.192+0000] {dagbag.py:588} INFO - Filling up the DagBag from /home/airflow/.local/lib/python3.12/site-packages/airflow/example_dags/example_task_group.py
[2024-11-23T17:08:49.258+0000] {processor.py:925} INFO - DAG(s) 'example_task_group' retrieved from /home/airflow/.local/lib/python3.12/site-packages/airflow/example_dags/example_task_group.py
[2024-11-23T17:08:49.384+0000] {logging_mixin.py:190} INFO - [2024-11-23T17:08:49.383+0000] {dag.py:3239} INFO - Sync 1 DAGs
[2024-11-23T17:08:49.482+0000] {logging_mixin.py:190} INFO - [2024-11-23T17:08:49.476+0000] {dag.py:4180} INFO - Setting next_dagrun for example_task_group to None, run_after=None
[2024-11-23T17:08:49.600+0000] {processor.py:208} INFO - Processing /home/airflow/.local/lib/python3.12/site-packages/airflow/example_dags/example_task_group.py took 0.461 seconds
[2024-11-23T17:09:43.753+0000] {processor.py:186} INFO - Started process (PID=762) to work on /home/airflow/.local/lib/python3.12/site-packages/airflow/example_dags/example_task_group.py
[2024-11-23T17:09:43.768+0000] {processor.py:914} INFO - Processing file /home/airflow/.local/lib/python3.12/site-packages/airflow/example_dags/example_task_group.py for tasks to queue
[2024-11-23T17:09:43.823+0000] {logging_mixin.py:190} INFO - [2024-11-23T17:09:43.786+0000] {dagbag.py:588} INFO - Filling up the DagBag from /home/airflow/.local/lib/python3.12/site-packages/airflow/example_dags/example_task_group.py
[2024-11-23T17:09:44.254+0000] {processor.py:925} INFO - DAG(s) 'example_task_group' retrieved from /home/airflow/.local/lib/python3.12/site-packages/airflow/example_dags/example_task_group.py
[2024-11-23T17:09:44.288+0000] {logging_mixin.py:190} INFO - [2024-11-23T17:09:44.287+0000] {dag.py:3239} INFO - Sync 1 DAGs
[2024-11-23T17:09:44.415+0000] {logging_mixin.py:190} INFO - [2024-11-23T17:09:44.415+0000] {dag.py:4180} INFO - Setting next_dagrun for example_task_group to None, run_after=None
[2024-11-23T17:09:44.542+0000] {processor.py:208} INFO - Processing /home/airflow/.local/lib/python3.12/site-packages/airflow/example_dags/example_task_group.py took 1.196 seconds
[2024-11-23T17:10:45.485+0000] {processor.py:186} INFO - Started process (PID=835) to work on /home/airflow/.local/lib/python3.12/site-packages/airflow/example_dags/example_task_group.py
[2024-11-23T17:10:45.527+0000] {processor.py:914} INFO - Processing file /home/airflow/.local/lib/python3.12/site-packages/airflow/example_dags/example_task_group.py for tasks to queue
[2024-11-23T17:10:45.535+0000] {logging_mixin.py:190} INFO - [2024-11-23T17:10:45.534+0000] {dagbag.py:588} INFO - Filling up the DagBag from /home/airflow/.local/lib/python3.12/site-packages/airflow/example_dags/example_task_group.py
[2024-11-23T17:10:45.600+0000] {processor.py:925} INFO - DAG(s) 'example_task_group' retrieved from /home/airflow/.local/lib/python3.12/site-packages/airflow/example_dags/example_task_group.py
[2024-11-23T17:10:45.752+0000] {logging_mixin.py:190} INFO - [2024-11-23T17:10:45.751+0000] {dag.py:3239} INFO - Sync 1 DAGs
[2024-11-23T17:10:45.800+0000] {logging_mixin.py:190} INFO - [2024-11-23T17:10:45.800+0000] {dag.py:4180} INFO - Setting next_dagrun for example_task_group to None, run_after=None
[2024-11-23T17:10:45.989+0000] {processor.py:208} INFO - Processing /home/airflow/.local/lib/python3.12/site-packages/airflow/example_dags/example_task_group.py took 0.523 seconds
[2024-11-23T17:11:25.283+0000] {processor.py:186} INFO - Started process (PID=905) to work on /home/airflow/.local/lib/python3.12/site-packages/airflow/example_dags/example_task_group.py
[2024-11-23T17:11:25.287+0000] {processor.py:914} INFO - Processing file /home/airflow/.local/lib/python3.12/site-packages/airflow/example_dags/example_task_group.py for tasks to queue
[2024-11-23T17:11:25.295+0000] {logging_mixin.py:190} INFO - [2024-11-23T17:11:25.294+0000] {dagbag.py:588} INFO - Filling up the DagBag from /home/airflow/.local/lib/python3.12/site-packages/airflow/example_dags/example_task_group.py
[2024-11-23T17:11:25.341+0000] {processor.py:925} INFO - DAG(s) 'example_task_group' retrieved from /home/airflow/.local/lib/python3.12/site-packages/airflow/example_dags/example_task_group.py
[2024-11-23T17:11:25.422+0000] {logging_mixin.py:190} INFO - [2024-11-23T17:11:25.421+0000] {dag.py:3239} INFO - Sync 1 DAGs
[2024-11-23T17:11:25.474+0000] {logging_mixin.py:190} INFO - [2024-11-23T17:11:25.474+0000] {dag.py:4180} INFO - Setting next_dagrun for example_task_group to None, run_after=None
[2024-11-23T17:11:25.542+0000] {processor.py:208} INFO - Processing /home/airflow/.local/lib/python3.12/site-packages/airflow/example_dags/example_task_group.py took 0.281 seconds
[2024-11-23T17:11:57.563+0000] {processor.py:186} INFO - Started process (PID=972) to work on /home/airflow/.local/lib/python3.12/site-packages/airflow/example_dags/example_task_group.py
[2024-11-23T17:11:57.566+0000] {processor.py:914} INFO - Processing file /home/airflow/.local/lib/python3.12/site-packages/airflow/example_dags/example_task_group.py for tasks to queue
[2024-11-23T17:11:57.580+0000] {logging_mixin.py:190} INFO - [2024-11-23T17:11:57.579+0000] {dagbag.py:588} INFO - Filling up the DagBag from /home/airflow/.local/lib/python3.12/site-packages/airflow/example_dags/example_task_group.py
[2024-11-23T17:11:57.635+0000] {processor.py:925} INFO - DAG(s) 'example_task_group' retrieved from /home/airflow/.local/lib/python3.12/site-packages/airflow/example_dags/example_task_group.py
[2024-11-23T17:11:57.708+0000] {logging_mixin.py:190} INFO - [2024-11-23T17:11:57.707+0000] {dag.py:3239} INFO - Sync 1 DAGs
[2024-11-23T17:11:57.762+0000] {logging_mixin.py:190} INFO - [2024-11-23T17:11:57.761+0000] {dag.py:4180} INFO - Setting next_dagrun for example_task_group to None, run_after=None
[2024-11-23T17:11:57.836+0000] {processor.py:208} INFO - Processing /home/airflow/.local/lib/python3.12/site-packages/airflow/example_dags/example_task_group.py took 0.294 seconds
[2024-11-23T17:12:45.452+0000] {processor.py:186} INFO - Started process (PID=1059) to work on /home/airflow/.local/lib/python3.12/site-packages/airflow/example_dags/example_task_group.py
[2024-11-23T17:12:45.455+0000] {processor.py:914} INFO - Processing file /home/airflow/.local/lib/python3.12/site-packages/airflow/example_dags/example_task_group.py for tasks to queue
[2024-11-23T17:12:45.468+0000] {logging_mixin.py:190} INFO - [2024-11-23T17:12:45.467+0000] {dagbag.py:588} INFO - Filling up the DagBag from /home/airflow/.local/lib/python3.12/site-packages/airflow/example_dags/example_task_group.py
[2024-11-23T17:12:45.505+0000] {processor.py:925} INFO - DAG(s) 'example_task_group' retrieved from /home/airflow/.local/lib/python3.12/site-packages/airflow/example_dags/example_task_group.py
[2024-11-23T17:12:45.604+0000] {logging_mixin.py:190} INFO - [2024-11-23T17:12:45.603+0000] {dag.py:3239} INFO - Sync 1 DAGs
[2024-11-23T17:12:45.674+0000] {logging_mixin.py:190} INFO - [2024-11-23T17:12:45.674+0000] {dag.py:4180} INFO - Setting next_dagrun for example_task_group to None, run_after=None
[2024-11-23T17:12:45.757+0000] {processor.py:208} INFO - Processing /home/airflow/.local/lib/python3.12/site-packages/airflow/example_dags/example_task_group.py took 0.326 seconds
[2024-11-23T17:14:02.523+0000] {processor.py:186} INFO - Started process (PID=1150) to work on /home/airflow/.local/lib/python3.12/site-packages/airflow/example_dags/example_task_group.py
[2024-11-23T17:14:02.528+0000] {processor.py:914} INFO - Processing file /home/airflow/.local/lib/python3.12/site-packages/airflow/example_dags/example_task_group.py for tasks to queue
[2024-11-23T17:14:02.546+0000] {logging_mixin.py:190} INFO - [2024-11-23T17:14:02.545+0000] {dagbag.py:588} INFO - Filling up the DagBag from /home/airflow/.local/lib/python3.12/site-packages/airflow/example_dags/example_task_group.py
[2024-11-23T17:14:02.613+0000] {processor.py:925} INFO - DAG(s) 'example_task_group' retrieved from /home/airflow/.local/lib/python3.12/site-packages/airflow/example_dags/example_task_group.py
[2024-11-23T17:14:02.706+0000] {logging_mixin.py:190} INFO - [2024-11-23T17:14:02.705+0000] {dag.py:3239} INFO - Sync 1 DAGs
[2024-11-23T17:14:02.757+0000] {logging_mixin.py:190} INFO - [2024-11-23T17:14:02.756+0000] {dag.py:4180} INFO - Setting next_dagrun for example_task_group to None, run_after=None
[2024-11-23T17:14:02.832+0000] {processor.py:208} INFO - Processing /home/airflow/.local/lib/python3.12/site-packages/airflow/example_dags/example_task_group.py took 0.353 seconds
[2024-11-23T17:14:51.073+0000] {processor.py:186} INFO - Started process (PID=1234) to work on /home/airflow/.local/lib/python3.12/site-packages/airflow/example_dags/example_task_group.py
[2024-11-23T17:14:51.076+0000] {processor.py:914} INFO - Processing file /home/airflow/.local/lib/python3.12/site-packages/airflow/example_dags/example_task_group.py for tasks to queue
[2024-11-23T17:14:51.092+0000] {logging_mixin.py:190} INFO - [2024-11-23T17:14:51.091+0000] {dagbag.py:588} INFO - Filling up the DagBag from /home/airflow/.local/lib/python3.12/site-packages/airflow/example_dags/example_task_group.py
[2024-11-23T17:14:51.143+0000] {processor.py:925} INFO - DAG(s) 'example_task_group' retrieved from /home/airflow/.local/lib/python3.12/site-packages/airflow/example_dags/example_task_group.py
[2024-11-23T17:14:51.261+0000] {logging_mixin.py:190} INFO - [2024-11-23T17:14:51.258+0000] {dag.py:3239} INFO - Sync 1 DAGs
[2024-11-23T17:14:51.325+0000] {logging_mixin.py:190} INFO - [2024-11-23T17:14:51.324+0000] {dag.py:4180} INFO - Setting next_dagrun for example_task_group to None, run_after=None
[2024-11-23T17:14:51.419+0000] {processor.py:208} INFO - Processing /home/airflow/.local/lib/python3.12/site-packages/airflow/example_dags/example_task_group.py took 0.380 seconds
[2024-11-23T17:15:22.690+0000] {processor.py:186} INFO - Started process (PID=1300) to work on /home/airflow/.local/lib/python3.12/site-packages/airflow/example_dags/example_task_group.py
[2024-11-23T17:15:22.696+0000] {processor.py:914} INFO - Processing file /home/airflow/.local/lib/python3.12/site-packages/airflow/example_dags/example_task_group.py for tasks to queue
[2024-11-23T17:15:22.702+0000] {logging_mixin.py:190} INFO - [2024-11-23T17:15:22.701+0000] {dagbag.py:588} INFO - Filling up the DagBag from /home/airflow/.local/lib/python3.12/site-packages/airflow/example_dags/example_task_group.py
[2024-11-23T17:15:22.740+0000] {processor.py:925} INFO - DAG(s) 'example_task_group' retrieved from /home/airflow/.local/lib/python3.12/site-packages/airflow/example_dags/example_task_group.py
[2024-11-23T17:15:22.826+0000] {logging_mixin.py:190} INFO - [2024-11-23T17:15:22.826+0000] {dag.py:3239} INFO - Sync 1 DAGs
[2024-11-23T17:15:22.881+0000] {logging_mixin.py:190} INFO - [2024-11-23T17:15:22.881+0000] {dag.py:4180} INFO - Setting next_dagrun for example_task_group to None, run_after=None
[2024-11-23T17:15:23.016+0000] {processor.py:208} INFO - Processing /home/airflow/.local/lib/python3.12/site-packages/airflow/example_dags/example_task_group.py took 0.354 seconds
[2024-11-23T17:16:02.603+0000] {processor.py:186} INFO - Started process (PID=1366) to work on /home/airflow/.local/lib/python3.12/site-packages/airflow/example_dags/example_task_group.py
[2024-11-23T17:16:02.610+0000] {processor.py:914} INFO - Processing file /home/airflow/.local/lib/python3.12/site-packages/airflow/example_dags/example_task_group.py for tasks to queue
[2024-11-23T17:16:02.615+0000] {logging_mixin.py:190} INFO - [2024-11-23T17:16:02.614+0000] {dagbag.py:588} INFO - Filling up the DagBag from /home/airflow/.local/lib/python3.12/site-packages/airflow/example_dags/example_task_group.py
[2024-11-23T17:16:02.644+0000] {processor.py:925} INFO - DAG(s) 'example_task_group' retrieved from /home/airflow/.local/lib/python3.12/site-packages/airflow/example_dags/example_task_group.py
[2024-11-23T17:16:02.733+0000] {logging_mixin.py:190} INFO - [2024-11-23T17:16:02.733+0000] {dag.py:3239} INFO - Sync 1 DAGs
[2024-11-23T17:16:02.802+0000] {logging_mixin.py:190} INFO - [2024-11-23T17:16:02.802+0000] {dag.py:4180} INFO - Setting next_dagrun for example_task_group to None, run_after=None
[2024-11-23T17:16:02.892+0000] {processor.py:208} INFO - Processing /home/airflow/.local/lib/python3.12/site-packages/airflow/example_dags/example_task_group.py took 0.306 seconds
[2024-11-23T17:16:43.606+0000] {processor.py:186} INFO - Started process (PID=1432) to work on /home/airflow/.local/lib/python3.12/site-packages/airflow/example_dags/example_task_group.py
[2024-11-23T17:16:43.614+0000] {processor.py:914} INFO - Processing file /home/airflow/.local/lib/python3.12/site-packages/airflow/example_dags/example_task_group.py for tasks to queue
[2024-11-23T17:16:43.622+0000] {logging_mixin.py:190} INFO - [2024-11-23T17:16:43.621+0000] {dagbag.py:588} INFO - Filling up the DagBag from /home/airflow/.local/lib/python3.12/site-packages/airflow/example_dags/example_task_group.py
[2024-11-23T17:16:43.643+0000] {processor.py:925} INFO - DAG(s) 'example_task_group' retrieved from /home/airflow/.local/lib/python3.12/site-packages/airflow/example_dags/example_task_group.py
[2024-11-23T17:16:43.743+0000] {logging_mixin.py:190} INFO - [2024-11-23T17:16:43.733+0000] {dag.py:3239} INFO - Sync 1 DAGs
[2024-11-23T17:16:43.860+0000] {logging_mixin.py:190} INFO - [2024-11-23T17:16:43.860+0000] {dag.py:4180} INFO - Setting next_dagrun for example_task_group to None, run_after=None
[2024-11-23T17:16:43.947+0000] {processor.py:208} INFO - Processing /home/airflow/.local/lib/python3.12/site-packages/airflow/example_dags/example_task_group.py took 0.360 seconds
[2024-11-23T17:17:14.481+0000] {processor.py:186} INFO - Started process (PID=1496) to work on /home/airflow/.local/lib/python3.12/site-packages/airflow/example_dags/example_task_group.py
[2024-11-23T17:17:14.487+0000] {processor.py:914} INFO - Processing file /home/airflow/.local/lib/python3.12/site-packages/airflow/example_dags/example_task_group.py for tasks to queue
[2024-11-23T17:17:14.503+0000] {logging_mixin.py:190} INFO - [2024-11-23T17:17:14.502+0000] {dagbag.py:588} INFO - Filling up the DagBag from /home/airflow/.local/lib/python3.12/site-packages/airflow/example_dags/example_task_group.py
[2024-11-23T17:17:14.576+0000] {processor.py:925} INFO - DAG(s) 'example_task_group' retrieved from /home/airflow/.local/lib/python3.12/site-packages/airflow/example_dags/example_task_group.py
[2024-11-23T17:17:14.727+0000] {logging_mixin.py:190} INFO - [2024-11-23T17:17:14.721+0000] {dag.py:3239} INFO - Sync 1 DAGs
[2024-11-23T17:17:14.822+0000] {logging_mixin.py:190} INFO - [2024-11-23T17:17:14.821+0000] {dag.py:4180} INFO - Setting next_dagrun for example_task_group to None, run_after=None
[2024-11-23T17:17:14.904+0000] {processor.py:208} INFO - Processing /home/airflow/.local/lib/python3.12/site-packages/airflow/example_dags/example_task_group.py took 0.479 seconds
[2024-11-23T17:17:47.472+0000] {processor.py:186} INFO - Started process (PID=1563) to work on /home/airflow/.local/lib/python3.12/site-packages/airflow/example_dags/example_task_group.py
[2024-11-23T17:17:47.483+0000] {processor.py:914} INFO - Processing file /home/airflow/.local/lib/python3.12/site-packages/airflow/example_dags/example_task_group.py for tasks to queue
[2024-11-23T17:17:47.510+0000] {logging_mixin.py:190} INFO - [2024-11-23T17:17:47.509+0000] {dagbag.py:588} INFO - Filling up the DagBag from /home/airflow/.local/lib/python3.12/site-packages/airflow/example_dags/example_task_group.py
[2024-11-23T17:17:47.585+0000] {processor.py:925} INFO - DAG(s) 'example_task_group' retrieved from /home/airflow/.local/lib/python3.12/site-packages/airflow/example_dags/example_task_group.py
[2024-11-23T17:17:47.767+0000] {logging_mixin.py:190} INFO - [2024-11-23T17:17:47.762+0000] {dag.py:3239} INFO - Sync 1 DAGs
[2024-11-23T17:17:47.887+0000] {logging_mixin.py:190} INFO - [2024-11-23T17:17:47.886+0000] {dag.py:4180} INFO - Setting next_dagrun for example_task_group to None, run_after=None
[2024-11-23T17:17:48.046+0000] {processor.py:208} INFO - Processing /home/airflow/.local/lib/python3.12/site-packages/airflow/example_dags/example_task_group.py took 0.610 seconds
[2024-11-23T17:18:21.117+0000] {processor.py:186} INFO - Started process (PID=1629) to work on /home/airflow/.local/lib/python3.12/site-packages/airflow/example_dags/example_task_group.py
[2024-11-23T17:18:21.122+0000] {processor.py:914} INFO - Processing file /home/airflow/.local/lib/python3.12/site-packages/airflow/example_dags/example_task_group.py for tasks to queue
[2024-11-23T17:18:21.140+0000] {logging_mixin.py:190} INFO - [2024-11-23T17:18:21.139+0000] {dagbag.py:588} INFO - Filling up the DagBag from /home/airflow/.local/lib/python3.12/site-packages/airflow/example_dags/example_task_group.py
[2024-11-23T17:18:21.194+0000] {processor.py:925} INFO - DAG(s) 'example_task_group' retrieved from /home/airflow/.local/lib/python3.12/site-packages/airflow/example_dags/example_task_group.py
[2024-11-23T17:18:21.305+0000] {logging_mixin.py:190} INFO - [2024-11-23T17:18:21.305+0000] {dag.py:3239} INFO - Sync 1 DAGs
[2024-11-23T17:18:21.431+0000] {logging_mixin.py:190} INFO - [2024-11-23T17:18:21.431+0000] {dag.py:4180} INFO - Setting next_dagrun for example_task_group to None, run_after=None
[2024-11-23T17:18:21.603+0000] {processor.py:208} INFO - Processing /home/airflow/.local/lib/python3.12/site-packages/airflow/example_dags/example_task_group.py took 0.529 seconds
[2024-11-23T17:18:57.303+0000] {processor.py:186} INFO - Started process (PID=1694) to work on /home/airflow/.local/lib/python3.12/site-packages/airflow/example_dags/example_task_group.py
[2024-11-23T17:18:57.310+0000] {processor.py:914} INFO - Processing file /home/airflow/.local/lib/python3.12/site-packages/airflow/example_dags/example_task_group.py for tasks to queue
[2024-11-23T17:18:57.326+0000] {logging_mixin.py:190} INFO - [2024-11-23T17:18:57.326+0000] {dagbag.py:588} INFO - Filling up the DagBag from /home/airflow/.local/lib/python3.12/site-packages/airflow/example_dags/example_task_group.py
[2024-11-23T17:18:57.365+0000] {processor.py:925} INFO - DAG(s) 'example_task_group' retrieved from /home/airflow/.local/lib/python3.12/site-packages/airflow/example_dags/example_task_group.py
[2024-11-23T17:18:57.476+0000] {logging_mixin.py:190} INFO - [2024-11-23T17:18:57.476+0000] {dag.py:3239} INFO - Sync 1 DAGs
[2024-11-23T17:18:57.544+0000] {logging_mixin.py:190} INFO - [2024-11-23T17:18:57.543+0000] {dag.py:4180} INFO - Setting next_dagrun for example_task_group to None, run_after=None
[2024-11-23T17:18:57.709+0000] {processor.py:208} INFO - Processing /home/airflow/.local/lib/python3.12/site-packages/airflow/example_dags/example_task_group.py took 0.440 seconds
[2024-11-23T17:19:35.982+0000] {processor.py:186} INFO - Started process (PID=1769) to work on /home/airflow/.local/lib/python3.12/site-packages/airflow/example_dags/example_task_group.py
[2024-11-23T17:19:35.991+0000] {processor.py:914} INFO - Processing file /home/airflow/.local/lib/python3.12/site-packages/airflow/example_dags/example_task_group.py for tasks to queue
[2024-11-23T17:19:36.034+0000] {logging_mixin.py:190} INFO - [2024-11-23T17:19:36.033+0000] {dagbag.py:588} INFO - Filling up the DagBag from /home/airflow/.local/lib/python3.12/site-packages/airflow/example_dags/example_task_group.py
[2024-11-23T17:19:36.090+0000] {processor.py:925} INFO - DAG(s) 'example_task_group' retrieved from /home/airflow/.local/lib/python3.12/site-packages/airflow/example_dags/example_task_group.py
[2024-11-23T17:19:36.217+0000] {logging_mixin.py:190} INFO - [2024-11-23T17:19:36.217+0000] {dag.py:3239} INFO - Sync 1 DAGs
[2024-11-23T17:19:36.352+0000] {logging_mixin.py:190} INFO - [2024-11-23T17:19:36.339+0000] {dag.py:4180} INFO - Setting next_dagrun for example_task_group to None, run_after=None
[2024-11-23T17:19:36.612+0000] {processor.py:208} INFO - Processing /home/airflow/.local/lib/python3.12/site-packages/airflow/example_dags/example_task_group.py took 0.663 seconds
[2024-11-23T17:22:14.854+0000] {processor.py:186} INFO - Started process (PID=1853) to work on /home/airflow/.local/lib/python3.12/site-packages/airflow/example_dags/example_task_group.py
[2024-11-23T17:22:14.905+0000] {processor.py:914} INFO - Processing file /home/airflow/.local/lib/python3.12/site-packages/airflow/example_dags/example_task_group.py for tasks to queue
[2024-11-23T17:22:14.914+0000] {logging_mixin.py:190} INFO - [2024-11-23T17:22:14.912+0000] {dagbag.py:588} INFO - Filling up the DagBag from /home/airflow/.local/lib/python3.12/site-packages/airflow/example_dags/example_task_group.py
[2024-11-23T17:22:14.997+0000] {processor.py:925} INFO - DAG(s) 'example_task_group' retrieved from /home/airflow/.local/lib/python3.12/site-packages/airflow/example_dags/example_task_group.py
[2024-11-23T17:22:15.519+0000] {logging_mixin.py:190} INFO - [2024-11-23T17:22:15.500+0000] {dag.py:3239} INFO - Sync 1 DAGs
[2024-11-23T17:22:15.802+0000] {logging_mixin.py:190} INFO - [2024-11-23T17:22:15.801+0000] {dag.py:4180} INFO - Setting next_dagrun for example_task_group to None, run_after=None
[2024-11-23T17:22:15.980+0000] {processor.py:208} INFO - Processing /home/airflow/.local/lib/python3.12/site-packages/airflow/example_dags/example_task_group.py took 1.251 seconds
[2024-11-23T17:23:41.010+0000] {processor.py:186} INFO - Started process (PID=1944) to work on /home/airflow/.local/lib/python3.12/site-packages/airflow/example_dags/example_task_group.py
[2024-11-23T17:23:41.039+0000] {processor.py:914} INFO - Processing file /home/airflow/.local/lib/python3.12/site-packages/airflow/example_dags/example_task_group.py for tasks to queue
[2024-11-23T17:23:41.044+0000] {logging_mixin.py:190} INFO - [2024-11-23T17:23:41.044+0000] {dagbag.py:588} INFO - Filling up the DagBag from /home/airflow/.local/lib/python3.12/site-packages/airflow/example_dags/example_task_group.py
[2024-11-23T17:23:41.081+0000] {processor.py:925} INFO - DAG(s) 'example_task_group' retrieved from /home/airflow/.local/lib/python3.12/site-packages/airflow/example_dags/example_task_group.py
[2024-11-23T17:23:41.241+0000] {logging_mixin.py:190} INFO - [2024-11-23T17:23:41.240+0000] {dag.py:3239} INFO - Sync 1 DAGs
[2024-11-23T17:23:41.281+0000] {logging_mixin.py:190} INFO - [2024-11-23T17:23:41.280+0000] {dag.py:4180} INFO - Setting next_dagrun for example_task_group to None, run_after=None
[2024-11-23T17:23:41.638+0000] {processor.py:208} INFO - Processing /home/airflow/.local/lib/python3.12/site-packages/airflow/example_dags/example_task_group.py took 0.659 seconds
[2024-11-23T17:25:50.405+0000] {processor.py:186} INFO - Started process (PID=2029) to work on /home/airflow/.local/lib/python3.12/site-packages/airflow/example_dags/example_task_group.py
[2024-11-23T17:25:50.407+0000] {processor.py:914} INFO - Processing file /home/airflow/.local/lib/python3.12/site-packages/airflow/example_dags/example_task_group.py for tasks to queue
[2024-11-23T17:25:50.418+0000] {logging_mixin.py:190} INFO - [2024-11-23T17:25:50.418+0000] {dagbag.py:588} INFO - Filling up the DagBag from /home/airflow/.local/lib/python3.12/site-packages/airflow/example_dags/example_task_group.py
[2024-11-23T17:25:50.467+0000] {processor.py:925} INFO - DAG(s) 'example_task_group' retrieved from /home/airflow/.local/lib/python3.12/site-packages/airflow/example_dags/example_task_group.py
[2024-11-23T17:25:50.847+0000] {logging_mixin.py:190} INFO - [2024-11-23T17:25:50.846+0000] {dag.py:3239} INFO - Sync 1 DAGs
[2024-11-23T17:25:51.103+0000] {logging_mixin.py:190} INFO - [2024-11-23T17:25:51.103+0000] {dag.py:4180} INFO - Setting next_dagrun for example_task_group to None, run_after=None
[2024-11-23T17:25:51.213+0000] {processor.py:208} INFO - Processing /home/airflow/.local/lib/python3.12/site-packages/airflow/example_dags/example_task_group.py took 0.827 seconds
[2024-11-23T17:26:29.721+0000] {processor.py:186} INFO - Started process (PID=2095) to work on /home/airflow/.local/lib/python3.12/site-packages/airflow/example_dags/example_task_group.py
[2024-11-23T17:26:29.742+0000] {processor.py:914} INFO - Processing file /home/airflow/.local/lib/python3.12/site-packages/airflow/example_dags/example_task_group.py for tasks to queue
[2024-11-23T17:26:29.779+0000] {logging_mixin.py:190} INFO - [2024-11-23T17:26:29.778+0000] {dagbag.py:588} INFO - Filling up the DagBag from /home/airflow/.local/lib/python3.12/site-packages/airflow/example_dags/example_task_group.py
[2024-11-23T17:26:29.875+0000] {processor.py:925} INFO - DAG(s) 'example_task_group' retrieved from /home/airflow/.local/lib/python3.12/site-packages/airflow/example_dags/example_task_group.py
[2024-11-23T17:26:29.998+0000] {logging_mixin.py:190} INFO - [2024-11-23T17:26:29.997+0000] {dag.py:3239} INFO - Sync 1 DAGs
[2024-11-23T17:26:30.127+0000] {logging_mixin.py:190} INFO - [2024-11-23T17:26:30.127+0000] {dag.py:4180} INFO - Setting next_dagrun for example_task_group to None, run_after=None
[2024-11-23T17:26:30.305+0000] {processor.py:208} INFO - Processing /home/airflow/.local/lib/python3.12/site-packages/airflow/example_dags/example_task_group.py took 0.595 seconds
[2024-11-23T17:27:07.951+0000] {processor.py:186} INFO - Started process (PID=2165) to work on /home/airflow/.local/lib/python3.12/site-packages/airflow/example_dags/example_task_group.py
[2024-11-23T17:27:07.964+0000] {processor.py:914} INFO - Processing file /home/airflow/.local/lib/python3.12/site-packages/airflow/example_dags/example_task_group.py for tasks to queue
[2024-11-23T17:27:07.970+0000] {logging_mixin.py:190} INFO - [2024-11-23T17:27:07.969+0000] {dagbag.py:588} INFO - Filling up the DagBag from /home/airflow/.local/lib/python3.12/site-packages/airflow/example_dags/example_task_group.py
[2024-11-23T17:27:08.040+0000] {processor.py:925} INFO - DAG(s) 'example_task_group' retrieved from /home/airflow/.local/lib/python3.12/site-packages/airflow/example_dags/example_task_group.py
[2024-11-23T17:27:08.225+0000] {logging_mixin.py:190} INFO - [2024-11-23T17:27:08.225+0000] {dag.py:3239} INFO - Sync 1 DAGs
[2024-11-23T17:27:08.330+0000] {logging_mixin.py:190} INFO - [2024-11-23T17:27:08.330+0000] {dag.py:4180} INFO - Setting next_dagrun for example_task_group to None, run_after=None
[2024-11-23T17:27:08.455+0000] {processor.py:208} INFO - Processing /home/airflow/.local/lib/python3.12/site-packages/airflow/example_dags/example_task_group.py took 0.522 seconds
