[2024-11-23T16:33:43.224+0000] {processor.py:186} INFO - Started process (PID=123) to work on /home/airflow/.local/lib/python3.12/site-packages/airflow/example_dags/example_dag_decorator.py
[2024-11-23T16:33:43.226+0000] {processor.py:914} INFO - Processing file /home/airflow/.local/lib/python3.12/site-packages/airflow/example_dags/example_dag_decorator.py for tasks to queue
[2024-11-23T16:33:43.232+0000] {logging_mixin.py:190} INFO - [2024-11-23T16:33:43.231+0000] {dagbag.py:588} INFO - Filling up the DagBag from /home/airflow/.local/lib/python3.12/site-packages/airflow/example_dags/example_dag_decorator.py
[2024-11-23T16:33:43.289+0000] {processor.py:925} INFO - DAG(s) 'example_dag_decorator' retrieved from /home/airflow/.local/lib/python3.12/site-packages/airflow/example_dags/example_dag_decorator.py
[2024-11-23T16:33:44.757+0000] {logging_mixin.py:190} INFO - [2024-11-23T16:33:44.755+0000] {dag.py:3239} INFO - Sync 1 DAGs
[2024-11-23T16:33:45.024+0000] {logging_mixin.py:190} INFO - [2024-11-23T16:33:45.023+0000] {dag.py:4180} INFO - Setting next_dagrun for example_dag_decorator to None, run_after=None
[2024-11-23T16:33:45.183+0000] {processor.py:208} INFO - Processing /home/airflow/.local/lib/python3.12/site-packages/airflow/example_dags/example_dag_decorator.py took 1.979 seconds
[2024-11-23T16:40:01.761+0000] {processor.py:186} INFO - Started process (PID=133) to work on /home/airflow/.local/lib/python3.12/site-packages/airflow/example_dags/example_dag_decorator.py
[2024-11-23T16:40:01.767+0000] {processor.py:914} INFO - Processing file /home/airflow/.local/lib/python3.12/site-packages/airflow/example_dags/example_dag_decorator.py for tasks to queue
[2024-11-23T16:40:01.784+0000] {logging_mixin.py:190} INFO - [2024-11-23T16:40:01.783+0000] {dagbag.py:588} INFO - Filling up the DagBag from /home/airflow/.local/lib/python3.12/site-packages/airflow/example_dags/example_dag_decorator.py
[2024-11-23T16:40:02.448+0000] {processor.py:925} INFO - DAG(s) 'example_dag_decorator' retrieved from /home/airflow/.local/lib/python3.12/site-packages/airflow/example_dags/example_dag_decorator.py
[2024-11-23T16:40:04.002+0000] {logging_mixin.py:190} INFO - [2024-11-23T16:40:04.001+0000] {dag.py:3239} INFO - Sync 1 DAGs
[2024-11-23T16:40:04.100+0000] {logging_mixin.py:190} INFO - [2024-11-23T16:40:04.100+0000] {dag.py:4180} INFO - Setting next_dagrun for example_dag_decorator to None, run_after=None
[2024-11-23T16:40:04.267+0000] {processor.py:208} INFO - Processing /home/airflow/.local/lib/python3.12/site-packages/airflow/example_dags/example_dag_decorator.py took 2.533 seconds
[2024-11-23T16:40:52.511+0000] {processor.py:186} INFO - Started process (PID=201) to work on /home/airflow/.local/lib/python3.12/site-packages/airflow/example_dags/example_dag_decorator.py
[2024-11-23T16:40:52.521+0000] {processor.py:914} INFO - Processing file /home/airflow/.local/lib/python3.12/site-packages/airflow/example_dags/example_dag_decorator.py for tasks to queue
[2024-11-23T16:40:52.529+0000] {logging_mixin.py:190} INFO - [2024-11-23T16:40:52.528+0000] {dagbag.py:588} INFO - Filling up the DagBag from /home/airflow/.local/lib/python3.12/site-packages/airflow/example_dags/example_dag_decorator.py
[2024-11-23T16:40:52.974+0000] {processor.py:925} INFO - DAG(s) 'example_dag_decorator' retrieved from /home/airflow/.local/lib/python3.12/site-packages/airflow/example_dags/example_dag_decorator.py
[2024-11-23T16:40:54.097+0000] {logging_mixin.py:190} INFO - [2024-11-23T16:40:54.097+0000] {dag.py:3239} INFO - Sync 1 DAGs
[2024-11-23T16:40:54.284+0000] {logging_mixin.py:190} INFO - [2024-11-23T16:40:54.284+0000] {dag.py:4180} INFO - Setting next_dagrun for example_dag_decorator to None, run_after=None
[2024-11-23T16:40:54.494+0000] {processor.py:208} INFO - Processing /home/airflow/.local/lib/python3.12/site-packages/airflow/example_dags/example_dag_decorator.py took 2.007 seconds
[2024-11-23T16:41:25.149+0000] {processor.py:186} INFO - Started process (PID=267) to work on /home/airflow/.local/lib/python3.12/site-packages/airflow/example_dags/example_dag_decorator.py
[2024-11-23T16:41:25.156+0000] {processor.py:914} INFO - Processing file /home/airflow/.local/lib/python3.12/site-packages/airflow/example_dags/example_dag_decorator.py for tasks to queue
[2024-11-23T16:41:25.180+0000] {logging_mixin.py:190} INFO - [2024-11-23T16:41:25.178+0000] {dagbag.py:588} INFO - Filling up the DagBag from /home/airflow/.local/lib/python3.12/site-packages/airflow/example_dags/example_dag_decorator.py
[2024-11-23T16:41:25.255+0000] {processor.py:925} INFO - DAG(s) 'example_dag_decorator' retrieved from /home/airflow/.local/lib/python3.12/site-packages/airflow/example_dags/example_dag_decorator.py
[2024-11-23T16:41:25.712+0000] {logging_mixin.py:190} INFO - [2024-11-23T16:41:25.712+0000] {dag.py:3239} INFO - Sync 1 DAGs
[2024-11-23T16:41:25.746+0000] {logging_mixin.py:190} INFO - [2024-11-23T16:41:25.746+0000] {dag.py:4180} INFO - Setting next_dagrun for example_dag_decorator to None, run_after=None
[2024-11-23T16:41:25.883+0000] {processor.py:208} INFO - Processing /home/airflow/.local/lib/python3.12/site-packages/airflow/example_dags/example_dag_decorator.py took 0.754 seconds
[2024-11-23T16:42:00.832+0000] {processor.py:186} INFO - Started process (PID=339) to work on /home/airflow/.local/lib/python3.12/site-packages/airflow/example_dags/example_dag_decorator.py
[2024-11-23T16:42:00.834+0000] {processor.py:914} INFO - Processing file /home/airflow/.local/lib/python3.12/site-packages/airflow/example_dags/example_dag_decorator.py for tasks to queue
[2024-11-23T16:42:00.848+0000] {logging_mixin.py:190} INFO - [2024-11-23T16:42:00.846+0000] {dagbag.py:588} INFO - Filling up the DagBag from /home/airflow/.local/lib/python3.12/site-packages/airflow/example_dags/example_dag_decorator.py
[2024-11-23T16:42:00.889+0000] {processor.py:925} INFO - DAG(s) 'example_dag_decorator' retrieved from /home/airflow/.local/lib/python3.12/site-packages/airflow/example_dags/example_dag_decorator.py
[2024-11-23T16:42:01.295+0000] {logging_mixin.py:190} INFO - [2024-11-23T16:42:01.294+0000] {dag.py:3239} INFO - Sync 1 DAGs
[2024-11-23T16:42:01.353+0000] {logging_mixin.py:190} INFO - [2024-11-23T16:42:01.352+0000] {dag.py:4180} INFO - Setting next_dagrun for example_dag_decorator to None, run_after=None
[2024-11-23T16:42:01.423+0000] {processor.py:208} INFO - Processing /home/airflow/.local/lib/python3.12/site-packages/airflow/example_dags/example_dag_decorator.py took 0.619 seconds
[2024-11-23T16:42:34.836+0000] {processor.py:186} INFO - Started process (PID=411) to work on /home/airflow/.local/lib/python3.12/site-packages/airflow/example_dags/example_dag_decorator.py
[2024-11-23T16:42:34.850+0000] {processor.py:914} INFO - Processing file /home/airflow/.local/lib/python3.12/site-packages/airflow/example_dags/example_dag_decorator.py for tasks to queue
[2024-11-23T16:42:34.879+0000] {logging_mixin.py:190} INFO - [2024-11-23T16:42:34.870+0000] {dagbag.py:588} INFO - Filling up the DagBag from /home/airflow/.local/lib/python3.12/site-packages/airflow/example_dags/example_dag_decorator.py
[2024-11-23T16:42:35.253+0000] {processor.py:925} INFO - DAG(s) 'example_dag_decorator' retrieved from /home/airflow/.local/lib/python3.12/site-packages/airflow/example_dags/example_dag_decorator.py
[2024-11-23T16:42:38.452+0000] {logging_mixin.py:190} INFO - [2024-11-23T16:42:38.449+0000] {dag.py:3239} INFO - Sync 1 DAGs
[2024-11-23T16:42:38.550+0000] {logging_mixin.py:190} INFO - [2024-11-23T16:42:38.549+0000] {dag.py:4180} INFO - Setting next_dagrun for example_dag_decorator to None, run_after=None
[2024-11-23T16:42:38.687+0000] {processor.py:208} INFO - Processing /home/airflow/.local/lib/python3.12/site-packages/airflow/example_dags/example_dag_decorator.py took 3.919 seconds
[2024-11-23T16:47:51.809+0000] {processor.py:186} INFO - Started process (PID=118) to work on /home/airflow/.local/lib/python3.12/site-packages/airflow/example_dags/example_dag_decorator.py
[2024-11-23T16:47:51.833+0000] {processor.py:914} INFO - Processing file /home/airflow/.local/lib/python3.12/site-packages/airflow/example_dags/example_dag_decorator.py for tasks to queue
[2024-11-23T16:47:51.941+0000] {logging_mixin.py:190} INFO - [2024-11-23T16:47:51.940+0000] {dagbag.py:588} INFO - Filling up the DagBag from /home/airflow/.local/lib/python3.12/site-packages/airflow/example_dags/example_dag_decorator.py
[2024-11-23T16:47:53.191+0000] {processor.py:925} INFO - DAG(s) 'example_dag_decorator' retrieved from /home/airflow/.local/lib/python3.12/site-packages/airflow/example_dags/example_dag_decorator.py
[2024-11-23T16:47:54.687+0000] {logging_mixin.py:190} INFO - [2024-11-23T16:47:54.687+0000] {dag.py:3239} INFO - Sync 1 DAGs
[2024-11-23T16:47:54.756+0000] {logging_mixin.py:190} INFO - [2024-11-23T16:47:54.755+0000] {dag.py:4180} INFO - Setting next_dagrun for example_dag_decorator to None, run_after=None
[2024-11-23T16:47:54.954+0000] {processor.py:208} INFO - Processing /home/airflow/.local/lib/python3.12/site-packages/airflow/example_dags/example_dag_decorator.py took 3.216 seconds
[2024-11-23T17:01:38.018+0000] {processor.py:186} INFO - Started process (PID=114) to work on /home/airflow/.local/lib/python3.12/site-packages/airflow/example_dags/example_dag_decorator.py
[2024-11-23T17:01:38.050+0000] {processor.py:914} INFO - Processing file /home/airflow/.local/lib/python3.12/site-packages/airflow/example_dags/example_dag_decorator.py for tasks to queue
[2024-11-23T17:01:38.108+0000] {logging_mixin.py:190} INFO - [2024-11-23T17:01:38.107+0000] {dagbag.py:588} INFO - Filling up the DagBag from /home/airflow/.local/lib/python3.12/site-packages/airflow/example_dags/example_dag_decorator.py
[2024-11-23T17:01:39.199+0000] {processor.py:925} INFO - DAG(s) 'example_dag_decorator' retrieved from /home/airflow/.local/lib/python3.12/site-packages/airflow/example_dags/example_dag_decorator.py
[2024-11-23T17:01:44.019+0000] {logging_mixin.py:190} INFO - [2024-11-23T17:01:44.009+0000] {dag.py:3239} INFO - Sync 1 DAGs
[2024-11-23T17:01:44.168+0000] {logging_mixin.py:190} INFO - [2024-11-23T17:01:44.168+0000] {dag.py:4180} INFO - Setting next_dagrun for example_dag_decorator to None, run_after=None
[2024-11-23T17:01:44.402+0000] {processor.py:208} INFO - Processing /home/airflow/.local/lib/python3.12/site-packages/airflow/example_dags/example_dag_decorator.py took 6.518 seconds
[2024-11-23T17:03:24.631+0000] {processor.py:186} INFO - Started process (PID=197) to work on /home/airflow/.local/lib/python3.12/site-packages/airflow/example_dags/example_dag_decorator.py
[2024-11-23T17:03:24.642+0000] {processor.py:914} INFO - Processing file /home/airflow/.local/lib/python3.12/site-packages/airflow/example_dags/example_dag_decorator.py for tasks to queue
[2024-11-23T17:03:24.649+0000] {logging_mixin.py:190} INFO - [2024-11-23T17:03:24.648+0000] {dagbag.py:588} INFO - Filling up the DagBag from /home/airflow/.local/lib/python3.12/site-packages/airflow/example_dags/example_dag_decorator.py
[2024-11-23T17:03:24.749+0000] {processor.py:925} INFO - DAG(s) 'example_dag_decorator' retrieved from /home/airflow/.local/lib/python3.12/site-packages/airflow/example_dags/example_dag_decorator.py
[2024-11-23T17:03:25.584+0000] {logging_mixin.py:190} INFO - [2024-11-23T17:03:25.583+0000] {dag.py:3239} INFO - Sync 1 DAGs
[2024-11-23T17:03:25.659+0000] {logging_mixin.py:190} INFO - [2024-11-23T17:03:25.659+0000] {dag.py:4180} INFO - Setting next_dagrun for example_dag_decorator to None, run_after=None
[2024-11-23T17:03:25.802+0000] {processor.py:208} INFO - Processing /home/airflow/.local/lib/python3.12/site-packages/airflow/example_dags/example_dag_decorator.py took 1.198 seconds
[2024-11-23T17:03:56.890+0000] {processor.py:186} INFO - Started process (PID=264) to work on /home/airflow/.local/lib/python3.12/site-packages/airflow/example_dags/example_dag_decorator.py
[2024-11-23T17:03:56.928+0000] {processor.py:914} INFO - Processing file /home/airflow/.local/lib/python3.12/site-packages/airflow/example_dags/example_dag_decorator.py for tasks to queue
[2024-11-23T17:03:56.939+0000] {logging_mixin.py:190} INFO - [2024-11-23T17:03:56.938+0000] {dagbag.py:588} INFO - Filling up the DagBag from /home/airflow/.local/lib/python3.12/site-packages/airflow/example_dags/example_dag_decorator.py
[2024-11-23T17:03:57.572+0000] {processor.py:925} INFO - DAG(s) 'example_dag_decorator' retrieved from /home/airflow/.local/lib/python3.12/site-packages/airflow/example_dags/example_dag_decorator.py
[2024-11-23T17:04:00.377+0000] {logging_mixin.py:190} INFO - [2024-11-23T17:04:00.374+0000] {dag.py:3239} INFO - Sync 1 DAGs
[2024-11-23T17:04:00.739+0000] {logging_mixin.py:190} INFO - [2024-11-23T17:04:00.739+0000] {dag.py:4180} INFO - Setting next_dagrun for example_dag_decorator to None, run_after=None
[2024-11-23T17:04:01.254+0000] {processor.py:208} INFO - Processing /home/airflow/.local/lib/python3.12/site-packages/airflow/example_dags/example_dag_decorator.py took 4.399 seconds
[2024-11-23T17:04:49.011+0000] {processor.py:186} INFO - Started process (PID=330) to work on /home/airflow/.local/lib/python3.12/site-packages/airflow/example_dags/example_dag_decorator.py
[2024-11-23T17:04:49.015+0000] {processor.py:914} INFO - Processing file /home/airflow/.local/lib/python3.12/site-packages/airflow/example_dags/example_dag_decorator.py for tasks to queue
[2024-11-23T17:04:49.032+0000] {logging_mixin.py:190} INFO - [2024-11-23T17:04:49.031+0000] {dagbag.py:588} INFO - Filling up the DagBag from /home/airflow/.local/lib/python3.12/site-packages/airflow/example_dags/example_dag_decorator.py
[2024-11-23T17:04:49.767+0000] {processor.py:925} INFO - DAG(s) 'example_dag_decorator' retrieved from /home/airflow/.local/lib/python3.12/site-packages/airflow/example_dags/example_dag_decorator.py
[2024-11-23T17:05:00.542+0000] {logging_mixin.py:190} INFO - [2024-11-23T17:05:00.541+0000] {dag.py:3239} INFO - Sync 1 DAGs
[2024-11-23T17:05:02.076+0000] {logging_mixin.py:190} INFO - [2024-11-23T17:05:02.076+0000] {dag.py:4180} INFO - Setting next_dagrun for example_dag_decorator to None, run_after=None
[2024-11-23T17:05:04.295+0000] {processor.py:208} INFO - Processing /home/airflow/.local/lib/python3.12/site-packages/airflow/example_dags/example_dag_decorator.py took 15.320 seconds
[2024-11-23T17:05:41.046+0000] {processor.py:186} INFO - Started process (PID=386) to work on /home/airflow/.local/lib/python3.12/site-packages/airflow/example_dags/example_dag_decorator.py
[2024-11-23T17:05:41.049+0000] {processor.py:914} INFO - Processing file /home/airflow/.local/lib/python3.12/site-packages/airflow/example_dags/example_dag_decorator.py for tasks to queue
[2024-11-23T17:05:41.067+0000] {logging_mixin.py:190} INFO - [2024-11-23T17:05:41.066+0000] {dagbag.py:588} INFO - Filling up the DagBag from /home/airflow/.local/lib/python3.12/site-packages/airflow/example_dags/example_dag_decorator.py
[2024-11-23T17:05:41.245+0000] {processor.py:925} INFO - DAG(s) 'example_dag_decorator' retrieved from /home/airflow/.local/lib/python3.12/site-packages/airflow/example_dags/example_dag_decorator.py
[2024-11-23T17:05:43.532+0000] {logging_mixin.py:190} INFO - [2024-11-23T17:05:43.530+0000] {dag.py:3239} INFO - Sync 1 DAGs
[2024-11-23T17:05:43.717+0000] {logging_mixin.py:190} INFO - [2024-11-23T17:05:43.716+0000] {dag.py:4180} INFO - Setting next_dagrun for example_dag_decorator to None, run_after=None
[2024-11-23T17:05:43.905+0000] {processor.py:208} INFO - Processing /home/airflow/.local/lib/python3.12/site-packages/airflow/example_dags/example_dag_decorator.py took 2.877 seconds
[2024-11-23T17:06:16.604+0000] {processor.py:186} INFO - Started process (PID=453) to work on /home/airflow/.local/lib/python3.12/site-packages/airflow/example_dags/example_dag_decorator.py
[2024-11-23T17:06:16.611+0000] {processor.py:914} INFO - Processing file /home/airflow/.local/lib/python3.12/site-packages/airflow/example_dags/example_dag_decorator.py for tasks to queue
[2024-11-23T17:06:16.653+0000] {logging_mixin.py:190} INFO - [2024-11-23T17:06:16.652+0000] {dagbag.py:588} INFO - Filling up the DagBag from /home/airflow/.local/lib/python3.12/site-packages/airflow/example_dags/example_dag_decorator.py
[2024-11-23T17:06:16.818+0000] {processor.py:925} INFO - DAG(s) 'example_dag_decorator' retrieved from /home/airflow/.local/lib/python3.12/site-packages/airflow/example_dags/example_dag_decorator.py
[2024-11-23T17:06:18.159+0000] {logging_mixin.py:190} INFO - [2024-11-23T17:06:18.158+0000] {dag.py:3239} INFO - Sync 1 DAGs
[2024-11-23T17:06:18.350+0000] {logging_mixin.py:190} INFO - [2024-11-23T17:06:18.349+0000] {dag.py:4180} INFO - Setting next_dagrun for example_dag_decorator to None, run_after=None
[2024-11-23T17:06:18.775+0000] {processor.py:208} INFO - Processing /home/airflow/.local/lib/python3.12/site-packages/airflow/example_dags/example_dag_decorator.py took 2.250 seconds
[2024-11-23T17:07:17.140+0000] {processor.py:186} INFO - Started process (PID=522) to work on /home/airflow/.local/lib/python3.12/site-packages/airflow/example_dags/example_dag_decorator.py
[2024-11-23T17:07:17.145+0000] {processor.py:914} INFO - Processing file /home/airflow/.local/lib/python3.12/site-packages/airflow/example_dags/example_dag_decorator.py for tasks to queue
[2024-11-23T17:07:17.161+0000] {logging_mixin.py:190} INFO - [2024-11-23T17:07:17.160+0000] {dagbag.py:588} INFO - Filling up the DagBag from /home/airflow/.local/lib/python3.12/site-packages/airflow/example_dags/example_dag_decorator.py
[2024-11-23T17:07:17.277+0000] {processor.py:925} INFO - DAG(s) 'example_dag_decorator' retrieved from /home/airflow/.local/lib/python3.12/site-packages/airflow/example_dags/example_dag_decorator.py
[2024-11-23T17:07:19.220+0000] {logging_mixin.py:190} INFO - [2024-11-23T17:07:19.218+0000] {dag.py:3239} INFO - Sync 1 DAGs
[2024-11-23T17:07:19.267+0000] {logging_mixin.py:190} INFO - [2024-11-23T17:07:19.266+0000] {dag.py:4180} INFO - Setting next_dagrun for example_dag_decorator to None, run_after=None
[2024-11-23T17:07:19.710+0000] {processor.py:208} INFO - Processing /home/airflow/.local/lib/python3.12/site-packages/airflow/example_dags/example_dag_decorator.py took 2.617 seconds
[2024-11-23T17:07:51.223+0000] {processor.py:186} INFO - Started process (PID=588) to work on /home/airflow/.local/lib/python3.12/site-packages/airflow/example_dags/example_dag_decorator.py
[2024-11-23T17:07:51.250+0000] {processor.py:914} INFO - Processing file /home/airflow/.local/lib/python3.12/site-packages/airflow/example_dags/example_dag_decorator.py for tasks to queue
[2024-11-23T17:07:51.260+0000] {logging_mixin.py:190} INFO - [2024-11-23T17:07:51.259+0000] {dagbag.py:588} INFO - Filling up the DagBag from /home/airflow/.local/lib/python3.12/site-packages/airflow/example_dags/example_dag_decorator.py
[2024-11-23T17:07:51.295+0000] {processor.py:925} INFO - DAG(s) 'example_dag_decorator' retrieved from /home/airflow/.local/lib/python3.12/site-packages/airflow/example_dags/example_dag_decorator.py
[2024-11-23T17:07:52.192+0000] {logging_mixin.py:190} INFO - [2024-11-23T17:07:52.191+0000] {dag.py:3239} INFO - Sync 1 DAGs
[2024-11-23T17:07:52.257+0000] {logging_mixin.py:190} INFO - [2024-11-23T17:07:52.256+0000] {dag.py:4180} INFO - Setting next_dagrun for example_dag_decorator to None, run_after=None
[2024-11-23T17:07:52.373+0000] {processor.py:208} INFO - Processing /home/airflow/.local/lib/python3.12/site-packages/airflow/example_dags/example_dag_decorator.py took 1.164 seconds
[2024-11-23T17:08:28.876+0000] {processor.py:186} INFO - Started process (PID=655) to work on /home/airflow/.local/lib/python3.12/site-packages/airflow/example_dags/example_dag_decorator.py
[2024-11-23T17:08:28.886+0000] {processor.py:914} INFO - Processing file /home/airflow/.local/lib/python3.12/site-packages/airflow/example_dags/example_dag_decorator.py for tasks to queue
[2024-11-23T17:08:28.905+0000] {logging_mixin.py:190} INFO - [2024-11-23T17:08:28.897+0000] {dagbag.py:588} INFO - Filling up the DagBag from /home/airflow/.local/lib/python3.12/site-packages/airflow/example_dags/example_dag_decorator.py
[2024-11-23T17:08:29.042+0000] {processor.py:925} INFO - DAG(s) 'example_dag_decorator' retrieved from /home/airflow/.local/lib/python3.12/site-packages/airflow/example_dags/example_dag_decorator.py
[2024-11-23T17:08:32.190+0000] {logging_mixin.py:190} INFO - [2024-11-23T17:08:32.188+0000] {dag.py:3239} INFO - Sync 1 DAGs
[2024-11-23T17:08:32.562+0000] {logging_mixin.py:190} INFO - [2024-11-23T17:08:32.561+0000] {dag.py:4180} INFO - Setting next_dagrun for example_dag_decorator to None, run_after=None
[2024-11-23T17:08:32.763+0000] {processor.py:208} INFO - Processing /home/airflow/.local/lib/python3.12/site-packages/airflow/example_dags/example_dag_decorator.py took 3.910 seconds
[2024-11-23T17:09:08.274+0000] {processor.py:186} INFO - Started process (PID=726) to work on /home/airflow/.local/lib/python3.12/site-packages/airflow/example_dags/example_dag_decorator.py
[2024-11-23T17:09:08.292+0000] {processor.py:914} INFO - Processing file /home/airflow/.local/lib/python3.12/site-packages/airflow/example_dags/example_dag_decorator.py for tasks to queue
[2024-11-23T17:09:08.301+0000] {logging_mixin.py:190} INFO - [2024-11-23T17:09:08.300+0000] {dagbag.py:588} INFO - Filling up the DagBag from /home/airflow/.local/lib/python3.12/site-packages/airflow/example_dags/example_dag_decorator.py
[2024-11-23T17:09:08.360+0000] {processor.py:925} INFO - DAG(s) 'example_dag_decorator' retrieved from /home/airflow/.local/lib/python3.12/site-packages/airflow/example_dags/example_dag_decorator.py
[2024-11-23T17:09:10.367+0000] {logging_mixin.py:190} INFO - [2024-11-23T17:09:10.365+0000] {dag.py:3239} INFO - Sync 1 DAGs
[2024-11-23T17:09:10.455+0000] {logging_mixin.py:190} INFO - [2024-11-23T17:09:10.454+0000] {dag.py:4180} INFO - Setting next_dagrun for example_dag_decorator to None, run_after=None
[2024-11-23T17:09:10.584+0000] {processor.py:208} INFO - Processing /home/airflow/.local/lib/python3.12/site-packages/airflow/example_dags/example_dag_decorator.py took 2.337 seconds
[2024-11-23T17:09:44.833+0000] {processor.py:186} INFO - Started process (PID=764) to work on /home/airflow/.local/lib/python3.12/site-packages/airflow/example_dags/example_dag_decorator.py
[2024-11-23T17:09:44.885+0000] {processor.py:914} INFO - Processing file /home/airflow/.local/lib/python3.12/site-packages/airflow/example_dags/example_dag_decorator.py for tasks to queue
[2024-11-23T17:09:44.903+0000] {logging_mixin.py:190} INFO - [2024-11-23T17:09:44.902+0000] {dagbag.py:588} INFO - Filling up the DagBag from /home/airflow/.local/lib/python3.12/site-packages/airflow/example_dags/example_dag_decorator.py
[2024-11-23T17:09:45.278+0000] {processor.py:925} INFO - DAG(s) 'example_dag_decorator' retrieved from /home/airflow/.local/lib/python3.12/site-packages/airflow/example_dags/example_dag_decorator.py
[2024-11-23T17:09:50.604+0000] {logging_mixin.py:190} INFO - [2024-11-23T17:09:50.602+0000] {dag.py:3239} INFO - Sync 1 DAGs
[2024-11-23T17:09:50.754+0000] {logging_mixin.py:190} INFO - [2024-11-23T17:09:50.753+0000] {dag.py:4180} INFO - Setting next_dagrun for example_dag_decorator to None, run_after=None
[2024-11-23T17:09:50.999+0000] {processor.py:208} INFO - Processing /home/airflow/.local/lib/python3.12/site-packages/airflow/example_dags/example_dag_decorator.py took 6.201 seconds
[2024-11-23T17:10:29.212+0000] {processor.py:186} INFO - Started process (PID=810) to work on /home/airflow/.local/lib/python3.12/site-packages/airflow/example_dags/example_dag_decorator.py
[2024-11-23T17:10:29.257+0000] {processor.py:914} INFO - Processing file /home/airflow/.local/lib/python3.12/site-packages/airflow/example_dags/example_dag_decorator.py for tasks to queue
[2024-11-23T17:10:29.262+0000] {logging_mixin.py:190} INFO - [2024-11-23T17:10:29.261+0000] {dagbag.py:588} INFO - Filling up the DagBag from /home/airflow/.local/lib/python3.12/site-packages/airflow/example_dags/example_dag_decorator.py
[2024-11-23T17:10:29.300+0000] {processor.py:925} INFO - DAG(s) 'example_dag_decorator' retrieved from /home/airflow/.local/lib/python3.12/site-packages/airflow/example_dags/example_dag_decorator.py
[2024-11-23T17:10:29.777+0000] {logging_mixin.py:190} INFO - [2024-11-23T17:10:29.776+0000] {dag.py:3239} INFO - Sync 1 DAGs
[2024-11-23T17:10:29.900+0000] {logging_mixin.py:190} INFO - [2024-11-23T17:10:29.900+0000] {dag.py:4180} INFO - Setting next_dagrun for example_dag_decorator to None, run_after=None
[2024-11-23T17:10:30.134+0000] {processor.py:208} INFO - Processing /home/airflow/.local/lib/python3.12/site-packages/airflow/example_dags/example_dag_decorator.py took 0.936 seconds
[2024-11-23T17:11:14.623+0000] {processor.py:186} INFO - Started process (PID=883) to work on /home/airflow/.local/lib/python3.12/site-packages/airflow/example_dags/example_dag_decorator.py
[2024-11-23T17:11:14.644+0000] {processor.py:914} INFO - Processing file /home/airflow/.local/lib/python3.12/site-packages/airflow/example_dags/example_dag_decorator.py for tasks to queue
[2024-11-23T17:11:14.656+0000] {logging_mixin.py:190} INFO - [2024-11-23T17:11:14.655+0000] {dagbag.py:588} INFO - Filling up the DagBag from /home/airflow/.local/lib/python3.12/site-packages/airflow/example_dags/example_dag_decorator.py
[2024-11-23T17:11:14.745+0000] {processor.py:925} INFO - DAG(s) 'example_dag_decorator' retrieved from /home/airflow/.local/lib/python3.12/site-packages/airflow/example_dags/example_dag_decorator.py
[2024-11-23T17:11:14.789+0000] {logging_mixin.py:190} INFO - [2024-11-23T17:11:14.788+0000] {dag.py:3239} INFO - Sync 1 DAGs
[2024-11-23T17:11:14.859+0000] {logging_mixin.py:190} INFO - [2024-11-23T17:11:14.858+0000] {dag.py:4180} INFO - Setting next_dagrun for example_dag_decorator to None, run_after=None
[2024-11-23T17:11:14.948+0000] {processor.py:208} INFO - Processing /home/airflow/.local/lib/python3.12/site-packages/airflow/example_dags/example_dag_decorator.py took 1.213 seconds
[2024-11-23T17:11:47.478+0000] {processor.py:186} INFO - Started process (PID=947) to work on /home/airflow/.local/lib/python3.12/site-packages/airflow/example_dags/example_dag_decorator.py
[2024-11-23T17:11:47.489+0000] {processor.py:914} INFO - Processing file /home/airflow/.local/lib/python3.12/site-packages/airflow/example_dags/example_dag_decorator.py for tasks to queue
[2024-11-23T17:11:47.494+0000] {logging_mixin.py:190} INFO - [2024-11-23T17:11:47.493+0000] {dagbag.py:588} INFO - Filling up the DagBag from /home/airflow/.local/lib/python3.12/site-packages/airflow/example_dags/example_dag_decorator.py
[2024-11-23T17:11:47.647+0000] {processor.py:925} INFO - DAG(s) 'example_dag_decorator' retrieved from /home/airflow/.local/lib/python3.12/site-packages/airflow/example_dags/example_dag_decorator.py
[2024-11-23T17:11:48.873+0000] {logging_mixin.py:190} INFO - [2024-11-23T17:11:48.872+0000] {dag.py:3239} INFO - Sync 1 DAGs
[2024-11-23T17:11:48.888+0000] {logging_mixin.py:190} INFO - [2024-11-23T17:11:48.888+0000] {dag.py:4180} INFO - Setting next_dagrun for example_dag_decorator to None, run_after=None
[2024-11-23T17:11:48.993+0000] {processor.py:208} INFO - Processing /home/airflow/.local/lib/python3.12/site-packages/airflow/example_dags/example_dag_decorator.py took 1.534 seconds
[2024-11-23T17:12:19.737+0000] {processor.py:186} INFO - Started process (PID=1013) to work on /home/airflow/.local/lib/python3.12/site-packages/airflow/example_dags/example_dag_decorator.py
[2024-11-23T17:12:19.752+0000] {processor.py:914} INFO - Processing file /home/airflow/.local/lib/python3.12/site-packages/airflow/example_dags/example_dag_decorator.py for tasks to queue
[2024-11-23T17:12:19.759+0000] {logging_mixin.py:190} INFO - [2024-11-23T17:12:19.758+0000] {dagbag.py:588} INFO - Filling up the DagBag from /home/airflow/.local/lib/python3.12/site-packages/airflow/example_dags/example_dag_decorator.py
[2024-11-23T17:12:19.846+0000] {processor.py:925} INFO - DAG(s) 'example_dag_decorator' retrieved from /home/airflow/.local/lib/python3.12/site-packages/airflow/example_dags/example_dag_decorator.py
[2024-11-23T17:12:23.651+0000] {logging_mixin.py:190} INFO - [2024-11-23T17:12:23.650+0000] {dag.py:3239} INFO - Sync 1 DAGs
[2024-11-23T17:12:23.768+0000] {logging_mixin.py:190} INFO - [2024-11-23T17:12:23.768+0000] {dag.py:4180} INFO - Setting next_dagrun for example_dag_decorator to None, run_after=None
[2024-11-23T17:12:23.931+0000] {processor.py:208} INFO - Processing /home/airflow/.local/lib/python3.12/site-packages/airflow/example_dags/example_dag_decorator.py took 4.219 seconds
[2024-11-23T17:12:56.841+0000] {processor.py:186} INFO - Started process (PID=1079) to work on /home/airflow/.local/lib/python3.12/site-packages/airflow/example_dags/example_dag_decorator.py
[2024-11-23T17:12:56.856+0000] {processor.py:914} INFO - Processing file /home/airflow/.local/lib/python3.12/site-packages/airflow/example_dags/example_dag_decorator.py for tasks to queue
[2024-11-23T17:12:56.870+0000] {logging_mixin.py:190} INFO - [2024-11-23T17:12:56.870+0000] {dagbag.py:588} INFO - Filling up the DagBag from /home/airflow/.local/lib/python3.12/site-packages/airflow/example_dags/example_dag_decorator.py
[2024-11-23T17:12:56.950+0000] {processor.py:925} INFO - DAG(s) 'example_dag_decorator' retrieved from /home/airflow/.local/lib/python3.12/site-packages/airflow/example_dags/example_dag_decorator.py
[2024-11-23T17:13:10.944+0000] {logging_mixin.py:190} INFO - [2024-11-23T17:13:10.944+0000] {dag.py:3239} INFO - Sync 1 DAGs
[2024-11-23T17:13:10.999+0000] {logging_mixin.py:190} INFO - [2024-11-23T17:13:10.999+0000] {dag.py:4180} INFO - Setting next_dagrun for example_dag_decorator to None, run_after=None
[2024-11-23T17:13:11.089+0000] {processor.py:208} INFO - Processing /home/airflow/.local/lib/python3.12/site-packages/airflow/example_dags/example_dag_decorator.py took 14.271 seconds
[2024-11-23T17:13:53.329+0000] {processor.py:186} INFO - Started process (PID=1135) to work on /home/airflow/.local/lib/python3.12/site-packages/airflow/example_dags/example_dag_decorator.py
[2024-11-23T17:13:53.355+0000] {processor.py:914} INFO - Processing file /home/airflow/.local/lib/python3.12/site-packages/airflow/example_dags/example_dag_decorator.py for tasks to queue
[2024-11-23T17:13:53.362+0000] {logging_mixin.py:190} INFO - [2024-11-23T17:13:53.361+0000] {dagbag.py:588} INFO - Filling up the DagBag from /home/airflow/.local/lib/python3.12/site-packages/airflow/example_dags/example_dag_decorator.py
[2024-11-23T17:13:53.468+0000] {processor.py:925} INFO - DAG(s) 'example_dag_decorator' retrieved from /home/airflow/.local/lib/python3.12/site-packages/airflow/example_dags/example_dag_decorator.py
[2024-11-23T17:13:55.051+0000] {logging_mixin.py:190} INFO - [2024-11-23T17:13:55.050+0000] {dag.py:3239} INFO - Sync 1 DAGs
[2024-11-23T17:13:55.162+0000] {logging_mixin.py:190} INFO - [2024-11-23T17:13:55.162+0000] {dag.py:4180} INFO - Setting next_dagrun for example_dag_decorator to None, run_after=None
[2024-11-23T17:13:55.355+0000] {processor.py:208} INFO - Processing /home/airflow/.local/lib/python3.12/site-packages/airflow/example_dags/example_dag_decorator.py took 2.065 seconds
[2024-11-23T17:14:25.603+0000] {processor.py:186} INFO - Started process (PID=1202) to work on /home/airflow/.local/lib/python3.12/site-packages/airflow/example_dags/example_dag_decorator.py
[2024-11-23T17:14:25.636+0000] {processor.py:914} INFO - Processing file /home/airflow/.local/lib/python3.12/site-packages/airflow/example_dags/example_dag_decorator.py for tasks to queue
[2024-11-23T17:14:25.741+0000] {logging_mixin.py:190} INFO - [2024-11-23T17:14:25.733+0000] {dagbag.py:588} INFO - Filling up the DagBag from /home/airflow/.local/lib/python3.12/site-packages/airflow/example_dags/example_dag_decorator.py
[2024-11-23T17:14:26.015+0000] {processor.py:925} INFO - DAG(s) 'example_dag_decorator' retrieved from /home/airflow/.local/lib/python3.12/site-packages/airflow/example_dags/example_dag_decorator.py
[2024-11-23T17:14:28.399+0000] {logging_mixin.py:190} INFO - [2024-11-23T17:14:28.391+0000] {dag.py:3239} INFO - Sync 1 DAGs
[2024-11-23T17:14:28.683+0000] {logging_mixin.py:190} INFO - [2024-11-23T17:14:28.682+0000] {dag.py:4180} INFO - Setting next_dagrun for example_dag_decorator to None, run_after=None
[2024-11-23T17:14:29.263+0000] {processor.py:208} INFO - Processing /home/airflow/.local/lib/python3.12/site-packages/airflow/example_dags/example_dag_decorator.py took 3.693 seconds
[2024-11-23T17:15:04.406+0000] {processor.py:186} INFO - Started process (PID=1267) to work on /home/airflow/.local/lib/python3.12/site-packages/airflow/example_dags/example_dag_decorator.py
[2024-11-23T17:15:04.411+0000] {processor.py:914} INFO - Processing file /home/airflow/.local/lib/python3.12/site-packages/airflow/example_dags/example_dag_decorator.py for tasks to queue
[2024-11-23T17:15:04.430+0000] {logging_mixin.py:190} INFO - [2024-11-23T17:15:04.429+0000] {dagbag.py:588} INFO - Filling up the DagBag from /home/airflow/.local/lib/python3.12/site-packages/airflow/example_dags/example_dag_decorator.py
[2024-11-23T17:15:04.520+0000] {processor.py:925} INFO - DAG(s) 'example_dag_decorator' retrieved from /home/airflow/.local/lib/python3.12/site-packages/airflow/example_dags/example_dag_decorator.py
[2024-11-23T17:15:06.086+0000] {logging_mixin.py:190} INFO - [2024-11-23T17:15:06.085+0000] {dag.py:3239} INFO - Sync 1 DAGs
[2024-11-23T17:15:06.206+0000] {logging_mixin.py:190} INFO - [2024-11-23T17:15:06.194+0000] {dag.py:4180} INFO - Setting next_dagrun for example_dag_decorator to None, run_after=None
[2024-11-23T17:15:06.348+0000] {processor.py:208} INFO - Processing /home/airflow/.local/lib/python3.12/site-packages/airflow/example_dags/example_dag_decorator.py took 1.978 seconds
[2024-11-23T17:15:36.830+0000] {processor.py:186} INFO - Started process (PID=1334) to work on /home/airflow/.local/lib/python3.12/site-packages/airflow/example_dags/example_dag_decorator.py
[2024-11-23T17:15:36.849+0000] {processor.py:914} INFO - Processing file /home/airflow/.local/lib/python3.12/site-packages/airflow/example_dags/example_dag_decorator.py for tasks to queue
[2024-11-23T17:15:36.855+0000] {logging_mixin.py:190} INFO - [2024-11-23T17:15:36.854+0000] {dagbag.py:588} INFO - Filling up the DagBag from /home/airflow/.local/lib/python3.12/site-packages/airflow/example_dags/example_dag_decorator.py
[2024-11-23T17:15:36.875+0000] {processor.py:925} INFO - DAG(s) 'example_dag_decorator' retrieved from /home/airflow/.local/lib/python3.12/site-packages/airflow/example_dags/example_dag_decorator.py
[2024-11-23T17:15:38.540+0000] {logging_mixin.py:190} INFO - [2024-11-23T17:15:38.539+0000] {dag.py:3239} INFO - Sync 1 DAGs
[2024-11-23T17:15:38.809+0000] {logging_mixin.py:190} INFO - [2024-11-23T17:15:38.803+0000] {dag.py:4180} INFO - Setting next_dagrun for example_dag_decorator to None, run_after=None
[2024-11-23T17:15:39.113+0000] {processor.py:208} INFO - Processing /home/airflow/.local/lib/python3.12/site-packages/airflow/example_dags/example_dag_decorator.py took 2.291 seconds
[2024-11-23T17:16:15.647+0000] {processor.py:186} INFO - Started process (PID=1399) to work on /home/airflow/.local/lib/python3.12/site-packages/airflow/example_dags/example_dag_decorator.py
[2024-11-23T17:16:15.650+0000] {processor.py:914} INFO - Processing file /home/airflow/.local/lib/python3.12/site-packages/airflow/example_dags/example_dag_decorator.py for tasks to queue
[2024-11-23T17:16:15.658+0000] {logging_mixin.py:190} INFO - [2024-11-23T17:16:15.657+0000] {dagbag.py:588} INFO - Filling up the DagBag from /home/airflow/.local/lib/python3.12/site-packages/airflow/example_dags/example_dag_decorator.py
[2024-11-23T17:16:15.695+0000] {processor.py:925} INFO - DAG(s) 'example_dag_decorator' retrieved from /home/airflow/.local/lib/python3.12/site-packages/airflow/example_dags/example_dag_decorator.py
[2024-11-23T17:16:17.501+0000] {logging_mixin.py:190} INFO - [2024-11-23T17:16:17.501+0000] {dag.py:3239} INFO - Sync 1 DAGs
[2024-11-23T17:16:17.545+0000] {logging_mixin.py:190} INFO - [2024-11-23T17:16:17.543+0000] {dag.py:4180} INFO - Setting next_dagrun for example_dag_decorator to None, run_after=None
[2024-11-23T17:16:17.639+0000] {processor.py:208} INFO - Processing /home/airflow/.local/lib/python3.12/site-packages/airflow/example_dags/example_dag_decorator.py took 2.595 seconds
[2024-11-23T17:16:54.254+0000] {processor.py:186} INFO - Started process (PID=1465) to work on /home/airflow/.local/lib/python3.12/site-packages/airflow/example_dags/example_dag_decorator.py
[2024-11-23T17:16:54.276+0000] {processor.py:914} INFO - Processing file /home/airflow/.local/lib/python3.12/site-packages/airflow/example_dags/example_dag_decorator.py for tasks to queue
[2024-11-23T17:16:54.285+0000] {logging_mixin.py:190} INFO - [2024-11-23T17:16:54.284+0000] {dagbag.py:588} INFO - Filling up the DagBag from /home/airflow/.local/lib/python3.12/site-packages/airflow/example_dags/example_dag_decorator.py
[2024-11-23T17:16:54.396+0000] {processor.py:925} INFO - DAG(s) 'example_dag_decorator' retrieved from /home/airflow/.local/lib/python3.12/site-packages/airflow/example_dags/example_dag_decorator.py
[2024-11-23T17:16:55.360+0000] {logging_mixin.py:190} INFO - [2024-11-23T17:16:55.359+0000] {dag.py:3239} INFO - Sync 1 DAGs
[2024-11-23T17:16:55.470+0000] {logging_mixin.py:190} INFO - [2024-11-23T17:16:55.470+0000] {dag.py:4180} INFO - Setting next_dagrun for example_dag_decorator to None, run_after=None
[2024-11-23T17:16:55.626+0000] {processor.py:208} INFO - Processing /home/airflow/.local/lib/python3.12/site-packages/airflow/example_dags/example_dag_decorator.py took 1.430 seconds
[2024-11-23T17:17:26.376+0000] {processor.py:186} INFO - Started process (PID=1529) to work on /home/airflow/.local/lib/python3.12/site-packages/airflow/example_dags/example_dag_decorator.py
[2024-11-23T17:17:26.378+0000] {processor.py:914} INFO - Processing file /home/airflow/.local/lib/python3.12/site-packages/airflow/example_dags/example_dag_decorator.py for tasks to queue
[2024-11-23T17:17:26.400+0000] {logging_mixin.py:190} INFO - [2024-11-23T17:17:26.399+0000] {dagbag.py:588} INFO - Filling up the DagBag from /home/airflow/.local/lib/python3.12/site-packages/airflow/example_dags/example_dag_decorator.py
[2024-11-23T17:17:26.456+0000] {processor.py:925} INFO - DAG(s) 'example_dag_decorator' retrieved from /home/airflow/.local/lib/python3.12/site-packages/airflow/example_dags/example_dag_decorator.py
[2024-11-23T17:17:27.139+0000] {logging_mixin.py:190} INFO - [2024-11-23T17:17:27.138+0000] {dag.py:3239} INFO - Sync 1 DAGs
[2024-11-23T17:17:27.204+0000] {logging_mixin.py:190} INFO - [2024-11-23T17:17:27.203+0000] {dag.py:4180} INFO - Setting next_dagrun for example_dag_decorator to None, run_after=None
[2024-11-23T17:17:27.336+0000] {processor.py:208} INFO - Processing /home/airflow/.local/lib/python3.12/site-packages/airflow/example_dags/example_dag_decorator.py took 0.982 seconds
[2024-11-23T17:18:02.994+0000] {processor.py:186} INFO - Started process (PID=1596) to work on /home/airflow/.local/lib/python3.12/site-packages/airflow/example_dags/example_dag_decorator.py
[2024-11-23T17:18:03.010+0000] {processor.py:914} INFO - Processing file /home/airflow/.local/lib/python3.12/site-packages/airflow/example_dags/example_dag_decorator.py for tasks to queue
[2024-11-23T17:18:03.035+0000] {logging_mixin.py:190} INFO - [2024-11-23T17:18:03.034+0000] {dagbag.py:588} INFO - Filling up the DagBag from /home/airflow/.local/lib/python3.12/site-packages/airflow/example_dags/example_dag_decorator.py
[2024-11-23T17:18:03.151+0000] {processor.py:925} INFO - DAG(s) 'example_dag_decorator' retrieved from /home/airflow/.local/lib/python3.12/site-packages/airflow/example_dags/example_dag_decorator.py
[2024-11-23T17:18:04.410+0000] {logging_mixin.py:190} INFO - [2024-11-23T17:18:04.409+0000] {dag.py:3239} INFO - Sync 1 DAGs
[2024-11-23T17:18:04.507+0000] {logging_mixin.py:190} INFO - [2024-11-23T17:18:04.506+0000] {dag.py:4180} INFO - Setting next_dagrun for example_dag_decorator to None, run_after=None
[2024-11-23T17:18:04.699+0000] {processor.py:208} INFO - Processing /home/airflow/.local/lib/python3.12/site-packages/airflow/example_dags/example_dag_decorator.py took 1.729 seconds
[2024-11-23T17:18:37.387+0000] {processor.py:186} INFO - Started process (PID=1662) to work on /home/airflow/.local/lib/python3.12/site-packages/airflow/example_dags/example_dag_decorator.py
[2024-11-23T17:18:37.390+0000] {processor.py:914} INFO - Processing file /home/airflow/.local/lib/python3.12/site-packages/airflow/example_dags/example_dag_decorator.py for tasks to queue
[2024-11-23T17:18:37.406+0000] {logging_mixin.py:190} INFO - [2024-11-23T17:18:37.405+0000] {dagbag.py:588} INFO - Filling up the DagBag from /home/airflow/.local/lib/python3.12/site-packages/airflow/example_dags/example_dag_decorator.py
[2024-11-23T17:18:37.492+0000] {processor.py:925} INFO - DAG(s) 'example_dag_decorator' retrieved from /home/airflow/.local/lib/python3.12/site-packages/airflow/example_dags/example_dag_decorator.py
[2024-11-23T17:18:37.719+0000] {logging_mixin.py:190} INFO - [2024-11-23T17:18:37.718+0000] {dag.py:3239} INFO - Sync 1 DAGs
[2024-11-23T17:18:37.870+0000] {logging_mixin.py:190} INFO - [2024-11-23T17:18:37.869+0000] {dag.py:4180} INFO - Setting next_dagrun for example_dag_decorator to None, run_after=None
[2024-11-23T17:18:38.057+0000] {processor.py:208} INFO - Processing /home/airflow/.local/lib/python3.12/site-packages/airflow/example_dags/example_dag_decorator.py took 0.693 seconds
[2024-11-23T17:19:10.793+0000] {processor.py:186} INFO - Started process (PID=1728) to work on /home/airflow/.local/lib/python3.12/site-packages/airflow/example_dags/example_dag_decorator.py
[2024-11-23T17:19:10.802+0000] {processor.py:914} INFO - Processing file /home/airflow/.local/lib/python3.12/site-packages/airflow/example_dags/example_dag_decorator.py for tasks to queue
[2024-11-23T17:19:10.811+0000] {logging_mixin.py:190} INFO - [2024-11-23T17:19:10.810+0000] {dagbag.py:588} INFO - Filling up the DagBag from /home/airflow/.local/lib/python3.12/site-packages/airflow/example_dags/example_dag_decorator.py
[2024-11-23T17:19:10.885+0000] {processor.py:925} INFO - DAG(s) 'example_dag_decorator' retrieved from /home/airflow/.local/lib/python3.12/site-packages/airflow/example_dags/example_dag_decorator.py
[2024-11-23T17:19:11.047+0000] {logging_mixin.py:190} INFO - [2024-11-23T17:19:11.046+0000] {dag.py:3239} INFO - Sync 1 DAGs
[2024-11-23T17:19:11.213+0000] {logging_mixin.py:190} INFO - [2024-11-23T17:19:11.213+0000] {dag.py:4180} INFO - Setting next_dagrun for example_dag_decorator to None, run_after=None
[2024-11-23T17:19:11.306+0000] {processor.py:208} INFO - Processing /home/airflow/.local/lib/python3.12/site-packages/airflow/example_dags/example_dag_decorator.py took 0.610 seconds
[2024-11-23T17:20:27.792+0000] {processor.py:186} INFO - Started process (PID=1802) to work on /home/airflow/.local/lib/python3.12/site-packages/airflow/example_dags/example_dag_decorator.py
[2024-11-23T17:20:27.805+0000] {processor.py:914} INFO - Processing file /home/airflow/.local/lib/python3.12/site-packages/airflow/example_dags/example_dag_decorator.py for tasks to queue
[2024-11-23T17:20:27.870+0000] {logging_mixin.py:190} INFO - [2024-11-23T17:20:27.864+0000] {dagbag.py:588} INFO - Filling up the DagBag from /home/airflow/.local/lib/python3.12/site-packages/airflow/example_dags/example_dag_decorator.py
[2024-11-23T17:20:28.544+0000] {processor.py:925} INFO - DAG(s) 'example_dag_decorator' retrieved from /home/airflow/.local/lib/python3.12/site-packages/airflow/example_dags/example_dag_decorator.py
[2024-11-23T17:20:33.324+0000] {logging_mixin.py:190} INFO - [2024-11-23T17:20:33.323+0000] {dag.py:3239} INFO - Sync 1 DAGs
[2024-11-23T17:20:33.440+0000] {logging_mixin.py:190} INFO - [2024-11-23T17:20:33.439+0000] {dag.py:4180} INFO - Setting next_dagrun for example_dag_decorator to None, run_after=None
[2024-11-23T17:20:33.737+0000] {processor.py:208} INFO - Processing /home/airflow/.local/lib/python3.12/site-packages/airflow/example_dags/example_dag_decorator.py took 6.566 seconds
[2024-11-23T17:22:34.739+0000] {processor.py:186} INFO - Started process (PID=1876) to work on /home/airflow/.local/lib/python3.12/site-packages/airflow/example_dags/example_dag_decorator.py
[2024-11-23T17:22:34.749+0000] {processor.py:914} INFO - Processing file /home/airflow/.local/lib/python3.12/site-packages/airflow/example_dags/example_dag_decorator.py for tasks to queue
[2024-11-23T17:22:34.779+0000] {logging_mixin.py:190} INFO - [2024-11-23T17:22:34.772+0000] {dagbag.py:588} INFO - Filling up the DagBag from /home/airflow/.local/lib/python3.12/site-packages/airflow/example_dags/example_dag_decorator.py
[2024-11-23T17:22:34.979+0000] {processor.py:925} INFO - DAG(s) 'example_dag_decorator' retrieved from /home/airflow/.local/lib/python3.12/site-packages/airflow/example_dags/example_dag_decorator.py
[2024-11-23T17:22:39.882+0000] {logging_mixin.py:190} INFO - [2024-11-23T17:22:39.881+0000] {dag.py:3239} INFO - Sync 1 DAGs
[2024-11-23T17:22:39.987+0000] {logging_mixin.py:190} INFO - [2024-11-23T17:22:39.986+0000] {dag.py:4180} INFO - Setting next_dagrun for example_dag_decorator to None, run_after=None
[2024-11-23T17:22:40.092+0000] {processor.py:208} INFO - Processing /home/airflow/.local/lib/python3.12/site-packages/airflow/example_dags/example_dag_decorator.py took 5.462 seconds
[2024-11-23T17:23:30.823+0000] {processor.py:186} INFO - Started process (PID=1919) to work on /home/airflow/.local/lib/python3.12/site-packages/airflow/example_dags/example_dag_decorator.py
[2024-11-23T17:23:30.831+0000] {processor.py:914} INFO - Processing file /home/airflow/.local/lib/python3.12/site-packages/airflow/example_dags/example_dag_decorator.py for tasks to queue
[2024-11-23T17:23:30.838+0000] {logging_mixin.py:190} INFO - [2024-11-23T17:23:30.837+0000] {dagbag.py:588} INFO - Filling up the DagBag from /home/airflow/.local/lib/python3.12/site-packages/airflow/example_dags/example_dag_decorator.py
[2024-11-23T17:23:30.922+0000] {processor.py:925} INFO - DAG(s) 'example_dag_decorator' retrieved from /home/airflow/.local/lib/python3.12/site-packages/airflow/example_dags/example_dag_decorator.py
[2024-11-23T17:23:31.667+0000] {logging_mixin.py:190} INFO - [2024-11-23T17:23:31.666+0000] {dag.py:3239} INFO - Sync 1 DAGs
[2024-11-23T17:23:31.695+0000] {logging_mixin.py:190} INFO - [2024-11-23T17:23:31.694+0000] {dag.py:4180} INFO - Setting next_dagrun for example_dag_decorator to None, run_after=None
[2024-11-23T17:23:31.879+0000] {processor.py:208} INFO - Processing /home/airflow/.local/lib/python3.12/site-packages/airflow/example_dags/example_dag_decorator.py took 1.078 seconds
[2024-11-23T17:24:12.925+0000] {processor.py:186} INFO - Started process (PID=1973) to work on /home/airflow/.local/lib/python3.12/site-packages/airflow/example_dags/example_dag_decorator.py
[2024-11-23T17:24:12.930+0000] {processor.py:914} INFO - Processing file /home/airflow/.local/lib/python3.12/site-packages/airflow/example_dags/example_dag_decorator.py for tasks to queue
[2024-11-23T17:24:12.947+0000] {logging_mixin.py:190} INFO - [2024-11-23T17:24:12.946+0000] {dagbag.py:588} INFO - Filling up the DagBag from /home/airflow/.local/lib/python3.12/site-packages/airflow/example_dags/example_dag_decorator.py
[2024-11-23T17:24:13.038+0000] {processor.py:925} INFO - DAG(s) 'example_dag_decorator' retrieved from /home/airflow/.local/lib/python3.12/site-packages/airflow/example_dags/example_dag_decorator.py
[2024-11-23T17:24:14.935+0000] {logging_mixin.py:190} INFO - [2024-11-23T17:24:14.926+0000] {dag.py:3239} INFO - Sync 1 DAGs
[2024-11-23T17:24:15.153+0000] {logging_mixin.py:190} INFO - [2024-11-23T17:24:15.152+0000] {dag.py:4180} INFO - Setting next_dagrun for example_dag_decorator to None, run_after=None
[2024-11-23T17:24:15.414+0000] {processor.py:208} INFO - Processing /home/airflow/.local/lib/python3.12/site-packages/airflow/example_dags/example_dag_decorator.py took 2.530 seconds
[2024-11-23T17:26:01.561+0000] {processor.py:186} INFO - Started process (PID=2046) to work on /home/airflow/.local/lib/python3.12/site-packages/airflow/example_dags/example_dag_decorator.py
[2024-11-23T17:26:01.575+0000] {processor.py:914} INFO - Processing file /home/airflow/.local/lib/python3.12/site-packages/airflow/example_dags/example_dag_decorator.py for tasks to queue
[2024-11-23T17:26:01.580+0000] {logging_mixin.py:190} INFO - [2024-11-23T17:26:01.579+0000] {dagbag.py:588} INFO - Filling up the DagBag from /home/airflow/.local/lib/python3.12/site-packages/airflow/example_dags/example_dag_decorator.py
[2024-11-23T17:26:01.653+0000] {processor.py:925} INFO - DAG(s) 'example_dag_decorator' retrieved from /home/airflow/.local/lib/python3.12/site-packages/airflow/example_dags/example_dag_decorator.py
[2024-11-23T17:26:03.723+0000] {logging_mixin.py:190} INFO - [2024-11-23T17:26:03.722+0000] {dag.py:3239} INFO - Sync 1 DAGs
[2024-11-23T17:26:03.850+0000] {logging_mixin.py:190} INFO - [2024-11-23T17:26:03.834+0000] {dag.py:4180} INFO - Setting next_dagrun for example_dag_decorator to None, run_after=None
[2024-11-23T17:26:04.035+0000] {processor.py:208} INFO - Processing /home/airflow/.local/lib/python3.12/site-packages/airflow/example_dags/example_dag_decorator.py took 2.506 seconds
[2024-11-23T17:26:41.801+0000] {processor.py:186} INFO - Started process (PID=2119) to work on /home/airflow/.local/lib/python3.12/site-packages/airflow/example_dags/example_dag_decorator.py
[2024-11-23T17:26:41.816+0000] {processor.py:914} INFO - Processing file /home/airflow/.local/lib/python3.12/site-packages/airflow/example_dags/example_dag_decorator.py for tasks to queue
[2024-11-23T17:26:41.821+0000] {logging_mixin.py:190} INFO - [2024-11-23T17:26:41.820+0000] {dagbag.py:588} INFO - Filling up the DagBag from /home/airflow/.local/lib/python3.12/site-packages/airflow/example_dags/example_dag_decorator.py
[2024-11-23T17:26:41.876+0000] {processor.py:925} INFO - DAG(s) 'example_dag_decorator' retrieved from /home/airflow/.local/lib/python3.12/site-packages/airflow/example_dags/example_dag_decorator.py
[2024-11-23T17:26:44.769+0000] {logging_mixin.py:190} INFO - [2024-11-23T17:26:44.768+0000] {dag.py:3239} INFO - Sync 1 DAGs
[2024-11-23T17:26:44.862+0000] {logging_mixin.py:190} INFO - [2024-11-23T17:26:44.861+0000] {dag.py:4180} INFO - Setting next_dagrun for example_dag_decorator to None, run_after=None
[2024-11-23T17:26:45.312+0000] {processor.py:208} INFO - Processing /home/airflow/.local/lib/python3.12/site-packages/airflow/example_dags/example_dag_decorator.py took 3.534 seconds
[2024-11-23T17:27:16.422+0000] {processor.py:186} INFO - Started process (PID=2185) to work on /home/airflow/.local/lib/python3.12/site-packages/airflow/example_dags/example_dag_decorator.py
[2024-11-23T17:27:16.426+0000] {processor.py:914} INFO - Processing file /home/airflow/.local/lib/python3.12/site-packages/airflow/example_dags/example_dag_decorator.py for tasks to queue
[2024-11-23T17:27:16.432+0000] {logging_mixin.py:190} INFO - [2024-11-23T17:27:16.431+0000] {dagbag.py:588} INFO - Filling up the DagBag from /home/airflow/.local/lib/python3.12/site-packages/airflow/example_dags/example_dag_decorator.py
[2024-11-23T17:27:16.489+0000] {processor.py:925} INFO - DAG(s) 'example_dag_decorator' retrieved from /home/airflow/.local/lib/python3.12/site-packages/airflow/example_dags/example_dag_decorator.py
[2024-11-23T17:27:17.514+0000] {logging_mixin.py:190} INFO - [2024-11-23T17:27:17.513+0000] {dag.py:3239} INFO - Sync 1 DAGs
[2024-11-23T17:27:17.730+0000] {logging_mixin.py:190} INFO - [2024-11-23T17:27:17.729+0000] {dag.py:4180} INFO - Setting next_dagrun for example_dag_decorator to None, run_after=None
[2024-11-23T17:27:17.911+0000] {processor.py:208} INFO - Processing /home/airflow/.local/lib/python3.12/site-packages/airflow/example_dags/example_dag_decorator.py took 1.540 seconds
