[2024-11-20T08:15:19.570+0000] {local_task_job_runner.py:123} INFO - ::group::Pre task execution logs
[2024-11-20T08:15:19.610+0000] {taskinstance.py:2613} INFO - Dependencies all met for dep_context=non-requeueable deps ti=<TaskInstance: app_data_pipeline_fin.fetch_and_store_data scheduled__2024-11-19T08:00:00+00:00 [queued]>
[2024-11-20T08:15:19.625+0000] {taskinstance.py:2613} INFO - Dependencies all met for dep_context=requeueable deps ti=<TaskInstance: app_data_pipeline_fin.fetch_and_store_data scheduled__2024-11-19T08:00:00+00:00 [queued]>
[2024-11-20T08:15:19.626+0000] {taskinstance.py:2866} INFO - Starting attempt 2 of 2
[2024-11-20T08:15:19.645+0000] {taskinstance.py:2889} INFO - Executing <Task(PythonOperator): fetch_and_store_data> on 2024-11-19 08:00:00+00:00
[2024-11-20T08:15:19.667+0000] {warnings.py:112} WARNING - /home/***/.local/lib/python3.12/site-packages/***/task/task_runner/standard_task_runner.py:70: DeprecationWarning: This process (pid=168) is multi-threaded, use of fork() may lead to deadlocks in the child.
  pid = os.fork()

[2024-11-20T08:15:19.672+0000] {standard_task_runner.py:104} INFO - Running: ['***', 'tasks', 'run', 'app_data_pipeline_fin', 'fetch_and_store_data', 'scheduled__2024-11-19T08:00:00+00:00', '--job-id', '782', '--raw', '--subdir', 'DAGS_FOLDER/insert_data_fin.py', '--cfg-path', '/tmp/tmpoxqn716e']
[2024-11-20T08:15:19.676+0000] {standard_task_runner.py:105} INFO - Job 782: Subtask fetch_and_store_data
[2024-11-20T08:15:19.676+0000] {standard_task_runner.py:72} INFO - Started process 177 to run task
[2024-11-20T08:15:19.857+0000] {task_command.py:467} INFO - Running <TaskInstance: app_data_pipeline_fin.fetch_and_store_data scheduled__2024-11-19T08:00:00+00:00 [running]> on host e6bda0a190de
[2024-11-20T08:15:20.032+0000] {taskinstance.py:3132} INFO - Exporting env vars: AIRFLOW_CTX_DAG_OWNER='***' AIRFLOW_CTX_DAG_ID='app_data_pipeline_fin' AIRFLOW_CTX_TASK_ID='fetch_and_store_data' AIRFLOW_CTX_EXECUTION_DATE='2024-11-19T08:00:00+00:00' AIRFLOW_CTX_TRY_NUMBER='2' AIRFLOW_CTX_DAG_RUN_ID='scheduled__2024-11-19T08:00:00+00:00'
[2024-11-20T08:15:20.039+0000] {logging_mixin.py:190} INFO - Task instance is in running state
[2024-11-20T08:15:20.039+0000] {logging_mixin.py:190} INFO -  Previous state of the Task instance: queued
[2024-11-20T08:15:20.040+0000] {logging_mixin.py:190} INFO - Current task name:fetch_and_store_data state:running start_date:2024-11-20 08:15:19.611270+00:00
[2024-11-20T08:15:20.041+0000] {logging_mixin.py:190} INFO - Dag name:app_data_pipeline_fin and current dag run status:running
[2024-11-20T08:15:20.042+0000] {taskinstance.py:731} INFO - ::endgroup::
[2024-11-20T08:15:20.891+0000] {logging_mixin.py:190} INFO - Aucune nouvelle donnée à insérer pour GOOGL.
[2024-11-20T08:15:21.136+0000] {logging_mixin.py:190} INFO - Aucune nouvelle donnée à insérer pour AMZN.
[2024-11-20T08:15:21.553+0000] {logging_mixin.py:190} INFO - Aucune nouvelle donnée à insérer pour AAPL.
[2024-11-20T08:15:21.933+0000] {logging_mixin.py:190} INFO - Aucune nouvelle donnée à insérer pour MSFT.
[2024-11-20T08:15:22.147+0000] {logging_mixin.py:190} INFO - Aucune nouvelle donnée à insérer pour META.
[2024-11-20T08:15:22.433+0000] {logging_mixin.py:190} INFO - Aucune nouvelle donnée à insérer pour NVDA.
[2024-11-20T08:15:22.838+0000] {logging_mixin.py:190} INFO - Aucune nouvelle donnée à insérer pour TSLA.
[2024-11-20T08:15:23.409+0000] {logging_mixin.py:190} INFO - Aucune nouvelle donnée à insérer pour INTC.
[2024-11-20T08:15:23.630+0000] {logging_mixin.py:190} INFO - Aucune nouvelle donnée à insérer pour ORCL.
[2024-11-20T08:15:23.830+0000] {logging_mixin.py:190} INFO - Aucune nouvelle donnée à insérer pour ADBE.
[2024-11-20T08:15:24.557+0000] {logging_mixin.py:190} INFO - Connexion à MongoDB fermée.
[2024-11-20T08:15:24.558+0000] {python.py:240} INFO - Done. Returned value was: None
[2024-11-20T08:15:24.583+0000] {taskinstance.py:340} INFO - ::group::Post task execution logs
[2024-11-20T08:15:24.584+0000] {taskinstance.py:352} INFO - Marking task as SUCCESS. dag_id=app_data_pipeline_fin, task_id=fetch_and_store_data, run_id=scheduled__2024-11-19T08:00:00+00:00, execution_date=20241119T080000, start_date=20241120T081519, end_date=20241120T081524
[2024-11-20T08:15:24.600+0000] {logging_mixin.py:190} INFO - Task instance in success state
[2024-11-20T08:15:24.600+0000] {logging_mixin.py:190} INFO -  Previous state of the Task instance: running
[2024-11-20T08:15:24.601+0000] {logging_mixin.py:190} INFO - Dag name:app_data_pipeline_fin queued_at:2024-11-20 08:09:47.434612+00:00
[2024-11-20T08:15:24.601+0000] {logging_mixin.py:190} INFO - Task hostname:e6bda0a190de operator:PythonOperator
[2024-11-20T08:15:24.637+0000] {local_task_job_runner.py:266} INFO - Task exited with return code 0
[2024-11-20T08:15:24.656+0000] {taskinstance.py:3895} INFO - 0 downstream tasks scheduled from follow-on schedule check
[2024-11-20T08:15:24.663+0000] {local_task_job_runner.py:245} INFO - ::endgroup::
[2024-11-20T08:15:24.683+0000] {standard_task_runner.py:217} INFO - Process not found (most likely exited), stop collecting metrics
