[2024-11-23T16:40:52.542+0000] {local_task_job_runner.py:123} INFO - ::group::Pre task execution logs
[2024-11-23T16:40:53.051+0000] {taskinstance.py:2613} INFO - Dependencies all met for dep_context=non-requeueable deps ti=<TaskInstance: app_data_pipeline_fin.fetch_and_store_data scheduled__2024-11-23T08:00:00+00:00 [queued]>
[2024-11-23T16:40:53.112+0000] {taskinstance.py:2613} INFO - Dependencies all met for dep_context=requeueable deps ti=<TaskInstance: app_data_pipeline_fin.fetch_and_store_data scheduled__2024-11-23T08:00:00+00:00 [queued]>
[2024-11-23T16:40:53.114+0000] {taskinstance.py:2866} INFO - Starting attempt 2 of 2
[2024-11-23T16:40:53.222+0000] {taskinstance.py:2889} INFO - Executing <Task(PythonOperator): fetch_and_store_data> on 2024-11-23 08:00:00+00:00
[2024-11-23T16:40:53.295+0000] {warnings.py:112} WARNING - /home/***/.local/lib/python3.12/site-packages/***/task/task_runner/standard_task_runner.py:70: DeprecationWarning: This process (pid=182) is multi-threaded, use of fork() may lead to deadlocks in the child.
  pid = os.fork()

[2024-11-23T16:40:53.301+0000] {standard_task_runner.py:72} INFO - Started process 192 to run task
[2024-11-23T16:40:53.300+0000] {standard_task_runner.py:104} INFO - Running: ['***', 'tasks', 'run', 'app_data_pipeline_fin', 'fetch_and_store_data', 'scheduled__2024-11-23T08:00:00+00:00', '--job-id', '797', '--raw', '--subdir', 'DAGS_FOLDER/insert_data_fin.py', '--cfg-path', '/tmp/tmprr41ho1m']
[2024-11-23T16:40:53.308+0000] {standard_task_runner.py:105} INFO - Job 797: Subtask fetch_and_store_data
[2024-11-23T16:40:54.250+0000] {task_command.py:467} INFO - Running <TaskInstance: app_data_pipeline_fin.fetch_and_store_data scheduled__2024-11-23T08:00:00+00:00 [running]> on host e6bda0a190de
[2024-11-23T16:40:54.865+0000] {taskinstance.py:3132} INFO - Exporting env vars: AIRFLOW_CTX_DAG_OWNER='***' AIRFLOW_CTX_DAG_ID='app_data_pipeline_fin' AIRFLOW_CTX_TASK_ID='fetch_and_store_data' AIRFLOW_CTX_EXECUTION_DATE='2024-11-23T08:00:00+00:00' AIRFLOW_CTX_TRY_NUMBER='2' AIRFLOW_CTX_DAG_RUN_ID='scheduled__2024-11-23T08:00:00+00:00'
[2024-11-23T16:40:54.872+0000] {logging_mixin.py:190} INFO - Task instance is in running state
[2024-11-23T16:40:54.874+0000] {logging_mixin.py:190} INFO -  Previous state of the Task instance: queued
[2024-11-23T16:40:54.876+0000] {logging_mixin.py:190} INFO - Current task name:fetch_and_store_data state:running start_date:2024-11-23 16:40:53.054018+00:00
[2024-11-23T16:40:54.878+0000] {logging_mixin.py:190} INFO - Dag name:app_data_pipeline_fin and current dag run status:running
[2024-11-23T16:40:54.882+0000] {taskinstance.py:731} INFO - ::endgroup::
[2024-11-23T16:40:58.062+0000] {logging_mixin.py:190} INFO - Aucune nouvelle donnée à insérer pour GOOGL.
[2024-11-23T16:40:58.888+0000] {logging_mixin.py:190} INFO - Aucune nouvelle donnée à insérer pour AMZN.
[2024-11-23T16:40:59.440+0000] {logging_mixin.py:190} INFO - Aucune nouvelle donnée à insérer pour AAPL.
[2024-11-23T16:40:59.714+0000] {logging_mixin.py:190} INFO - Aucune nouvelle donnée à insérer pour MSFT.
[2024-11-23T16:41:00.007+0000] {logging_mixin.py:190} INFO - Aucune nouvelle donnée à insérer pour META.
[2024-11-23T16:41:00.485+0000] {logging_mixin.py:190} INFO - Aucune nouvelle donnée à insérer pour NVDA.
[2024-11-23T16:41:00.743+0000] {logging_mixin.py:190} INFO - Aucune nouvelle donnée à insérer pour TSLA.
[2024-11-23T16:41:01.251+0000] {logging_mixin.py:190} INFO - Aucune nouvelle donnée à insérer pour INTC.
[2024-11-23T16:41:01.527+0000] {logging_mixin.py:190} INFO - Aucune nouvelle donnée à insérer pour ORCL.
[2024-11-23T16:41:01.956+0000] {logging_mixin.py:190} INFO - Aucune nouvelle donnée à insérer pour ADBE.
[2024-11-23T16:41:03.157+0000] {logging_mixin.py:190} INFO - Connexion à MongoDB fermée.
[2024-11-23T16:41:03.161+0000] {python.py:240} INFO - Done. Returned value was: None
[2024-11-23T16:41:03.209+0000] {taskinstance.py:340} INFO - ::group::Post task execution logs
[2024-11-23T16:41:03.215+0000] {taskinstance.py:352} INFO - Marking task as SUCCESS. dag_id=app_data_pipeline_fin, task_id=fetch_and_store_data, run_id=scheduled__2024-11-23T08:00:00+00:00, execution_date=20241123T080000, start_date=20241123T164053, end_date=20241123T164103
[2024-11-23T16:41:03.293+0000] {logging_mixin.py:190} INFO - Task instance in success state
[2024-11-23T16:41:03.309+0000] {logging_mixin.py:190} INFO -  Previous state of the Task instance: running
[2024-11-23T16:41:03.322+0000] {logging_mixin.py:190} INFO - Dag name:app_data_pipeline_fin queued_at:2024-11-23 16:34:00.999338+00:00
[2024-11-23T16:41:03.337+0000] {logging_mixin.py:190} INFO - Task hostname:e6bda0a190de operator:PythonOperator
[2024-11-23T16:41:03.440+0000] {local_task_job_runner.py:266} INFO - Task exited with return code 0
[2024-11-23T16:41:03.478+0000] {local_task_job_runner.py:245} INFO - ::endgroup::
