[2024-11-17T15:40:27.352+0000] {local_task_job_runner.py:123} INFO - ::group::Pre task execution logs
[2024-11-17T15:40:27.400+0000] {taskinstance.py:2612} INFO - Dependencies all met for dep_context=non-requeueable deps ti=<TaskInstance: add_data_API.run_API_fin manual__2024-11-16T16:25:48.867823+00:00 [queued]>
[2024-11-17T15:40:27.425+0000] {taskinstance.py:2612} INFO - Dependencies all met for dep_context=requeueable deps ti=<TaskInstance: add_data_API.run_API_fin manual__2024-11-16T16:25:48.867823+00:00 [queued]>
[2024-11-17T15:40:27.427+0000] {taskinstance.py:2865} INFO - Starting attempt 1 of 2
[2024-11-17T15:40:27.484+0000] {taskinstance.py:2888} INFO - Executing <Task(PythonOperator): run_API_fin> on 2024-11-16 16:25:48.867823+00:00
[2024-11-17T15:40:27.623+0000] {warnings.py:112} WARNING - /home/***/.local/lib/python3.12/site-packages/***/task/task_runner/standard_task_runner.py:70: DeprecationWarning: This process (pid=948) is multi-threaded, use of fork() may lead to deadlocks in the child.
  pid = os.fork()

[2024-11-17T15:40:27.708+0000] {standard_task_runner.py:72} INFO - Started process 966 to run task
[2024-11-17T15:40:27.714+0000] {standard_task_runner.py:104} INFO - Running: ['***', 'tasks', 'run', 'add_data_API', 'run_API_fin', 'manual__2024-11-16T16:25:48.867823+00:00', '--job-id', '690', '--raw', '--subdir', 'DAGS_FOLDER/insert_data.py', '--cfg-path', '/tmp/tmptzfsx6pk']
[2024-11-17T15:40:27.717+0000] {standard_task_runner.py:105} INFO - Job 690: Subtask run_API_fin
[2024-11-17T15:40:28.265+0000] {task_command.py:467} INFO - Running <TaskInstance: add_data_API.run_API_fin manual__2024-11-16T16:25:48.867823+00:00 [running]> on host c967fb0415e1
[2024-11-17T15:40:28.675+0000] {taskinstance.py:3131} INFO - Exporting env vars: AIRFLOW_CTX_DAG_OWNER='***' AIRFLOW_CTX_DAG_ID='add_data_API' AIRFLOW_CTX_TASK_ID='run_API_fin' AIRFLOW_CTX_EXECUTION_DATE='2024-11-16T16:25:48.867823+00:00' AIRFLOW_CTX_TRY_NUMBER='1' AIRFLOW_CTX_DAG_RUN_ID='manual__2024-11-16T16:25:48.867823+00:00'
[2024-11-17T15:40:28.698+0000] {logging_mixin.py:190} INFO - Task instance is in running state
[2024-11-17T15:40:28.699+0000] {logging_mixin.py:190} INFO -  Previous state of the Task instance: queued
[2024-11-17T15:40:28.701+0000] {logging_mixin.py:190} INFO - Current task name:run_API_fin state:running start_date:2024-11-17 15:40:27.402249+00:00
[2024-11-17T15:40:28.702+0000] {logging_mixin.py:190} INFO - Dag name:add_data_API and current dag run status:running
[2024-11-17T15:40:28.703+0000] {taskinstance.py:731} INFO - ::endgroup::
[2024-11-17T15:40:30.202+0000] {logging_mixin.py:190} INFO - Erreur lors de l'exécution du script : Command '['python3', 'C:/Users/33672/OneDrive/Documents/GitHub/Projet_EDD/script/getAPI_fin.py']' returned non-zero exit status 2.
[2024-11-17T15:40:30.229+0000] {python.py:240} INFO - Done. Returned value was: None
[2024-11-17T15:40:30.451+0000] {taskinstance.py:340} INFO - ::group::Post task execution logs
[2024-11-17T15:40:30.508+0000] {taskinstance.py:352} INFO - Marking task as SUCCESS. dag_id=add_data_API, task_id=run_API_fin, run_id=manual__2024-11-16T16:25:48.867823+00:00, execution_date=20241116T162548, start_date=20241117T154027, end_date=20241117T154030
[2024-11-17T15:40:30.775+0000] {logging_mixin.py:190} INFO - Task instance in success state
[2024-11-17T15:40:30.792+0000] {logging_mixin.py:190} INFO -  Previous state of the Task instance: running
[2024-11-17T15:40:30.793+0000] {logging_mixin.py:190} INFO - Dag name:add_data_API queued_at:2024-11-16 16:25:49.353344+00:00
[2024-11-17T15:40:30.794+0000] {logging_mixin.py:190} INFO - Task hostname:c967fb0415e1 operator:PythonOperator
[2024-11-17T15:40:30.957+0000] {local_task_job_runner.py:266} INFO - Task exited with return code 0
[2024-11-17T15:40:31.112+0000] {taskinstance.py:3900} INFO - 0 downstream tasks scheduled from follow-on schedule check
[2024-11-17T15:40:31.208+0000] {local_task_job_runner.py:245} INFO - ::endgroup::
