[2024-11-16T11:45:19.247+0000] {local_task_job_runner.py:123} INFO - ::group::Pre task execution logs
[2024-11-16T11:45:19.270+0000] {taskinstance.py:2612} INFO - Dependencies all met for dep_context=non-requeueable deps ti=<TaskInstance: add_data_API.run_API_fin scheduled__2024-11-15T06:00:00+00:00 [queued]>
[2024-11-16T11:45:19.284+0000] {taskinstance.py:2612} INFO - Dependencies all met for dep_context=requeueable deps ti=<TaskInstance: add_data_API.run_API_fin scheduled__2024-11-15T06:00:00+00:00 [queued]>
[2024-11-16T11:45:19.285+0000] {taskinstance.py:2865} INFO - Starting attempt 2 of 2
[2024-11-16T11:45:19.305+0000] {taskinstance.py:2888} INFO - Executing <Task(PythonOperator): run_API_fin> on 2024-11-15 06:00:00+00:00
[2024-11-16T11:45:19.314+0000] {warnings.py:112} WARNING - /home/***/.local/lib/python3.12/site-packages/***/task/task_runner/standard_task_runner.py:70: DeprecationWarning: This process (pid=82) is multi-threaded, use of fork() may lead to deadlocks in the child.
  pid = os.fork()

[2024-11-16T11:45:19.316+0000] {standard_task_runner.py:72} INFO - Started process 90 to run task
[2024-11-16T11:45:19.316+0000] {standard_task_runner.py:104} INFO - Running: ['***', 'tasks', 'run', 'add_data_API', 'run_API_fin', 'scheduled__2024-11-15T06:00:00+00:00', '--job-id', '680', '--raw', '--subdir', 'DAGS_FOLDER/insert_data.py', '--cfg-path', '/tmp/tmppn_k5bad']
[2024-11-16T11:45:19.317+0000] {standard_task_runner.py:105} INFO - Job 680: Subtask run_API_fin
[2024-11-16T11:45:19.383+0000] {task_command.py:467} INFO - Running <TaskInstance: add_data_API.run_API_fin scheduled__2024-11-15T06:00:00+00:00 [running]> on host c967fb0415e1
[2024-11-16T11:45:19.734+0000] {taskinstance.py:3131} INFO - Exporting env vars: AIRFLOW_CTX_DAG_OWNER='***' AIRFLOW_CTX_DAG_ID='add_data_API' AIRFLOW_CTX_TASK_ID='run_API_fin' AIRFLOW_CTX_EXECUTION_DATE='2024-11-15T06:00:00+00:00' AIRFLOW_CTX_TRY_NUMBER='2' AIRFLOW_CTX_DAG_RUN_ID='scheduled__2024-11-15T06:00:00+00:00'
[2024-11-16T11:45:19.737+0000] {logging_mixin.py:190} INFO - Task instance is in running state
[2024-11-16T11:45:19.739+0000] {logging_mixin.py:190} INFO -  Previous state of the Task instance: queued
[2024-11-16T11:45:19.740+0000] {logging_mixin.py:190} INFO - Current task name:run_API_fin state:running start_date:2024-11-16 11:45:19.271096+00:00
[2024-11-16T11:45:19.742+0000] {logging_mixin.py:190} INFO - Dag name:add_data_API and current dag run status:running
[2024-11-16T11:45:19.743+0000] {taskinstance.py:731} INFO - ::endgroup::
[2024-11-16T11:45:19.797+0000] {logging_mixin.py:190} INFO - Erreur lors de l'exécution du script : Command '['python3', 'C:/Users/33672/OneDrive/Documents/GitHub/Projet_EDD/script/getAPI_fin.py']' returned non-zero exit status 2.
[2024-11-16T11:45:19.798+0000] {python.py:240} INFO - Done. Returned value was: None
[2024-11-16T11:45:19.814+0000] {taskinstance.py:340} INFO - ::group::Post task execution logs
[2024-11-16T11:45:19.816+0000] {taskinstance.py:352} INFO - Marking task as SUCCESS. dag_id=add_data_API, task_id=run_API_fin, run_id=scheduled__2024-11-15T06:00:00+00:00, execution_date=20241115T060000, start_date=20241116T114519, end_date=20241116T114519
[2024-11-16T11:45:19.970+0000] {logging_mixin.py:190} INFO - Task instance in success state
[2024-11-16T11:45:19.971+0000] {logging_mixin.py:190} INFO -  Previous state of the Task instance: running
[2024-11-16T11:45:19.972+0000] {logging_mixin.py:190} INFO - Dag name:add_data_API queued_at:2024-11-16 11:36:21.335834+00:00
[2024-11-16T11:45:19.973+0000] {logging_mixin.py:190} INFO - Task hostname:c967fb0415e1 operator:PythonOperator
[2024-11-16T11:45:20.015+0000] {local_task_job_runner.py:266} INFO - Task exited with return code 0
[2024-11-16T11:45:20.039+0000] {taskinstance.py:3900} INFO - 0 downstream tasks scheduled from follow-on schedule check
[2024-11-16T11:45:20.126+0000] {local_task_job_runner.py:245} INFO - ::endgroup::
