[2024-11-19T09:28:03.484+0000] {local_task_job_runner.py:123} INFO - ::group::Pre task execution logs
[2024-11-19T09:28:04.082+0000] {taskinstance.py:2613} INFO - Dependencies all met for dep_context=non-requeueable deps ti=<TaskInstance: export_data_to_csv.export_data_to_csv scheduled__2024-11-13T06:00:00+00:00 [queued]>
[2024-11-19T09:28:04.350+0000] {taskinstance.py:2613} INFO - Dependencies all met for dep_context=requeueable deps ti=<TaskInstance: export_data_to_csv.export_data_to_csv scheduled__2024-11-13T06:00:00+00:00 [queued]>
[2024-11-19T09:28:04.355+0000] {taskinstance.py:2866} INFO - Starting attempt 2 of 2
[2024-11-19T09:28:04.482+0000] {taskinstance.py:2889} INFO - Executing <Task(PythonOperator): export_data_to_csv> on 2024-11-13 06:00:00+00:00
[2024-11-19T09:28:04.539+0000] {warnings.py:112} WARNING - /home/***/.local/lib/python3.12/site-packages/***/task/task_runner/standard_task_runner.py:70: DeprecationWarning: This process (pid=256) is multi-threaded, use of fork() may lead to deadlocks in the child.
  pid = os.fork()

[2024-11-19T09:28:04.556+0000] {standard_task_runner.py:72} INFO - Started process 263 to run task
[2024-11-19T09:28:04.739+0000] {standard_task_runner.py:104} INFO - Running: ['***', 'tasks', 'run', 'export_data_to_csv', 'export_data_to_csv', 'scheduled__2024-11-13T06:00:00+00:00', '--job-id', '763', '--raw', '--subdir', 'DAGS_FOLDER/extract_data.py', '--cfg-path', '/tmp/tmp9_vkr3l5']
[2024-11-19T09:28:04.767+0000] {standard_task_runner.py:105} INFO - Job 763: Subtask export_data_to_csv
[2024-11-19T09:28:05.767+0000] {task_command.py:467} INFO - Running <TaskInstance: export_data_to_csv.export_data_to_csv scheduled__2024-11-13T06:00:00+00:00 [running]> on host e6bda0a190de
[2024-11-19T09:28:06.976+0000] {taskinstance.py:3132} INFO - Exporting env vars: AIRFLOW_CTX_DAG_OWNER='***' AIRFLOW_CTX_DAG_ID='export_data_to_csv' AIRFLOW_CTX_TASK_ID='export_data_to_csv' AIRFLOW_CTX_EXECUTION_DATE='2024-11-13T06:00:00+00:00' AIRFLOW_CTX_TRY_NUMBER='2' AIRFLOW_CTX_DAG_RUN_ID='scheduled__2024-11-13T06:00:00+00:00'
[2024-11-19T09:28:07.025+0000] {logging_mixin.py:190} INFO - Task instance is in running state
[2024-11-19T09:28:07.051+0000] {logging_mixin.py:190} INFO -  Previous state of the Task instance: queued
[2024-11-19T09:28:07.057+0000] {logging_mixin.py:190} INFO - Current task name:export_data_to_csv state:running start_date:2024-11-19 09:28:04.102891+00:00
[2024-11-19T09:28:07.058+0000] {logging_mixin.py:190} INFO - Dag name:export_data_to_csv and current dag run status:running
[2024-11-19T09:28:07.080+0000] {taskinstance.py:731} INFO - ::endgroup::
[2024-11-19T09:29:02.817+0000] {job.py:229} INFO - Heartbeat recovered after 60.60 seconds
[2024-11-19T09:29:03.050+0000] {local_task_job_runner.py:266} INFO - Task exited with return code -9. For more information, see https://***.apache.org/docs/apache-***/stable/troubleshooting.html#LocalTaskJob-killed
[2024-11-19T09:29:03.194+0000] {taskinstance.py:3895} INFO - 0 downstream tasks scheduled from follow-on schedule check
[2024-11-19T09:29:03.258+0000] {local_task_job_runner.py:245} INFO - ::endgroup::
